22:03:13:INFO:GENERAL:seed:1
22:03:13:INFO:GENERAL:rho:[0.0001, 0.0, 0.001]
22:03:13:INFO:GENERAL:bounds_z:[(1e-06, 0.3), (1e-06, 0.3), (1e-06, 0.3), (588.999411, 589.000589), (1e-06, 1800), (1e-06, 74200), (1e-06, 1100)]
22:03:22:INFO:OPTIMIZER:x:
[   0.025522      0.00436102    0.06143054  588.9997448   959.85758114
 1580.69416918  322.57338084]
22:03:22:INFO:OPTIMIZER:fun:0.00017181254843355286
22:03:22:INFO:OPTIMIZER:nfev:42969
22:03:22:INFO:OPTIMIZER:nit:664
22:03:22:INFO:OPTIMIZER:message:Optimization terminated successfully.
22:03:22:INFO:OPTIMIZER:success:True
22:03:22:INFO:OPTIMIZER:constr:[array([0.])]
22:03:22:INFO:OPTIMIZER:constr_violation:0.0
22:03:22:INFO:OPTIMIZER:maxcv:0.0
22:03:22:INFO:RESULT:A:
[[-0.08695254  0.01566113  0.          0.1121685 ]
 [ 0.025522   -0.02002215  0.00264818  0.        ]
 [ 0.          0.00436102 -0.00264818  0.        ]
 [ 0.06143054  0.          0.         -0.1121685 ]]
22:03:22:INFO:RESULT:m_eq:
[ 588.9997448   959.85758114 1580.69416918  322.57338084](3452.124875957613)
22:03:22:INFO:RESULT:x_vec:
[   0.025522      0.00436102    0.06143054  588.9997448   959.85758114
 1580.69416918  322.57338084](3452.216189520821)
22:03:22:INFO:RESULT:time_scale:
[  5.41819711  30.56975111 221.43209716]
22:03:22:INFO:SAVE:message:saving bunch of data...
22:03:22:INFO:SAVE:message:saving optimizer data ...
