22:08:20:INFO:GENERAL:seed:1
22:08:20:INFO:GENERAL:rho:[0.0001, 0.1, 0.01]
22:08:20:INFO:GENERAL:bounds_z:[(1e-06, 0.3), (1e-06, 0.3), (1e-06, 0.3), (588.999411, 589.000589), (1e-06, 1800), (1e-06, 74200), (1e-06, 1100)]
22:08:24:INFO:OPTIMIZER:x:
[    0.00874447     0.00021792     0.00911645   588.99999632
   899.99999598 37100.00005262   549.99994393]
22:08:24:INFO:OPTIMIZER:fun:0.004111927159404772
22:08:24:INFO:OPTIMIZER:nfev:19865
22:08:24:INFO:OPTIMIZER:nit:372
22:08:24:INFO:OPTIMIZER:message:Optimization terminated successfully.
22:08:24:INFO:OPTIMIZER:success:True
22:08:24:INFO:OPTIMIZER:constr:[array([0.])]
22:08:24:INFO:OPTIMIZER:constr_violation:0.0
22:08:24:INFO:OPTIMIZER:maxcv:0.0
22:08:24:INFO:RESULT:A:
[[-0.01786091  0.00572277  0.          0.00976289]
 [ 0.00874447 -0.00594069  0.00000529  0.        ]
 [ 0.          0.00021792 -0.00000529  0.        ]
 [ 0.00911645  0.          0.         -0.00976289]]
22:08:24:INFO:RESULT:m_eq:
[  588.99999632   899.99999598 37100.00005262   549.99994393](39138.99998884966)
22:08:24:INFO:RESULT:x_vec:
[    0.00874447     0.00021792     0.00911645   588.99999632
   899.99999598 37100.00005262   549.99994393](39139.01806768212)
22:08:24:INFO:RESULT:time_scale:
[  38.62674235  131.90918326 9999.92242491]
22:08:24:INFO:SAVE:message:saving bunch of data...
22:08:24:INFO:SAVE:message:saving optimizer data ...
