22:03:34:INFO:GENERAL:seed:1
22:03:34:INFO:GENERAL:rho:[0.0, 0.1, 0.001]
22:03:34:INFO:GENERAL:bounds_z:[(1e-06, 0.3), (1e-06, 0.3), (1e-06, 0.3), (588.999411, 589.000589), (1e-06, 1800), (1e-06, 74200), (1e-06, 1100)]
22:03:37:INFO:OPTIMIZER:x:
[    0.01507922     0.00446995     0.0583096    589.00000539
   900.0000096  37099.99942761   550.00000076]
22:03:37:INFO:OPTIMIZER:fun:0.0010406468905536468
22:03:37:INFO:OPTIMIZER:nfev:13820
22:03:37:INFO:OPTIMIZER:nit:213
22:03:37:INFO:OPTIMIZER:message:Optimization terminated successfully.
22:03:37:INFO:OPTIMIZER:success:True
22:03:37:INFO:OPTIMIZER:constr:[array([0.])]
22:03:37:INFO:OPTIMIZER:constr_violation:0.0
22:03:37:INFO:OPTIMIZER:maxcv:0.0
22:03:37:INFO:RESULT:A:
[[-0.07338883  0.00986852  0.          0.06244428]
 [ 0.01507922 -0.01433846  0.00010844  0.        ]
 [ 0.          0.00446995 -0.00010844  0.        ]
 [ 0.0583096   0.          0.         -0.06244428]]
22:03:37:INFO:RESULT:m_eq:
[  589.00000539   900.0000096  37099.99942761   550.00000076](39138.99944336686)
22:03:37:INFO:RESULT:x_vec:
[    0.01507922     0.00446995     0.0583096    589.00000539
   900.0000096  37099.99942761   550.00000076](39139.07730213983)
22:03:37:INFO:RESULT:time_scale:
[  7.73901787  51.86037093 561.13667608]
22:03:37:INFO:SAVE:message:saving bunch of data...
22:03:37:INFO:SAVE:message:saving optimizer data ...
