22:03:49:INFO:GENERAL:seed:1
22:03:49:INFO:GENERAL:rho:[0.0, 0.001, 0.001]
22:03:49:INFO:GENERAL:bounds_z:[(1e-06, 0.3), (1e-06, 0.3), (1e-06, 0.3), (588.999411, 589.000589), (1e-06, 1800), (1e-06, 74200), (1e-06, 1100)]
22:03:53:INFO:OPTIMIZER:x:
[    0.06456093     0.01114761     0.02740293   588.99948123
   278.66691089 36933.60800467   703.35223976]
22:03:53:INFO:OPTIMIZER:fun:0.00039732380254859295
22:03:53:INFO:OPTIMIZER:nfev:24510
22:03:53:INFO:OPTIMIZER:nit:381
22:03:53:INFO:OPTIMIZER:message:Optimization terminated successfully.
22:03:53:INFO:OPTIMIZER:success:True
22:03:53:INFO:OPTIMIZER:constr:[array([0.])]
22:03:53:INFO:OPTIMIZER:constr_violation:0.0
22:03:53:INFO:OPTIMIZER:maxcv:0.0
22:03:53:INFO:RESULT:A:
[[-0.09196387  0.1364581   0.          0.02294769]
 [ 0.06456093 -0.14760571  0.00008411  0.        ]
 [ 0.          0.01114761 -0.00008411  0.        ]
 [ 0.02740293  0.          0.         -0.02294769]]
22:03:53:INFO:RESULT:m_eq:
[  588.99948123   278.66691089 36933.60800467   703.35223976](38504.62663654074)
22:03:53:INFO:RESULT:x_vec:
[    0.06456093     0.01114761     0.02740293   588.99948123
   278.66691089 36933.60800467   703.35223976](38504.729748016005)
22:03:53:INFO:RESULT:time_scale:
[  4.56942818  23.87953565 532.26811775]
22:03:53:INFO:SAVE:message:saving bunch of data...
22:03:53:INFO:SAVE:message:saving optimizer data ...
