22:08:26:INFO:GENERAL:seed:1
22:08:26:INFO:GENERAL:rho:[0.001, 0.1, 0.01]
22:08:26:INFO:GENERAL:bounds_z:[(1e-06, 0.3), (1e-06, 0.3), (1e-06, 0.3), (588.999411, 589.000589), (1e-06, 1800), (1e-06, 74200), (1e-06, 1100)]
22:08:30:INFO:OPTIMIZER:x:
[    0.00874379     0.00021792     0.0091157    588.99998457
   900.00001268 37100.00140468   549.99996633]
22:08:30:INFO:OPTIMIZER:fun:0.0041194829411070975
22:08:30:INFO:OPTIMIZER:nfev:20504
22:08:30:INFO:OPTIMIZER:nit:373
22:08:30:INFO:OPTIMIZER:message:Optimization terminated successfully.
22:08:30:INFO:OPTIMIZER:success:True
22:08:30:INFO:OPTIMIZER:constr:[array([0.])]
22:08:30:INFO:OPTIMIZER:constr_violation:0.0
22:08:30:INFO:OPTIMIZER:maxcv:0.0
22:08:30:INFO:RESULT:A:
[[-0.01785949  0.00572232  0.          0.00976209]
 [ 0.00874379 -0.00594025  0.00000529  0.        ]
 [ 0.          0.00021792 -0.00000529  0.        ]
 [ 0.0091157   0.          0.         -0.00976209]]
22:08:30:INFO:RESULT:m_eq:
[  588.99998457   900.00001268 37100.00140468   549.99996633](39139.00136825558)
22:08:30:INFO:RESULT:x_vec:
[    0.00874379     0.00021792     0.0091157    588.99998457
   900.00001268 37100.00140468   549.99996633](39139.019445667276)
22:08:30:INFO:RESULT:time_scale:
[  38.62984399  131.91946541 9999.61596571]
22:08:30:INFO:SAVE:message:saving bunch of data...
22:08:30:INFO:SAVE:message:saving optimizer data ...
