22:24:04:INFO:GENERAL:seed:1
22:24:04:INFO:GENERAL:rho:[0.01, 0.0, 0.1]
22:24:04:INFO:GENERAL:bounds_z:[(1e-06, 0.3), (1e-06, 0.3), (588.999411, 589.000589), (1e-06, 1800), (1e-06, 74200)]
22:24:06:INFO:OPTIMIZER:x:
[   0.07696396    0.01094902  589.00039737  752.00256556 1288.46203359]
22:24:06:INFO:OPTIMIZER:fun:0.000809185216846251
22:24:06:INFO:OPTIMIZER:nfev:11832
22:24:06:INFO:OPTIMIZER:nit:183
22:24:06:INFO:OPTIMIZER:message:Optimization terminated successfully.
22:24:06:INFO:OPTIMIZER:success:True
22:24:06:INFO:OPTIMIZER:constr:[array([0.])]
22:24:06:INFO:OPTIMIZER:constr_violation:0.0
22:24:06:INFO:OPTIMIZER:maxcv:0.0
22:24:06:INFO:RESULT:A:
[[-0.07696396  0.06028144  0.        ]
 [ 0.07696396 -0.07123046  0.00639032]
 [ 0.          0.01094902 -0.00639032]]
22:24:06:INFO:RESULT:m_eq:
[ 589.00039737  752.00256556 1288.46203359](2629.4649965299836)
22:24:06:INFO:RESULT:x_vec:
[   0.07696396    0.01094902  589.00039737  752.00256556 1288.46203359](2629.5529095022853)
22:24:06:INFO:RESULT:time_scale:
[ 7.0166554  82.87272707]
22:24:06:INFO:SAVE:message:saving bunch of data...
22:24:06:INFO:SAVE:message:saving optimizer data ...
