22:03:03:INFO:GENERAL:seed:1
22:03:03:INFO:GENERAL:rho:[0.0001, 0.01, 0.0001]
22:03:03:INFO:GENERAL:bounds_z:[(1e-06, 0.3), (1e-06, 0.3), (1e-06, 0.3), (588.999411, 589.000589), (1e-06, 1800), (1e-06, 74200), (1e-06, 1100)]
22:03:05:INFO:OPTIMIZER:x:
[    0.01480943     0.00464523     0.05971461   589.00006519
   900.00011458 37100.00231452   549.99997766]
22:03:05:INFO:OPTIMIZER:fun:0.0005365180994836221
22:03:05:INFO:OPTIMIZER:nfev:13815
22:03:05:INFO:OPTIMIZER:nit:214
22:03:05:INFO:OPTIMIZER:message:Optimization terminated successfully.
22:03:05:INFO:OPTIMIZER:success:True
22:03:05:INFO:OPTIMIZER:constr:[array([0.])]
22:03:05:INFO:OPTIMIZER:constr_violation:0.0
22:03:05:INFO:OPTIMIZER:maxcv:0.0
22:03:05:INFO:RESULT:A:
[[-0.07452403  0.00969195  0.          0.06394892]
 [ 0.01480943 -0.01433717  0.00011269  0.        ]
 [ 0.          0.00464523 -0.00011269  0.        ]
 [ 0.05971461  0.          0.         -0.06394892]]
22:03:05:INFO:RESULT:m_eq:
[  589.00006519   900.00011458 37100.00231452   549.99997766](39139.00247194811)
22:03:05:INFO:RESULT:x_vec:
[    0.01480943     0.00464523     0.05971461   589.00006519
   900.00011458 37100.00231452   549.99997766](39139.081641205754)
22:03:05:INFO:RESULT:time_scale:
[  7.58017066  52.18134609 544.74299824]
22:03:05:INFO:SAVE:message:saving bunch of data...
22:03:05:INFO:SAVE:message:saving optimizer data ...
