22:07:20:INFO:GENERAL:seed:1
22:07:20:INFO:GENERAL:rho:[0.001, 0.0001, 0.0001]
22:07:20:INFO:GENERAL:bounds_z:[(1e-06, 0.3), (1e-06, 0.3), (588.999411, 589.000589), (1e-06, 1800), (1e-06, 74200)]
22:07:22:INFO:OPTIMIZER:x:
[  0.05678856   0.01622481 589.00016293 405.38850983 786.18970866]
22:07:22:INFO:OPTIMIZER:fun:0.00031160413231280984
22:07:22:INFO:OPTIMIZER:nfev:13394
22:07:22:INFO:OPTIMIZER:nit:211
22:07:22:INFO:OPTIMIZER:message:Optimization terminated successfully.
22:07:22:INFO:OPTIMIZER:success:True
22:07:22:INFO:OPTIMIZER:constr:[array([0.])]
22:07:22:INFO:OPTIMIZER:constr_violation:0.0
22:07:22:INFO:OPTIMIZER:maxcv:0.0
22:07:22:INFO:RESULT:A:
[[-0.05678856  0.08250967  0.        ]
 [ 0.05678856 -0.09873447  0.00836611]
 [ 0.          0.01622481 -0.00836611]]
22:07:22:INFO:RESULT:m_eq:
[589.00016293 405.38850983 786.18970866](1780.5783814152471)
22:07:22:INFO:RESULT:x_vec:
[  0.05678856   0.01622481 589.00016293 405.38850983 786.18970866](1780.6513947807152)
22:07:22:INFO:RESULT:time_scale:
[ 6.66777605 71.86954467]
22:07:22:INFO:SAVE:message:saving bunch of data...
22:07:22:INFO:SAVE:message:saving optimizer data ...
