21:12:20:INFO:GENERAL:seed:1
21:12:20:INFO:GENERAL:rho:[0.0001, 0.001, 0.0]
21:12:20:INFO:GENERAL:bounds_z:[(1e-06, 0.3), (1e-06, 0.3), (1e-06, 0.3), (588.999411, 589.000589), (1e-06, 1800), (1e-06, 74200), (1e-06, 1100)]
21:12:27:INFO:OPTIMIZER:x:
[   0.0306967     0.00607481    0.058167    589.00043039  875.76178001
 1303.23632313  268.68155013]
21:12:27:INFO:OPTIMIZER:fun:0.0004317772978825542
21:12:27:INFO:OPTIMIZER:nfev:38382
21:12:27:INFO:OPTIMIZER:nit:590
21:12:27:INFO:OPTIMIZER:message:Optimization terminated successfully.
21:12:27:INFO:OPTIMIZER:success:True
21:12:27:INFO:OPTIMIZER:constr:[array([0.])]
21:12:27:INFO:OPTIMIZER:constr_violation:0.0
21:12:27:INFO:OPTIMIZER:maxcv:0.0
21:12:27:INFO:RESULT:A:
[[-0.0888637   0.0206453   0.          0.12751299]
 [ 0.0306967  -0.02672011  0.00408221  0.        ]
 [ 0.          0.00607481 -0.00408221  0.        ]
 [ 0.058167    0.          0.         -0.12751299]]
21:12:27:INFO:RESULT:m_eq:
[ 589.00043039  875.76178001 1303.23632313  268.68155013](3036.6800836688285)
21:12:27:INFO:RESULT:x_vec:
[   0.0306967     0.00607481    0.058167    589.00043039  875.76178001
 1303.23632313  268.68155013](3036.775022173382)
21:12:27:INFO:RESULT:time_scale:
[  5.05261188  23.41562962 152.55403708]
21:12:27:INFO:SAVE:message:saving bunch of data...
21:12:27:INFO:SAVE:message:saving optimizer data ...
