22:07:40:INFO:GENERAL:seed:1
22:07:40:INFO:GENERAL:rho:[0.0001, 0.01, 0.001]
22:07:40:INFO:GENERAL:bounds_z:[(1e-06, 0.3), (1e-06, 0.3), (588.999411, 589.000589), (1e-06, 1800), (1e-06, 74200)]
22:07:42:INFO:OPTIMIZER:x:
[    0.03377335     0.00232574   589.00056762   752.11922406
 37100.30852664]
22:07:42:INFO:OPTIMIZER:fun:0.0017510775802121025
22:07:42:INFO:OPTIMIZER:nfev:10546
22:07:42:INFO:OPTIMIZER:nit:163
22:07:42:INFO:OPTIMIZER:message:Optimization terminated successfully.
22:07:42:INFO:OPTIMIZER:success:True
22:07:42:INFO:OPTIMIZER:constr:[array([0.])]
22:07:42:INFO:OPTIMIZER:constr_violation:0.0
22:07:42:INFO:OPTIMIZER:maxcv:0.0
22:07:42:INFO:RESULT:A:
[[-0.03377335  0.02644863  0.        ]
 [ 0.03377335 -0.02877437  0.00004715]
 [ 0.          0.00232574 -0.00004715]]
22:07:42:INFO:RESULT:m_eq:
[  589.00056762   752.11922406 37100.30852664](38441.42831831474)
22:07:42:INFO:RESULT:x_vec:
[    0.03377335     0.00232574   589.00056762   752.11922406
 37100.30852664](38441.46441740547)
22:07:42:INFO:RESULT:time_scale:
[ 16.32214817 752.77392335]
22:07:42:INFO:SAVE:message:saving bunch of data...
22:07:42:INFO:SAVE:message:saving optimizer data ...
