22:02:28:INFO:GENERAL:seed:1
22:02:28:INFO:GENERAL:rho:[0.001, 0.1, 0.0]
22:02:28:INFO:GENERAL:bounds_z:[(1e-06, 0.3), (1e-06, 0.3), (588.999411, 589.000589), (1e-06, 1800), (1e-06, 74200)]
22:02:30:INFO:OPTIMIZER:x:
[    0.07096887     0.00458038   588.99999865   900.00001076
 37100.00004726]
22:02:30:INFO:OPTIMIZER:fun:0.0008359461670514992
22:02:30:INFO:OPTIMIZER:nfev:9539
22:02:30:INFO:OPTIMIZER:nit:149
22:02:30:INFO:OPTIMIZER:message:Optimization terminated successfully.
22:02:30:INFO:OPTIMIZER:success:True
22:02:30:INFO:OPTIMIZER:constr:[array([0.])]
22:02:30:INFO:OPTIMIZER:constr_violation:0.0
22:02:30:INFO:OPTIMIZER:maxcv:0.0
22:02:30:INFO:RESULT:A:
[[-0.07096887  0.04644518  0.        ]
 [ 0.07096887 -0.05102556  0.00011111]
 [ 0.          0.00458038 -0.00011111]]
22:02:30:INFO:RESULT:m_eq:
[  588.99999865   900.00001076 37100.00004726](38589.00005667279)
22:02:30:INFO:RESULT:x_vec:
[    0.07096887     0.00458038   588.99999865   900.00001076
 37100.00004726](38589.07560592004)
22:02:30:INFO:RESULT:time_scale:
[  8.38428725 352.75628172]
22:02:30:INFO:SAVE:message:saving bunch of data...
22:02:30:INFO:SAVE:message:saving optimizer data ...
