22:07:54:INFO:GENERAL:seed:1
22:07:54:INFO:GENERAL:rho:[0.1, 0.0001, 0.001]
22:07:54:INFO:GENERAL:bounds_z:[(1e-06, 0.3), (1e-06, 0.3), (1e-06, 0.3), (588.999411, 589.000589), (1e-06, 1800), (1e-06, 74200), (1e-06, 1100)]
22:07:58:INFO:OPTIMIZER:x:
[    0.00504048     0.00018745     0.02814111   588.99982784
  1130.50775247 37090.72723259   486.12197345]
22:07:58:INFO:OPTIMIZER:fun:0.0035603320015089607
22:07:58:INFO:OPTIMIZER:nfev:13760
22:07:58:INFO:OPTIMIZER:nit:286
22:07:58:INFO:OPTIMIZER:message:Optimization terminated successfully.
22:07:58:INFO:OPTIMIZER:success:True
22:07:58:INFO:OPTIMIZER:constr:[array([0.])]
22:07:58:INFO:OPTIMIZER:constr_violation:0.0
22:07:58:INFO:OPTIMIZER:maxcv:0.0
22:07:58:INFO:RESULT:A:
[[-0.03318158  0.00262611  0.          0.0340966 ]
 [ 0.00504048 -0.00281357  0.00000571  0.        ]
 [ 0.          0.00018745 -0.00000571  0.        ]
 [ 0.02814111  0.          0.         -0.0340966 ]]
22:07:58:INFO:RESULT:m_eq:
[  588.99982784  1130.50775247 37090.72723259   486.12197345](39296.35678633829)
22:07:58:INFO:RESULT:x_vec:
[    0.00504048     0.00018745     0.02814111   588.99982784
  1130.50775247 37090.72723259   486.12197345](39296.39015537485)
22:07:58:INFO:RESULT:time_scale:
[  15.45021136  189.63003042 9999.83907875]
22:07:58:INFO:SAVE:message:saving bunch of data...
22:07:58:INFO:SAVE:message:saving optimizer data ...
