22:07:13:INFO:GENERAL:seed:1
22:07:13:INFO:GENERAL:rho:[0.0, 0.001, 0.0]
22:07:13:INFO:GENERAL:bounds_z:[(1e-06, 0.3), (1e-06, 0.3), (1e-06, 0.3), (588.999411, 589.000589), (1e-06, 1800), (1e-06, 74200), (1e-06, 1100)]
22:07:18:INFO:OPTIMIZER:x:
[    0.01386076     0.00179413     0.04685793   589.00058532
   740.57966048 37099.2530938    222.11535217]
22:07:18:INFO:OPTIMIZER:fun:0.00029826796686587497
22:07:18:INFO:OPTIMIZER:nfev:22759
22:07:18:INFO:OPTIMIZER:nit:356
22:07:18:INFO:OPTIMIZER:message:Optimization terminated successfully.
22:07:18:INFO:OPTIMIZER:success:True
22:07:18:INFO:OPTIMIZER:constr:[array([0.])]
22:07:18:INFO:OPTIMIZER:constr_violation:0.0
22:07:18:INFO:OPTIMIZER:maxcv:0.0
22:07:18:INFO:RESULT:A:
[[-0.06071869  0.01102379  0.          0.12425682]
 [ 0.01386076 -0.01281792  0.00003581  0.        ]
 [ 0.          0.00179413 -0.00003581  0.        ]
 [ 0.04685793  0.          0.         -0.12425682]]
22:07:18:INFO:RESULT:m_eq:
[  589.00058532   740.57966048 37099.2530938    222.11535217](38650.94869176015)
22:07:18:INFO:RESULT:x_vec:
[    0.01386076     0.00179413     0.04685793   589.00058532
   740.57966048 37099.2530938    222.11535217](38651.011204577866)
22:07:18:INFO:RESULT:time_scale:
[   5.7002086    46.41371053 1174.1064981 ]
22:07:18:INFO:SAVE:message:saving bunch of data...
22:07:18:INFO:SAVE:message:saving optimizer data ...
