22:04:08:INFO:GENERAL:seed:1
22:04:08:INFO:GENERAL:rho:[0.0001, 0.01, 0.01]
22:04:08:INFO:GENERAL:bounds_z:[(1e-06, 0.3), (1e-06, 0.3), (1e-06, 0.3), (588.999411, 589.000589), (1e-06, 1800), (1e-06, 74200), (1e-06, 1100)]
22:04:14:INFO:OPTIMIZER:x:
[    0.02579567     0.00348213     0.05888722   589.00056963
   959.0940367  37096.75268193   329.51381868]
22:04:14:INFO:OPTIMIZER:fun:0.001233073699965159
22:04:14:INFO:OPTIMIZER:nfev:29659
22:04:14:INFO:OPTIMIZER:nit:462
22:04:14:INFO:OPTIMIZER:message:Optimization terminated successfully.
22:04:14:INFO:OPTIMIZER:success:True
22:04:14:INFO:OPTIMIZER:constr:[array([0.])]
22:04:14:INFO:OPTIMIZER:constr_violation:0.0
22:04:14:INFO:OPTIMIZER:maxcv:0.0
22:04:14:INFO:RESULT:A:
[[-0.08468289  0.01584168  0.          0.10525994]
 [ 0.02579567 -0.01932381  0.00009003  0.        ]
 [ 0.          0.00348213 -0.00009003  0.        ]
 [ 0.05888722  0.          0.         -0.10525994]]
22:04:14:INFO:RESULT:m_eq:
[  589.00056963   959.0940367  37096.75268193   329.51381868](38974.36110694712)
22:04:14:INFO:RESULT:x_vec:
[    0.02579567     0.00348213     0.05888722   589.00056963
   959.0940367  37096.75268193   329.51381868](38974.44927196562)
22:04:14:INFO:RESULT:time_scale:
[  5.69734355  31.18017544 566.69701646]
22:04:14:INFO:SAVE:message:saving bunch of data...
22:04:14:INFO:SAVE:message:saving optimizer data ...
