22:02:56:INFO:GENERAL:seed:1
22:02:56:INFO:GENERAL:rho:[0.1, 0.001, 0.0001]
22:02:56:INFO:GENERAL:bounds_z:[(1e-06, 0.3), (1e-06, 0.3), (588.999411, 589.000589), (1e-06, 1800), (1e-06, 74200)]
22:02:58:INFO:OPTIMIZER:x:
[    0.0492819      0.00282718   588.99956435  1129.07170992
 37200.74645937]
22:02:58:INFO:OPTIMIZER:fun:0.003973200991991548
22:02:58:INFO:OPTIMIZER:nfev:7125
22:02:58:INFO:OPTIMIZER:nit:110
22:02:58:INFO:OPTIMIZER:message:Optimization terminated successfully.
22:02:58:INFO:OPTIMIZER:success:True
22:02:58:INFO:OPTIMIZER:constr:[array([0.])]
22:02:58:INFO:OPTIMIZER:constr_violation:0.0
22:02:58:INFO:OPTIMIZER:maxcv:0.0
22:02:58:INFO:RESULT:A:
[[-0.0492819   0.02570874  0.        ]
 [ 0.0492819  -0.02853593  0.00008581]
 [ 0.          0.00282718 -0.00008581]]
22:02:58:INFO:RESULT:m_eq:
[  588.99956435  1129.07170992 37200.74645937](38918.8177336341)
22:02:58:INFO:RESULT:x_vec:
[    0.0492819      0.00282718   588.99956435  1129.07170992
 37200.74645937](38918.86984271375)
22:02:58:INFO:RESULT:time_scale:
[ 13.16043713 521.29127708]
22:02:58:INFO:SAVE:message:saving bunch of data...
22:02:58:INFO:SAVE:message:saving optimizer data ...
