22:20:50:INFO:GENERAL:seed:1
22:20:50:INFO:GENERAL:rho:[0.0001, 0.0001, 0.0]
22:20:50:INFO:GENERAL:bounds_z:[(1e-06, 0.3), (1e-06, 0.3), (1e-06, 0.3), (588.999411, 589.000589), (1e-06, 1800), (1e-06, 74200), (1e-06, 1100)]
22:20:55:INFO:OPTIMIZER:x:
[    0.06685466     0.00711889     0.02014921   588.9998868
   378.03359908 36702.34486543   700.09664192]
22:20:55:INFO:OPTIMIZER:fun:0.00019408862823795672
22:20:55:INFO:OPTIMIZER:nfev:28740
22:20:55:INFO:OPTIMIZER:nit:447
22:20:55:INFO:OPTIMIZER:message:Optimization terminated successfully.
22:20:55:INFO:OPTIMIZER:success:True
22:20:55:INFO:OPTIMIZER:constr:[array([0.])]
22:20:55:INFO:OPTIMIZER:constr_violation:0.0
22:20:55:INFO:OPTIMIZER:maxcv:0.0
22:20:55:INFO:RESULT:A:
[[-0.08700386  0.10416372  0.          0.01695178]
 [ 0.06685466 -0.11128261  0.00007332  0.        ]
 [ 0.          0.00711889 -0.00007332  0.        ]
 [ 0.02014921  0.          0.         -0.01695178]]
22:20:55:INFO:RESULT:m_eq:
[  588.9998868    378.03359908 36702.34486543   700.09664192](38369.47499323769)
22:20:55:INFO:RESULT:x_vec:
[    0.06685466     0.00711889     0.02014921   588.9998868
   378.03359908 36702.34486543   700.09664192](38369.56911599185)
22:20:55:INFO:RESULT:time_scale:
[  5.42440175  34.00959979 642.68100159]
22:20:55:INFO:SAVE:message:saving bunch of data...
22:20:55:INFO:SAVE:message:saving optimizer data ...
