22:02:34:INFO:GENERAL:seed:1
22:02:34:INFO:GENERAL:rho:[0.1, 0.1, 0.0]
22:02:34:INFO:GENERAL:bounds_z:[(1e-06, 0.3), (1e-06, 0.3), (1e-06, 0.3), (588.999411, 589.000589), (1e-06, 1800), (1e-06, 74200), (1e-06, 1100)]
22:02:37:INFO:OPTIMIZER:x:
[    0.01556682     0.0036703      0.0372653    588.99996979
   900.0000223  37099.99439912   549.99995789]
22:02:37:INFO:OPTIMIZER:fun:0.0037625028051804857
22:02:37:INFO:OPTIMIZER:nfev:12162
22:02:37:INFO:OPTIMIZER:nit:188
22:02:37:INFO:OPTIMIZER:message:Optimization terminated successfully.
22:02:37:INFO:OPTIMIZER:success:True
22:02:37:INFO:OPTIMIZER:constr:[array([0.])]
22:02:37:INFO:OPTIMIZER:constr_violation:0.0
22:02:37:INFO:OPTIMIZER:maxcv:0.0
22:02:37:INFO:RESULT:A:
[[-0.05283212  0.01018762  0.          0.03990775]
 [ 0.01556682 -0.01385791  0.00008904  0.        ]
 [ 0.          0.0036703  -0.00008904  0.        ]
 [ 0.0372653   0.          0.         -0.03990775]]
22:02:37:INFO:RESULT:m_eq:
[  588.99996979   900.0000223  37099.99439912   549.99995789](39138.994349094595)
22:02:37:INFO:RESULT:x_vec:
[    0.01556682     0.0036703      0.0372653    588.99996979
   900.0000223  37099.99439912   549.99995789](39139.050851510336)
22:02:37:INFO:RESULT:time_scale:
[ 11.52687467  54.26392462 664.63486589]
22:02:37:INFO:SAVE:message:saving bunch of data...
22:02:37:INFO:SAVE:message:saving optimizer data ...
