21:23:16:INFO:GENERAL:seed:1
21:23:16:INFO:GENERAL:rho:[0.01, 0.01, 0.1]
21:23:16:INFO:GENERAL:bounds_z:[(1e-06, 0.3), (1e-06, 0.3), (1e-06, 0.3), (588.999411, 589.000589), (1e-06, 1800), (1e-06, 74200), (1e-06, 1100)]
21:23:25:INFO:OPTIMIZER:x:
[    0.03813865     0.00926882     0.01683693   589.00051332
   177.24798062 37123.71191961   502.54927418]
21:23:25:INFO:OPTIMIZER:fun:0.0028893617628433102
21:23:25:INFO:OPTIMIZER:nfev:52220
21:23:25:INFO:OPTIMIZER:nit:818
21:23:25:INFO:OPTIMIZER:message:Optimization terminated successfully.
21:23:25:INFO:OPTIMIZER:success:True
21:23:25:INFO:OPTIMIZER:constr:[array([0.])]
21:23:25:INFO:OPTIMIZER:constr_violation:0.0
21:23:25:INFO:OPTIMIZER:maxcv:0.0
21:23:25:INFO:RESULT:A:
[[-0.05497558  0.12673591  0.          0.01973331]
 [ 0.03813865 -0.13600473  0.00004425  0.        ]
 [ 0.          0.00926882 -0.00004425  0.        ]
 [ 0.01683693  0.          0.         -0.01973331]]
21:23:25:INFO:RESULT:m_eq:
[  589.00051332   177.24798062 37123.71191961   502.54927418](38392.50968773037)
21:23:25:INFO:RESULT:x_vec:
[    0.03813865     0.00926882     0.01683693   589.00051332
   177.24798062 37123.71191961   502.54927418](38392.5739321305)
21:23:25:INFO:RESULT:time_scale:
[  5.66602765  30.27564103 808.05925596]
21:23:25:INFO:SAVE:message:saving bunch of data...
21:23:25:INFO:SAVE:message:saving optimizer data ...
