22:17:49:INFO:GENERAL:seed:1
22:17:49:INFO:GENERAL:rho:[0.001, 0.1, 0.1]
22:17:49:INFO:GENERAL:bounds_z:[(1e-06, 0.3), (1e-06, 0.3), (588.999411, 589.000589), (1e-06, 1800), (1e-06, 74200)]
22:17:51:INFO:OPTIMIZER:x:
[    0.02851235     0.00103032   588.99999167   900.00000191
 37099.99980153]
22:17:51:INFO:OPTIMIZER:fun:0.001777651240240423
22:17:51:INFO:OPTIMIZER:nfev:9565
22:17:51:INFO:OPTIMIZER:nit:150
22:17:51:INFO:OPTIMIZER:message:Optimization terminated successfully.
22:17:51:INFO:OPTIMIZER:success:True
22:17:51:INFO:OPTIMIZER:constr:[array([0.])]
22:17:51:INFO:OPTIMIZER:constr_violation:0.0
22:17:51:INFO:OPTIMIZER:maxcv:0.0
22:17:51:INFO:RESULT:A:
[[-0.02851235  0.01865975  0.        ]
 [ 0.02851235 -0.01969007  0.00002499]
 [ 0.          0.00103032 -0.00002499]]
22:17:51:INFO:RESULT:m_eq:
[  588.99999167   900.00000191 37099.99980153](38588.999795111995)
22:17:51:INFO:RESULT:x_vec:
[    0.02851235     0.00103032   588.99999167   900.00000191
 37099.99980153](38589.02933778884)
22:17:51:INFO:RESULT:time_scale:
[  21.01489685 1557.31564271]
22:17:51:INFO:SAVE:message:saving bunch of data...
22:17:51:INFO:SAVE:message:saving optimizer data ...
