22:16:47:INFO:GENERAL:seed:1
22:16:47:INFO:GENERAL:rho:[0.1, 0.0, 0.001]
22:16:47:INFO:GENERAL:bounds_z:[(1e-06, 0.3), (1e-06, 0.3), (1e-06, 0.3), (588.999411, 589.000589), (1e-06, 1800), (1e-06, 74200), (1e-06, 1100)]
22:16:53:INFO:OPTIMIZER:x:
[   0.00404653    0.000001      0.0288872   588.99959895 1799.69272485
   18.1968111   529.26193835]
22:16:53:INFO:OPTIMIZER:fun:0.003544928003259868
22:16:53:INFO:OPTIMIZER:nfev:21389
22:16:53:INFO:OPTIMIZER:nit:566
22:16:53:INFO:OPTIMIZER:message:Optimization terminated successfully.
22:16:53:INFO:OPTIMIZER:success:True
22:16:53:INFO:OPTIMIZER:constr:[array([0.])]
22:16:53:INFO:OPTIMIZER:constr_violation:0.0
22:16:53:INFO:OPTIMIZER:maxcv:0.0
22:16:53:INFO:RESULT:A:
[[-0.03293373  0.00132434  0.          0.03214769]
 [ 0.00404653 -0.00132535  0.00009939  0.        ]
 [ 0.          0.000001   -0.00009939  0.        ]
 [ 0.0288872   0.          0.         -0.03214769]]
22:16:53:INFO:RESULT:m_eq:
[ 588.99959895 1799.69272485   18.1968111   529.26193835](2936.151073247013)
22:16:53:INFO:RESULT:x_vec:
[   0.00404653    0.000001      0.0288872   588.99959895 1799.69272485
   18.1968111   529.26193835](2936.184007981066)
22:16:53:INFO:RESULT:time_scale:
[  15.85763531  298.9491766  9999.99376454]
22:16:53:INFO:SAVE:message:saving bunch of data...
22:16:53:INFO:SAVE:message:saving optimizer data ...
