22:09:56:INFO:GENERAL:seed:1
22:09:56:INFO:GENERAL:rho:[0.1, 0.001, 0.1]
22:09:56:INFO:GENERAL:bounds_z:[(1e-06, 0.3), (1e-06, 0.3), (588.999411, 589.000589), (1e-06, 1800), (1e-06, 74200)]
22:09:58:INFO:OPTIMIZER:x:
[    0.02914833     0.00214093   589.0005528    779.25794852
 37123.41071464]
22:09:58:INFO:OPTIMIZER:fun:0.0032221295124390354
22:09:58:INFO:OPTIMIZER:nfev:8245
22:09:58:INFO:OPTIMIZER:nit:127
22:09:58:INFO:OPTIMIZER:message:Optimization terminated successfully.
22:09:58:INFO:OPTIMIZER:success:True
22:09:58:INFO:OPTIMIZER:constr:[array([0.])]
22:09:58:INFO:OPTIMIZER:constr_violation:0.0
22:09:58:INFO:OPTIMIZER:maxcv:0.0
22:09:58:INFO:RESULT:A:
[[-0.02914833  0.02203171  0.        ]
 [ 0.02914833 -0.02417264  0.00004494]
 [ 0.          0.00214093 -0.00004494]]
22:09:58:INFO:RESULT:m_eq:
[  589.0005528    779.25794852 37123.41071464](38491.66921596537)
22:09:58:INFO:RESULT:x_vec:
[    0.02914833     0.00214093   589.0005528    779.25794852
 37123.41071464](38491.700505226865)
22:09:58:INFO:RESULT:time_scale:
[ 19.1848122  805.57799058]
22:09:58:INFO:SAVE:message:saving bunch of data...
22:09:58:INFO:SAVE:message:saving optimizer data ...
