21:14:05:INFO:GENERAL:seed:1
21:14:05:INFO:GENERAL:rho:[0.0001, 0.01, 0.01]
21:14:05:INFO:GENERAL:bounds_z:[(1e-06, 0.3), (1e-06, 0.3), (1e-06, 0.3), (588.999411, 589.000589), (1e-06, 1800), (1e-06, 74200), (1e-06, 1100)]
21:14:11:INFO:OPTIMIZER:x:
[    0.02579695     0.00348295     0.05888795   589.00044115
   958.99327257 37080.81135335   329.52391855]
21:14:11:INFO:OPTIMIZER:fun:0.001233073960854059
21:14:11:INFO:OPTIMIZER:nfev:30259
21:14:11:INFO:OPTIMIZER:nit:470
21:14:11:INFO:OPTIMIZER:message:Optimization terminated successfully.
21:14:11:INFO:OPTIMIZER:success:True
21:14:11:INFO:OPTIMIZER:constr:[array([0.])]
21:14:11:INFO:OPTIMIZER:constr_violation:0.0
21:14:11:INFO:OPTIMIZER:maxcv:0.0
21:14:11:INFO:RESULT:A:
[[-0.0846849   0.01584413  0.          0.10525799]
 [ 0.02579695 -0.01932708  0.00009008  0.        ]
 [ 0.          0.00348295 -0.00009008  0.        ]
 [ 0.05888795  0.          0.         -0.10525799]]
21:14:11:INFO:RESULT:m_eq:
[  589.00044115   958.99327257 37080.81135335   329.52391855](38958.32898561916)
21:14:11:INFO:RESULT:x_vec:
[    0.02579695     0.00348295     0.05888795   589.00044115
   958.99327257 37080.81135335   329.52391855](38958.41715346261)
21:14:11:INFO:RESULT:time_scale:
[  5.6973491   31.17704448 566.59249191]
21:14:11:INFO:SAVE:message:saving bunch of data...
21:14:11:INFO:SAVE:message:saving optimizer data ...
