21:21:38:INFO:GENERAL:seed:1
21:21:38:INFO:GENERAL:rho:[0.0001, 0.0001, 0.001]
21:21:38:INFO:GENERAL:bounds_z:[(1e-06, 0.3), (1e-06, 0.3), (588.999411, 589.000589), (1e-06, 1800), (1e-06, 74200)]
21:21:41:INFO:OPTIMIZER:x:
[  0.05721149   0.01645793 588.99979488 402.56768856 786.9508964 ]
21:21:41:INFO:OPTIMIZER:fun:0.00026215349660206985
21:21:41:INFO:OPTIMIZER:nfev:13962
21:21:41:INFO:OPTIMIZER:nit:217
21:21:41:INFO:OPTIMIZER:message:Optimization terminated successfully.
21:21:41:INFO:OPTIMIZER:success:True
21:21:41:INFO:OPTIMIZER:constr:[array([0.])]
21:21:41:INFO:OPTIMIZER:constr_violation:0.0
21:21:41:INFO:OPTIMIZER:maxcv:0.0
21:21:41:INFO:RESULT:A:
[[-0.05721149  0.08370656  0.        ]
 [ 0.05721149 -0.10016449  0.00841911]
 [ 0.          0.01645793 -0.00841911]]
21:21:41:INFO:RESULT:m_eq:
[588.99979488 402.56768856 786.9508964 ](1778.5183798453822)
21:21:41:INFO:RESULT:x_vec:
[  0.05721149   0.01645793 588.99979488 402.56768856 786.9508964 ](1778.5920492638593)
21:21:41:INFO:RESULT:time_scale:
[ 6.58872802 71.32295347]
21:21:41:INFO:SAVE:message:saving bunch of data...
21:21:41:INFO:SAVE:message:saving optimizer data ...
