22:02:25:INFO:GENERAL:seed:1
22:02:25:INFO:GENERAL:rho:[0.0, 0.0, 0.0]
22:02:25:INFO:GENERAL:bounds_z:[(1e-06, 0.3), (1e-06, 0.3), (1e-06, 0.3), (588.999411, 589.000589), (1e-06, 1800), (1e-06, 74200), (1e-06, 1100)]
22:02:35:INFO:OPTIMIZER:x:
[   0.05741867    0.04971747    0.04047016  588.99976013  172.47417654
 1492.32827404  474.26824118]
22:02:35:INFO:OPTIMIZER:fun:0.00011968949997718944
22:02:35:INFO:OPTIMIZER:nfev:49820
22:02:35:INFO:OPTIMIZER:nit:775
22:02:35:INFO:OPTIMIZER:message:Optimization terminated successfully.
22:02:35:INFO:OPTIMIZER:success:True
22:02:35:INFO:OPTIMIZER:constr:[array([0.])]
22:02:35:INFO:OPTIMIZER:constr_violation:0.0
22:02:35:INFO:OPTIMIZER:maxcv:0.0
22:02:35:INFO:RESULT:A:
[[-0.09788882  0.19608489  0.          0.0502604 ]
 [ 0.05741867 -0.24580236  0.00574604  0.        ]
 [ 0.          0.04971747 -0.00574604  0.        ]
 [ 0.04047016  0.          0.         -0.0502604 ]]
22:02:35:INFO:RESULT:m_eq:
[ 588.99976013  172.47417654 1492.32827404  474.26824118](2728.070451895611)
22:02:35:INFO:RESULT:x_vec:
[   0.05741867    0.04971747    0.04047016  588.99976013  172.47417654
 1492.32827404  474.26824118](2728.2180581897665)
22:02:35:INFO:RESULT:time_scale:
[ 3.29283855 11.63318217 99.52947829]
22:02:35:INFO:SAVE:message:saving bunch of data...
22:02:35:INFO:SAVE:message:saving optimizer data ...
