22:04:21:INFO:GENERAL:seed:1
22:04:21:INFO:GENERAL:rho:[0.001, 0.01, 0.01]
22:04:21:INFO:GENERAL:bounds_z:[(1e-06, 0.3), (1e-06, 0.3), (588.999411, 589.000589), (1e-06, 1800), (1e-06, 74200)]
22:04:23:INFO:OPTIMIZER:x:
[    0.07098706     0.00458029   588.9999847    900.00004578
 37100.00060463]
22:04:23:INFO:OPTIMIZER:fun:0.0008359460404722753
22:04:23:INFO:OPTIMIZER:nfev:9057
22:04:23:INFO:OPTIMIZER:nit:139
22:04:23:INFO:OPTIMIZER:message:Optimization terminated successfully.
22:04:23:INFO:OPTIMIZER:success:True
22:04:23:INFO:OPTIMIZER:constr:[array([0.])]
22:04:23:INFO:OPTIMIZER:constr_violation:0.0
22:04:23:INFO:OPTIMIZER:maxcv:0.0
22:04:23:INFO:RESULT:A:
[[-0.07098706  0.04645708  0.        ]
 [ 0.07098706 -0.05103738  0.00011111]
 [ 0.          0.00458029 -0.00011111]]
22:04:23:INFO:RESULT:m_eq:
[  588.9999847    900.00004578 37100.00060463](38589.00063511926)
22:04:23:INFO:RESULT:x_vec:
[    0.07098706     0.00458029   588.9999847    900.00004578
 37100.00060463](38589.076202470664)
22:04:23:INFO:RESULT:time_scale:
[  8.38217555 352.76154494]
22:04:23:INFO:SAVE:message:saving bunch of data...
22:04:23:INFO:SAVE:message:saving optimizer data ...
