21:12:26:INFO:GENERAL:seed:1
21:12:26:INFO:GENERAL:rho:[0.01, 0.0, 0.0001]
21:12:26:INFO:GENERAL:bounds_z:[(1e-06, 0.3), (1e-06, 0.3), (588.999411, 589.000589), (1e-06, 1800), (1e-06, 74200)]
21:12:28:INFO:OPTIMIZER:x:
[   0.07696212    0.01094848  588.99997594  752.02680566 1288.39393681]
21:12:28:INFO:OPTIMIZER:fun:0.000809185215415426
21:12:28:INFO:OPTIMIZER:nfev:13770
21:12:28:INFO:OPTIMIZER:nit:214
21:12:28:INFO:OPTIMIZER:message:Optimization terminated successfully.
21:12:28:INFO:OPTIMIZER:success:True
21:12:28:INFO:OPTIMIZER:constr:[array([0.])]
21:12:28:INFO:OPTIMIZER:constr_violation:0.0
21:12:28:INFO:OPTIMIZER:maxcv:0.0
21:12:28:INFO:RESULT:A:
[[-0.07696212  0.06027802  0.        ]
 [ 0.07696212 -0.07122649  0.00639055]
 [ 0.          0.01094848 -0.00639055]]
21:12:28:INFO:RESULT:m_eq:
[ 588.99997594  752.02680566 1288.39393681](2629.420718415339)
21:12:28:INFO:RESULT:x_vec:
[   0.07696212    0.01094848  588.99997594  752.02680566 1288.39393681](2629.5086290078893)
21:12:28:INFO:RESULT:time_scale:
[ 7.01693138 82.87254325]
21:12:28:INFO:SAVE:message:saving bunch of data...
21:12:28:INFO:SAVE:message:saving optimizer data ...
