22:17:04:INFO:GENERAL:seed:1
22:17:04:INFO:GENERAL:rho:[0.0, 0.1, 0.01]
22:17:04:INFO:GENERAL:bounds_z:[(1e-06, 0.3), (1e-06, 0.3), (1e-06, 0.3), (588.999411, 589.000589), (1e-06, 1800), (1e-06, 74200), (1e-06, 1100)]
22:17:09:INFO:OPTIMIZER:x:
[    0.00874679     0.00021792     0.00911898   588.99999792
   900.00006848 37099.99813622   549.99998003]
22:17:09:INFO:OPTIMIZER:fun:0.00411108891561614
22:17:09:INFO:OPTIMIZER:nfev:20206
22:17:09:INFO:OPTIMIZER:nit:371
22:17:09:INFO:OPTIMIZER:message:Optimization terminated successfully.
22:17:09:INFO:OPTIMIZER:success:True
22:17:09:INFO:OPTIMIZER:constr:[array([0.])]
22:17:09:INFO:OPTIMIZER:constr_violation:0.0
22:17:09:INFO:OPTIMIZER:maxcv:0.0
22:17:09:INFO:RESULT:A:
[[-0.01786577  0.00572429  0.          0.0097656 ]
 [ 0.00874679 -0.00594221  0.00000529  0.        ]
 [ 0.          0.00021792 -0.00000529  0.        ]
 [ 0.00911898  0.          0.         -0.0097656 ]]
22:17:09:INFO:RESULT:m_eq:
[  588.99999792   900.00006848 37099.99813622   549.99998003](39138.9981826549)
22:17:09:INFO:RESULT:x_vec:
[    0.00874679     0.00021792     0.00911898   588.99999792
   900.00006848 37099.99813622   549.99998003](39139.016266342296)
22:17:09:INFO:RESULT:time_scale:
[  38.61620558  131.87405007 9999.80132869]
22:17:09:INFO:SAVE:message:saving bunch of data...
22:17:09:INFO:SAVE:message:saving optimizer data ...
