22:21:07:INFO:GENERAL:seed:1
22:21:07:INFO:GENERAL:rho:[0.0, 0.0001, 0.0001]
22:21:07:INFO:GENERAL:bounds_z:[(1e-06, 0.3), (1e-06, 0.3), (588.999411, 589.000589), (1e-06, 1800), (1e-06, 74200)]
22:21:09:INFO:OPTIMIZER:x:
[   0.0807822     0.01247462  588.99989045  714.46616517 1272.59812002]
22:21:09:INFO:OPTIMIZER:fun:0.00030670578380597905
22:21:09:INFO:OPTIMIZER:nfev:12822
22:21:09:INFO:OPTIMIZER:nit:200
22:21:09:INFO:OPTIMIZER:message:Optimization terminated successfully.
22:21:09:INFO:OPTIMIZER:success:True
22:21:09:INFO:OPTIMIZER:constr:[array([0.])]
22:21:09:INFO:OPTIMIZER:constr_violation:0.0
22:21:09:INFO:OPTIMIZER:maxcv:0.0
22:21:09:INFO:RESULT:A:
[[-0.0807822   0.06659616  0.        ]
 [ 0.0807822  -0.07907079  0.00700354]
 [ 0.          0.01247462 -0.00700354]]
22:21:09:INFO:RESULT:m_eq:
[ 588.99989045  714.46616517 1272.59812002](2576.0641756388495)
22:21:09:INFO:RESULT:x_vec:
[   0.0807822     0.01247462  588.99989045  714.46616517 1272.59812002](2576.1574324595613)
22:21:09:INFO:RESULT:time_scale:
[ 6.51153311 75.28497111]
22:21:09:INFO:SAVE:message:saving bunch of data...
22:21:09:INFO:SAVE:message:saving optimizer data ...
