22:21:46:INFO:GENERAL:seed:1
22:21:46:INFO:GENERAL:rho:[0.0001, 0.01, 0.001]
22:21:46:INFO:GENERAL:bounds_z:[(1e-06, 0.3), (1e-06, 0.3), (1e-06, 0.3), (588.999411, 589.000589), (1e-06, 1800), (1e-06, 74200), (1e-06, 1100)]
22:21:49:INFO:OPTIMIZER:x:
[    0.01507972     0.00446936     0.0582707    589.00032896
   900.00001187 37099.99939859   549.99993611]
22:21:49:INFO:OPTIMIZER:fun:0.001044402355738639
22:21:49:INFO:OPTIMIZER:nfev:13657
22:21:49:INFO:OPTIMIZER:nit:209
22:21:49:INFO:OPTIMIZER:message:Optimization terminated successfully.
22:21:49:INFO:OPTIMIZER:success:True
22:21:49:INFO:OPTIMIZER:constr:[array([0.])]
22:21:49:INFO:OPTIMIZER:constr_violation:0.0
22:21:49:INFO:OPTIMIZER:maxcv:0.0
22:21:49:INFO:RESULT:A:
[[-0.07335042  0.00986885  0.          0.06240267]
 [ 0.01507972 -0.0143382   0.00010842  0.        ]
 [ 0.          0.00446936 -0.00010842  0.        ]
 [ 0.0582707   0.          0.         -0.06240267]]
22:21:49:INFO:RESULT:m_eq:
[  589.00032896   900.00001187 37099.99939859   549.99993611](39138.999675530504)
22:21:49:INFO:RESULT:x_vec:
[    0.01507972     0.00446936     0.0582707    589.00032896
   900.00001187 37099.99939859   549.99993611](39139.077495313104)
22:21:49:INFO:RESULT:time_scale:
[  7.7437724   51.86239688 561.19966103]
22:21:49:INFO:SAVE:message:saving bunch of data...
22:21:49:INFO:SAVE:message:saving optimizer data ...
