22:06:48:INFO:GENERAL:seed:1
22:06:48:INFO:GENERAL:rho:[0.01, 0.0, 0.0001]
22:06:48:INFO:GENERAL:bounds_z:[(1e-06, 0.3), (1e-06, 0.3), (588.999411, 589.000589), (1e-06, 1800), (1e-06, 74200)]
22:06:51:INFO:OPTIMIZER:x:
[  0.05304292   0.01409666 589.00007984 432.99244292 780.84558308]
22:06:51:INFO:OPTIMIZER:fun:0.0007405150927540708
22:06:51:INFO:OPTIMIZER:nfev:14922
22:06:51:INFO:OPTIMIZER:nit:233
22:06:51:INFO:OPTIMIZER:message:Optimization terminated successfully.
22:06:51:INFO:OPTIMIZER:success:True
22:06:51:INFO:OPTIMIZER:constr:[array([0.])]
22:06:51:INFO:OPTIMIZER:constr_violation:0.0
22:06:51:INFO:OPTIMIZER:maxcv:0.0
22:06:51:INFO:RESULT:A:
[[-0.05304292  0.07215434  0.        ]
 [ 0.05304292 -0.08625101  0.00781684]
 [ 0.          0.01409666 -0.00781684]]
22:06:51:INFO:RESULT:m_eq:
[589.00007984 432.99244292 780.84558308](1802.838105842352)
22:06:51:INFO:RESULT:x_vec:
[  0.05304292   0.01409666 589.00007984 432.99244292 780.84558308](1802.9052454279758)
22:06:51:INFO:RESULT:time_scale:
[ 7.44870581 77.76494255]
22:06:51:INFO:SAVE:message:saving bunch of data...
22:06:51:INFO:SAVE:message:saving optimizer data ...
