21:22:28:INFO:GENERAL:seed:1
21:22:28:INFO:GENERAL:rho:[0.0, 0.0001, 0.1]
21:22:28:INFO:GENERAL:bounds_z:[(1e-06, 0.3), (1e-06, 0.3), (1e-06, 0.3), (588.999411, 589.000589), (1e-06, 1800), (1e-06, 74200), (1e-06, 1100)]
21:22:43:INFO:OPTIMIZER:x:
[    0.0511673      0.01035518     0.01701455   588.99950367
   165.3700895  37245.76336751   489.5936931 ]
21:22:43:INFO:OPTIMIZER:fun:0.0002519283576311969
21:22:43:INFO:OPTIMIZER:nfev:76857
21:22:43:INFO:OPTIMIZER:nit:1196
21:22:43:INFO:OPTIMIZER:message:Optimization terminated successfully.
21:22:43:INFO:OPTIMIZER:success:True
21:22:43:INFO:OPTIMIZER:constr:[array([0.])]
21:22:43:INFO:OPTIMIZER:constr_violation:0.0
21:22:43:INFO:OPTIMIZER:maxcv:0.0
21:22:43:INFO:RESULT:A:
[[-0.06818184  0.18224283  0.          0.02046914]
 [ 0.0511673  -0.19259801  0.00004598  0.        ]
 [ 0.          0.01035518 -0.00004598  0.        ]
 [ 0.01701455  0.          0.         -0.02046914]]
21:22:43:INFO:RESULT:m_eq:
[  588.99950367   165.3700895  37245.76336751   489.5936931 ](38489.72665378334)
21:22:43:INFO:RESULT:x_vec:
[    0.0511673      0.01035518     0.01701455   588.99950367
   165.3700895  37245.76336751   489.5936931 ](38489.80519080862)
21:22:43:INFO:RESULT:time_scale:
[  4.07139434  29.11168689 752.78649788]
21:22:43:INFO:SAVE:message:saving bunch of data...
21:22:43:INFO:SAVE:message:saving optimizer data ...
