22:16:10:INFO:GENERAL:seed:1
22:16:10:INFO:GENERAL:rho:[0.0001, 0.01, 0.0001]
22:16:10:INFO:GENERAL:bounds_z:[(1e-06, 0.3), (1e-06, 0.3), (588.999411, 589.000589), (1e-06, 1800), (1e-06, 74200)]
22:16:12:INFO:OPTIMIZER:x:
[    0.03376538     0.00232451   589.00058701   752.26290467
 37095.65098706]
22:16:12:INFO:OPTIMIZER:fun:0.0017510777397097763
22:16:12:INFO:OPTIMIZER:nfev:10013
22:16:12:INFO:OPTIMIZER:nit:155
22:16:12:INFO:OPTIMIZER:message:Optimization terminated successfully.
22:16:12:INFO:OPTIMIZER:success:True
22:16:12:INFO:OPTIMIZER:constr:[array([0.])]
22:16:12:INFO:OPTIMIZER:constr_violation:0.0
22:16:12:INFO:OPTIMIZER:maxcv:0.0
22:16:12:INFO:RESULT:A:
[[-0.03376538  0.02643734  0.        ]
 [ 0.03376538 -0.02876184  0.00004714]
 [ 0.          0.00232451 -0.00004714]]
22:16:12:INFO:RESULT:m_eq:
[  589.00058701   752.26290467 37095.65098706](38436.91447874079)
22:16:12:INFO:RESULT:x_vec:
[    0.03376538     0.00232451   589.00058701   752.26290467
 37095.65098706](38436.95056862604)
22:16:12:INFO:RESULT:time_scale:
[ 16.32745935 753.10084964]
22:16:12:INFO:SAVE:message:saving bunch of data...
22:16:12:INFO:SAVE:message:saving optimizer data ...
