21:22:45:INFO:GENERAL:seed:1
21:22:45:INFO:GENERAL:rho:[0.0001, 0.0001, 0.1]
21:22:45:INFO:GENERAL:bounds_z:[(1e-06, 0.3), (1e-06, 0.3), (1e-06, 0.3), (588.999411, 589.000589), (1e-06, 1800), (1e-06, 74200), (1e-06, 1100)]
21:23:02:INFO:OPTIMIZER:x:
[    0.05103055     0.01035253     0.01701521   588.99959905
   165.44331864 37213.3441794    489.55056341]
21:23:02:INFO:OPTIMIZER:fun:0.0002589514739446996
21:23:02:INFO:OPTIMIZER:nfev:79939
21:23:02:INFO:OPTIMIZER:nit:1246
21:23:02:INFO:OPTIMIZER:message:Optimization terminated successfully.
21:23:02:INFO:OPTIMIZER:success:True
21:23:02:INFO:OPTIMIZER:constr:[array([0.])]
21:23:02:INFO:OPTIMIZER:constr_violation:0.0
21:23:02:INFO:OPTIMIZER:maxcv:0.0
21:23:02:INFO:RESULT:A:
[[-0.06804576  0.18167536  0.          0.02047174]
 [ 0.05103055 -0.19202789  0.00004603  0.        ]
 [ 0.          0.01035253 -0.00004603  0.        ]
 [ 0.01701521  0.          0.         -0.02047174]]
21:23:02:INFO:RESULT:m_eq:
[  588.99959905   165.44331864 37213.3441794    489.55056341](38457.337660495665)
21:23:02:INFO:RESULT:x_vec:
[    0.05103055     0.01035253     0.01701521   588.99959905
   165.44331864 37213.3441794    489.55056341](38457.41605877996)
21:23:02:INFO:RESULT:time_scale:
[  4.08309946  29.11130631 752.72540925]
21:23:02:INFO:SAVE:message:saving bunch of data...
21:23:02:INFO:SAVE:message:saving optimizer data ...
