22:17:14:INFO:GENERAL:seed:1
22:17:14:INFO:GENERAL:rho:[0.0, 0.0001, 0.01]
22:17:14:INFO:GENERAL:bounds_z:[(1e-06, 0.3), (1e-06, 0.3), (588.999411, 589.000589), (1e-06, 1800), (1e-06, 74200)]
22:17:17:INFO:OPTIMIZER:x:
[  0.05725703   0.0164844  589.00054002 402.25563068 787.04997633]
22:17:17:INFO:OPTIMIZER:fun:0.00025662343825834605
22:17:17:INFO:OPTIMIZER:nfev:16655
22:17:17:INFO:OPTIMIZER:nit:261
22:17:17:INFO:OPTIMIZER:message:Optimization terminated successfully.
22:17:17:INFO:OPTIMIZER:success:True
22:17:17:INFO:OPTIMIZER:constr:[array([0.])]
22:17:17:INFO:OPTIMIZER:constr_violation:0.0
22:17:17:INFO:OPTIMIZER:maxcv:0.0
22:17:17:INFO:RESULT:A:
[[-0.05725703  0.08383828  0.        ]
 [ 0.05725703 -0.10032268  0.00842506]
 [ 0.          0.0164844  -0.00842506]]
22:17:17:INFO:RESULT:m_eq:
[589.00054002 402.25563068 787.04997633](1778.3061470344355)
22:17:17:INFO:RESULT:x_vec:
[  0.05725703   0.0164844  589.00054002 402.25563068 787.04997633](1778.379888459094)
22:17:17:INFO:RESULT:time_scale:
[ 6.58015851 71.26192541]
22:17:17:INFO:SAVE:message:saving bunch of data...
22:17:17:INFO:SAVE:message:saving optimizer data ...
