21:12:55:INFO:GENERAL:seed:1
21:12:55:INFO:GENERAL:rho:[0.01, 0.0, 0.0]
21:12:55:INFO:GENERAL:bounds_z:[(1e-06, 0.3), (1e-06, 0.3), (1e-06, 0.3), (588.999411, 589.000589), (1e-06, 1800), (1e-06, 74200), (1e-06, 1100)]
21:13:00:INFO:OPTIMIZER:x:
[    0.01815125     0.00197238     0.06245484   588.99959736
  1162.93377393 74196.33823865   430.21213771]
21:13:00:INFO:OPTIMIZER:fun:0.0006620729621181555
21:13:00:INFO:OPTIMIZER:nfev:24305
21:13:00:INFO:OPTIMIZER:nit:375
21:13:00:INFO:OPTIMIZER:message:Optimization terminated successfully.
21:13:00:INFO:OPTIMIZER:success:True
21:13:00:INFO:OPTIMIZER:constr:[array([0.])]
21:13:00:INFO:OPTIMIZER:constr_violation:0.0
21:13:00:INFO:OPTIMIZER:maxcv:0.0
21:13:00:INFO:RESULT:A:
[[-0.08060609  0.0091932   0.          0.08550636]
 [ 0.01815125 -0.01116558  0.00003091  0.        ]
 [ 0.          0.00197238 -0.00003091  0.        ]
 [ 0.06245484  0.          0.         -0.08550636]]
21:13:00:INFO:RESULT:m_eq:
[  588.99959736  1162.93377393 74196.33823865   430.21213771](76378.48374764649)
21:13:00:INFO:RESULT:x_vec:
[    0.01815125     0.00197238     0.06245484   588.99959736
  1162.93377393 74196.33823865   430.21213771](76378.56632612355)
21:13:00:INFO:RESULT:time_scale:
[  6.38036824  51.15162536 972.32092823]
21:13:00:INFO:SAVE:message:saving bunch of data...
21:13:00:INFO:SAVE:message:saving optimizer data ...
