22:21:07:INFO:GENERAL:seed:1
22:21:07:INFO:GENERAL:rho:[0.1, 0.001, 0.0]
22:21:07:INFO:GENERAL:bounds_z:[(1e-06, 0.3), (1e-06, 0.3), (588.999411, 589.000589), (1e-06, 1800), (1e-06, 74200)]
22:21:09:INFO:OPTIMIZER:x:
[    0.04928903     0.002828     588.99962426  1129.00133447
 37213.30892781]
22:21:09:INFO:OPTIMIZER:fun:0.003973200697071267
22:21:09:INFO:OPTIMIZER:nfev:6938
22:21:09:INFO:OPTIMIZER:nit:106
22:21:09:INFO:OPTIMIZER:message:Optimization terminated successfully.
22:21:09:INFO:OPTIMIZER:success:True
22:21:09:INFO:OPTIMIZER:constr:[array([0.])]
22:21:09:INFO:OPTIMIZER:constr_violation:0.0
22:21:09:INFO:OPTIMIZER:maxcv:0.0
22:21:09:INFO:RESULT:A:
[[-0.04928903  0.02571407  0.        ]
 [ 0.04928903 -0.02854207  0.0000858 ]
 [ 0.          0.002828   -0.0000858 ]]
22:21:09:INFO:RESULT:m_eq:
[  588.99962426  1129.00133447 37213.30892781](38931.30988653784)
22:21:09:INFO:RESULT:x_vec:
[    0.04928903     0.002828     588.99962426  1129.00133447
 37213.30892781](38931.3620035702)
22:21:09:INFO:RESULT:time_scale:
[ 13.15822183 521.16148788]
22:21:09:INFO:SAVE:message:saving bunch of data...
22:21:09:INFO:SAVE:message:saving optimizer data ...
