22:20:58:INFO:GENERAL:seed:1
22:20:58:INFO:GENERAL:rho:[0.1, 0.01, 0.0]
22:20:58:INFO:GENERAL:bounds_z:[(1e-06, 0.3), (1e-06, 0.3), (1e-06, 0.3), (588.999411, 589.000589), (1e-06, 1800), (1e-06, 74200), (1e-06, 1100)]
22:21:00:INFO:OPTIMIZER:x:
[    0.01556364     0.00367289     0.03725667   588.99965858
   900.00003662 37099.99952812   550.00012884]
22:21:00:INFO:OPTIMIZER:fun:0.003762499350537121
22:21:00:INFO:OPTIMIZER:nfev:12186
22:21:00:INFO:OPTIMIZER:nit:189
22:21:00:INFO:OPTIMIZER:message:Optimization terminated successfully.
22:21:00:INFO:OPTIMIZER:success:True
22:21:00:INFO:OPTIMIZER:constr:[array([0.])]
22:21:00:INFO:OPTIMIZER:constr_violation:0.0
22:21:00:INFO:OPTIMIZER:maxcv:0.0
22:21:00:INFO:RESULT:A:
[[-0.05282031  0.01018553  0.          0.03989847]
 [ 0.01556364 -0.01385842  0.0000891   0.        ]
 [ 0.          0.00367289 -0.0000891   0.        ]
 [ 0.03725667  0.          0.         -0.03989847]]
22:21:00:INFO:RESULT:m_eq:
[  588.99965858   900.00003662 37099.99952812   550.00012884](39138.99935216284)
22:21:00:INFO:RESULT:x_vec:
[    0.01556364     0.00367289     0.03725667   588.99965858
   900.00003662 37099.99952812   550.00012884](39139.05584535851)
22:21:00:INFO:RESULT:time_scale:
[ 11.52949752  54.26882978 664.24523687]
22:21:00:INFO:SAVE:message:saving bunch of data...
22:21:00:INFO:SAVE:message:saving optimizer data ...
