22:07:16:INFO:GENERAL:seed:1
22:07:16:INFO:GENERAL:rho:[0.1, 0.001, 0.0001]
22:07:16:INFO:GENERAL:bounds_z:[(1e-06, 0.3), (1e-06, 0.3), (588.999411, 589.000589), (1e-06, 1800), (1e-06, 74200)]
22:07:17:INFO:OPTIMIZER:x:
[    0.02914662     0.00214073   589.00051185   779.28461408
 37124.33359732]
22:07:17:INFO:OPTIMIZER:fun:0.0032221295199664603
22:07:17:INFO:OPTIMIZER:nfev:7398
22:07:17:INFO:OPTIMIZER:nit:115
22:07:17:INFO:OPTIMIZER:message:Optimization terminated successfully.
22:07:17:INFO:OPTIMIZER:success:True
22:07:17:INFO:OPTIMIZER:constr:[array([0.])]
22:07:17:INFO:OPTIMIZER:constr_violation:0.0
22:07:17:INFO:OPTIMIZER:maxcv:0.0
22:07:17:INFO:RESULT:A:
[[-0.02914662  0.02202966  0.        ]
 [ 0.02914662 -0.02417039  0.00004494]
 [ 0.          0.00214073 -0.00004494]]
22:07:17:INFO:RESULT:m_eq:
[  589.00051185   779.28461408 37124.33359732](38492.61872324414)
22:07:17:INFO:RESULT:x_vec:
[    0.02914662     0.00214073   589.00051185   779.28461408
 37124.33359732](38492.65001059363)
22:07:17:INFO:RESULT:time_scale:
[ 19.18623601 805.64094097]
22:07:17:INFO:SAVE:message:saving bunch of data...
22:07:17:INFO:SAVE:message:saving optimizer data ...
