21:14:17:INFO:GENERAL:seed:1
21:14:17:INFO:GENERAL:rho:[0.01, 0.1, 0.01]
21:14:17:INFO:GENERAL:bounds_z:[(1e-06, 0.3), (1e-06, 0.3), (588.999411, 589.000589), (1e-06, 1800), (1e-06, 74200)]
21:14:19:INFO:OPTIMIZER:x:
[    0.06945013     0.00459486   588.99999189   900.00000302
 37100.00024877]
21:14:19:INFO:OPTIMIZER:fun:0.0011984633454230778
21:14:19:INFO:OPTIMIZER:nfev:9594
21:14:19:INFO:OPTIMIZER:nit:149
21:14:19:INFO:OPTIMIZER:message:Optimization terminated successfully.
21:14:19:INFO:OPTIMIZER:success:True
21:14:19:INFO:OPTIMIZER:constr:[array([0.])]
21:14:19:INFO:OPTIMIZER:constr_violation:0.0
21:14:19:INFO:OPTIMIZER:maxcv:0.0
21:14:19:INFO:RESULT:A:
[[-0.06945013  0.04545125  0.        ]
 [ 0.06945013 -0.05004611  0.00011147]
 [ 0.          0.00459486 -0.00011147]]
21:14:19:INFO:RESULT:m_eq:
[  588.99999189   900.00000302 37100.00024877](38589.00024368382)
21:14:19:INFO:RESULT:x_vec:
[    0.06945013     0.00459486   588.99999189   900.00000302
 37100.00024877](38589.074288668264)
21:14:19:INFO:RESULT:time_scale:
[  8.56420584 351.78568763]
21:14:19:INFO:SAVE:message:saving bunch of data...
21:14:19:INFO:SAVE:message:saving optimizer data ...
