22:18:03:INFO:GENERAL:seed:1
22:18:03:INFO:GENERAL:rho:[0.001, 0.0, 0.1]
22:18:03:INFO:GENERAL:bounds_z:[(1e-06, 0.3), (1e-06, 0.3), (588.999411, 589.000589), (1e-06, 1800), (1e-06, 74200)]
22:18:05:INFO:OPTIMIZER:x:
[  0.0568218    0.01624908 589.00050822 405.11159774 786.24909601]
22:18:05:INFO:OPTIMIZER:fun:0.00027418367596739355
22:18:05:INFO:OPTIMIZER:nfev:14474
22:18:05:INFO:OPTIMIZER:nit:224
22:18:05:INFO:OPTIMIZER:message:Optimization terminated successfully.
22:18:05:INFO:OPTIMIZER:success:True
22:18:05:INFO:OPTIMIZER:constr:[array([0.])]
22:18:05:INFO:OPTIMIZER:constr_violation:0.0
22:18:05:INFO:OPTIMIZER:maxcv:0.0
22:18:05:INFO:RESULT:A:
[[-0.0568218   0.08261445  0.        ]
 [ 0.0568218  -0.09886353  0.00837227]
 [ 0.          0.01624908 -0.00837227]]
22:18:05:INFO:RESULT:m_eq:
[589.00050822 405.11159774 786.24909601](1780.3612019735428)
22:18:05:INFO:RESULT:x_vec:
[  0.0568218    0.01624908 589.00050822 405.11159774 786.24909601](1780.4342728596725)
22:18:05:INFO:RESULT:time_scale:
[ 6.66081217 71.80934526]
22:18:05:INFO:SAVE:message:saving bunch of data...
22:18:05:INFO:SAVE:message:saving optimizer data ...
