21:13:02:INFO:GENERAL:seed:1
21:13:02:INFO:GENERAL:rho:[0.0001, 0.001, 0.0001]
21:13:02:INFO:GENERAL:bounds_z:[(1e-06, 0.3), (1e-06, 0.3), (1e-06, 0.3), (588.999411, 589.000589), (1e-06, 1800), (1e-06, 74200), (1e-06, 1100)]
21:13:07:INFO:OPTIMIZER:x:
[    0.06577959     0.00857149     0.0229078    588.99944115
   338.47027917 36988.0432626    691.4157973 ]
21:13:07:INFO:OPTIMIZER:fun:0.00038602107980584895
21:13:07:INFO:OPTIMIZER:nfev:23391
21:13:07:INFO:OPTIMIZER:nit:365
21:13:07:INFO:OPTIMIZER:message:Optimization terminated successfully.
21:13:07:INFO:OPTIMIZER:success:True
21:13:07:INFO:OPTIMIZER:constr:[array([0.])]
21:13:07:INFO:OPTIMIZER:constr_violation:0.0
21:13:07:INFO:OPTIMIZER:maxcv:0.0
21:13:07:INFO:RESULT:A:
[[-0.08868738  0.11446837  0.          0.01951456]
 [ 0.06577959 -0.12303986  0.00007844  0.        ]
 [ 0.          0.00857149 -0.00007844  0.        ]
 [ 0.0229078   0.          0.         -0.01951456]]
21:13:07:INFO:RESULT:m_eq:
[  588.99944115   338.47027917 36988.0432626    691.4157973 ](38606.92878022033)
21:13:07:INFO:RESULT:x_vec:
[    0.06577959     0.00857149     0.0229078    588.99944115
   338.47027917 36988.0432626    691.4157973 ](38607.02603909517)
21:13:07:INFO:RESULT:time_scale:
[  5.11885629  29.19915545 582.56771775]
21:13:07:INFO:SAVE:message:saving bunch of data...
21:13:07:INFO:SAVE:message:saving optimizer data ...
