21:13:40:INFO:GENERAL:seed:1
21:13:40:INFO:GENERAL:rho:[0.1, 0.0001, 0.001]
21:13:40:INFO:GENERAL:bounds_z:[(1e-06, 0.3), (1e-06, 0.3), (588.999411, 589.000589), (1e-06, 1800), (1e-06, 74200)]
21:13:41:INFO:OPTIMIZER:x:
[    0.04806389     0.00258667   588.99946017  1164.98804402
 38380.12434296]
21:13:41:INFO:OPTIMIZER:fun:0.0038910678668029894
21:13:41:INFO:OPTIMIZER:nfev:7566
21:13:41:INFO:OPTIMIZER:nit:116
21:13:41:INFO:OPTIMIZER:message:Optimization terminated successfully.
21:13:41:INFO:OPTIMIZER:success:True
21:13:41:INFO:OPTIMIZER:constr:[array([0.])]
21:13:41:INFO:OPTIMIZER:constr_violation:0.0
21:13:41:INFO:OPTIMIZER:maxcv:0.0
21:13:41:INFO:RESULT:A:
[[-0.04806389  0.02430034  0.        ]
 [ 0.04806389 -0.02688701  0.00007852]
 [ 0.          0.00258667 -0.00007852]]
21:13:41:INFO:RESULT:m_eq:
[  588.99946017  1164.98804402 38380.12434296](40134.11184715114)
21:13:41:INFO:RESULT:x_vec:
[    0.04806389     0.00258667   588.99946017  1164.98804402
 38380.12434296](40134.16249770988)
21:13:41:INFO:RESULT:time_scale:
[ 13.65100402 563.46654732]
21:13:41:INFO:SAVE:message:saving bunch of data...
21:13:41:INFO:SAVE:message:saving optimizer data ...
