22:16:40:INFO:GENERAL:seed:1
22:16:40:INFO:GENERAL:rho:[0.1, 0.01, 0.001]
22:16:40:INFO:GENERAL:bounds_z:[(1e-06, 0.3), (1e-06, 0.3), (588.999411, 589.000589), (1e-06, 1800), (1e-06, 74200)]
22:16:42:INFO:OPTIMIZER:x:
[    0.02584288     0.00107963   589.00036445   899.99970129
 37099.9999762 ]
22:16:42:INFO:OPTIMIZER:fun:0.0032928944001070146
22:16:42:INFO:OPTIMIZER:nfev:9272
22:16:42:INFO:OPTIMIZER:nit:143
22:16:42:INFO:OPTIMIZER:message:Optimization terminated successfully.
22:16:42:INFO:OPTIMIZER:success:True
22:16:42:INFO:OPTIMIZER:constr:[array([0.])]
22:16:42:INFO:OPTIMIZER:constr_violation:0.0
22:16:42:INFO:OPTIMIZER:maxcv:0.0
22:16:42:INFO:RESULT:A:
[[-0.02584288  0.01691275  0.        ]
 [ 0.02584288 -0.01799237  0.00002619]
 [ 0.          0.00107963 -0.00002619]]
22:16:42:INFO:RESULT:m_eq:
[  589.00036445   899.99970129 37099.9999762 ](38589.000041944404)
22:16:42:INFO:RESULT:x_vec:
[    0.02584288     0.00107963   589.00036445   899.99970129
 37099.9999762 ](38589.02696445309)
22:16:42:INFO:RESULT:time_scale:
[  23.15376948 1488.24278438]
22:16:42:INFO:SAVE:message:saving bunch of data...
22:16:42:INFO:SAVE:message:saving optimizer data ...
