21:14:05:INFO:GENERAL:seed:1
21:14:05:INFO:GENERAL:rho:[0.0001, 0.1, 0.01]
21:14:05:INFO:GENERAL:bounds_z:[(1e-06, 0.3), (1e-06, 0.3), (588.999411, 589.000589), (1e-06, 1800), (1e-06, 74200)]
21:14:07:INFO:OPTIMIZER:x:
[    0.07113473     0.00457921   589.00000183   899.99999739
 37099.99985964]
21:14:07:INFO:OPTIMIZER:fun:0.0007992717508616566
21:14:07:INFO:OPTIMIZER:nfev:9910
21:14:07:INFO:OPTIMIZER:nit:156
21:14:07:INFO:OPTIMIZER:message:Optimization terminated successfully.
21:14:07:INFO:OPTIMIZER:success:True
21:14:07:INFO:OPTIMIZER:constr:[array([0.])]
21:14:07:INFO:OPTIMIZER:constr_violation:0.0
21:14:07:INFO:OPTIMIZER:maxcv:0.0
21:14:07:INFO:RESULT:A:
[[-0.07113473  0.04655373  0.        ]
 [ 0.07113473 -0.05113294  0.00011109]
 [ 0.          0.00457921 -0.00011109]]
21:14:07:INFO:RESULT:m_eq:
[  589.00000183   899.99999739 37099.99985964](38588.99985886082)
21:14:07:INFO:RESULT:x_vec:
[    0.07113473     0.00457921   589.00000183   899.99999739
 37099.99985964](38589.075572799564)
21:14:07:INFO:RESULT:time_scale:
[  8.36508315 352.83166348]
21:14:07:INFO:SAVE:message:saving bunch of data...
21:14:07:INFO:SAVE:message:saving optimizer data ...
