22:08:10:INFO:GENERAL:seed:1
22:08:10:INFO:GENERAL:rho:[0.01, 0.001, 0.01]
22:08:10:INFO:GENERAL:bounds_z:[(1e-06, 0.3), (1e-06, 0.3), (588.999411, 589.000589), (1e-06, 1800), (1e-06, 74200)]
22:08:12:INFO:OPTIMIZER:x:
[    0.03963819     0.00367049   589.00053489   634.08900476
 37017.04532399]
22:08:12:INFO:OPTIMIZER:fun:0.001241924677739239
22:08:12:INFO:OPTIMIZER:nfev:8562
22:08:12:INFO:OPTIMIZER:nit:132
22:08:12:INFO:OPTIMIZER:message:Optimization terminated successfully.
22:08:12:INFO:OPTIMIZER:success:True
22:08:12:INFO:OPTIMIZER:constr:[array([0.])]
22:08:12:INFO:OPTIMIZER:constr_violation:0.0
22:08:12:INFO:OPTIMIZER:maxcv:0.0
22:08:12:INFO:RESULT:A:
[[-0.03963819  0.03681962  0.        ]
 [ 0.03963819 -0.04049011  0.00006287]
 [ 0.          0.00367049 -0.00006287]]
22:08:12:INFO:RESULT:m_eq:
[  589.00053489   634.08900476 37017.04532399](38240.134863638006)
22:08:12:INFO:RESULT:x_vec:
[    0.03963819     0.00367049   589.00053489   634.08900476
 37017.04532399](38240.17817231975)
22:08:12:INFO:RESULT:time_scale:
[ 12.77613494 520.76833754]
22:08:12:INFO:SAVE:message:saving bunch of data...
22:08:12:INFO:SAVE:message:saving optimizer data ...
