22:04:06:INFO:GENERAL:seed:1
22:04:06:INFO:GENERAL:rho:[0.0, 0.01, 0.01]
22:04:06:INFO:GENERAL:bounds_z:[(1e-06, 0.3), (1e-06, 0.3), (588.999411, 589.000589), (1e-06, 1800), (1e-06, 74200)]
22:04:08:INFO:OPTIMIZER:x:
[    0.07116248     0.00457896   588.99993456   900.0000524
 37099.99836743]
22:04:08:INFO:OPTIMIZER:fun:0.0007951920704600287
22:04:08:INFO:OPTIMIZER:nfev:9043
22:04:08:INFO:OPTIMIZER:nit:140
22:04:08:INFO:OPTIMIZER:message:Optimization terminated successfully.
22:04:08:INFO:OPTIMIZER:success:True
22:04:08:INFO:OPTIMIZER:constr:[array([0.])]
22:04:08:INFO:OPTIMIZER:constr_violation:0.0
22:04:08:INFO:OPTIMIZER:maxcv:0.0
22:04:08:INFO:RESULT:A:
[[-0.07116248  0.04657188  0.        ]
 [ 0.07116248 -0.05115085  0.00011108]
 [ 0.          0.00457896 -0.00011108]]
22:04:08:INFO:RESULT:m_eq:
[  588.99993456   900.0000524  37099.99836743](38588.99835439063)
22:04:08:INFO:RESULT:x_vec:
[    0.07116248     0.00457896   588.99993456   900.0000524
 37099.99836743](38589.07409583942)
22:04:08:INFO:RESULT:time_scale:
[  8.36187979 352.84832861]
22:04:08:INFO:SAVE:message:saving bunch of data...
22:04:08:INFO:SAVE:message:saving optimizer data ...
