22:21:42:INFO:GENERAL:seed:1
22:21:42:INFO:GENERAL:rho:[0.0001, 0.0001, 0.001]
22:21:42:INFO:GENERAL:bounds_z:[(1e-06, 0.3), (1e-06, 0.3), (1e-06, 0.3), (588.999411, 589.000589), (1e-06, 1800), (1e-06, 74200), (1e-06, 1100)]
22:21:48:INFO:OPTIMIZER:x:
[    0.06489554     0.01106819     0.02730262   589.00013875
   278.17431923 35953.624036     708.51264647]
22:21:48:INFO:OPTIMIZER:fun:0.0002358987184383719
22:21:48:INFO:OPTIMIZER:nfev:28055
22:21:48:INFO:OPTIMIZER:nit:435
22:21:48:INFO:OPTIMIZER:message:Optimization terminated successfully.
22:21:48:INFO:OPTIMIZER:success:True
22:21:48:INFO:OPTIMIZER:constr:[array([0.])]
22:21:48:INFO:OPTIMIZER:constr_violation:0.0
22:21:48:INFO:OPTIMIZER:maxcv:0.0
22:21:48:INFO:RESULT:A:
[[-0.09219817  0.13740838  0.          0.02269719]
 [ 0.06489554 -0.14847658  0.00008563  0.        ]
 [ 0.          0.01106819 -0.00008563  0.        ]
 [ 0.02730262  0.          0.         -0.02269719]]
22:21:48:INFO:RESULT:m_eq:
[  589.00013875   278.17431923 35953.624036     708.51264647](37529.31114044394)
22:21:48:INFO:RESULT:x_vec:
[    0.06489554     0.01106819     0.02730262   589.00013875
   278.17431923 35953.624036     708.51264647](37529.414406803786)
22:21:48:INFO:RESULT:time_scale:
[  4.54529266  24.04427649 537.69339094]
22:21:48:INFO:SAVE:message:saving bunch of data...
22:21:48:INFO:SAVE:message:saving optimizer data ...
