22:03:11:INFO:GENERAL:seed:1
22:03:11:INFO:GENERAL:rho:[0.0, 0.0, 0.001]
22:03:11:INFO:GENERAL:bounds_z:[(1e-06, 0.3), (1e-06, 0.3), (588.999411, 589.000589), (1e-06, 1800), (1e-06, 74200)]
22:03:13:INFO:OPTIMIZER:x:
[   0.08080183    0.0124876   589.00016794  714.18351391 1272.44277995]
22:03:13:INFO:OPTIMIZER:fun:0.0002737894322008551
22:03:13:INFO:OPTIMIZER:nfev:12585
22:03:13:INFO:OPTIMIZER:nit:197
22:03:13:INFO:OPTIMIZER:message:Optimization terminated successfully.
22:03:13:INFO:OPTIMIZER:success:True
22:03:13:INFO:OPTIMIZER:constr:[array([0.])]
22:03:13:INFO:OPTIMIZER:constr_violation:0.0
22:03:13:INFO:OPTIMIZER:maxcv:0.0
22:03:13:INFO:RESULT:A:
[[-0.08080183  0.06663874  0.        ]
 [ 0.08080183 -0.07912634  0.00700891]
 [ 0.          0.0124876  -0.00700891]]
22:03:13:INFO:RESULT:m_eq:
[ 589.00016794  714.18351391 1272.44277995](2575.6264617974493)
22:03:13:INFO:RESULT:x_vec:
[   0.08080183    0.0124876   589.00016794  714.18351391 1272.44277995](2575.7197512237276)
22:03:13:INFO:RESULT:time_scale:
[ 6.50855738 75.22644035]
22:03:13:INFO:SAVE:message:saving bunch of data...
22:03:13:INFO:SAVE:message:saving optimizer data ...
