22:16:12:INFO:GENERAL:seed:1
22:16:12:INFO:GENERAL:rho:[0.0001, 0.001, 0.0001]
22:16:12:INFO:GENERAL:bounds_z:[(1e-06, 0.3), (1e-06, 0.3), (588.999411, 589.000589), (1e-06, 1800), (1e-06, 74200)]
22:16:14:INFO:OPTIMIZER:x:
[    0.041258       0.00383532   589.00049588   620.46530973
 36975.46208022]
22:16:14:INFO:OPTIMIZER:fun:0.0009706876541138634
22:16:14:INFO:OPTIMIZER:nfev:8059
22:16:14:INFO:OPTIMIZER:nit:123
22:16:14:INFO:OPTIMIZER:message:Optimization terminated successfully.
22:16:14:INFO:OPTIMIZER:success:True
22:16:14:INFO:OPTIMIZER:constr:[array([0.])]
22:16:14:INFO:OPTIMIZER:constr_violation:0.0
22:16:14:INFO:OPTIMIZER:maxcv:0.0
22:16:14:INFO:RESULT:A:
[[-0.041258    0.03916574  0.        ]
 [ 0.041258   -0.04300105  0.00006436]
 [ 0.          0.00383532 -0.00006436]]
22:16:14:INFO:RESULT:m_eq:
[  589.00049588   620.46530973 36975.46208022](38184.92788582991)
22:16:14:INFO:RESULT:x_vec:
[    0.041258       0.00383532   589.00049588   620.46530973
 36975.46208022](38184.97297914423)
22:16:14:INFO:RESULT:time_scale:
[ 12.14494804 503.86788646]
22:16:14:INFO:SAVE:message:saving bunch of data...
22:16:14:INFO:SAVE:message:saving optimizer data ...
