22:07:51:INFO:GENERAL:seed:1
22:07:51:INFO:GENERAL:rho:[0.01, 0.1, 0.001]
22:07:51:INFO:GENERAL:bounds_z:[(1e-06, 0.3), (1e-06, 0.3), (588.999411, 589.000589), (1e-06, 1800), (1e-06, 74200)]
22:07:53:INFO:OPTIMIZER:x:
[    0.0282246      0.00103487   589.00000296   899.99997475
 37100.00045535]
22:07:53:INFO:OPTIMIZER:fun:0.0019216243746055027
22:07:53:INFO:OPTIMIZER:nfev:9237
22:07:53:INFO:OPTIMIZER:nit:144
22:07:53:INFO:OPTIMIZER:message:Optimization terminated successfully.
22:07:53:INFO:OPTIMIZER:success:True
22:07:53:INFO:OPTIMIZER:constr:[array([0.])]
22:07:53:INFO:OPTIMIZER:constr_violation:0.0
22:07:53:INFO:OPTIMIZER:maxcv:0.0
22:07:53:INFO:RESULT:A:
[[-0.0282246   0.01847143  0.        ]
 [ 0.0282246  -0.01950631  0.0000251 ]
 [ 0.          0.00103487 -0.0000251 ]]
22:07:53:INFO:RESULT:m_eq:
[  589.00000296   899.99997475 37100.00045535](38589.00043305833)
22:07:53:INFO:RESULT:x_vec:
[    0.0282246      0.00103487   589.00000296   899.99997475
 37100.00045535](38589.029692532604)
22:07:53:INFO:RESULT:time_scale:
[  21.22640733 1550.66670957]
22:07:53:INFO:SAVE:message:saving bunch of data...
22:07:53:INFO:SAVE:message:saving optimizer data ...
