22:08:12:INFO:GENERAL:seed:1
22:08:12:INFO:GENERAL:rho:[0.1, 0.001, 0.01]
22:08:12:INFO:GENERAL:bounds_z:[(1e-06, 0.3), (1e-06, 0.3), (1e-06, 0.3), (588.999411, 589.000589), (1e-06, 1800), (1e-06, 74200), (1e-06, 1100)]
22:08:18:INFO:OPTIMIZER:x:
[    0.01295547     0.00238518     0.0150902    588.99969531
   583.60672643 37194.65170058   317.25008414]
22:08:18:INFO:OPTIMIZER:fun:0.0034550457247810415
22:08:18:INFO:OPTIMIZER:nfev:31585
22:08:18:INFO:OPTIMIZER:nit:493
22:08:18:INFO:OPTIMIZER:message:Optimization terminated successfully.
22:08:18:INFO:OPTIMIZER:success:True
22:08:18:INFO:OPTIMIZER:constr:[array([0.])]
22:08:18:INFO:OPTIMIZER:constr_violation:0.0
22:08:18:INFO:OPTIMIZER:maxcv:0.0
22:08:18:INFO:RESULT:A:
[[-0.02804567  0.01307519  0.          0.02801615]
 [ 0.01295547 -0.01546037  0.00003742  0.        ]
 [ 0.          0.00238518 -0.00003742  0.        ]
 [ 0.0150902   0.          0.         -0.02801615]]
22:08:18:INFO:RESULT:m_eq:
[  588.99969531   583.60672643 37194.65170058   317.25008414](38684.50820646808)
22:08:18:INFO:RESULT:x_vec:
[    0.01295547     0.00238518     0.0150902    588.99969531
   583.60672643 37194.65170058   317.25008414](38684.53863732368)
22:08:18:INFO:RESULT:time_scale:
[  19.56680692   51.14686231 1109.73923752]
22:08:18:INFO:SAVE:message:saving bunch of data...
22:08:18:INFO:SAVE:message:saving optimizer data ...
