22:04:43:INFO:GENERAL:seed:1
22:04:43:INFO:GENERAL:rho:[0.001, 0.1, 0.1]
22:04:43:INFO:GENERAL:bounds_z:[(1e-06, 0.3), (1e-06, 0.3), (588.999411, 589.000589), (1e-06, 1800), (1e-06, 74200)]
22:04:44:INFO:OPTIMIZER:x:
[    0.07097275     0.00458057   588.99999995   900.00000773
 37100.00018342]
22:04:44:INFO:OPTIMIZER:fun:0.0008359459779065781
22:04:44:INFO:OPTIMIZER:nfev:9352
22:04:44:INFO:OPTIMIZER:nit:145
22:04:44:INFO:OPTIMIZER:message:Optimization terminated successfully.
22:04:44:INFO:OPTIMIZER:success:True
22:04:44:INFO:OPTIMIZER:constr:[array([0.])]
22:04:44:INFO:OPTIMIZER:constr_violation:0.0
22:04:44:INFO:OPTIMIZER:maxcv:0.0
22:04:44:INFO:RESULT:A:
[[-0.07097275  0.04644772  0.        ]
 [ 0.07097275 -0.05102828  0.00011112]
 [ 0.          0.00458057 -0.00011112]]
22:04:44:INFO:RESULT:m_eq:
[  588.99999995   900.00000773 37100.00018342](38589.00019110065)
22:04:44:INFO:RESULT:x_vec:
[    0.07097275     0.00458057   588.99999995   900.00000773
 37100.00018342](38589.07574441259)
22:04:44:INFO:RESULT:time_scale:
[  8.38383074 352.74202242]
22:04:44:INFO:SAVE:message:saving bunch of data...
22:04:44:INFO:SAVE:message:saving optimizer data ...
