22:15:56:INFO:GENERAL:seed:1
22:15:56:INFO:GENERAL:rho:[0.01, 0.0001, 0.0001]
22:15:56:INFO:GENERAL:bounds_z:[(1e-06, 0.3), (1e-06, 0.3), (588.999411, 589.000589), (1e-06, 1800), (1e-06, 74200)]
22:15:59:INFO:OPTIMIZER:x:
[  0.05300875   0.01407441 589.00058716 433.2980027  780.79511521]
22:15:59:INFO:OPTIMIZER:fun:0.0007774445792002501
22:15:59:INFO:OPTIMIZER:nfev:14942
22:15:59:INFO:OPTIMIZER:nit:235
22:15:59:INFO:OPTIMIZER:message:Optimization terminated successfully.
22:15:59:INFO:OPTIMIZER:success:True
22:15:59:INFO:OPTIMIZER:constr:[array([0.])]
22:15:59:INFO:OPTIMIZER:constr_violation:0.0
22:15:59:INFO:OPTIMIZER:maxcv:0.0
22:15:59:INFO:RESULT:A:
[[-0.05300875  0.07205707  0.        ]
 [ 0.05300875 -0.08613148  0.00781052]
 [ 0.          0.01407441 -0.00781052]]
22:15:59:INFO:RESULT:m_eq:
[589.00058716 433.2980027  780.79511521](1803.0937050631912)
22:15:59:INFO:RESULT:x_vec:
[  0.05300875   0.01407441 589.00058716 433.2980027  780.79511521](1803.160788222796)
22:15:59:INFO:RESULT:time_scale:
[ 7.456943   77.83594118]
22:15:59:INFO:SAVE:message:saving bunch of data...
22:15:59:INFO:SAVE:message:saving optimizer data ...
