22:06:53:INFO:GENERAL:seed:1
22:06:53:INFO:GENERAL:rho:[0.0, 0.0, 0.0001]
22:06:53:INFO:GENERAL:bounds_z:[(1e-06, 0.3), (1e-06, 0.3), (1e-06, 0.3), (588.999411, 589.000589), (1e-06, 1800), (1e-06, 74200), (1e-06, 1100)]
22:06:59:INFO:OPTIMIZER:x:
[    0.04980512     0.00683238     0.01367576   589.00011691
   211.32533639 74184.51495066   509.3465027 ]
22:06:59:INFO:OPTIMIZER:fun:0.00018958878833752387
22:06:59:INFO:OPTIMIZER:nfev:31516
22:06:59:INFO:OPTIMIZER:nit:496
22:06:59:INFO:OPTIMIZER:message:Optimization terminated successfully.
22:06:59:INFO:OPTIMIZER:success:True
22:06:59:INFO:OPTIMIZER:constr:[array([0.])]
22:06:59:INFO:OPTIMIZER:constr_violation:0.0
22:06:59:INFO:OPTIMIZER:maxcv:0.0
22:06:59:INFO:RESULT:A:
[[-0.06348087  0.13881544  0.          0.01581442]
 [ 0.04980512 -0.14564782  0.00001946  0.        ]
 [ 0.          0.00683238 -0.00001946  0.        ]
 [ 0.01367576  0.          0.         -0.01581442]]
22:06:59:INFO:RESULT:m_eq:
[  589.00011691   211.32533639 74184.51495066   509.3465027 ](75494.18690664766)
22:06:59:INFO:RESULT:x_vec:
[    0.04980512     0.00683238     0.01367576   589.00011691
   211.32533639 74184.51495066   509.3465027 ](75494.25721990065)
22:06:59:INFO:RESULT:time_scale:
[  5.0596458   38.07301983 947.90060492]
22:06:59:INFO:SAVE:message:saving bunch of data...
22:06:59:INFO:SAVE:message:saving optimizer data ...
