22:17:28:INFO:GENERAL:seed:1
22:17:28:INFO:GENERAL:rho:[0.001, 0.0001, 0.01]
22:17:28:INFO:GENERAL:bounds_z:[(1e-06, 0.3), (1e-06, 0.3), (1e-06, 0.3), (588.999411, 589.000589), (1e-06, 1800), (1e-06, 74200), (1e-06, 1100)]
22:17:35:INFO:OPTIMIZER:x:
[    0.0498389      0.01031915     0.01701558   588.99972408
   166.09872697 37377.13693006   489.44505252]
22:17:35:INFO:OPTIMIZER:fun:0.0003213759326274589
22:17:35:INFO:OPTIMIZER:nfev:36107
22:17:35:INFO:OPTIMIZER:nit:566
22:17:35:INFO:OPTIMIZER:message:Optimization terminated successfully.
22:17:35:INFO:OPTIMIZER:success:True
22:17:35:INFO:OPTIMIZER:constr:[array([0.])]
22:17:35:INFO:OPTIMIZER:constr_violation:0.0
22:17:35:INFO:OPTIMIZER:maxcv:0.0
22:17:35:INFO:RESULT:A:
[[-0.06685448  0.17673282  0.          0.0204766 ]
 [ 0.0498389  -0.18705196  0.00004586  0.        ]
 [ 0.          0.01031915 -0.00004586  0.        ]
 [ 0.01701558  0.          0.         -0.0204766 ]]
22:17:35:INFO:RESULT:m_eq:
[  588.99972408   166.09872697 37377.13693006   489.44505252](38621.68043363794)
22:17:35:INFO:RESULT:x_vec:
[    0.0498389      0.01031915     0.01701558   588.99972408
   166.09872697 37377.13693006   489.44505252](38621.75760725982)
22:17:35:INFO:RESULT:time_scale:
[  4.18813711  29.12751401 753.3216768 ]
22:17:35:INFO:SAVE:message:saving bunch of data...
22:17:35:INFO:SAVE:message:saving optimizer data ...
