22:23:49:INFO:GENERAL:seed:1
22:23:49:INFO:GENERAL:rho:[0.01, 0.0001, 0.1]
22:23:49:INFO:GENERAL:bounds_z:[(1e-06, 0.3), (1e-06, 0.3), (588.999411, 589.000589), (1e-06, 1800), (1e-06, 74200)]
22:23:52:INFO:OPTIMIZER:x:
[   0.07693846    0.01093534  589.00008523  752.34099437 1288.75298248]
22:23:52:INFO:OPTIMIZER:fun:0.000841823341609523
22:23:52:INFO:OPTIMIZER:nfev:14026
22:23:52:INFO:OPTIMIZER:nit:220
22:23:52:INFO:OPTIMIZER:message:Optimization terminated successfully.
22:23:52:INFO:OPTIMIZER:success:True
22:23:52:INFO:OPTIMIZER:constr:[array([0.])]
22:23:52:INFO:OPTIMIZER:constr_violation:0.0
22:23:52:INFO:OPTIMIZER:maxcv:0.0
22:23:52:INFO:RESULT:A:
[[-0.07693846  0.06023433  0.        ]
 [ 0.07693846 -0.07116968  0.00638377]
 [ 0.          0.01093534 -0.00638377]]
22:23:52:INFO:RESULT:m_eq:
[ 589.00008523  752.34099437 1288.75298248](2630.0940620758015)
22:23:52:INFO:RESULT:x_vec:
[   0.07693846    0.01093534  589.00008523  752.34099437 1288.75298248](2630.1819358772864)
22:23:52:INFO:RESULT:time_scale:
[ 7.02063388 82.95569347]
22:23:52:INFO:SAVE:message:saving bunch of data...
22:23:52:INFO:SAVE:message:saving optimizer data ...
