22:04:47:INFO:GENERAL:seed:1
22:04:47:INFO:GENERAL:rho:[0.001, 0.001, 0.1]
22:04:47:INFO:GENERAL:bounds_z:[(1e-06, 0.3), (1e-06, 0.3), (1e-06, 0.3), (588.999411, 589.000589), (1e-06, 1800), (1e-06, 74200), (1e-06, 1100)]
22:05:00:INFO:OPTIMIZER:x:
[    0.06377224     0.01112384     0.02740887   589.00028847
   279.57935109 36940.9281982    702.84651081]
22:05:00:INFO:OPTIMIZER:fun:0.0004626118823117923
22:05:00:INFO:OPTIMIZER:nfev:71452
22:05:00:INFO:OPTIMIZER:nit:1113
22:05:00:INFO:OPTIMIZER:message:Optimization terminated successfully.
22:05:00:INFO:OPTIMIZER:success:True
22:05:00:INFO:OPTIMIZER:constr:[array([0.])]
22:05:00:INFO:OPTIMIZER:constr_violation:0.0
22:05:00:INFO:OPTIMIZER:maxcv:0.0
22:05:00:INFO:RESULT:A:
[[-0.09118111  0.13435137  0.          0.02296922]
 [ 0.06377224 -0.14547521  0.00008419  0.        ]
 [ 0.          0.01112384 -0.00008419  0.        ]
 [ 0.02740887  0.          0.         -0.02296922]]
22:05:00:INFO:RESULT:m_eq:
[  589.00028847   279.57935109 36940.9281982    702.84651081](38512.35434856687)
22:05:00:INFO:RESULT:x_vec:
[    0.06377224     0.01112384     0.02740887   589.00028847
   279.57935109 36940.9281982    702.84651081](38512.45665352344)
22:05:00:INFO:RESULT:time_scale:
[  4.63011747  23.89302369 532.12281175]
22:05:00:INFO:SAVE:message:saving bunch of data...
22:05:00:INFO:SAVE:message:saving optimizer data ...
