21:13:31:INFO:GENERAL:seed:1
21:13:31:INFO:GENERAL:rho:[0.01, 0.001, 0.001]
21:13:31:INFO:GENERAL:bounds_z:[(1e-06, 0.3), (1e-06, 0.3), (588.999411, 589.000589), (1e-06, 1800), (1e-06, 74200)]
21:13:32:INFO:OPTIMIZER:x:
[    0.0661319      0.00408671   588.99954263   954.63577068
 37048.18030658]
21:13:32:INFO:OPTIMIZER:fun:0.0011520777188289847
21:13:32:INFO:OPTIMIZER:nfev:8286
21:13:32:INFO:OPTIMIZER:nit:130
21:13:32:INFO:OPTIMIZER:message:Optimization terminated successfully.
21:13:32:INFO:OPTIMIZER:success:True
21:13:32:INFO:OPTIMIZER:constr:[array([0.])]
21:13:32:INFO:OPTIMIZER:constr_violation:0.0
21:13:32:INFO:OPTIMIZER:maxcv:0.0
21:13:32:INFO:RESULT:A:
[[-0.0661319   0.04080264  0.        ]
 [ 0.0661319  -0.04488935  0.0001053 ]
 [ 0.          0.00408671 -0.0001053 ]]
21:13:32:INFO:RESULT:m_eq:
[  588.99954263   954.63577068 37048.18030658](38591.81561988461)
21:13:32:INFO:RESULT:x_vec:
[    0.0661319      0.00408671   588.99954263   954.63577068
 37048.18030658](38591.885838497736)
21:13:32:INFO:RESULT:time_scale:
[  9.21381678 385.51987723]
21:13:32:INFO:SAVE:message:saving bunch of data...
21:13:32:INFO:SAVE:message:saving optimizer data ...
