22:22:23:INFO:GENERAL:seed:1
22:22:23:INFO:GENERAL:rho:[0.0001, 0.0, 0.01]
22:22:23:INFO:GENERAL:bounds_z:[(1e-06, 0.3), (1e-06, 0.3), (1e-06, 0.3), (588.999411, 589.000589), (1e-06, 1800), (1e-06, 74200), (1e-06, 1100)]
22:22:34:INFO:OPTIMIZER:x:
[   0.02552251    0.00436317    0.0614337   588.99967435  959.78313702
 1578.86542099  322.57221047]
22:22:34:INFO:OPTIMIZER:fun:0.00017181257407206183
22:22:34:INFO:OPTIMIZER:nfev:53208
22:22:34:INFO:OPTIMIZER:nit:822
22:22:34:INFO:OPTIMIZER:message:Optimization terminated successfully.
22:22:34:INFO:OPTIMIZER:success:True
22:22:34:INFO:OPTIMIZER:constr:[array([0.])]
22:22:34:INFO:OPTIMIZER:constr_violation:0.0
22:22:34:INFO:OPTIMIZER:maxcv:0.0
22:22:34:INFO:RESULT:A:
[[-0.08695621  0.01566265  0.          0.11217466]
 [ 0.02552251 -0.02002583  0.00265235  0.        ]
 [ 0.          0.00436317 -0.00265235  0.        ]
 [ 0.0614337   0.          0.         -0.11217466]]
22:22:34:INFO:RESULT:m_eq:
[ 588.99967435  959.78313702 1578.86542099  322.57221047](3450.2204428286786)
22:22:34:INFO:RESULT:x_vec:
[   0.02552251    0.00436317    0.0614337   588.99967435  959.78313702
 1578.86542099  322.57221047](3450.311762208262)
22:22:34:INFO:RESULT:time_scale:
[  5.41791705  30.56643339 221.20783657]
22:22:34:INFO:SAVE:message:saving bunch of data...
22:22:34:INFO:SAVE:message:saving optimizer data ...
