21:15:25:INFO:GENERAL:seed:1
21:15:25:INFO:GENERAL:rho:[0.0, 0.1, 0.1]
21:15:25:INFO:GENERAL:bounds_z:[(1e-06, 0.3), (1e-06, 0.3), (1e-06, 0.3), (588.999411, 589.000589), (1e-06, 1800), (1e-06, 74200), (1e-06, 1100)]
21:15:31:INFO:OPTIMIZER:x:
[    0.02351703     0.0020426      0.02726988   589.00000152
   900.00000934 37100.00022815   549.99999595]
21:15:31:INFO:OPTIMIZER:fun:0.0016988388981323411
21:15:31:INFO:OPTIMIZER:nfev:36107
21:15:31:INFO:OPTIMIZER:nit:563
21:15:31:INFO:OPTIMIZER:message:Optimization terminated successfully.
21:15:31:INFO:OPTIMIZER:success:True
21:15:31:INFO:OPTIMIZER:constr:[array([0.])]
21:15:31:INFO:OPTIMIZER:constr_violation:0.0
21:15:31:INFO:OPTIMIZER:maxcv:0.0
21:15:31:INFO:RESULT:A:
[[-0.05078691  0.01539059  0.          0.02920356]
 [ 0.02351703 -0.01743319  0.00004955  0.        ]
 [ 0.          0.0020426  -0.00004955  0.        ]
 [ 0.02726988  0.          0.         -0.02920356]]
21:15:31:INFO:RESULT:m_eq:
[  589.00000152   900.00000934 37100.00022815   549.99999595](39139.000234964464)
21:15:31:INFO:RESULT:x_vec:
[    0.02351703     0.0020426      0.02726988   589.00000152
   900.00000934 37100.00022815   549.99999595](39139.05306447334)
21:15:31:INFO:RESULT:time_scale:
[  13.39749446   45.60337898 1105.9651838 ]
21:15:31:INFO:SAVE:message:saving bunch of data...
21:15:31:INFO:SAVE:message:saving optimizer data ...
