22:22:26:INFO:GENERAL:seed:1
22:22:26:INFO:GENERAL:rho:[0.0, 0.1, 0.01]
22:22:26:INFO:GENERAL:bounds_z:[(1e-06, 0.3), (1e-06, 0.3), (1e-06, 0.3), (588.999411, 589.000589), (1e-06, 1800), (1e-06, 74200), (1e-06, 1100)]
22:22:30:INFO:OPTIMIZER:x:
[    0.02351548     0.00204185     0.02726765   588.9999955
   899.99996254 37099.99785806   549.99997798]
22:22:30:INFO:OPTIMIZER:fun:0.001698840001586109
22:22:30:INFO:OPTIMIZER:nfev:22611
22:22:30:INFO:OPTIMIZER:nit:352
22:22:30:INFO:OPTIMIZER:message:Optimization terminated successfully.
22:22:30:INFO:OPTIMIZER:success:True
22:22:30:INFO:OPTIMIZER:constr:[array([0.])]
22:22:30:INFO:OPTIMIZER:constr_violation:0.0
22:22:30:INFO:OPTIMIZER:maxcv:0.0
22:22:30:INFO:RESULT:A:
[[-0.05078313  0.01538957  0.          0.02920118]
 [ 0.02351548 -0.01743142  0.00004953  0.        ]
 [ 0.          0.00204185 -0.00004953  0.        ]
 [ 0.02726765  0.          0.         -0.02920118]]
22:22:30:INFO:RESULT:m_eq:
[  588.9999955    899.99996254 37099.99785806   549.99997798](39138.99779407381)
22:22:30:INFO:RESULT:x_vec:
[    0.02351548     0.00204185     0.02726765   588.9999955
   899.99996254 37099.99785806   549.99997798](39139.05061905406)
22:22:30:INFO:RESULT:time_scale:
[  13.39852464   45.60730387 1106.35499253]
22:22:30:INFO:SAVE:message:saving bunch of data...
22:22:30:INFO:SAVE:message:saving optimizer data ...
