22:21:40:INFO:GENERAL:seed:1
22:21:40:INFO:GENERAL:rho:[0.0, 0.0001, 0.0]
22:21:40:INFO:GENERAL:bounds_z:[(1e-06, 0.3), (1e-06, 0.3), (1e-06, 0.3), (588.999411, 589.000589), (1e-06, 1800), (1e-06, 74200), (1e-06, 1100)]
22:21:47:INFO:OPTIMIZER:x:
[   0.05757264    0.04841323    0.04004984  589.000122    175.99500274
 1492.84759903  473.55833162]
22:21:47:INFO:OPTIMIZER:fun:0.00015121914581383167
22:21:47:INFO:OPTIMIZER:nfev:33656
22:21:47:INFO:OPTIMIZER:nit:523
22:21:47:INFO:OPTIMIZER:message:Optimization terminated successfully.
22:21:47:INFO:OPTIMIZER:success:True
22:21:47:INFO:OPTIMIZER:constr:[array([0.])]
22:21:47:INFO:OPTIMIZER:constr_violation:0.0
22:21:47:INFO:OPTIMIZER:maxcv:0.0
22:21:47:INFO:RESULT:A:
[[-0.09762248  0.19267758  0.          0.04981301]
 [ 0.05757264 -0.24109081  0.00570754  0.        ]
 [ 0.          0.04841323 -0.00570754  0.        ]
 [ 0.04004984  0.          0.         -0.04981301]]
22:21:47:INFO:RESULT:m_eq:
[ 589.000122    175.99500274 1492.84759903  473.55833162](2731.4010553926673)
22:21:47:INFO:RESULT:x_vec:
[   0.05757264    0.04841323    0.04004984  589.000122    175.99500274
 1492.84759903  473.55833162](2731.547091105357)
22:21:47:INFO:RESULT:time_scale:
[  3.34107541  11.77353871 100.07227672]
22:21:47:INFO:SAVE:message:saving bunch of data...
22:21:47:INFO:SAVE:message:saving optimizer data ...
