21:13:39:INFO:GENERAL:seed:1
21:13:39:INFO:GENERAL:rho:[0.001, 0.0, 0.01]
21:13:39:INFO:GENERAL:bounds_z:[(1e-06, 0.3), (1e-06, 0.3), (588.999411, 589.000589), (1e-06, 1800), (1e-06, 74200)]
21:13:42:INFO:OPTIMIZER:x:
[   0.08038732    0.01231986  588.99957935  718.0879419  1273.60148802]
21:13:42:INFO:OPTIMIZER:fun:0.00032921139261218705
21:13:42:INFO:OPTIMIZER:nfev:14465
21:13:42:INFO:OPTIMIZER:nit:225
21:13:42:INFO:OPTIMIZER:message:Optimization terminated successfully.
21:13:42:INFO:OPTIMIZER:success:True
21:13:42:INFO:OPTIMIZER:constr:[array([0.])]
21:13:42:INFO:OPTIMIZER:constr_violation:0.0
21:13:42:INFO:OPTIMIZER:maxcv:0.0
21:13:42:INFO:RESULT:A:
[[-0.08038732  0.06593635  0.        ]
 [ 0.08038732 -0.07825621  0.00694624]
 [ 0.          0.01231986 -0.00694624]]
21:13:42:INFO:RESULT:m_eq:
[ 588.99957935  718.0879419  1273.60148802](2580.689009265381)
21:13:42:INFO:RESULT:x_vec:
[   0.08038732    0.01231986  588.99957935  718.0879419  1273.60148802](2580.781716443996)
21:13:42:INFO:RESULT:time_scale:
[ 6.5606408  75.95533236]
21:13:42:INFO:SAVE:message:saving bunch of data...
21:13:42:INFO:SAVE:message:saving optimizer data ...
