21:12:51:INFO:GENERAL:seed:1
21:12:51:INFO:GENERAL:rho:[0.1, 0.0001, 0.0001]
21:12:51:INFO:GENERAL:bounds_z:[(1e-06, 0.3), (1e-06, 0.3), (1e-06, 0.3), (588.999411, 589.000589), (1e-06, 1800), (1e-06, 74200), (1e-06, 1100)]
21:12:54:INFO:OPTIMIZER:x:
[    0.00743227     0.00016546     0.04556087   589.00021638
  1799.99817042 37097.08389625   799.7591289 ]
21:12:54:INFO:OPTIMIZER:fun:0.003439815197611401
21:12:54:INFO:OPTIMIZER:nfev:10757
21:12:54:INFO:OPTIMIZER:nit:238
21:12:54:INFO:OPTIMIZER:message:Optimization terminated successfully.
21:12:54:INFO:OPTIMIZER:success:True
21:12:54:INFO:OPTIMIZER:constr:[array([0.])]
21:12:54:INFO:OPTIMIZER:constr_violation:0.0
21:12:54:INFO:OPTIMIZER:maxcv:0.0
21:12:54:INFO:RESULT:A:
[[-0.05299315  0.00243201  0.          0.03355431]
 [ 0.00743227 -0.00259746  0.00000803  0.        ]
 [ 0.          0.00016546 -0.00000803  0.        ]
 [ 0.04556087  0.          0.         -0.03355431]]
21:12:54:INFO:RESULT:m_eq:
[  589.00021638  1799.99817042 37097.08389625   799.7591289 ](40285.84141195757)
21:12:54:INFO:RESULT:x_vec:
[    0.00743227     0.00016546     0.04556087   589.00021638
  1799.99817042 37097.08389625   799.7591289 ](40285.894570558994)
21:12:54:INFO:RESULT:time_scale:
[  11.94721344  186.86759953 9996.2312863 ]
21:12:54:INFO:SAVE:message:saving bunch of data...
21:12:54:INFO:SAVE:message:saving optimizer data ...
