22:08:52:INFO:GENERAL:seed:1
22:08:52:INFO:GENERAL:rho:[0.001, 0.1, 0.1]
22:08:52:INFO:GENERAL:bounds_z:[(1e-06, 0.3), (1e-06, 0.3), (1e-06, 0.3), (588.999411, 589.000589), (1e-06, 1800), (1e-06, 74200), (1e-06, 1100)]
22:08:58:INFO:OPTIMIZER:x:
[    0.00874117     0.00021792     0.00911284   588.99999262
   899.99999018 37099.99929792   549.99997408]
22:08:58:INFO:OPTIMIZER:fun:0.004119481906386062
22:08:58:INFO:OPTIMIZER:nfev:26493
22:08:58:INFO:OPTIMIZER:nit:472
22:08:58:INFO:OPTIMIZER:message:Optimization terminated successfully.
22:08:58:INFO:OPTIMIZER:success:True
22:08:58:INFO:OPTIMIZER:constr:[array([0.])]
22:08:58:INFO:OPTIMIZER:constr_violation:0.0
22:08:58:INFO:OPTIMIZER:maxcv:0.0
22:08:58:INFO:RESULT:A:
[[-0.01785401  0.00572061  0.          0.00975903]
 [ 0.00874117 -0.00593853  0.00000529  0.        ]
 [ 0.          0.00021792 -0.00000529  0.        ]
 [ 0.00911284  0.          0.         -0.00975903]]
22:08:58:INFO:RESULT:m_eq:
[  588.99999262   899.99999018 37099.99929792   549.99997408](39138.99925480103)
22:08:58:INFO:RESULT:x_vec:
[    0.00874117     0.00021792     0.00911284   588.99999262
   899.99999018 37099.99929792   549.99997408](39139.01732673282)
22:08:58:INFO:RESULT:time_scale:
[  38.64174133  131.95916075 9999.87230661]
22:08:58:INFO:SAVE:message:saving bunch of data...
22:08:58:INFO:SAVE:message:saving optimizer data ...
