22:08:51:INFO:GENERAL:seed:1
22:08:51:INFO:GENERAL:rho:[0.0001, 0.1, 0.1]
22:08:51:INFO:GENERAL:bounds_z:[(1e-06, 0.3), (1e-06, 0.3), (588.999411, 589.000589), (1e-06, 1800), (1e-06, 74200)]
22:08:52:INFO:OPTIMIZER:x:
[    0.02854366     0.00102963   589.00000011   899.99999234
 37100.00069949]
22:08:52:INFO:OPTIMIZER:fun:0.001763175137958012
22:08:52:INFO:OPTIMIZER:nfev:9000
22:08:52:INFO:OPTIMIZER:nit:138
22:08:52:INFO:OPTIMIZER:message:Optimization terminated successfully.
22:08:52:INFO:OPTIMIZER:success:True
22:08:52:INFO:OPTIMIZER:constr:[array([0.])]
22:08:52:INFO:OPTIMIZER:constr_violation:0.0
22:08:52:INFO:OPTIMIZER:maxcv:0.0
22:08:52:INFO:RESULT:A:
[[-0.02854366  0.01868024  0.        ]
 [ 0.02854366 -0.01970987  0.00002498]
 [ 0.          0.00102963 -0.00002498]]
22:08:52:INFO:RESULT:m_eq:
[  589.00000011   899.99999234 37100.00069949](38589.000691945526)
22:08:52:INFO:RESULT:x_vec:
[    0.02854366     0.00102963   589.00000011   899.99999234
 37100.00069949](38589.030265234156)
22:08:52:INFO:RESULT:time_scale:
[  20.99217698 1558.33599221]
22:08:52:INFO:SAVE:message:saving bunch of data...
22:08:52:INFO:SAVE:message:saving optimizer data ...
