21:21:54:INFO:GENERAL:seed:1
21:21:54:INFO:GENERAL:rho:[0.001, 0.0, 0.001]
21:21:54:INFO:GENERAL:bounds_z:[(1e-06, 0.3), (1e-06, 0.3), (588.999411, 589.000589), (1e-06, 1800), (1e-06, 74200)]
21:21:57:INFO:OPTIMIZER:x:
[  0.05682165   0.01624887 588.99968175 405.10876086 786.25006058]
21:21:57:INFO:OPTIMIZER:fun:0.0002741836651962471
21:21:57:INFO:OPTIMIZER:nfev:15692
21:21:57:INFO:OPTIMIZER:nit:245
21:21:57:INFO:OPTIMIZER:message:Optimization terminated successfully.
21:21:57:INFO:OPTIMIZER:success:True
21:21:57:INFO:OPTIMIZER:constr:[array([0.])]
21:21:57:INFO:OPTIMIZER:constr_violation:0.0
21:21:57:INFO:OPTIMIZER:maxcv:0.0
21:21:57:INFO:RESULT:A:
[[-0.05682165  0.08261468  0.        ]
 [ 0.05682165 -0.09886356  0.0083721 ]
 [ 0.          0.01624887 -0.0083721 ]]
21:21:57:INFO:RESULT:m_eq:
[588.99968175 405.10876086 786.25006058](1780.3585031810528)
21:21:57:INFO:RESULT:x_vec:
[  0.05682165   0.01624887 588.99968175 405.10876086 786.25006058](1780.4315737032882)
21:21:57:INFO:RESULT:time_scale:
[ 6.66081451 71.81063627]
21:21:57:INFO:SAVE:message:saving bunch of data...
21:21:57:INFO:SAVE:message:saving optimizer data ...
