22:17:15:INFO:GENERAL:seed:1
22:17:15:INFO:GENERAL:rho:[0.0001, 0.1, 0.01]
22:17:15:INFO:GENERAL:bounds_z:[(1e-06, 0.3), (1e-06, 0.3), (588.999411, 589.000589), (1e-06, 1800), (1e-06, 74200)]
22:17:17:INFO:OPTIMIZER:x:
[    0.02855082     0.00102896   589.00000279   900.00000825
 37099.9998149 ]
22:17:17:INFO:OPTIMIZER:fun:0.0017631752679875845
22:17:17:INFO:OPTIMIZER:nfev:9904
22:17:17:INFO:OPTIMIZER:nit:154
22:17:17:INFO:OPTIMIZER:message:Optimization terminated successfully.
22:17:17:INFO:OPTIMIZER:success:True
22:17:17:INFO:OPTIMIZER:constr:[array([0.])]
22:17:17:INFO:OPTIMIZER:constr_violation:0.0
22:17:17:INFO:OPTIMIZER:maxcv:0.0
22:17:17:INFO:RESULT:A:
[[-0.02855082  0.01868493  0.        ]
 [ 0.02855082 -0.01971389  0.00002496]
 [ 0.          0.00102896 -0.00002496]]
22:17:17:INFO:RESULT:m_eq:
[  589.00000279   900.00000825 37099.9998149 ](38588.99982593889)
22:17:17:INFO:RESULT:x_vec:
[    0.02855082     0.00102896   589.00000279   900.00000825
 37099.9998149 ](38589.029405723384)
22:17:17:INFO:RESULT:time_scale:
[  20.98707584 1559.3348756 ]
22:17:17:INFO:SAVE:message:saving bunch of data...
22:17:17:INFO:SAVE:message:saving optimizer data ...
