22:07:24:INFO:GENERAL:seed:1
22:07:24:INFO:GENERAL:rho:[0.0, 0.0001, 0.001]
22:07:24:INFO:GENERAL:bounds_z:[(1e-06, 0.3), (1e-06, 0.3), (1e-06, 0.3), (588.999411, 589.000589), (1e-06, 1800), (1e-06, 74200), (1e-06, 1100)]
22:07:30:INFO:OPTIMIZER:x:
[    0.05116618     0.0103568      0.01701486   588.99967627
   165.36713299 37182.87786085   489.55317789]
22:07:30:INFO:OPTIMIZER:fun:0.00025192842363675193
22:07:30:INFO:OPTIMIZER:nfev:28759
22:07:30:INFO:OPTIMIZER:nit:448
22:07:30:INFO:OPTIMIZER:message:Optimization terminated successfully.
22:07:30:INFO:OPTIMIZER:success:True
22:07:30:INFO:OPTIMIZER:constr:[array([0.])]
22:07:30:INFO:OPTIMIZER:constr_violation:0.0
22:07:30:INFO:OPTIMIZER:maxcv:0.0
22:07:30:INFO:RESULT:A:
[[-0.06818104  0.18224215  0.          0.02047121]
 [ 0.05116618 -0.19259896  0.00004606  0.        ]
 [ 0.          0.0103568  -0.00004606  0.        ]
 [ 0.01701486  0.          0.         -0.02047121]]
22:07:30:INFO:RESULT:m_eq:
[  588.99967627   165.36713299 37182.87786085   489.55317789](38426.797848004375)
22:07:30:INFO:RESULT:x_vec:
[    0.05116618     0.0103568      0.01701486   588.99967627
   165.36713299 37182.87786085   489.55317789](38426.8763858442)
22:07:30:INFO:RESULT:time_scale:
[  4.07140178  29.10960389 752.6209928 ]
22:07:30:INFO:SAVE:message:saving bunch of data...
22:07:30:INFO:SAVE:message:saving optimizer data ...
