22:17:36:INFO:GENERAL:seed:1
22:17:36:INFO:GENERAL:rho:[0.0001, 0.01, 0.1]
22:17:36:INFO:GENERAL:bounds_z:[(1e-06, 0.3), (1e-06, 0.3), (1e-06, 0.3), (588.999411, 589.000589), (1e-06, 1800), (1e-06, 74200), (1e-06, 1100)]
22:17:46:INFO:OPTIMIZER:x:
[    0.01599842     0.00219426     0.04713547   589.00047597
   707.32715888 37104.14200706   191.28208909]
22:17:46:INFO:OPTIMIZER:fun:0.0018757805056600198
22:17:46:INFO:OPTIMIZER:nfev:47851
22:17:46:INFO:OPTIMIZER:nit:744
22:17:46:INFO:OPTIMIZER:message:Optimization terminated successfully.
22:17:46:INFO:OPTIMIZER:success:True
22:17:46:INFO:OPTIMIZER:constr:[array([0.])]
22:17:46:INFO:OPTIMIZER:constr_violation:0.0
22:17:46:INFO:OPTIMIZER:maxcv:0.0
22:17:46:INFO:RESULT:A:
[[-0.06313389  0.01332209  0.          0.14514068]
 [ 0.01599842 -0.01551636  0.00004183  0.        ]
 [ 0.          0.00219426 -0.00004183  0.        ]
 [ 0.04713547  0.          0.         -0.14514068]]
22:17:46:INFO:RESULT:m_eq:
[  589.00047597   707.32715888 37104.14200706   191.28208909](38591.751730996126)
22:17:46:INFO:RESULT:x_vec:
[    0.01599842     0.00219426     0.04713547   589.00047597
   707.32715888 37104.14200706   191.28208909](38591.81705914751)
22:17:46:INFO:RESULT:time_scale:
[  5.08173355  38.44038263 965.99246598]
22:17:46:INFO:SAVE:message:saving bunch of data...
22:17:46:INFO:SAVE:message:saving optimizer data ...
