22:04:16:INFO:GENERAL:seed:1
22:04:16:INFO:GENERAL:rho:[0.0001, 0.0001, 0.01]
22:04:16:INFO:GENERAL:bounds_z:[(1e-06, 0.3), (1e-06, 0.3), (588.999411, 589.000589), (1e-06, 1800), (1e-06, 74200)]
22:04:18:INFO:OPTIMIZER:x:
[   0.08074157    0.01245736  588.9998269   714.85937184 1272.74860087]
22:04:18:INFO:OPTIMIZER:fun:0.00031226516219063646
22:04:18:INFO:OPTIMIZER:nfev:14473
22:04:18:INFO:OPTIMIZER:nit:227
22:04:18:INFO:OPTIMIZER:message:Optimization terminated successfully.
22:04:18:INFO:OPTIMIZER:success:True
22:04:18:INFO:OPTIMIZER:constr:[array([0.])]
22:04:18:INFO:OPTIMIZER:constr_violation:0.0
22:04:18:INFO:OPTIMIZER:maxcv:0.0
22:04:18:INFO:RESULT:A:
[[-0.08074157  0.06652605  0.        ]
 [ 0.08074157 -0.07898341  0.00699687]
 [ 0.          0.01245736 -0.00699687]]
22:04:18:INFO:RESULT:m_eq:
[ 588.9998269   714.85937184 1272.74860087](2576.6077996117997)
22:04:18:INFO:RESULT:x_vec:
[   0.08074157    0.01245736  588.9998269   714.85937184 1272.74860087](2576.7009985375294)
22:04:18:INFO:RESULT:time_scale:
[ 6.51668207 75.3606541 ]
22:04:18:INFO:SAVE:message:saving bunch of data...
22:04:18:INFO:SAVE:message:saving optimizer data ...
