21:21:05:INFO:GENERAL:seed:1
21:21:05:INFO:GENERAL:rho:[0.0, 0.01, 0.0]
21:21:05:INFO:GENERAL:bounds_z:[(1e-06, 0.3), (1e-06, 0.3), (1e-06, 0.3), (588.999411, 589.000589), (1e-06, 1800), (1e-06, 74200), (1e-06, 1100)]
21:21:08:INFO:OPTIMIZER:x:
[    0.00343212     0.16099578     0.03599121   589.00009696
   899.99984345 37100.00206554   549.99972643]
21:21:08:INFO:OPTIMIZER:fun:0.0009146599812248247
21:21:08:INFO:OPTIMIZER:nfev:12207
21:21:08:INFO:OPTIMIZER:nit:189
21:21:08:INFO:OPTIMIZER:message:Optimization terminated successfully.
21:21:08:INFO:OPTIMIZER:success:True
21:21:08:INFO:OPTIMIZER:constr:[array([0.])]
21:21:08:INFO:OPTIMIZER:constr_violation:0.0
21:21:08:INFO:OPTIMIZER:maxcv:0.0
21:21:08:INFO:RESULT:A:
[[-0.03942334  0.00224613  0.          0.03854334]
 [ 0.00343212 -0.16324192  0.00390556  0.        ]
 [ 0.          0.16099578 -0.00390556  0.        ]
 [ 0.03599121  0.          0.         -0.03854334]]
21:21:08:INFO:RESULT:m_eq:
[  589.00009696   899.99984345 37100.00206554   549.99972643](39139.00173237969)
21:21:08:INFO:RESULT:x_vec:
[    0.00343212     0.16099578     0.03599121   589.00009696
   899.99984345 37100.00206554   549.99972643](39139.20215149707)
21:21:08:INFO:RESULT:time_scale:
[  5.98231493  13.12496952 566.85246427]
21:21:08:INFO:SAVE:message:saving bunch of data...
21:21:08:INFO:SAVE:message:saving optimizer data ...
