22:21:43:INFO:GENERAL:seed:1
22:21:43:INFO:GENERAL:rho:[0.0001, 0.001, 0.001]
22:21:43:INFO:GENERAL:bounds_z:[(1e-06, 0.3), (1e-06, 0.3), (1e-06, 0.3), (588.999411, 589.000589), (1e-06, 1800), (1e-06, 74200), (1e-06, 1100)]
22:21:48:INFO:OPTIMIZER:x:
[    0.06447577     0.01114591     0.02740371   588.999622
   278.75866114 36918.46704229   703.26766054]
22:21:48:INFO:OPTIMIZER:fun:0.0004038853623573219
22:21:48:INFO:OPTIMIZER:nfev:23211
22:21:48:INFO:OPTIMIZER:nit:365
22:21:48:INFO:OPTIMIZER:message:Optimization terminated successfully.
22:21:48:INFO:OPTIMIZER:success:True
22:21:48:INFO:OPTIMIZER:constr:[array([0.])]
22:21:48:INFO:OPTIMIZER:constr_violation:0.0
22:21:48:INFO:OPTIMIZER:maxcv:0.0
22:21:48:INFO:RESULT:A:
[[-0.09187948  0.13623328  0.          0.02295111]
 [ 0.06447577 -0.14737919  0.00008416  0.        ]
 [ 0.          0.01114591 -0.00008416  0.        ]
 [ 0.02740371  0.          0.         -0.02295111]]
22:21:48:INFO:RESULT:m_eq:
[  588.999622     278.75866114 36918.46704229   703.26766054](38489.49298596912)
22:21:48:INFO:RESULT:x_vec:
[    0.06447577     0.01114591     0.02740371   588.999622
   278.75866114 36918.46704229   703.26766054](38489.59601135771)
22:21:48:INFO:RESULT:time_scale:
[  4.57583868  23.8801534  532.20366724]
22:21:48:INFO:SAVE:message:saving bunch of data...
22:21:48:INFO:SAVE:message:saving optimizer data ...
