22:16:09:INFO:GENERAL:seed:1
22:16:09:INFO:GENERAL:rho:[0.1, 0.01, 0.0001]
22:16:09:INFO:GENERAL:bounds_z:[(1e-06, 0.3), (1e-06, 0.3), (588.999411, 589.000589), (1e-06, 1800), (1e-06, 74200)]
22:16:11:INFO:OPTIMIZER:x:
[    0.02584002     0.00108065   589.00003361   899.99980458
 37100.00277365]
22:16:11:INFO:OPTIMIZER:fun:0.0032928939545071104
22:16:11:INFO:OPTIMIZER:nfev:8223
22:16:11:INFO:OPTIMIZER:nit:129
22:16:11:INFO:OPTIMIZER:message:Optimization terminated successfully.
22:16:11:INFO:OPTIMIZER:success:True
22:16:11:INFO:OPTIMIZER:constr:[array([0.])]
22:16:11:INFO:OPTIMIZER:constr_violation:0.0
22:16:11:INFO:OPTIMIZER:maxcv:0.0
22:16:11:INFO:RESULT:A:
[[-0.02584002  0.01691086  0.        ]
 [ 0.02584002 -0.01799151  0.00002622]
 [ 0.          0.00108065 -0.00002622]]
22:16:11:INFO:RESULT:m_eq:
[  589.00003361   899.99980458 37100.00277365](38589.00261184453)
22:16:11:INFO:RESULT:x_vec:
[    0.02584002     0.00108065   589.00003361   899.99980458
 37100.00277365](38589.02953251479)
22:16:11:INFO:RESULT:time_scale:
[  23.15609085 1486.84700837]
22:16:11:INFO:SAVE:message:saving bunch of data...
22:16:11:INFO:SAVE:message:saving optimizer data ...
