21:14:49:INFO:GENERAL:seed:1
21:14:49:INFO:GENERAL:rho:[0.001, 0.001, 0.1]
21:14:49:INFO:GENERAL:bounds_z:[(1e-06, 0.3), (1e-06, 0.3), (1e-06, 0.3), (588.999411, 589.000589), (1e-06, 1800), (1e-06, 74200), (1e-06, 1100)]
21:14:58:INFO:OPTIMIZER:x:
[    0.02526155     0.00306161     0.0617493    588.99983048
  1013.62572225 37064.26349339   321.59906888]
21:14:58:INFO:OPTIMIZER:fun:0.0003366409738067788
21:14:58:INFO:OPTIMIZER:nfev:51233
21:14:58:INFO:OPTIMIZER:nit:793
21:14:58:INFO:OPTIMIZER:message:Optimization terminated successfully.
21:14:58:INFO:OPTIMIZER:success:True
21:14:58:INFO:OPTIMIZER:constr:[array([0.])]
21:14:58:INFO:OPTIMIZER:constr_violation:0.0
21:14:58:INFO:OPTIMIZER:maxcv:0.0
21:14:58:INFO:RESULT:A:
[[-0.08701085  0.01467903  0.          0.11309214]
 [ 0.02526155 -0.01774064  0.00008373  0.        ]
 [ 0.          0.00306161 -0.00008373  0.        ]
 [ 0.0617493   0.          0.         -0.11309214]]
21:14:58:INFO:RESULT:m_eq:
[  588.99983048  1013.62572225 37064.26349339   321.59906888](38988.4881149959)
21:14:58:INFO:RESULT:x_vec:
[    0.02526155     0.00306161     0.0617493    588.99983048
  1013.62572225 37064.26349339   321.59906888](38988.57818745551)
21:14:58:INFO:RESULT:time_scale:
[  5.38877735  32.52687588 620.07485778]
21:14:58:INFO:SAVE:message:saving bunch of data...
21:14:58:INFO:SAVE:message:saving optimizer data ...
