22:17:46:INFO:GENERAL:seed:1
22:17:46:INFO:GENERAL:rho:[0.0001, 0.01, 0.1]
22:17:46:INFO:GENERAL:bounds_z:[(1e-06, 0.3), (1e-06, 0.3), (588.999411, 589.000589), (1e-06, 1800), (1e-06, 74200)]
22:17:48:INFO:OPTIMIZER:x:
[    0.03375641     0.00232252   589.00057395   752.48179851
 37105.11350205]
22:17:48:INFO:OPTIMIZER:fun:0.001751077955276069
22:17:48:INFO:OPTIMIZER:nfev:9623
22:17:48:INFO:OPTIMIZER:nit:150
22:17:48:INFO:OPTIMIZER:message:Optimization terminated successfully.
22:17:48:INFO:OPTIMIZER:success:True
22:17:48:INFO:OPTIMIZER:constr:[array([0.])]
22:17:48:INFO:OPTIMIZER:constr_violation:0.0
22:17:48:INFO:OPTIMIZER:maxcv:0.0
22:17:48:INFO:RESULT:A:
[[-0.03375641  0.02642263  0.        ]
 [ 0.03375641 -0.02874515  0.0000471 ]
 [ 0.          0.00232252 -0.0000471 ]]
22:17:48:INFO:RESULT:m_eq:
[  589.00057395   752.48179851 37105.11350205](38446.59587451138)
22:17:48:INFO:RESULT:x_vec:
[    0.03375641     0.00232252   589.00057395   752.48179851
 37105.11350205](38446.631953445336)
22:17:48:INFO:RESULT:time_scale:
[ 16.33405852 753.64264124]
22:17:48:INFO:SAVE:message:saving bunch of data...
22:17:48:INFO:SAVE:message:saving optimizer data ...
