22:07:19:INFO:GENERAL:seed:1
22:07:19:INFO:GENERAL:rho:[0.1, 0.01, 0.0001]
22:07:19:INFO:GENERAL:bounds_z:[(1e-06, 0.3), (1e-06, 0.3), (1e-06, 0.3), (588.999411, 589.000589), (1e-06, 1800), (1e-06, 74200), (1e-06, 1100)]
22:07:22:INFO:OPTIMIZER:x:
[    0.00437718     0.00044049     0.027014     589.00028845
   900.00014738 37100.0017848    550.00000516]
22:07:22:INFO:OPTIMIZER:fun:0.0029153624943087752
22:07:22:INFO:OPTIMIZER:nfev:12260
22:07:22:INFO:OPTIMIZER:nit:191
22:07:22:INFO:OPTIMIZER:message:Optimization terminated successfully.
22:07:22:INFO:OPTIMIZER:success:True
22:07:22:INFO:OPTIMIZER:constr:[array([0.])]
22:07:22:INFO:OPTIMIZER:constr_violation:0.0
22:07:22:INFO:OPTIMIZER:maxcv:0.0
22:07:22:INFO:RESULT:A:
[[-0.03139118  0.00286462  0.          0.02892955]
 [ 0.00437718 -0.00330511  0.00001069  0.        ]
 [ 0.          0.00044049 -0.00001069  0.        ]
 [ 0.027014    0.          0.         -0.02892955]]
22:07:22:INFO:RESULT:m_eq:
[  589.00028845   900.00014738 37100.0017848    550.00000516](39139.00222579573)
22:07:22:INFO:RESULT:x_vec:
[    0.00437718     0.00044049     0.027014     589.00028845
   900.00014738 37100.0017848    550.00000516](39139.03405746306)
22:07:22:INFO:RESULT:time_scale:
[  17.16380181  193.07357351 5128.11308695]
22:07:22:INFO:SAVE:message:saving bunch of data...
22:07:22:INFO:SAVE:message:saving optimizer data ...
