22:16:25:INFO:GENERAL:seed:1
22:16:25:INFO:GENERAL:rho:[0.0, 0.0001, 0.0]
22:16:25:INFO:GENERAL:bounds_z:[(1e-06, 0.3), (1e-06, 0.3), (1e-06, 0.3), (588.999411, 589.000589), (1e-06, 1800), (1e-06, 74200), (1e-06, 1100)]
22:16:30:INFO:OPTIMIZER:x:
[    0.0491938      0.00569707     0.01250141   589.00053384
   230.57998736 37020.50227025   525.75768281]
22:16:30:INFO:OPTIMIZER:fun:0.00015787478488577835
22:16:30:INFO:OPTIMIZER:nfev:23289
22:16:30:INFO:OPTIMIZER:nit:365
22:16:30:INFO:OPTIMIZER:message:Optimization terminated successfully.
22:16:30:INFO:OPTIMIZER:success:True
22:16:30:INFO:OPTIMIZER:constr:[array([0.])]
22:16:30:INFO:OPTIMIZER:constr_violation:0.0
22:16:30:INFO:OPTIMIZER:maxcv:0.0
22:16:30:INFO:RESULT:A:
[[-0.06169521  0.12566213  0.          0.01400519]
 [ 0.0491938  -0.1313592   0.00003548  0.        ]
 [ 0.          0.00569707 -0.00003548  0.        ]
 [ 0.01250141  0.          0.         -0.01400519]]
22:16:30:INFO:RESULT:m_eq:
[  589.00053384   230.57998736 37020.50227025   525.75768281](38365.84047426558)
22:16:30:INFO:RESULT:x_vec:
[    0.0491938      0.00569707     0.01250141   589.00053384
   230.57998736 37020.50227025   525.75768281](38365.90786654155)
22:16:30:INFO:RESULT:time_scale:
[   5.46949134   42.90337598 1047.63077105]
22:16:30:INFO:SAVE:message:saving bunch of data...
22:16:30:INFO:SAVE:message:saving optimizer data ...
