22:16:53:INFO:GENERAL:seed:1
22:16:53:INFO:GENERAL:rho:[0.1, 0.0, 0.001]
22:16:53:INFO:GENERAL:bounds_z:[(1e-06, 0.3), (1e-06, 0.3), (588.999411, 589.000589), (1e-06, 1800), (1e-06, 74200)]
22:16:55:INFO:OPTIMIZER:x:
[    0.02990136     0.00235827   589.00045895   756.91532763
 74197.79119097]
22:16:55:INFO:OPTIMIZER:fun:0.0031719512600431902
22:16:55:INFO:OPTIMIZER:nfev:8357
22:16:55:INFO:OPTIMIZER:nit:129
22:16:55:INFO:OPTIMIZER:message:Optimization terminated successfully.
22:16:55:INFO:OPTIMIZER:success:True
22:16:55:INFO:OPTIMIZER:constr:[array([0.])]
22:16:55:INFO:OPTIMIZER:constr_violation:0.0
22:16:55:INFO:OPTIMIZER:maxcv:0.0
22:16:55:INFO:RESULT:A:
[[-0.02990136  0.02326801  0.        ]
 [ 0.02990136 -0.02562629  0.00002406]
 [ 0.          0.00235827 -0.00002406]]
22:16:55:INFO:RESULT:m_eq:
[  589.00045895   756.91532763 74197.79119097](75543.70697754565)
22:16:55:INFO:RESULT:x_vec:
[    0.02990136     0.00235827   589.00045895   756.91532763
 74197.79119097](75543.73923717864)
22:16:55:INFO:RESULT:time_scale:
[ 18.44074183 755.31668143]
22:16:55:INFO:SAVE:message:saving bunch of data...
22:16:55:INFO:SAVE:message:saving optimizer data ...
