21:22:36:INFO:GENERAL:seed:1
21:22:36:INFO:GENERAL:rho:[0.001, 0.1, 0.01]
21:22:36:INFO:GENERAL:bounds_z:[(1e-06, 0.3), (1e-06, 0.3), (588.999411, 589.000589), (1e-06, 1800), (1e-06, 74200)]
21:22:37:INFO:OPTIMIZER:x:
[    0.02851385     0.0010299    588.99999495   899.99998717
 37099.99940187]
21:22:37:INFO:OPTIMIZER:fun:0.001777651335947443
21:22:37:INFO:OPTIMIZER:nfev:9832
21:22:37:INFO:OPTIMIZER:nit:153
21:22:37:INFO:OPTIMIZER:message:Optimization terminated successfully.
21:22:37:INFO:OPTIMIZER:success:True
21:22:37:INFO:OPTIMIZER:constr:[array([0.])]
21:22:37:INFO:OPTIMIZER:constr_violation:0.0
21:22:37:INFO:OPTIMIZER:maxcv:0.0
21:22:37:INFO:RESULT:A:
[[-0.02851385  0.01866073  0.        ]
 [ 0.02851385 -0.01969063  0.00002498]
 [ 0.          0.0010299  -0.00002498]]
21:22:37:INFO:RESULT:m_eq:
[  588.99999495   899.99998717 37099.99940187](38588.99938399623)
21:22:37:INFO:RESULT:x_vec:
[    0.02851385     0.0010299    588.99999495   899.99998717
 37099.99940187](38589.028927743806)
21:22:37:INFO:RESULT:time_scale:
[  21.01388107 1557.94980281]
21:22:37:INFO:SAVE:message:saving bunch of data...
21:22:37:INFO:SAVE:message:saving optimizer data ...
