22:23:07:INFO:GENERAL:seed:1
22:23:07:INFO:GENERAL:rho:[0.0001, 0.1, 0.1]
22:23:07:INFO:GENERAL:bounds_z:[(1e-06, 0.3), (1e-06, 0.3), (588.999411, 589.000589), (1e-06, 1800), (1e-06, 74200)]
22:23:09:INFO:OPTIMIZER:x:
[    0.07113636     0.00457911   589.00000267   900.00000407
 37099.99970653]
22:23:09:INFO:OPTIMIZER:fun:0.0007992718756168545
22:23:09:INFO:OPTIMIZER:nfev:9730
22:23:09:INFO:OPTIMIZER:nit:150
22:23:09:INFO:OPTIMIZER:message:Optimization terminated successfully.
22:23:09:INFO:OPTIMIZER:success:True
22:23:09:INFO:OPTIMIZER:constr:[array([0.])]
22:23:09:INFO:OPTIMIZER:constr_violation:0.0
22:23:09:INFO:OPTIMIZER:maxcv:0.0
22:23:09:INFO:RESULT:A:
[[-0.07113636  0.0465548   0.        ]
 [ 0.07113636 -0.05113391  0.00011108]
 [ 0.          0.00457911 -0.00011108]]
22:23:09:INFO:RESULT:m_eq:
[  589.00000267   900.00000407 37099.99970653](38588.99971326481)
22:23:09:INFO:RESULT:x_vec:
[    0.07113636     0.00457911   589.00000267   900.00000407
 37099.99970653](38589.07542873815)
22:23:09:INFO:RESULT:time_scale:
[  8.36489696 352.83907603]
22:23:09:INFO:SAVE:message:saving bunch of data...
22:23:09:INFO:SAVE:message:saving optimizer data ...
