21:20:57:INFO:GENERAL:seed:1
21:20:57:INFO:GENERAL:rho:[0.01, 0.001, 0.0]
21:20:57:INFO:GENERAL:bounds_z:[(1e-06, 0.3), (1e-06, 0.3), (1e-06, 0.3), (588.999411, 589.000589), (1e-06, 1800), (1e-06, 74200), (1e-06, 1100)]
21:21:00:INFO:OPTIMIZER:x:
[    0.01047234     0.0003128      0.04355497   589.00055824
   889.38609643 37093.04459129   281.73745532]
21:21:00:INFO:OPTIMIZER:fun:0.0007354758323944875
21:21:00:INFO:OPTIMIZER:nfev:18421
21:21:00:INFO:OPTIMIZER:nit:295
21:21:00:INFO:OPTIMIZER:message:Optimization terminated successfully.
21:21:00:INFO:OPTIMIZER:success:True
21:21:00:INFO:OPTIMIZER:constr:[array([0.])]
21:21:00:INFO:OPTIMIZER:constr_violation:0.0
21:21:00:INFO:OPTIMIZER:maxcv:0.0
21:21:00:INFO:RESULT:A:
[[-0.05402731  0.00693536  0.          0.09105606]
 [ 0.01047234 -0.00724816  0.0000075   0.        ]
 [ 0.          0.0003128  -0.0000075   0.        ]
 [ 0.04355497  0.          0.         -0.09105606]]
21:21:00:INFO:RESULT:m_eq:
[  589.00055824   889.38609643 37093.04459129   281.73745532](38853.1687012696)
21:21:00:INFO:RESULT:x_vec:
[    0.01047234     0.0003128      0.04355497   589.00055824
   889.38609643 37093.04459129   281.73745532](38853.223041384306)
21:21:00:INFO:RESULT:time_scale:
[   7.22637687   72.49832108 6109.39079301]
21:21:00:INFO:SAVE:message:saving bunch of data...
21:21:00:INFO:SAVE:message:saving optimizer data ...
