21:23:46:INFO:GENERAL:seed:1
21:23:46:INFO:GENERAL:rho:[0.1, 0.001, 0.1]
21:23:46:INFO:GENERAL:bounds_z:[(1e-06, 0.3), (1e-06, 0.3), (588.999411, 589.000589), (1e-06, 1800), (1e-06, 74200)]
21:23:48:INFO:OPTIMIZER:x:
[    0.02914558     0.00214193   589.00025628   779.23183785
 37135.43339626]
21:23:48:INFO:OPTIMIZER:fun:0.003222129805282145
21:23:48:INFO:OPTIMIZER:nfev:7638
21:23:48:INFO:OPTIMIZER:nit:120
21:23:48:INFO:OPTIMIZER:message:Optimization terminated successfully.
21:23:48:INFO:OPTIMIZER:success:True
21:23:48:INFO:OPTIMIZER:constr:[array([0.])]
21:23:48:INFO:OPTIMIZER:constr_violation:0.0
21:23:48:INFO:OPTIMIZER:maxcv:0.0
21:23:48:INFO:RESULT:A:
[[-0.02914558  0.02203036  0.        ]
 [ 0.02914558 -0.02417228  0.00004495]
 [ 0.          0.00214193 -0.00004495]]
21:23:48:INFO:RESULT:m_eq:
[  589.00025628   779.23183785 37135.43339626](38503.66549038568)
21:23:48:INFO:RESULT:x_vec:
[    0.02914558     0.00214193   589.00025628   779.23183785
 37135.43339626](38503.69677789526)
21:23:48:INFO:RESULT:time_scale:
[ 19.18614834 805.23271023]
21:23:48:INFO:SAVE:message:saving bunch of data...
21:23:48:INFO:SAVE:message:saving optimizer data ...
