21:23:31:INFO:GENERAL:seed:1
21:23:31:INFO:GENERAL:rho:[0.1, 0.0001, 0.1]
21:23:31:INFO:GENERAL:bounds_z:[(1e-06, 0.3), (1e-06, 0.3), (1e-06, 0.3), (588.999411, 589.000589), (1e-06, 1800), (1e-06, 74200), (1e-06, 1100)]
21:23:43:INFO:OPTIMIZER:x:
[    0.01479943     0.00054258     0.01208805   588.99946652
   293.82709225 36756.08492306   754.23917557]
21:23:43:INFO:OPTIMIZER:fun:0.0034126936145863294
21:23:43:INFO:OPTIMIZER:nfev:52780
21:23:43:INFO:OPTIMIZER:nit:1061
21:23:43:INFO:OPTIMIZER:message:Optimization terminated successfully.
21:23:43:INFO:OPTIMIZER:success:True
21:23:43:INFO:OPTIMIZER:constr:[array([0.])]
21:23:43:INFO:OPTIMIZER:constr_violation:0.0
21:23:43:INFO:OPTIMIZER:maxcv:0.0
21:23:43:INFO:RESULT:A:
[[-0.02688748  0.02966661  0.          0.00943978]
 [ 0.01479943 -0.0302092   0.00000434  0.        ]
 [ 0.          0.00054258 -0.00000434  0.        ]
 [ 0.01208805  0.          0.         -0.00943978]]
21:23:43:INFO:RESULT:m_eq:
[  588.99946652   293.82709225 36756.08492306   754.23917557](38393.150657395505)
21:23:43:INFO:RESULT:x_vec:
[    0.01479943     0.00054258     0.01208805   588.99946652
   293.82709225 36756.08492306   754.23917557](38393.17808745773)
21:23:43:INFO:RESULT:time_scale:
[  19.65387659   64.26635044 9999.28826728]
21:23:43:INFO:SAVE:message:saving bunch of data...
21:23:43:INFO:SAVE:message:saving optimizer data ...
