22:22:59:INFO:GENERAL:seed:1
22:22:59:INFO:GENERAL:rho:[0.0001, 0.01, 0.1]
22:22:59:INFO:GENERAL:bounds_z:[(1e-06, 0.3), (1e-06, 0.3), (1e-06, 0.3), (588.999411, 589.000589), (1e-06, 1800), (1e-06, 74200), (1e-06, 1100)]
22:23:10:INFO:OPTIMIZER:x:
[    0.05882156     0.01164723     0.02845916   588.99990498
   288.81423028 37047.48770124   657.71827869]
22:23:10:INFO:OPTIMIZER:fun:0.002037154798238058
22:23:10:INFO:OPTIMIZER:nfev:53232
22:23:10:INFO:OPTIMIZER:nit:825
22:23:10:INFO:OPTIMIZER:message:Optimization terminated successfully.
22:23:10:INFO:OPTIMIZER:success:True
22:23:10:INFO:OPTIMIZER:constr:[array([0.])]
22:23:10:INFO:OPTIMIZER:constr_violation:0.0
22:23:10:INFO:OPTIMIZER:maxcv:0.0
22:23:10:INFO:RESULT:A:
[[-0.08728072  0.1199591   0.          0.02548574]
 [ 0.05882156 -0.13160632  0.0000908   0.        ]
 [ 0.          0.01164723 -0.0000908   0.        ]
 [ 0.02845916  0.          0.         -0.02548574]]
22:23:10:INFO:RESULT:m_eq:
[  588.99990498   288.81423028 37047.48770124   657.71827869](38583.02011518808)
22:23:10:INFO:RESULT:x_vec:
[    0.05882156     0.01164723     0.02845916   588.99990498
   288.81423028 37047.48770124   657.71827869](38583.11904313176)
22:23:10:INFO:RESULT:time_scale:
[  5.05272433  22.47941145 484.16748145]
22:23:10:INFO:SAVE:message:saving bunch of data...
22:23:10:INFO:SAVE:message:saving optimizer data ...
