22:07:57:INFO:GENERAL:seed:1
22:07:57:INFO:GENERAL:rho:[0.0, 0.1, 0.001]
22:07:57:INFO:GENERAL:bounds_z:[(1e-06, 0.3), (1e-06, 0.3), (588.999411, 589.000589), (1e-06, 1800), (1e-06, 74200)]
22:07:58:INFO:OPTIMIZER:x:
[    0.02854268     0.0010292    589.00000236   900.00000757
 37100.00017893]
22:07:58:INFO:OPTIMIZER:fun:0.0017615655926096548
22:07:58:INFO:OPTIMIZER:nfev:9074
22:07:58:INFO:OPTIMIZER:nit:143
22:07:58:INFO:OPTIMIZER:message:Optimization terminated successfully.
22:07:58:INFO:OPTIMIZER:success:True
22:07:58:INFO:OPTIMIZER:constr:[array([0.])]
22:07:58:INFO:OPTIMIZER:constr_violation:0.0
22:07:58:INFO:OPTIMIZER:maxcv:0.0
22:07:58:INFO:RESULT:A:
[[-0.02854268  0.0186796   0.        ]
 [ 0.02854268 -0.0197088   0.00002497]
 [ 0.          0.0010292  -0.00002497]]
22:07:58:INFO:RESULT:m_eq:
[  589.00000236   900.00000757 37100.00017893](38589.000188860075)
22:07:58:INFO:RESULT:x_vec:
[    0.02854268     0.0010292    589.00000236   900.00000757
 37100.00017893](38589.02976074598)
22:07:58:INFO:RESULT:time_scale:
[  20.99296352 1558.9810327 ]
22:07:58:INFO:SAVE:message:saving bunch of data...
22:07:58:INFO:SAVE:message:saving optimizer data ...
