21:12:53:INFO:GENERAL:seed:1
21:12:53:INFO:GENERAL:rho:[0.1, 0.001, 0.0001]
21:12:53:INFO:GENERAL:bounds_z:[(1e-06, 0.3), (1e-06, 0.3), (1e-06, 0.3), (588.999411, 589.000589), (1e-06, 1800), (1e-06, 74200), (1e-06, 1100)]
21:12:55:INFO:OPTIMIZER:x:
[    0.00859903     0.00145073     0.04463741   588.99961973
  1360.19234118 37178.68425629   755.07660035]
21:12:55:INFO:OPTIMIZER:fun:0.003653985513660629
21:12:55:INFO:OPTIMIZER:nfev:10990
21:12:55:INFO:OPTIMIZER:nit:169
21:12:55:INFO:OPTIMIZER:message:Optimization terminated successfully.
21:12:55:INFO:OPTIMIZER:success:True
21:12:55:INFO:OPTIMIZER:constr:[array([0.])]
21:12:55:INFO:OPTIMIZER:constr_violation:0.0
21:12:55:INFO:OPTIMIZER:maxcv:0.0
21:12:55:INFO:RESULT:A:
[[-0.05323644  0.00372361  0.          0.03481954]
 [ 0.00859903 -0.00517434  0.00005308  0.        ]
 [ 0.          0.00145073 -0.00005308  0.        ]
 [ 0.04463741  0.          0.         -0.03481954]]
21:12:55:INFO:RESULT:m_eq:
[  588.99961973  1360.19234118 37178.68425629   755.07660035](39882.95281755762)
21:12:55:INFO:RESULT:x_vec:
[    0.00859903     0.00145073     0.04463741   588.99961973
  1360.19234118 37178.68425629   755.07660035](39883.00750472928)
21:12:55:INFO:RESULT:time_scale:
[  11.79794034  127.88009962 1422.45294522]
21:12:55:INFO:SAVE:message:saving bunch of data...
21:12:55:INFO:SAVE:message:saving optimizer data ...
