22:07:13:INFO:GENERAL:seed:1
22:07:13:INFO:GENERAL:rho:[0.0001, 0.0001, 0.0001]
22:07:13:INFO:GENERAL:bounds_z:[(1e-06, 0.3), (1e-06, 0.3), (588.999411, 589.000589), (1e-06, 1800), (1e-06, 74200)]
22:07:16:INFO:OPTIMIZER:x:
[  0.05721333   0.01645975 589.00041933 402.55562982 786.93984167]
22:07:16:INFO:OPTIMIZER:fun:0.0002621534792910785
22:07:16:INFO:OPTIMIZER:nfev:16007
22:07:16:INFO:OPTIMIZER:nit:249
22:07:16:INFO:OPTIMIZER:message:Optimization terminated successfully.
22:07:16:INFO:OPTIMIZER:success:True
22:07:16:INFO:OPTIMIZER:constr:[array([0.])]
22:07:16:INFO:OPTIMIZER:constr_violation:0.0
22:07:16:INFO:OPTIMIZER:maxcv:0.0
22:07:16:INFO:RESULT:A:
[[-0.05721333  0.08371185  0.        ]
 [ 0.05721333 -0.1001716   0.00841991]
 [ 0.          0.01645975 -0.00841991]]
22:07:16:INFO:RESULT:m_eq:
[589.00041933 402.55562982 786.93984167](1778.4958908183426)
22:07:16:INFO:RESULT:x_vec:
[  0.05721333   0.01645975 589.00041933 402.55562982 786.93984167](1778.5695639000342)
22:07:16:INFO:RESULT:time_scale:
[ 6.58835877 71.31664431]
22:07:16:INFO:SAVE:message:saving bunch of data...
22:07:16:INFO:SAVE:message:saving optimizer data ...
