22:15:35:INFO:GENERAL:seed:1
22:15:35:INFO:GENERAL:rho:[0.01, 0.1, 0.0]
22:15:35:INFO:GENERAL:bounds_z:[(1e-06, 0.3), (1e-06, 0.3), (588.999411, 589.000589), (1e-06, 1800), (1e-06, 74200)]
22:15:36:INFO:OPTIMIZER:x:
[    0.02822407     0.00103537   588.99999239   899.99999455
 37100.00018108]
22:15:36:INFO:OPTIMIZER:fun:0.0019216239880592895
22:15:36:INFO:OPTIMIZER:nfev:9792
22:15:36:INFO:OPTIMIZER:nit:151
22:15:36:INFO:OPTIMIZER:message:Optimization terminated successfully.
22:15:36:INFO:OPTIMIZER:success:True
22:15:36:INFO:OPTIMIZER:constr:[array([0.])]
22:15:36:INFO:OPTIMIZER:constr_violation:0.0
22:15:36:INFO:OPTIMIZER:maxcv:0.0
22:15:36:INFO:RESULT:A:
[[-0.02822407  0.01847109  0.        ]
 [ 0.02822407 -0.01950646  0.00002512]
 [ 0.          0.00103537 -0.00002512]]
22:15:36:INFO:RESULT:m_eq:
[  588.99999239   899.99999455 37100.00018108](38589.00016802348)
22:15:36:INFO:RESULT:x_vec:
[    0.02822407     0.00103537   588.99999239   899.99999455
 37100.00018108](38589.029427467176)
22:15:36:INFO:RESULT:time_scale:
[  21.22671118 1549.92567132]
22:15:36:INFO:SAVE:message:saving bunch of data...
22:15:36:INFO:SAVE:message:saving optimizer data ...
