22:17:15:INFO:GENERAL:seed:1
22:17:15:INFO:GENERAL:rho:[0.0001, 0.01, 0.01]
22:17:15:INFO:GENERAL:bounds_z:[(1e-06, 0.3), (1e-06, 0.3), (1e-06, 0.3), (588.999411, 589.000589), (1e-06, 1800), (1e-06, 74200), (1e-06, 1100)]
22:17:21:INFO:OPTIMIZER:x:
[    0.04993952     0.00983298     0.01690368   589.00030175
   166.98772805 37108.86074862   502.63049626]
22:17:21:INFO:OPTIMIZER:fun:0.0022913471255192825
22:17:21:INFO:OPTIMIZER:nfev:31063
22:17:21:INFO:OPTIMIZER:nit:483
22:17:21:INFO:OPTIMIZER:message:Optimization terminated successfully.
22:17:21:INFO:OPTIMIZER:success:True
22:17:21:INFO:OPTIMIZER:constr:[array([0.])]
22:17:21:INFO:OPTIMIZER:constr_violation:0.0
22:17:21:INFO:OPTIMIZER:maxcv:0.0
22:17:21:INFO:RESULT:A:
[[-0.06684321  0.17614704  0.          0.01980834]
 [ 0.04993952 -0.18598002  0.00004425  0.        ]
 [ 0.          0.00983298 -0.00004425  0.        ]
 [ 0.01690368  0.          0.         -0.01980834]]
22:17:21:INFO:RESULT:m_eq:
[  589.00030175   166.98772805 37108.86074862   502.63049626](38367.479274677906)
22:17:21:INFO:RESULT:x_vec:
[    0.04993952     0.00983298     0.01690368   589.00030175
   166.98772805 37108.86074862   502.63049626](38367.555950862356)
22:17:21:INFO:RESULT:time_scale:
[  4.20380888  29.81902577 793.23244013]
22:17:21:INFO:SAVE:message:saving bunch of data...
22:17:21:INFO:SAVE:message:saving optimizer data ...
