21:22:29:INFO:GENERAL:seed:1
21:22:29:INFO:GENERAL:rho:[0.0001, 0.01, 0.01]
21:22:29:INFO:GENERAL:bounds_z:[(1e-06, 0.3), (1e-06, 0.3), (1e-06, 0.3), (588.999411, 589.000589), (1e-06, 1800), (1e-06, 74200), (1e-06, 1100)]
21:22:35:INFO:OPTIMIZER:x:
[    0.01599875     0.00219477     0.04713168   589.00056046
   707.29677684 37102.40347462   191.28706183]
21:22:35:INFO:OPTIMIZER:fun:0.0018757802464103818
21:22:35:INFO:OPTIMIZER:nfev:30965
21:22:35:INFO:OPTIMIZER:nit:484
21:22:35:INFO:OPTIMIZER:message:Optimization terminated successfully.
21:22:35:INFO:OPTIMIZER:success:True
21:22:35:INFO:OPTIMIZER:constr:[array([0.])]
21:22:35:INFO:OPTIMIZER:constr_violation:0.0
21:22:35:INFO:OPTIMIZER:maxcv:0.0
21:22:35:INFO:RESULT:A:
[[-0.06313042  0.01332294  0.          0.14512526]
 [ 0.01599875 -0.01551771  0.00004184  0.        ]
 [ 0.          0.00219477 -0.00004184  0.        ]
 [ 0.04713168  0.          0.         -0.14512526]]
21:22:35:INFO:RESULT:m_eq:
[  589.00056046   707.29677684 37102.40347462   191.28706183](38589.98787374469)
21:22:35:INFO:RESULT:x_vec:
[    0.01599875     0.00219477     0.04713168   589.00056046
   707.29677684 37102.40347462   191.28706183](38590.05319893818)
21:22:35:INFO:RESULT:time_scale:
[  5.08222276  38.4385961  965.80197008]
21:22:35:INFO:SAVE:message:saving bunch of data...
21:22:35:INFO:SAVE:message:saving optimizer data ...
