22:03:57:INFO:GENERAL:seed:1
22:03:57:INFO:GENERAL:rho:[0.1, 0.1, 0.01]
22:03:57:INFO:GENERAL:bounds_z:[(1e-06, 0.3), (1e-06, 0.3), (588.999411, 589.000589), (1e-06, 1800), (1e-06, 74200)]
22:03:59:INFO:OPTIMIZER:x:
[    0.05571414     0.00475516   589.00001421   900.00000605
 37100.00058432]
22:03:59:INFO:OPTIMIZER:fun:0.004450754836102225
22:03:59:INFO:OPTIMIZER:nfev:8539
22:03:59:INFO:OPTIMIZER:nit:132
22:03:59:INFO:OPTIMIZER:message:Optimization terminated successfully.
22:03:59:INFO:OPTIMIZER:success:True
22:03:59:INFO:OPTIMIZER:constr:[array([0.])]
22:03:59:INFO:OPTIMIZER:constr_violation:0.0
22:03:59:INFO:OPTIMIZER:maxcv:0.0
22:03:59:INFO:RESULT:A:
[[-0.05571414  0.03646181  0.        ]
 [ 0.05571414 -0.04121697  0.00011535]
 [ 0.          0.00475516 -0.00011535]]
22:03:59:INFO:RESULT:m_eq:
[  589.00001421   900.00000605 37100.00058432](38589.00060457451)
22:03:59:INFO:RESULT:x_vec:
[    0.05571414     0.00475516   589.00001421   900.00000605
 37100.00058432](38589.06107387585)
22:03:59:INFO:RESULT:time_scale:
[ 10.62488733 341.55091153]
22:03:59:INFO:SAVE:message:saving bunch of data...
22:03:59:INFO:SAVE:message:saving optimizer data ...
