22:04:35:INFO:GENERAL:seed:1
22:04:35:INFO:GENERAL:rho:[0.0, 0.001, 0.1]
22:04:35:INFO:GENERAL:bounds_z:[(1e-06, 0.3), (1e-06, 0.3), (588.999411, 589.000589), (1e-06, 1800), (1e-06, 74200)]
22:04:36:INFO:OPTIMIZER:x:
[    0.06856339     0.00422718   588.99942177   937.51704613
 37050.47805125]
22:04:36:INFO:OPTIMIZER:fun:0.0007738289212568534
22:04:36:INFO:OPTIMIZER:nfev:8394
22:04:36:INFO:OPTIMIZER:nit:130
22:04:36:INFO:OPTIMIZER:message:Optimization terminated successfully.
22:04:36:INFO:OPTIMIZER:success:True
22:04:36:INFO:OPTIMIZER:constr:[array([0.])]
22:04:36:INFO:OPTIMIZER:constr_violation:0.0
22:04:36:INFO:OPTIMIZER:maxcv:0.0
22:04:36:INFO:RESULT:A:
[[-0.06856339  0.04307527  0.        ]
 [ 0.06856339 -0.04730245  0.00010696]
 [ 0.          0.00422718 -0.00010696]]
22:04:36:INFO:RESULT:m_eq:
[  588.99942177   937.51704613 37050.47805125](38576.99451914187)
22:04:36:INFO:RESULT:x_vec:
[    0.06856339     0.00422718   588.99942177   937.51704613
 37050.47805125](38577.06730971447)
22:04:36:INFO:RESULT:time_scale:
[  8.82538071 375.48179078]
22:04:36:INFO:SAVE:message:saving bunch of data...
22:04:36:INFO:SAVE:message:saving optimizer data ...
