22:09:02:INFO:GENERAL:seed:1
22:09:02:INFO:GENERAL:rho:[0.001, 0.0, 0.1]
22:09:02:INFO:GENERAL:bounds_z:[(1e-06, 0.3), (1e-06, 0.3), (1e-06, 0.3), (588.999411, 589.000589), (1e-06, 1800), (1e-06, 74200), (1e-06, 1100)]
22:09:18:INFO:OPTIMIZER:x:
[    0.0498364      0.01025942     0.01700774   588.99949331
   166.20651153 74193.50449581   490.30128358]
22:09:18:INFO:OPTIMIZER:fun:0.00030068537661455006
22:09:18:INFO:OPTIMIZER:nfev:88446
22:09:18:INFO:OPTIMIZER:nit:1379
22:09:18:INFO:OPTIMIZER:message:Optimization terminated successfully.
22:09:18:INFO:OPTIMIZER:success:True
22:09:18:INFO:OPTIMIZER:constr:[array([0.])]
22:09:18:INFO:OPTIMIZER:constr_violation:0.0
22:09:18:INFO:OPTIMIZER:maxcv:0.0
22:09:18:INFO:RESULT:A:
[[-0.06684414  0.1766093   0.          0.02043142]
 [ 0.0498364  -0.18686872  0.00002298  0.        ]
 [ 0.          0.01025942 -0.00002298  0.        ]
 [ 0.01700774  0.          0.         -0.02043142]]
22:09:18:INFO:RESULT:m_eq:
[  588.99949331   166.20651153 74193.50449581   490.30128358](75439.0117842285)
22:09:18:INFO:RESULT:x_vec:
[    0.0498364      0.01025942     0.01700774   588.99949331
   166.20651153 74193.50449581   490.30128358](75439.08888779335)
22:09:18:INFO:RESULT:time_scale:
[  4.19119494  29.17757187 769.86542959]
22:09:18:INFO:SAVE:message:saving bunch of data...
22:09:18:INFO:SAVE:message:saving optimizer data ...
