22:07:16:INFO:GENERAL:seed:1
22:07:16:INFO:GENERAL:rho:[0.001, 0.0001, 0.0001]
22:07:16:INFO:GENERAL:bounds_z:[(1e-06, 0.3), (1e-06, 0.3), (1e-06, 0.3), (588.999411, 589.000589), (1e-06, 1800), (1e-06, 74200), (1e-06, 1100)]
22:07:20:INFO:OPTIMIZER:x:
[    0.01531393     0.00220266     0.04684971   589.00042827
   706.29305603 36867.05499545   201.76862671]
22:07:20:INFO:OPTIMIZER:fun:0.00021978213496957246
22:07:20:INFO:OPTIMIZER:nfev:22148
22:07:20:INFO:OPTIMIZER:nit:345
22:07:20:INFO:OPTIMIZER:message:Optimization terminated successfully.
22:07:20:INFO:OPTIMIZER:success:True
22:07:20:INFO:OPTIMIZER:constr:[array([0.])]
22:07:20:INFO:OPTIMIZER:constr_violation:0.0
22:07:20:INFO:OPTIMIZER:maxcv:0.0
22:07:20:INFO:RESULT:A:
[[-0.06216364  0.01277078  0.          0.13676308]
 [ 0.01531393 -0.01497344  0.0000422   0.        ]
 [ 0.          0.00220266 -0.0000422   0.        ]
 [ 0.04684971  0.          0.         -0.13676308]]
22:07:20:INFO:RESULT:m_eq:
[  589.00042827   706.29305603 36867.05499545   201.76862671](38364.11710646115)
22:07:20:INFO:RESULT:x_vec:
[    0.01531393     0.00220266     0.04684971   589.00042827
   706.29305603 36867.05499545   201.76862671](38364.181472763245)
22:07:20:INFO:RESULT:time_scale:
[  5.3163022   40.30120281 972.25875792]
22:07:20:INFO:SAVE:message:saving bunch of data...
22:07:20:INFO:SAVE:message:saving optimizer data ...
