22:21:28:INFO:GENERAL:seed:1
22:21:28:INFO:GENERAL:rho:[0.01, 0.0, 0.0]
22:21:28:INFO:GENERAL:bounds_z:[(1e-06, 0.3), (1e-06, 0.3), (1e-06, 0.3), (588.999411, 589.000589), (1e-06, 1800), (1e-06, 74200), (1e-06, 1100)]
22:21:33:INFO:OPTIMIZER:x:
[    0.01814608     0.00197176     0.06245691   588.99991835
  1163.07406389 74187.12097966   430.30846817]
22:21:33:INFO:OPTIMIZER:fun:0.0006620730284148417
22:21:33:INFO:OPTIMIZER:nfev:21594
22:21:33:INFO:OPTIMIZER:nit:335
22:21:33:INFO:OPTIMIZER:message:Optimization terminated successfully.
22:21:33:INFO:OPTIMIZER:success:True
22:21:33:INFO:OPTIMIZER:constr:[array([0.])]
22:21:33:INFO:OPTIMIZER:constr_violation:0.0
22:21:33:INFO:OPTIMIZER:maxcv:0.0
22:21:33:INFO:RESULT:A:
[[-0.08060299  0.00918947  0.          0.0854901 ]
 [ 0.01814608 -0.01116123  0.00003091  0.        ]
 [ 0.          0.00197176 -0.00003091  0.        ]
 [ 0.06245691  0.          0.         -0.0854901 ]]
22:21:33:INFO:RESULT:m_eq:
[  588.99991835  1163.07406389 74187.12097966   430.30846817](76369.50343005758)
22:21:33:INFO:RESULT:x_vec:
[    0.01814608     0.00197176     0.06245691   588.99991835
  1163.07406389 74187.12097966   430.30846817](76369.58600480527)
22:21:33:INFO:RESULT:time_scale:
[  6.38101681  51.17120348 972.61292056]
22:21:33:INFO:SAVE:message:saving bunch of data...
22:21:33:INFO:SAVE:message:saving optimizer data ...
