22:02:55:INFO:GENERAL:seed:1
22:02:55:INFO:GENERAL:rho:[0.1, 0.0001, 0.0]
22:02:55:INFO:GENERAL:bounds_z:[(1e-06, 0.3), (1e-06, 0.3), (588.999411, 589.000589), (1e-06, 1800), (1e-06, 74200)]
22:02:56:INFO:OPTIMIZER:x:
[    0.0480729      0.00258732   588.99953618  1164.89563789
 38407.26711875]
22:02:56:INFO:OPTIMIZER:fun:0.003891067849188784
22:02:56:INFO:OPTIMIZER:nfev:6906
22:02:56:INFO:OPTIMIZER:nit:108
22:02:56:INFO:OPTIMIZER:message:Optimization terminated successfully.
22:02:56:INFO:OPTIMIZER:success:True
22:02:56:INFO:OPTIMIZER:constr:[array([0.])]
22:02:56:INFO:OPTIMIZER:constr_violation:0.0
22:02:56:INFO:OPTIMIZER:maxcv:0.0
22:02:56:INFO:RESULT:A:
[[-0.0480729   0.02430683  0.        ]
 [ 0.0480729  -0.02689415  0.00007847]
 [ 0.          0.00258732 -0.00007847]]
22:02:56:INFO:RESULT:m_eq:
[  588.99953618  1164.89563789 38407.26711875](40161.16229282097)
22:02:56:INFO:RESULT:x_vec:
[    0.0480729      0.00258732   588.99953618  1164.89563789
 38407.26711875](40161.212953041664)
22:02:56:INFO:RESULT:time_scale:
[ 13.64806525 563.36006159]
22:02:56:INFO:SAVE:message:saving bunch of data...
22:02:56:INFO:SAVE:message:saving optimizer data ...
