22:22:12:INFO:GENERAL:seed:1
22:22:12:INFO:GENERAL:rho:[0.01, 0.0, 0.001]
22:22:12:INFO:GENERAL:bounds_z:[(1e-06, 0.3), (1e-06, 0.3), (588.999411, 589.000589), (1e-06, 1800), (1e-06, 74200)]
22:22:14:INFO:OPTIMIZER:x:
[   0.07696085    0.01094813  589.00058698  752.04168594 1288.39692535]
22:22:14:INFO:OPTIMIZER:fun:0.000809185228756877
22:22:14:INFO:OPTIMIZER:nfev:13018
22:22:14:INFO:OPTIMIZER:nit:201
22:22:14:INFO:OPTIMIZER:message:Optimization terminated successfully.
22:22:14:INFO:OPTIMIZER:success:True
22:22:14:INFO:OPTIMIZER:constr:[array([0.])]
22:22:14:INFO:OPTIMIZER:constr_violation:0.0
22:22:14:INFO:OPTIMIZER:maxcv:0.0
22:22:14:INFO:RESULT:A:
[[-0.07696085  0.06027589  0.        ]
 [ 0.07696085 -0.07122402  0.00639046]
 [ 0.          0.01094813 -0.00639046]]
22:22:14:INFO:RESULT:m_eq:
[ 589.00058698  752.04168594 1288.39692535](2629.439198282107)
22:22:14:INFO:RESULT:x_vec:
[   0.07696085    0.01094813  589.00058698  752.04168594 1288.39692535](2629.5271072602936)
22:22:14:INFO:RESULT:time_scale:
[ 7.01710907 82.87404941]
22:22:14:INFO:SAVE:message:saving bunch of data...
22:22:14:INFO:SAVE:message:saving optimizer data ...
