22:08:19:INFO:GENERAL:seed:1
22:08:19:INFO:GENERAL:rho:[0.0, 0.01, 0.01]
22:08:19:INFO:GENERAL:bounds_z:[(1e-06, 0.3), (1e-06, 0.3), (1e-06, 0.3), (588.999411, 589.000589), (1e-06, 1800), (1e-06, 74200), (1e-06, 1100)]
22:08:24:INFO:OPTIMIZER:x:
[    0.01599896     0.00219453     0.0471832    589.0004818
   707.33043464 37096.18893929   191.262322  ]
22:08:24:INFO:OPTIMIZER:fun:0.0018701830303666
22:08:24:INFO:OPTIMIZER:nfev:26711
22:08:24:INFO:OPTIMIZER:nit:414
22:08:24:INFO:OPTIMIZER:message:Optimization terminated successfully.
22:08:24:INFO:OPTIMIZER:success:True
22:08:24:INFO:OPTIMIZER:constr:[array([0.])]
22:08:24:INFO:OPTIMIZER:constr_violation:0.0
22:08:24:INFO:OPTIMIZER:maxcv:0.0
22:08:24:INFO:RESULT:A:
[[-0.06318216  0.01332248  0.          0.14530267]
 [ 0.01599896 -0.01551701  0.00004184  0.        ]
 [ 0.          0.00219453 -0.00004184  0.        ]
 [ 0.0471832   0.          0.         -0.14530267]]
22:08:24:INFO:RESULT:m_eq:
[  589.0004818    707.33043464 37096.18893929   191.262322  ](38583.78217771349)
22:08:24:INFO:RESULT:x_vec:
[    0.01599896     0.00219453     0.0471832    589.0004818
   707.33043464 37096.18893929   191.262322  ](38583.84755440531)
22:08:24:INFO:RESULT:time_scale:
[  5.07634651  38.43750195 965.85194958]
22:08:24:INFO:SAVE:message:saving bunch of data...
22:08:24:INFO:SAVE:message:saving optimizer data ...
