21:21:47:INFO:GENERAL:seed:1
21:21:47:INFO:GENERAL:rho:[0.0001, 0.01, 0.001]
21:21:47:INFO:GENERAL:bounds_z:[(1e-06, 0.3), (1e-06, 0.3), (588.999411, 589.000589), (1e-06, 1800), (1e-06, 74200)]
21:21:49:INFO:OPTIMIZER:x:
[    0.03376099     0.00232443   589.00057795   752.31964371
 37101.47048067]
21:21:49:INFO:OPTIMIZER:fun:0.0017510777841003478
21:21:49:INFO:OPTIMIZER:nfev:9560
21:21:49:INFO:OPTIMIZER:nit:149
21:21:49:INFO:OPTIMIZER:message:Optimization terminated successfully.
21:21:49:INFO:OPTIMIZER:success:True
21:21:49:INFO:OPTIMIZER:constr:[array([0.])]
21:21:49:INFO:OPTIMIZER:constr_violation:0.0
21:21:49:INFO:OPTIMIZER:maxcv:0.0
21:21:49:INFO:RESULT:A:
[[-0.03376099  0.02643191  0.        ]
 [ 0.03376099 -0.02875634  0.00004713]
 [ 0.          0.00232443 -0.00004713]]
21:21:49:INFO:RESULT:m_eq:
[  589.00057795   752.31964371 37101.47048067](38442.79070233148)
21:21:49:INFO:RESULT:x_vec:
[    0.03376099     0.00232443   589.00057795   752.31964371
 37101.47048067](38442.82678775601)
21:21:49:INFO:RESULT:time_scale:
[ 16.33009558 753.10450556]
21:21:49:INFO:SAVE:message:saving bunch of data...
21:21:49:INFO:SAVE:message:saving optimizer data ...
