22:03:55:INFO:GENERAL:seed:1
22:03:55:INFO:GENERAL:rho:[0.1, 0.01, 0.01]
22:03:55:INFO:GENERAL:bounds_z:[(1e-06, 0.3), (1e-06, 0.3), (588.999411, 589.000589), (1e-06, 1800), (1e-06, 74200)]
22:03:56:INFO:OPTIMIZER:x:
[    0.05500769     0.00418396   588.99942287   957.49114631
 37099.45294501]
22:03:56:INFO:OPTIMIZER:fun:0.004405088269760248
22:03:56:INFO:OPTIMIZER:nfev:6608
22:03:56:INFO:OPTIMIZER:nit:102
22:03:56:INFO:OPTIMIZER:message:Optimization terminated successfully.
22:03:56:INFO:OPTIMIZER:success:True
22:03:56:INFO:OPTIMIZER:constr:[array([0.])]
22:03:56:INFO:OPTIMIZER:constr_violation:0.0
22:03:56:INFO:OPTIMIZER:maxcv:0.0
22:03:56:INFO:RESULT:A:
[[-0.05500769  0.03383791  0.        ]
 [ 0.05500769 -0.03802187  0.00010798]
 [ 0.          0.00418396 -0.00010798]]
22:03:56:INFO:RESULT:m_eq:
[  588.99942287   957.49114631 37099.45294501](38645.94351418723)
22:03:56:INFO:RESULT:x_vec:
[    0.05500769     0.00418396   588.99942287   957.49114631
 37099.45294501](38646.0027058347)
22:03:56:INFO:RESULT:time_scale:
[ 11.05117799 377.43703387]
22:03:56:INFO:SAVE:message:saving bunch of data...
22:03:56:INFO:SAVE:message:saving optimizer data ...
