22:09:21:INFO:GENERAL:seed:1
22:09:21:INFO:GENERAL:rho:[0.01, 0.0, 0.1]
22:09:21:INFO:GENERAL:bounds_z:[(1e-06, 0.3), (1e-06, 0.3), (1e-06, 0.3), (588.999411, 589.000589), (1e-06, 1800), (1e-06, 74200), (1e-06, 1100)]
22:09:38:INFO:OPTIMIZER:x:
[  0.01638372   0.00471374   0.0427545  588.9995222  622.52078908
 613.68474962 195.37395178]
22:09:38:INFO:OPTIMIZER:fun:0.0006742942382566247
22:09:38:INFO:OPTIMIZER:nfev:92390
22:09:38:INFO:OPTIMIZER:nit:1434
22:09:38:INFO:OPTIMIZER:message:Optimization terminated successfully.
22:09:38:INFO:OPTIMIZER:success:True
22:09:38:INFO:OPTIMIZER:constr:[array([0.])]
22:09:38:INFO:OPTIMIZER:constr_violation:0.0
22:09:38:INFO:OPTIMIZER:maxcv:0.0
22:09:38:INFO:RESULT:A:
[[-0.05913822  0.01550149  0.          0.12889322]
 [ 0.01638372 -0.02021524  0.00478161  0.        ]
 [ 0.          0.00471374 -0.00478161  0.        ]
 [ 0.0427545   0.          0.         -0.12889322]]
22:09:38:INFO:RESULT:m_eq:
[588.9995222  622.52078908 613.68474962 195.37395178](2020.5790126744075)
22:09:38:INFO:RESULT:x_vec:
[  0.01638372   0.00471374   0.0427545  588.9995222  622.52078908
 613.68474962 195.37395178](2020.6428646334866)
22:09:38:INFO:RESULT:time_scale:
[  5.6655308   32.87548963 163.81291233]
22:09:38:INFO:SAVE:message:saving bunch of data...
22:09:38:INFO:SAVE:message:saving optimizer data ...
