22:21:55:INFO:GENERAL:seed:1
22:21:55:INFO:GENERAL:rho:[0.001, 0.001, 0.001]
22:21:55:INFO:GENERAL:bounds_z:[(1e-06, 0.3), (1e-06, 0.3), (588.999411, 589.000589), (1e-06, 1800), (1e-06, 74200)]
22:21:57:INFO:OPTIMIZER:x:
[    0.06829811     0.00421261   588.9996406    939.27023996
 37050.6428052 ]
22:21:57:INFO:OPTIMIZER:fun:0.0008123979721356288
22:21:57:INFO:OPTIMIZER:nfev:8351
22:21:57:INFO:OPTIMIZER:nit:131
22:21:57:INFO:OPTIMIZER:message:Optimization terminated successfully.
22:21:57:INFO:OPTIMIZER:success:True
22:21:57:INFO:OPTIMIZER:constr:[array([0.])]
22:21:57:INFO:OPTIMIZER:constr_violation:0.0
22:21:57:INFO:OPTIMIZER:maxcv:0.0
22:21:57:INFO:RESULT:A:
[[-0.06829811  0.04282853  0.        ]
 [ 0.06829811 -0.04704114  0.00010679]
 [ 0.          0.00421261 -0.00010679]]
22:21:57:INFO:RESULT:m_eq:
[  588.9996406    939.27023996 37050.6428052 ](38578.91268576474)
22:21:57:INFO:RESULT:x_vec:
[    0.06829811     0.00421261   588.9996406    939.27023996
 37050.6428052 ](38578.98519648821)
22:21:57:INFO:RESULT:time_scale:
[  8.86603838 376.49205784]
22:21:57:INFO:SAVE:message:saving bunch of data...
22:21:57:INFO:SAVE:message:saving optimizer data ...
