22:07:22:INFO:GENERAL:seed:1
22:07:22:INFO:GENERAL:rho:[0.01, 0.0, 0.0]
22:07:22:INFO:GENERAL:bounds_z:[(1e-06, 0.3), (1e-06, 0.3), (1e-06, 0.3), (588.999411, 589.000589), (1e-06, 1800), (1e-06, 74200), (1e-06, 1100)]
22:07:27:INFO:OPTIMIZER:x:
[    0.01185365     0.00110451     0.04400166   588.99991388
   804.23565914 74122.47063966   255.95597906]
22:07:27:INFO:OPTIMIZER:fun:0.0006066171357221711
22:07:27:INFO:OPTIMIZER:nfev:21778
22:07:27:INFO:OPTIMIZER:nit:340
22:07:27:INFO:OPTIMIZER:message:Optimization terminated successfully.
22:07:27:INFO:OPTIMIZER:success:True
22:07:27:INFO:OPTIMIZER:constr:[array([0.])]
22:07:27:INFO:OPTIMIZER:constr_violation:0.0
22:07:27:INFO:OPTIMIZER:maxcv:0.0
22:07:27:INFO:RESULT:A:
[[-0.05585532  0.00868129  0.          0.1012556 ]
 [ 0.01185365 -0.00978579  0.00001198  0.        ]
 [ 0.          0.00110451 -0.00001198  0.        ]
 [ 0.04400166  0.          0.         -0.1012556 ]]
22:07:27:INFO:RESULT:m_eq:
[  588.99991388   804.23565914 74122.47063966   255.95597906](75771.66219174363)
22:07:27:INFO:RESULT:x_vec:
[    0.01185365     0.00110451     0.04400166   588.99991388
   804.23565914 74122.47063966   255.95597906](75771.71915156684)
22:07:27:INFO:RESULT:time_scale:
[   6.69749168   58.59168679 1880.42292595]
22:07:27:INFO:SAVE:message:saving bunch of data...
22:07:27:INFO:SAVE:message:saving optimizer data ...
