22:07:48:INFO:GENERAL:seed:1
22:07:48:INFO:GENERAL:rho:[0.01, 0.1, 0.001]
22:07:48:INFO:GENERAL:bounds_z:[(1e-06, 0.3), (1e-06, 0.3), (1e-06, 0.3), (588.999411, 589.000589), (1e-06, 1800), (1e-06, 74200), (1e-06, 1100)]
22:07:51:INFO:OPTIMIZER:x:
[    0.00388467     0.00987859     0.03364842   589.00000437
   900.00002277 37100.00073067   549.99999774]
22:07:51:INFO:OPTIMIZER:fun:0.0020159716943719706
22:07:51:INFO:OPTIMIZER:nfev:14496
22:07:51:INFO:OPTIMIZER:nit:225
22:07:51:INFO:OPTIMIZER:message:Optimization terminated successfully.
22:07:51:INFO:OPTIMIZER:success:True
22:07:51:INFO:OPTIMIZER:constr:[array([0.])]
22:07:51:INFO:OPTIMIZER:constr_violation:0.0
22:07:51:INFO:OPTIMIZER:maxcv:0.0
22:07:51:INFO:RESULT:A:
[[-0.03753309  0.0025423   0.          0.0360344 ]
 [ 0.00388467 -0.01242089  0.00023964  0.        ]
 [ 0.          0.00987859 -0.00023964  0.        ]
 [ 0.03364842  0.          0.         -0.0360344 ]]
22:07:51:INFO:RESULT:m_eq:
[  589.00000437   900.00002277 37100.00073067   549.99999774](39139.000755551424)
22:07:51:INFO:RESULT:x_vec:
[    0.00388467     0.00987859     0.03364842   589.00000437
   900.00002277 37100.00073067   549.99999774](39139.04816723261)
22:07:51:INFO:RESULT:time_scale:
[ 13.94738437  77.1603023  636.95848148]
22:07:51:INFO:SAVE:message:saving bunch of data...
22:07:51:INFO:SAVE:message:saving optimizer data ...
