22:09:12:INFO:GENERAL:seed:1
22:09:12:INFO:GENERAL:rho:[0.1, 0.1, 0.1]
22:09:12:INFO:GENERAL:bounds_z:[(1e-06, 0.3), (1e-06, 0.3), (588.999411, 589.000589), (1e-06, 1800), (1e-06, 74200)]
22:09:14:INFO:OPTIMIZER:x:
[    0.02583907     0.00108047   588.99999239   899.99999651
 37100.00000209]
22:09:14:INFO:OPTIMIZER:fun:0.003292893893219778
22:09:14:INFO:OPTIMIZER:nfev:9242
22:09:14:INFO:OPTIMIZER:nit:143
22:09:14:INFO:OPTIMIZER:message:Optimization terminated successfully.
22:09:14:INFO:OPTIMIZER:success:True
22:09:14:INFO:OPTIMIZER:constr:[array([0.])]
22:09:14:INFO:OPTIMIZER:constr_violation:0.0
22:09:14:INFO:OPTIMIZER:maxcv:0.0
22:09:14:INFO:RESULT:A:
[[-0.02583907  0.01691023  0.        ]
 [ 0.02583907 -0.01799071  0.00002621]
 [ 0.          0.00108047 -0.00002621]]
22:09:14:INFO:RESULT:m_eq:
[  588.99999239   899.99999651 37100.00000209](38588.99999098502)
22:09:14:INFO:RESULT:x_vec:
[    0.02583907     0.00108047   588.99999239   899.99999651
 37100.00000209](38589.02691052398)
22:09:14:INFO:RESULT:time_scale:
[  23.15697549 1487.09498292]
22:09:14:INFO:SAVE:message:saving bunch of data...
22:09:14:INFO:SAVE:message:saving optimizer data ...
