21:13:19:INFO:GENERAL:seed:1
21:13:19:INFO:GENERAL:rho:[0.0001, 0.01, 0.001]
21:13:19:INFO:GENERAL:bounds_z:[(1e-06, 0.3), (1e-06, 0.3), (588.999411, 589.000589), (1e-06, 1800), (1e-06, 74200)]
21:13:20:INFO:OPTIMIZER:x:
[    0.07112904     0.00457907   588.99992822   900.00006342
 37100.00140534]
21:13:20:INFO:OPTIMIZER:fun:0.0007992718466718944
21:13:20:INFO:OPTIMIZER:nfev:9838
21:13:20:INFO:OPTIMIZER:nit:154
21:13:20:INFO:OPTIMIZER:message:Optimization terminated successfully.
21:13:20:INFO:OPTIMIZER:success:True
21:13:20:INFO:OPTIMIZER:constr:[array([0.])]
21:13:20:INFO:OPTIMIZER:constr_violation:0.0
21:13:20:INFO:OPTIMIZER:maxcv:0.0
21:13:20:INFO:RESULT:A:
[[-0.07112904  0.04655     0.        ]
 [ 0.07112904 -0.05112907  0.00011108]
 [ 0.          0.00457907 -0.00011108]]
21:13:20:INFO:RESULT:m_eq:
[  588.99992822   900.00006342 37100.00140534](38589.00139698011)
21:13:20:INFO:RESULT:x_vec:
[    0.07112904     0.00457907   588.99992822   900.00006342
 37100.00140534](38589.077105094606)
21:13:20:INFO:RESULT:time_scale:
[  8.36574571 352.8427242 ]
21:13:20:INFO:SAVE:message:saving bunch of data...
21:13:20:INFO:SAVE:message:saving optimizer data ...
