21:22:27:INFO:GENERAL:seed:1
21:22:27:INFO:GENERAL:rho:[0.0, 0.01, 0.01]
21:22:27:INFO:GENERAL:bounds_z:[(1e-06, 0.3), (1e-06, 0.3), (588.999411, 589.000589), (1e-06, 1800), (1e-06, 74200)]
21:22:29:INFO:OPTIMIZER:x:
[    0.03379813     0.00233234   589.00058596   751.47922852
 37102.57160664]
21:22:29:INFO:OPTIMIZER:fun:0.0017489899832661355
21:22:29:INFO:OPTIMIZER:nfev:9334
21:22:29:INFO:OPTIMIZER:nit:145
21:22:29:INFO:OPTIMIZER:message:Optimization terminated successfully.
21:22:29:INFO:OPTIMIZER:success:True
21:22:29:INFO:OPTIMIZER:constr:[array([0.])]
21:22:29:INFO:OPTIMIZER:constr_violation:0.0
21:22:29:INFO:OPTIMIZER:maxcv:0.0
21:22:29:INFO:RESULT:A:
[[-0.03379813  0.02649058  0.        ]
 [ 0.03379813 -0.02882292  0.00004724]
 [ 0.          0.00233234 -0.00004724]]
21:22:29:INFO:RESULT:m_eq:
[  589.00058596   751.47922852 37102.57160664](38443.051421127806)
21:22:29:INFO:RESULT:x_vec:
[    0.03379813     0.00233234   589.00058596   751.47922852
 37102.57160664](38443.08755160467)
21:22:29:INFO:RESULT:time_scale:
[ 16.30345828 750.967396  ]
21:22:29:INFO:SAVE:message:saving bunch of data...
21:22:29:INFO:SAVE:message:saving optimizer data ...
