22:18:26:INFO:GENERAL:seed:1
22:18:26:INFO:GENERAL:rho:[0.01, 0.001, 0.1]
22:18:26:INFO:GENERAL:bounds_z:[(1e-06, 0.3), (1e-06, 0.3), (588.999411, 589.000589), (1e-06, 1800), (1e-06, 74200)]
22:18:27:INFO:OPTIMIZER:x:
[    0.03963606     0.0036702    589.00053302   634.10481314
 37002.56712166]
22:18:27:INFO:OPTIMIZER:fun:0.0012419246174281027
22:18:27:INFO:OPTIMIZER:nfev:8368
22:18:27:INFO:OPTIMIZER:nit:131
22:18:27:INFO:OPTIMIZER:message:Optimization terminated successfully.
22:18:27:INFO:OPTIMIZER:success:True
22:18:27:INFO:OPTIMIZER:constr:[array([0.])]
22:18:27:INFO:OPTIMIZER:constr_violation:0.0
22:18:27:INFO:OPTIMIZER:maxcv:0.0
22:18:27:INFO:RESULT:A:
[[-0.03963606  0.03681672  0.        ]
 [ 0.03963606 -0.04048692  0.0000629 ]
 [ 0.          0.0036702  -0.0000629 ]]
22:18:27:INFO:RESULT:m_eq:
[  589.00053302   634.10481314 37002.56712166](38225.67246781668)
22:18:27:INFO:RESULT:x_vec:
[    0.03963606     0.0036702    589.00053302   634.10481314
 37002.56712166](38225.71577407862)
22:18:27:INFO:RESULT:time_scale:
[ 12.77698171 520.79667211]
22:18:27:INFO:SAVE:message:saving bunch of data...
22:18:27:INFO:SAVE:message:saving optimizer data ...
