21:21:30:INFO:GENERAL:seed:1
21:21:30:INFO:GENERAL:rho:[0.01, 0.0, 0.0]
21:21:30:INFO:GENERAL:bounds_z:[(1e-06, 0.3), (1e-06, 0.3), (1e-06, 0.3), (588.999411, 589.000589), (1e-06, 1800), (1e-06, 74200), (1e-06, 1100)]
21:21:34:INFO:OPTIMIZER:x:
[    0.01185518     0.00110445     0.04400912   589.00010392
   804.23215408 74122.18259552   255.92749101]
21:21:34:INFO:OPTIMIZER:fun:0.0006066171790477025
21:21:34:INFO:OPTIMIZER:nfev:21523
21:21:34:INFO:OPTIMIZER:nit:338
21:21:34:INFO:OPTIMIZER:message:Optimization terminated successfully.
21:21:34:INFO:OPTIMIZER:success:True
21:21:34:INFO:OPTIMIZER:constr:[array([0.])]
21:21:34:INFO:OPTIMIZER:constr_violation:0.0
21:21:34:INFO:OPTIMIZER:maxcv:0.0
21:21:34:INFO:RESULT:A:
[[-0.0558643   0.00868245  0.          0.10128407]
 [ 0.01185518 -0.00978689  0.00001198  0.        ]
 [ 0.          0.00110445 -0.00001198  0.        ]
 [ 0.04400912  0.          0.         -0.10128407]]
21:21:34:INFO:RESULT:m_eq:
[  589.00010392   804.23215408 74122.18259552   255.92749101](75771.34234452025)
21:21:34:INFO:RESULT:x_vec:
[    0.01185518     0.00110445     0.04400912   589.00010392
   804.23215408 74122.18259552   255.92749101](75771.39931326949)
21:21:34:INFO:RESULT:time_scale:
[   6.69587335   58.58316071 1880.48118166]
21:21:34:INFO:SAVE:message:saving bunch of data...
21:21:34:INFO:SAVE:message:saving optimizer data ...
