22:23:24:INFO:GENERAL:seed:1
22:23:24:INFO:GENERAL:rho:[0.01, 0.01, 0.1]
22:23:24:INFO:GENERAL:bounds_z:[(1e-06, 0.3), (1e-06, 0.3), (1e-06, 0.3), (588.999411, 589.000589), (1e-06, 1800), (1e-06, 74200), (1e-06, 1100)]
22:23:44:INFO:OPTIMIZER:x:
[    0.02587471     0.00368824     0.05299379   589.000007
   929.59681887 37092.33488117   339.49376841]
22:23:44:INFO:OPTIMIZER:fun:0.0017308290732986932
22:23:44:INFO:OPTIMIZER:nfev:98743
22:23:44:INFO:OPTIMIZER:nit:1544
22:23:44:INFO:OPTIMIZER:message:Optimization terminated successfully.
22:23:44:INFO:OPTIMIZER:success:True
22:23:44:INFO:OPTIMIZER:constr:[array([0.])]
22:23:44:INFO:OPTIMIZER:constr_violation:0.0
22:23:44:INFO:OPTIMIZER:maxcv:0.0
22:23:44:INFO:RESULT:A:
[[-0.0788685   0.01639442  0.          0.09194085]
 [ 0.02587471 -0.02008266  0.00009243  0.        ]
 [ 0.          0.00368824 -0.00009243  0.        ]
 [ 0.05299379  0.          0.         -0.09194085]]
22:23:44:INFO:RESULT:m_eq:
[  589.000007     929.59681887 37092.33488117   339.49376841](38950.4254754374)
22:23:44:INFO:RESULT:x_vec:
[    0.02587471     0.00368824     0.05299379   589.000007
   929.59681887 37092.33488117   339.49376841](38950.50803217872)
22:23:44:INFO:RESULT:time_scale:
[  6.37209523  31.02842651 548.94277188]
22:23:44:INFO:SAVE:message:saving bunch of data...
22:23:44:INFO:SAVE:message:saving optimizer data ...
