21:12:38:INFO:GENERAL:seed:1
21:12:38:INFO:GENERAL:rho:[0.0, 0.1, 0.0]
21:12:38:INFO:GENERAL:bounds_z:[(1e-06, 0.3), (1e-06, 0.3), (588.999411, 589.000589), (1e-06, 1800), (1e-06, 74200)]
21:12:40:INFO:OPTIMIZER:x:
[    0.07114606     0.00457935   588.99999863   899.99999623
 37099.99977444]
21:12:40:INFO:OPTIMIZER:fun:0.0007951921389771522
21:12:40:INFO:OPTIMIZER:nfev:9387
21:12:40:INFO:OPTIMIZER:nit:146
21:12:40:INFO:OPTIMIZER:message:Optimization terminated successfully.
21:12:40:INFO:OPTIMIZER:success:True
21:12:40:INFO:OPTIMIZER:constr:[array([0.])]
21:12:40:INFO:OPTIMIZER:constr_violation:0.0
21:12:40:INFO:OPTIMIZER:maxcv:0.0
21:12:40:INFO:RESULT:A:
[[-0.07114606  0.04656115  0.        ]
 [ 0.07114606 -0.05114049  0.00011109]
 [ 0.          0.00457935 -0.00011109]]
21:12:40:INFO:RESULT:m_eq:
[  588.99999863   899.99999623 37099.99977444](38588.999769299364)
21:12:40:INFO:RESULT:x_vec:
[    0.07114606     0.00457935   588.99999863   899.99999623
 37099.99977444](38589.07549471028)
21:12:40:INFO:RESULT:time_scale:
[  8.36376727 352.820697  ]
21:12:40:INFO:SAVE:message:saving bunch of data...
21:12:40:INFO:SAVE:message:saving optimizer data ...
