21:12:45:INFO:GENERAL:seed:1
21:12:45:INFO:GENERAL:rho:[0.0001, 0.0001, 0.0001]
21:12:45:INFO:GENERAL:bounds_z:[(1e-06, 0.3), (1e-06, 0.3), (588.999411, 589.000589), (1e-06, 1800), (1e-06, 74200)]
21:12:48:INFO:OPTIMIZER:x:
[   0.0807389     0.01245598  589.00024119  714.87848057 1272.79436883]
21:12:48:INFO:OPTIMIZER:fun:0.00031226514070723053
21:12:48:INFO:OPTIMIZER:nfev:12854
21:12:48:INFO:OPTIMIZER:nit:199
21:12:48:INFO:OPTIMIZER:message:Optimization terminated successfully.
21:12:48:INFO:OPTIMIZER:success:True
21:12:48:INFO:OPTIMIZER:constr:[array([0.])]
21:12:48:INFO:OPTIMIZER:constr_violation:0.0
21:12:48:INFO:OPTIMIZER:maxcv:0.0
21:12:48:INFO:RESULT:A:
[[-0.0807389   0.06652212  0.        ]
 [ 0.0807389  -0.0789781   0.00699603]
 [ 0.          0.01245598 -0.00699603]]
21:12:48:INFO:RESULT:m_eq:
[ 589.00024119  714.87848057 1272.79436883](2576.673090589078)
21:12:48:INFO:RESULT:x_vec:
[   0.0807389     0.01245598  589.00024119  714.87848057 1272.79436883](2576.7662854693826)
21:12:48:INFO:RESULT:time_scale:
[ 6.5169966  75.36864597]
21:12:48:INFO:SAVE:message:saving bunch of data...
21:12:48:INFO:SAVE:message:saving optimizer data ...
