21:14:11:INFO:GENERAL:seed:1
21:14:11:INFO:GENERAL:rho:[0.0001, 0.01, 0.01]
21:14:11:INFO:GENERAL:bounds_z:[(1e-06, 0.3), (1e-06, 0.3), (588.999411, 589.000589), (1e-06, 1800), (1e-06, 74200)]
21:14:12:INFO:OPTIMIZER:x:
[    0.071132       0.00457892   588.99989178   900.00007391
 37100.00351328]
21:14:12:INFO:OPTIMIZER:fun:0.0007992720046593116
21:14:12:INFO:OPTIMIZER:nfev:8560
21:14:12:INFO:OPTIMIZER:nit:133
21:14:12:INFO:OPTIMIZER:message:Optimization terminated successfully.
21:14:12:INFO:OPTIMIZER:success:True
21:14:12:INFO:OPTIMIZER:constr:[array([0.])]
21:14:12:INFO:OPTIMIZER:constr_violation:0.0
21:14:12:INFO:OPTIMIZER:maxcv:0.0
21:14:12:INFO:RESULT:A:
[[-0.071132    0.04655193  0.        ]
 [ 0.071132   -0.05113085  0.00011108]
 [ 0.          0.00457892 -0.00011108]]
21:14:12:INFO:RESULT:m_eq:
[  588.99989178   900.00007391 37100.00351328](38589.003478968254)
21:14:12:INFO:RESULT:x_vec:
[    0.071132       0.00457892   588.99989178   900.00007391
 37100.00351328](38589.07918989112)
21:14:12:INFO:RESULT:time_scale:
[  8.36540792 352.85385363]
21:14:12:INFO:SAVE:message:saving bunch of data...
21:14:12:INFO:SAVE:message:saving optimizer data ...
