21:14:44:INFO:GENERAL:seed:1
21:14:44:INFO:GENERAL:rho:[0.01, 0.1, 0.1]
21:14:44:INFO:GENERAL:bounds_z:[(1e-06, 0.3), (1e-06, 0.3), (1e-06, 0.3), (588.999411, 589.000589), (1e-06, 1800), (1e-06, 74200), (1e-06, 1100)]
21:14:51:INFO:OPTIMIZER:x:
[    0.02308924     0.00206185     0.02667046   588.99999015
   900.00000492 37099.99979753   550.00000597]
21:14:51:INFO:OPTIMIZER:fun:0.0019400533414630694
21:14:51:INFO:OPTIMIZER:nfev:38886
21:14:51:INFO:OPTIMIZER:nit:604
21:14:51:INFO:OPTIMIZER:message:Optimization terminated successfully.
21:14:51:INFO:OPTIMIZER:success:True
21:14:51:INFO:OPTIMIZER:constr:[array([0.])]
21:14:51:INFO:OPTIMIZER:constr_violation:0.0
21:14:51:INFO:OPTIMIZER:maxcv:0.0
21:14:51:INFO:RESULT:A:
[[-0.04975971  0.01511063  0.          0.02856164]
 [ 0.02308924 -0.01717247  0.00005002  0.        ]
 [ 0.          0.00206185 -0.00005002  0.        ]
 [ 0.02667046  0.          0.         -0.02856164]]
21:14:51:INFO:RESULT:m_eq:
[  588.99999015   900.00000492 37099.99979753   550.00000597](39138.99979857328)
21:14:51:INFO:RESULT:x_vec:
[    0.02308924     0.00206185     0.02667046   588.99999015
   900.00000492 37099.99979753   550.00000597](39139.05162012881)
21:14:51:INFO:RESULT:time_scale:
[  13.67970861   46.44355227 1097.26699812]
21:14:51:INFO:SAVE:message:saving bunch of data...
21:14:51:INFO:SAVE:message:saving optimizer data ...
