21:12:40:INFO:GENERAL:seed:1
21:12:40:INFO:GENERAL:rho:[0.001, 0.0001, 0.0]
21:12:40:INFO:GENERAL:bounds_z:[(1e-06, 0.3), (1e-06, 0.3), (588.999411, 589.000589), (1e-06, 1800), (1e-06, 74200)]
21:12:43:INFO:OPTIMIZER:x:
[   0.08036726    0.01230633  589.00041861  718.37819207 1273.79586134]
21:12:43:INFO:OPTIMIZER:fun:0.00036209695456009726
21:12:43:INFO:OPTIMIZER:nfev:13081
21:12:43:INFO:OPTIMIZER:nit:201
21:12:43:INFO:OPTIMIZER:message:Optimization terminated successfully.
21:12:43:INFO:OPTIMIZER:success:True
21:12:43:INFO:OPTIMIZER:constr:[array([0.])]
21:12:43:INFO:OPTIMIZER:constr_violation:0.0
21:12:43:INFO:OPTIMIZER:maxcv:0.0
21:12:43:INFO:RESULT:A:
[[-0.08036726  0.06589336  0.        ]
 [ 0.08036726 -0.07819969  0.00694036]
 [ 0.          0.01230633 -0.00694036]]
21:12:43:INFO:RESULT:m_eq:
[ 589.00041861  718.37819207 1273.79586134](2581.174472015629)
21:12:43:INFO:RESULT:x_vec:
[   0.08036726    0.01230633  589.00041861  718.37819207 1273.79586134](2581.2671456107537)
21:12:43:INFO:RESULT:time_scale:
[ 6.56371295 76.0195036 ]
21:12:43:INFO:SAVE:message:saving bunch of data...
21:12:43:INFO:SAVE:message:saving optimizer data ...
