22:22:58:INFO:GENERAL:seed:1
22:22:58:INFO:GENERAL:rho:[0.001, 0.001, 0.01]
22:22:58:INFO:GENERAL:bounds_z:[(1e-06, 0.3), (1e-06, 0.3), (588.999411, 589.000589), (1e-06, 1800), (1e-06, 74200)]
22:23:00:INFO:OPTIMIZER:x:
[    0.06829638     0.00421262   588.99953828   939.30107672
 37053.3604295 ]
22:23:00:INFO:OPTIMIZER:fun:0.0008123978673043654
22:23:00:INFO:OPTIMIZER:nfev:8558
22:23:00:INFO:OPTIMIZER:nit:133
22:23:00:INFO:OPTIMIZER:message:Optimization terminated successfully.
22:23:00:INFO:OPTIMIZER:success:True
22:23:00:INFO:OPTIMIZER:constr:[array([0.])]
22:23:00:INFO:OPTIMIZER:constr_violation:0.0
22:23:00:INFO:OPTIMIZER:maxcv:0.0
22:23:00:INFO:RESULT:A:
[[-0.06829638  0.04282603  0.        ]
 [ 0.06829638 -0.04703866  0.00010679]
 [ 0.          0.00421262 -0.00010679]]
22:23:00:INFO:RESULT:m_eq:
[  588.99953828   939.30107672 37053.3604295 ](38581.66104449509)
22:23:00:INFO:RESULT:x_vec:
[    0.06829638     0.00421262   588.99953828   939.30107672
 37053.3604295 ](38581.7335535027)
22:23:00:INFO:RESULT:time_scale:
[  8.86637234 376.4873532 ]
22:23:00:INFO:SAVE:message:saving bunch of data...
22:23:00:INFO:SAVE:message:saving optimizer data ...
