21:14:19:INFO:GENERAL:seed:1
21:14:19:INFO:GENERAL:rho:[0.0, 0.001, 0.1]
21:14:19:INFO:GENERAL:bounds_z:[(1e-06, 0.3), (1e-06, 0.3), (1e-06, 0.3), (588.999411, 589.000589), (1e-06, 1800), (1e-06, 74200), (1e-06, 1100)]
21:14:32:INFO:OPTIMIZER:x:
[    0.02526487     0.00305561     0.06209271   589.00040776
  1014.51719882 37060.4515117    321.29453168]
21:14:32:INFO:OPTIMIZER:fun:0.00028202794124629034
21:14:32:INFO:OPTIMIZER:nfev:65475
21:14:32:INFO:OPTIMIZER:nit:1016
21:14:32:INFO:OPTIMIZER:message:Optimization terminated successfully.
21:14:32:INFO:OPTIMIZER:success:True
21:14:32:INFO:OPTIMIZER:constr:[array([0.])]
21:14:32:INFO:OPTIMIZER:constr_violation:0.0
21:14:32:INFO:OPTIMIZER:maxcv:0.0
21:14:32:INFO:RESULT:A:
[[-0.08735759  0.01466808  0.          0.11382899]
 [ 0.02526487 -0.01772369  0.00008365  0.        ]
 [ 0.          0.00305561 -0.00008365  0.        ]
 [ 0.06209271  0.          0.         -0.11382899]]
21:14:32:INFO:RESULT:m_eq:
[  589.00040776  1014.51719882 37060.4515117    321.29453168](38985.26364996295)
21:14:32:INFO:RESULT:x_vec:
[    0.02526487     0.00305561     0.06209271   589.00040776
  1014.51719882 37060.4515117    321.29453168](38985.35406315942)
21:14:32:INFO:RESULT:time_scale:
[  5.3581031   32.52035728 620.83475081]
21:14:32:INFO:SAVE:message:saving bunch of data...
21:14:32:INFO:SAVE:message:saving optimizer data ...
