22:04:16:INFO:GENERAL:seed:1
22:04:16:INFO:GENERAL:rho:[0.01, 0.1, 0.01]
22:04:16:INFO:GENERAL:bounds_z:[(1e-06, 0.3), (1e-06, 0.3), (1e-06, 0.3), (588.999411, 589.000589), (1e-06, 1800), (1e-06, 74200), (1e-06, 1100)]
22:04:20:INFO:OPTIMIZER:x:
[    0.02309403     0.00205854     0.026677     589.00003105
   900.00001652 37100.00021388   550.0000185 ]
22:04:20:INFO:OPTIMIZER:fun:0.0019400537206387383
22:04:20:INFO:OPTIMIZER:nfev:21905
22:04:20:INFO:OPTIMIZER:nit:341
22:04:20:INFO:OPTIMIZER:message:Optimization terminated successfully.
22:04:20:INFO:OPTIMIZER:success:True
22:04:20:INFO:OPTIMIZER:constr:[array([0.])]
22:04:20:INFO:OPTIMIZER:constr_violation:0.0
22:04:20:INFO:OPTIMIZER:maxcv:0.0
22:04:20:INFO:RESULT:A:
[[-0.04977104  0.01511376  0.          0.02856865]
 [ 0.02309403 -0.01717231  0.00004994  0.        ]
 [ 0.          0.00205854 -0.00004994  0.        ]
 [ 0.026677    0.          0.         -0.02856865]]
22:04:20:INFO:RESULT:m_eq:
[  589.00003105   900.00001652 37100.00021388   550.0000185 ](39139.000279942265)
22:04:20:INFO:RESULT:x_vec:
[    0.02309403     0.00205854     0.026677     589.00003105
   900.00001652 37100.00021388   550.0000185 ](39139.05210952433)
22:04:20:INFO:RESULT:time_scale:
[  13.67658352   46.43760418 1098.92280517]
22:04:20:INFO:SAVE:message:saving bunch of data...
22:04:20:INFO:SAVE:message:saving optimizer data ...
