22:09:18:INFO:GENERAL:seed:1
22:09:18:INFO:GENERAL:rho:[0.0001, 0.0001, 0.1]
22:09:18:INFO:GENERAL:bounds_z:[(1e-06, 0.3), (1e-06, 0.3), (588.999411, 589.000589), (1e-06, 1800), (1e-06, 74200)]
22:09:20:INFO:OPTIMIZER:x:
[  0.05720965   0.01645999 589.00058656 402.56157174 786.90662628]
22:09:20:INFO:OPTIMIZER:fun:0.00026215348820132403
22:09:20:INFO:OPTIMIZER:nfev:14614
22:09:20:INFO:OPTIMIZER:nit:226
22:09:20:INFO:OPTIMIZER:message:Optimization terminated successfully.
22:09:20:INFO:OPTIMIZER:success:True
22:09:20:INFO:OPTIMIZER:constr:[array([0.])]
22:09:20:INFO:OPTIMIZER:constr_violation:0.0
22:09:20:INFO:OPTIMIZER:maxcv:0.0
22:09:20:INFO:RESULT:A:
[[-0.05720965  0.08370525  0.        ]
 [ 0.05720965 -0.10016524  0.00842051]
 [ 0.          0.01645999 -0.00842051]]
22:09:20:INFO:RESULT:m_eq:
[589.00058656 402.56157174 786.90662628](1778.4687845769467)
22:09:20:INFO:RESULT:x_vec:
[  0.05720965   0.01645999 589.00058656 402.56157174 786.90662628](1778.5424542151034)
22:09:20:INFO:RESULT:time_scale:
[ 6.58879472 71.31356875]
22:09:20:INFO:SAVE:message:saving bunch of data...
22:09:20:INFO:SAVE:message:saving optimizer data ...
