22:15:40:INFO:GENERAL:seed:1
22:15:40:INFO:GENERAL:rho:[0.0, 0.0, 0.0]
22:15:40:INFO:GENERAL:bounds_z:[(1e-06, 0.3), (1e-06, 0.3), (588.999411, 589.000589), (1e-06, 1800), (1e-06, 74200)]
22:15:42:INFO:OPTIMIZER:x:
[  0.0572912    0.01650952 588.99953364 401.97136355 787.07586378]
22:15:42:INFO:OPTIMIZER:fun:0.00021914651279540318
22:15:42:INFO:OPTIMIZER:nfev:13618
22:15:42:INFO:OPTIMIZER:nit:214
22:15:42:INFO:OPTIMIZER:message:Optimization terminated successfully.
22:15:42:INFO:OPTIMIZER:success:True
22:15:42:INFO:OPTIMIZER:constr:[array([0.])]
22:15:42:INFO:OPTIMIZER:constr_violation:0.0
22:15:42:INFO:OPTIMIZER:maxcv:0.0
22:15:42:INFO:RESULT:A:
[[-0.0572912   0.08394749  0.        ]
 [ 0.0572912  -0.10045701  0.00843166]
 [ 0.          0.01650952 -0.00843166]]
22:15:42:INFO:RESULT:m_eq:
[588.99953364 401.97136355 787.07586378](1778.0467609653153)
22:15:42:INFO:RESULT:x_vec:
[  0.0572912    0.01650952 588.99953364 401.97136355 787.07586378](1778.1205616800585)
22:15:42:INFO:RESULT:time_scale:
[ 6.5731129  71.20000179]
22:15:42:INFO:SAVE:message:saving bunch of data...
22:15:42:INFO:SAVE:message:saving optimizer data ...
