22:03:31:INFO:GENERAL:seed:1
22:03:31:INFO:GENERAL:rho:[0.1, 0.1, 0.001]
22:03:31:INFO:GENERAL:bounds_z:[(1e-06, 0.3), (1e-06, 0.3), (1e-06, 0.3), (588.999411, 589.000589), (1e-06, 1800), (1e-06, 74200), (1e-06, 1100)]
22:03:34:INFO:OPTIMIZER:x:
[    0.02022989     0.00216718     0.02280487   588.99999604
   900.00001199 37099.99772352   549.99995505]
22:03:34:INFO:OPTIMIZER:fun:0.003937660323468197
22:03:34:INFO:OPTIMIZER:nfev:14835
22:03:34:INFO:OPTIMIZER:nit:229
22:03:34:INFO:OPTIMIZER:message:Optimization terminated successfully.
22:03:34:INFO:OPTIMIZER:success:True
22:03:34:INFO:OPTIMIZER:constr:[array([0.])]
22:03:34:INFO:OPTIMIZER:constr_violation:0.0
22:03:34:INFO:OPTIMIZER:maxcv:0.0
22:03:34:INFO:RESULT:A:
[[-0.04303476  0.01323934  0.          0.02442195]
 [ 0.02022989 -0.01540652  0.00005257  0.        ]
 [ 0.          0.00216718 -0.00005257  0.        ]
 [ 0.02280487  0.          0.         -0.02442195]]
22:03:34:INFO:RESULT:m_eq:
[  588.99999604   900.00001199 37099.99772352   549.99995505](39138.99768660213)
22:03:34:INFO:RESULT:x_vec:
[    0.02022989     0.00216718     0.02280487   588.99999604
   900.00001199 37099.99772352   549.99995505](39139.04288854671)
22:03:34:INFO:RESULT:time_scale:
[  15.85629041   52.90502084 1055.35020663]
22:03:34:INFO:SAVE:message:saving bunch of data...
22:03:34:INFO:SAVE:message:saving optimizer data ...
