22:16:30:INFO:GENERAL:seed:1
22:16:30:INFO:GENERAL:rho:[0.0001, 0.1, 0.001]
22:16:30:INFO:GENERAL:bounds_z:[(1e-06, 0.3), (1e-06, 0.3), (588.999411, 589.000589), (1e-06, 1800), (1e-06, 74200)]
22:16:31:INFO:OPTIMIZER:x:
[    0.02854335     0.00102879   589.0000127    900.00001444
 37100.00041444]
22:16:31:INFO:OPTIMIZER:fun:0.0017631755861649816
22:16:31:INFO:OPTIMIZER:nfev:9605
22:16:31:INFO:OPTIMIZER:nit:149
22:16:31:INFO:OPTIMIZER:message:Optimization terminated successfully.
22:16:31:INFO:OPTIMIZER:success:True
22:16:31:INFO:OPTIMIZER:constr:[array([0.])]
22:16:31:INFO:OPTIMIZER:constr_violation:0.0
22:16:31:INFO:OPTIMIZER:maxcv:0.0
22:16:31:INFO:RESULT:A:
[[-0.02854335  0.01868004  0.        ]
 [ 0.02854335 -0.01970883  0.00002496]
 [ 0.          0.00102879 -0.00002496]]
22:16:31:INFO:RESULT:m_eq:
[  589.0000127    900.00001444 37100.00041444](38589.00044158701)
22:16:31:INFO:RESULT:x_vec:
[    0.02854335     0.00102879   589.0000127    900.00001444
 37100.00041444](38589.03001373054)
22:16:31:INFO:RESULT:time_scale:
[  20.99254928 1559.59901202]
22:16:31:INFO:SAVE:message:saving bunch of data...
22:16:31:INFO:SAVE:message:saving optimizer data ...
