22:02:52:INFO:GENERAL:seed:1
22:02:52:INFO:GENERAL:rho:[0.1, 0.0001, 0.0]
22:02:52:INFO:GENERAL:bounds_z:[(1e-06, 0.3), (1e-06, 0.3), (1e-06, 0.3), (588.999411, 589.000589), (1e-06, 1800), (1e-06, 74200), (1e-06, 1100)]
22:02:55:INFO:OPTIMIZER:x:
[    0.05266816     0.00299642     0.00009409   588.99958848
  1090.39343711 38017.5936015    551.84440104]
22:02:55:INFO:OPTIMIZER:fun:0.0032276643924653747
22:02:55:INFO:OPTIMIZER:nfev:15421
22:02:55:INFO:OPTIMIZER:nit:296
22:02:55:INFO:OPTIMIZER:message:Optimization terminated successfully.
22:02:55:INFO:OPTIMIZER:success:True
22:02:55:INFO:OPTIMIZER:constr:[array([0.])]
22:02:55:INFO:OPTIMIZER:constr_violation:0.0
22:02:55:INFO:OPTIMIZER:maxcv:0.0
22:02:55:INFO:RESULT:A:
[[-0.05276225  0.02844985  0.          0.00010042]
 [ 0.05266816 -0.03144627  0.00008594  0.        ]
 [ 0.          0.00299642 -0.00008594  0.        ]
 [ 0.00009409  0.          0.         -0.00010042]]
22:02:55:INFO:RESULT:m_eq:
[  588.99958848  1090.39343711 38017.5936015    551.84440104](40248.83102812421)
22:02:55:INFO:RESULT:x_vec:
[    0.05266816     0.00299642     0.00009409   588.99958848
  1090.39343711 38017.5936015    551.84440104](40248.886786794195)
22:02:55:INFO:RESULT:time_scale:
[  12.15729751  490.2552597  9999.96703932]
22:02:55:INFO:SAVE:message:saving bunch of data...
22:02:55:INFO:SAVE:message:saving optimizer data ...
