22:07:01:INFO:GENERAL:seed:1
22:07:01:INFO:GENERAL:rho:[0.1, 0.001, 0.0]
22:07:01:INFO:GENERAL:bounds_z:[(1e-06, 0.3), (1e-06, 0.3), (1e-06, 0.3), (588.999411, 589.000589), (1e-06, 1800), (1e-06, 74200), (1e-06, 1100)]
22:07:03:INFO:OPTIMIZER:x:
[    0.00440514     0.00021025     0.02738513   588.99970745
   968.17438067 37125.9212236    542.40100249]
22:07:03:INFO:OPTIMIZER:fun:0.0028346155432570504
22:07:03:INFO:OPTIMIZER:nfev:12054
22:07:03:INFO:OPTIMIZER:nit:227
22:07:03:INFO:OPTIMIZER:message:Optimization terminated successfully.
22:07:03:INFO:OPTIMIZER:success:True
22:07:03:INFO:OPTIMIZER:constr:[array([0.])]
22:07:03:INFO:OPTIMIZER:constr_violation:0.0
22:07:03:INFO:OPTIMIZER:maxcv:0.0
22:07:03:INFO:RESULT:A:
[[-0.03179027  0.00267992  0.          0.02973784]
 [ 0.00440514 -0.00289017  0.00000548  0.        ]
 [ 0.          0.00021025 -0.00000548  0.        ]
 [ 0.02738513  0.          0.         -0.02973784]]
22:07:03:INFO:RESULT:m_eq:
[  588.99970745   968.17438067 37125.9212236    542.40100249](39225.49631421356)
22:07:03:INFO:RESULT:x_vec:
[    0.00440514     0.00021025     0.02738513   588.99970745
   968.17438067 37125.9212236    542.40100249](39225.52831473877)
22:07:03:INFO:RESULT:time_scale:
[  16.82705682  204.26327482 9997.6409132 ]
22:07:03:INFO:SAVE:message:saving bunch of data...
22:07:03:INFO:SAVE:message:saving optimizer data ...
