22:03:13:INFO:GENERAL:seed:1
22:03:13:INFO:GENERAL:rho:[0.001, 0.1, 0.0001]
22:03:13:INFO:GENERAL:bounds_z:[(1e-06, 0.3), (1e-06, 0.3), (1e-06, 0.3), (588.999411, 589.000589), (1e-06, 1800), (1e-06, 74200), (1e-06, 1100)]
22:03:16:INFO:OPTIMIZER:x:
[    0.01481194     0.00464161     0.05952565   588.99998297
   900.00000922 37100.00020211   550.00000766]
22:03:16:INFO:OPTIMIZER:fun:0.0005708815889982836
22:03:16:INFO:OPTIMIZER:nfev:15085
22:03:16:INFO:OPTIMIZER:nit:232
22:03:16:INFO:OPTIMIZER:message:Optimization terminated successfully.
22:03:16:INFO:OPTIMIZER:success:True
22:03:16:INFO:OPTIMIZER:constr:[array([0.])]
22:03:16:INFO:OPTIMIZER:constr_violation:0.0
22:03:16:INFO:OPTIMIZER:maxcv:0.0
22:03:16:INFO:RESULT:A:
[[-0.07433759  0.00969359  0.          0.06374656]
 [ 0.01481194 -0.01433521  0.0001126   0.        ]
 [ 0.          0.00464161 -0.0001126   0.        ]
 [ 0.05952565  0.          0.         -0.06374656]]
22:03:16:INFO:RESULT:m_eq:
[  588.99998297   900.00000922 37100.00020211   550.00000766](39139.00020195538)
22:03:16:INFO:RESULT:x_vec:
[    0.01481194     0.00464161     0.05952565   588.99998297
   900.00000922 37100.00020211   550.00000766](39139.0791811628)
22:03:16:INFO:RESULT:time_scale:
[  7.60240807  52.19164367 545.09763265]
22:03:16:INFO:SAVE:message:saving bunch of data...
22:03:16:INFO:SAVE:message:saving optimizer data ...
