22:15:55:INFO:GENERAL:seed:1
22:15:55:INFO:GENERAL:rho:[0.0001, 0.0, 0.0]
22:15:55:INFO:GENERAL:bounds_z:[(1e-06, 0.3), (1e-06, 0.3), (588.999411, 589.000589), (1e-06, 1800), (1e-06, 74200)]
22:15:57:INFO:OPTIMIZER:x:
[  0.05724294   0.01648288 589.00040406 402.29288763 786.99056997]
22:15:57:INFO:OPTIMIZER:fun:0.00022468231430202869
22:15:57:INFO:OPTIMIZER:nfev:13621
22:15:57:INFO:OPTIMIZER:nit:211
22:15:57:INFO:OPTIMIZER:message:Optimization terminated successfully.
22:15:57:INFO:OPTIMIZER:success:True
22:15:57:INFO:OPTIMIZER:constr:[array([0.])]
22:15:57:INFO:OPTIMIZER:constr_violation:0.0
22:15:57:INFO:OPTIMIZER:maxcv:0.0
22:15:57:INFO:RESULT:A:
[[-0.05724294  0.08380987  0.        ]
 [ 0.05724294 -0.10029275  0.0084257 ]
 [ 0.          0.01648288 -0.0084257 ]]
22:15:57:INFO:RESULT:m_eq:
[589.00040406 402.29288763 786.99056997](1778.283861658988)
22:15:57:INFO:RESULT:x_vec:
[  0.05724294   0.01648288 589.00040406 402.29288763 786.99056997](1778.3575874814244)
22:15:57:INFO:RESULT:time_scale:
[ 6.58204366 71.26111823]
22:15:57:INFO:SAVE:message:saving bunch of data...
22:15:57:INFO:SAVE:message:saving optimizer data ...
