22:09:24:INFO:GENERAL:seed:1
22:09:24:INFO:GENERAL:rho:[0.001, 0.01, 0.1]
22:09:24:INFO:GENERAL:bounds_z:[(1e-06, 0.3), (1e-06, 0.3), (588.999411, 589.000589), (1e-06, 1800), (1e-06, 74200)]
22:09:26:INFO:OPTIMIZER:x:
[    0.03343548     0.00225853   589.00058038   759.00186818
 37101.72068022]
22:09:26:INFO:OPTIMIZER:fun:0.0017697246766957256
22:09:26:INFO:OPTIMIZER:nfev:9795
22:09:26:INFO:OPTIMIZER:nit:150
22:09:26:INFO:OPTIMIZER:message:Optimization terminated successfully.
22:09:26:INFO:OPTIMIZER:success:True
22:09:26:INFO:OPTIMIZER:constr:[array([0.])]
22:09:26:INFO:OPTIMIZER:constr_violation:0.0
22:09:26:INFO:OPTIMIZER:maxcv:0.0
22:09:26:INFO:RESULT:A:
[[-0.03343548  0.0259466   0.        ]
 [ 0.03343548 -0.02820514  0.0000462 ]
 [ 0.          0.00225853 -0.0000462 ]]
22:09:26:INFO:RESULT:m_eq:
[  589.00058038   759.00186818 37101.72068022](38449.7231287824)
22:09:26:INFO:RESULT:x_vec:
[    0.03343548     0.00225853   589.00058038   759.00186818
 37101.72068022](38449.758822799566)
22:09:26:INFO:RESULT:time_scale:
[ 16.5587723  771.68185162]
22:09:26:INFO:SAVE:message:saving bunch of data...
22:09:26:INFO:SAVE:message:saving optimizer data ...
