22:03:22:INFO:GENERAL:seed:1
22:03:22:INFO:GENERAL:rho:[0.0001, 0.0, 0.001]
22:03:22:INFO:GENERAL:bounds_z:[(1e-06, 0.3), (1e-06, 0.3), (588.999411, 589.000589), (1e-06, 1800), (1e-06, 74200)]
22:03:24:INFO:OPTIMIZER:x:
[   0.08076068    0.01247042  588.99998402  714.57089917 1272.59419876]
22:03:24:INFO:OPTIMIZER:fun:0.0002793519252746074
22:03:24:INFO:OPTIMIZER:nfev:11442
22:03:24:INFO:OPTIMIZER:nit:181
22:03:24:INFO:OPTIMIZER:message:Optimization terminated successfully.
22:03:24:INFO:OPTIMIZER:success:True
22:03:24:INFO:OPTIMIZER:constr:[array([0.])]
22:03:24:INFO:OPTIMIZER:constr_violation:0.0
22:03:24:INFO:OPTIMIZER:maxcv:0.0
22:03:24:INFO:RESULT:A:
[[-0.08076068  0.06656868  0.        ]
 [ 0.08076068 -0.0790391   0.00700223]
 [ 0.          0.01247042 -0.00700223]]
22:03:24:INFO:RESULT:m_eq:
[ 588.99998402  714.57089917 1272.59419876](2576.165081954461)
22:03:24:INFO:RESULT:x_vec:
[   0.08076068    0.01247042  588.99998402  714.57089917 1272.59419876](2576.2583130602875)
22:03:24:INFO:RESULT:time_scale:
[ 6.51371816 75.30193697]
22:03:24:INFO:SAVE:message:saving bunch of data...
22:03:24:INFO:SAVE:message:saving optimizer data ...
