21:14:11:INFO:GENERAL:seed:1
21:14:11:INFO:GENERAL:rho:[0.1, 0.0, 0.1]
21:14:11:INFO:GENERAL:bounds_z:[(1e-06, 0.3), (1e-06, 0.3), (588.999411, 589.000589), (1e-06, 1800), (1e-06, 74200)]
21:14:13:INFO:OPTIMIZER:x:
[    0.04792483     0.0025485    589.00005218  1169.64640268
 74198.41961385]
21:14:13:INFO:OPTIMIZER:fun:0.003879175166836994
21:14:13:INFO:OPTIMIZER:nfev:9892
21:14:13:INFO:OPTIMIZER:nit:155
21:14:13:INFO:OPTIMIZER:message:Optimization terminated successfully.
21:14:13:INFO:OPTIMIZER:success:True
21:14:13:INFO:OPTIMIZER:constr:[array([0.])]
21:14:13:INFO:OPTIMIZER:constr_violation:0.0
21:14:13:INFO:OPTIMIZER:maxcv:0.0
21:14:13:INFO:RESULT:A:
[[-0.04792483  0.02413356  0.        ]
 [ 0.04792483 -0.02668206  0.00004017]
 [ 0.          0.0025485  -0.00004017]]
21:14:13:INFO:RESULT:m_eq:
[  589.00005218  1169.64640268 74198.41961385](75957.06606870792)
21:14:13:INFO:RESULT:x_vec:
[    0.04792483     0.0025485    589.00005218  1169.64640268
 74198.41961385](75957.11654204442)
21:14:13:INFO:RESULT:time_scale:
[ 13.71126555 583.31480594]
21:14:13:INFO:SAVE:message:saving bunch of data...
21:14:13:INFO:SAVE:message:saving optimizer data ...
