21:14:07:INFO:GENERAL:seed:1
21:14:07:INFO:GENERAL:rho:[0.0, 0.001, 0.01]
21:14:07:INFO:GENERAL:bounds_z:[(1e-06, 0.3), (1e-06, 0.3), (588.999411, 589.000589), (1e-06, 1800), (1e-06, 74200)]
21:14:09:INFO:OPTIMIZER:x:
[    0.06856578     0.00422759   588.99949043   937.4626021
 37051.99020674]
21:14:09:INFO:OPTIMIZER:fun:0.0007738289974738463
21:14:09:INFO:OPTIMIZER:nfev:10301
21:14:09:INFO:OPTIMIZER:nit:159
21:14:09:INFO:OPTIMIZER:message:Optimization terminated successfully.
21:14:09:INFO:OPTIMIZER:success:True
21:14:09:INFO:OPTIMIZER:constr:[array([0.])]
21:14:09:INFO:OPTIMIZER:constr_violation:0.0
21:14:09:INFO:OPTIMIZER:maxcv:0.0
21:14:09:INFO:RESULT:A:
[[-0.06856578  0.04307928  0.        ]
 [ 0.06856578 -0.04730687  0.00010696]
 [ 0.          0.00422759 -0.00010696]]
21:14:09:INFO:RESULT:m_eq:
[  588.99949043   937.4626021  37051.99020674](38578.45229927921)
21:14:09:INFO:RESULT:x_vec:
[    0.06856578     0.00422759   588.99949043   937.4626021
 37051.99020674](38578.52509265102)
21:14:09:INFO:RESULT:time_scale:
[  8.82486526 375.45527909]
21:14:09:INFO:SAVE:message:saving bunch of data...
21:14:09:INFO:SAVE:message:saving optimizer data ...
