21:21:04:INFO:GENERAL:seed:1
21:21:04:INFO:GENERAL:rho:[0.0, 0.0, 0.0001]
21:21:04:INFO:GENERAL:bounds_z:[(1e-06, 0.3), (1e-06, 0.3), (588.999411, 589.000589), (1e-06, 1800), (1e-06, 74200)]
21:21:07:INFO:OPTIMIZER:x:
[  0.05729167   0.01651001 589.00005639 401.96640963 787.07370017]
21:21:07:INFO:OPTIMIZER:fun:0.00021914651553348052
21:21:07:INFO:OPTIMIZER:nfev:15679
21:21:07:INFO:OPTIMIZER:nit:245
21:21:07:INFO:OPTIMIZER:message:Optimization terminated successfully.
21:21:07:INFO:OPTIMIZER:success:True
21:21:07:INFO:OPTIMIZER:constr:[array([0.])]
21:21:07:INFO:OPTIMIZER:constr_violation:0.0
21:21:07:INFO:OPTIMIZER:maxcv:0.0
21:21:07:INFO:RESULT:A:
[[-0.05729167  0.0839493   0.        ]
 [ 0.05729167 -0.10045931  0.00843183]
 [ 0.          0.01651001 -0.00843183]]
21:21:07:INFO:RESULT:m_eq:
[589.00005639 401.96640963 787.07370017](1778.0401661840585)
21:21:07:INFO:RESULT:x_vec:
[  0.05729167   0.01651001 589.00005639 401.96640963 787.07370017](1778.1139678642774)
21:21:07:INFO:RESULT:time_scale:
[ 6.57299757 71.19861959]
21:21:07:INFO:SAVE:message:saving bunch of data...
21:21:07:INFO:SAVE:message:saving optimizer data ...
