22:07:23:INFO:GENERAL:seed:1
22:07:23:INFO:GENERAL:rho:[0.0001, 0.001, 0.0001]
22:07:23:INFO:GENERAL:bounds_z:[(1e-06, 0.3), (1e-06, 0.3), (588.999411, 589.000589), (1e-06, 1800), (1e-06, 74200)]
22:07:25:INFO:OPTIMIZER:x:
[    0.04125775     0.00383506   589.00045428   620.47723695
 36965.95431697]
22:07:25:INFO:OPTIMIZER:fun:0.0009706876445332352
22:07:25:INFO:OPTIMIZER:nfev:8934
22:07:25:INFO:OPTIMIZER:nit:140
22:07:25:INFO:OPTIMIZER:message:Optimization terminated successfully.
22:07:25:INFO:OPTIMIZER:success:True
22:07:25:INFO:OPTIMIZER:constr:[array([0.])]
22:07:25:INFO:OPTIMIZER:constr_violation:0.0
22:07:25:INFO:OPTIMIZER:maxcv:0.0
22:07:25:INFO:RESULT:A:
[[-0.04125775  0.03916474  0.        ]
 [ 0.04125775 -0.04299981  0.00006437]
 [ 0.          0.00383506 -0.00006437]]
22:07:25:INFO:RESULT:m_eq:
[  589.00045428   620.47723695 36965.95431697](38175.43200819466)
22:07:25:INFO:RESULT:x_vec:
[    0.04125775     0.00383506   589.00045428   620.47723695
 36965.95431697](38175.477101006625)
22:07:25:INFO:RESULT:time_scale:
[ 12.14515329 503.89114584]
22:07:25:INFO:SAVE:message:saving bunch of data...
22:07:25:INFO:SAVE:message:saving optimizer data ...
