22:04:50:INFO:GENERAL:seed:1
22:04:50:INFO:GENERAL:rho:[0.0001, 0.0001, 0.1]
22:04:50:INFO:GENERAL:bounds_z:[(1e-06, 0.3), (1e-06, 0.3), (588.999411, 589.000589), (1e-06, 1800), (1e-06, 74200)]
22:04:52:INFO:OPTIMIZER:x:
[   0.08073695    0.01245701  589.00037431  714.87303313 1272.71831645]
22:04:52:INFO:OPTIMIZER:fun:0.0003122651372157742
22:04:52:INFO:OPTIMIZER:nfev:12123
22:04:52:INFO:OPTIMIZER:nit:189
22:04:52:INFO:OPTIMIZER:message:Optimization terminated successfully.
22:04:52:INFO:OPTIMIZER:success:True
22:04:52:INFO:OPTIMIZER:constr:[array([0.])]
22:04:52:INFO:OPTIMIZER:constr_violation:0.0
22:04:52:INFO:OPTIMIZER:maxcv:0.0
22:04:52:INFO:RESULT:A:
[[-0.08073695  0.06652103  0.        ]
 [ 0.08073695 -0.07897804  0.00699698]
 [ 0.          0.01245701 -0.00699698]]
22:04:52:INFO:RESULT:m_eq:
[ 589.00037431  714.87303313 1272.71831645](2576.591723887528)
22:04:52:INFO:RESULT:x_vec:
[   0.08073695    0.01245701  589.00037431  714.87303313 1272.71831645](2576.684917842693)
22:04:52:INFO:RESULT:time_scale:
[ 6.51709976 75.36092999]
22:04:52:INFO:SAVE:message:saving bunch of data...
22:04:52:INFO:SAVE:message:saving optimizer data ...
