21:21:44:INFO:GENERAL:seed:1
21:21:44:INFO:GENERAL:rho:[0.0001, 0.01, 0.001]
21:21:44:INFO:GENERAL:bounds_z:[(1e-06, 0.3), (1e-06, 0.3), (1e-06, 0.3), (588.999411, 589.000589), (1e-06, 1800), (1e-06, 74200), (1e-06, 1100)]
21:21:47:INFO:OPTIMIZER:x:
[    0.00350218     0.06569876     0.03553535   589.00007596
   900.00020775 37099.99311509   549.99978267]
21:21:47:INFO:OPTIMIZER:fun:0.001777462412821181
21:21:47:INFO:OPTIMIZER:nfev:12367
21:21:47:INFO:OPTIMIZER:nit:193
21:21:47:INFO:OPTIMIZER:message:Optimization terminated successfully.
21:21:47:INFO:OPTIMIZER:success:True
21:21:47:INFO:OPTIMIZER:constr:[array([0.])]
21:21:47:INFO:OPTIMIZER:constr_violation:0.0
21:21:47:INFO:OPTIMIZER:maxcv:0.0
21:21:47:INFO:RESULT:A:
[[-0.03903753  0.00229198  0.          0.03805514]
 [ 0.00350218 -0.06799074  0.00159377  0.        ]
 [ 0.          0.06569876 -0.00159377  0.        ]
 [ 0.03553535  0.          0.         -0.03805514]]
21:21:47:INFO:RESULT:m_eq:
[  589.00007596   900.00020775 37099.99311509   549.99978267](39138.993181474565)
21:21:47:INFO:RESULT:x_vec:
[    0.00350218     0.06569876     0.03553535   589.00007596
   900.00020775 37099.99311509   549.99978267](39139.09791775702)
21:21:47:INFO:RESULT:time_scale:
[ 13.1666813   14.50025356 567.02619509]
21:21:47:INFO:SAVE:message:saving bunch of data...
21:21:47:INFO:SAVE:message:saving optimizer data ...
