22:03:36:INFO:GENERAL:seed:1
22:03:36:INFO:GENERAL:rho:[0.0, 0.0, 0.01]
22:03:36:INFO:GENERAL:bounds_z:[(1e-06, 0.3), (1e-06, 0.3), (1e-06, 0.3), (588.999411, 589.000589), (1e-06, 1800), (1e-06, 74200), (1e-06, 1100)]
22:03:51:INFO:OPTIMIZER:x:
[   0.06031809    0.03462065    0.03408775  589.00034333  229.23292287
 1489.93742112  453.8378757 ]
22:03:51:INFO:OPTIMIZER:fun:0.00012516140486191045
22:03:51:INFO:OPTIMIZER:nfev:81232
22:03:51:INFO:OPTIMIZER:nit:1262
22:03:51:INFO:OPTIMIZER:message:Optimization terminated successfully.
22:03:51:INFO:OPTIMIZER:success:True
22:03:51:INFO:OPTIMIZER:constr:[array([0.])]
22:03:51:INFO:OPTIMIZER:constr_violation:0.0
22:03:51:INFO:OPTIMIZER:maxcv:0.0
22:03:51:INFO:RESULT:A:
[[-0.09440584  0.15498373  0.          0.0442398 ]
 [ 0.06031809 -0.18960438  0.00532653  0.        ]
 [ 0.          0.03462065 -0.00532653  0.        ]
 [ 0.03408775  0.          0.         -0.0442398 ]]
22:03:51:INFO:RESULT:m_eq:
[ 589.00034333  229.23292287 1489.93742112  453.8378757 ](2762.0085630171056)
22:03:51:INFO:RESULT:x_vec:
[   0.06031809    0.03462065    0.03408775  589.00034333  229.23292287
 1489.93742112  453.8378757 ](2762.1375895051524)
22:03:51:INFO:RESULT:time_scale:
[  3.96237148  13.93846396 105.72482357]
22:03:51:INFO:SAVE:message:saving bunch of data...
22:03:51:INFO:SAVE:message:saving optimizer data ...
