22:16:06:INFO:GENERAL:seed:1
22:16:06:INFO:GENERAL:rho:[0.0, 0.001, 0.0]
22:16:06:INFO:GENERAL:bounds_z:[(1e-06, 0.3), (1e-06, 0.3), (588.999411, 589.000589), (1e-06, 1800), (1e-06, 74200)]
22:16:08:INFO:OPTIMIZER:x:
[  0.0569567    0.01626464 589.00053198 404.79046992 786.51649051]
22:16:08:INFO:OPTIMIZER:fun:0.00059368695400428
22:16:08:INFO:OPTIMIZER:nfev:12593
22:16:08:INFO:OPTIMIZER:nit:195
22:16:08:INFO:OPTIMIZER:message:Optimization terminated successfully.
22:16:08:INFO:OPTIMIZER:success:True
22:16:08:INFO:OPTIMIZER:constr:[array([0.])]
22:16:08:INFO:OPTIMIZER:constr_violation:0.0
22:16:08:INFO:OPTIMIZER:maxcv:0.0
22:16:08:INFO:RESULT:A:
[[-0.0569567   0.08287627  0.        ]
 [ 0.0569567  -0.09914092  0.0083708 ]
 [ 0.          0.01626464 -0.0083708 ]]
22:16:08:INFO:RESULT:m_eq:
[589.00053198 404.79046992 786.51649051](1780.3074924125035)
22:16:08:INFO:RESULT:x_vec:
[  0.0569567    0.01626464 589.00053198 404.79046992 786.51649051](1780.3807137535048)
22:16:08:INFO:RESULT:time_scale:
[ 6.6427886  71.79149996]
22:16:08:INFO:SAVE:message:saving bunch of data...
22:16:08:INFO:SAVE:message:saving optimizer data ...
