21:12:58:INFO:GENERAL:seed:1
21:12:58:INFO:GENERAL:rho:[0.0, 0.001, 0.0]
21:12:58:INFO:GENERAL:bounds_z:[(1e-06, 0.3), (1e-06, 0.3), (588.999411, 589.000589), (1e-06, 1800), (1e-06, 74200)]
21:12:59:INFO:OPTIMIZER:x:
[    0.06855881     0.00422741   588.99950373   937.51807811
 37048.03272021]
21:12:59:INFO:OPTIMIZER:fun:0.0007738290572434249
21:12:59:INFO:OPTIMIZER:nfev:7907
21:12:59:INFO:OPTIMIZER:nit:122
21:12:59:INFO:OPTIMIZER:message:Optimization terminated successfully.
21:12:59:INFO:OPTIMIZER:success:True
21:12:59:INFO:OPTIMIZER:constr:[array([0.])]
21:12:59:INFO:OPTIMIZER:constr_violation:0.0
21:12:59:INFO:OPTIMIZER:maxcv:0.0
21:12:59:INFO:RESULT:A:
[[-0.06855881  0.04307235  0.        ]
 [ 0.06855881 -0.04729976  0.00010698]
 [ 0.          0.00422741 -0.00010698]]
21:12:59:INFO:RESULT:m_eq:
[  588.99950373   937.51807811 37048.03272021](38574.55030204999)
21:12:59:INFO:RESULT:x_vec:
[    0.06855881     0.00422741   588.99950373   937.51807811
 37048.03272021](38574.6230882751)
21:12:59:INFO:RESULT:time_scale:
[  8.82595734 375.46069188]
21:12:59:INFO:SAVE:message:saving bunch of data...
21:12:59:INFO:SAVE:message:saving optimizer data ...
