22:23:20:INFO:GENERAL:seed:1
22:23:20:INFO:GENERAL:rho:[0.001, 0.001, 0.1]
22:23:20:INFO:GENERAL:bounds_z:[(1e-06, 0.3), (1e-06, 0.3), (1e-06, 0.3), (588.999411, 589.000589), (1e-06, 1800), (1e-06, 74200), (1e-06, 1100)]
22:23:33:INFO:OPTIMIZER:x:
[    0.06376604     0.01112335     0.02740945   588.99959296
   279.59200527 36938.84742959   702.83604582]
22:23:33:INFO:OPTIMIZER:fun:0.00046261182751145056
22:23:33:INFO:OPTIMIZER:nfev:66628
22:23:33:INFO:OPTIMIZER:nit:1037
22:23:33:INFO:OPTIMIZER:message:Optimization terminated successfully.
22:23:33:INFO:OPTIMIZER:success:True
22:23:33:INFO:OPTIMIZER:constr:[array([0.])]
22:23:33:INFO:OPTIMIZER:constr_violation:0.0
22:23:33:INFO:OPTIMIZER:maxcv:0.0
22:23:33:INFO:RESULT:A:
[[-0.09117549  0.13433207  0.          0.02297002]
 [ 0.06376604 -0.14545541  0.00008419  0.        ]
 [ 0.          0.01112335 -0.00008419  0.        ]
 [ 0.02740945  0.          0.         -0.02297002]]
22:23:33:INFO:RESULT:m_eq:
[  588.99959296   279.59200527 36938.84742959   702.83604582](38510.275073639765)
22:23:33:INFO:RESULT:x_vec:
[    0.06376604     0.01112335     0.02740945   588.99959296
   279.59200527 36938.84742959   702.83604582](38510.377372476825)
22:23:33:INFO:RESULT:time_scale:
[  4.63065587  23.89274002 532.12304035]
22:23:33:INFO:SAVE:message:saving bunch of data...
22:23:33:INFO:SAVE:message:saving optimizer data ...
