21:21:35:INFO:GENERAL:seed:1
21:21:35:INFO:GENERAL:rho:[0.01, 0.0, 0.0]
21:21:35:INFO:GENERAL:bounds_z:[(1e-06, 0.3), (1e-06, 0.3), (588.999411, 589.000589), (1e-06, 1800), (1e-06, 74200)]
21:21:37:INFO:OPTIMIZER:x:
[  0.05304412   0.0140977  589.00033085 432.9767703  780.85530466]
21:21:37:INFO:OPTIMIZER:fun:0.0007405150900299533
21:21:37:INFO:OPTIMIZER:nfev:15546
21:21:37:INFO:OPTIMIZER:nit:244
21:21:37:INFO:OPTIMIZER:message:Optimization terminated successfully.
21:21:37:INFO:OPTIMIZER:success:True
21:21:37:INFO:OPTIMIZER:constr:[array([0.])]
21:21:37:INFO:OPTIMIZER:constr_violation:0.0
21:21:37:INFO:OPTIMIZER:maxcv:0.0
21:21:37:INFO:RESULT:A:
[[-0.05304412  0.07215862  0.        ]
 [ 0.05304412 -0.08625631  0.00781704]
 [ 0.          0.0140977  -0.00781704]]
21:21:37:INFO:RESULT:m_eq:
[589.00033085 432.9767703  780.85530466](1802.83240580792)
21:21:37:INFO:RESULT:x_vec:
[  0.05304412   0.0140977  589.00033085 432.9767703  780.85530466](1802.8995476245323)
21:21:37:INFO:RESULT:time_scale:
[ 7.44835842 77.76232336]
21:21:37:INFO:SAVE:message:saving bunch of data...
21:21:37:INFO:SAVE:message:saving optimizer data ...
