22:07:12:INFO:GENERAL:seed:1
22:07:12:INFO:GENERAL:rho:[0.01, 0.001, 0.0001]
22:07:12:INFO:GENERAL:bounds_z:[(1e-06, 0.3), (1e-06, 0.3), (588.999411, 589.000589), (1e-06, 1800), (1e-06, 74200)]
22:07:13:INFO:OPTIMIZER:x:
[    0.03962982     0.00366996   589.00055884   634.14738538
 36992.67986011]
22:07:13:INFO:OPTIMIZER:fun:0.0012419246888423995
22:07:13:INFO:OPTIMIZER:nfev:7779
22:07:13:INFO:OPTIMIZER:nit:120
22:07:13:INFO:OPTIMIZER:message:Optimization terminated successfully.
22:07:13:INFO:OPTIMIZER:success:True
22:07:13:INFO:OPTIMIZER:constr:[array([0.])]
22:07:13:INFO:OPTIMIZER:constr_violation:0.0
22:07:13:INFO:OPTIMIZER:maxcv:0.0
22:07:13:INFO:RESULT:A:
[[-0.03962982  0.03680846  0.        ]
 [ 0.03962982 -0.04047842  0.00006291]
 [ 0.          0.00366996 -0.00006291]]
22:07:13:INFO:RESULT:m_eq:
[  589.00055884   634.14738538 36992.67986011](38215.82780433935)
22:07:13:INFO:RESULT:x_vec:
[    0.03962982     0.00366996   589.00055884   634.14738538
 36992.67986011](38215.87110412719)
22:07:13:INFO:RESULT:time_scale:
[ 12.77937775 520.80942054]
22:07:13:INFO:SAVE:message:saving bunch of data...
22:07:13:INFO:SAVE:message:saving optimizer data ...
