21:14:32:INFO:GENERAL:seed:1
21:14:32:INFO:GENERAL:rho:[0.0, 0.001, 0.1]
21:14:32:INFO:GENERAL:bounds_z:[(1e-06, 0.3), (1e-06, 0.3), (588.999411, 589.000589), (1e-06, 1800), (1e-06, 74200)]
21:14:34:INFO:OPTIMIZER:x:
[    0.06856586     0.0042274    588.99954903   937.50362002
 37049.437625  ]
21:14:34:INFO:OPTIMIZER:fun:0.0007738290261952155
21:14:34:INFO:OPTIMIZER:nfev:10149
21:14:34:INFO:OPTIMIZER:nit:158
21:14:34:INFO:OPTIMIZER:message:Optimization terminated successfully.
21:14:34:INFO:OPTIMIZER:success:True
21:14:34:INFO:OPTIMIZER:constr:[array([0.])]
21:14:34:INFO:OPTIMIZER:constr_violation:0.0
21:14:34:INFO:OPTIMIZER:maxcv:0.0
21:14:34:INFO:RESULT:A:
[[-0.06856586  0.04307744  0.        ]
 [ 0.06856586 -0.04730484  0.00010697]
 [ 0.          0.0042274  -0.00010697]]
21:14:34:INFO:RESULT:m_eq:
[  588.99954903   937.50362002 37049.437625  ](38575.940794058755)
21:14:34:INFO:RESULT:x_vec:
[    0.06856586     0.0042274    588.99954903   937.50362002
 37049.437625  ](38576.013587313086)
21:14:34:INFO:RESULT:time_scale:
[  8.82501161 375.46434782]
21:14:34:INFO:SAVE:message:saving bunch of data...
21:14:34:INFO:SAVE:message:saving optimizer data ...
