21:13:00:INFO:GENERAL:seed:1
21:13:00:INFO:GENERAL:rho:[0.0, 0.001, 0.0001]
21:13:00:INFO:GENERAL:bounds_z:[(1e-06, 0.3), (1e-06, 0.3), (588.999411, 589.000589), (1e-06, 1800), (1e-06, 74200)]
21:13:02:INFO:OPTIMIZER:x:
[    0.06856702     0.00422741   588.99959257   937.49287304
 37052.78404332]
21:13:02:INFO:OPTIMIZER:fun:0.0007738290079740471
21:13:02:INFO:OPTIMIZER:nfev:8567
21:13:02:INFO:OPTIMIZER:nit:132
21:13:02:INFO:OPTIMIZER:message:Optimization terminated successfully.
21:13:02:INFO:OPTIMIZER:success:True
21:13:02:INFO:OPTIMIZER:constr:[array([0.])]
21:13:02:INFO:OPTIMIZER:constr_violation:0.0
21:13:02:INFO:OPTIMIZER:maxcv:0.0
21:13:02:INFO:RESULT:A:
[[-0.06856702  0.04307867  0.        ]
 [ 0.06856702 -0.04730609  0.00010696]
 [ 0.          0.00422741 -0.00010696]]
21:13:02:INFO:RESULT:m_eq:
[  588.99959257   937.49287304 37052.78404332](38579.276508930285)
21:13:02:INFO:RESULT:x_vec:
[    0.06856702     0.00422741   588.99959257   937.49287304
 37052.78404332](38579.349303368814)
21:13:02:INFO:RESULT:time_scale:
[  8.82482338 375.46603263]
21:13:02:INFO:SAVE:message:saving bunch of data...
21:13:02:INFO:SAVE:message:saving optimizer data ...
