22:07:20:INFO:GENERAL:seed:1
22:07:20:INFO:GENERAL:rho:[0.0, 0.01, 0.0001]
22:07:20:INFO:GENERAL:bounds_z:[(1e-06, 0.3), (1e-06, 0.3), (588.999411, 589.000589), (1e-06, 1800), (1e-06, 74200)]
22:07:21:INFO:OPTIMIZER:x:
[    0.03379432     0.0023319    589.00058199   751.55972105
 37101.997877  ]
22:07:21:INFO:OPTIMIZER:fun:0.0017489901208652702
22:07:21:INFO:OPTIMIZER:nfev:9832
22:07:21:INFO:OPTIMIZER:nit:153
22:07:21:INFO:OPTIMIZER:message:Optimization terminated successfully.
22:07:21:INFO:OPTIMIZER:success:True
22:07:21:INFO:OPTIMIZER:constr:[array([0.])]
22:07:21:INFO:OPTIMIZER:constr_violation:0.0
22:07:21:INFO:OPTIMIZER:maxcv:0.0
22:07:21:INFO:RESULT:A:
[[-0.03379432  0.02648475  0.        ]
 [ 0.03379432 -0.02881665  0.00004724]
 [ 0.          0.0023319  -0.00004724]]
22:07:21:INFO:RESULT:m_eq:
[  589.00058199   751.55972105 37101.997877  ](38442.55818004271)
22:07:21:INFO:RESULT:x_vec:
[    0.03379432     0.0023319    589.00058199   751.55972105
 37101.997877  ](38442.59430626213)
22:07:21:INFO:RESULT:time_scale:
[ 16.30608972 751.07259422]
22:07:21:INFO:SAVE:message:saving bunch of data...
22:07:21:INFO:SAVE:message:saving optimizer data ...
