21:13:49:INFO:GENERAL:seed:1
21:13:49:INFO:GENERAL:rho:[0.1, 0.01, 0.01]
21:13:49:INFO:GENERAL:bounds_z:[(1e-06, 0.3), (1e-06, 0.3), (1e-06, 0.3), (588.999411, 589.000589), (1e-06, 1800), (1e-06, 74200), (1e-06, 1100)]
21:13:53:INFO:OPTIMIZER:x:
[    0.02023469     0.00216817     0.02281117   589.00042373
   899.99906436 37099.98511178   549.99986979]
21:13:53:INFO:OPTIMIZER:fun:0.003937659798252775
21:13:53:INFO:OPTIMIZER:nfev:22188
21:13:53:INFO:OPTIMIZER:nit:345
21:13:53:INFO:OPTIMIZER:message:Optimization terminated successfully.
21:13:53:INFO:OPTIMIZER:success:True
21:13:53:INFO:OPTIMIZER:constr:[array([0.])]
21:13:53:INFO:OPTIMIZER:constr_violation:0.0
21:13:53:INFO:OPTIMIZER:maxcv:0.0
21:13:53:INFO:RESULT:A:
[[-0.04304586  0.01324251  0.          0.02442871]
 [ 0.02023469 -0.01541068  0.0000526   0.        ]
 [ 0.          0.00216817 -0.0000526   0.        ]
 [ 0.02281117  0.          0.         -0.02442871]]
21:13:53:INFO:RESULT:m_eq:
[  589.00042373   899.99906436 37099.98511178   549.99986979](39138.984469656585)
21:13:53:INFO:RESULT:x_vec:
[    0.02023469     0.00216817     0.02281117   589.00042373
   899.99906436 37099.98511178   549.99986979](39139.02968369018)
21:13:53:INFO:RESULT:time_scale:
[  15.85211617   52.89098457 1054.88287452]
21:13:53:INFO:SAVE:message:saving bunch of data...
21:13:53:INFO:SAVE:message:saving optimizer data ...
