21:23:12:INFO:GENERAL:seed:1
21:23:12:INFO:GENERAL:rho:[0.001, 0.001, 0.1]
21:23:12:INFO:GENERAL:bounds_z:[(1e-06, 0.3), (1e-06, 0.3), (1e-06, 0.3), (588.999411, 589.000589), (1e-06, 1800), (1e-06, 74200), (1e-06, 1100)]
21:23:22:INFO:OPTIMIZER:x:
[    0.01606661     0.00235012     0.04691723   588.99953857
   694.76923383 37084.24257654   191.72114876]
21:23:22:INFO:OPTIMIZER:fun:0.0003774041583885703
21:23:22:INFO:OPTIMIZER:nfev:51614
21:23:22:INFO:OPTIMIZER:nit:803
21:23:22:INFO:OPTIMIZER:message:Optimization terminated successfully.
21:23:22:INFO:OPTIMIZER:success:True
21:23:22:INFO:OPTIMIZER:constr:[array([0.])]
21:23:22:INFO:OPTIMIZER:constr_violation:0.0
21:23:22:INFO:OPTIMIZER:maxcv:0.0
21:23:22:INFO:RESULT:A:
[[-0.06298384  0.01362067  0.          0.14413762]
 [ 0.01606661 -0.01597079  0.00004403  0.        ]
 [ 0.          0.00235012 -0.00004403  0.        ]
 [ 0.04691723  0.          0.         -0.14413762]]
21:23:22:INFO:RESULT:m_eq:
[  588.99953857   694.76923383 37084.24257654   191.72114876](38559.73249770039)
21:23:22:INFO:RESULT:x_vec:
[    0.01606661     0.00235012     0.04691723   588.99953857
   694.76923383 37084.24257654   191.72114876](38559.79783166351)
21:23:22:INFO:RESULT:time_scale:
[  5.11240449  37.8223802  913.88134157]
21:23:22:INFO:SAVE:message:saving bunch of data...
21:23:22:INFO:SAVE:message:saving optimizer data ...
