21:12:49:INFO:GENERAL:seed:1
21:12:49:INFO:GENERAL:rho:[0.01, 0.0001, 0.0001]
21:12:49:INFO:GENERAL:bounds_z:[(1e-06, 0.3), (1e-06, 0.3), (588.999411, 589.000589), (1e-06, 1800), (1e-06, 74200)]
21:12:51:INFO:OPTIMIZER:x:
[   0.07693438    0.01093633  589.00038068  752.33533827 1288.65268816]
21:12:51:INFO:OPTIMIZER:fun:0.0008418234133976493
21:12:51:INFO:OPTIMIZER:nfev:14040
21:12:51:INFO:OPTIMIZER:nit:216
21:12:51:INFO:OPTIMIZER:message:Optimization terminated successfully.
21:12:51:INFO:OPTIMIZER:success:True
21:12:51:INFO:OPTIMIZER:constr:[array([0.])]
21:12:51:INFO:OPTIMIZER:constr_violation:0.0
21:12:51:INFO:OPTIMIZER:maxcv:0.0
21:12:51:INFO:RESULT:A:
[[-0.07693438  0.06023162  0.        ]
 [ 0.07693438 -0.07116795  0.0063848 ]
 [ 0.          0.01093633 -0.0063848 ]]
21:12:51:INFO:RESULT:m_eq:
[ 589.00038068  752.33533827 1288.65268816](2629.988407109318)
21:12:51:INFO:RESULT:x_vec:
[   0.07693438    0.01093633  589.00038068  752.33533827 1288.65268816](2630.0762778184626)
21:12:51:INFO:RESULT:time_scale:
[ 7.02093979 82.94586648]
21:12:51:INFO:SAVE:message:saving bunch of data...
21:12:51:INFO:SAVE:message:saving optimizer data ...
