21:21:15:INFO:GENERAL:seed:1
21:21:15:INFO:GENERAL:rho:[0.001, 0.0, 0.0]
21:21:15:INFO:GENERAL:bounds_z:[(1e-06, 0.3), (1e-06, 0.3), (1e-06, 0.3), (588.999411, 589.000589), (1e-06, 1800), (1e-06, 74200), (1e-06, 1100)]
21:21:27:INFO:OPTIMIZER:x:
[  0.05144418   0.02349444   0.01267948 589.0005786  218.85183288
 854.0175257  213.43773324]
21:21:27:INFO:OPTIMIZER:fun:0.00017074995974513437
21:21:27:INFO:OPTIMIZER:nfev:57929
21:21:27:INFO:OPTIMIZER:nit:897
21:21:27:INFO:OPTIMIZER:message:Optimization terminated successfully.
21:21:27:INFO:OPTIMIZER:success:True
21:21:27:INFO:OPTIMIZER:constr:[array([0.])]
21:21:27:INFO:OPTIMIZER:constr_violation:0.0
21:21:27:INFO:OPTIMIZER:maxcv:0.0
21:21:27:INFO:RESULT:A:
[[-0.06412367  0.13845282  0.          0.03499018]
 [ 0.05144418 -0.16194726  0.00602072  0.        ]
 [ 0.          0.02349444 -0.00602072  0.        ]
 [ 0.01267948  0.          0.         -0.03499018]]
21:21:27:INFO:RESULT:m_eq:
[589.0005786  218.85183288 854.0175257  213.43773324](1875.3076704141147)
21:21:27:INFO:RESULT:x_vec:
[  0.05144418   0.02349444   0.01267948 589.0005786  218.85183288
 854.0175257  213.43773324](1875.3952885185136)
21:21:27:INFO:RESULT:time_scale:
[  4.7231009   21.84622678 104.36218337]
21:21:27:INFO:SAVE:message:saving bunch of data...
21:21:27:INFO:SAVE:message:saving optimizer data ...
