22:02:25:INFO:GENERAL:seed:1
22:02:25:INFO:GENERAL:rho:[0.0001, 0.01, 0.0]
22:02:25:INFO:GENERAL:bounds_z:[(1e-06, 0.3), (1e-06, 0.3), (588.999411, 589.000589), (1e-06, 1800), (1e-06, 74200)]
22:02:27:INFO:OPTIMIZER:x:
[    0.07113062     0.00457914   588.99989067   900.00008488
 37100.00238694]
22:02:27:INFO:OPTIMIZER:fun:0.0007992719269016126
22:02:27:INFO:OPTIMIZER:nfev:9137
22:02:27:INFO:OPTIMIZER:nit:144
22:02:27:INFO:OPTIMIZER:message:Optimization terminated successfully.
22:02:27:INFO:OPTIMIZER:success:True
22:02:27:INFO:OPTIMIZER:constr:[array([0.])]
22:02:27:INFO:OPTIMIZER:constr_violation:0.0
22:02:27:INFO:OPTIMIZER:maxcv:0.0
22:02:27:INFO:RESULT:A:
[[-0.07113062  0.04655103  0.        ]
 [ 0.07113062 -0.05113016  0.00011108]
 [ 0.          0.00457914 -0.00011108]]
22:02:27:INFO:RESULT:m_eq:
[  588.99989067   900.00008488 37100.00238694](38589.002362488594)
22:02:27:INFO:RESULT:x_vec:
[    0.07113062     0.00457914   588.99989067   900.00008488
 37100.00238694](38589.078072244985)
22:02:27:INFO:RESULT:time_scale:
[  8.36556132 352.83790874]
22:02:27:INFO:SAVE:message:saving bunch of data...
22:02:27:INFO:SAVE:message:saving optimizer data ...
