22:16:23:INFO:GENERAL:seed:1
22:16:23:INFO:GENERAL:rho:[0.0001, 0.001, 0.001]
22:16:23:INFO:GENERAL:bounds_z:[(1e-06, 0.3), (1e-06, 0.3), (1e-06, 0.3), (588.999411, 589.000589), (1e-06, 1800), (1e-06, 74200), (1e-06, 1100)]
22:16:28:INFO:OPTIMIZER:x:
[    0.01606793     0.00234456     0.04732116   589.00028183
   695.36226271 37054.10869484   191.53567277]
22:16:28:INFO:OPTIMIZER:fun:0.00032699758057072814
22:16:28:INFO:OPTIMIZER:nfev:27417
22:16:28:INFO:OPTIMIZER:nit:428
22:16:28:INFO:OPTIMIZER:message:Optimization terminated successfully.
22:16:28:INFO:OPTIMIZER:success:True
22:16:28:INFO:OPTIMIZER:constr:[array([0.])]
22:16:28:INFO:OPTIMIZER:constr_violation:0.0
22:16:28:INFO:OPTIMIZER:maxcv:0.0
22:16:28:INFO:RESULT:A:
[[-0.06338909  0.01361019  0.          0.14551952]
 [ 0.01606793 -0.01595475  0.000044    0.        ]
 [ 0.          0.00234456 -0.000044    0.        ]
 [ 0.04732116  0.          0.         -0.14551952]]
22:16:28:INFO:RESULT:m_eq:
[  589.00028183   695.36226271 37054.10869484   191.53567277](38530.00691214728)
22:16:28:INFO:RESULT:x_vec:
[    0.01606793     0.00234456     0.04732116   589.00028183
   695.36226271 37054.10869484   191.53567277](38530.0726457975)
22:16:28:INFO:RESULT:time_scale:
[  5.06639285  37.82750029 915.35293159]
22:16:28:INFO:SAVE:message:saving bunch of data...
22:16:28:INFO:SAVE:message:saving optimizer data ...
