22:02:56:INFO:GENERAL:seed:1
22:02:56:INFO:GENERAL:rho:[0.0, 0.001, 0.0]
22:02:56:INFO:GENERAL:bounds_z:[(1e-06, 0.3), (1e-06, 0.3), (1e-06, 0.3), (588.999411, 589.000589), (1e-06, 1800), (1e-06, 74200), (1e-06, 1100)]
22:03:00:INFO:OPTIMIZER:x:
[    0.02246485     0.00280047     0.06297095   589.00022017
  1046.01000241 37088.06067446   361.14161611]
22:03:00:INFO:OPTIMIZER:fun:0.00027328760194280266
22:03:00:INFO:OPTIMIZER:nfev:21311
22:03:00:INFO:OPTIMIZER:nit:328
22:03:00:INFO:OPTIMIZER:message:Optimization terminated successfully.
22:03:00:INFO:OPTIMIZER:success:True
22:03:00:INFO:OPTIMIZER:constr:[array([0.])]
22:03:00:INFO:OPTIMIZER:constr_violation:0.0
22:03:00:INFO:OPTIMIZER:maxcv:0.0
22:03:00:INFO:RESULT:A:
[[-0.08543581  0.01264979  0.          0.10270183]
 [ 0.02246485 -0.01545025  0.00007898  0.        ]
 [ 0.          0.00280047 -0.00007898  0.        ]
 [ 0.06297095  0.          0.         -0.10270183]]
22:03:00:INFO:RESULT:m_eq:
[  589.00022017  1046.01000241 37088.06067446   361.14161611](39084.2125131463)
22:03:00:INFO:RESULT:x_vec:
[    0.02246485     0.00280047     0.06297095   589.00022017
  1046.01000241 37088.06067446   361.14161611](39084.30074941936)
22:03:00:INFO:RESULT:time_scale:
[  5.69001112  37.79881533 682.85626439]
22:03:00:INFO:SAVE:message:saving bunch of data...
22:03:00:INFO:SAVE:message:saving optimizer data ...
