22:03:34:INFO:GENERAL:seed:1
22:03:34:INFO:GENERAL:rho:[0.01, 0.0, 0.001]
22:03:34:INFO:GENERAL:bounds_z:[(1e-06, 0.3), (1e-06, 0.3), (1e-06, 0.3), (588.999411, 589.000589), (1e-06, 1800), (1e-06, 74200), (1e-06, 1100)]
22:03:40:INFO:OPTIMIZER:x:
[    0.05772991     0.01069587     0.02730587   589.00018196
   288.0659154  74188.81222596   706.01047501]
22:03:40:INFO:OPTIMIZER:fun:0.0008358039238530109
22:03:40:INFO:OPTIMIZER:nfev:30776
22:03:40:INFO:OPTIMIZER:nit:477
22:03:40:INFO:OPTIMIZER:message:Optimization terminated successfully.
22:03:40:INFO:OPTIMIZER:success:True
22:03:40:INFO:OPTIMIZER:constr:[array([0.])]
22:03:40:INFO:OPTIMIZER:constr_violation:0.0
22:03:40:INFO:OPTIMIZER:maxcv:0.0
22:03:40:INFO:RESULT:A:
[[-0.08503577  0.1180387   0.          0.02278034]
 [ 0.05772991 -0.12873457  0.00004153  0.        ]
 [ 0.          0.01069587 -0.00004153  0.        ]
 [ 0.02730587  0.          0.         -0.02278034]]
22:03:40:INFO:RESULT:m_eq:
[  589.00018196   288.0659154  74188.81222596   706.01047501](75771.88879832807)
22:03:40:INFO:RESULT:x_vec:
[    0.05772991     0.01069587     0.02730587   589.00018196
   288.0659154  74188.81222596   706.01047501](75771.98452997033)
22:03:40:INFO:RESULT:time_scale:
[  5.16392705  24.30856315 554.51557443]
22:03:40:INFO:SAVE:message:saving bunch of data...
22:03:40:INFO:SAVE:message:saving optimizer data ...
