22:06:54:INFO:GENERAL:seed:1
22:06:54:INFO:GENERAL:rho:[0.0, 0.0, 0.0]
22:06:54:INFO:GENERAL:bounds_z:[(1e-06, 0.3), (1e-06, 0.3), (588.999411, 589.000589), (1e-06, 1800), (1e-06, 74200)]
22:06:56:INFO:OPTIMIZER:x:
[  0.05729042   0.0165095  588.99942723 401.97001831 787.08736204]
22:06:56:INFO:OPTIMIZER:fun:0.0002191465249788133
22:06:56:INFO:OPTIMIZER:nfev:16536
22:06:56:INFO:OPTIMIZER:nit:259
22:06:56:INFO:OPTIMIZER:message:Optimization terminated successfully.
22:06:56:INFO:OPTIMIZER:success:True
22:06:56:INFO:OPTIMIZER:constr:[array([0.])]
22:06:56:INFO:OPTIMIZER:constr_violation:0.0
22:06:56:INFO:OPTIMIZER:maxcv:0.0
22:06:56:INFO:RESULT:A:
[[-0.05729042  0.08394662  0.        ]
 [ 0.05729042 -0.10045612  0.0084315 ]
 [ 0.          0.0165095  -0.0084315 ]]
22:06:56:INFO:RESULT:m_eq:
[588.99942723 401.97001831 787.08736204](1778.0568075803378)
22:06:56:INFO:RESULT:x_vec:
[  0.05729042   0.0165095  588.99942723 401.97001831 787.08736204](1778.1306075021694)
22:06:56:INFO:RESULT:time_scale:
[ 6.57318411 71.20090112]
22:06:56:INFO:SAVE:message:saving bunch of data...
22:06:56:INFO:SAVE:message:saving optimizer data ...
