22:06:51:INFO:GENERAL:seed:1
22:06:51:INFO:GENERAL:rho:[0.1, 0.0, 0.0001]
22:06:51:INFO:GENERAL:bounds_z:[(1e-06, 0.3), (1e-06, 0.3), (1e-06, 0.3), (588.999411, 589.000589), (1e-06, 1800), (1e-06, 74200), (1e-06, 1100)]
22:06:57:INFO:OPTIMIZER:x:
[   0.00379876    0.00000101    0.02887841  588.99965028 1799.9976249
   18.33499974  550.13634976]
22:06:57:INFO:OPTIMIZER:fun:0.002811676838386316
22:06:57:INFO:OPTIMIZER:nfev:21284
22:06:57:INFO:OPTIMIZER:nit:596
22:06:57:INFO:OPTIMIZER:message:Optimization terminated successfully.
22:06:57:INFO:OPTIMIZER:success:True
22:06:57:INFO:OPTIMIZER:constr:[array([0.])]
22:06:57:INFO:OPTIMIZER:constr_violation:0.0
22:06:57:INFO:OPTIMIZER:maxcv:0.0
22:06:57:INFO:RESULT:A:
[[-0.03267717  0.00124304  0.          0.03091847]
 [ 0.00379876 -0.00124405  0.0000994   0.        ]
 [ 0.          0.00000101 -0.0000994   0.        ]
 [ 0.02887841  0.          0.         -0.03091847]]
22:06:57:INFO:RESULT:m_eq:
[ 588.99965028 1799.9976249    18.33499974  550.13634976](2957.4686246903184)
22:06:57:INFO:RESULT:x_vec:
[   0.00379876    0.00000101    0.02887841  588.99965028 1799.9976249
   18.33499974  550.13634976](2957.5013028763947)
22:06:57:INFO:RESULT:time_scale:
[  16.19905501  321.84441582 9999.37985995]
22:06:57:INFO:SAVE:message:saving bunch of data...
22:06:57:INFO:SAVE:message:saving optimizer data ...
