21:22:12:INFO:GENERAL:seed:1
21:22:12:INFO:GENERAL:rho:[0.0001, 0.0, 0.01]
21:22:12:INFO:GENERAL:bounds_z:[(1e-06, 0.3), (1e-06, 0.3), (1e-06, 0.3), (588.999411, 589.000589), (1e-06, 1800), (1e-06, 74200), (1e-06, 1100)]
21:22:23:INFO:OPTIMIZER:x:
[  0.01650194   0.00554137   0.04585981 588.99966651 608.57317519
 546.65368099 193.85048543]
21:22:23:INFO:OPTIMIZER:fun:0.00012611583244775908
21:22:23:INFO:OPTIMIZER:nfev:57886
21:22:23:INFO:OPTIMIZER:nit:894
21:22:23:INFO:OPTIMIZER:message:Optimization terminated successfully.
21:22:23:INFO:OPTIMIZER:success:True
21:22:23:INFO:OPTIMIZER:constr:[array([0.])]
21:22:23:INFO:OPTIMIZER:constr_violation:0.0
21:22:23:INFO:OPTIMIZER:maxcv:0.0
21:22:23:INFO:RESULT:A:
[[-0.06236175  0.01597119  0.          0.13934148]
 [ 0.01650194 -0.02151256  0.00616904  0.        ]
 [ 0.          0.00554137 -0.00616904  0.        ]
 [ 0.04585981  0.          0.         -0.13934148]]
21:22:23:INFO:RESULT:m_eq:
[588.99966651 608.57317519 546.65368099 193.85048543](1938.0770081230175)
21:22:23:INFO:RESULT:x_vec:
[  0.01650194   0.00554137   0.04585981 588.99966651 608.57317519
 546.65368099 193.85048543](1938.1449112462956)
21:22:23:INFO:RESULT:time_scale:
[  5.26260466  31.33210648 134.25125627]
21:22:23:INFO:SAVE:message:saving bunch of data...
21:22:23:INFO:SAVE:message:saving optimizer data ...
