22:22:49:INFO:GENERAL:seed:1
22:22:49:INFO:GENERAL:rho:[0.0001, 0.0, 0.1]
22:22:49:INFO:GENERAL:bounds_z:[(1e-06, 0.3), (1e-06, 0.3), (1e-06, 0.3), (588.999411, 589.000589), (1e-06, 1800), (1e-06, 74200), (1e-06, 1100)]
22:23:03:INFO:OPTIMIZER:x:
[   0.02552264    0.00436308    0.06142695  589.00022738  959.75387285
 1579.45385671  322.58045153]
22:23:03:INFO:OPTIMIZER:fun:0.0001718125266697499
22:23:03:INFO:OPTIMIZER:nfev:75737
22:23:03:INFO:OPTIMIZER:nit:1163
22:23:03:INFO:OPTIMIZER:message:Optimization terminated successfully.
22:23:03:INFO:OPTIMIZER:success:True
22:23:03:INFO:OPTIMIZER:constr:[array([0.])]
22:23:03:INFO:OPTIMIZER:constr_violation:0.0
22:23:03:INFO:OPTIMIZER:maxcv:0.0
22:23:03:INFO:RESULT:A:
[[-0.08694959  0.01566322  0.          0.11215958]
 [ 0.02552264 -0.02002631  0.00265122  0.        ]
 [ 0.          0.00436308 -0.00265122  0.        ]
 [ 0.06142695  0.          0.         -0.11215958]]
22:23:03:INFO:RESULT:m_eq:
[ 589.00022738  959.75387285 1579.45385671  322.58045153](3450.788408466626)
22:23:03:INFO:RESULT:x_vec:
[   0.02552264    0.00436308    0.06142695  589.00022738  959.75387285
 1579.45385671  322.58045153](3450.879721140598)
22:23:03:INFO:RESULT:time_scale:
[  5.41854184  30.56638462 221.2619256 ]
22:23:03:INFO:SAVE:message:saving bunch of data...
22:23:03:INFO:SAVE:message:saving optimizer data ...
