22:21:14:INFO:GENERAL:seed:1
22:21:14:INFO:GENERAL:rho:[0.0001, 0.0, 0.0001]
22:21:14:INFO:GENERAL:bounds_z:[(1e-06, 0.3), (1e-06, 0.3), (1e-06, 0.3), (588.999411, 589.000589), (1e-06, 1800), (1e-06, 74200), (1e-06, 1100)]
22:21:23:INFO:OPTIMIZER:x:
[   0.06022612    0.03448904    0.03406351  588.99973692  229.64040129
 1490.99961943  454.33266777]
22:21:23:INFO:OPTIMIZER:fun:0.0001334895274184797
22:21:23:INFO:OPTIMIZER:nfev:44891
22:21:23:INFO:OPTIMIZER:nit:697
22:21:23:INFO:OPTIMIZER:message:Optimization terminated successfully.
22:21:23:INFO:OPTIMIZER:success:True
22:21:23:INFO:OPTIMIZER:constr:[array([0.])]
22:21:23:INFO:OPTIMIZER:constr_violation:0.0
22:21:23:INFO:OPTIMIZER:maxcv:0.0
22:21:23:INFO:RESULT:A:
[[-0.09428963  0.15447269  0.          0.04416015]
 [ 0.06022612 -0.18896173  0.00531192  0.        ]
 [ 0.          0.03448904 -0.00531192  0.        ]
 [ 0.03406351  0.          0.         -0.04416015]]
22:21:23:INFO:RESULT:m_eq:
[ 588.99973692  229.64040129 1490.99961943  454.33266777](2763.972425416652)
22:21:23:INFO:RESULT:x_vec:
[   0.06022612    0.03448904    0.03406351  588.99973692  229.64040129
 1490.99961943  454.33266777](2764.101204092751)
22:21:23:INFO:RESULT:time_scale:
[  3.9734234   13.96312706 105.99849655]
22:21:23:INFO:SAVE:message:saving bunch of data...
22:21:23:INFO:SAVE:message:saving optimizer data ...
