22:02:42:INFO:GENERAL:seed:1
22:02:42:INFO:GENERAL:rho:[0.0, 0.1, 0.0]
22:02:42:INFO:GENERAL:bounds_z:[(1e-06, 0.3), (1e-06, 0.3), (588.999411, 589.000589), (1e-06, 1800), (1e-06, 74200)]
22:02:44:INFO:OPTIMIZER:x:
[    0.07115358     0.00457915   589.00000074   900.00000091
 37099.99975883]
22:02:44:INFO:OPTIMIZER:fun:0.0007951919660931591
22:02:44:INFO:OPTIMIZER:nfev:9649
22:02:44:INFO:OPTIMIZER:nit:150
22:02:44:INFO:OPTIMIZER:message:Optimization terminated successfully.
22:02:44:INFO:OPTIMIZER:success:True
22:02:44:INFO:OPTIMIZER:constr:[array([0.])]
22:02:44:INFO:OPTIMIZER:constr_violation:0.0
22:02:44:INFO:OPTIMIZER:maxcv:0.0
22:02:44:INFO:RESULT:A:
[[-0.07115358  0.04656607  0.        ]
 [ 0.07115358 -0.05114521  0.00011108]
 [ 0.          0.00457915 -0.00011108]]
22:02:44:INFO:RESULT:m_eq:
[  589.00000074   900.00000091 37099.99975883](38588.999760488616)
22:02:44:INFO:RESULT:x_vec:
[    0.07115358     0.00457915   589.00000074   900.00000091
 37099.99975883](38589.075493217475)
22:02:44:INFO:RESULT:time_scale:
[  8.36290346 352.83524959]
22:02:44:INFO:SAVE:message:saving bunch of data...
22:02:44:INFO:SAVE:message:saving optimizer data ...
