21:23:18:INFO:GENERAL:seed:1
21:23:18:INFO:GENERAL:rho:[0.1, 0.1, 0.1]
21:23:18:INFO:GENERAL:bounds_z:[(1e-06, 0.3), (1e-06, 0.3), (1e-06, 0.3), (588.999411, 589.000589), (1e-06, 1800), (1e-06, 74200), (1e-06, 1100)]
21:23:23:INFO:OPTIMIZER:x:
[    0.00823925     0.00021812     0.00856643   589.00005148
   900.00002878 37100.00035503   550.00001342]
21:23:23:INFO:OPTIMIZER:fun:0.004924741673204281
21:23:23:INFO:OPTIMIZER:nfev:22712
21:23:23:INFO:OPTIMIZER:nit:419
21:23:23:INFO:OPTIMIZER:message:Optimization terminated successfully.
21:23:23:INFO:OPTIMIZER:success:True
21:23:23:INFO:OPTIMIZER:constr:[array([0.])]
21:23:23:INFO:OPTIMIZER:constr_violation:0.0
21:23:23:INFO:OPTIMIZER:maxcv:0.0
21:23:23:INFO:RESULT:A:
[[-0.01680568  0.00539213  0.          0.00917386]
 [ 0.00823925 -0.00561025  0.00000529  0.        ]
 [ 0.          0.00021812 -0.00000529  0.        ]
 [ 0.00856643  0.          0.         -0.00917386]]
21:23:23:INFO:RESULT:m_eq:
[  589.00005148   900.00002878 37100.00035503   550.00001342](39139.00044870982)
21:23:23:INFO:RESULT:x_vec:
[    0.00823925     0.00021812     0.00856643   589.00005148
   900.00002878 37100.00035503   550.00001342](39139.017472506384)
21:23:23:INFO:RESULT:time_scale:
[  41.06228135  140.0200527  9999.93928838]
21:23:23:INFO:SAVE:message:saving bunch of data...
21:23:23:INFO:SAVE:message:saving optimizer data ...
