22:21:00:INFO:GENERAL:seed:1
22:21:00:INFO:GENERAL:rho:[0.1, 0.0, 0.0001]
22:21:00:INFO:GENERAL:bounds_z:[(1e-06, 0.3), (1e-06, 0.3), (588.999411, 589.000589), (1e-06, 1800), (1e-06, 74200)]
22:21:01:INFO:OPTIMIZER:x:
[    0.04792541     0.00254819   588.99980145  1169.71671186
 74199.48325493]
22:21:01:INFO:OPTIMIZER:fun:0.0038791752953497706
22:21:01:INFO:OPTIMIZER:nfev:9463
22:21:01:INFO:OPTIMIZER:nit:146
22:21:01:INFO:OPTIMIZER:message:Optimization terminated successfully.
22:21:01:INFO:OPTIMIZER:success:True
22:21:01:INFO:OPTIMIZER:constr:[array([0.])]
22:21:01:INFO:OPTIMIZER:constr_violation:0.0
22:21:01:INFO:OPTIMIZER:maxcv:0.0
22:21:01:INFO:RESULT:A:
[[-0.04792541  0.02413239  0.        ]
 [ 0.04792541 -0.02668058  0.00004017]
 [ 0.          0.00254819 -0.00004017]]
22:21:01:INFO:RESULT:m_eq:
[  588.99980145  1169.71671186 74199.48325493](75958.19976823658)
22:21:01:INFO:RESULT:x_vec:
[    0.04792541     0.00254819   588.99980145  1169.71671186
 74199.48325493](75958.2502418358)
22:21:01:INFO:RESULT:time_scale:
[ 13.71140373 583.3741283 ]
22:21:01:INFO:SAVE:message:saving bunch of data...
22:21:01:INFO:SAVE:message:saving optimizer data ...
