21:21:10:INFO:GENERAL:seed:1
21:21:10:INFO:GENERAL:rho:[0.01, 0.0001, 0.0001]
21:21:10:INFO:GENERAL:bounds_z:[(1e-06, 0.3), (1e-06, 0.3), (1e-06, 0.3), (588.999411, 589.000589), (1e-06, 1800), (1e-06, 74200), (1e-06, 1100)]
21:21:14:INFO:OPTIMIZER:x:
[    0.0126925      0.00146933     0.0441067    588.99980624
   768.87536194 37184.59561863   241.87545909]
21:21:14:INFO:OPTIMIZER:fun:0.0006555445008235892
21:21:14:INFO:OPTIMIZER:nfev:21321
21:21:14:INFO:OPTIMIZER:nit:333
21:21:14:INFO:OPTIMIZER:message:Optimization terminated successfully.
21:21:14:INFO:OPTIMIZER:success:True
21:21:14:INFO:OPTIMIZER:constr:[array([0.])]
21:21:14:INFO:OPTIMIZER:constr_violation:0.0
21:21:14:INFO:OPTIMIZER:maxcv:0.0
21:21:14:INFO:RESULT:A:
[[-0.0567992   0.00972313  0.          0.10740586]
 [ 0.0126925  -0.01119247  0.00003038  0.        ]
 [ 0.          0.00146933 -0.00003038  0.        ]
 [ 0.0441067   0.          0.         -0.10740586]]
21:21:14:INFO:RESULT:m_eq:
[  588.99980624   768.87536194 37184.59561863   241.87545909](38784.346245898596)
21:21:14:INFO:RESULT:x_vec:
[    0.0126925      0.00146933     0.0441067    588.99980624
   768.87536194 37184.59561863   241.87545909](38784.40451443214)
21:21:14:INFO:RESULT:time_scale:
[   6.42197961   52.61283517 1416.61130904]
21:21:14:INFO:SAVE:message:saving bunch of data...
21:21:14:INFO:SAVE:message:saving optimizer data ...
