22:15:55:INFO:GENERAL:seed:1
22:15:55:INFO:GENERAL:rho:[0.0001, 0.0, 0.0001]
22:15:55:INFO:GENERAL:bounds_z:[(1e-06, 0.3), (1e-06, 0.3), (588.999411, 589.000589), (1e-06, 1800), (1e-06, 74200)]
22:15:58:INFO:OPTIMIZER:x:
[  0.05724351   0.01648405 588.9996732  402.28158058 786.98438841]
22:15:58:INFO:OPTIMIZER:fun:0.00022468231904185194
22:15:58:INFO:OPTIMIZER:nfev:16380
22:15:58:INFO:OPTIMIZER:nit:254
22:15:58:INFO:OPTIMIZER:message:Optimization terminated successfully.
22:15:58:INFO:OPTIMIZER:success:True
22:15:58:INFO:OPTIMIZER:constr:[array([0.])]
22:15:58:INFO:OPTIMIZER:constr_violation:0.0
22:15:58:INFO:OPTIMIZER:maxcv:0.0
22:15:58:INFO:RESULT:A:
[[-0.05724351  0.08381296  0.        ]
 [ 0.05724351 -0.10029701  0.00842613]
 [ 0.          0.01648405 -0.00842613]]
22:15:58:INFO:RESULT:m_eq:
[588.9996732  402.28158058 786.98438841](1778.265642189931)
22:15:58:INFO:RESULT:x_vec:
[  0.05724351   0.01648405 588.9996732  402.28158058 786.98438841](1778.3393697498564)
22:15:58:INFO:RESULT:time_scale:
[ 6.58184563 71.25767428]
22:15:58:INFO:SAVE:message:saving bunch of data...
22:15:58:INFO:SAVE:message:saving optimizer data ...
