22:17:15:INFO:GENERAL:seed:1
22:17:15:INFO:GENERAL:rho:[0.0, 0.001, 0.01]
22:17:15:INFO:GENERAL:bounds_z:[(1e-06, 0.3), (1e-06, 0.3), (588.999411, 589.000589), (1e-06, 1800), (1e-06, 74200)]
22:17:17:INFO:OPTIMIZER:x:
[    0.04127714     0.00383774   589.0005018    620.28297322
 36952.00562096]
22:17:17:INFO:OPTIMIZER:fun:0.0009678760143659892
22:17:17:INFO:OPTIMIZER:nfev:9812
22:17:17:INFO:OPTIMIZER:nit:152
22:17:17:INFO:OPTIMIZER:message:Optimization terminated successfully.
22:17:17:INFO:OPTIMIZER:success:True
22:17:17:INFO:OPTIMIZER:constr:[array([0.])]
22:17:17:INFO:OPTIMIZER:constr_violation:0.0
22:17:17:INFO:OPTIMIZER:maxcv:0.0
22:17:17:INFO:RESULT:A:
[[-0.04127714  0.03919543  0.        ]
 [ 0.04127714 -0.04303317  0.00006442]
 [ 0.          0.00383774 -0.00006442]]
22:17:17:INFO:RESULT:m_eq:
[  589.0005018    620.28297322 36952.00562096](38161.28909598284)
22:17:17:INFO:RESULT:x_vec:
[    0.04127714     0.00383774   589.0005018    620.28297322
 36952.00562096](38161.334210867455)
22:17:17:INFO:RESULT:time_scale:
[ 12.13752906 503.61553691]
22:17:17:INFO:SAVE:message:saving bunch of data...
22:17:17:INFO:SAVE:message:saving optimizer data ...
