21:23:05:INFO:GENERAL:seed:1
21:23:05:INFO:GENERAL:rho:[0.001, 0.0, 0.1]
21:23:05:INFO:GENERAL:bounds_z:[(1e-06, 0.3), (1e-06, 0.3), (1e-06, 0.3), (588.999411, 589.000589), (1e-06, 1800), (1e-06, 74200), (1e-06, 1100)]
21:23:26:INFO:OPTIMIZER:x:
[    0.04984215     0.01025988     0.01700821   588.99992308
   166.2050668  74198.06991325   490.27632532]
21:23:26:INFO:OPTIMIZER:fun:0.0003006853145039722
21:23:26:INFO:OPTIMIZER:nfev:108910
21:23:26:INFO:OPTIMIZER:nit:1701
21:23:26:INFO:OPTIMIZER:message:Optimization terminated successfully.
21:23:26:INFO:OPTIMIZER:success:True
21:23:26:INFO:OPTIMIZER:constr:[array([0.])]
21:23:26:INFO:OPTIMIZER:constr_violation:0.0
21:23:26:INFO:OPTIMIZER:maxcv:0.0
21:23:26:INFO:RESULT:A:
[[-0.06685036  0.17663133  0.          0.02043304]
 [ 0.04984215 -0.18689121  0.00002298  0.        ]
 [ 0.          0.01025988 -0.00002298  0.        ]
 [ 0.01700821  0.          0.         -0.02043304]]
21:23:26:INFO:RESULT:m_eq:
[  588.99992308   166.2050668  74198.06991325   490.27632532](75443.5512284524)
21:23:26:INFO:RESULT:x_vec:
[    0.04984215     0.01025988     0.01700821   588.99992308
   166.2050668  74198.06991325   490.27632532](75443.62833869462)
21:23:26:INFO:RESULT:time_scale:
[  4.19069938  29.17583871 769.81894145]
21:23:26:INFO:SAVE:message:saving bunch of data...
21:23:26:INFO:SAVE:message:saving optimizer data ...
