22:08:40:INFO:GENERAL:seed:1
22:08:40:INFO:GENERAL:rho:[0.001, 0.01, 0.01]
22:08:40:INFO:GENERAL:bounds_z:[(1e-06, 0.3), (1e-06, 0.3), (588.999411, 589.000589), (1e-06, 1800), (1e-06, 74200)]
22:08:42:INFO:OPTIMIZER:x:
[    0.03345416     0.00226335   589.00058896   758.53326687
 37101.5253819 ]
22:08:42:INFO:OPTIMIZER:fun:0.0017697245433789391
22:08:42:INFO:OPTIMIZER:nfev:10215
22:08:42:INFO:OPTIMIZER:nit:158
22:08:42:INFO:OPTIMIZER:message:Optimization terminated successfully.
22:08:42:INFO:OPTIMIZER:success:True
22:08:42:INFO:OPTIMIZER:constr:[array([0.])]
22:08:42:INFO:OPTIMIZER:constr_violation:0.0
22:08:42:INFO:OPTIMIZER:maxcv:0.0
22:08:42:INFO:RESULT:A:
[[-0.03345416  0.02597713  0.        ]
 [ 0.03345416 -0.02824048  0.00004627]
 [ 0.          0.00226335 -0.00004627]]
22:08:42:INFO:RESULT:m_eq:
[  589.00058896   758.53326687 37101.5253819 ](38449.05923773142)
22:08:42:INFO:RESULT:x_vec:
[    0.03345416     0.00226335   589.00058896   758.53326687
 37101.5253819 ](38449.094955239656)
22:08:42:INFO:RESULT:time_scale:
[ 16.54459942 770.27917798]
22:08:42:INFO:SAVE:message:saving bunch of data...
22:08:42:INFO:SAVE:message:saving optimizer data ...
