21:21:53:INFO:GENERAL:seed:1
21:21:53:INFO:GENERAL:rho:[0.01, 0.0001, 0.001]
21:21:53:INFO:GENERAL:bounds_z:[(1e-06, 0.3), (1e-06, 0.3), (588.999411, 589.000589), (1e-06, 1800), (1e-06, 74200)]
21:21:54:INFO:OPTIMIZER:x:
[    0.04006966     0.00375734   588.99998839   627.48217692
 35851.15284834]
21:21:54:INFO:OPTIMIZER:fun:0.0011521333421495722
21:21:54:INFO:OPTIMIZER:nfev:8933
21:21:54:INFO:OPTIMIZER:nit:141
21:21:54:INFO:OPTIMIZER:message:Optimization terminated successfully.
21:21:54:INFO:OPTIMIZER:success:True
21:21:54:INFO:OPTIMIZER:constr:[array([0.])]
21:21:54:INFO:OPTIMIZER:constr_violation:0.0
21:21:54:INFO:OPTIMIZER:maxcv:0.0
21:21:54:INFO:RESULT:A:
[[-0.04006966  0.03761227  0.        ]
 [ 0.04006966 -0.04136961  0.00006576]
 [ 0.          0.00375734 -0.00006576]]
21:21:54:INFO:RESULT:m_eq:
[  588.99998839   627.48217692 35851.15284834](37067.6350136545)
21:21:54:INFO:RESULT:x_vec:
[    0.04006966     0.00375734   588.99998839   627.48217692
 35851.15284834](37067.678840653854)
21:21:54:INFO:RESULT:time_scale:
[ 12.57099699 511.02564017]
21:21:54:INFO:SAVE:message:saving bunch of data...
21:21:54:INFO:SAVE:message:saving optimizer data ...
