21:22:34:INFO:GENERAL:seed:1
21:22:34:INFO:GENERAL:rho:[0.0001, 0.0001, 0.01]
21:22:34:INFO:GENERAL:bounds_z:[(1e-06, 0.3), (1e-06, 0.3), (1e-06, 0.3), (588.999411, 589.000589), (1e-06, 1800), (1e-06, 74200), (1e-06, 1100)]
21:22:42:INFO:OPTIMIZER:x:
[    0.05102684     0.01035135     0.01701483   588.99961195
   165.44594565 37216.63610959   489.57596599]
21:22:42:INFO:OPTIMIZER:fun:0.0002589514712543385
21:22:42:INFO:OPTIMIZER:nfev:38800
21:22:42:INFO:OPTIMIZER:nit:606
21:22:42:INFO:OPTIMIZER:message:Optimization terminated successfully.
21:22:42:INFO:OPTIMIZER:success:True
21:22:42:INFO:OPTIMIZER:constr:[array([0.])]
21:22:42:INFO:OPTIMIZER:constr_violation:0.0
21:22:42:INFO:OPTIMIZER:maxcv:0.0
21:22:42:INFO:RESULT:A:
[[-0.06804167  0.18165926  0.          0.02047022]
 [ 0.05102684 -0.19201061  0.00004602  0.        ]
 [ 0.          0.01035135 -0.00004602  0.        ]
 [ 0.01701483  0.          0.         -0.02047022]]
21:22:42:INFO:RESULT:m_eq:
[  588.99961195   165.44594565 37216.63610959   489.57596599](38460.65763318568)
21:22:42:INFO:RESULT:x_vec:
[    0.05102684     0.01035135     0.01701483   588.99961195
   165.44594565 37216.63610959   489.57596599](38460.7360262112)
21:22:42:INFO:RESULT:time_scale:
[  4.08344591  29.11295225 752.81611273]
21:22:42:INFO:SAVE:message:saving bunch of data...
21:22:42:INFO:SAVE:message:saving optimizer data ...
