21:15:57:INFO:GENERAL:seed:1
21:15:57:INFO:GENERAL:rho:[0.1, 0.0001, 0.1]
21:15:57:INFO:GENERAL:bounds_z:[(1e-06, 0.3), (1e-06, 0.3), (1e-06, 0.3), (588.999411, 589.000589), (1e-06, 1800), (1e-06, 74200), (1e-06, 1100)]
21:16:08:INFO:OPTIMIZER:x:
[    0.02145251     0.00340615     0.02509831   588.99945615
   832.67777998 37631.31661142   495.39950253]
21:16:08:INFO:OPTIMIZER:fun:0.003897412611699262
21:16:08:INFO:OPTIMIZER:nfev:63345
21:16:08:INFO:OPTIMIZER:nit:984
21:16:08:INFO:OPTIMIZER:message:Optimization terminated successfully.
21:16:08:INFO:OPTIMIZER:success:True
21:16:08:INFO:OPTIMIZER:constr:[array([0.])]
21:16:08:INFO:OPTIMIZER:constr_violation:0.0
21:16:08:INFO:OPTIMIZER:maxcv:0.0
21:16:08:INFO:RESULT:A:
[[-0.04655083  0.01517456  0.          0.02984035]
 [ 0.02145251 -0.01858071  0.00007537  0.        ]
 [ 0.          0.00340615 -0.00007537  0.        ]
 [ 0.02509831  0.          0.         -0.02984035]]
21:16:08:INFO:RESULT:m_eq:
[  588.99945615   832.67777998 37631.31661142   495.39950253](39548.39335007766)
21:16:08:INFO:RESULT:x_vec:
[    0.02145251     0.00340615     0.02509831   588.99945615
   832.67777998 37631.31661142   495.39950253](39548.44330705974)
21:16:08:INFO:RESULT:time_scale:
[ 14.08991557  44.15215327 701.47799574]
21:16:08:INFO:SAVE:message:saving bunch of data...
21:16:08:INFO:SAVE:message:saving optimizer data ...
