21:21:00:INFO:GENERAL:seed:1
21:21:00:INFO:GENERAL:rho:[0.01, 0.001, 0.0]
21:21:00:INFO:GENERAL:bounds_z:[(1e-06, 0.3), (1e-06, 0.3), (588.999411, 589.000589), (1e-06, 1800), (1e-06, 74200)]
21:21:02:INFO:OPTIMIZER:x:
[    0.0396338      0.00366985   589.00054286   634.13274564
 36997.97899392]
21:21:02:INFO:OPTIMIZER:fun:0.0012419246195684579
21:21:02:INFO:OPTIMIZER:nfev:9113
21:21:02:INFO:OPTIMIZER:nit:141
21:21:02:INFO:OPTIMIZER:message:Optimization terminated successfully.
21:21:02:INFO:OPTIMIZER:success:True
21:21:02:INFO:OPTIMIZER:constr:[array([0.])]
21:21:02:INFO:OPTIMIZER:constr_violation:0.0
21:21:02:INFO:OPTIMIZER:maxcv:0.0
21:21:02:INFO:RESULT:A:
[[-0.0396338   0.036813    0.        ]
 [ 0.0396338  -0.04048286  0.0000629 ]
 [ 0.          0.00366985 -0.0000629 ]]
21:21:02:INFO:RESULT:m_eq:
[  589.00054286   634.13274564 36997.97899392](38221.11228241837)
21:21:02:INFO:RESULT:x_vec:
[    0.0396338      0.00366985   589.00054286   634.13274564
 36997.97899392](38221.15558607249)
21:21:02:INFO:RESULT:time_scale:
[ 12.77799296 520.83197541]
21:21:02:INFO:SAVE:message:saving bunch of data...
21:21:02:INFO:SAVE:message:saving optimizer data ...
