22:02:50:INFO:GENERAL:seed:1
22:02:50:INFO:GENERAL:rho:[0.0001, 0.01, 0.0]
22:02:50:INFO:GENERAL:bounds_z:[(1e-06, 0.3), (1e-06, 0.3), (1e-06, 0.3), (588.999411, 589.000589), (1e-06, 1800), (1e-06, 74200), (1e-06, 1100)]
22:02:52:INFO:OPTIMIZER:x:
[    0.0147824      0.00466442     0.0598725    588.99998516
   900.00011189 37100.00023678   549.99999125]
22:02:52:INFO:OPTIMIZER:fun:0.00047946695906425407
22:02:52:INFO:OPTIMIZER:nfev:13909
22:02:52:INFO:OPTIMIZER:nit:215
22:02:52:INFO:OPTIMIZER:message:Optimization terminated successfully.
22:02:52:INFO:OPTIMIZER:success:True
22:02:52:INFO:OPTIMIZER:constr:[array([0.])]
22:02:52:INFO:OPTIMIZER:constr_violation:0.0
22:02:52:INFO:OPTIMIZER:maxcv:0.0
22:02:52:INFO:RESULT:A:
[[-0.0746549   0.00967426  0.          0.06411801]
 [ 0.0147824  -0.01433868  0.00011315  0.        ]
 [ 0.          0.00466442 -0.00011315  0.        ]
 [ 0.0598725   0.          0.         -0.06411801]]
22:02:52:INFO:RESULT:m_eq:
[  588.99998516   900.00011189 37100.00023678   549.99999125](39139.000325091685)
22:02:52:INFO:RESULT:x_vec:
[    0.0147824      0.00466442     0.0598725    588.99998516
   900.00011189 37100.00023678   549.99999125](39139.07964441338)
22:02:52:INFO:RESULT:time_scale:
[  7.56259073  52.21012917 543.02071928]
22:02:52:INFO:SAVE:message:saving bunch of data...
22:02:52:INFO:SAVE:message:saving optimizer data ...
