22:09:30:INFO:GENERAL:seed:1
22:09:30:INFO:GENERAL:rho:[0.001, 0.001, 0.1]
22:09:30:INFO:GENERAL:bounds_z:[(1e-06, 0.3), (1e-06, 0.3), (588.999411, 589.000589), (1e-06, 1800), (1e-06, 74200)]
22:09:33:INFO:OPTIMIZER:x:
[  0.05649282   0.01601012 588.99981227 407.91605002 785.69317059]
22:09:33:INFO:OPTIMIZER:fun:0.0006481626071059709
22:09:33:INFO:OPTIMIZER:nfev:12746
22:09:33:INFO:OPTIMIZER:nit:200
22:09:33:INFO:OPTIMIZER:message:Optimization terminated successfully.
22:09:33:INFO:OPTIMIZER:success:True
22:09:33:INFO:OPTIMIZER:constr:[array([0.])]
22:09:33:INFO:OPTIMIZER:constr_violation:0.0
22:09:33:INFO:OPTIMIZER:maxcv:0.0
22:09:33:INFO:RESULT:A:
[[-0.05649282  0.08157135  0.        ]
 [ 0.05649282 -0.09758147  0.00831213]
 [ 0.          0.01601012 -0.00831213]]
22:09:33:INFO:RESULT:m_eq:
[588.99981227 407.91605002 785.69317059](1782.6090328811517)
22:09:33:INFO:RESULT:x_vec:
[  0.05649282   0.01601012 588.99981227 407.91605002 785.69317059](1782.681535823385)
22:09:33:INFO:RESULT:time_scale:
[ 6.73061848 72.40257586]
22:09:33:INFO:SAVE:message:saving bunch of data...
22:09:33:INFO:SAVE:message:saving optimizer data ...
