22:02:38:INFO:GENERAL:seed:1
22:02:38:INFO:GENERAL:rho:[0.0, 0.0, 0.0001]
22:02:38:INFO:GENERAL:bounds_z:[(1e-06, 0.3), (1e-06, 0.3), (1e-06, 0.3), (588.999411, 589.000589), (1e-06, 1800), (1e-06, 74200), (1e-06, 1100)]
22:02:49:INFO:OPTIMIZER:x:
[   0.06031629    0.03461371    0.03408632  588.99988284  229.25048342
 1489.97776767  453.86782246]
22:02:49:INFO:OPTIMIZER:fun:0.00012516137406187925
22:02:49:INFO:OPTIMIZER:nfev:57137
22:02:49:INFO:OPTIMIZER:nit:887
22:02:49:INFO:OPTIMIZER:message:Optimization terminated successfully.
22:02:49:INFO:OPTIMIZER:success:True
22:02:49:INFO:OPTIMIZER:constr:[array([0.])]
22:02:49:INFO:OPTIMIZER:constr_violation:0.0
22:02:49:INFO:OPTIMIZER:maxcv:0.0
22:02:49:INFO:RESULT:A:
[[-0.0944026   0.15496711  0.          0.04423499]
 [ 0.06031629 -0.18958083  0.00532572  0.        ]
 [ 0.          0.03461371 -0.00532572  0.        ]
 [ 0.03408632  0.          0.         -0.04423499]]
22:02:49:INFO:RESULT:m_eq:
[ 588.99988284  229.25048342 1489.97776767  453.86782246](2762.095956381075)
22:02:49:INFO:RESULT:x_vec:
[   0.06031629    0.03461371    0.03408632  588.99988284  229.25048342
 1489.97776767  453.86782246](2762.2249726988616)
22:02:49:INFO:RESULT:time_scale:
[  3.96274705  13.9398568  105.73960083]
22:02:49:INFO:SAVE:message:saving bunch of data...
22:02:49:INFO:SAVE:message:saving optimizer data ...
