22:08:38:INFO:GENERAL:seed:1
22:08:38:INFO:GENERAL:rho:[0.0, 0.001, 0.1]
22:08:38:INFO:GENERAL:bounds_z:[(1e-06, 0.3), (1e-06, 0.3), (1e-06, 0.3), (588.999411, 589.000589), (1e-06, 1800), (1e-06, 74200), (1e-06, 1100)]
22:08:58:INFO:OPTIMIZER:x:
[  0.01644052   0.00505201   0.04609781 588.99986564 620.08833872
 564.32921033 193.52778584]
22:08:58:INFO:OPTIMIZER:fun:0.00042561635162567056
22:08:58:INFO:OPTIMIZER:nfev:110545
22:08:58:INFO:OPTIMIZER:nit:1695
22:08:58:INFO:OPTIMIZER:message:Optimization terminated successfully.
22:08:58:INFO:OPTIMIZER:success:True
22:08:58:INFO:OPTIMIZER:constr:[array([0.])]
22:08:58:INFO:OPTIMIZER:constr_violation:0.0
22:08:58:INFO:OPTIMIZER:maxcv:0.0
22:08:58:INFO:RESULT:A:
[[-0.06253833  0.01561627  0.          0.14029822]
 [ 0.01644052 -0.02066828  0.00555118  0.        ]
 [ 0.          0.00505201 -0.00555118  0.        ]
 [ 0.04609781  0.          0.         -0.14029822]]
22:08:58:INFO:RESULT:m_eq:
[588.99986564 620.08833872 564.32921033 193.52778584](1966.945200531524)
22:08:58:INFO:RESULT:x_vec:
[  0.01644052   0.00505201   0.04609781 588.99986564 620.08833872
 564.32921033 193.52778584](1967.0127908772586)
22:08:58:INFO:RESULT:time_scale:
[  5.23088654  32.21746145 146.09701404]
22:08:58:INFO:SAVE:message:saving bunch of data...
22:08:58:INFO:SAVE:message:saving optimizer data ...
