22:17:47:INFO:GENERAL:seed:1
22:17:47:INFO:GENERAL:rho:[0.001, 0.0001, 0.1]
22:17:47:INFO:GENERAL:bounds_z:[(1e-06, 0.3), (1e-06, 0.3), (1e-06, 0.3), (588.999411, 589.000589), (1e-06, 1800), (1e-06, 74200), (1e-06, 1100)]
22:18:01:INFO:OPTIMIZER:x:
[    0.04982545     0.01031874     0.01701616   588.99946847
   166.11073791 37429.53391402   489.4303065 ]
22:18:01:INFO:OPTIMIZER:fun:0.0003213760043772695
22:18:01:INFO:OPTIMIZER:nfev:71094
22:18:01:INFO:OPTIMIZER:nit:1113
22:18:01:INFO:OPTIMIZER:message:Optimization terminated successfully.
22:18:01:INFO:OPTIMIZER:success:True
22:18:01:INFO:OPTIMIZER:constr:[array([0.])]
22:18:01:INFO:OPTIMIZER:constr_violation:0.0
22:18:01:INFO:OPTIMIZER:maxcv:0.0
22:18:01:INFO:RESULT:A:
[[-0.06684162  0.1766723   0.          0.02047791]
 [ 0.04982545 -0.18699103  0.00004579  0.        ]
 [ 0.          0.01031874 -0.00004579  0.        ]
 [ 0.01701616  0.          0.         -0.02047791]]
22:18:01:INFO:RESULT:m_eq:
[  588.99946847   166.11073791 37429.53391402   489.4303065 ](38674.07442690532)
22:18:01:INFO:RESULT:x_vec:
[    0.04982545     0.01031874     0.01701616   588.99946847
   166.11073791 37429.53391402   489.4303065 ](38674.151587258086)
22:18:01:INFO:RESULT:time_scale:
[  4.18943293  29.1263754  753.33713975]
22:18:01:INFO:SAVE:message:saving bunch of data...
22:18:01:INFO:SAVE:message:saving optimizer data ...
