22:22:05:INFO:GENERAL:seed:1
22:22:05:INFO:GENERAL:rho:[0.0, 0.1, 0.001]
22:22:05:INFO:GENERAL:bounds_z:[(1e-06, 0.3), (1e-06, 0.3), (1e-06, 0.3), (588.999411, 589.000589), (1e-06, 1800), (1e-06, 74200), (1e-06, 1100)]
22:22:09:INFO:OPTIMIZER:x:
[    0.01507956     0.00447023     0.05829817   589.00000223
   899.99997586 37100.00061346   550.00000425]
22:22:09:INFO:OPTIMIZER:fun:0.0010406469827083664
22:22:09:INFO:OPTIMIZER:nfev:13634
22:22:09:INFO:OPTIMIZER:nit:209
22:22:09:INFO:OPTIMIZER:message:Optimization terminated successfully.
22:22:09:INFO:OPTIMIZER:success:True
22:22:09:INFO:OPTIMIZER:constr:[array([0.])]
22:22:09:INFO:OPTIMIZER:constr_violation:0.0
22:22:09:INFO:OPTIMIZER:maxcv:0.0
22:22:09:INFO:RESULT:A:
[[-0.07337774  0.00986874  0.          0.06243204]
 [ 0.01507956 -0.01433897  0.00010844  0.        ]
 [ 0.          0.00447023 -0.00010844  0.        ]
 [ 0.05829817  0.          0.         -0.06243204]]
22:22:09:INFO:RESULT:m_eq:
[  589.00000223   899.99997586 37100.00061346   550.00000425](39139.00059580442)
22:22:09:INFO:RESULT:x_vec:
[    0.01507956     0.00447023     0.05829817   589.00000223
   899.99997586 37100.00061346   550.00000425](39139.0784437726)
22:22:09:INFO:RESULT:time_scale:
[  7.74040716  51.85962132 561.10569027]
22:22:09:INFO:SAVE:message:saving bunch of data...
22:22:09:INFO:SAVE:message:saving optimizer data ...
