22:16:00:INFO:GENERAL:seed:1
22:16:00:INFO:GENERAL:rho:[0.1, 0.0001, 0.0]
22:16:00:INFO:GENERAL:bounds_z:[(1e-06, 0.3), (1e-06, 0.3), (588.999411, 589.000589), (1e-06, 1800), (1e-06, 74200)]
22:16:02:INFO:OPTIMIZER:x:
[    0.02983077     0.0023431    589.00031388   758.84322301
 37500.18495544]
22:16:02:INFO:OPTIMIZER:fun:0.0031783372666592726
22:16:02:INFO:OPTIMIZER:nfev:7501
22:16:02:INFO:OPTIMIZER:nit:117
22:16:02:INFO:OPTIMIZER:message:Optimization terminated successfully.
22:16:02:INFO:OPTIMIZER:success:True
22:16:02:INFO:OPTIMIZER:constr:[array([0.])]
22:16:02:INFO:OPTIMIZER:constr_violation:0.0
22:16:02:INFO:OPTIMIZER:maxcv:0.0
22:16:02:INFO:RESULT:A:
[[-0.02983077  0.0231541   0.        ]
 [ 0.02983077 -0.0254972   0.00004741]
 [ 0.          0.0023431  -0.00004741]]
22:16:02:INFO:RESULT:m_eq:
[  589.00031388   758.84322301 37500.18495544](38848.0284923285)
22:16:02:INFO:RESULT:x_vec:
[    0.02983077     0.0023431    589.00031388   758.84322301
 37500.18495544](38848.060666196194)
22:16:02:INFO:RESULT:time_scale:
[ 18.50640139 746.25485535]
22:16:02:INFO:SAVE:message:saving bunch of data...
22:16:02:INFO:SAVE:message:saving optimizer data ...
