22:17:28:INFO:GENERAL:seed:1
22:17:28:INFO:GENERAL:rho:[0.01, 0.1, 0.01]
22:17:28:INFO:GENERAL:bounds_z:[(1e-06, 0.3), (1e-06, 0.3), (588.999411, 589.000589), (1e-06, 1800), (1e-06, 74200)]
22:17:30:INFO:OPTIMIZER:x:
[    0.02822563     0.00103594   589.00000195   900.00001633
 37099.99966976]
22:17:30:INFO:OPTIMIZER:fun:0.001921624622491617
22:17:30:INFO:OPTIMIZER:nfev:9709
22:17:30:INFO:OPTIMIZER:nit:151
22:17:30:INFO:OPTIMIZER:message:Optimization terminated successfully.
22:17:30:INFO:OPTIMIZER:success:True
22:17:30:INFO:OPTIMIZER:constr:[array([0.])]
22:17:30:INFO:OPTIMIZER:constr_violation:0.0
22:17:30:INFO:OPTIMIZER:maxcv:0.0
22:17:30:INFO:RESULT:A:
[[-0.02822563  0.0184721   0.        ]
 [ 0.02822563 -0.01950804  0.00002513]
 [ 0.          0.00103594 -0.00002513]]
22:17:30:INFO:RESULT:m_eq:
[  589.00000195   900.00001633 37099.99966976](38588.99968803568)
22:17:30:INFO:RESULT:x_vec:
[    0.02822563     0.00103594   589.00000195   900.00001633
 37099.99966976](38589.028949600666)
22:17:30:INFO:RESULT:time_scale:
[  21.22544829 1549.0858318 ]
22:17:30:INFO:SAVE:message:saving bunch of data...
22:17:30:INFO:SAVE:message:saving optimizer data ...
