21:23:17:INFO:GENERAL:seed:1
21:23:17:INFO:GENERAL:rho:[0.01, 0.0001, 0.1]
21:23:17:INFO:GENERAL:bounds_z:[(1e-06, 0.3), (1e-06, 0.3), (1e-06, 0.3), (588.999411, 589.000589), (1e-06, 1800), (1e-06, 74200), (1e-06, 1100)]
21:23:29:INFO:OPTIMIZER:x:
[    0.0402016      0.00999959     0.01700538   589.00025502
   173.66427315 38453.29909216   486.05986754]
21:23:29:INFO:OPTIMIZER:fun:0.0008806623398157135
21:23:29:INFO:OPTIMIZER:nfev:65902
21:23:29:INFO:OPTIMIZER:nit:1032
21:23:29:INFO:OPTIMIZER:message:Optimization terminated successfully.
21:23:29:INFO:OPTIMIZER:success:True
21:23:29:INFO:OPTIMIZER:constr:[array([0.])]
21:23:29:INFO:OPTIMIZER:constr_violation:0.0
21:23:29:INFO:OPTIMIZER:maxcv:0.0
21:23:29:INFO:RESULT:A:
[[-0.05720698  0.13634788  0.          0.02060687]
 [ 0.0402016  -0.14634747  0.00004516  0.        ]
 [ 0.          0.00999959 -0.00004516  0.        ]
 [ 0.01700538  0.          0.         -0.02060687]]
21:23:29:INFO:RESULT:m_eq:
[  589.00025502   173.66427315 38453.29909216   486.05986754](39702.0234878727)
21:23:29:INFO:RESULT:x_vec:
[    0.0402016      0.00999959     0.01700538   589.00025502
   173.66427315 38453.29909216   486.05986754](39702.090694447936)
21:23:29:INFO:RESULT:time_scale:
[  5.29926305  29.26137273 754.00305021]
21:23:29:INFO:SAVE:message:saving bunch of data...
21:23:29:INFO:SAVE:message:saving optimizer data ...
