22:09:51:INFO:GENERAL:seed:1
22:09:51:INFO:GENERAL:rho:[0.1, 0.0001, 0.1]
22:09:51:INFO:GENERAL:bounds_z:[(1e-06, 0.3), (1e-06, 0.3), (1e-06, 0.3), (588.999411, 589.000589), (1e-06, 1800), (1e-06, 74200), (1e-06, 1100)]
22:10:01:INFO:OPTIMIZER:x:
[    0.01322526     0.00284967     0.01529905   588.99967983
   551.98477993 38408.97633068   318.11956373]
22:10:01:INFO:OPTIMIZER:fun:0.0033287381160218765
22:10:01:INFO:OPTIMIZER:nfev:51459
22:10:01:INFO:OPTIMIZER:nit:804
22:10:01:INFO:OPTIMIZER:message:Optimization terminated successfully.
22:10:01:INFO:OPTIMIZER:success:True
22:10:01:INFO:OPTIMIZER:constr:[array([0.])]
22:10:01:INFO:OPTIMIZER:constr_violation:0.0
22:10:01:INFO:OPTIMIZER:maxcv:0.0
22:10:01:INFO:RESULT:A:
[[-0.02852431  0.01411211  0.          0.02832626]
 [ 0.01322526 -0.01696179  0.00004095  0.        ]
 [ 0.          0.00284967 -0.00004095  0.        ]
 [ 0.01529905  0.          0.         -0.02832626]]
22:10:01:INFO:RESULT:m_eq:
[  588.99967983   551.98477993 38408.97633068   318.11956373](39868.08035417958)
22:10:01:INFO:RESULT:x_vec:
[    0.01322526     0.00284967     0.01529905   588.99967983
   551.98477993 38408.97633068   318.11956373](39868.1117281631)
22:10:01:INFO:RESULT:time_scale:
[ 19.20060678  48.20191096 975.07897803]
22:10:01:INFO:SAVE:message:saving bunch of data...
22:10:01:INFO:SAVE:message:saving optimizer data ...
