21:13:20:INFO:GENERAL:seed:1
21:13:20:INFO:GENERAL:rho:[0.0001, 0.0, 0.001]
21:13:20:INFO:GENERAL:bounds_z:[(1e-06, 0.3), (1e-06, 0.3), (588.999411, 589.000589), (1e-06, 1800), (1e-06, 74200)]
21:13:23:INFO:OPTIMIZER:x:
[   0.08076168    0.01247078  588.99989308  714.56732138 1272.55079841]
21:13:23:INFO:OPTIMIZER:fun:0.0002793519283095443
21:13:23:INFO:OPTIMIZER:nfev:11930
21:13:23:INFO:OPTIMIZER:nit:183
21:13:23:INFO:OPTIMIZER:message:Optimization terminated successfully.
21:13:23:INFO:OPTIMIZER:success:True
21:13:23:INFO:OPTIMIZER:constr:[array([0.])]
21:13:23:INFO:OPTIMIZER:constr_violation:0.0
21:13:23:INFO:OPTIMIZER:maxcv:0.0
21:13:23:INFO:RESULT:A:
[[-0.08076168  0.06656982  0.        ]
 [ 0.08076168 -0.0790406   0.00700264]
 [ 0.          0.01247078 -0.00700264]]
21:13:23:INFO:RESULT:m_eq:
[ 588.99989308  714.56732138 1272.55079841](2576.1180128831797)
21:13:23:INFO:RESULT:x_vec:
[   0.08076168    0.01247078  588.99989308  714.56732138 1272.55079841](2576.21124533942)
21:13:23:INFO:RESULT:time_scale:
[ 6.51361875 75.29880112]
21:13:23:INFO:SAVE:message:saving bunch of data...
21:13:23:INFO:SAVE:message:saving optimizer data ...
