22:23:52:INFO:GENERAL:seed:1
22:23:52:INFO:GENERAL:rho:[0.1, 0.0001, 0.1]
22:23:52:INFO:GENERAL:bounds_z:[(1e-06, 0.3), (1e-06, 0.3), (1e-06, 0.3), (588.999411, 589.000589), (1e-06, 1800), (1e-06, 74200), (1e-06, 1100)]
22:24:01:INFO:OPTIMIZER:x:
[    0.02146266     0.00342497     0.02504692   589.00046639
   829.01629445 37686.00993394   497.28162807]
22:24:01:INFO:OPTIMIZER:fun:0.003897424246824534
22:24:01:INFO:OPTIMIZER:nfev:49990
22:24:01:INFO:OPTIMIZER:nit:775
22:24:01:INFO:OPTIMIZER:message:Optimization terminated successfully.
22:24:01:INFO:OPTIMIZER:success:True
22:24:01:INFO:OPTIMIZER:constr:[array([0.])]
22:24:01:INFO:OPTIMIZER:constr_violation:0.0
22:24:01:INFO:OPTIMIZER:maxcv:0.0
22:24:01:INFO:RESULT:A:
[[-0.04650957  0.01524881  0.          0.02966658]
 [ 0.02146266 -0.01867378  0.00007534  0.        ]
 [ 0.          0.00342497 -0.00007534  0.        ]
 [ 0.02504692  0.          0.         -0.02966658]]
22:24:01:INFO:RESULT:m_eq:
[  589.00046639   829.01629445 37686.00993394   497.28162807](39601.30832284407)
22:24:01:INFO:RESULT:x_vec:
[    0.02146266     0.00342497     0.02504692   589.00046639
   829.01629445 37686.00993394   497.28162807](39601.35825739032)
22:24:01:INFO:RESULT:time_scale:
[ 14.11749469  44.12336969 700.54535266]
22:24:01:INFO:SAVE:message:saving bunch of data...
22:24:01:INFO:SAVE:message:saving optimizer data ...
