22:02:25:INFO:GENERAL:seed:1
22:02:25:INFO:GENERAL:rho:[0.0, 0.0001, 0.0]
22:02:25:INFO:GENERAL:bounds_z:[(1e-06, 0.3), (1e-06, 0.3), (588.999411, 589.000589), (1e-06, 1800), (1e-06, 74200)]
22:02:28:INFO:OPTIMIZER:x:
[   0.08078135    0.01247269  589.00033841  714.48871454 1272.65369045]
22:02:28:INFO:OPTIMIZER:fun:0.0003067057673948122
22:02:28:INFO:OPTIMIZER:nfev:13706
22:02:28:INFO:OPTIMIZER:nit:212
22:02:28:INFO:OPTIMIZER:message:Optimization terminated successfully.
22:02:28:INFO:OPTIMIZER:success:True
22:02:28:INFO:OPTIMIZER:constr:[array([0.])]
22:02:28:INFO:OPTIMIZER:constr_violation:0.0
22:02:28:INFO:OPTIMIZER:maxcv:0.0
22:02:28:INFO:RESULT:A:
[[-0.08078135  0.06659341  0.        ]
 [ 0.08078135 -0.0790661   0.00700237]
 [ 0.          0.01247269 -0.00700237]]
22:02:28:INFO:RESULT:m_eq:
[ 589.00033841  714.48871454 1272.65369045](2576.1427433892877)
22:02:28:INFO:RESULT:x_vec:
[   0.08078135    0.01247269  589.00033841  714.48871454 1272.65369045](2576.2359974271367)
22:02:28:INFO:RESULT:time_scale:
[ 6.51173434 75.29607913]
22:02:28:INFO:SAVE:message:saving bunch of data...
22:02:28:INFO:SAVE:message:saving optimizer data ...
