22:15:56:INFO:GENERAL:seed:1
22:15:56:INFO:GENERAL:rho:[0.01, 0.0001, 0.0]
22:15:56:INFO:GENERAL:bounds_z:[(1e-06, 0.3), (1e-06, 0.3), (588.999411, 589.000589), (1e-06, 1800), (1e-06, 74200)]
22:15:57:INFO:OPTIMIZER:x:
[    0.04007305     0.00375861   588.99997075   627.40060612
 35906.75247999]
22:15:57:INFO:OPTIMIZER:fun:0.0011521332517990335
22:15:57:INFO:OPTIMIZER:nfev:8112
22:15:57:INFO:OPTIMIZER:nit:125
22:15:57:INFO:OPTIMIZER:message:Optimization terminated successfully.
22:15:57:INFO:OPTIMIZER:success:True
22:15:57:INFO:OPTIMIZER:constr:[array([0.])]
22:15:57:INFO:OPTIMIZER:constr_violation:0.0
22:15:57:INFO:OPTIMIZER:maxcv:0.0
22:15:57:INFO:RESULT:A:
[[-0.04007305  0.03762035  0.        ]
 [ 0.04007305 -0.04137896  0.00006567]
 [ 0.          0.00375861 -0.00006567]]
22:15:57:INFO:RESULT:m_eq:
[  588.99997075   627.40060612 35906.75247999](37123.15305685907)
22:15:57:INFO:RESULT:x_vec:
[    0.04007305     0.00375861   588.99997075   627.40060612
 35906.75247999](37123.19688852686)
22:15:57:INFO:RESULT:time_scale:
[ 12.56906506 510.91437296]
22:15:57:INFO:SAVE:message:saving bunch of data...
22:15:57:INFO:SAVE:message:saving optimizer data ...
