22:08:00:INFO:GENERAL:seed:1
22:08:00:INFO:GENERAL:rho:[0.0, 0.01, 0.001]
22:08:00:INFO:GENERAL:bounds_z:[(1e-06, 0.3), (1e-06, 0.3), (1e-06, 0.3), (588.999411, 589.000589), (1e-06, 1800), (1e-06, 74200), (1e-06, 1100)]
22:08:04:INFO:OPTIMIZER:x:
[    0.05007507     0.00983422     0.01690404   589.00043723
   166.92375836 37135.01150044   502.68319697]
22:08:04:INFO:OPTIMIZER:fun:0.002284521952382518
22:08:04:INFO:OPTIMIZER:nfev:21755
22:08:04:INFO:OPTIMIZER:nit:341
22:08:04:INFO:OPTIMIZER:message:Optimization terminated successfully.
22:08:04:INFO:OPTIMIZER:success:True
22:08:04:INFO:OPTIMIZER:constr:[array([0.])]
22:08:04:INFO:OPTIMIZER:constr_violation:0.0
22:08:04:INFO:OPTIMIZER:maxcv:0.0
22:08:04:INFO:RESULT:A:
[[-0.0669791   0.17669286  0.          0.01980668]
 [ 0.05007507 -0.18652708  0.00004421  0.        ]
 [ 0.          0.00983422 -0.00004421  0.        ]
 [ 0.01690404  0.          0.         -0.01980668]]
22:08:04:INFO:RESULT:m_eq:
[  589.00043723   166.92375836 37135.01150044   502.68319697](38393.61889300881)
22:08:04:INFO:RESULT:x_vec:
[    0.05007507     0.00983422     0.01690404   589.00043723
   166.92375836 37135.01150044   502.68319697](38393.695706334765)
22:08:04:INFO:RESULT:time_scale:
[  4.19181751  29.8181702  793.35565437]
22:08:04:INFO:SAVE:message:saving bunch of data...
22:08:04:INFO:SAVE:message:saving optimizer data ...
