21:21:44:INFO:GENERAL:seed:1
21:21:44:INFO:GENERAL:rho:[0.1, 0.0, 0.0]
21:21:44:INFO:GENERAL:bounds_z:[(1e-06, 0.3), (1e-06, 0.3), (588.999411, 589.000589), (1e-06, 1800), (1e-06, 74200)]
21:21:45:INFO:OPTIMIZER:x:
[    0.02990642     0.00235818   589.00025585   756.84239981
 74179.21234639]
21:21:45:INFO:OPTIMIZER:fun:0.003171951466980893
21:21:45:INFO:OPTIMIZER:nfev:8975
21:21:45:INFO:OPTIMIZER:nit:140
21:21:45:INFO:OPTIMIZER:message:Optimization terminated successfully.
21:21:45:INFO:OPTIMIZER:success:True
21:21:45:INFO:OPTIMIZER:constr:[array([0.])]
21:21:45:INFO:OPTIMIZER:constr_violation:0.0
21:21:45:INFO:OPTIMIZER:maxcv:0.0
21:21:45:INFO:RESULT:A:
[[-0.02990642  0.02327418  0.        ]
 [ 0.02990642 -0.02563237  0.00002406]
 [ 0.          0.00235818 -0.00002406]]
21:21:45:INFO:RESULT:m_eq:
[  589.00025585   756.84239981 74179.21234639](75525.055002052)
21:21:45:INFO:RESULT:x_vec:
[    0.02990642     0.00235818   589.00025585   756.84239981
 74179.21234639](75525.08726665724)
21:21:45:INFO:RESULT:time_scale:
[ 18.43691877 755.37152978]
21:21:45:INFO:SAVE:message:saving bunch of data...
21:21:45:INFO:SAVE:message:saving optimizer data ...
