21:21:56:INFO:GENERAL:seed:1
21:21:56:INFO:GENERAL:rho:[0.01, 0.01, 0.001]
21:21:56:INFO:GENERAL:bounds_z:[(1e-06, 0.3), (1e-06, 0.3), (588.999411, 589.000589), (1e-06, 1800), (1e-06, 74200)]
21:21:58:INFO:OPTIMIZER:x:
[    0.02822441     0.0010354    589.00057251   899.9973837
 37099.9881302 ]
21:21:58:INFO:OPTIMIZER:fun:0.0019216218361483974
21:21:58:INFO:OPTIMIZER:nfev:11037
21:21:58:INFO:OPTIMIZER:nit:172
21:21:58:INFO:OPTIMIZER:message:Optimization terminated successfully.
21:21:58:INFO:OPTIMIZER:success:True
21:21:58:INFO:OPTIMIZER:constr:[array([0.])]
21:21:58:INFO:OPTIMIZER:constr_violation:0.0
21:21:58:INFO:OPTIMIZER:maxcv:0.0
21:21:58:INFO:RESULT:A:
[[-0.02822441  0.01847138  0.        ]
 [ 0.02822441 -0.01950678  0.00002512]
 [ 0.          0.0010354  -0.00002512]]
21:21:58:INFO:RESULT:m_eq:
[  589.00057251   899.9973837  37099.9881302 ](38588.98608641468)
21:21:58:INFO:RESULT:x_vec:
[    0.02822441     0.0010354    589.00057251   899.9973837
 37099.9881302 ](38589.01534622432)
21:21:58:INFO:RESULT:time_scale:
[  21.22642175 1549.8854625 ]
21:21:58:INFO:SAVE:message:saving bunch of data...
21:21:58:INFO:SAVE:message:saving optimizer data ...
