22:17:51:INFO:GENERAL:seed:1
22:17:51:INFO:GENERAL:rho:[0.01, 0.1, 0.1]
22:17:51:INFO:GENERAL:bounds_z:[(1e-06, 0.3), (1e-06, 0.3), (1e-06, 0.3), (588.999411, 589.000589), (1e-06, 1800), (1e-06, 74200), (1e-06, 1100)]
22:17:57:INFO:OPTIMIZER:x:
[    0.00868677     0.00021794     0.00905347   588.99998465
   899.99993576 37099.99939146   549.99998072]
22:17:57:INFO:OPTIMIZER:fun:0.004194761341176322
22:17:57:INFO:OPTIMIZER:nfev:26976
22:17:57:INFO:OPTIMIZER:nit:496
22:17:57:INFO:OPTIMIZER:message:Optimization terminated successfully.
22:17:57:INFO:OPTIMIZER:success:True
22:17:57:INFO:OPTIMIZER:constr:[array([0.])]
22:17:57:INFO:OPTIMIZER:constr_violation:0.0
22:17:57:INFO:OPTIMIZER:maxcv:0.0
22:17:57:INFO:RESULT:A:
[[-0.01774024  0.00568501  0.          0.00969544]
 [ 0.00868677 -0.00590295  0.00000529  0.        ]
 [ 0.          0.00021794 -0.00000529  0.        ]
 [ 0.00905347  0.          0.         -0.00969544]]
22:17:57:INFO:RESULT:m_eq:
[  588.99998465   899.99993576 37099.99939146   549.99998072](39138.99929258296)
22:17:57:INFO:RESULT:x_vec:
[    0.00868677     0.00021794     0.00905347   588.99998465
   899.99993576 37099.99939146   549.99998072](39139.017250762976)
22:17:57:INFO:RESULT:time_scale:
[  38.89061924  132.78849963 9999.81166621]
22:17:57:INFO:SAVE:message:saving bunch of data...
22:17:57:INFO:SAVE:message:saving optimizer data ...
