22:23:26:INFO:GENERAL:seed:1
22:23:26:INFO:GENERAL:rho:[0.1, 0.1, 0.1]
22:23:26:INFO:GENERAL:bounds_z:[(1e-06, 0.3), (1e-06, 0.3), (1e-06, 0.3), (588.999411, 589.000589), (1e-06, 1800), (1e-06, 74200), (1e-06, 1100)]
22:23:32:INFO:OPTIMIZER:x:
[    0.02023428     0.00216554     0.02281054   588.99999246
   899.99992117 37099.99770155   550.00000179]
22:23:32:INFO:OPTIMIZER:fun:0.003937660358976114
22:23:32:INFO:OPTIMIZER:nfev:27605
22:23:32:INFO:OPTIMIZER:nit:429
22:23:32:INFO:OPTIMIZER:message:Optimization terminated successfully.
22:23:32:INFO:OPTIMIZER:success:True
22:23:32:INFO:OPTIMIZER:constr:[array([0.])]
22:23:32:INFO:OPTIMIZER:constr_violation:0.0
22:23:32:INFO:OPTIMIZER:maxcv:0.0
22:23:32:INFO:RESULT:A:
[[-0.04304482  0.01324221  0.          0.02442802]
 [ 0.02023428 -0.01540775  0.00005253  0.        ]
 [ 0.          0.00216554 -0.00005253  0.        ]
 [ 0.02281054  0.          0.         -0.02442802]]
22:23:32:INFO:RESULT:m_eq:
[  588.99999246   899.99992117 37099.99770155   550.00000179](39138.997616967405)
22:23:32:INFO:RESULT:x_vec:
[    0.02023428     0.00216554     0.02281054   588.99999246
   899.99992117 37099.99770155   550.00000179](39139.042827326164)
22:23:32:INFO:RESULT:time_scale:
[  15.85256922   52.89614135 1056.08535364]
22:23:32:INFO:SAVE:message:saving bunch of data...
22:23:32:INFO:SAVE:message:saving optimizer data ...
