21:23:46:INFO:GENERAL:seed:1
21:23:46:INFO:GENERAL:rho:[0.1, 0.0, 0.1]
21:23:46:INFO:GENERAL:bounds_z:[(1e-06, 0.3), (1e-06, 0.3), (1e-06, 0.3), (588.999411, 589.000589), (1e-06, 1800), (1e-06, 74200), (1e-06, 1100)]
21:23:57:INFO:OPTIMIZER:x:
[    0.0132638      0.0029235      0.01529553   588.99975057
   545.78631536 74127.63054174   319.42188393]
21:23:57:INFO:OPTIMIZER:fun:0.003313612056722511
21:23:57:INFO:OPTIMIZER:nfev:62351
21:23:57:INFO:OPTIMIZER:nit:972
21:23:57:INFO:OPTIMIZER:message:Optimization terminated successfully.
21:23:57:INFO:OPTIMIZER:success:True
21:23:57:INFO:OPTIMIZER:constr:[array([0.])]
21:23:57:INFO:OPTIMIZER:constr_violation:0.0
21:23:57:INFO:OPTIMIZER:maxcv:0.0
21:23:57:INFO:RESULT:A:
[[-0.02855933  0.01431398  0.          0.02820427]
 [ 0.0132638  -0.01723748  0.00002153  0.        ]
 [ 0.          0.0029235  -0.00002153  0.        ]
 [ 0.01529553  0.          0.         -0.02820427]]
21:23:57:INFO:RESULT:m_eq:
[  588.99975057   545.78631536 74127.63054174   319.42188393](75581.83849159563)
21:23:57:INFO:RESULT:x_vec:
[    0.0132638      0.0029235      0.01529553   588.99975057
   545.78631536 74127.63054174   319.42188393](75581.86997442631)
21:23:57:INFO:RESULT:time_scale:
[ 19.20179161  47.79969604 977.03429766]
21:23:57:INFO:SAVE:message:saving bunch of data...
21:23:57:INFO:SAVE:message:saving optimizer data ...
