22:21:34:INFO:GENERAL:seed:1
22:21:34:INFO:GENERAL:rho:[0.0, 0.0001, 0.001]
22:21:34:INFO:GENERAL:bounds_z:[(1e-06, 0.3), (1e-06, 0.3), (1e-06, 0.3), (588.999411, 589.000589), (1e-06, 1800), (1e-06, 74200), (1e-06, 1100)]
22:21:39:INFO:OPTIMIZER:x:
[    0.064985       0.01106979     0.0273007    589.0000659
   278.07221874 35976.9635612    708.62457777]
22:21:39:INFO:OPTIMIZER:fun:0.00022930829445348027
22:21:39:INFO:OPTIMIZER:nfev:28893
22:21:39:INFO:OPTIMIZER:nit:449
22:21:39:INFO:OPTIMIZER:message:Optimization terminated successfully.
22:21:39:INFO:OPTIMIZER:success:True
22:21:39:INFO:OPTIMIZER:constr:[array([0.])]
22:21:39:INFO:OPTIMIZER:constr_violation:0.0
22:21:39:INFO:OPTIMIZER:maxcv:0.0
22:21:39:INFO:RESULT:A:
[[-0.09228571  0.13764831  0.          0.02269201]
 [ 0.064985   -0.1487181   0.00008556  0.        ]
 [ 0.          0.01106979 -0.00008556  0.        ]
 [ 0.0273007   0.          0.         -0.02269201]]
22:21:39:INFO:RESULT:m_eq:
[  589.0000659    278.07221874 35976.9635612    708.62457777](37552.660423607)
22:21:39:INFO:RESULT:x_vec:
[    0.064985       0.01106979     0.0273007    589.0000659
   278.07221874 35976.9635612    708.62457777](37552.763779102606)
22:21:39:INFO:RESULT:time_scale:
[  4.53858508  24.04485269 537.7937128 ]
22:21:39:INFO:SAVE:message:saving bunch of data...
22:21:39:INFO:SAVE:message:saving optimizer data ...
