22:03:01:INFO:GENERAL:seed:1
22:03:01:INFO:GENERAL:rho:[0.0, 0.01, 0.0001]
22:03:01:INFO:GENERAL:bounds_z:[(1e-06, 0.3), (1e-06, 0.3), (588.999411, 589.000589), (1e-06, 1800), (1e-06, 74200)]
22:03:03:INFO:OPTIMIZER:x:
[    0.07114946     0.00457911   588.99991938   900.0000674
 37100.00238984]
22:03:03:INFO:OPTIMIZER:fun:0.0007951920293413845
22:03:03:INFO:OPTIMIZER:nfev:8750
22:03:03:INFO:OPTIMIZER:nit:137
22:03:03:INFO:OPTIMIZER:message:Optimization terminated successfully.
22:03:03:INFO:OPTIMIZER:success:True
22:03:03:INFO:OPTIMIZER:constr:[array([0.])]
22:03:03:INFO:OPTIMIZER:constr_violation:0.0
22:03:03:INFO:OPTIMIZER:maxcv:0.0
22:03:03:INFO:RESULT:A:
[[-0.07114946  0.04656336  0.        ]
 [ 0.07114946 -0.05114247  0.00011108]
 [ 0.          0.00457911 -0.00011108]]
22:03:03:INFO:RESULT:m_eq:
[  588.99991938   900.0000674  37100.00238984](38589.00237661635)
22:03:03:INFO:RESULT:x_vec:
[    0.07114946     0.00457911   588.99991938   900.0000674
 37100.00238984](38589.07810519179)
22:03:03:INFO:RESULT:time_scale:
[  8.36338159 352.83817108]
22:03:03:INFO:SAVE:message:saving bunch of data...
22:03:03:INFO:SAVE:message:saving optimizer data ...
