22:22:20:INFO:GENERAL:seed:1
22:22:20:INFO:GENERAL:rho:[0.0, 0.0, 0.01]
22:22:20:INFO:GENERAL:bounds_z:[(1e-06, 0.3), (1e-06, 0.3), (588.999411, 589.000589), (1e-06, 1800), (1e-06, 74200)]
22:22:23:INFO:OPTIMIZER:x:
[   0.08080593    0.01248797  588.99988289  714.15889364 1272.47624357]
22:22:23:INFO:OPTIMIZER:fun:0.00027378941959038027
22:22:23:INFO:OPTIMIZER:nfev:14332
22:22:23:INFO:OPTIMIZER:nit:223
22:22:23:INFO:OPTIMIZER:message:Optimization terminated successfully.
22:22:23:INFO:OPTIMIZER:success:True
22:22:23:INFO:OPTIMIZER:constr:[array([0.])]
22:22:23:INFO:OPTIMIZER:constr_violation:0.0
22:22:23:INFO:OPTIMIZER:maxcv:0.0
22:22:23:INFO:RESULT:A:
[[-0.08080593  0.06664439  0.        ]
 [ 0.08080593 -0.07913236  0.00700869]
 [ 0.          0.01248797 -0.00700869]]
22:22:23:INFO:RESULT:m_eq:
[ 588.99988289  714.15889364 1272.47624357](2575.6350201001133)
22:22:23:INFO:RESULT:x_vec:
[   0.08080593    0.01248797  588.99988289  714.15889364 1272.47624357](2575.72831400128)
22:22:23:INFO:RESULT:time_scale:
[ 6.50813344 75.22701421]
22:22:23:INFO:SAVE:message:saving bunch of data...
22:22:23:INFO:SAVE:message:saving optimizer data ...
