21:12:26:INFO:GENERAL:seed:1
21:12:26:INFO:GENERAL:rho:[0.01, 0.01, 0.0]
21:12:26:INFO:GENERAL:bounds_z:[(1e-06, 0.3), (1e-06, 0.3), (1e-06, 0.3), (588.999411, 589.000589), (1e-06, 1800), (1e-06, 74200), (1e-06, 1100)]
21:12:29:INFO:OPTIMIZER:x:
[    0.01480975     0.00460986     0.05780257   588.99998011
   899.99991892 37100.00000763   549.99991472]
21:12:29:INFO:OPTIMIZER:fun:0.0008532961821451265
21:12:29:INFO:OPTIMIZER:nfev:13907
21:12:29:INFO:OPTIMIZER:nit:215
21:12:29:INFO:OPTIMIZER:message:Optimization terminated successfully.
21:12:29:INFO:OPTIMIZER:success:True
21:12:29:INFO:OPTIMIZER:constr:[array([0.])]
21:12:29:INFO:OPTIMIZER:constr_violation:0.0
21:12:29:INFO:OPTIMIZER:maxcv:0.0
21:12:29:INFO:RESULT:A:
[[-0.07261232  0.00969216  0.          0.06190131]
 [ 0.01480975 -0.01430202  0.00011183  0.        ]
 [ 0.          0.00460986 -0.00011183  0.        ]
 [ 0.05780257  0.          0.         -0.06190131]]
21:12:29:INFO:RESULT:m_eq:
[  588.99998011   899.99991892 37100.00000763   549.99991472](39138.99982138099)
21:12:29:INFO:RESULT:x_vec:
[    0.01480975     0.00460986     0.05780257   588.99998011
   899.99991892 37100.00000763   549.99991472](39139.07704355764)
21:12:29:INFO:RESULT:time_scale:
[  7.81227254  52.35539851 548.39101991]
21:12:29:INFO:SAVE:message:saving bunch of data...
21:12:29:INFO:SAVE:message:saving optimizer data ...
