22:03:28:INFO:GENERAL:seed:1
22:03:28:INFO:GENERAL:rho:[0.001, 0.001, 0.001]
22:03:28:INFO:GENERAL:bounds_z:[(1e-06, 0.3), (1e-06, 0.3), (588.999411, 589.000589), (1e-06, 1800), (1e-06, 74200)]
22:03:30:INFO:OPTIMIZER:x:
[    0.06829568     0.00421264   588.99943041   939.30415176
 37053.6988874 ]
22:03:30:INFO:OPTIMIZER:fun:0.0008123978214203186
22:03:30:INFO:OPTIMIZER:nfev:8187
22:03:30:INFO:OPTIMIZER:nit:126
22:03:30:INFO:OPTIMIZER:message:Optimization terminated successfully.
22:03:30:INFO:OPTIMIZER:success:True
22:03:30:INFO:OPTIMIZER:constr:[array([0.])]
22:03:30:INFO:OPTIMIZER:constr_violation:0.0
22:03:30:INFO:OPTIMIZER:maxcv:0.0
22:03:30:INFO:RESULT:A:
[[-0.06829568  0.04282545  0.        ]
 [ 0.06829568 -0.04703808  0.00010679]
 [ 0.          0.00421264 -0.00010679]]
22:03:30:INFO:RESULT:m_eq:
[  588.99943041   939.30415176 37053.6988874 ](38582.002469570216)
22:03:30:INFO:RESULT:x_vec:
[    0.06829568     0.00421264   588.99943041   939.30415176
 37053.6988874 ](38582.07497789327)
22:03:30:INFO:RESULT:time_scale:
[  8.8664733  376.48561798]
22:03:30:INFO:SAVE:message:saving bunch of data...
22:03:30:INFO:SAVE:message:saving optimizer data ...
