22:22:16:INFO:GENERAL:seed:1
22:22:16:INFO:GENERAL:rho:[0.01, 0.0001, 0.01]
22:22:16:INFO:GENERAL:bounds_z:[(1e-06, 0.3), (1e-06, 0.3), (1e-06, 0.3), (588.999411, 589.000589), (1e-06, 1800), (1e-06, 74200), (1e-06, 1100)]
22:22:26:INFO:OPTIMIZER:x:
[    0.05763926     0.01081258     0.0273523    589.00038781
   287.94863588 37926.758633     702.75221385]
22:22:26:INFO:OPTIMIZER:fun:0.0008546364782121828
22:22:26:INFO:OPTIMIZER:nfev:42567
22:22:26:INFO:OPTIMIZER:nit:666
22:22:26:INFO:OPTIMIZER:message:Optimization terminated successfully.
22:22:26:INFO:OPTIMIZER:success:True
22:22:26:INFO:OPTIMIZER:constr:[array([0.])]
22:22:26:INFO:OPTIMIZER:constr_violation:0.0
22:22:26:INFO:OPTIMIZER:maxcv:0.0
22:22:26:INFO:RESULT:A:
[[-0.08499156  0.11790139  0.          0.02292489]
 [ 0.05763926 -0.12871397  0.00008209  0.        ]
 [ 0.          0.01081258 -0.00008209  0.        ]
 [ 0.0273523   0.          0.         -0.02292489]]
22:22:26:INFO:RESULT:m_eq:
[  589.00038781   287.94863588 37926.758633     702.75221385](39506.45987053807)
22:22:26:INFO:RESULT:x_vec:
[    0.05763926     0.01081258     0.0273523    589.00038781
   287.94863588 37926.758633     702.75221385](39506.55567467165)
22:22:26:INFO:RESULT:time_scale:
[  5.16724704  24.19845425 537.37319547]
22:22:26:INFO:SAVE:message:saving bunch of data...
22:22:26:INFO:SAVE:message:saving optimizer data ...
