22:21:48:INFO:GENERAL:seed:1
22:21:48:INFO:GENERAL:rho:[0.0001, 0.001, 0.001]
22:21:48:INFO:GENERAL:bounds_z:[(1e-06, 0.3), (1e-06, 0.3), (588.999411, 589.000589), (1e-06, 1800), (1e-06, 74200)]
22:21:49:INFO:OPTIMIZER:x:
[    0.06854306     0.00422562   588.999429     937.69544676
 37051.22822235]
22:21:49:INFO:OPTIMIZER:fun:0.000777693834135855
22:21:49:INFO:OPTIMIZER:nfev:8712
22:21:49:INFO:OPTIMIZER:nit:135
22:21:49:INFO:OPTIMIZER:message:Optimization terminated successfully.
22:21:49:INFO:OPTIMIZER:success:True
22:21:49:INFO:OPTIMIZER:constr:[array([0.])]
22:21:49:INFO:OPTIMIZER:constr_violation:0.0
22:21:49:INFO:OPTIMIZER:maxcv:0.0
22:21:49:INFO:RESULT:A:
[[-0.06854306  0.0430543   0.        ]
 [ 0.06854306 -0.04727992  0.00010694]
 [ 0.          0.00422562 -0.00010694]]
22:21:49:INFO:RESULT:m_eq:
[  588.999429     937.69544676 37051.22822235](38577.92309811312)
22:21:49:INFO:RESULT:x_vec:
[    0.06854306     0.00422562   588.999429     937.69544676
 37051.22822235](38577.99586679183)
22:21:49:INFO:RESULT:time_scale:
[  8.8286619  375.59061467]
22:21:50:INFO:SAVE:message:saving bunch of data...
22:21:50:INFO:SAVE:message:saving optimizer data ...
