22:15:57:INFO:GENERAL:seed:1
22:15:57:INFO:GENERAL:rho:[0.01, 0.001, 0.0001]
22:15:57:INFO:GENERAL:bounds_z:[(1e-06, 0.3), (1e-06, 0.3), (588.999411, 589.000589), (1e-06, 1800), (1e-06, 74200)]
22:15:59:INFO:OPTIMIZER:x:
[    0.03963576     0.0036702    589.00046057   634.09995999
 36997.72809571]
22:15:59:INFO:OPTIMIZER:fun:0.0012419247032473364
22:15:59:INFO:OPTIMIZER:nfev:8080
22:15:59:INFO:OPTIMIZER:nit:124
22:15:59:INFO:OPTIMIZER:message:Optimization terminated successfully.
22:15:59:INFO:OPTIMIZER:success:True
22:15:59:INFO:OPTIMIZER:constr:[array([0.])]
22:15:59:INFO:OPTIMIZER:constr_violation:0.0
22:15:59:INFO:OPTIMIZER:maxcv:0.0
22:15:59:INFO:RESULT:A:
[[-0.03963576  0.03681672  0.        ]
 [ 0.03963576 -0.04048692  0.0000629 ]
 [ 0.          0.0036702  -0.0000629 ]]
22:15:59:INFO:RESULT:m_eq:
[  589.00046057   634.09995999 36997.72809571](38220.82851627141)
22:15:59:INFO:RESULT:x_vec:
[    0.03963576     0.0036702    589.00046057   634.09995999
 36997.72809571](38220.87182223537)
22:15:59:INFO:RESULT:time_scale:
[ 12.77702898 520.79660835]
22:15:59:INFO:SAVE:message:saving bunch of data...
22:15:59:INFO:SAVE:message:saving optimizer data ...
