21:13:19:INFO:GENERAL:seed:1
21:13:19:INFO:GENERAL:rho:[0.0001, 0.0001, 0.001]
21:13:19:INFO:GENERAL:bounds_z:[(1e-06, 0.3), (1e-06, 0.3), (588.999411, 589.000589), (1e-06, 1800), (1e-06, 74200)]
21:13:21:INFO:OPTIMIZER:x:
[   0.08073665    0.0124568   589.00054849  714.8707385  1272.73629834]
21:13:21:INFO:OPTIMIZER:fun:0.00031226513690537516
21:13:21:INFO:OPTIMIZER:nfev:12423
21:13:21:INFO:OPTIMIZER:nit:195
21:13:21:INFO:OPTIMIZER:message:Optimization terminated successfully.
21:13:21:INFO:OPTIMIZER:success:True
21:13:21:INFO:OPTIMIZER:constr:[array([0.])]
21:13:21:INFO:OPTIMIZER:constr_violation:0.0
21:13:21:INFO:OPTIMIZER:maxcv:0.0
21:13:21:INFO:RESULT:A:
[[-0.08073665  0.06652102  0.        ]
 [ 0.08073665 -0.07897782  0.00699674]
 [ 0.          0.0124568  -0.00699674]]
21:13:21:INFO:RESULT:m_eq:
[ 589.00054849  714.8707385  1272.73629834](2576.607585327566)
21:13:21:INFO:RESULT:x_vec:
[   0.08073665    0.0124568   589.00054849  714.8707385  1272.73629834](2576.700778772957)
21:13:21:INFO:RESULT:time_scale:
[ 6.51711766 75.36287026]
21:13:21:INFO:SAVE:message:saving bunch of data...
21:13:21:INFO:SAVE:message:saving optimizer data ...
