22:15:59:INFO:GENERAL:seed:1
22:15:59:INFO:GENERAL:rho:[0.1, 0.001, 0.0001]
22:15:59:INFO:GENERAL:bounds_z:[(1e-06, 0.3), (1e-06, 0.3), (1e-06, 0.3), (588.999411, 589.000589), (1e-06, 1800), (1e-06, 74200), (1e-06, 1100)]
22:16:01:INFO:OPTIMIZER:x:
[    0.0044647      0.00020978     0.02736053   589.0001405
   968.11025971 37102.25248279   538.5774261 ]
22:16:01:INFO:OPTIMIZER:fun:0.00291321536548964
22:16:01:INFO:OPTIMIZER:nfev:11463
22:16:01:INFO:OPTIMIZER:nit:215
22:16:01:INFO:OPTIMIZER:message:Optimization terminated successfully.
22:16:01:INFO:OPTIMIZER:success:True
22:16:01:INFO:OPTIMIZER:constr:[array([0.])]
22:16:01:INFO:OPTIMIZER:constr_violation:0.0
22:16:01:INFO:OPTIMIZER:maxcv:0.0
22:16:01:INFO:RESULT:A:
[[-0.03182523  0.00271633  0.          0.02992208]
 [ 0.0044647  -0.00292611  0.00000547  0.        ]
 [ 0.          0.00020978 -0.00000547  0.        ]
 [ 0.02736053  0.          0.         -0.02992208]]
22:16:01:INFO:RESULT:m_eq:
[  589.0001405    968.11025971 37102.25248279   538.5774261 ](39197.94030909962)
22:16:01:INFO:RESULT:x_vec:
[    0.0044647      0.00020978     0.02736053   589.0001405
   968.11025971 37102.25248279   538.5774261 ](39197.97234410256)
22:16:01:INFO:RESULT:time_scale:
[  16.77490738  201.36834155 9998.73748393]
22:16:01:INFO:SAVE:message:saving bunch of data...
22:16:01:INFO:SAVE:message:saving optimizer data ...
