22:17:42:INFO:GENERAL:seed:1
22:17:42:INFO:GENERAL:rho:[0.0, 0.001, 0.1]
22:17:42:INFO:GENERAL:bounds_z:[(1e-06, 0.3), (1e-06, 0.3), (588.999411, 589.000589), (1e-06, 1800), (1e-06, 74200)]
22:17:44:INFO:OPTIMIZER:x:
[    0.04127743     0.00383774   589.00031278   620.27077094
 36948.82078115]
22:17:44:INFO:OPTIMIZER:fun:0.0009678761597290777
22:17:44:INFO:OPTIMIZER:nfev:8679
22:17:44:INFO:OPTIMIZER:nit:136
22:17:44:INFO:OPTIMIZER:message:Optimization terminated successfully.
22:17:44:INFO:OPTIMIZER:success:True
22:17:44:INFO:OPTIMIZER:constr:[array([0.])]
22:17:44:INFO:OPTIMIZER:constr_violation:0.0
22:17:44:INFO:OPTIMIZER:maxcv:0.0
22:17:44:INFO:RESULT:A:
[[-0.04127743  0.03919647  0.        ]
 [ 0.04127743 -0.04303421  0.00006443]
 [ 0.          0.00383774 -0.00006443]]
22:17:44:INFO:RESULT:m_eq:
[  589.00031278   620.27077094 36948.82078115](38158.0918648742)
22:17:44:INFO:RESULT:x_vec:
[    0.04127743     0.00383774   589.00031278   620.27077094
 36948.82078115](38158.13698004934)
22:17:44:INFO:RESULT:time_scale:
[ 12.13733055 503.61940811]
22:17:44:INFO:SAVE:message:saving bunch of data...
22:17:44:INFO:SAVE:message:saving optimizer data ...
