22:21:56:INFO:GENERAL:seed:1
22:21:56:INFO:GENERAL:rho:[0.01, 0.01, 0.001]
22:21:56:INFO:GENERAL:bounds_z:[(1e-06, 0.3), (1e-06, 0.3), (1e-06, 0.3), (588.999411, 589.000589), (1e-06, 1800), (1e-06, 74200), (1e-06, 1100)]
22:21:59:INFO:OPTIMIZER:x:
[    0.01512652     0.00440561     0.05614546   589.00012214
   900.000071   37100.00055875   549.99974365]
22:21:59:INFO:OPTIMIZER:fun:0.0014106806780688568
22:21:59:INFO:OPTIMIZER:nfev:14551
22:21:59:INFO:OPTIMIZER:nit:224
22:21:59:INFO:OPTIMIZER:message:Optimization terminated successfully.
22:21:59:INFO:OPTIMIZER:success:True
22:21:59:INFO:OPTIMIZER:constr:[array([0.])]
22:21:59:INFO:OPTIMIZER:constr_violation:0.0
22:21:59:INFO:OPTIMIZER:maxcv:0.0
22:21:59:INFO:RESULT:A:
[[-0.07127198  0.00989947  0.          0.06012673]
 [ 0.01512652 -0.01430508  0.00010687  0.        ]
 [ 0.          0.00440561 -0.00010687  0.        ]
 [ 0.05614546  0.          0.         -0.06012673]]
22:21:59:INFO:RESULT:m_eq:
[  589.00012214   900.000071   37100.00055875   549.99974365](39139.00049553818)
22:21:59:INFO:RESULT:x_vec:
[    0.01512652     0.00440561     0.05614546   589.00012214
   900.000071   37100.00055875   549.99974365](39139.07617313016)
22:21:59:INFO:RESULT:time_scale:
[  8.01191502  51.98611522 567.97278268]
22:21:59:INFO:SAVE:message:saving bunch of data...
22:21:59:INFO:SAVE:message:saving optimizer data ...
