21:21:52:INFO:GENERAL:seed:1
21:21:52:INFO:GENERAL:rho:[0.001, 0.01, 0.001]
21:21:52:INFO:GENERAL:bounds_z:[(1e-06, 0.3), (1e-06, 0.3), (588.999411, 589.000589), (1e-06, 1800), (1e-06, 74200)]
21:21:53:INFO:OPTIMIZER:x:
[    0.03345008     0.00226262   589.00058395   758.6270342
 37104.31222828]
21:21:53:INFO:OPTIMIZER:fun:0.0017697245864836451
21:21:53:INFO:OPTIMIZER:nfev:9550
21:21:53:INFO:OPTIMIZER:nit:149
21:21:53:INFO:OPTIMIZER:message:Optimization terminated successfully.
21:21:53:INFO:OPTIMIZER:success:True
21:21:53:INFO:OPTIMIZER:constr:[array([0.])]
21:21:53:INFO:OPTIMIZER:constr_violation:0.0
21:21:53:INFO:OPTIMIZER:maxcv:0.0
21:21:53:INFO:RESULT:A:
[[-0.03345008  0.02597076  0.        ]
 [ 0.03345008 -0.02823337  0.00004626]
 [ 0.          0.00226262 -0.00004626]]
21:21:53:INFO:RESULT:m_eq:
[  589.00058395   758.6270342  37104.31222828](38451.93984643104)
21:21:53:INFO:RESULT:x_vec:
[    0.03345008     0.00226262   589.00058395   758.6270342
 37104.31222828](38451.97555912954)
21:21:53:INFO:RESULT:time_scale:
[ 16.54757111 770.48398624]
21:21:53:INFO:SAVE:message:saving bunch of data...
21:21:53:INFO:SAVE:message:saving optimizer data ...
