21:13:25:INFO:GENERAL:seed:1
21:13:25:INFO:GENERAL:rho:[0.01, 0.01, 0.001]
21:13:25:INFO:GENERAL:bounds_z:[(1e-06, 0.3), (1e-06, 0.3), (1e-06, 0.3), (588.999411, 589.000589), (1e-06, 1800), (1e-06, 74200), (1e-06, 1100)]
21:13:29:INFO:OPTIMIZER:x:
[    0.01512511     0.00440518     0.05614814   589.00012615
   900.0000822  37099.98753121   549.9998249 ]
21:13:29:INFO:OPTIMIZER:fun:0.0014106810695027213
21:13:29:INFO:OPTIMIZER:nfev:14616
21:13:29:INFO:OPTIMIZER:nit:227
21:13:29:INFO:OPTIMIZER:message:Optimization terminated successfully.
21:13:29:INFO:OPTIMIZER:success:True
21:13:29:INFO:OPTIMIZER:constr:[array([0.])]
21:13:29:INFO:OPTIMIZER:constr_violation:0.0
21:13:29:INFO:OPTIMIZER:maxcv:0.0
21:13:29:INFO:RESULT:A:
[[-0.07127326  0.00989855  0.          0.06012959]
 [ 0.01512511 -0.01430372  0.00010686  0.        ]
 [ 0.          0.00440518 -0.00010686  0.        ]
 [ 0.05614814  0.          0.         -0.06012959]]
21:13:29:INFO:RESULT:m_eq:
[  589.00012615   900.0000822  37099.98753121   549.9998249 ](39138.98756444867)
21:13:29:INFO:RESULT:x_vec:
[    0.01512511     0.00440518     0.05614814   589.00012615
   900.0000822  37099.98753121   549.9998249 ](39139.063242881915)
21:13:29:INFO:RESULT:time_scale:
[  8.01162203  51.990486   568.02787951]
21:13:29:INFO:SAVE:message:saving bunch of data...
21:13:29:INFO:SAVE:message:saving optimizer data ...
