22:20:56:INFO:GENERAL:seed:1
22:20:56:INFO:GENERAL:rho:[0.1, 0.0, 0.0001]
22:20:56:INFO:GENERAL:bounds_z:[(1e-06, 0.3), (1e-06, 0.3), (1e-06, 0.3), (588.999411, 589.000589), (1e-06, 1800), (1e-06, 74200), (1e-06, 1100)]
22:20:59:INFO:OPTIMIZER:x:
[    0.00738421     0.00017251     0.04552745   589.00013836
  1799.99890149 73953.62578932   803.14575484]
22:20:59:INFO:OPTIMIZER:fun:0.003412272307361497
22:20:59:INFO:OPTIMIZER:nfev:12619
22:20:59:INFO:OPTIMIZER:nit:260
22:20:59:INFO:OPTIMIZER:message:Optimization terminated successfully.
22:20:59:INFO:OPTIMIZER:success:True
22:20:59:INFO:OPTIMIZER:constr:[array([0.])]
22:20:59:INFO:OPTIMIZER:constr_violation:0.0
22:20:59:INFO:OPTIMIZER:maxcv:0.0
22:20:59:INFO:RESULT:A:
[[-0.05291167  0.00241628  0.          0.03338831]
 [ 0.00738421 -0.00258879  0.0000042   0.        ]
 [ 0.          0.00017251 -0.0000042   0.        ]
 [ 0.04552745  0.          0.         -0.03338831]]
22:20:59:INFO:RESULT:m_eq:
[  589.00013836  1799.99890149 73953.62578932   803.14575484](77145.77058400371)
22:20:59:INFO:RESULT:x_vec:
[    0.00738421     0.00017251     0.04552745   589.00013836
  1799.99890149 73953.62578932   803.14575484](77145.82366818559)
22:20:59:INFO:RESULT:time_scale:
[  11.97907018  188.18147604 9998.34636208]
22:20:59:INFO:SAVE:message:saving bunch of data...
22:20:59:INFO:SAVE:message:saving optimizer data ...
