22:04:51:INFO:GENERAL:seed:1
22:04:51:INFO:GENERAL:rho:[0.01, 0.1, 0.1]
22:04:51:INFO:GENERAL:bounds_z:[(1e-06, 0.3), (1e-06, 0.3), (588.999411, 589.000589), (1e-06, 1800), (1e-06, 74200)]
22:04:52:INFO:OPTIMIZER:x:
[    0.06945339     0.00459451   589.00000107   900.00000348
 37100.00000253]
22:04:52:INFO:OPTIMIZER:fun:0.001198463162284328
22:04:52:INFO:OPTIMIZER:nfev:9685
22:04:52:INFO:OPTIMIZER:nit:149
22:04:52:INFO:OPTIMIZER:message:Optimization terminated successfully.
22:04:52:INFO:OPTIMIZER:success:True
22:04:52:INFO:OPTIMIZER:constr:[array([0.])]
22:04:52:INFO:OPTIMIZER:constr_violation:0.0
22:04:52:INFO:OPTIMIZER:maxcv:0.0
22:04:52:INFO:RESULT:A:
[[-0.06945339  0.04545339  0.        ]
 [ 0.06945339 -0.0500479   0.00011146]
 [ 0.          0.00459451 -0.00011146]]
22:04:52:INFO:RESULT:m_eq:
[  589.00000107   900.00000348 37100.00000253](38589.00000708356)
22:04:52:INFO:RESULT:x_vec:
[    0.06945339     0.00459451   589.00000107   900.00000348
 37100.00000253](38589.074054989505)
22:04:52:INFO:RESULT:time_scale:
[  8.56382018 351.81134519]
22:04:52:INFO:SAVE:message:saving bunch of data...
22:04:52:INFO:SAVE:message:saving optimizer data ...
