22:22:10:INFO:GENERAL:seed:1
22:22:10:INFO:GENERAL:rho:[0.1, 0.0001, 0.001]
22:22:10:INFO:GENERAL:bounds_z:[(1e-06, 0.3), (1e-06, 0.3), (588.999411, 589.000589), (1e-06, 1800), (1e-06, 74200)]
22:22:12:INFO:OPTIMIZER:x:
[    0.04806949     0.00258699   588.99962497  1164.93057967
 38409.61362287]
22:22:12:INFO:OPTIMIZER:fun:0.003891067840462207
22:22:12:INFO:OPTIMIZER:nfev:6930
22:22:12:INFO:OPTIMIZER:nit:108
22:22:12:INFO:OPTIMIZER:message:Optimization terminated successfully.
22:22:12:INFO:OPTIMIZER:success:True
22:22:12:INFO:OPTIMIZER:constr:[array([0.])]
22:22:12:INFO:OPTIMIZER:constr_violation:0.0
22:22:12:INFO:OPTIMIZER:maxcv:0.0
22:22:12:INFO:RESULT:A:
[[-0.04806949  0.02430438  0.        ]
 [ 0.04806949 -0.02689136  0.00007846]
 [ 0.          0.00258699 -0.00007846]]
22:22:12:INFO:RESULT:m_eq:
[  588.99962497  1164.93057967 38409.61362287](40163.54382751969)
22:22:12:INFO:RESULT:x_vec:
[    0.04806949     0.00258699   588.99962497  1164.93057967
 38409.61362287](40163.59448399281)
22:22:12:INFO:RESULT:time_scale:
[ 13.64918315 563.42720675]
22:22:12:INFO:SAVE:message:saving bunch of data...
22:22:12:INFO:SAVE:message:saving optimizer data ...
