21:21:46:INFO:GENERAL:seed:1
21:21:46:INFO:GENERAL:rho:[0.001, 0.0, 0.001]
21:21:46:INFO:GENERAL:bounds_z:[(1e-06, 0.3), (1e-06, 0.3), (1e-06, 0.3), (588.999411, 589.000589), (1e-06, 1800), (1e-06, 74200), (1e-06, 1100)]
21:21:54:INFO:OPTIMIZER:x:
[  0.01649329   0.00547273   0.04558584 589.00031589 609.63773271
 550.66824131 193.97527762]
21:21:54:INFO:OPTIMIZER:fun:0.00017756884008719067
21:21:54:INFO:OPTIMIZER:nfev:41979
21:21:54:INFO:OPTIMIZER:nit:650
21:21:54:INFO:OPTIMIZER:message:Optimization terminated successfully.
21:21:54:INFO:OPTIMIZER:success:True
21:21:54:INFO:OPTIMIZER:constr:[array([0.])]
21:21:54:INFO:OPTIMIZER:constr_violation:0.0
21:21:54:INFO:OPTIMIZER:maxcv:0.0
21:21:54:INFO:RESULT:A:
[[-0.06207913  0.01593496  0.          0.13842009]
 [ 0.01649329 -0.02140769  0.00605878  0.        ]
 [ 0.          0.00547273 -0.00605878  0.        ]
 [ 0.04558584  0.          0.         -0.13842009]]
21:21:54:INFO:RESULT:m_eq:
[589.00031589 609.63773271 550.66824131 193.97527762](1943.2815675267066)
21:21:54:INFO:RESULT:x_vec:
[  0.01649329   0.00547273   0.04558584 589.00031589 609.63773271
 550.66824131 193.97527762](1943.3491193834095)
21:21:54:INFO:RESULT:time_scale:
[  5.29581408  31.45360027 136.15736096]
21:21:54:INFO:SAVE:message:saving bunch of data...
21:21:54:INFO:SAVE:message:saving optimizer data ...
