21:12:33:INFO:GENERAL:seed:1
21:12:33:INFO:GENERAL:rho:[0.0, 0.0001, 0.0001]
21:12:33:INFO:GENERAL:bounds_z:[(1e-06, 0.3), (1e-06, 0.3), (1e-06, 0.3), (588.999411, 589.000589), (1e-06, 1800), (1e-06, 74200), (1e-06, 1100)]
21:12:39:INFO:OPTIMIZER:x:
[    0.0252094      0.00300778     0.06235583   589.00022845
  1020.77781186 36867.9467131    320.57760786]
21:12:39:INFO:OPTIMIZER:fun:0.00018380870884448003
21:12:39:INFO:OPTIMIZER:nfev:27465
21:12:39:INFO:OPTIMIZER:nit:424
21:12:39:INFO:OPTIMIZER:message:Optimization terminated successfully.
21:12:39:INFO:OPTIMIZER:success:True
21:12:39:INFO:OPTIMIZER:constr:[array([0.])]
21:12:39:INFO:OPTIMIZER:constr_violation:0.0
21:12:39:INFO:OPTIMIZER:maxcv:0.0
21:12:39:INFO:RESULT:A:
[[-0.08756523  0.0145461   0.          0.11456695]
 [ 0.0252094  -0.01755389  0.00008328  0.        ]
 [ 0.          0.00300778 -0.00008328  0.        ]
 [ 0.06235583  0.          0.         -0.11456695]]
21:12:39:INFO:RESULT:m_eq:
[  589.00022845  1020.77781186 36867.9467131    320.57760786](38798.30236126989)
21:12:39:INFO:RESULT:x_vec:
[    0.0252094      0.00300778     0.06235583   589.00022845
  1020.77781186 36867.9467131    320.57760786](38798.392934282216)
21:12:39:INFO:RESULT:time_scale:
[  5.33122346  32.67700169 627.91209714]
21:12:39:INFO:SAVE:message:saving bunch of data...
21:12:39:INFO:SAVE:message:saving optimizer data ...
