22:21:49:INFO:GENERAL:seed:1
22:21:49:INFO:GENERAL:rho:[0.0001, 0.01, 0.001]
22:21:49:INFO:GENERAL:bounds_z:[(1e-06, 0.3), (1e-06, 0.3), (588.999411, 589.000589), (1e-06, 1800), (1e-06, 74200)]
22:21:51:INFO:OPTIMIZER:x:
[    0.07112996     0.00457943   588.99997097   899.99998408
 37100.00121847]
22:21:51:INFO:OPTIMIZER:fun:0.0007992717875102547
22:21:51:INFO:OPTIMIZER:nfev:9559
22:21:51:INFO:OPTIMIZER:nit:147
22:21:51:INFO:OPTIMIZER:message:Optimization terminated successfully.
22:21:51:INFO:OPTIMIZER:success:True
22:21:51:INFO:OPTIMIZER:constr:[array([0.])]
22:21:51:INFO:OPTIMIZER:constr_violation:0.0
22:21:51:INFO:OPTIMIZER:maxcv:0.0
22:21:51:INFO:RESULT:A:
[[-0.07112996  0.04655061  0.        ]
 [ 0.07112996 -0.05113004  0.00011109]
 [ 0.          0.00457943 -0.00011109]]
22:21:51:INFO:RESULT:m_eq:
[  588.99997097   899.99998408 37100.00121847](38589.00117352078)
22:21:51:INFO:RESULT:x_vec:
[    0.07112996     0.00457943   588.99997097   899.99998408
 37100.00121847](38589.076882915826)
22:21:51:INFO:RESULT:time_scale:
[  8.36562813 352.81541427]
22:21:51:INFO:SAVE:message:saving bunch of data...
22:21:51:INFO:SAVE:message:saving optimizer data ...
