22:07:43:INFO:GENERAL:seed:1
22:07:43:INFO:GENERAL:rho:[0.001, 0.0, 0.01]
22:07:43:INFO:GENERAL:bounds_z:[(1e-06, 0.3), (1e-06, 0.3), (1e-06, 0.3), (588.999411, 589.000589), (1e-06, 1800), (1e-06, 74200), (1e-06, 1100)]
22:07:52:INFO:OPTIMIZER:x:
[    0.04983889     0.0102596      0.01700821   589.00047667
   166.20811036 74180.4865582    490.28507336]
22:07:52:INFO:OPTIMIZER:fun:0.00030068531435543824
22:07:52:INFO:OPTIMIZER:nfev:44491
22:07:52:INFO:OPTIMIZER:nit:697
22:07:52:INFO:OPTIMIZER:message:Optimization terminated successfully.
22:07:52:INFO:OPTIMIZER:success:True
22:07:52:INFO:OPTIMIZER:constr:[array([0.])]
22:07:52:INFO:OPTIMIZER:constr_violation:0.0
22:07:52:INFO:OPTIMIZER:maxcv:0.0
22:07:52:INFO:RESULT:A:
[[-0.06684709  0.1766167   0.          0.02043269]
 [ 0.04983889 -0.18687629  0.00002299  0.        ]
 [ 0.          0.0102596  -0.00002299  0.        ]
 [ 0.01700821  0.          0.         -0.02043269]]
22:07:52:INFO:RESULT:m_eq:
[  589.00047667   166.20811036 74180.4865582    490.28507336](75425.98021858177)
22:07:52:INFO:RESULT:x_vec:
[    0.04983889     0.0102596      0.01700821   589.00047667
   166.20811036 74180.4865582    490.28507336](75426.05732526867)
22:07:52:INFO:RESULT:time_scale:
[  4.19101664  29.17622233 769.8325073 ]
22:07:52:INFO:SAVE:message:saving bunch of data...
22:07:52:INFO:SAVE:message:saving optimizer data ...
