22:16:34:INFO:GENERAL:seed:1
22:16:34:INFO:GENERAL:rho:[0.001, 0.001, 0.001]
22:16:34:INFO:GENERAL:bounds_z:[(1e-06, 0.3), (1e-06, 0.3), (588.999411, 589.000589), (1e-06, 1800), (1e-06, 74200)]
22:16:37:INFO:OPTIMIZER:x:
[  0.05649299   0.01600899 589.00043281 407.92885892 785.67172821]
22:16:37:INFO:OPTIMIZER:fun:0.0006481625089061502
22:16:37:INFO:OPTIMIZER:nfev:14024
22:16:37:INFO:OPTIMIZER:nit:218
22:16:37:INFO:OPTIMIZER:message:Optimization terminated successfully.
22:16:37:INFO:OPTIMIZER:success:True
22:16:37:INFO:OPTIMIZER:constr:[array([0.])]
22:16:37:INFO:OPTIMIZER:constr_violation:0.0
22:16:37:INFO:OPTIMIZER:maxcv:0.0
22:16:37:INFO:RESULT:A:
[[-0.05649299  0.08156911  0.        ]
 [ 0.05649299 -0.0975781   0.00831203]
 [ 0.          0.01600899 -0.00831203]]
22:16:37:INFO:RESULT:m_eq:
[589.00043281 407.92885892 785.67172821](1782.6010199394686)
22:16:37:INFO:RESULT:x_vec:
[  0.05649299   0.01600899 589.00043281 407.92885892 785.67172821](1782.6735219176453)
22:16:37:INFO:RESULT:time_scale:
[ 6.73075213 72.40439215]
22:16:37:INFO:SAVE:message:saving bunch of data...
22:16:37:INFO:SAVE:message:saving optimizer data ...
