21:12:29:INFO:GENERAL:seed:1
21:12:29:INFO:GENERAL:rho:[0.1, 0.1, 0.0]
21:12:29:INFO:GENERAL:bounds_z:[(1e-06, 0.3), (1e-06, 0.3), (1e-06, 0.3), (588.999411, 589.000589), (1e-06, 1800), (1e-06, 74200), (1e-06, 1100)]
21:12:31:INFO:OPTIMIZER:x:
[    0.01556582     0.00367189     0.03728285   589.000009
   900.00004032 37099.99890804   549.99999177]
21:12:31:INFO:OPTIMIZER:fun:0.0037625001151053088
21:12:31:INFO:OPTIMIZER:nfev:11770
21:12:31:INFO:OPTIMIZER:nit:180
21:12:31:INFO:OPTIMIZER:message:Optimization terminated successfully.
21:12:31:INFO:OPTIMIZER:success:True
21:12:31:INFO:OPTIMIZER:constr:[array([0.])]
21:12:31:INFO:OPTIMIZER:constr_violation:0.0
21:12:31:INFO:OPTIMIZER:maxcv:0.0
21:12:31:INFO:RESULT:A:
[[-0.05284867  0.01018697  0.          0.03992655]
 [ 0.01556582 -0.01385886  0.00008908  0.        ]
 [ 0.          0.00367189 -0.00008908  0.        ]
 [ 0.03728285  0.          0.         -0.03992655]]
21:12:31:INFO:RESULT:m_eq:
[  589.000009     900.00004032 37099.99890804   549.99999177](39138.99894912095)
21:12:31:INFO:RESULT:x_vec:
[    0.01556582     0.00367189     0.03728285   589.000009
   900.00004032 37099.99890804   549.99999177](39139.05546968567)
21:12:31:INFO:RESULT:time_scale:
[ 11.52228918  54.26026403 664.38536188]
21:12:31:INFO:SAVE:message:saving bunch of data...
21:12:31:INFO:SAVE:message:saving optimizer data ...
