22:05:50:INFO:GENERAL:seed:1
22:05:50:INFO:GENERAL:rho:[0.1, 0.0, 0.1]
22:05:50:INFO:GENERAL:bounds_z:[(1e-06, 0.3), (1e-06, 0.3), (1e-06, 0.3), (588.999411, 589.000589), (1e-06, 1800), (1e-06, 74200), (1e-06, 1100)]
22:06:00:INFO:OPTIMIZER:x:
[    0.02152568     0.0034833      0.02513037   588.99968699
   823.96406612 74195.52443131   496.07500473]
22:06:00:INFO:OPTIMIZER:fun:0.00389268080231212
22:06:00:INFO:OPTIMIZER:nfev:55253
22:06:00:INFO:OPTIMIZER:nit:861
22:06:00:INFO:OPTIMIZER:message:Optimization terminated successfully.
22:06:00:INFO:OPTIMIZER:success:True
22:06:00:INFO:OPTIMIZER:constr:[array([0.])]
22:06:00:INFO:OPTIMIZER:constr_violation:0.0
22:06:00:INFO:OPTIMIZER:maxcv:0.0
22:06:00:INFO:RESULT:A:
[[-0.04665605  0.01538735  0.          0.02983779]
 [ 0.02152568 -0.01887065  0.00003868  0.        ]
 [ 0.          0.0034833  -0.00003868  0.        ]
 [ 0.02513037  0.          0.         -0.02983779]]
22:06:00:INFO:RESULT:m_eq:
[  588.99968699   823.96406612 74195.52443131   496.07500473](76104.5631891496)
22:06:00:INFO:RESULT:x_vec:
[    0.02152568     0.0034833      0.02513037   588.99968699
   823.96406612 74195.52443131   496.07500473](76104.61332850478)
22:06:00:INFO:RESULT:time_scale:
[ 14.05578079  43.77091935 708.29102166]
22:06:00:INFO:SAVE:message:saving bunch of data...
22:06:00:INFO:SAVE:message:saving optimizer data ...
