22:08:30:INFO:GENERAL:seed:1
22:08:30:INFO:GENERAL:rho:[0.001, 0.1, 0.01]
22:08:30:INFO:GENERAL:bounds_z:[(1e-06, 0.3), (1e-06, 0.3), (588.999411, 589.000589), (1e-06, 1800), (1e-06, 74200)]
22:08:32:INFO:OPTIMIZER:x:
[    0.02851499     0.00103005   588.99999651   900.0000045
 37099.99990713]
22:08:32:INFO:OPTIMIZER:fun:0.0017776508964922277
22:08:32:INFO:OPTIMIZER:nfev:9953
22:08:32:INFO:OPTIMIZER:nit:155
22:08:32:INFO:OPTIMIZER:message:Optimization terminated successfully.
22:08:32:INFO:OPTIMIZER:success:True
22:08:32:INFO:OPTIMIZER:constr:[array([0.])]
22:08:32:INFO:OPTIMIZER:constr_violation:0.0
22:08:32:INFO:OPTIMIZER:maxcv:0.0
22:08:32:INFO:RESULT:A:
[[-0.02851499  0.01866147  0.        ]
 [ 0.02851499 -0.01969153  0.00002499]
 [ 0.          0.00103005 -0.00002499]]
22:08:32:INFO:RESULT:m_eq:
[  588.99999651   900.0000045  37099.99990713](38588.99990813979)
22:08:32:INFO:RESULT:x_vec:
[    0.02851499     0.00103005   588.99999651   900.0000045
 37099.99990713](38589.02945317768)
22:08:32:INFO:RESULT:time_scale:
[  21.01302199 1557.72255867]
22:08:32:INFO:SAVE:message:saving bunch of data...
22:08:32:INFO:SAVE:message:saving optimizer data ...
