22:16:34:INFO:GENERAL:seed:1
22:16:34:INFO:GENERAL:rho:[0.001, 0.1, 0.001]
22:16:34:INFO:GENERAL:bounds_z:[(1e-06, 0.3), (1e-06, 0.3), (588.999411, 589.000589), (1e-06, 1800), (1e-06, 74200)]
22:16:36:INFO:OPTIMIZER:x:
[    0.02850778     0.0010294    588.99999696   900.00000904
 37099.99987225]
22:16:36:INFO:OPTIMIZER:fun:0.0017776515777845748
22:16:36:INFO:OPTIMIZER:nfev:9965
22:16:36:INFO:OPTIMIZER:nit:154
22:16:36:INFO:OPTIMIZER:message:Optimization terminated successfully.
22:16:36:INFO:OPTIMIZER:success:True
22:16:36:INFO:OPTIMIZER:constr:[array([0.])]
22:16:36:INFO:OPTIMIZER:constr_violation:0.0
22:16:36:INFO:OPTIMIZER:maxcv:0.0
22:16:36:INFO:RESULT:A:
[[-0.02850778  0.01865676  0.        ]
 [ 0.02850778 -0.01968616  0.00002497]
 [ 0.          0.0010294  -0.00002497]]
22:16:36:INFO:RESULT:m_eq:
[  588.99999696   900.00000904 37099.99987225](38588.99987825383)
22:16:36:INFO:RESULT:x_vec:
[    0.02850778     0.0010294    588.99999696   900.00000904
 37099.99987225](38589.02941543103)
22:16:36:INFO:RESULT:time_scale:
[  21.01840531 1558.70546921]
22:16:36:INFO:SAVE:message:saving bunch of data...
22:16:36:INFO:SAVE:message:saving optimizer data ...
