21:15:22:INFO:GENERAL:seed:1
21:15:22:INFO:GENERAL:rho:[0.01, 0.0, 0.1]
21:15:22:INFO:GENERAL:bounds_z:[(1e-06, 0.3), (1e-06, 0.3), (1e-06, 0.3), (588.999411, 589.000589), (1e-06, 1800), (1e-06, 74200), (1e-06, 1100)]
21:15:38:INFO:OPTIMIZER:x:
[    0.05772104     0.01069527     0.02730369   588.999633
   288.06126655 74192.6479249    706.04236841]
21:15:38:INFO:OPTIMIZER:fun:0.0008358041083377615
21:15:38:INFO:OPTIMIZER:nfev:87607
21:15:38:INFO:OPTIMIZER:nit:1366
21:15:38:INFO:OPTIMIZER:message:Optimization terminated successfully.
21:15:38:INFO:OPTIMIZER:success:True
21:15:38:INFO:OPTIMIZER:constr:[array([0.])]
21:15:38:INFO:OPTIMIZER:constr_violation:0.0
21:15:38:INFO:OPTIMIZER:maxcv:0.0
21:15:38:INFO:RESULT:A:
[[-0.08502473  0.11802236  0.          0.02277747]
 [ 0.05772104 -0.12871763  0.00004153  0.        ]
 [ 0.          0.01069527 -0.00004153  0.        ]
 [ 0.02730369  0.          0.         -0.02277747]]
21:15:38:INFO:RESULT:m_eq:
[  588.999633     288.06126655 74192.6479249    706.04236841](75775.75119287004)
21:15:38:INFO:RESULT:x_vec:
[    0.05772104     0.01069527     0.02730369   588.999633
   288.06126655 74192.6479249    706.04236841](75775.84691286825)
21:15:38:INFO:RESULT:time_scale:
[  5.16463344  24.31103829 554.56970067]
21:15:38:INFO:SAVE:message:saving bunch of data...
21:15:38:INFO:SAVE:message:saving optimizer data ...
