22:08:13:INFO:GENERAL:seed:1
22:08:13:INFO:GENERAL:rho:[0.1, 0.1, 0.01]
22:08:13:INFO:GENERAL:bounds_z:[(1e-06, 0.3), (1e-06, 0.3), (588.999411, 589.000589), (1e-06, 1800), (1e-06, 74200)]
22:08:15:INFO:OPTIMIZER:x:
[    0.02584334     0.0010789    589.00001396   900.00000994
 37099.99980931]
22:08:15:INFO:OPTIMIZER:fun:0.0032928945414096434
22:08:15:INFO:OPTIMIZER:nfev:8898
22:08:15:INFO:OPTIMIZER:nit:137
22:08:15:INFO:OPTIMIZER:message:Optimization terminated successfully.
22:08:15:INFO:OPTIMIZER:success:True
22:08:15:INFO:OPTIMIZER:constr:[array([0.])]
22:08:15:INFO:OPTIMIZER:constr_violation:0.0
22:08:15:INFO:OPTIMIZER:maxcv:0.0
22:08:15:INFO:RESULT:A:
[[-0.02584334  0.01691303  0.        ]
 [ 0.02584334 -0.01799193  0.00002617]
 [ 0.          0.0010789  -0.00002617]]
22:08:15:INFO:RESULT:m_eq:
[  589.00001396   900.00000994 37099.99980931](38588.999833214)
22:08:15:INFO:RESULT:x_vec:
[    0.02584334     0.0010789    589.00001396   900.00000994
 37099.99980931](38589.02675545356)
22:08:15:INFO:RESULT:time_scale:
[  23.15353275 1489.23134385]
22:08:15:INFO:SAVE:message:saving bunch of data...
22:08:15:INFO:SAVE:message:saving optimizer data ...
