22:07:12:INFO:GENERAL:seed:1
22:07:12:INFO:GENERAL:rho:[0.1, 0.0001, 0.0]
22:07:12:INFO:GENERAL:bounds_z:[(1e-06, 0.3), (1e-06, 0.3), (588.999411, 589.000589), (1e-06, 1800), (1e-06, 74200)]
22:07:13:INFO:OPTIMIZER:x:
[    0.02982978     0.00234299   588.99965003   758.81869158
 37480.25883706]
22:07:13:INFO:OPTIMIZER:fun:0.0031783372038809076
22:07:13:INFO:OPTIMIZER:nfev:8064
22:07:13:INFO:OPTIMIZER:nit:126
22:07:13:INFO:OPTIMIZER:message:Optimization terminated successfully.
22:07:13:INFO:OPTIMIZER:success:True
22:07:13:INFO:OPTIMIZER:constr:[array([0.])]
22:07:13:INFO:OPTIMIZER:constr_violation:0.0
22:07:13:INFO:OPTIMIZER:maxcv:0.0
22:07:13:INFO:RESULT:A:
[[-0.02982978  0.02315405  0.        ]
 [ 0.02982978 -0.02549704  0.00004744]
 [ 0.          0.00234299 -0.00004744]]
22:07:13:INFO:RESULT:m_eq:
[  588.99965003   758.81869158 37480.25883706](38828.077178667794)
22:07:13:INFO:RESULT:x_vec:
[    0.02982978     0.00234299   588.99965003   758.81869158
 37480.25883706](38828.109351432024)
22:07:13:INFO:RESULT:time_scale:
[ 18.50676716 746.28798608]
22:07:13:INFO:SAVE:message:saving bunch of data...
22:07:13:INFO:SAVE:message:saving optimizer data ...
