22:03:16:INFO:GENERAL:seed:1
22:03:16:INFO:GENERAL:rho:[0.001, 0.1, 0.0001]
22:03:16:INFO:GENERAL:bounds_z:[(1e-06, 0.3), (1e-06, 0.3), (588.999411, 589.000589), (1e-06, 1800), (1e-06, 74200)]
22:03:18:INFO:OPTIMIZER:x:
[    0.07097068     0.00458061   588.99999657   899.99999892
 37099.99996594]
22:03:18:INFO:OPTIMIZER:fun:0.0008359458885725626
22:03:18:INFO:OPTIMIZER:nfev:9260
22:03:18:INFO:OPTIMIZER:nit:142
22:03:18:INFO:OPTIMIZER:message:Optimization terminated successfully.
22:03:18:INFO:OPTIMIZER:success:True
22:03:18:INFO:OPTIMIZER:constr:[array([0.])]
22:03:18:INFO:OPTIMIZER:constr_violation:0.0
22:03:18:INFO:OPTIMIZER:maxcv:0.0
22:03:18:INFO:RESULT:A:
[[-0.07097068  0.04644637  0.        ]
 [ 0.07097068 -0.05102697  0.00011112]
 [ 0.          0.00458061 -0.00011112]]
22:03:18:INFO:RESULT:m_eq:
[  588.99999657   899.99999892 37099.99996594](38588.99996143132)
22:03:18:INFO:RESULT:x_vec:
[    0.07097068     0.00458061   588.99999657   899.99999892
 37099.99996594](38589.07551271891)
22:03:18:INFO:RESULT:time_scale:
[  8.38406976 352.73895904]
22:03:18:INFO:SAVE:message:saving bunch of data...
22:03:18:INFO:SAVE:message:saving optimizer data ...
