22:18:32:INFO:GENERAL:seed:1
22:18:32:INFO:GENERAL:rho:[0.1, 0.0001, 0.1]
22:18:32:INFO:GENERAL:bounds_z:[(1e-06, 0.3), (1e-06, 0.3), (588.999411, 589.000589), (1e-06, 1800), (1e-06, 74200)]
22:18:34:INFO:OPTIMIZER:x:
[    0.0298302      0.00234241   589.00019867   758.88260675
 37505.92391349]
22:18:34:INFO:OPTIMIZER:fun:0.0031783372316979428
22:18:34:INFO:OPTIMIZER:nfev:8338
22:18:34:INFO:OPTIMIZER:nit:130
22:18:34:INFO:OPTIMIZER:message:Optimization terminated successfully.
22:18:34:INFO:OPTIMIZER:success:True
22:18:34:INFO:OPTIMIZER:constr:[array([0.])]
22:18:34:INFO:OPTIMIZER:constr_violation:0.0
22:18:34:INFO:OPTIMIZER:maxcv:0.0
22:18:34:INFO:RESULT:A:
[[-0.0298302   0.02315245  0.        ]
 [ 0.0298302  -0.02549486  0.0000474 ]
 [ 0.          0.00234241 -0.0000474 ]]
22:18:34:INFO:RESULT:m_eq:
[  589.00019867   758.88260675 37505.92391349](38853.80671890944)
22:18:34:INFO:RESULT:x_vec:
[    0.0298302      0.00234241   589.00019867   758.88260675
 37505.92391349](38853.83889151704)
22:18:34:INFO:RESULT:time_scale:
[ 18.5072792  746.45723338]
22:18:34:INFO:SAVE:message:saving bunch of data...
22:18:34:INFO:SAVE:message:saving optimizer data ...
