22:22:58:INFO:GENERAL:seed:1
22:22:58:INFO:GENERAL:rho:[0.0, 0.01, 0.1]
22:22:58:INFO:GENERAL:bounds_z:[(1e-06, 0.3), (1e-06, 0.3), (588.999411, 589.000589), (1e-06, 1800), (1e-06, 74200)]
22:22:59:INFO:OPTIMIZER:x:
[    0.07115526     0.00457895   588.99996406   900.00011139
 37099.99863361]
22:22:59:INFO:OPTIMIZER:fun:0.0007951919560552479
22:22:59:INFO:OPTIMIZER:nfev:9531
22:22:59:INFO:OPTIMIZER:nit:148
22:22:59:INFO:OPTIMIZER:message:Optimization terminated successfully.
22:22:59:INFO:OPTIMIZER:success:True
22:22:59:INFO:OPTIMIZER:constr:[array([0.])]
22:22:59:INFO:OPTIMIZER:constr_violation:0.0
22:22:59:INFO:OPTIMIZER:maxcv:0.0
22:22:59:INFO:RESULT:A:
[[-0.07115526  0.04656716  0.        ]
 [ 0.07115526 -0.05114611  0.00011108]
 [ 0.          0.00457895 -0.00011108]]
22:22:59:INFO:RESULT:m_eq:
[  588.99996406   900.00011139 37099.99863361](38588.99870906122)
22:22:59:INFO:RESULT:x_vec:
[    0.07115526     0.00457895   588.99996406   900.00011139
 37099.99863361](38589.074443271515)
22:22:59:INFO:RESULT:time_scale:
[  8.36271582 352.84988681]
22:22:59:INFO:SAVE:message:saving bunch of data...
22:22:59:INFO:SAVE:message:saving optimizer data ...
