22:22:35:INFO:GENERAL:seed:1
22:22:35:INFO:GENERAL:rho:[0.0, 0.001, 0.01]
22:22:35:INFO:GENERAL:bounds_z:[(1e-06, 0.3), (1e-06, 0.3), (1e-06, 0.3), (588.999411, 589.000589), (1e-06, 1800), (1e-06, 74200), (1e-06, 1100)]
22:22:42:INFO:OPTIMIZER:x:
[    0.06456878     0.01114783     0.02740341   588.9998704
   278.66123479 36920.44530076   703.33765216]
22:22:42:INFO:OPTIMIZER:fun:0.00039732384875978407
22:22:42:INFO:OPTIMIZER:nfev:33635
22:22:42:INFO:OPTIMIZER:nit:525
22:22:42:INFO:OPTIMIZER:message:Optimization terminated successfully.
22:22:42:INFO:OPTIMIZER:success:True
22:22:42:INFO:OPTIMIZER:constr:[array([0.])]
22:22:42:INFO:OPTIMIZER:constr_violation:0.0
22:22:42:INFO:OPTIMIZER:maxcv:0.0
22:22:42:INFO:RESULT:A:
[[-0.0919722   0.13647756  0.          0.02294859]
 [ 0.06456878 -0.14762539  0.00008414  0.        ]
 [ 0.          0.01114783 -0.00008414  0.        ]
 [ 0.02740341  0.          0.         -0.02294859]]
22:22:42:INFO:RESULT:m_eq:
[  588.9998704    278.66123479 36920.44530076   703.33765216](38491.44405810746)
22:22:42:INFO:RESULT:x_vec:
[    0.06456878     0.01114783     0.02740341   588.9998704
   278.66123479 36920.44530076   703.33765216](38491.547178130146)
22:22:42:INFO:RESULT:time_scale:
[  4.56885652  23.87868603 532.25043977]
22:22:42:INFO:SAVE:message:saving bunch of data...
22:22:42:INFO:SAVE:message:saving optimizer data ...
