21:20:53:INFO:GENERAL:seed:1
21:20:53:INFO:GENERAL:rho:[0.01, 0.01, 0.0]
21:20:53:INFO:GENERAL:bounds_z:[(1e-06, 0.3), (1e-06, 0.3), (1e-06, 0.3), (588.999411, 589.000589), (1e-06, 1800), (1e-06, 74200), (1e-06, 1100)]
21:20:55:INFO:OPTIMIZER:x:
[    0.00379374     0.01284952     0.03426373   589.00010769
   900.00002576 37100.0059959    549.99998983]
21:20:55:INFO:OPTIMIZER:fun:0.0011760235589283793
21:20:55:INFO:OPTIMIZER:nfev:13321
21:20:55:INFO:OPTIMIZER:nit:204
21:20:55:INFO:OPTIMIZER:message:Optimization terminated successfully.
21:20:55:INFO:OPTIMIZER:success:True
21:20:55:INFO:OPTIMIZER:constr:[array([0.])]
21:20:55:INFO:OPTIMIZER:constr_violation:0.0
21:20:55:INFO:OPTIMIZER:maxcv:0.0
21:20:55:INFO:RESULT:A:
[[-0.03805746  0.00248279  0.          0.03669335]
 [ 0.00379374 -0.01533231  0.00031171  0.        ]
 [ 0.          0.01284952 -0.00031171  0.        ]
 [ 0.03426373  0.          0.         -0.03669335]]
21:20:55:INFO:RESULT:m_eq:
[  589.00010769   900.00002576 37100.0059959    549.99998983](39139.00611917573)
21:20:55:INFO:RESULT:x_vec:
[    0.00379374     0.01284952     0.03426373   589.00010769
   900.00002576 37100.0059959    549.99998983](39139.05702616102)
21:20:55:INFO:RESULT:time_scale:
[ 13.71305304  63.14031589 612.04308851]
21:20:55:INFO:SAVE:message:saving bunch of data...
21:20:55:INFO:SAVE:message:saving optimizer data ...
