22:07:01:INFO:GENERAL:seed:1
22:07:01:INFO:GENERAL:rho:[0.001, 0.0001, 0.0]
22:07:01:INFO:GENERAL:bounds_z:[(1e-06, 0.3), (1e-06, 0.3), (588.999411, 589.000589), (1e-06, 1800), (1e-06, 74200)]
22:07:02:INFO:OPTIMIZER:x:
[    0.04157116     0.00390848   589.00041854   615.2078155
 35344.31933508]
22:07:02:INFO:OPTIMIZER:fun:0.0009019944270749396
22:07:02:INFO:OPTIMIZER:nfev:8995
22:07:02:INFO:OPTIMIZER:nit:139
22:07:02:INFO:OPTIMIZER:message:Optimization terminated successfully.
22:07:02:INFO:OPTIMIZER:success:True
22:07:02:INFO:OPTIMIZER:constr:[array([0.])]
22:07:02:INFO:OPTIMIZER:constr_violation:0.0
22:07:02:INFO:OPTIMIZER:maxcv:0.0
22:07:02:INFO:RESULT:A:
[[-0.04157116  0.03980026  0.        ]
 [ 0.04157116 -0.04370873  0.00006803]
 [ 0.          0.00390848 -0.00006803]]
22:07:02:INFO:RESULT:m_eq:
[  589.00041854   615.2078155  35344.31933508](36548.52756910723)
22:07:02:INFO:RESULT:x_vec:
[    0.04157116     0.00390848   589.00041854   615.2078155
 35344.31933508](36548.573048742444)
22:07:02:INFO:RESULT:time_scale:
[ 12.00023631 495.97524252]
22:07:02:INFO:SAVE:message:saving bunch of data...
22:07:02:INFO:SAVE:message:saving optimizer data ...
