22:02:31:INFO:GENERAL:seed:1
22:02:31:INFO:GENERAL:rho:[0.01, 0.01, 0.0]
22:02:31:INFO:GENERAL:bounds_z:[(1e-06, 0.3), (1e-06, 0.3), (1e-06, 0.3), (588.999411, 589.000589), (1e-06, 1800), (1e-06, 74200), (1e-06, 1100)]
22:02:34:INFO:OPTIMIZER:x:
[    0.01480995     0.0046072      0.05781931   589.00000208
   900.00003115 37100.00204889   550.00003393]
22:02:34:INFO:OPTIMIZER:fun:0.0008532966063023376
22:02:34:INFO:OPTIMIZER:nfev:13746
22:02:34:INFO:OPTIMIZER:nit:213
22:02:34:INFO:OPTIMIZER:message:Optimization terminated successfully.
22:02:34:INFO:OPTIMIZER:success:True
22:02:34:INFO:OPTIMIZER:constr:[array([0.])]
22:02:34:INFO:OPTIMIZER:constr_violation:0.0
22:02:34:INFO:OPTIMIZER:maxcv:0.0
22:02:34:INFO:RESULT:A:
[[-0.07262926  0.00969229  0.          0.06191922]
 [ 0.01480995 -0.01429949  0.00011176  0.        ]
 [ 0.          0.0046072  -0.00011176  0.        ]
 [ 0.05781931  0.          0.         -0.06191922]]
22:02:34:INFO:RESULT:m_eq:
[  589.00000208   900.00003115 37100.00204889   550.00003393](39139.00211605053)
22:02:34:INFO:RESULT:x_vec:
[    0.01480995     0.0046072      0.05781931   589.00000208
   900.00003115 37100.00204889   550.00003393](39139.07935251186)
22:02:34:INFO:RESULT:time_scale:
[  7.81017307  52.35888476 548.65218433]
22:02:34:INFO:SAVE:message:saving bunch of data...
22:02:34:INFO:SAVE:message:saving optimizer data ...
