21:22:15:INFO:GENERAL:seed:1
21:22:15:INFO:GENERAL:rho:[0.1, 0.1, 0.01]
21:22:15:INFO:GENERAL:bounds_z:[(1e-06, 0.3), (1e-06, 0.3), (1e-06, 0.3), (588.999411, 589.000589), (1e-06, 1800), (1e-06, 74200), (1e-06, 1100)]
21:22:20:INFO:OPTIMIZER:x:
[    0.0082403      0.00021812     0.00856757   588.9999881
   899.99997838 37100.00229301   550.00001283]
21:22:20:INFO:OPTIMIZER:fun:0.004924741963398479
21:22:20:INFO:OPTIMIZER:nfev:20249
21:22:20:INFO:OPTIMIZER:nit:382
21:22:20:INFO:OPTIMIZER:message:Optimization terminated successfully.
21:22:20:INFO:OPTIMIZER:success:True
21:22:20:INFO:OPTIMIZER:constr:[array([0.])]
21:22:20:INFO:OPTIMIZER:constr_violation:0.0
21:22:20:INFO:OPTIMIZER:maxcv:0.0
21:22:20:INFO:RESULT:A:
[[-0.01680787  0.00539282  0.          0.00917509]
 [ 0.0082403  -0.00561094  0.00000529  0.        ]
 [ 0.          0.00021812 -0.00000529  0.        ]
 [ 0.00856757  0.          0.         -0.00917509]]
21:22:20:INFO:RESULT:m_eq:
[  588.9999881    899.99997838 37100.00229301   550.00001283](39139.00227231915)
21:22:20:INFO:RESULT:x_vec:
[    0.0082403      0.00021812     0.00856757   588.9999881
   899.99997838 37100.00229301   550.00001283](39139.019298311425)
21:22:20:INFO:RESULT:time_scale:
[  41.05690116  140.00213815 9999.84810567]
21:22:20:INFO:SAVE:message:saving bunch of data...
21:22:20:INFO:SAVE:message:saving optimizer data ...
