22:09:56:INFO:GENERAL:seed:1
22:09:56:INFO:GENERAL:rho:[0.0, 0.1, 0.1]
22:09:56:INFO:GENERAL:bounds_z:[(1e-06, 0.3), (1e-06, 0.3), (588.999411, 589.000589), (1e-06, 1800), (1e-06, 74200)]
22:09:57:INFO:OPTIMIZER:x:
[    0.0285413      0.00102877   588.99999614   899.99999571
 37100.000525  ]
22:09:57:INFO:OPTIMIZER:fun:0.0017615661720042789
22:09:57:INFO:OPTIMIZER:nfev:9568
22:09:57:INFO:OPTIMIZER:nit:147
22:09:57:INFO:OPTIMIZER:message:Optimization terminated successfully.
22:09:57:INFO:OPTIMIZER:success:True
22:09:57:INFO:OPTIMIZER:constr:[array([0.])]
22:09:57:INFO:OPTIMIZER:constr_violation:0.0
22:09:57:INFO:OPTIMIZER:maxcv:0.0
22:09:57:INFO:RESULT:A:
[[-0.0285413   0.0186787   0.        ]
 [ 0.0285413  -0.01970747  0.00002496]
 [ 0.          0.00102877 -0.00002496]]
22:09:57:INFO:RESULT:m_eq:
[  588.99999614   899.99999571 37100.000525  ](38589.00051684908)
22:09:57:INFO:RESULT:x_vec:
[    0.0285413      0.00102877   588.99999614   899.99999571
 37100.000525  ](38589.03008692425)
22:09:57:INFO:RESULT:time_scale:
[  20.99404786 1559.62576639]
22:09:57:INFO:SAVE:message:saving bunch of data...
22:09:57:INFO:SAVE:message:saving optimizer data ...
