22:16:07:INFO:GENERAL:seed:1
22:16:07:INFO:GENERAL:rho:[0.1, 0.1, 0.0001]
22:16:07:INFO:GENERAL:bounds_z:[(1e-06, 0.3), (1e-06, 0.3), (588.999411, 589.000589), (1e-06, 1800), (1e-06, 74200)]
22:16:09:INFO:OPTIMIZER:x:
[    0.02584025     0.00107917   588.99999473   899.9999851
 37100.00011484]
22:16:09:INFO:OPTIMIZER:fun:0.003292894221076404
22:16:09:INFO:OPTIMIZER:nfev:9534
22:16:09:INFO:OPTIMIZER:nit:150
22:16:09:INFO:OPTIMIZER:message:Optimization terminated successfully.
22:16:09:INFO:OPTIMIZER:success:True
22:16:09:INFO:OPTIMIZER:constr:[array([0.])]
22:16:09:INFO:OPTIMIZER:constr_violation:0.0
22:16:09:INFO:OPTIMIZER:maxcv:0.0
22:16:09:INFO:RESULT:A:
[[-0.02584025  0.01691101  0.        ]
 [ 0.02584025 -0.01799018  0.00002618]
 [ 0.          0.00107917 -0.00002618]]
22:16:09:INFO:RESULT:m_eq:
[  588.99999473   899.9999851  37100.00011484](38589.00009467237)
22:16:09:INFO:RESULT:x_vec:
[    0.02584025     0.00107917   588.99999473   899.9999851
 37100.00011484](38589.02701409076)
22:16:09:INFO:RESULT:time_scale:
[  23.15621158 1488.87179814]
22:16:09:INFO:SAVE:message:saving bunch of data...
22:16:09:INFO:SAVE:message:saving optimizer data ...
