22:21:36:INFO:GENERAL:seed:1
22:21:36:INFO:GENERAL:rho:[0.0001, 0.1, 0.0001]
22:21:36:INFO:GENERAL:bounds_z:[(1e-06, 0.3), (1e-06, 0.3), (588.999411, 589.000589), (1e-06, 1800), (1e-06, 74200)]
22:21:38:INFO:OPTIMIZER:x:
[    0.07113097     0.00457938   589.00000172   899.99999995
 37099.99982124]
22:21:38:INFO:OPTIMIZER:fun:0.0007992717873309149
22:21:38:INFO:OPTIMIZER:nfev:9632
22:21:38:INFO:OPTIMIZER:nit:148
22:21:38:INFO:OPTIMIZER:message:Optimization terminated successfully.
22:21:38:INFO:OPTIMIZER:success:True
22:21:38:INFO:OPTIMIZER:constr:[array([0.])]
22:21:38:INFO:OPTIMIZER:constr_violation:0.0
22:21:38:INFO:OPTIMIZER:maxcv:0.0
22:21:38:INFO:RESULT:A:
[[-0.07113097  0.04655127  0.        ]
 [ 0.07113097 -0.05113065  0.00011109]
 [ 0.          0.00457938 -0.00011109]]
22:21:38:INFO:RESULT:m_eq:
[  589.00000172   899.99999995 37099.99982124](38588.999822915976)
22:21:38:INFO:RESULT:x_vec:
[    0.07113097     0.00457938   589.00000172   899.99999995
 37099.99982124](38589.07553326957)
22:21:38:INFO:RESULT:time_scale:
[  8.36551253 352.81931556]
22:21:38:INFO:SAVE:message:saving bunch of data...
22:21:38:INFO:SAVE:message:saving optimizer data ...
