22:21:26:INFO:GENERAL:seed:1
22:21:26:INFO:GENERAL:rho:[0.001, 0.0, 0.0001]
22:21:26:INFO:GENERAL:bounds_z:[(1e-06, 0.3), (1e-06, 0.3), (1e-06, 0.3), (588.999411, 589.000589), (1e-06, 1800), (1e-06, 74200), (1e-06, 1100)]
22:21:33:INFO:OPTIMIZER:x:
[   0.0255091     0.00431374    0.06116709  588.99978438  961.17154041
 1620.72927426  322.79242929]
22:21:33:INFO:OPTIMIZER:fun:0.00022160260919643442
22:21:33:INFO:OPTIMIZER:nfev:35599
22:21:33:INFO:OPTIMIZER:nit:547
22:21:33:INFO:OPTIMIZER:message:Optimization terminated successfully.
22:21:33:INFO:OPTIMIZER:success:True
22:21:33:INFO:OPTIMIZER:constr:[array([0.])]
22:21:33:INFO:OPTIMIZER:constr_violation:0.0
22:21:33:INFO:OPTIMIZER:maxcv:0.0
22:21:33:INFO:RESULT:A:
[[-0.08667619  0.01563182  0.          0.11161166]
 [ 0.0255091  -0.01994555  0.00255826  0.        ]
 [ 0.          0.00431374 -0.00255826  0.        ]
 [ 0.06116709  0.          0.         -0.11161166]]
22:21:33:INFO:RESULT:m_eq:
[ 588.99978438  961.17154041 1620.72927426  322.79242929](3493.693028345509)
22:21:33:INFO:RESULT:x_vec:
[   0.0255091     0.00431374    0.06116709  588.99978438  961.17154041
 1620.72927426  322.79242929](3493.784018271315)
22:21:33:INFO:RESULT:time_scale:
[  5.44219622  30.65021555 226.44328639]
22:21:33:INFO:SAVE:message:saving bunch of data...
22:21:33:INFO:SAVE:message:saving optimizer data ...
