22:22:21:INFO:GENERAL:seed:1
22:22:21:INFO:GENERAL:rho:[0.1, 0.1, 0.01]
22:22:21:INFO:GENERAL:bounds_z:[(1e-06, 0.3), (1e-06, 0.3), (1e-06, 0.3), (588.999411, 589.000589), (1e-06, 1800), (1e-06, 74200), (1e-06, 1100)]
22:22:26:INFO:OPTIMIZER:x:
[    0.02022781     0.00216804     0.02280213   589.0000211
   899.99995761 37099.99935904   549.99998982]
22:22:26:INFO:OPTIMIZER:fun:0.003937658988131418
22:22:26:INFO:OPTIMIZER:nfev:20557
22:22:26:INFO:OPTIMIZER:nit:317
22:22:26:INFO:OPTIMIZER:message:Optimization terminated successfully.
22:22:26:INFO:OPTIMIZER:success:True
22:22:26:INFO:OPTIMIZER:constr:[array([0.])]
22:22:26:INFO:OPTIMIZER:constr_violation:0.0
22:22:26:INFO:OPTIMIZER:maxcv:0.0
22:22:26:INFO:RESULT:A:
[[-0.04302994  0.01323798  0.          0.02441901]
 [ 0.02022781 -0.01540602  0.00005259  0.        ]
 [ 0.          0.00216804 -0.00005259  0.        ]
 [ 0.02280213  0.          0.         -0.02441901]]
22:22:26:INFO:RESULT:m_eq:
[  589.0000211    899.99995761 37099.99935904   549.99998982](39138.999327578)
22:22:26:INFO:RESULT:x_vec:
[    0.02022781     0.00216804     0.02280213   589.0000211
   899.99995761 37099.99935904   549.99998982](39139.04452555683)
22:22:26:INFO:RESULT:time_scale:
[  15.85807706   52.90915619 1054.96858479]
22:22:26:INFO:SAVE:message:saving bunch of data...
22:22:26:INFO:SAVE:message:saving optimizer data ...
