22:06:59:INFO:GENERAL:seed:1
22:06:59:INFO:GENERAL:rho:[0.01, 0.001, 0.0]
22:06:59:INFO:GENERAL:bounds_z:[(1e-06, 0.3), (1e-06, 0.3), (588.999411, 589.000589), (1e-06, 1800), (1e-06, 74200)]
22:07:01:INFO:OPTIMIZER:x:
[    0.03963475     0.00367064   589.00058081   634.0872467
 37015.88968707]
22:07:01:INFO:OPTIMIZER:fun:0.001241924646639409
22:07:01:INFO:OPTIMIZER:nfev:8385
22:07:01:INFO:OPTIMIZER:nit:132
22:07:01:INFO:OPTIMIZER:message:Optimization terminated successfully.
22:07:01:INFO:OPTIMIZER:success:True
22:07:01:INFO:OPTIMIZER:constr:[array([0.])]
22:07:01:INFO:OPTIMIZER:constr_violation:0.0
22:07:01:INFO:OPTIMIZER:maxcv:0.0
22:07:01:INFO:RESULT:A:
[[-0.03963475  0.03681653  0.        ]
 [ 0.03963475 -0.04048716  0.00006288]
 [ 0.          0.00367064 -0.00006288]]
22:07:01:INFO:RESULT:m_eq:
[  589.00058081   634.0872467  37015.88968707](38238.97751458462)
22:07:01:INFO:RESULT:x_vec:
[    0.03963475     0.00367064   589.00058081   634.0872467
 37015.88968707](38239.02081996736)
22:07:01:INFO:RESULT:time_scale:
[ 12.7771884  520.75001753]
22:07:01:INFO:SAVE:message:saving bunch of data...
22:07:01:INFO:SAVE:message:saving optimizer data ...
