21:12:35:INFO:GENERAL:seed:1
21:12:35:INFO:GENERAL:rho:[0.0, 0.1, 0.0]
21:12:35:INFO:GENERAL:bounds_z:[(1e-06, 0.3), (1e-06, 0.3), (1e-06, 0.3), (588.999411, 589.000589), (1e-06, 1800), (1e-06, 74200), (1e-06, 1100)]
21:12:38:INFO:OPTIMIZER:x:
[    0.01478132     0.00466573     0.05988858   589.00000181
   899.99999357 37100.00026718   550.00000036]
21:12:38:INFO:OPTIMIZER:fun:0.0004756361324274044
21:12:38:INFO:OPTIMIZER:nfev:14662
21:12:38:INFO:OPTIMIZER:nit:228
21:12:38:INFO:OPTIMIZER:message:Optimization terminated successfully.
21:12:38:INFO:OPTIMIZER:success:True
21:12:38:INFO:OPTIMIZER:constr:[array([0.])]
21:12:38:INFO:OPTIMIZER:constr_violation:0.0
21:12:38:INFO:OPTIMIZER:maxcv:0.0
21:12:38:INFO:RESULT:A:
[[-0.0746699   0.00967355  0.          0.06413523]
 [ 0.01478132 -0.01433928  0.00011318  0.        ]
 [ 0.          0.00466573 -0.00011318  0.        ]
 [ 0.05988858  0.          0.         -0.06413523]]
21:12:38:INFO:RESULT:m_eq:
[  589.00000181   899.99999357 37100.00026718   550.00000036](39139.00026292629)
21:12:38:INFO:RESULT:x_vec:
[    0.01478132     0.00466573     0.05988858   589.00000181
   899.99999357 37100.00026718   550.00000036](39139.079598560995)
21:12:38:INFO:RESULT:time_scale:
[  7.56074384  52.20973128 542.89847282]
21:12:38:INFO:SAVE:message:saving bunch of data...
21:12:38:INFO:SAVE:message:saving optimizer data ...
