22:21:41:INFO:GENERAL:seed:1
22:21:41:INFO:GENERAL:rho:[0.001, 0.1, 0.0001]
22:21:41:INFO:GENERAL:bounds_z:[(1e-06, 0.3), (1e-06, 0.3), (588.999411, 589.000589), (1e-06, 1800), (1e-06, 74200)]
22:21:43:INFO:OPTIMIZER:x:
[    0.07098144     0.00458059   589.00000799   899.99999767
 37099.99977033]
22:21:43:INFO:OPTIMIZER:fun:0.000835946271451615
22:21:43:INFO:OPTIMIZER:nfev:9339
22:21:43:INFO:OPTIMIZER:nit:144
22:21:43:INFO:OPTIMIZER:message:Optimization terminated successfully.
22:21:43:INFO:OPTIMIZER:success:True
22:21:43:INFO:OPTIMIZER:constr:[array([0.])]
22:21:43:INFO:OPTIMIZER:constr_violation:0.0
22:21:43:INFO:OPTIMIZER:maxcv:0.0
22:21:43:INFO:RESULT:A:
[[-0.07098144  0.04645341  0.        ]
 [ 0.07098144 -0.05103399  0.00011112]
 [ 0.          0.00458059 -0.00011112]]
22:21:43:INFO:RESULT:m_eq:
[  589.00000799   899.99999767 37099.99977033](38588.999775993696)
22:21:43:INFO:RESULT:x_vec:
[    0.07098144     0.00458059   589.00000799   899.99999767
 37099.99977033](38589.07533801385)
22:21:43:INFO:RESULT:time_scale:
[  8.38282024 352.73982659]
22:21:43:INFO:SAVE:message:saving bunch of data...
22:21:43:INFO:SAVE:message:saving optimizer data ...
