22:16:24:INFO:GENERAL:seed:1
22:16:24:INFO:GENERAL:rho:[0.01, 0.1, 0.0001]
22:16:24:INFO:GENERAL:bounds_z:[(1e-06, 0.3), (1e-06, 0.3), (1e-06, 0.3), (588.999411, 589.000589), (1e-06, 1800), (1e-06, 74200), (1e-06, 1100)]
22:16:27:INFO:OPTIMIZER:x:
[    0.00380192     0.01257475     0.03421059   589.00001278
   899.99999343 37099.99994721   549.99997385]
22:16:27:INFO:OPTIMIZER:fun:0.0012602575635796088
22:16:27:INFO:OPTIMIZER:nfev:12989
22:16:27:INFO:OPTIMIZER:nit:201
22:16:27:INFO:OPTIMIZER:message:Optimization terminated successfully.
22:16:27:INFO:OPTIMIZER:success:True
22:16:27:INFO:OPTIMIZER:constr:[array([0.])]
22:16:27:INFO:OPTIMIZER:constr_violation:0.0
22:16:27:INFO:OPTIMIZER:maxcv:0.0
22:16:27:INFO:RESULT:A:
[[-0.03801251  0.00248815  0.          0.03663643]
 [ 0.00380192 -0.0150629   0.00030505  0.        ]
 [ 0.          0.01257475 -0.00030505  0.        ]
 [ 0.03421059  0.          0.         -0.03663643]]
22:16:27:INFO:RESULT:m_eq:
[  589.00001278   899.99999343 37099.99994721   549.99997385](39138.999927274344)
22:16:27:INFO:RESULT:x_vec:
[    0.00380192     0.01257475     0.03421059   589.00001278
   899.99999343 37099.99994721   549.99997385](39139.05051454056)
22:16:27:INFO:RESULT:time_scale:
[ 13.73295256  64.22806952 613.56308821]
22:16:27:INFO:SAVE:message:saving bunch of data...
22:16:27:INFO:SAVE:message:saving optimizer data ...
