21:21:01:INFO:GENERAL:seed:1
21:21:01:INFO:GENERAL:rho:[0.0001, 0.0, 0.0]
21:21:01:INFO:GENERAL:bounds_z:[(1e-06, 0.3), (1e-06, 0.3), (1e-06, 0.3), (588.999411, 589.000589), (1e-06, 1800), (1e-06, 74200), (1e-06, 1100)]
21:21:12:INFO:OPTIMIZER:x:
[  0.05047942   0.03005416   0.01571737 588.99991677 187.99156838
 861.04170548 215.42862474]
21:21:12:INFO:OPTIMIZER:fun:0.0001068910378193916
21:21:12:INFO:OPTIMIZER:nfev:58157
21:21:12:INFO:OPTIMIZER:nit:902
21:21:12:INFO:OPTIMIZER:message:Optimization terminated successfully.
21:21:12:INFO:OPTIMIZER:success:True
21:21:12:INFO:OPTIMIZER:constr:[array([0.])]
21:21:12:INFO:OPTIMIZER:constr_violation:0.0
21:21:12:INFO:OPTIMIZER:maxcv:0.0
21:21:12:INFO:RESULT:A:
[[-0.06619679  0.15815801  0.          0.04297261]
 [ 0.05047942 -0.18821217  0.00656174  0.        ]
 [ 0.          0.03005416 -0.00656174  0.        ]
 [ 0.01571737  0.          0.         -0.04297261]]
21:21:12:INFO:RESULT:m_eq:
[588.99991677 187.99156838 861.04170548 215.42862474](1853.4618153680992)
21:21:12:INFO:RESULT:x_vec:
[  0.05047942   0.03005416   0.01571737 588.99991677 187.99156838
 861.04170548 215.42862474](1853.55806631591)
21:21:12:INFO:RESULT:time_scale:
[ 4.22240121 17.65175905 95.60539493]
21:21:12:INFO:SAVE:message:saving bunch of data...
21:21:12:INFO:SAVE:message:saving optimizer data ...
