21:13:59:INFO:GENERAL:seed:1
21:13:59:INFO:GENERAL:rho:[0.1, 0.0001, 0.01]
21:13:59:INFO:GENERAL:bounds_z:[(1e-06, 0.3), (1e-06, 0.3), (588.999411, 589.000589), (1e-06, 1800), (1e-06, 74200)]
21:14:00:INFO:OPTIMIZER:x:
[    0.04807395     0.00258787   588.99984254  1164.81297532
 38447.32259172]
21:14:00:INFO:OPTIMIZER:fun:0.003891068083236913
21:14:00:INFO:OPTIMIZER:nfev:7037
21:14:00:INFO:OPTIMIZER:nit:107
21:14:00:INFO:OPTIMIZER:message:Optimization terminated successfully.
21:14:00:INFO:OPTIMIZER:success:True
21:14:00:INFO:OPTIMIZER:constr:[array([0.])]
21:14:00:INFO:OPTIMIZER:constr_violation:0.0
21:14:00:INFO:OPTIMIZER:maxcv:0.0
21:14:00:INFO:RESULT:A:
[[-0.04807395  0.02430909  0.        ]
 [ 0.04807395 -0.02689696  0.0000784 ]
 [ 0.          0.00258787 -0.0000784 ]]
21:14:00:INFO:RESULT:m_eq:
[  588.99984254  1164.81297532 38447.32259172](40201.13540958251)
21:14:00:INFO:RESULT:x_vec:
[    0.04807395     0.00258787   588.99984254  1164.81297532
 38447.32259172](40201.18607139848)
21:14:00:INFO:RESULT:time_scale:
[ 13.64740532 563.28172118]
21:14:00:INFO:SAVE:message:saving bunch of data...
21:14:00:INFO:SAVE:message:saving optimizer data ...
