22:04:36:INFO:GENERAL:seed:1
22:04:36:INFO:GENERAL:rho:[0.001, 0.1, 0.1]
22:04:36:INFO:GENERAL:bounds_z:[(1e-06, 0.3), (1e-06, 0.3), (1e-06, 0.3), (588.999411, 589.000589), (1e-06, 1800), (1e-06, 74200), (1e-06, 1100)]
22:04:43:INFO:OPTIMIZER:x:
[    0.02346335     0.00204444     0.02719432   588.99997747
   900.00001557 37099.99962366   550.00000047]
22:04:43:INFO:OPTIMIZER:fun:0.0017231771493552335
22:04:43:INFO:OPTIMIZER:nfev:33463
22:04:43:INFO:OPTIMIZER:nit:521
22:04:43:INFO:OPTIMIZER:message:Optimization terminated successfully.
22:04:43:INFO:OPTIMIZER:success:True
22:04:43:INFO:OPTIMIZER:constr:[array([0.])]
22:04:43:INFO:OPTIMIZER:constr_violation:0.0
22:04:43:INFO:OPTIMIZER:maxcv:0.0
22:04:43:INFO:RESULT:A:
[[-0.05065767  0.01535546  0.          0.02912264]
 [ 0.02346335 -0.0173999   0.0000496   0.        ]
 [ 0.          0.00204444 -0.0000496   0.        ]
 [ 0.02719432  0.          0.         -0.02912264]]
22:04:43:INFO:RESULT:m_eq:
[  588.99997747   900.00001557 37099.99962366   550.00000047](39138.999617178975)
22:04:43:INFO:RESULT:x_vec:
[    0.02346335     0.00204444     0.02719432   588.99997747
   900.00001557 37099.99962366   550.00000047](39139.05231928748)
22:04:43:INFO:RESULT:time_scale:
[  13.43238901   45.70794275 1105.1580106 ]
22:04:43:INFO:SAVE:message:saving bunch of data...
22:04:43:INFO:SAVE:message:saving optimizer data ...
