22:16:20:INFO:GENERAL:seed:1
22:16:20:INFO:GENERAL:rho:[0.001, 0.1, 0.0001]
22:16:20:INFO:GENERAL:bounds_z:[(1e-06, 0.3), (1e-06, 0.3), (1e-06, 0.3), (588.999411, 589.000589), (1e-06, 1800), (1e-06, 74200), (1e-06, 1100)]
22:16:23:INFO:OPTIMIZER:x:
[    0.00354329     0.04310226     0.03563458   588.9999883
   900.00001421 37099.99992829   550.00000159]
22:16:23:INFO:OPTIMIZER:fun:0.0010364376566026664
22:16:23:INFO:OPTIMIZER:nfev:13051
22:16:23:INFO:OPTIMIZER:nit:203
22:16:23:INFO:OPTIMIZER:message:Optimization terminated successfully.
22:16:23:INFO:OPTIMIZER:success:True
22:16:23:INFO:OPTIMIZER:constr:[array([0.])]
22:16:23:INFO:OPTIMIZER:constr_violation:0.0
22:16:23:INFO:OPTIMIZER:maxcv:0.0
22:16:23:INFO:RESULT:A:
[[-0.03917788  0.00231889  0.          0.0381614 ]
 [ 0.00354329 -0.04542115  0.00104561  0.        ]
 [ 0.          0.04310226 -0.00104561  0.        ]
 [ 0.03563458  0.          0.         -0.0381614 ]]
22:16:23:INFO:RESULT:m_eq:
[  588.9999883    900.00001421 37099.99992829   550.00000159](39138.99993238549)
22:16:23:INFO:RESULT:x_vec:
[    0.00354329     0.04310226     0.03563458   588.9999883
   900.00001421 37099.99992829   550.00000159](39139.08221252054)
22:16:23:INFO:RESULT:time_scale:
[ 13.21175842  21.56854206 570.7571681 ]
22:16:23:INFO:SAVE:message:saving bunch of data...
22:16:23:INFO:SAVE:message:saving optimizer data ...
