22:15:47:INFO:GENERAL:seed:1
22:15:47:INFO:GENERAL:rho:[0.0001, 0.1, 0.0]
22:15:47:INFO:GENERAL:bounds_z:[(1e-06, 0.3), (1e-06, 0.3), (1e-06, 0.3), (588.999411, 589.000589), (1e-06, 1800), (1e-06, 74200), (1e-06, 1100)]
22:15:50:INFO:OPTIMIZER:x:
[    0.00346495     0.09053997     0.03592709   588.99999845
   899.99999367 37100.00014389   549.99999254]
22:15:50:INFO:OPTIMIZER:fun:0.0009194773100089314
22:15:50:INFO:OPTIMIZER:nfev:13418
22:15:50:INFO:OPTIMIZER:nit:208
22:15:50:INFO:OPTIMIZER:message:Optimization terminated successfully.
22:15:50:INFO:OPTIMIZER:success:True
22:15:50:INFO:OPTIMIZER:constr:[array([0.])]
22:15:50:INFO:OPTIMIZER:constr_violation:0.0
22:15:50:INFO:OPTIMIZER:maxcv:0.0
22:15:50:INFO:RESULT:A:
[[-0.03939204  0.00226762  0.          0.03847465]
 [ 0.00346495 -0.09280759  0.00219639  0.        ]
 [ 0.          0.09053997 -0.00219639  0.        ]
 [ 0.03592709  0.          0.         -0.03847465]]
22:15:50:INFO:RESULT:m_eq:
[  588.99999845   899.99999367 37100.00014389   549.99999254](39139.00012855759)
22:15:50:INFO:RESULT:x_vec:
[    0.00346495     0.09053997     0.03592709   588.99999845
   899.99999367 37100.00014389   549.99999254](39139.130060568685)
22:15:50:INFO:RESULT:time_scale:
[ 10.5046599   13.17301261 567.52481312]
22:15:50:INFO:SAVE:message:saving bunch of data...
22:15:50:INFO:SAVE:message:saving optimizer data ...
