22:03:41:INFO:GENERAL:seed:1
22:03:41:INFO:GENERAL:rho:[0.0, 0.01, 0.001]
22:03:41:INFO:GENERAL:bounds_z:[(1e-06, 0.3), (1e-06, 0.3), (1e-06, 0.3), (588.999411, 589.000589), (1e-06, 1800), (1e-06, 74200), (1e-06, 1100)]
22:03:44:INFO:OPTIMIZER:x:
[    0.01507856     0.00446938     0.05829479   589.00014197
   900.00004262 37099.98941579   549.99974727]
22:03:44:INFO:OPTIMIZER:fun:0.0010406467908717033
22:03:44:INFO:OPTIMIZER:nfev:14268
22:03:44:INFO:OPTIMIZER:nit:222
22:03:44:INFO:OPTIMIZER:message:Optimization terminated successfully.
22:03:44:INFO:OPTIMIZER:success:True
22:03:44:INFO:OPTIMIZER:constr:[array([0.])]
22:03:44:INFO:OPTIMIZER:constr_violation:0.0
22:03:44:INFO:OPTIMIZER:maxcv:0.0
22:03:44:INFO:RESULT:A:
[[-0.07337335  0.00986808  0.          0.06242846]
 [ 0.01507856 -0.01433746  0.00010842  0.        ]
 [ 0.          0.00446938 -0.00010842  0.        ]
 [ 0.05829479  0.          0.         -0.06242846]]
22:03:44:INFO:RESULT:m_eq:
[  589.00014197   900.00004262 37099.98941579   549.99974727](39138.98934763755)
22:03:44:INFO:RESULT:x_vec:
[    0.01507856     0.00446938     0.05829479   589.00014197
   900.00004262 37099.98941579   549.99974727](39139.06719036702)
22:03:44:INFO:RESULT:time_scale:
[  7.7408594   51.86404297 561.20135654]
22:03:44:INFO:SAVE:message:saving bunch of data...
22:03:44:INFO:SAVE:message:saving optimizer data ...
