22:21:47:INFO:GENERAL:seed:1
22:21:47:INFO:GENERAL:rho:[0.0001, 0.1, 0.001]
22:21:47:INFO:GENERAL:bounds_z:[(1e-06, 0.3), (1e-06, 0.3), (588.999411, 589.000589), (1e-06, 1800), (1e-06, 74200)]
22:21:49:INFO:OPTIMIZER:x:
[    0.07113971     0.00457893   588.99999871   899.9999985
 37100.00006604]
22:21:49:INFO:OPTIMIZER:fun:0.0007992717207272484
22:21:49:INFO:OPTIMIZER:nfev:10040
22:21:49:INFO:OPTIMIZER:nit:157
22:21:49:INFO:OPTIMIZER:message:Optimization terminated successfully.
22:21:49:INFO:OPTIMIZER:success:True
22:21:49:INFO:OPTIMIZER:constr:[array([0.])]
22:21:49:INFO:OPTIMIZER:constr_violation:0.0
22:21:49:INFO:OPTIMIZER:maxcv:0.0
22:21:49:INFO:RESULT:A:
[[-0.07113971  0.04655699  0.        ]
 [ 0.07113971 -0.05113592  0.00011108]
 [ 0.          0.00457893 -0.00011108]]
22:21:49:INFO:RESULT:m_eq:
[  588.99999871   899.9999985  37100.00006604](38589.00006325881)
22:21:49:INFO:RESULT:x_vec:
[    0.07113971     0.00457893   588.99999871   899.9999985
 37100.00006604](38589.07578189509)
22:21:49:INFO:RESULT:time_scale:
[  8.364515   352.85278891]
22:21:49:INFO:SAVE:message:saving bunch of data...
22:21:49:INFO:SAVE:message:saving optimizer data ...
