21:21:40:INFO:GENERAL:seed:1
21:21:40:INFO:GENERAL:rho:[0.01, 0.1, 0.0001]
21:21:40:INFO:GENERAL:bounds_z:[(1e-06, 0.3), (1e-06, 0.3), (588.999411, 589.000589), (1e-06, 1800), (1e-06, 74200)]
21:21:42:INFO:OPTIMIZER:x:
[    0.02822478     0.00103505   588.99999754   900.00000087
 37099.99972002]
21:21:42:INFO:OPTIMIZER:fun:0.0019216237065058145
21:21:42:INFO:OPTIMIZER:nfev:9973
21:21:42:INFO:OPTIMIZER:nit:155
21:21:42:INFO:OPTIMIZER:message:Optimization terminated successfully.
21:21:42:INFO:OPTIMIZER:success:True
21:21:42:INFO:OPTIMIZER:constr:[array([0.])]
21:21:42:INFO:OPTIMIZER:constr_violation:0.0
21:21:42:INFO:OPTIMIZER:maxcv:0.0
21:21:42:INFO:RESULT:A:
[[-0.02822478  0.01847155  0.        ]
 [ 0.02822478 -0.0195066   0.00002511]
 [ 0.          0.00103505 -0.00002511]]
21:21:42:INFO:RESULT:m_eq:
[  588.99999754   900.00000087 37099.99972002](38588.999718432264)
21:21:42:INFO:RESULT:x_vec:
[    0.02822478     0.00103505   588.99999754   900.00000087
 37099.99972002](38589.02897825919)
21:21:42:INFO:RESULT:time_scale:
[  21.22624201 1550.40983001]
21:21:42:INFO:SAVE:message:saving bunch of data...
21:21:42:INFO:SAVE:message:saving optimizer data ...
