22:07:05:INFO:GENERAL:seed:1
22:07:05:INFO:GENERAL:rho:[0.0, 0.01, 0.0]
22:07:05:INFO:GENERAL:bounds_z:[(1e-06, 0.3), (1e-06, 0.3), (1e-06, 0.3), (588.999411, 589.000589), (1e-06, 1800), (1e-06, 74200), (1e-06, 1100)]
22:07:08:INFO:OPTIMIZER:x:
[    0.00343224     0.16133084     0.03599301   589.00024092
   900.00005695 37100.0019922    549.99982299]
22:07:08:INFO:OPTIMIZER:fun:0.0009146598877688558
22:07:08:INFO:OPTIMIZER:nfev:13942
22:07:08:INFO:OPTIMIZER:nit:218
22:07:08:INFO:OPTIMIZER:message:Optimization terminated successfully.
22:07:08:INFO:OPTIMIZER:success:True
22:07:08:INFO:OPTIMIZER:constr:[array([0.])]
22:07:08:INFO:OPTIMIZER:constr_violation:0.0
22:07:08:INFO:OPTIMIZER:maxcv:0.0
22:07:08:INFO:RESULT:A:
[[-0.03942525  0.00224621  0.          0.03854527]
 [ 0.00343224 -0.16357705  0.00391369  0.        ]
 [ 0.          0.16133084 -0.00391369  0.        ]
 [ 0.03599301  0.          0.         -0.03854527]]
22:07:08:INFO:RESULT:m_eq:
[  589.00024092   900.00005695 37100.0019922    549.99982299](39139.002113049144)
22:07:08:INFO:RESULT:x_vec:
[    0.00343224     0.16133084     0.03599301   589.00024092
   900.00005695 37100.0019922    549.99982299](39139.202869141496)
22:07:08:INFO:RESULT:time_scale:
[  5.97006247  13.12429151 566.81716145]
22:07:08:INFO:SAVE:message:saving bunch of data...
22:07:08:INFO:SAVE:message:saving optimizer data ...
