22:09:06:INFO:GENERAL:seed:1
22:09:06:INFO:GENERAL:rho:[0.01, 0.1, 0.1]
22:09:06:INFO:GENERAL:bounds_z:[(1e-06, 0.3), (1e-06, 0.3), (588.999411, 589.000589), (1e-06, 1800), (1e-06, 74200)]
22:09:07:INFO:OPTIMIZER:x:
[    0.02821987     0.00103481   589.0000088    899.99999807
 37100.00032445]
22:09:07:INFO:OPTIMIZER:fun:0.001921624212641136
22:09:07:INFO:OPTIMIZER:nfev:9498
22:09:07:INFO:OPTIMIZER:nit:149
22:09:07:INFO:OPTIMIZER:message:Optimization terminated successfully.
22:09:07:INFO:OPTIMIZER:success:True
22:09:07:INFO:OPTIMIZER:constr:[array([0.])]
22:09:07:INFO:OPTIMIZER:constr_violation:0.0
22:09:07:INFO:OPTIMIZER:maxcv:0.0
22:09:07:INFO:RESULT:A:
[[-0.02821987  0.01846834  0.        ]
 [ 0.02821987 -0.01950315  0.0000251 ]
 [ 0.          0.00103481 -0.0000251 ]]
22:09:07:INFO:RESULT:m_eq:
[  589.0000088    899.99999807 37100.00032445](38589.00033131815)
22:09:07:INFO:RESULT:x_vec:
[    0.02821987     0.00103481   589.0000088    899.99999807
 37100.00032445](38589.029586002194)
22:09:07:INFO:RESULT:time_scale:
[  21.22994478 1550.75780875]
22:09:07:INFO:SAVE:message:saving bunch of data...
22:09:07:INFO:SAVE:message:saving optimizer data ...
