22:21:22:INFO:GENERAL:seed:1
22:21:22:INFO:GENERAL:rho:[0.0, 0.001, 0.0]
22:21:22:INFO:GENERAL:bounds_z:[(1e-06, 0.3), (1e-06, 0.3), (588.999411, 589.000589), (1e-06, 1800), (1e-06, 74200)]
22:21:25:INFO:OPTIMIZER:x:
[   0.08056781    0.01234407  588.99995427  717.3044139  1274.1834871 ]
22:21:25:INFO:OPTIMIZER:fun:0.0006028372490689995
22:21:25:INFO:OPTIMIZER:nfev:12852
22:21:25:INFO:OPTIMIZER:nit:198
22:21:25:INFO:OPTIMIZER:message:Optimization terminated successfully.
22:21:25:INFO:OPTIMIZER:success:True
22:21:25:INFO:OPTIMIZER:constr:[array([0.])]
22:21:25:INFO:OPTIMIZER:constr_violation:0.0
22:21:25:INFO:OPTIMIZER:maxcv:0.0
22:21:25:INFO:RESULT:A:
[[-0.08056781  0.06615662  0.        ]
 [ 0.08056781 -0.07850069  0.00694912]
 [ 0.          0.01234407 -0.00694912]]
22:21:25:INFO:RESULT:m_eq:
[ 588.99995427  717.3044139  1274.1834871 ](2580.487855277768)
22:21:25:INFO:RESULT:x_vec:
[   0.08056781    0.01234407  588.99995427  717.3044139  1274.1834871 ](2580.580767158856)
22:21:25:INFO:RESULT:time_scale:
[ 6.54281212 75.88321561]
22:21:25:INFO:SAVE:message:saving bunch of data...
22:21:25:INFO:SAVE:message:saving optimizer data ...
