21:14:09:INFO:GENERAL:seed:1
21:14:09:INFO:GENERAL:rho:[0.0001, 0.001, 0.01]
21:14:09:INFO:GENERAL:bounds_z:[(1e-06, 0.3), (1e-06, 0.3), (1e-06, 0.3), (588.999411, 589.000589), (1e-06, 1800), (1e-06, 74200), (1e-06, 1100)]
21:14:15:INFO:OPTIMIZER:x:
[    0.02526388     0.00305634     0.06205798   589.00032198
  1014.42875717 37052.75123625   321.31564736]
21:14:15:INFO:OPTIMIZER:fun:0.0002875014254102672
21:14:15:INFO:OPTIMIZER:nfev:31767
21:14:15:INFO:OPTIMIZER:nit:496
21:14:15:INFO:OPTIMIZER:message:Optimization terminated successfully.
21:14:15:INFO:OPTIMIZER:success:True
21:14:15:INFO:OPTIMIZER:constr:[array([0.])]
21:14:15:INFO:OPTIMIZER:constr_violation:0.0
21:14:15:INFO:OPTIMIZER:maxcv:0.0
21:14:15:INFO:RESULT:A:
[[-0.08732186  0.01466878  0.          0.11375784]
 [ 0.02526388 -0.01772512  0.00008368  0.        ]
 [ 0.          0.00305634 -0.00008368  0.        ]
 [ 0.06205798  0.          0.         -0.11375784]]
21:14:15:INFO:RESULT:m_eq:
[  589.00032198  1014.42875717 37052.75123625   321.31564736](38977.49596277003)
21:14:15:INFO:RESULT:x_vec:
[    0.02526388     0.00305634     0.06205798   589.00032198
  1014.42875717 37052.75123625   321.31564736](38977.58634097486)
21:14:15:INFO:RESULT:time_scale:
[  5.3611092   32.52147526 620.72405787]
21:14:15:INFO:SAVE:message:saving bunch of data...
21:14:15:INFO:SAVE:message:saving optimizer data ...
