22:04:35:INFO:GENERAL:seed:1
22:04:35:INFO:GENERAL:rho:[0.0001, 0.0, 0.1]
22:04:35:INFO:GENERAL:bounds_z:[(1e-06, 0.3), (1e-06, 0.3), (1e-06, 0.3), (588.999411, 589.000589), (1e-06, 1800), (1e-06, 74200), (1e-06, 1100)]
22:04:52:INFO:OPTIMIZER:x:
[   0.02552062    0.00435719    0.06143326  589.00015954  960.06595676
 1582.18598381  322.56408703]
22:04:52:INFO:OPTIMIZER:fun:0.00017181265881856681
22:04:52:INFO:OPTIMIZER:nfev:93623
22:04:52:INFO:OPTIMIZER:nit:1446
22:04:52:INFO:OPTIMIZER:message:Optimization terminated successfully.
22:04:52:INFO:OPTIMIZER:success:True
22:04:52:INFO:OPTIMIZER:constr:[array([0.])]
22:04:52:INFO:OPTIMIZER:constr_violation:0.0
22:04:52:INFO:OPTIMIZER:maxcv:0.0
22:04:52:INFO:RESULT:A:
[[-0.08695387  0.01565689  0.          0.11217677]
 [ 0.02552062 -0.02001408  0.00264393  0.        ]
 [ 0.          0.00435719 -0.00264393  0.        ]
 [ 0.06143326  0.          0.         -0.11217677]]
22:04:52:INFO:RESULT:m_eq:
[ 589.00015954  960.06595676 1582.18598381  322.56408703](3453.816187142758)
22:04:52:INFO:RESULT:x_vec:
[   0.02552062    0.00435719    0.06143326  589.00015954  960.06595676
 1582.18598381  322.56408703](3453.907498205604)
22:04:52:INFO:RESULT:time_scale:
[  5.41791323  30.57649555 221.68584307]
22:04:52:INFO:SAVE:message:saving bunch of data...
22:04:52:INFO:SAVE:message:saving optimizer data ...
