21:12:33:INFO:GENERAL:seed:1
21:12:33:INFO:GENERAL:rho:[0.0, 0.0, 0.0001]
21:12:33:INFO:GENERAL:bounds_z:[(1e-06, 0.3), (1e-06, 0.3), (1e-06, 0.3), (588.999411, 589.000589), (1e-06, 1800), (1e-06, 74200), (1e-06, 1100)]
21:12:41:INFO:OPTIMIZER:x:
[   0.02552359    0.00436638    0.06146204  588.99957277  959.70368327
 1575.97678208  322.54810811]
21:12:41:INFO:OPTIMIZER:fun:0.00016626644784736015
21:12:41:INFO:OPTIMIZER:nfev:40404
21:12:41:INFO:OPTIMIZER:nit:622
21:12:41:INFO:OPTIMIZER:message:Optimization terminated successfully.
21:12:41:INFO:OPTIMIZER:success:True
21:12:41:INFO:OPTIMIZER:constr:[array([0.])]
21:12:41:INFO:OPTIMIZER:constr_violation:0.0
21:12:41:INFO:OPTIMIZER:maxcv:0.0
21:12:41:INFO:RESULT:A:
[[-0.08698562  0.01566461  0.          0.11223478]
 [ 0.02552359 -0.02003099  0.00265894  0.        ]
 [ 0.          0.00436638 -0.00265894  0.        ]
 [ 0.06146204  0.          0.         -0.11223478]]
21:12:41:INFO:RESULT:m_eq:
[ 588.99957277  959.70368327 1575.97678208  322.54810811](3447.228146234114)
21:12:41:INFO:RESULT:x_vec:
[   0.02552359    0.00436638    0.06146204  588.99957277  959.70368327
 1575.97678208  322.54810811](3447.319498240358)
21:12:41:INFO:RESULT:time_scale:
[  5.41534938  30.56033687 220.85352962]
21:12:41:INFO:SAVE:message:saving bunch of data...
21:12:41:INFO:SAVE:message:saving optimizer data ...
