22:07:09:INFO:GENERAL:seed:1
22:07:09:INFO:GENERAL:rho:[0.1, 0.0001, 0.0]
22:07:09:INFO:GENERAL:bounds_z:[(1e-06, 0.3), (1e-06, 0.3), (1e-06, 0.3), (588.999411, 589.000589), (1e-06, 1800), (1e-06, 74200), (1e-06, 1100)]
22:07:12:INFO:OPTIMIZER:x:
[    0.00375287     0.0001545      0.0288692    589.00020701
  1799.99767132 36926.09621033   553.6814083 ]
22:07:12:INFO:OPTIMIZER:fun:0.002755526068888396
22:07:12:INFO:OPTIMIZER:nfev:11097
22:07:12:INFO:OPTIMIZER:nit:254
22:07:12:INFO:OPTIMIZER:message:Optimization terminated successfully.
22:07:12:INFO:OPTIMIZER:success:True
22:07:12:INFO:OPTIMIZER:constr:[array([0.])]
22:07:12:INFO:OPTIMIZER:constr_violation:0.0
22:07:12:INFO:OPTIMIZER:maxcv:0.0
22:07:12:INFO:RESULT:A:
[[-0.03262207  0.00122802  0.          0.03071074]
 [ 0.00375287 -0.00138252  0.00000753  0.        ]
 [ 0.          0.0001545  -0.00000753  0.        ]
 [ 0.0288692   0.          0.         -0.03071074]]
22:07:12:INFO:RESULT:m_eq:
[  589.00020701  1799.99767132 36926.09621033   553.6814083 ](39868.77549695906)
22:07:12:INFO:RESULT:x_vec:
[    0.00375287     0.0001545      0.0288692    589.00020701
  1799.99767132 36926.09621033   553.6814083 ](39868.80827352967)
22:07:12:INFO:RESULT:time_scale:
[  16.26093965  319.91929816 9998.36161534]
22:07:12:INFO:SAVE:message:saving bunch of data...
22:07:12:INFO:SAVE:message:saving optimizer data ...
