22:03:42:INFO:GENERAL:seed:1
22:03:42:INFO:GENERAL:rho:[0.001, 0.0001, 0.01]
22:03:42:INFO:GENERAL:bounds_z:[(1e-06, 0.3), (1e-06, 0.3), (588.999411, 589.000589), (1e-06, 1800), (1e-06, 74200)]
22:03:44:INFO:OPTIMIZER:x:
[   0.08036292    0.01230747  588.99987808  718.37010294 1273.75010757]
22:03:44:INFO:OPTIMIZER:fun:0.0003620969353666154
22:03:44:INFO:OPTIMIZER:nfev:14468
22:03:44:INFO:OPTIMIZER:nit:226
22:03:44:INFO:OPTIMIZER:message:Optimization terminated successfully.
22:03:44:INFO:OPTIMIZER:success:True
22:03:44:INFO:OPTIMIZER:constr:[array([0.])]
22:03:44:INFO:OPTIMIZER:constr_violation:0.0
22:03:44:INFO:OPTIMIZER:maxcv:0.0
22:03:44:INFO:RESULT:A:
[[-0.08036292  0.06589048  0.        ]
 [ 0.08036292 -0.07819795  0.00694117]
 [ 0.          0.01230747 -0.00694117]]
22:03:44:INFO:RESULT:m_eq:
[ 588.99987808  718.37010294 1273.75010757](2581.120088579293)
22:03:44:INFO:RESULT:x_vec:
[   0.08036292    0.01230747  588.99987808  718.37010294 1273.75010757](2581.212758968517)
22:03:44:INFO:RESULT:time_scale:
[ 6.5639943  76.01222959]
22:03:44:INFO:SAVE:message:saving bunch of data...
22:03:44:INFO:SAVE:message:saving optimizer data ...
