22:21:05:INFO:GENERAL:seed:1
22:21:05:INFO:GENERAL:rho:[0.01, 0.0001, 0.0]
22:21:05:INFO:GENERAL:bounds_z:[(1e-06, 0.3), (1e-06, 0.3), (1e-06, 0.3), (588.999411, 589.000589), (1e-06, 1800), (1e-06, 74200), (1e-06, 1100)]
22:21:10:INFO:OPTIMIZER:x:
[    0.01834205     0.00205964     0.06232409   589.00054472
  1150.63635255 37221.32333035   427.5092155 ]
22:21:10:INFO:OPTIMIZER:fun:0.0006712199206431904
22:21:10:INFO:OPTIMIZER:nfev:20912
22:21:10:INFO:OPTIMIZER:nit:322
22:21:10:INFO:OPTIMIZER:message:Optimization terminated successfully.
22:21:10:INFO:OPTIMIZER:success:True
22:21:10:INFO:OPTIMIZER:constr:[array([0.])]
22:21:10:INFO:OPTIMIZER:constr_violation:0.0
22:21:10:INFO:OPTIMIZER:maxcv:0.0
22:21:10:INFO:RESULT:A:
[[-0.08066614  0.00938913  0.          0.08586698]
 [ 0.01834205 -0.01144878  0.00006367  0.        ]
 [ 0.          0.00205964 -0.00006367  0.        ]
 [ 0.06232409  0.          0.         -0.08586698]]
22:21:10:INFO:RESULT:m_eq:
[  589.00054472  1150.63635255 37221.32333035   427.5092155 ](39388.46944311783)
22:21:10:INFO:RESULT:x_vec:
[    0.01834205     0.00205964     0.06232409   589.00054472
  1150.63635255 37221.32333035   427.5092155 ](39388.552168902424)
22:21:10:INFO:RESULT:time_scale:
[  6.3678009   50.23247147 910.71486328]
22:21:10:INFO:SAVE:message:saving bunch of data...
22:21:10:INFO:SAVE:message:saving optimizer data ...
