21:21:30:INFO:GENERAL:seed:1
21:21:30:INFO:GENERAL:rho:[0.0, 0.0001, 0.001]
21:21:30:INFO:GENERAL:bounds_z:[(1e-06, 0.3), (1e-06, 0.3), (588.999411, 589.000589), (1e-06, 1800), (1e-06, 74200)]
21:21:33:INFO:OPTIMIZER:x:
[  0.05725903   0.01648454 589.00015948 402.2567626  787.02605188]
21:21:33:INFO:OPTIMIZER:fun:0.0002566234160933574
21:21:33:INFO:OPTIMIZER:nfev:16273
21:21:33:INFO:OPTIMIZER:nit:253
21:21:33:INFO:OPTIMIZER:message:Optimization terminated successfully.
21:21:33:INFO:OPTIMIZER:success:True
21:21:33:INFO:OPTIMIZER:constr:[array([0.])]
21:21:33:INFO:OPTIMIZER:constr_violation:0.0
21:21:33:INFO:OPTIMIZER:maxcv:0.0
21:21:33:INFO:RESULT:A:
[[-0.05725903  0.08384092  0.        ]
 [ 0.05725903 -0.10032547  0.00842541]
 [ 0.          0.01648454 -0.00842541]]
21:21:33:INFO:RESULT:m_eq:
[589.00015948 402.2567626  787.02605188](1778.2829739581875)
21:21:33:INFO:RESULT:x_vec:
[  0.05725903   0.01648454 589.00015948 402.2567626  787.02605188](1778.3567175334708)
21:21:33:INFO:RESULT:time_scale:
[ 6.57995383 71.25977782]
21:21:33:INFO:SAVE:message:saving bunch of data...
21:21:33:INFO:SAVE:message:saving optimizer data ...
