21:13:10:INFO:GENERAL:seed:1
21:13:10:INFO:GENERAL:rho:[0.001, 0.1, 0.0001]
21:13:10:INFO:GENERAL:bounds_z:[(1e-06, 0.3), (1e-06, 0.3), (1e-06, 0.3), (588.999411, 589.000589), (1e-06, 1800), (1e-06, 74200), (1e-06, 1100)]
21:13:12:INFO:OPTIMIZER:x:
[    0.01481283     0.00463964     0.05952281   588.99999916
   899.99999971 37099.99976944   550.0000019 ]
21:13:12:INFO:OPTIMIZER:fun:0.0005708807311422083
21:13:12:INFO:OPTIMIZER:nfev:13299
21:13:12:INFO:OPTIMIZER:nit:205
21:13:12:INFO:OPTIMIZER:message:Optimization terminated successfully.
21:13:12:INFO:OPTIMIZER:success:True
21:13:12:INFO:OPTIMIZER:constr:[array([0.])]
21:13:12:INFO:OPTIMIZER:constr_violation:0.0
21:13:12:INFO:OPTIMIZER:maxcv:0.0
21:13:12:INFO:RESULT:A:
[[-0.07433564  0.00969417  0.          0.06374352]
 [ 0.01481283 -0.01433382  0.00011255  0.        ]
 [ 0.          0.00463964 -0.00011255  0.        ]
 [ 0.05952281  0.          0.         -0.06374352]]
21:13:12:INFO:RESULT:m_eq:
[  588.99999916   899.99999971 37099.99976944   550.0000019 ](39138.99977021147)
21:13:12:INFO:RESULT:x_vec:
[    0.01481283     0.00463964     0.05952281   588.99999916
   899.99999971 37099.99976944   550.0000019 ](39139.07874549616)
21:13:12:INFO:RESULT:time_scale:
[  7.6027124   52.19308864 545.28553579]
21:13:12:INFO:SAVE:message:saving bunch of data...
21:13:12:INFO:SAVE:message:saving optimizer data ...
