21:12:20:INFO:GENERAL:seed:1
21:12:20:INFO:GENERAL:rho:[0.001, 0.1, 0.0]
21:12:20:INFO:GENERAL:bounds_z:[(1e-06, 0.3), (1e-06, 0.3), (1e-06, 0.3), (588.999411, 589.000589), (1e-06, 1800), (1e-06, 74200), (1e-06, 1100)]
21:12:23:INFO:OPTIMIZER:x:
[    0.01478433     0.00465915     0.05966238   588.999998
   899.99999449 37099.99997512   550.00000558]
21:12:23:INFO:OPTIMIZER:fun:0.000513893833860306
21:12:23:INFO:OPTIMIZER:nfev:14367
21:12:23:INFO:OPTIMIZER:nit:222
21:12:23:INFO:OPTIMIZER:message:Optimization terminated successfully.
21:12:23:INFO:OPTIMIZER:success:True
21:12:23:INFO:OPTIMIZER:constr:[array([0.])]
21:12:23:INFO:OPTIMIZER:constr_violation:0.0
21:12:23:INFO:OPTIMIZER:maxcv:0.0
21:12:23:INFO:RESULT:A:
[[-0.07444672  0.00967552  0.          0.06389299]
 [ 0.01478433 -0.01433467  0.00011303  0.        ]
 [ 0.          0.00465915 -0.00011303  0.        ]
 [ 0.05966238  0.          0.         -0.06389299]]
21:12:23:INFO:RESULT:m_eq:
[  588.999998     899.99999449 37099.99997512   550.00000558](39138.999973191116)
21:12:23:INFO:RESULT:x_vec:
[    0.01478433     0.00465915     0.05966238   588.999998
   899.99999449 37099.99997512   550.00000558](39139.079079054696)
21:12:23:INFO:RESULT:time_scale:
[  7.58724616  52.22620194 543.53823817]
21:12:23:INFO:SAVE:message:saving bunch of data...
21:12:23:INFO:SAVE:message:saving optimizer data ...
