22:17:44:INFO:GENERAL:seed:1
22:17:44:INFO:GENERAL:rho:[0.001, 0.1, 0.1]
22:17:44:INFO:GENERAL:bounds_z:[(1e-06, 0.3), (1e-06, 0.3), (1e-06, 0.3), (588.999411, 589.000589), (1e-06, 1800), (1e-06, 74200), (1e-06, 1100)]
22:17:49:INFO:OPTIMIZER:x:
[    0.00873877     0.00021792     0.00911022   589.00001616
   899.99992279 37100.00043762   549.99997559]
22:17:49:INFO:OPTIMIZER:fun:0.004119479940562513
22:17:49:INFO:OPTIMIZER:nfev:25633
22:17:49:INFO:OPTIMIZER:nit:471
22:17:49:INFO:OPTIMIZER:message:Optimization terminated successfully.
22:17:49:INFO:OPTIMIZER:success:True
22:17:49:INFO:OPTIMIZER:constr:[array([0.])]
22:17:49:INFO:OPTIMIZER:constr_violation:0.0
22:17:49:INFO:OPTIMIZER:maxcv:0.0
22:17:49:INFO:RESULT:A:
[[-0.01784899  0.00571904  0.          0.00975622]
 [ 0.00873877 -0.00593696  0.00000529  0.        ]
 [ 0.          0.00021792 -0.00000529  0.        ]
 [ 0.00911022  0.          0.         -0.00975622]]
22:17:49:INFO:RESULT:m_eq:
[  589.00001616   899.99992279 37100.00043762   549.99997559](39139.00035217001)
22:17:49:INFO:RESULT:x_vec:
[    0.00873877     0.00021792     0.00911022   589.00001616
   899.99992279 37100.00043762   549.99997559](39139.01841907444)
22:17:49:INFO:RESULT:time_scale:
[  38.65266847  131.99558729 9999.96985936]
22:17:49:INFO:SAVE:message:saving bunch of data...
22:17:49:INFO:SAVE:message:saving optimizer data ...
