22:03:44:INFO:GENERAL:seed:1
22:03:44:INFO:GENERAL:rho:[0.01, 0.0001, 0.01]
22:03:44:INFO:GENERAL:bounds_z:[(1e-06, 0.3), (1e-06, 0.3), (1e-06, 0.3), (588.999411, 589.000589), (1e-06, 1800), (1e-06, 74200), (1e-06, 1100)]
22:03:50:INFO:OPTIMIZER:x:
[    0.05763767     0.01081112     0.02735383   588.99955788
   287.97521586 38000.92790035   702.77378478]
22:03:50:INFO:OPTIMIZER:fun:0.0008546363556938083
22:03:50:INFO:OPTIMIZER:nfev:29714
22:03:50:INFO:OPTIMIZER:nit:463
22:03:50:INFO:OPTIMIZER:message:Optimization terminated successfully.
22:03:50:INFO:OPTIMIZER:success:True
22:03:50:INFO:OPTIMIZER:constr:[array([0.])]
22:03:50:INFO:OPTIMIZER:constr_violation:0.0
22:03:50:INFO:OPTIMIZER:maxcv:0.0
22:03:50:INFO:RESULT:A:
[[-0.0849915   0.1178871   0.          0.02292543]
 [ 0.05763767 -0.12869822  0.00008193  0.        ]
 [ 0.          0.01081112 -0.00008193  0.        ]
 [ 0.02735383  0.          0.         -0.02292543]]
22:03:50:INFO:RESULT:m_eq:
[  588.99955788   287.97521586 38000.92790035   702.77378478](39580.676458870235)
22:03:50:INFO:RESULT:x_vec:
[    0.05763767     0.01081112     0.02735383   588.99955788
   287.97521586 38000.92790035   702.77378478](39580.77226148721)
22:03:50:INFO:RESULT:time_scale:
[  5.16766024  24.19826906 537.45024554]
22:03:50:INFO:SAVE:message:saving bunch of data...
22:03:50:INFO:SAVE:message:saving optimizer data ...
