21:21:04:INFO:GENERAL:seed:1
21:21:04:INFO:GENERAL:rho:[0.01, 0.0001, 0.0]
21:21:04:INFO:GENERAL:bounds_z:[(1e-06, 0.3), (1e-06, 0.3), (1e-06, 0.3), (588.999411, 589.000589), (1e-06, 1800), (1e-06, 74200), (1e-06, 1100)]
21:21:08:INFO:OPTIMIZER:x:
[    0.01171736     0.00103588     0.0439719    588.99979543
   811.23100485 37146.46892983   258.32031565]
21:21:08:INFO:OPTIMIZER:fun:0.0006202120824801574
21:21:08:INFO:OPTIMIZER:nfev:19517
21:21:08:INFO:OPTIMIZER:nit:306
21:21:08:INFO:OPTIMIZER:message:Optimization terminated successfully.
21:21:08:INFO:OPTIMIZER:success:True
21:21:08:INFO:OPTIMIZER:constr:[array([0.])]
21:21:08:INFO:OPTIMIZER:constr_violation:0.0
21:21:08:INFO:OPTIMIZER:maxcv:0.0
21:21:08:INFO:RESULT:A:
[[-0.05568926  0.00850747  0.          0.10026095]
 [ 0.01171736 -0.00954335  0.00002262  0.        ]
 [ 0.          0.00103588 -0.00002262  0.        ]
 [ 0.0439719   0.          0.         -0.10026095]]
21:21:08:INFO:RESULT:m_eq:
[  588.99979543   811.23100485 37146.46892983   258.32031565](38805.02004575378)
21:21:08:INFO:RESULT:x_vec:
[    0.01171736     0.00103588     0.0439719    588.99979543
   811.23100485 37146.46892983   258.32031565](38805.07677089128)
21:21:08:INFO:RESULT:time_scale:
[   6.7449564    59.71869747 1952.84764622]
21:21:08:INFO:SAVE:message:saving bunch of data...
21:21:08:INFO:SAVE:message:saving optimizer data ...
