22:15:27:INFO:GENERAL:seed:1
22:15:27:INFO:GENERAL:rho:[0.0, 0.0001, 0.0]
22:15:27:INFO:GENERAL:bounds_z:[(1e-06, 0.3), (1e-06, 0.3), (588.999411, 589.000589), (1e-06, 1800), (1e-06, 74200)]
22:15:30:INFO:OPTIMIZER:x:
[  0.05725906   0.0164859  589.00030953 402.24371924 787.02805447]
22:15:30:INFO:OPTIMIZER:fun:0.00025662340651571143
22:15:30:INFO:OPTIMIZER:nfev:13314
22:15:30:INFO:OPTIMIZER:nit:209
22:15:30:INFO:OPTIMIZER:message:Optimization terminated successfully.
22:15:30:INFO:OPTIMIZER:success:True
22:15:30:INFO:OPTIMIZER:constr:[array([0.])]
22:15:30:INFO:OPTIMIZER:constr_violation:0.0
22:15:30:INFO:OPTIMIZER:maxcv:0.0
22:15:30:INFO:RESULT:A:
[[-0.05725906  0.08384371  0.        ]
 [ 0.05725906 -0.1003296   0.00842581]
 [ 0.          0.0164859  -0.00842581]]
22:15:30:INFO:RESULT:m_eq:
[589.00030953 402.24371924 787.02805447](1778.2720832348737)
22:15:30:INFO:RESULT:x_vec:
[  0.05725906   0.0164859  589.00030953 402.24371924 787.02805447](1778.3458281899714)
22:15:30:INFO:RESULT:time_scale:
[ 6.57978587 71.25633692]
22:15:30:INFO:SAVE:message:saving bunch of data...
22:15:30:INFO:SAVE:message:saving optimizer data ...
