22:03:50:INFO:GENERAL:seed:1
22:03:50:INFO:GENERAL:rho:[0.01, 0.0001, 0.01]
22:03:50:INFO:GENERAL:bounds_z:[(1e-06, 0.3), (1e-06, 0.3), (588.999411, 589.000589), (1e-06, 1800), (1e-06, 74200)]
22:03:51:INFO:OPTIMIZER:x:
[    0.06546123     0.00398768   589.00000404   966.04411323
 36533.67187176]
22:03:51:INFO:OPTIMIZER:fun:0.0011319263062565248
22:03:51:INFO:OPTIMIZER:nfev:8091
22:03:51:INFO:OPTIMIZER:nit:127
22:03:51:INFO:OPTIMIZER:message:Optimization terminated successfully.
22:03:51:INFO:OPTIMIZER:success:True
22:03:51:INFO:OPTIMIZER:constr:[array([0.])]
22:03:51:INFO:OPTIMIZER:constr_violation:0.0
22:03:51:INFO:OPTIMIZER:maxcv:0.0
22:03:51:INFO:RESULT:A:
[[-0.06546123  0.03991191  0.        ]
 [ 0.06546123 -0.04389959  0.00010544]
 [ 0.          0.00398768 -0.00010544]]
22:03:51:INFO:RESULT:m_eq:
[  589.00000404   966.04411323 36533.67187176](38088.71598902996)
22:03:51:INFO:RESULT:x_vec:
[    0.06546123     0.00398768   589.00000404   966.04411323
 36533.67187176](38088.78543794703)
22:03:51:INFO:RESULT:time_scale:
[  9.35270519 392.87542725]
22:03:51:INFO:SAVE:message:saving bunch of data...
22:03:51:INFO:SAVE:message:saving optimizer data ...
