22:17:06:INFO:GENERAL:seed:1
22:17:06:INFO:GENERAL:rho:[0.1, 0.0001, 0.01]
22:17:06:INFO:GENERAL:bounds_z:[(1e-06, 0.3), (1e-06, 0.3), (588.999411, 589.000589), (1e-06, 1800), (1e-06, 74200)]
22:17:07:INFO:OPTIMIZER:x:
[    0.02983352     0.00234359   589.00051223   758.73876342
 37494.93454571]
22:17:07:INFO:OPTIMIZER:fun:0.0031783372768471475
22:17:07:INFO:OPTIMIZER:nfev:7600
22:17:07:INFO:OPTIMIZER:nit:118
22:17:07:INFO:OPTIMIZER:message:Optimization terminated successfully.
22:17:07:INFO:OPTIMIZER:success:True
22:17:07:INFO:OPTIMIZER:constr:[array([0.])]
22:17:07:INFO:OPTIMIZER:constr_violation:0.0
22:17:07:INFO:OPTIMIZER:maxcv:0.0
22:17:07:INFO:RESULT:A:
[[-0.02983352  0.02315943  0.        ]
 [ 0.02983352 -0.02550303  0.00004742]
 [ 0.          0.00234359 -0.00004742]]
22:17:07:INFO:RESULT:m_eq:
[  589.00051223   758.73876342 37494.93454571](38842.673821361255)
22:17:07:INFO:RESULT:x_vec:
[    0.02983352     0.00234359   589.00051223   758.73876342
 37494.93454571](38842.7059984761)
22:17:07:INFO:RESULT:time_scale:
[ 18.50352848 746.14306663]
22:17:07:INFO:SAVE:message:saving bunch of data...
22:17:07:INFO:SAVE:message:saving optimizer data ...
