22:10:01:INFO:GENERAL:seed:1
22:10:01:INFO:GENERAL:rho:[0.1, 0.0001, 0.1]
22:10:01:INFO:GENERAL:bounds_z:[(1e-06, 0.3), (1e-06, 0.3), (588.999411, 589.000589), (1e-06, 1800), (1e-06, 74200)]
22:10:02:INFO:OPTIMIZER:x:
[    0.02982664     0.0023422    588.99994206   758.90996895
 37480.96743262]
22:10:02:INFO:OPTIMIZER:fun:0.003178337235145366
22:10:02:INFO:OPTIMIZER:nfev:7729
22:10:02:INFO:OPTIMIZER:nit:120
22:10:02:INFO:OPTIMIZER:message:Optimization terminated successfully.
22:10:02:INFO:OPTIMIZER:success:True
22:10:02:INFO:OPTIMIZER:constr:[array([0.])]
22:10:02:INFO:OPTIMIZER:constr_violation:0.0
22:10:02:INFO:OPTIMIZER:maxcv:0.0
22:10:02:INFO:RESULT:A:
[[-0.02982664  0.02314884  0.        ]
 [ 0.02982664 -0.02549104  0.00004742]
 [ 0.          0.0023422  -0.00004742]]
22:10:02:INFO:RESULT:m_eq:
[  588.99994206   758.90996895 37480.96743262](38828.87734362946)
22:10:02:INFO:RESULT:x_vec:
[    0.02982664     0.0023422    588.99994206   758.90996895
 37480.96743262](38828.90951246168)
22:10:02:INFO:RESULT:time_scale:
[ 18.50977595 746.4954554 ]
22:10:02:INFO:SAVE:message:saving bunch of data...
22:10:02:INFO:SAVE:message:saving optimizer data ...
