22:03:16:INFO:GENERAL:seed:1
22:03:16:INFO:GENERAL:rho:[0.0001, 0.01, 0.001]
22:03:16:INFO:GENERAL:bounds_z:[(1e-06, 0.3), (1e-06, 0.3), (1e-06, 0.3), (588.999411, 589.000589), (1e-06, 1800), (1e-06, 74200), (1e-06, 1100)]
22:03:19:INFO:OPTIMIZER:x:
[    0.01507914     0.00446922     0.05825715   589.00033201
   900.00004905 37099.99427347   549.99977164]
22:03:19:INFO:OPTIMIZER:fun:0.0010444026132928942
22:03:19:INFO:OPTIMIZER:nfev:15550
22:03:19:INFO:OPTIMIZER:nit:239
22:03:19:INFO:OPTIMIZER:message:Optimization terminated successfully.
22:03:19:INFO:OPTIMIZER:success:True
22:03:19:INFO:OPTIMIZER:constr:[array([0.])]
22:03:19:INFO:OPTIMIZER:constr_violation:0.0
22:03:19:INFO:OPTIMIZER:maxcv:0.0
22:03:19:INFO:RESULT:A:
[[-0.07333629  0.00986846  0.          0.06238817]
 [ 0.01507914 -0.01433768  0.00010842  0.        ]
 [ 0.          0.00446922 -0.00010842  0.        ]
 [ 0.05825715  0.          0.         -0.06238817]]
22:03:19:INFO:RESULT:m_eq:
[  589.00033201   900.00004905 37099.99427347   549.99977164](39138.99442616096)
22:03:19:INFO:RESULT:x_vec:
[    0.01507914     0.00446922     0.05825715   589.00033201
   900.00004905 37099.99427347   549.99977164](39139.07223166726)
22:03:19:INFO:RESULT:time_scale:
[  7.74545957  51.86500671 561.21850364]
22:03:19:INFO:SAVE:message:saving bunch of data...
22:03:19:INFO:SAVE:message:saving optimizer data ...
