22:16:27:INFO:GENERAL:seed:1
22:16:27:INFO:GENERAL:rho:[0.01, 0.1, 0.0001]
22:16:27:INFO:GENERAL:bounds_z:[(1e-06, 0.3), (1e-06, 0.3), (588.999411, 589.000589), (1e-06, 1800), (1e-06, 74200)]
22:16:29:INFO:OPTIMIZER:x:
[    0.02822703     0.0010349    589.00000431   899.99999909
 37100.00011536]
22:16:29:INFO:OPTIMIZER:fun:0.0019216237055903309
22:16:29:INFO:OPTIMIZER:nfev:9326
22:16:29:INFO:OPTIMIZER:nit:144
22:16:29:INFO:OPTIMIZER:message:Optimization terminated successfully.
22:16:29:INFO:OPTIMIZER:success:True
22:16:29:INFO:OPTIMIZER:constr:[array([0.])]
22:16:29:INFO:OPTIMIZER:constr_violation:0.0
22:16:29:INFO:OPTIMIZER:maxcv:0.0
22:16:29:INFO:RESULT:A:
[[-0.02822703  0.01847303  0.        ]
 [ 0.02822703 -0.01950792  0.00002511]
 [ 0.          0.0010349  -0.00002511]]
22:16:29:INFO:RESULT:m_eq:
[  589.00000431   899.99999909 37100.00011536](38589.000118748154)
22:16:29:INFO:RESULT:x_vec:
[    0.02822703     0.0010349    589.00000431   899.99999909
 37100.00011536](38589.0293806791)
22:16:29:INFO:RESULT:time_scale:
[  21.22458939 1550.63184382]
22:16:29:INFO:SAVE:message:saving bunch of data...
22:16:29:INFO:SAVE:message:saving optimizer data ...
