22:16:47:INFO:GENERAL:seed:1
22:16:47:INFO:GENERAL:rho:[0.0001, 0.1, 0.001]
22:16:47:INFO:GENERAL:bounds_z:[(1e-06, 0.3), (1e-06, 0.3), (1e-06, 0.3), (588.999411, 589.000589), (1e-06, 1800), (1e-06, 74200), (1e-06, 1100)]
22:16:49:INFO:OPTIMIZER:x:
[    0.00350292     0.06528661     0.03552855   588.99997688
   900.00000011 37099.99798505   550.00000451]
22:16:49:INFO:OPTIMIZER:fun:0.001777463500406465
22:16:49:INFO:OPTIMIZER:nfev:12974
22:16:49:INFO:OPTIMIZER:nit:201
22:16:49:INFO:OPTIMIZER:message:Optimization terminated successfully.
22:16:49:INFO:OPTIMIZER:success:True
22:16:49:INFO:OPTIMIZER:constr:[array([0.])]
22:16:49:INFO:OPTIMIZER:constr_violation:0.0
22:16:49:INFO:OPTIMIZER:maxcv:0.0
22:16:49:INFO:RESULT:A:
[[-0.03903147  0.00229246  0.          0.03804784]
 [ 0.00350292 -0.06757908  0.00158377  0.        ]
 [ 0.          0.06528661 -0.00158377  0.        ]
 [ 0.03552855  0.          0.         -0.03804784]]
22:16:49:INFO:RESULT:m_eq:
[  588.99997688   900.00000011 37099.99798505   550.00000451](39138.99796654131)
22:16:49:INFO:RESULT:x_vec:
[    0.00350292     0.06528661     0.03552855   588.99997688
   900.00000011 37099.99798505   550.00000451](39139.10228462228)
22:16:49:INFO:RESULT:time_scale:
[ 13.17502217  14.58206303 567.03489672]
22:16:49:INFO:SAVE:message:saving bunch of data...
22:16:49:INFO:SAVE:message:saving optimizer data ...
