21:22:14:INFO:GENERAL:seed:1
21:22:14:INFO:GENERAL:rho:[0.1, 0.001, 0.01]
21:22:14:INFO:GENERAL:bounds_z:[(1e-06, 0.3), (1e-06, 0.3), (1e-06, 0.3), (588.999411, 589.000589), (1e-06, 1800), (1e-06, 74200), (1e-06, 1100)]
21:22:20:INFO:OPTIMIZER:x:
[    0.01295108     0.00238559     0.01508463   589.00032632
   583.74665243 37204.38412696   317.25414822]
21:22:20:INFO:OPTIMIZER:fun:0.003455044814860644
21:22:20:INFO:OPTIMIZER:nfev:30090
21:22:20:INFO:OPTIMIZER:nit:468
21:22:20:INFO:OPTIMIZER:message:Optimization terminated successfully.
21:22:20:INFO:OPTIMIZER:success:True
21:22:20:INFO:OPTIMIZER:constr:[array([0.])]
21:22:20:INFO:OPTIMIZER:constr_violation:0.0
21:22:20:INFO:OPTIMIZER:maxcv:0.0
21:22:20:INFO:RESULT:A:
[[-0.02803571  0.01306764  0.          0.02800547]
 [ 0.01295108 -0.01545323  0.00003743  0.        ]
 [ 0.          0.00238559 -0.00003743  0.        ]
 [ 0.01508463  0.          0.         -0.02800547]]
21:22:20:INFO:RESULT:m_eq:
[  589.00032632   583.74665243 37204.38412696   317.25414822](38694.38525392486)
21:22:20:INFO:RESULT:x_vec:
[    0.01295108     0.00238559     0.01508463   589.00032632
   583.74665243 37204.38412696   317.25414822](38694.41567522606)
21:22:20:INFO:RESULT:time_scale:
[  19.57425607   51.16925796 1109.44817854]
21:22:20:INFO:SAVE:message:saving bunch of data...
21:22:20:INFO:SAVE:message:saving optimizer data ...
