22:03:42:INFO:GENERAL:seed:1
22:03:42:INFO:GENERAL:rho:[0.1, 0.0, 0.001]
22:03:42:INFO:GENERAL:bounds_z:[(1e-06, 0.3), (1e-06, 0.3), (1e-06, 0.3), (588.999411, 589.000589), (1e-06, 1800), (1e-06, 74200), (1e-06, 1100)]
22:03:47:INFO:OPTIMIZER:x:
[    0.02152639     0.00347538     0.02514004   588.99960713
   824.77864461 74189.44934084   495.93007361]
22:03:47:INFO:OPTIMIZER:fun:0.003892679954324841
22:03:47:INFO:OPTIMIZER:nfev:25134
22:03:47:INFO:OPTIMIZER:nit:390
22:03:47:INFO:OPTIMIZER:message:Optimization terminated successfully.
22:03:47:INFO:OPTIMIZER:success:True
22:03:47:INFO:OPTIMIZER:constr:[array([0.])]
22:03:47:INFO:OPTIMIZER:constr_violation:0.0
22:03:47:INFO:OPTIMIZER:maxcv:0.0
22:03:47:INFO:RESULT:A:
[[-0.04666644  0.01537265  0.          0.02985799]
 [ 0.02152639 -0.01884804  0.00003864  0.        ]
 [ 0.          0.00347538 -0.00003864  0.        ]
 [ 0.02514004  0.          0.         -0.02985799]]
22:03:47:INFO:RESULT:m_eq:
[  588.99960713   824.77864461 74189.44934084   495.93007361](76099.15766619693)
22:03:47:INFO:RESULT:x_vec:
[    0.02152639     0.00347538     0.02514004   588.99960713
   824.77864461 74189.44934084   495.93007361](76099.20780801597)
22:03:47:INFO:RESULT:time_scale:
[ 14.05198781  43.78869137 709.29702247]
22:03:47:INFO:SAVE:message:saving bunch of data...
22:03:47:INFO:SAVE:message:saving optimizer data ...
