22:02:50:INFO:GENERAL:seed:1
22:02:50:INFO:GENERAL:rho:[0.0001, 0.0001, 0.0001]
22:02:50:INFO:GENERAL:bounds_z:[(1e-06, 0.3), (1e-06, 0.3), (588.999411, 589.000589), (1e-06, 1800), (1e-06, 74200)]
22:02:52:INFO:OPTIMIZER:x:
[   0.08073895    0.01245652  589.00026338  714.87652005 1272.72431296]
22:02:52:INFO:OPTIMIZER:fun:0.00031226513312839914
22:02:52:INFO:OPTIMIZER:nfev:13404
22:02:52:INFO:OPTIMIZER:nit:211
22:02:52:INFO:OPTIMIZER:message:Optimization terminated successfully.
22:02:52:INFO:OPTIMIZER:success:True
22:02:52:INFO:OPTIMIZER:constr:[array([0.])]
22:02:52:INFO:OPTIMIZER:constr_violation:0.0
22:02:52:INFO:OPTIMIZER:maxcv:0.0
22:02:52:INFO:RESULT:A:
[[-0.08073895  0.06652235  0.        ]
 [ 0.08073895 -0.07897887  0.00699671]
 [ 0.          0.01245652 -0.00699671]]
22:02:52:INFO:RESULT:m_eq:
[ 589.00026338  714.87652005 1272.72431296](2576.6010963839885)
22:02:52:INFO:RESULT:x_vec:
[   0.08073895    0.01245652  589.00026338  714.87652005 1272.72431296](2576.694291860409)
22:02:52:INFO:RESULT:time_scale:
[ 6.51697121 75.36354948]
22:02:52:INFO:SAVE:message:saving bunch of data...
22:02:52:INFO:SAVE:message:saving optimizer data ...
