22:16:44:INFO:GENERAL:seed:1
22:16:44:INFO:GENERAL:rho:[0.1, 0.001, 0.001]
22:16:44:INFO:GENERAL:bounds_z:[(1e-06, 0.3), (1e-06, 0.3), (1e-06, 0.3), (588.999411, 589.000589), (1e-06, 1800), (1e-06, 74200), (1e-06, 1100)]
22:16:48:INFO:OPTIMIZER:x:
[    0.01294808     0.00238337     0.01508514   588.9998136
   584.12982966 37201.90423791   317.09024188]
22:16:48:INFO:OPTIMIZER:fun:0.0034550453921728137
22:16:48:INFO:OPTIMIZER:nfev:23123
22:16:48:INFO:OPTIMIZER:nit:359
22:16:48:INFO:OPTIMIZER:message:Optimization terminated successfully.
22:16:48:INFO:OPTIMIZER:success:True
22:16:48:INFO:OPTIMIZER:constr:[array([0.])]
22:16:48:INFO:OPTIMIZER:constr_violation:0.0
22:16:48:INFO:OPTIMIZER:maxcv:0.0
22:16:48:INFO:RESULT:A:
[[-0.02803322  0.01305603  0.          0.02802086]
 [ 0.01294808 -0.0154394   0.00003742  0.        ]
 [ 0.          0.00238337 -0.00003742  0.        ]
 [ 0.01508514  0.          0.         -0.02802086]]
22:16:48:INFO:RESULT:m_eq:
[  588.9998136    584.12982966 37201.90423791   317.09024188](38692.12412304548)
22:16:48:INFO:RESULT:x_vec:
[    0.01294808     0.00238337     0.01508514   588.9998136
   584.12982966 37201.90423791   317.09024188](38692.15453963148)
22:16:48:INFO:RESULT:time_scale:
[  19.57162515   51.18887128 1109.84349567]
22:16:48:INFO:SAVE:message:saving bunch of data...
22:16:48:INFO:SAVE:message:saving optimizer data ...
