21:13:13:INFO:GENERAL:seed:1
21:13:13:INFO:GENERAL:rho:[0.001, 0.1, 0.0001]
21:13:13:INFO:GENERAL:bounds_z:[(1e-06, 0.3), (1e-06, 0.3), (588.999411, 589.000589), (1e-06, 1800), (1e-06, 74200)]
21:13:14:INFO:OPTIMIZER:x:
[    0.07098263     0.00458057   589.00000245   900.00000022
 37099.99991978]
21:13:14:INFO:OPTIMIZER:fun:0.000835945931109267
21:13:14:INFO:OPTIMIZER:nfev:10211
21:13:14:INFO:OPTIMIZER:nit:158
21:13:14:INFO:OPTIMIZER:message:Optimization terminated successfully.
21:13:14:INFO:OPTIMIZER:success:True
21:13:14:INFO:OPTIMIZER:constr:[array([0.])]
21:13:14:INFO:OPTIMIZER:constr_violation:0.0
21:13:14:INFO:OPTIMIZER:maxcv:0.0
21:13:14:INFO:RESULT:A:
[[-0.07098263  0.04645419  0.        ]
 [ 0.07098263 -0.05103476  0.00011112]
 [ 0.          0.00458057 -0.00011112]]
21:13:14:INFO:RESULT:m_eq:
[  589.00000245   900.00000022 37099.99991978](38588.99992244347)
21:13:14:INFO:RESULT:x_vec:
[    0.07098263     0.00458057   589.00000245   900.00000022
 37099.99991978](38589.07548564336)
21:13:14:INFO:RESULT:time_scale:
[  8.38268224 352.74054673]
21:13:14:INFO:SAVE:message:saving bunch of data...
21:13:14:INFO:SAVE:message:saving optimizer data ...
