22:07:33:INFO:GENERAL:seed:1
22:07:33:INFO:GENERAL:rho:[0.01, 0.01, 0.0001]
22:07:33:INFO:GENERAL:bounds_z:[(1e-06, 0.3), (1e-06, 0.3), (588.999411, 589.000589), (1e-06, 1800), (1e-06, 74200)]
22:07:35:INFO:OPTIMIZER:x:
[    0.02822263     0.00103533   589.00058834   899.99814169
 37100.02170744]
22:07:35:INFO:OPTIMIZER:fun:0.0019216219548276634
22:07:35:INFO:OPTIMIZER:nfev:11745
22:07:35:INFO:OPTIMIZER:nit:182
22:07:35:INFO:OPTIMIZER:message:Optimization terminated successfully.
22:07:35:INFO:OPTIMIZER:success:True
22:07:35:INFO:OPTIMIZER:constr:[array([0.])]
22:07:35:INFO:OPTIMIZER:constr_violation:0.0
22:07:35:INFO:OPTIMIZER:maxcv:0.0
22:07:35:INFO:RESULT:A:
[[-0.02822263  0.0184702   0.        ]
 [ 0.02822263 -0.01950553  0.00002512]
 [ 0.          0.00103533 -0.00002512]]
22:07:35:INFO:RESULT:m_eq:
[  589.00058834   899.99814169 37100.02170744](38589.020437469655)
22:07:35:INFO:RESULT:x_vec:
[    0.02822263     0.00103533   589.00058834   899.99814169
 37100.02170744](38589.049695428024)
22:07:35:INFO:RESULT:time_scale:
[  21.22776875 1549.99088109]
22:07:35:INFO:SAVE:message:saving bunch of data...
22:07:35:INFO:SAVE:message:saving optimizer data ...
