21:23:23:INFO:GENERAL:seed:1
21:23:23:INFO:GENERAL:rho:[0.1, 0.1, 0.1]
21:23:23:INFO:GENERAL:bounds_z:[(1e-06, 0.3), (1e-06, 0.3), (588.999411, 589.000589), (1e-06, 1800), (1e-06, 74200)]
21:23:25:INFO:OPTIMIZER:x:
[    0.02584126     0.0010798    588.99999595   899.99998714
 37100.00108727]
21:23:25:INFO:OPTIMIZER:fun:0.0032928942988330267
21:23:25:INFO:OPTIMIZER:nfev:10110
21:23:25:INFO:OPTIMIZER:nit:157
21:23:25:INFO:OPTIMIZER:message:Optimization terminated successfully.
21:23:25:INFO:OPTIMIZER:success:True
21:23:25:INFO:OPTIMIZER:constr:[array([0.])]
21:23:25:INFO:OPTIMIZER:constr_violation:0.0
21:23:25:INFO:OPTIMIZER:maxcv:0.0
21:23:25:INFO:RESULT:A:
[[-0.02584126  0.01691167  0.        ]
 [ 0.02584126 -0.01799147  0.00002619]
 [ 0.          0.0010798  -0.00002619]]
21:23:25:INFO:RESULT:m_eq:
[  588.99999595   899.99998714 37100.00108727](38589.00107035594)
21:23:25:INFO:RESULT:x_vec:
[    0.02584126     0.0010798    588.99999595   899.99998714
 37100.00108727](38589.027991415656)
21:23:25:INFO:RESULT:time_scale:
[  23.15517667 1488.01142251]
21:23:25:INFO:SAVE:message:saving bunch of data...
21:23:25:INFO:SAVE:message:saving optimizer data ...
