22:07:53:INFO:GENERAL:seed:1
22:07:53:INFO:GENERAL:rho:[0.1, 0.1, 0.001]
22:07:53:INFO:GENERAL:bounds_z:[(1e-06, 0.3), (1e-06, 0.3), (1e-06, 0.3), (588.999411, 589.000589), (1e-06, 1800), (1e-06, 74200), (1e-06, 1100)]
22:07:55:INFO:OPTIMIZER:x:
[    0.00445387     0.00022019     0.02634292   588.99999124
   900.00004148 37099.9997105    549.99998786]
22:07:55:INFO:OPTIMIZER:fun:0.0036210304469742323
22:07:55:INFO:OPTIMIZER:nfev:12837
22:07:55:INFO:OPTIMIZER:nit:224
22:07:55:INFO:OPTIMIZER:message:Optimization terminated successfully.
22:07:55:INFO:OPTIMIZER:success:True
22:07:55:INFO:OPTIMIZER:constr:[array([0.])]
22:07:55:INFO:OPTIMIZER:constr_violation:0.0
22:07:55:INFO:OPTIMIZER:maxcv:0.0
22:07:55:INFO:RESULT:A:
[[-0.03079679  0.00291481  0.          0.02821087]
 [ 0.00445387 -0.003135    0.00000534  0.        ]
 [ 0.          0.00022019 -0.00000534  0.        ]
 [ 0.02634292  0.          0.         -0.02821087]]
22:07:55:INFO:RESULT:m_eq:
[  588.99999124   900.00004148 37099.9997105    549.99998786](39138.99973108216)
22:07:55:INFO:RESULT:x_vec:
[    0.00445387     0.00022019     0.02634292   588.99999124
   900.00004148 37099.9997105    549.99998786](39139.030748065015)
22:07:55:INFO:RESULT:time_scale:
[  17.56788646  195.08636105 9996.93261003]
22:07:55:INFO:SAVE:message:saving bunch of data...
22:07:55:INFO:SAVE:message:saving optimizer data ...
