22:07:59:INFO:GENERAL:seed:1
22:07:59:INFO:GENERAL:rho:[0.1, 0.001, 0.001]
22:07:59:INFO:GENERAL:bounds_z:[(1e-06, 0.3), (1e-06, 0.3), (588.999411, 589.000589), (1e-06, 1800), (1e-06, 74200)]
22:08:00:INFO:OPTIMIZER:x:
[    0.02914957     0.00214151   589.00055887   779.24392828
 37129.43004484]
22:08:00:INFO:OPTIMIZER:fun:0.0032221295130738653
22:08:00:INFO:OPTIMIZER:nfev:7599
22:08:00:INFO:OPTIMIZER:nit:117
22:08:00:INFO:OPTIMIZER:message:Optimization terminated successfully.
22:08:00:INFO:OPTIMIZER:success:True
22:08:00:INFO:OPTIMIZER:constr:[array([0.])]
22:08:00:INFO:OPTIMIZER:constr_violation:0.0
22:08:00:INFO:OPTIMIZER:maxcv:0.0
22:08:00:INFO:RESULT:A:
[[-0.02914957  0.02203304  0.        ]
 [ 0.02914957 -0.02417455  0.00004494]
 [ 0.          0.00214151 -0.00004494]]
22:08:00:INFO:RESULT:m_eq:
[  589.00055887   779.24392828 37129.43004484](38497.67453198614)
22:08:00:INFO:RESULT:x_vec:
[    0.02914957     0.00214151   589.00055887   779.24392828
 37129.43004484](38497.705823061224)
22:08:00:INFO:RESULT:time_scale:
[ 19.18376947 805.37450401]
22:08:00:INFO:SAVE:message:saving bunch of data...
22:08:00:INFO:SAVE:message:saving optimizer data ...
