21:22:21:INFO:GENERAL:seed:1
21:22:21:INFO:GENERAL:rho:[0.0, 0.0, 0.1]
21:22:21:INFO:GENERAL:bounds_z:[(1e-06, 0.3), (1e-06, 0.3), (1e-06, 0.3), (588.999411, 589.000589), (1e-06, 1800), (1e-06, 74200), (1e-06, 1100)]
21:22:44:INFO:OPTIMIZER:x:
[  0.01650251   0.00554738   0.04589465 588.99996795 608.51591498
 546.16923225 193.83273444]
21:22:44:INFO:OPTIMIZER:fun:0.00012037888849552157
21:22:44:INFO:OPTIMIZER:nfev:117080
21:22:44:INFO:OPTIMIZER:nit:1823
21:22:44:INFO:OPTIMIZER:message:Optimization terminated successfully.
21:22:44:INFO:OPTIMIZER:success:True
21:22:44:INFO:OPTIMIZER:constr:[array([0.])]
21:22:44:INFO:OPTIMIZER:constr_violation:0.0
21:22:44:INFO:OPTIMIZER:maxcv:0.0
21:22:44:INFO:RESULT:A:
[[-0.06239716  0.01597326  0.          0.13946018]
 [ 0.01650251 -0.02152064  0.00618063  0.        ]
 [ 0.          0.00554738 -0.00618063  0.        ]
 [ 0.04589465  0.          0.         -0.13946018]]
21:22:44:INFO:RESULT:m_eq:
[588.99996795 608.51591498 546.16923225 193.83273444](1937.5178496207839)
21:22:44:INFO:RESULT:x_vec:
[  0.01650251   0.00554738   0.04589465 588.99996795 608.51591498
 546.16923225 193.83273444](1937.5857941661795)
21:22:44:INFO:RESULT:time_scale:
[  5.25837736  31.32205188 134.05752151]
21:22:44:INFO:SAVE:message:saving bunch of data...
21:22:44:INFO:SAVE:message:saving optimizer data ...
