22:07:36:INFO:GENERAL:seed:1
22:07:36:INFO:GENERAL:rho:[0.0001, 0.001, 0.001]
22:07:36:INFO:GENERAL:bounds_z:[(1e-06, 0.3), (1e-06, 0.3), (1e-06, 0.3), (588.999411, 589.000589), (1e-06, 1800), (1e-06, 74200), (1e-06, 1100)]
22:07:41:INFO:OPTIMIZER:x:
[    0.05092897     0.01030195     0.01700354   589.00005865
   165.58626618 37146.45754327   490.83216382]
22:07:41:INFO:OPTIMIZER:fun:0.0004441953174533764
22:07:41:INFO:OPTIMIZER:nfev:23982
22:07:41:INFO:OPTIMIZER:nit:379
22:07:41:INFO:OPTIMIZER:message:Optimization terminated successfully.
22:07:41:INFO:OPTIMIZER:success:True
22:07:41:INFO:OPTIMIZER:constr:[array([0.])]
22:07:41:INFO:OPTIMIZER:constr_violation:0.0
22:07:41:INFO:OPTIMIZER:maxcv:0.0
22:07:41:INFO:RESULT:A:
[[-0.06793251  0.18115733  0.          0.0204043 ]
 [ 0.05092897 -0.19145928  0.00004592  0.        ]
 [ 0.          0.01030195 -0.00004592  0.        ]
 [ 0.01700354  0.          0.         -0.0204043 ]]
22:07:41:INFO:RESULT:m_eq:
[  589.00005865   165.58626618 37146.45754327   490.83216382](38391.8760319179)
22:07:41:INFO:RESULT:x_vec:
[    0.05092897     0.01030195     0.01700354   589.00005865
   165.58626618 37146.45754327   490.83216382](38391.95426637285)
22:07:41:INFO:RESULT:time_scale:
[  4.0941372   29.18139911 756.49092974]
22:07:41:INFO:SAVE:message:saving bunch of data...
22:07:41:INFO:SAVE:message:saving optimizer data ...
