22:07:54:INFO:GENERAL:seed:1
22:07:54:INFO:GENERAL:rho:[0.0, 0.1, 0.001]
22:07:54:INFO:GENERAL:bounds_z:[(1e-06, 0.3), (1e-06, 0.3), (1e-06, 0.3), (588.999411, 589.000589), (1e-06, 1800), (1e-06, 74200), (1e-06, 1100)]
22:07:57:INFO:OPTIMIZER:x:
[    0.00347789     0.08666691     0.03561108   588.99997759
   900.00001916 37099.99975404   549.99998119]
22:07:57:INFO:OPTIMIZER:fun:0.0017735927818420096
22:07:57:INFO:OPTIMIZER:nfev:13127
22:07:57:INFO:OPTIMIZER:nit:206
22:07:57:INFO:OPTIMIZER:message:Optimization terminated successfully.
22:07:57:INFO:OPTIMIZER:success:True
22:07:57:INFO:OPTIMIZER:constr:[array([0.])]
22:07:57:INFO:OPTIMIZER:constr_violation:0.0
22:07:57:INFO:OPTIMIZER:maxcv:0.0
22:07:57:INFO:RESULT:A:
[[-0.03908897  0.00227608  0.          0.03813623]
 [ 0.00347789 -0.088943    0.00210243  0.        ]
 [ 0.          0.08666691 -0.00210243  0.        ]
 [ 0.03561108  0.          0.         -0.03813623]]
22:07:57:INFO:RESULT:m_eq:
[  588.99997759   900.00001916 37099.99975404   549.99998119](39138.99973197875)
22:07:57:INFO:RESULT:x_vec:
[    0.00347789     0.08666691     0.03561108   588.99997759
   900.00001916 37099.99975404   549.99998119](39139.12548785815)
22:07:57:INFO:RESULT:time_scale:
[ 10.95490712  13.29411552 566.22583718]
22:07:57:INFO:SAVE:message:saving bunch of data...
22:07:57:INFO:SAVE:message:saving optimizer data ...
