21:14:22:INFO:GENERAL:seed:1
21:14:22:INFO:GENERAL:rho:[0.001, 0.001, 0.01]
21:14:22:INFO:GENERAL:bounds_z:[(1e-06, 0.3), (1e-06, 0.3), (588.999411, 589.000589), (1e-06, 1800), (1e-06, 74200)]
21:14:24:INFO:OPTIMIZER:x:
[    0.0683025      0.00421249   588.99941906   939.28989133
 37052.74398787]
21:14:24:INFO:OPTIMIZER:fun:0.0008123978036873654
21:14:24:INFO:OPTIMIZER:nfev:8870
21:14:24:INFO:OPTIMIZER:nit:138
21:14:24:INFO:OPTIMIZER:message:Optimization terminated successfully.
21:14:24:INFO:OPTIMIZER:success:True
21:14:24:INFO:OPTIMIZER:constr:[array([0.])]
21:14:24:INFO:OPTIMIZER:constr_violation:0.0
21:14:24:INFO:OPTIMIZER:maxcv:0.0
21:14:24:INFO:RESULT:A:
[[-0.0683025   0.04283037  0.        ]
 [ 0.0683025  -0.04704287  0.00010679]
 [ 0.          0.00421249 -0.00010679]]
21:14:24:INFO:RESULT:m_eq:
[  588.99941906   939.28989133 37052.74398787](38581.03329825941)
21:14:24:INFO:RESULT:x_vec:
[    0.0683025      0.00421249   588.99941906   939.28989133
 37052.74398787](38581.105813258524)
21:14:24:INFO:RESULT:time_scale:
[  8.86555365 376.49974819]
21:14:24:INFO:SAVE:message:saving bunch of data...
21:14:24:INFO:SAVE:message:saving optimizer data ...
