21:12:43:INFO:GENERAL:seed:1
21:12:43:INFO:GENERAL:rho:[0.01, 0.0001, 0.0]
21:12:43:INFO:GENERAL:bounds_z:[(1e-06, 0.3), (1e-06, 0.3), (1e-06, 0.3), (588.999411, 589.000589), (1e-06, 1800), (1e-06, 74200), (1e-06, 1100)]
21:12:46:INFO:OPTIMIZER:x:
[    0.01833744     0.00205927     0.0623199    588.99979293
  1150.71120017 37261.43404106   427.60186605]
21:12:46:INFO:OPTIMIZER:fun:0.0006712199332219448
21:12:46:INFO:OPTIMIZER:nfev:18940
21:12:46:INFO:OPTIMIZER:nit:295
21:12:46:INFO:OPTIMIZER:message:Optimization terminated successfully.
21:12:46:INFO:OPTIMIZER:success:True
21:12:46:INFO:OPTIMIZER:constr:[array([0.])]
21:12:46:INFO:OPTIMIZER:constr_violation:0.0
21:12:46:INFO:OPTIMIZER:maxcv:0.0
21:12:46:INFO:RESULT:A:
[[-0.08065734  0.00938615  0.          0.08584249]
 [ 0.01833744 -0.01144541  0.00006359  0.        ]
 [ 0.          0.00205927 -0.00006359  0.        ]
 [ 0.0623199   0.          0.         -0.08584249]]
21:12:46:INFO:RESULT:m_eq:
[  588.99979293  1150.71120017 37261.43404106   427.60186605](39428.746900207196)
21:12:46:INFO:RESULT:x_vec:
[    0.01833744     0.00205927     0.0623199    588.99979293
  1150.71120017 37261.43404106   427.60186605](39428.829616814)
21:12:46:INFO:RESULT:time_scale:
[  6.36901615  50.24880839 910.95136656]
21:12:46:INFO:SAVE:message:saving bunch of data...
21:12:46:INFO:SAVE:message:saving optimizer data ...
