21:21:04:INFO:GENERAL:seed:1
21:21:04:INFO:GENERAL:rho:[0.0, 0.1, 0.0]
21:21:04:INFO:GENERAL:bounds_z:[(1e-06, 0.3), (1e-06, 0.3), (588.999411, 589.000589), (1e-06, 1800), (1e-06, 74200)]
21:21:06:INFO:OPTIMIZER:x:
[    0.02854846     0.00102953   588.99999321   900.00000483
 37100.00012221]
21:21:06:INFO:OPTIMIZER:fun:0.0017615656133854742
21:21:06:INFO:OPTIMIZER:nfev:9339
21:21:06:INFO:OPTIMIZER:nit:144
21:21:06:INFO:OPTIMIZER:message:Optimization terminated successfully.
21:21:06:INFO:OPTIMIZER:success:True
21:21:06:INFO:OPTIMIZER:constr:[array([0.])]
21:21:06:INFO:OPTIMIZER:constr_violation:0.0
21:21:06:INFO:OPTIMIZER:maxcv:0.0
21:21:06:INFO:RESULT:A:
[[-0.02854846  0.01868338  0.        ]
 [ 0.02854846 -0.01971291  0.00002498]
 [ 0.          0.00102953 -0.00002498]]
21:21:06:INFO:RESULT:m_eq:
[  588.99999321   900.00000483 37100.00012221](38589.00012025094)
21:21:06:INFO:RESULT:x_vec:
[    0.02854846     0.00102953   588.99999321   900.00000483
 37100.00012221](38589.02969824291)
21:21:06:INFO:RESULT:time_scale:
[  20.98869459 1558.48249898]
21:21:06:INFO:SAVE:message:saving bunch of data...
21:21:06:INFO:SAVE:message:saving optimizer data ...
