21:21:35:INFO:GENERAL:seed:1
21:21:35:INFO:GENERAL:rho:[0.001, 0.001, 0.0001]
21:21:35:INFO:GENERAL:bounds_z:[(1e-06, 0.3), (1e-06, 0.3), (1e-06, 0.3), (588.999411, 589.000589), (1e-06, 1800), (1e-06, 74200), (1e-06, 1100)]
21:21:39:INFO:OPTIMIZER:x:
[    0.01452197     0.00199132     0.0467014    589.00013319
   723.56977285 37098.77699023   212.6301588 ]
21:21:39:INFO:OPTIMIZER:fun:0.0003675045741080768
21:21:39:INFO:OPTIMIZER:nfev:22154
21:21:39:INFO:OPTIMIZER:nit:350
21:21:39:INFO:OPTIMIZER:message:Optimization terminated successfully.
21:21:39:INFO:OPTIMIZER:success:True
21:21:39:INFO:OPTIMIZER:constr:[array([0.])]
21:21:39:INFO:OPTIMIZER:constr_violation:0.0
21:21:39:INFO:OPTIMIZER:maxcv:0.0
21:21:39:INFO:RESULT:A:
[[-0.06122337  0.01182117  0.          0.12936608]
 [ 0.01452197 -0.01381249  0.00003884  0.        ]
 [ 0.          0.00199132 -0.00003884  0.        ]
 [ 0.0467014   0.          0.         -0.12936608]]
21:21:39:INFO:RESULT:m_eq:
[  589.00013319   723.56977285 37098.77699023   212.6301588 ](38623.977055064024)
21:21:39:INFO:RESULT:x_vec:
[    0.01452197     0.00199132     0.0467014    589.00013319
   723.56977285 37098.77699023   212.6301588 ](38624.04026974854)
21:21:39:INFO:RESULT:time_scale:
[   5.54104235   43.41724758 1067.24098396]
21:21:39:INFO:SAVE:message:saving bunch of data...
21:21:39:INFO:SAVE:message:saving optimizer data ...
