22:17:30:INFO:GENERAL:seed:1
22:17:30:INFO:GENERAL:rho:[0.0, 0.001, 0.1]
22:17:30:INFO:GENERAL:bounds_z:[(1e-06, 0.3), (1e-06, 0.3), (1e-06, 0.3), (588.999411, 589.000589), (1e-06, 1800), (1e-06, 74200), (1e-06, 1100)]
22:17:42:INFO:OPTIMIZER:x:
[    0.05107469     0.01030667     0.0170037    588.9997104
   165.50694139 37105.47023621   490.81450964]
22:17:42:INFO:OPTIMIZER:fun:0.00043718990429717457
22:17:42:INFO:OPTIMIZER:nfev:62203
22:17:42:INFO:OPTIMIZER:nit:969
22:17:42:INFO:OPTIMIZER:message:Optimization terminated successfully.
22:17:42:INFO:OPTIMIZER:success:True
22:17:42:INFO:OPTIMIZER:constr:[array([0.])]
22:17:42:INFO:OPTIMIZER:constr_violation:0.0
22:17:42:INFO:OPTIMIZER:maxcv:0.0
22:17:42:INFO:RESULT:A:
[[-0.06807839  0.18176264  0.          0.02040521]
 [ 0.05107469 -0.19206931  0.00004597  0.        ]
 [ 0.          0.01030667 -0.00004597  0.        ]
 [ 0.0170037   0.          0.         -0.02040521]]
22:17:42:INFO:RESULT:m_eq:
[  588.9997104    165.50694139 37105.47023621   490.81450964](38350.7913976327)
22:17:42:INFO:RESULT:x_vec:
[    0.05107469     0.01030667     0.0170037    588.9997104
   165.50694139 37105.47023621   490.81450964](38350.869782695794)
22:17:42:INFO:RESULT:time_scale:
[  4.08156004  29.17802853 756.33830221]
22:17:42:INFO:SAVE:message:saving bunch of data...
22:17:42:INFO:SAVE:message:saving optimizer data ...
