22:16:30:INFO:GENERAL:seed:1
22:16:30:INFO:GENERAL:rho:[0.001, 0.001, 0.001]
22:16:30:INFO:GENERAL:bounds_z:[(1e-06, 0.3), (1e-06, 0.3), (1e-06, 0.3), (588.999411, 589.000589), (1e-06, 1800), (1e-06, 74200), (1e-06, 1100)]
22:16:34:INFO:OPTIMIZER:x:
[    0.01606632     0.00235019     0.04691681   589.00035428
   694.77332229 37062.09978084   191.71817582]
22:16:34:INFO:OPTIMIZER:fun:0.0003774039426225457
22:16:34:INFO:OPTIMIZER:nfev:22631
22:16:34:INFO:OPTIMIZER:nit:352
22:16:34:INFO:OPTIMIZER:message:Optimization terminated successfully.
22:16:34:INFO:OPTIMIZER:success:True
22:16:34:INFO:OPTIMIZER:constr:[array([0.])]
22:16:34:INFO:OPTIMIZER:constr_violation:0.0
22:16:34:INFO:OPTIMIZER:maxcv:0.0
22:16:34:INFO:RESULT:A:
[[-0.06298312  0.01362037  0.          0.14413873]
 [ 0.01606632 -0.01597056  0.00004406  0.        ]
 [ 0.          0.00235019 -0.00004406  0.        ]
 [ 0.04691681  0.          0.         -0.14413873]]
22:16:34:INFO:RESULT:m_eq:
[  589.00035428   694.77332229 37062.09978084   191.71817582](38537.59163323145)
22:16:34:INFO:RESULT:x_vec:
[    0.01606632     0.00235019     0.04691681   589.00035428
   694.77332229 37062.09978084   191.71817582](38537.6569665494)
22:16:34:INFO:RESULT:time_scale:
[  5.11239052  37.82295649 913.82980947]
22:16:34:INFO:SAVE:message:saving bunch of data...
22:16:34:INFO:SAVE:message:saving optimizer data ...
