21:13:41:INFO:GENERAL:seed:1
21:13:41:INFO:GENERAL:rho:[0.0001, 0.1, 0.001]
21:13:41:INFO:GENERAL:bounds_z:[(1e-06, 0.3), (1e-06, 0.3), (1e-06, 0.3), (588.999411, 589.000589), (1e-06, 1800), (1e-06, 74200), (1e-06, 1100)]
21:13:43:INFO:OPTIMIZER:x:
[    0.0150793      0.00447089     0.05826669   589.00001038
   899.99998829 37100.00056449   549.99999991]
21:13:43:INFO:OPTIMIZER:fun:0.0010444027464626394
21:13:43:INFO:OPTIMIZER:nfev:14361
21:13:43:INFO:OPTIMIZER:nit:222
21:13:43:INFO:OPTIMIZER:message:Optimization terminated successfully.
21:13:43:INFO:OPTIMIZER:success:True
21:13:43:INFO:OPTIMIZER:constr:[array([0.])]
21:13:43:INFO:OPTIMIZER:constr_violation:0.0
21:13:43:INFO:OPTIMIZER:maxcv:0.0
21:13:43:INFO:RESULT:A:
[[-0.07334599  0.00986856  0.          0.06239833]
 [ 0.0150793  -0.01433945  0.00010846  0.        ]
 [ 0.          0.00447089 -0.00010846  0.        ]
 [ 0.05826669  0.          0.         -0.06239833]]
21:13:43:INFO:RESULT:m_eq:
[  589.00001038   899.99998829 37100.00056449   549.99999991](39139.00056306344)
21:13:43:INFO:RESULT:x_vec:
[    0.0150793      0.00447089     0.05826669   589.00001038
   899.99998829 37100.00056449   549.99999991](39139.078379936334)
21:13:43:INFO:RESULT:time_scale:
[  7.74428371  51.86098219 561.04078504]
21:13:43:INFO:SAVE:message:saving bunch of data...
21:13:43:INFO:SAVE:message:saving optimizer data ...
