21:13:20:INFO:GENERAL:seed:1
21:13:20:INFO:GENERAL:rho:[0.001, 0.01, 0.001]
21:13:20:INFO:GENERAL:bounds_z:[(1e-06, 0.3), (1e-06, 0.3), (1e-06, 0.3), (588.999411, 589.000589), (1e-06, 1800), (1e-06, 74200), (1e-06, 1100)]
21:13:23:INFO:OPTIMIZER:x:
[    0.01508425     0.0044643      0.05806537   589.00027735
   899.99996671 37100.00642749   549.99973429]
21:13:23:INFO:OPTIMIZER:fun:0.001078152247220731
21:13:23:INFO:OPTIMIZER:nfev:14054
21:13:23:INFO:OPTIMIZER:nit:215
21:13:23:INFO:OPTIMIZER:message:Optimization terminated successfully.
21:13:23:INFO:OPTIMIZER:success:True
21:13:23:INFO:OPTIMIZER:constr:[array([0.])]
21:13:23:INFO:OPTIMIZER:constr_violation:0.0
21:13:23:INFO:OPTIMIZER:maxcv:0.0
21:13:23:INFO:RESULT:A:
[[-0.07314962  0.00987181  0.          0.06218279]
 [ 0.01508425 -0.01433611  0.0001083   0.        ]
 [ 0.          0.0044643  -0.0001083   0.        ]
 [ 0.05806537  0.          0.         -0.06218279]]
21:13:23:INFO:RESULT:m_eq:
[  589.00027735   899.99996671 37100.00642749   549.99973429](39139.00640583699)
21:13:23:INFO:RESULT:x_vec:
[    0.01508425     0.0044643      0.05806537   589.00027735
   899.99996671 37100.00642749   549.99973429](39139.084019752525)
21:13:23:INFO:RESULT:time_scale:
[  7.76890386  51.87178311 561.72809164]
21:13:23:INFO:SAVE:message:saving bunch of data...
21:13:23:INFO:SAVE:message:saving optimizer data ...
