22:02:49:INFO:GENERAL:seed:1
22:02:49:INFO:GENERAL:rho:[0.0, 0.0, 0.0001]
22:02:49:INFO:GENERAL:bounds_z:[(1e-06, 0.3), (1e-06, 0.3), (588.999411, 589.000589), (1e-06, 1800), (1e-06, 74200)]
22:02:51:INFO:OPTIMIZER:x:
[   0.0808052     0.01248768  588.99951577  714.16414149 1272.49452626]
22:02:51:INFO:OPTIMIZER:fun:0.00027378941859570766
22:02:51:INFO:OPTIMIZER:nfev:13404
22:02:51:INFO:OPTIMIZER:nit:207
22:02:51:INFO:OPTIMIZER:message:Optimization terminated successfully.
22:02:51:INFO:OPTIMIZER:success:True
22:02:51:INFO:OPTIMIZER:constr:[array([0.])]
22:02:51:INFO:OPTIMIZER:constr_violation:0.0
22:02:51:INFO:OPTIMIZER:maxcv:0.0
22:02:51:INFO:RESULT:A:
[[-0.0808052   0.06664325  0.        ]
 [ 0.0808052  -0.07913093  0.00700848]
 [ 0.          0.01248768 -0.00700848]]
22:02:51:INFO:RESULT:m_eq:
[ 588.99951577  714.16414149 1272.49452626](2575.6581835314064)
22:02:51:INFO:RESULT:x_vec:
[   0.0808052     0.01248768  588.99951577  714.16414149 1272.49452626](2575.7514764061507)
22:02:51:INFO:RESULT:time_scale:
[ 6.50822036 75.22885191]
22:02:51:INFO:SAVE:message:saving bunch of data...
22:02:51:INFO:SAVE:message:saving optimizer data ...
