21:23:28:INFO:GENERAL:seed:1
21:23:28:INFO:GENERAL:rho:[0.1, 0.01, 0.1]
21:23:28:INFO:GENERAL:bounds_z:[(1e-06, 0.3), (1e-06, 0.3), (1e-06, 0.3), (588.999411, 589.000589), (1e-06, 1800), (1e-06, 74200), (1e-06, 1100)]
21:23:38:INFO:OPTIMIZER:x:
[    0.01110615     0.00023675     0.01206094   589.00038823
   684.37494217 37096.82846818   403.18594115]
21:23:38:INFO:OPTIMIZER:fun:0.004423480522142634
21:23:38:INFO:OPTIMIZER:nfev:49249
21:23:38:INFO:OPTIMIZER:nit:985
21:23:38:INFO:OPTIMIZER:message:Optimization terminated successfully.
21:23:38:INFO:OPTIMIZER:success:True
21:23:38:INFO:OPTIMIZER:constr:[array([0.])]
21:23:38:INFO:OPTIMIZER:constr_violation:0.0
21:23:38:INFO:OPTIMIZER:maxcv:0.0
21:23:38:INFO:RESULT:A:
[[-0.02316709  0.0095584   0.          0.01761941]
 [ 0.01110615 -0.00979514  0.00000437  0.        ]
 [ 0.          0.00023675 -0.00000437  0.        ]
 [ 0.01206094  0.          0.         -0.01761941]]
21:23:38:INFO:RESULT:m_eq:
[  589.00038823   684.37494217 37096.82846818   403.18594115](38773.38973972828)
21:23:38:INFO:RESULT:x_vec:
[    0.01110615     0.00023675     0.01206094   589.00038823
   684.37494217 37096.82846818   403.18594115](38773.41314357003)
21:23:38:INFO:RESULT:time_scale:
[  26.58698025   77.67820337 9999.86513806]
21:23:38:INFO:SAVE:message:saving bunch of data...
21:23:38:INFO:SAVE:message:saving optimizer data ...
