22:15:49:INFO:GENERAL:seed:1
22:15:49:INFO:GENERAL:rho:[0.001, 0.0001, 0.0]
22:15:49:INFO:GENERAL:bounds_z:[(1e-06, 0.3), (1e-06, 0.3), (588.999411, 589.000589), (1e-06, 1800), (1e-06, 74200)]
22:15:52:INFO:OPTIMIZER:x:
[  0.05679285   0.01622634 589.00036287 405.36953022 786.19297744]
22:15:52:INFO:OPTIMIZER:fun:0.0003116041365505579
22:15:52:INFO:OPTIMIZER:nfev:12170
22:15:52:INFO:OPTIMIZER:nit:189
22:15:52:INFO:OPTIMIZER:message:Optimization terminated successfully.
22:15:52:INFO:OPTIMIZER:success:True
22:15:52:INFO:OPTIMIZER:constr:[array([0.])]
22:15:52:INFO:OPTIMIZER:constr_violation:0.0
22:15:52:INFO:OPTIMIZER:maxcv:0.0
22:15:52:INFO:RESULT:A:
[[-0.05679285  0.08251979  0.        ]
 [ 0.05679285 -0.09874613  0.00836648]
 [ 0.          0.01622634 -0.00836648]]
22:15:52:INFO:RESULT:m_eq:
[589.00036287 405.36953022 786.19297744](1780.5628705307463)
22:15:52:INFO:RESULT:x_vec:
[  0.05679285   0.01622634 589.00036287 405.36953022 786.19297744](1780.6358897212235)
22:15:52:INFO:RESULT:time_scale:
[ 6.66708386 71.86570278]
22:15:52:INFO:SAVE:message:saving bunch of data...
22:15:52:INFO:SAVE:message:saving optimizer data ...
