21:14:36:INFO:GENERAL:seed:1
21:14:36:INFO:GENERAL:rho:[0.0, 0.0001, 0.1]
21:14:36:INFO:GENERAL:bounds_z:[(1e-06, 0.3), (1e-06, 0.3), (588.999411, 589.000589), (1e-06, 1800), (1e-06, 74200)]
21:14:38:INFO:OPTIMIZER:x:
[   0.08078089    0.01247363  588.99977145  714.46995396 1272.62904546]
21:14:38:INFO:OPTIMIZER:fun:0.0003067057790713359
21:14:38:INFO:OPTIMIZER:nfev:12742
21:14:38:INFO:OPTIMIZER:nit:198
21:14:38:INFO:OPTIMIZER:message:Optimization terminated successfully.
21:14:38:INFO:OPTIMIZER:success:True
21:14:38:INFO:OPTIMIZER:constr:[array([0.])]
21:14:38:INFO:OPTIMIZER:constr_violation:0.0
21:14:38:INFO:OPTIMIZER:maxcv:0.0
21:14:38:INFO:RESULT:A:
[[-0.08078089  0.06659472  0.        ]
 [ 0.08078089 -0.07906835  0.00700285]
 [ 0.          0.01247363 -0.00700285]]
21:14:38:INFO:RESULT:m_eq:
[ 588.99977145  714.46995396 1272.62904546](2576.0987708639577)
21:14:38:INFO:RESULT:x_vec:
[   0.08078089    0.01247363  588.99977145  714.46995396 1272.62904546](2576.1920253858825)
21:14:38:INFO:RESULT:time_scale:
[ 6.51167314 75.29137668]
21:14:38:INFO:SAVE:message:saving bunch of data...
21:14:38:INFO:SAVE:message:saving optimizer data ...
