21:12:34:INFO:GENERAL:seed:1
21:12:34:INFO:GENERAL:rho:[0.1, 0.01, 0.0]
21:12:34:INFO:GENERAL:bounds_z:[(1e-06, 0.3), (1e-06, 0.3), (588.999411, 589.000589), (1e-06, 1800), (1e-06, 74200)]
21:12:35:INFO:OPTIMIZER:x:
[    0.05498269     0.00418431   588.99944819   957.57121598
 37100.24939717]
21:12:35:INFO:OPTIMIZER:fun:0.0044050887052864566
21:12:35:INFO:OPTIMIZER:nfev:7514
21:12:35:INFO:OPTIMIZER:nit:115
21:12:35:INFO:OPTIMIZER:message:Optimization terminated successfully.
21:12:35:INFO:OPTIMIZER:success:True
21:12:35:INFO:OPTIMIZER:constr:[array([0.])]
21:12:35:INFO:OPTIMIZER:constr_violation:0.0
21:12:35:INFO:OPTIMIZER:maxcv:0.0
21:12:35:INFO:RESULT:A:
[[-0.05498269  0.0338197   0.        ]
 [ 0.05498269 -0.03800401  0.000108  ]
 [ 0.          0.00418431 -0.000108  ]]
21:12:35:INFO:RESULT:m_eq:
[  588.99944819   957.57121598 37100.24939717](38646.82006134044)
21:12:35:INFO:RESULT:x_vec:
[    0.05498269     0.00418431   588.99944819   957.57121598
 37100.24939717](38646.87922834133)
21:12:35:INFO:RESULT:time_scale:
[ 11.05644745 377.39602823]
21:12:35:INFO:SAVE:message:saving bunch of data...
21:12:35:INFO:SAVE:message:saving optimizer data ...
