21:13:06:INFO:GENERAL:seed:1
21:13:06:INFO:GENERAL:rho:[0.001, 0.01, 0.0001]
21:13:06:INFO:GENERAL:bounds_z:[(1e-06, 0.3), (1e-06, 0.3), (1e-06, 0.3), (588.999411, 589.000589), (1e-06, 1800), (1e-06, 74200), (1e-06, 1100)]
21:13:09:INFO:OPTIMIZER:x:
[    0.01481161     0.0046413      0.05952175   588.99999444
   899.99998983 37100.0047969    549.99999633]
21:13:09:INFO:OPTIMIZER:fun:0.0005708809691529723
21:13:09:INFO:OPTIMIZER:nfev:13604
21:13:09:INFO:OPTIMIZER:nit:210
21:13:09:INFO:OPTIMIZER:message:Optimization terminated successfully.
21:13:09:INFO:OPTIMIZER:success:True
21:13:09:INFO:OPTIMIZER:constr:[array([0.])]
21:13:09:INFO:OPTIMIZER:constr_violation:0.0
21:13:09:INFO:OPTIMIZER:maxcv:0.0
21:13:09:INFO:RESULT:A:
[[-0.07433336  0.00969338  0.          0.06374238]
 [ 0.01481161 -0.01433468  0.00011259  0.        ]
 [ 0.          0.0046413  -0.00011259  0.        ]
 [ 0.05952175  0.          0.         -0.06374238]]
21:13:09:INFO:RESULT:m_eq:
[  588.99999444   899.99998983 37100.0047969    549.99999633](39139.004777490285)
21:13:09:INFO:RESULT:x_vec:
[    0.01481161     0.0046413      0.05952175   588.99999444
   899.99998983 37100.0047969    549.99999633](39139.0837521511)
21:13:09:INFO:RESULT:time_scale:
[  7.60288307  52.19333946 545.13020336]
21:13:09:INFO:SAVE:message:saving bunch of data...
21:13:09:INFO:SAVE:message:saving optimizer data ...
