21:13:33:INFO:GENERAL:seed:1
21:13:33:INFO:GENERAL:rho:[0.1, 0.1, 0.001]
21:13:33:INFO:GENERAL:bounds_z:[(1e-06, 0.3), (1e-06, 0.3), (588.999411, 589.000589), (1e-06, 1800), (1e-06, 74200)]
21:13:35:INFO:OPTIMIZER:x:
[    0.05572358     0.00475539   589.00000149   900.00000779
 37099.99707584]
21:13:35:INFO:OPTIMIZER:fun:0.004450756460793756
21:13:35:INFO:OPTIMIZER:nfev:8505
21:13:35:INFO:OPTIMIZER:nit:133
21:13:35:INFO:OPTIMIZER:message:Optimization terminated successfully.
21:13:35:INFO:OPTIMIZER:success:True
21:13:35:INFO:OPTIMIZER:constr:[array([0.])]
21:13:35:INFO:OPTIMIZER:constr_violation:0.0
21:13:35:INFO:OPTIMIZER:maxcv:0.0
21:13:35:INFO:RESULT:A:
[[-0.05572358  0.03646799  0.        ]
 [ 0.05572358 -0.04122337  0.00011536]
 [ 0.          0.00475539 -0.00011536]]
21:13:35:INFO:RESULT:m_eq:
[  589.00000149   900.00000779 37099.99707584](38588.99708511215)
21:13:35:INFO:RESULT:x_vec:
[    0.05572358     0.00475539   589.00000149   900.00000779
 37099.99707584](38589.05756407759)
21:13:35:INFO:RESULT:time_scale:
[ 10.62311538 341.53381225]
21:13:35:INFO:SAVE:message:saving bunch of data...
21:13:35:INFO:SAVE:message:saving optimizer data ...
