21:14:08:INFO:GENERAL:seed:1
21:14:08:INFO:GENERAL:rho:[0.0, 0.0001, 0.01]
21:14:08:INFO:GENERAL:bounds_z:[(1e-06, 0.3), (1e-06, 0.3), (588.999411, 589.000589), (1e-06, 1800), (1e-06, 74200)]
21:14:10:INFO:OPTIMIZER:x:
[   0.08077891    0.01247293  589.00018574  714.49686585 1272.60151793]
21:14:10:INFO:OPTIMIZER:fun:0.00030670576759886836
21:14:10:INFO:OPTIMIZER:nfev:14576
21:14:10:INFO:OPTIMIZER:nit:229
21:14:10:INFO:OPTIMIZER:message:Optimization terminated successfully.
21:14:10:INFO:OPTIMIZER:success:True
21:14:10:INFO:OPTIMIZER:constr:[array([0.])]
21:14:10:INFO:OPTIMIZER:constr_violation:0.0
21:14:10:INFO:OPTIMIZER:maxcv:0.0
21:14:10:INFO:RESULT:A:
[[-0.08077891  0.06659063  0.        ]
 [ 0.08077891 -0.07906356  0.00700288]
 [ 0.          0.01247293 -0.00700288]]
21:14:10:INFO:RESULT:m_eq:
[ 589.00018574  714.49686585 1272.60151793](2576.098569528643)
21:14:10:INFO:RESULT:x_vec:
[   0.08077891    0.01247293  589.00018574  714.49686585 1272.60151793](2576.191821369479)
21:14:10:INFO:RESULT:time_scale:
[ 6.51195022 75.2926197 ]
21:14:10:INFO:SAVE:message:saving bunch of data...
21:14:10:INFO:SAVE:message:saving optimizer data ...
