22:21:37:INFO:GENERAL:seed:1
22:21:37:INFO:GENERAL:rho:[0.0001, 0.0, 0.001]
22:21:37:INFO:GENERAL:bounds_z:[(1e-06, 0.3), (1e-06, 0.3), (1e-06, 0.3), (588.999411, 589.000589), (1e-06, 1800), (1e-06, 74200), (1e-06, 1100)]
22:21:48:INFO:OPTIMIZER:x:
[   0.06022047    0.03449077    0.03406444  588.9997793   229.64656694
 1490.95106712  454.32151323]
22:21:48:INFO:OPTIMIZER:fun:0.00013348954082010686
22:21:48:INFO:OPTIMIZER:nfev:52651
22:21:48:INFO:OPTIMIZER:nit:819
22:21:48:INFO:OPTIMIZER:message:Optimization terminated successfully.
22:21:48:INFO:OPTIMIZER:success:True
22:21:48:INFO:OPTIMIZER:constr:[array([0.])]
22:21:48:INFO:OPTIMIZER:constr_violation:0.0
22:21:48:INFO:OPTIMIZER:maxcv:0.0
22:21:48:INFO:RESULT:A:
[[-0.09428492  0.15445406  0.          0.04416245]
 [ 0.06022047 -0.18894483  0.00531251  0.        ]
 [ 0.          0.03449077 -0.00531251  0.        ]
 [ 0.03406444  0.          0.         -0.04416245]]
22:21:48:INFO:RESULT:m_eq:
[ 588.9997793   229.64656694 1490.95106712  454.32151323](2763.9189265878144)
22:21:48:INFO:RESULT:x_vec:
[   0.06022047    0.03449077    0.03406444  588.9997793   229.64656694
 1490.95106712  454.32151323](2764.047702278318)
22:21:48:INFO:RESULT:time_scale:
[  3.97377386  13.96258256 105.9909896 ]
22:21:48:INFO:SAVE:message:saving bunch of data...
22:21:48:INFO:SAVE:message:saving optimizer data ...
