21:21:52:INFO:GENERAL:seed:1
21:21:52:INFO:GENERAL:rho:[0.01, 0.1, 0.001]
21:21:52:INFO:GENERAL:bounds_z:[(1e-06, 0.3), (1e-06, 0.3), (1e-06, 0.3), (588.999411, 589.000589), (1e-06, 1800), (1e-06, 74200), (1e-06, 1100)]
21:21:54:INFO:OPTIMIZER:x:
[    0.0038856      0.00988587     0.03364269   588.99998238
   899.99998595 37099.99870011   549.99997328]
21:21:54:INFO:OPTIMIZER:fun:0.002015971731108457
21:21:54:INFO:OPTIMIZER:nfev:13453
21:21:54:INFO:OPTIMIZER:nit:209
21:21:54:INFO:OPTIMIZER:message:Optimization terminated successfully.
21:21:54:INFO:OPTIMIZER:success:True
21:21:54:INFO:OPTIMIZER:constr:[array([0.])]
21:21:54:INFO:OPTIMIZER:constr_violation:0.0
21:21:54:INFO:OPTIMIZER:maxcv:0.0
21:21:54:INFO:RESULT:A:
[[-0.03752829  0.00254291  0.          0.03602826]
 [ 0.0038856  -0.01242878  0.00023982  0.        ]
 [ 0.          0.00988587 -0.00023982  0.        ]
 [ 0.03364269  0.          0.         -0.03602826]]
21:21:54:INFO:RESULT:m_eq:
[  588.99998238   899.99998595 37099.99870011   549.99997328](39138.998641714286)
21:21:54:INFO:RESULT:x_vec:
[    0.0038856      0.00988587     0.03364269   588.99998238
   899.99998595 37099.99870011   549.99997328](39139.04605587657)
21:21:54:INFO:RESULT:time_scale:
[ 13.94958492  77.1133967  636.73167844]
21:21:54:INFO:SAVE:message:saving bunch of data...
21:21:54:INFO:SAVE:message:saving optimizer data ...
