21:13:36:INFO:GENERAL:seed:1
21:13:36:INFO:GENERAL:rho:[0.1, 0.0001, 0.001]
21:13:36:INFO:GENERAL:bounds_z:[(1e-06, 0.3), (1e-06, 0.3), (1e-06, 0.3), (588.999411, 589.000589), (1e-06, 1800), (1e-06, 74200), (1e-06, 1100)]
21:13:40:INFO:OPTIMIZER:x:
[    0.02145431     0.00340727     0.02509393   589.00051903
   832.33066045 37722.41692888   495.60916768]
21:13:40:INFO:OPTIMIZER:fun:0.0038974123514065803
21:13:40:INFO:OPTIMIZER:nfev:19086
21:13:40:INFO:OPTIMIZER:nit:297
21:13:40:INFO:OPTIMIZER:message:Optimization terminated successfully.
21:13:40:INFO:OPTIMIZER:success:True
21:13:40:INFO:OPTIMIZER:constr:[array([0.])]
21:13:40:INFO:OPTIMIZER:constr_violation:0.0
21:13:40:INFO:OPTIMIZER:maxcv:0.0
21:13:40:INFO:RESULT:A:
[[-0.04654824  0.01518219  0.          0.02982256]
 [ 0.02145431 -0.01858946  0.00007518  0.        ]
 [ 0.          0.00340727 -0.00007518  0.        ]
 [ 0.02509393  0.          0.         -0.02982256]]
21:13:40:INFO:RESULT:m_eq:
[  589.00051903   832.33066045 37722.41692888   495.60916768](39639.35727603392)
21:13:40:INFO:RESULT:x_vec:
[    0.02145431     0.00340727     0.02509393   589.00051903
   832.33066045 37722.41692888   495.60916768](39639.40723154332)
21:13:40:INFO:RESULT:time_scale:
[ 14.09243582  44.14996772 701.60064636]
21:13:40:INFO:SAVE:message:saving bunch of data...
21:13:40:INFO:SAVE:message:saving optimizer data ...
