21:22:17:INFO:GENERAL:seed:1
21:22:17:INFO:GENERAL:rho:[0.1, 0.0, 0.01]
21:22:17:INFO:GENERAL:bounds_z:[(1e-06, 0.3), (1e-06, 0.3), (1e-06, 0.3), (588.999411, 589.000589), (1e-06, 1800), (1e-06, 74200), (1e-06, 1100)]
21:22:23:INFO:OPTIMIZER:x:
[    0.01326642     0.00292593     0.01529616   588.99949636
   545.46962391 74180.45095823   319.48935995]
21:22:23:INFO:OPTIMIZER:fun:0.0033136118664523597
21:22:23:INFO:OPTIMIZER:nfev:35256
21:22:23:INFO:OPTIMIZER:nit:545
21:22:23:INFO:OPTIMIZER:message:Optimization terminated successfully.
21:22:23:INFO:OPTIMIZER:success:True
21:22:23:INFO:OPTIMIZER:constr:[array([0.])]
21:22:23:INFO:OPTIMIZER:constr_violation:0.0
21:22:23:INFO:OPTIMIZER:maxcv:0.0
21:22:23:INFO:RESULT:A:
[[-0.02856258  0.01432511  0.          0.02819947]
 [ 0.01326642 -0.01725104  0.00002152  0.        ]
 [ 0.          0.00292593 -0.00002152  0.        ]
 [ 0.01529616  0.          0.         -0.02819947]]
21:22:23:INFO:RESULT:m_eq:
[  588.99949636   545.46962391 74180.45095823   319.48935995](75634.4094384442)
21:22:23:INFO:RESULT:x_vec:
[    0.01326642     0.00292593     0.01529616   588.99949636
   545.46962391 74180.45095823   319.48935995](75634.44092694722)
21:22:23:INFO:RESULT:time_scale:
[ 19.2008825   47.77878182 976.68807932]
21:22:23:INFO:SAVE:message:saving bunch of data...
21:22:23:INFO:SAVE:message:saving optimizer data ...
