22:16:57:INFO:GENERAL:seed:1
22:16:57:INFO:GENERAL:rho:[0.1, 0.01, 0.01]
22:16:57:INFO:GENERAL:bounds_z:[(1e-06, 0.3), (1e-06, 0.3), (1e-06, 0.3), (588.999411, 589.000589), (1e-06, 1800), (1e-06, 74200), (1e-06, 1100)]
22:17:02:INFO:OPTIMIZER:x:
[    0.01109734     0.00023688     0.01204656   589.00049023
   684.03710465 37081.46001142   403.67231227]
22:17:02:INFO:OPTIMIZER:fun:0.004423477210704799
22:17:02:INFO:OPTIMIZER:nfev:23309
22:17:02:INFO:OPTIMIZER:nit:478
22:17:02:INFO:OPTIMIZER:message:Optimization terminated successfully.
22:17:02:INFO:OPTIMIZER:success:True
22:17:02:INFO:OPTIMIZER:constr:[array([0.])]
22:17:02:INFO:OPTIMIZER:constr_violation:0.0
22:17:02:INFO:OPTIMIZER:maxcv:0.0
22:17:02:INFO:RESULT:A:
[[-0.0231439   0.00955553  0.          0.01757721]
 [ 0.01109734 -0.00979242  0.00000437  0.        ]
 [ 0.          0.00023688 -0.00000437  0.        ]
 [ 0.01204656  0.          0.         -0.01757721]]
22:17:02:INFO:RESULT:m_eq:
[  589.00049023   684.03710465 37081.46001142   403.67231227](38758.169918564534)
22:17:02:INFO:RESULT:x_vec:
[    0.01109734     0.00023688     0.01204656   589.00049023
   684.03710465 37081.46001142   403.67231227](38758.193299351224)
22:17:02:INFO:RESULT:time_scale:
[  26.62443056   77.7701345  9999.951109  ]
22:17:02:INFO:SAVE:message:saving bunch of data...
22:17:02:INFO:SAVE:message:saving optimizer data ...
