21:12:28:INFO:GENERAL:seed:1
21:12:28:INFO:GENERAL:rho:[0.1, 0.0, 0.0001]
21:12:28:INFO:GENERAL:bounds_z:[(1e-06, 0.3), (1e-06, 0.3), (1e-06, 0.3), (588.999411, 589.000589), (1e-06, 1800), (1e-06, 74200), (1e-06, 1100)]
21:12:31:INFO:OPTIMIZER:x:
[    0.00738606     0.0001725      0.04552658   588.99990989
  1799.98990475 74149.5989781    803.02808225]
21:12:31:INFO:OPTIMIZER:fun:0.003412272956090758
21:12:31:INFO:OPTIMIZER:nfev:11826
21:12:31:INFO:OPTIMIZER:nit:254
21:12:31:INFO:OPTIMIZER:message:Optimization terminated successfully.
21:12:31:INFO:OPTIMIZER:success:True
21:12:31:INFO:OPTIMIZER:constr:[array([0.])]
21:12:31:INFO:OPTIMIZER:constr_violation:0.0
21:12:31:INFO:OPTIMIZER:maxcv:0.0
21:12:31:INFO:RESULT:A:
[[-0.05291264  0.0024169   0.          0.03339255]
 [ 0.00738606 -0.0025894   0.00000419  0.        ]
 [ 0.          0.0001725  -0.00000419  0.        ]
 [ 0.04552658  0.          0.         -0.03339255]]
21:12:31:INFO:RESULT:m_eq:
[  588.99990989  1799.98990475 74149.5989781    803.02808225](77341.6168749982)
21:12:31:INFO:RESULT:x_vec:
[    0.00738606     0.0001725      0.04552658   588.99990989
  1799.98990475 74149.5989781    803.02808225](77341.66996013881)
21:12:31:INFO:RESULT:time_scale:
[  11.9784526   188.12799758 9999.69848953]
21:12:31:INFO:SAVE:message:saving bunch of data...
21:12:31:INFO:SAVE:message:saving optimizer data ...
