21:22:13:INFO:GENERAL:seed:1
21:22:13:INFO:GENERAL:rho:[0.01, 0.0001, 0.01]
21:22:13:INFO:GENERAL:bounds_z:[(1e-06, 0.3), (1e-06, 0.3), (588.999411, 589.000589), (1e-06, 1800), (1e-06, 74200)]
21:22:16:INFO:OPTIMIZER:x:
[  0.05300782   0.0140725  588.99959985 433.31671763 780.82737733]
21:22:16:INFO:OPTIMIZER:fun:0.0007774445302804601
21:22:16:INFO:OPTIMIZER:nfev:17548
21:22:16:INFO:OPTIMIZER:nit:272
21:22:16:INFO:OPTIMIZER:message:Optimization terminated successfully.
21:22:16:INFO:OPTIMIZER:success:True
21:22:16:INFO:OPTIMIZER:constr:[array([0.])]
21:22:16:INFO:OPTIMIZER:constr_violation:0.0
21:22:16:INFO:OPTIMIZER:maxcv:0.0
21:22:16:INFO:RESULT:A:
[[-0.05300782  0.07205257  0.        ]
 [ 0.05300782 -0.08612507  0.00780947]
 [ 0.          0.0140725  -0.00780947]]
21:22:16:INFO:RESULT:m_eq:
[588.99959985 433.31671763 780.82737733](1803.143694819003)
21:22:16:INFO:RESULT:x_vec:
[  0.05300782   0.0140725  588.99959985 433.31671763 780.82737733](1803.2107751356075)
21:22:16:INFO:RESULT:time_scale:
[ 7.45732686 77.84493681]
21:22:16:INFO:SAVE:message:saving bunch of data...
21:22:16:INFO:SAVE:message:saving optimizer data ...
