22:16:21:INFO:GENERAL:seed:1
22:16:21:INFO:GENERAL:rho:[0.0, 0.001, 0.001]
22:16:21:INFO:GENERAL:bounds_z:[(1e-06, 0.3), (1e-06, 0.3), (588.999411, 589.000589), (1e-06, 1800), (1e-06, 74200)]
22:16:23:INFO:OPTIMIZER:x:
[    0.04127629     0.00383723   589.0005723    620.31848358
 36951.3353619 ]
22:16:23:INFO:OPTIMIZER:fun:0.0009678760103134252
22:16:23:INFO:OPTIMIZER:nfev:9228
22:16:23:INFO:OPTIMIZER:nit:143
22:16:23:INFO:OPTIMIZER:message:Optimization terminated successfully.
22:16:23:INFO:OPTIMIZER:success:True
22:16:23:INFO:OPTIMIZER:constr:[array([0.])]
22:16:23:INFO:OPTIMIZER:constr_violation:0.0
22:16:23:INFO:OPTIMIZER:maxcv:0.0
22:16:23:INFO:RESULT:A:
[[-0.04127629  0.03919239  0.        ]
 [ 0.04127629 -0.04302962  0.00006442]
 [ 0.          0.00383723 -0.00006442]]
22:16:23:INFO:RESULT:m_eq:
[  589.0005723    620.31848358 36951.3353619 ](38160.654417789716)
22:16:23:INFO:RESULT:x_vec:
[    0.04127629     0.00383723   589.0005723    620.31848358
 36951.3353619 ](38160.69953131388)
22:16:23:INFO:RESULT:time_scale:
[ 12.13814859 503.66681725]
22:16:23:INFO:SAVE:message:saving bunch of data...
22:16:23:INFO:SAVE:message:saving optimizer data ...
