22:15:50:INFO:GENERAL:seed:1
22:15:50:INFO:GENERAL:rho:[0.0, 0.01, 0.0]
22:15:50:INFO:GENERAL:bounds_z:[(1e-06, 0.3), (1e-06, 0.3), (1e-06, 0.3), (588.999411, 589.000589), (1e-06, 1800), (1e-06, 74200), (1e-06, 1100)]
22:15:53:INFO:OPTIMIZER:x:
[    0.00343195     0.16067552     0.03598702   589.00048016
   899.99994415 37099.99201382   549.99981089]
22:15:53:INFO:OPTIMIZER:fun:0.0009146604604743767
22:15:53:INFO:OPTIMIZER:nfev:14685
22:15:53:INFO:OPTIMIZER:nit:227
22:15:53:INFO:OPTIMIZER:message:Optimization terminated successfully.
22:15:53:INFO:OPTIMIZER:success:True
22:15:53:INFO:OPTIMIZER:constr:[array([0.])]
22:15:53:INFO:OPTIMIZER:constr_violation:0.0
22:15:53:INFO:OPTIMIZER:maxcv:0.0
22:15:53:INFO:RESULT:A:
[[-0.03941896  0.00224602  0.          0.03853887]
 [ 0.00343195 -0.16292154  0.00389779  0.        ]
 [ 0.          0.16067552 -0.00389779  0.        ]
 [ 0.03598702  0.          0.         -0.03853887]]
22:15:53:INFO:RESULT:m_eq:
[  589.00048016   899.99994415 37099.99201382   549.99981089](39138.99224902853)
22:15:53:INFO:RESULT:x_vec:
[    0.00343195     0.16067552     0.03598702   589.00048016
   899.99994415 37099.99201382   549.99981089](39139.19234351488)
22:15:53:INFO:RESULT:time_scale:
[  5.9940748   13.12650197 566.89670834]
22:15:53:INFO:SAVE:message:saving bunch of data...
22:15:53:INFO:SAVE:message:saving optimizer data ...
