22:22:52:INFO:GENERAL:seed:1
22:22:52:INFO:GENERAL:rho:[0.01, 0.01, 0.01]
22:22:52:INFO:GENERAL:bounds_z:[(1e-06, 0.3), (1e-06, 0.3), (1e-06, 0.3), (588.999411, 589.000589), (1e-06, 1800), (1e-06, 74200), (1e-06, 1100)]
22:22:57:INFO:OPTIMIZER:x:
[    0.02587562     0.00368742     0.05302108   589.00045442
   929.69356812 37086.07798028   339.45296198]
22:22:57:INFO:OPTIMIZER:fun:0.0017308280999135187
22:22:57:INFO:OPTIMIZER:nfev:29071
22:22:57:INFO:OPTIMIZER:nit:450
22:22:57:INFO:OPTIMIZER:message:Optimization terminated successfully.
22:22:57:INFO:OPTIMIZER:success:True
22:22:57:INFO:OPTIMIZER:constr:[array([0.])]
22:22:57:INFO:OPTIMIZER:constr_violation:0.0
22:22:57:INFO:OPTIMIZER:maxcv:0.0
22:22:57:INFO:RESULT:A:
[[-0.0788967   0.0163933   0.          0.09199932]
 [ 0.02587562 -0.02008072  0.00009244  0.        ]
 [ 0.          0.00368742 -0.00009244  0.        ]
 [ 0.05302108  0.          0.         -0.09199932]]
22:22:57:INFO:RESULT:m_eq:
[  589.00045442   929.69356812 37086.07798028   339.45296198](38944.22496481116)
22:22:57:INFO:RESULT:x_vec:
[    0.02587562     0.00368742     0.05302108   589.00045442
   929.69356812 37086.07798028   339.45296198](38944.307548931494)
22:22:57:INFO:RESULT:time_scale:
[  6.36870519  31.02706333 549.00712547]
22:22:57:INFO:SAVE:message:saving bunch of data...
22:22:57:INFO:SAVE:message:saving optimizer data ...
