22:21:22:INFO:GENERAL:seed:1
22:21:22:INFO:GENERAL:rho:[0.0, 0.01, 0.0001]
22:21:22:INFO:GENERAL:bounds_z:[(1e-06, 0.3), (1e-06, 0.3), (1e-06, 0.3), (588.999411, 589.000589), (1e-06, 1800), (1e-06, 74200), (1e-06, 1100)]
22:21:26:INFO:OPTIMIZER:x:
[    0.01481032     0.00464497     0.0597403    589.00004494
   899.99998744 37099.9979412    549.99991573]
22:21:26:INFO:OPTIMIZER:fun:0.0005326942955617362
22:21:26:INFO:OPTIMIZER:nfev:16274
22:21:26:INFO:OPTIMIZER:nit:254
22:21:26:INFO:OPTIMIZER:message:Optimization terminated successfully.
22:21:26:INFO:OPTIMIZER:success:True
22:21:26:INFO:OPTIMIZER:constr:[array([0.])]
22:21:26:INFO:OPTIMIZER:constr_violation:0.0
22:21:26:INFO:OPTIMIZER:maxcv:0.0
22:21:26:INFO:RESULT:A:
[[-0.07455062  0.00969253  0.          0.06397645]
 [ 0.01481032 -0.0143375   0.00011268  0.        ]
 [ 0.          0.00464497 -0.00011268  0.        ]
 [ 0.0597403   0.          0.         -0.06397645]]
22:21:26:INFO:RESULT:m_eq:
[  589.00004494   899.99998744 37099.9979412    549.99991573](39138.99788929924)
22:21:26:INFO:RESULT:x_vec:
[    0.01481032     0.00464497     0.0597403    589.00004494
   899.99998744 37099.9979412    549.99991573](39139.077084888675)
22:21:26:INFO:RESULT:time_scale:
[  7.57711135  52.17799705 544.76087293]
22:21:26:INFO:SAVE:message:saving bunch of data...
22:21:26:INFO:SAVE:message:saving optimizer data ...
