22:07:10:INFO:GENERAL:seed:1
22:07:10:INFO:GENERAL:rho:[0.001, 0.0, 0.0]
22:07:10:INFO:GENERAL:bounds_z:[(1e-06, 0.3), (1e-06, 0.3), (1e-06, 0.3), (588.999411, 589.000589), (1e-06, 1800), (1e-06, 74200), (1e-06, 1100)]
22:07:20:INFO:OPTIMIZER:x:
[  0.02063063   0.00900448   0.04349132 589.00019975 517.89506792
 611.0635703  157.32995597]
22:07:20:INFO:OPTIMIZER:fun:0.00017074995513822452
22:07:20:INFO:OPTIMIZER:nfev:49160
22:07:20:INFO:OPTIMIZER:nit:759
22:07:20:INFO:OPTIMIZER:message:Optimization terminated successfully.
22:07:20:INFO:OPTIMIZER:success:True
22:07:20:INFO:OPTIMIZER:constr:[array([0.])]
22:07:20:INFO:OPTIMIZER:constr_violation:0.0
22:07:20:INFO:OPTIMIZER:maxcv:0.0
22:07:20:INFO:RESULT:A:
[[-0.06412195  0.02346314  0.          0.16281959]
 [ 0.02063063 -0.03246762  0.00763157  0.        ]
 [ 0.          0.00900448 -0.00763157  0.        ]
 [ 0.04349132  0.          0.         -0.16281959]]
22:07:20:INFO:RESULT:m_eq:
[589.00019975 517.89506792 611.0635703  157.32995597](1875.2887939462219)
22:07:20:INFO:RESULT:x_vec:
[  0.02063063   0.00900448   0.04349132 589.00019975 517.89506792
 611.0635703  157.32995597](1875.3619203754533)
22:07:20:INFO:RESULT:time_scale:
[  4.72368567  21.8533482  104.36183152]
22:07:20:INFO:SAVE:message:saving bunch of data...
22:07:20:INFO:SAVE:message:saving optimizer data ...
