22:09:39:INFO:GENERAL:seed:1
22:09:39:INFO:GENERAL:rho:[0.1, 0.01, 0.1]
22:09:39:INFO:GENERAL:bounds_z:[(1e-06, 0.3), (1e-06, 0.3), (1e-06, 0.3), (588.999411, 589.000589), (1e-06, 1800), (1e-06, 74200), (1e-06, 1100)]
22:09:47:INFO:OPTIMIZER:x:
[    0.01109803     0.000237       0.01204529   589.00031171
   683.65617919 37095.66242158   403.87261497]
22:09:47:INFO:OPTIMIZER:fun:0.004423477842179383
22:09:47:INFO:OPTIMIZER:nfev:35761
22:09:47:INFO:OPTIMIZER:nit:720
22:09:47:INFO:OPTIMIZER:message:Optimization terminated successfully.
22:09:47:INFO:OPTIMIZER:success:True
22:09:47:INFO:OPTIMIZER:constr:[array([0.])]
22:09:47:INFO:OPTIMIZER:constr_violation:0.0
22:09:47:INFO:OPTIMIZER:maxcv:0.0
22:09:47:INFO:RESULT:A:
[[-0.02314332  0.00956145  0.          0.01756663]
 [ 0.01109803 -0.00979844  0.00000437  0.        ]
 [ 0.          0.000237   -0.00000437  0.        ]
 [ 0.01204529  0.          0.         -0.01756663]]
22:09:47:INFO:RESULT:m_eq:
[  589.00031171   683.65617919 37095.66242158   403.87261497](38772.19152745242)
22:09:47:INFO:RESULT:x_vec:
[    0.01109803     0.000237       0.01204529   589.00031171
   683.65617919 37095.66242158   403.87261497](38772.21490776591)
22:09:47:INFO:RESULT:time_scale:
[  26.62879215   77.76401989 9999.97783567]
22:09:47:INFO:SAVE:message:saving bunch of data...
22:09:47:INFO:SAVE:message:saving optimizer data ...
