21:13:12:INFO:GENERAL:seed:1
21:13:12:INFO:GENERAL:rho:[0.0001, 0.0, 0.001]
21:13:12:INFO:GENERAL:bounds_z:[(1e-06, 0.3), (1e-06, 0.3), (1e-06, 0.3), (588.999411, 589.000589), (1e-06, 1800), (1e-06, 74200), (1e-06, 1100)]
21:13:20:INFO:OPTIMIZER:x:
[   0.02552148    0.00435979    0.0614286   588.99974132  959.90506211
 1581.31670728  322.57123471]
21:13:20:INFO:OPTIMIZER:fun:0.00017181256691239287
21:13:20:INFO:OPTIMIZER:nfev:43211
21:13:20:INFO:OPTIMIZER:nit:669
21:13:20:INFO:OPTIMIZER:message:Optimization terminated successfully.
21:13:20:INFO:OPTIMIZER:success:True
21:13:20:INFO:OPTIMIZER:constr:[array([0.])]
21:13:20:INFO:OPTIMIZER:constr_violation:0.0
21:13:20:INFO:OPTIMIZER:maxcv:0.0
21:13:20:INFO:RESULT:A:
[[-0.08695008  0.01566003  0.          0.11216571]
 [ 0.02552148 -0.02001982  0.00264652  0.        ]
 [ 0.          0.00435979 -0.00264652  0.        ]
 [ 0.0614286   0.          0.         -0.11216571]]
21:13:20:INFO:RESULT:m_eq:
[ 588.99974132  959.90506211 1581.31670728  322.57123471](3452.7927454277174)
21:13:20:INFO:RESULT:x_vec:
[   0.02552148    0.00435979    0.0614286   588.99974132  959.90506211
 1581.31670728  322.57123471](3452.884055295019)
21:13:20:INFO:RESULT:time_scale:
[  5.41834518  30.57184783 221.52805864]
21:13:20:INFO:SAVE:message:saving bunch of data...
21:13:20:INFO:SAVE:message:saving optimizer data ...
