22:08:37:INFO:GENERAL:seed:1
22:08:37:INFO:GENERAL:rho:[0.0001, 0.0, 0.1]
22:08:37:INFO:GENERAL:bounds_z:[(1e-06, 0.3), (1e-06, 0.3), (1e-06, 0.3), (588.999411, 589.000589), (1e-06, 1800), (1e-06, 74200), (1e-06, 1100)]
22:08:59:INFO:OPTIMIZER:x:
[  0.01650206   0.00554224   0.04586119 588.99961036 608.56362859
 546.56381137 193.85067415]
22:08:59:INFO:OPTIMIZER:fun:0.00012611582631215812
22:08:59:INFO:OPTIMIZER:nfev:121391
22:08:59:INFO:OPTIMIZER:nit:1886
22:08:59:INFO:OPTIMIZER:message:Optimization terminated successfully.
22:08:59:INFO:OPTIMIZER:success:True
22:08:59:INFO:OPTIMIZER:constr:[array([0.])]
22:08:59:INFO:OPTIMIZER:constr_violation:0.0
22:08:59:INFO:OPTIMIZER:maxcv:0.0
22:08:59:INFO:RESULT:A:
[[-0.06236325  0.01597156  0.          0.13934552]
 [ 0.01650206 -0.0215138   0.00617093  0.        ]
 [ 0.          0.00554224 -0.00617093  0.        ]
 [ 0.04586119  0.          0.         -0.13934552]]
22:08:59:INFO:RESULT:m_eq:
[588.99961036 608.56362859 546.56381137 193.85067415](1937.9777244665306)
22:08:59:INFO:RESULT:x_vec:
[  0.01650206   0.00554224   0.04586119 588.99961036 608.56362859
 546.56381137 193.85067415](1938.0456299618945)
22:08:59:INFO:RESULT:time_scale:
[  5.26245393  31.33063845 134.22015825]
22:08:59:INFO:SAVE:message:saving bunch of data...
22:08:59:INFO:SAVE:message:saving optimizer data ...
