22:22:08:INFO:GENERAL:seed:1
22:22:08:INFO:GENERAL:rho:[0.1, 0.001, 0.001]
22:22:08:INFO:GENERAL:bounds_z:[(1e-06, 0.3), (1e-06, 0.3), (588.999411, 589.000589), (1e-06, 1800), (1e-06, 74200)]
22:22:09:INFO:OPTIMIZER:x:
[    0.04926911     0.00282605   588.9996356   1129.37517961
 37201.63486235]
22:22:09:INFO:OPTIMIZER:fun:0.003973201320711704
22:22:09:INFO:OPTIMIZER:nfev:7718
22:22:09:INFO:OPTIMIZER:nit:119
22:22:09:INFO:OPTIMIZER:message:Optimization terminated successfully.
22:22:09:INFO:OPTIMIZER:success:True
22:22:09:INFO:OPTIMIZER:constr:[array([0.])]
22:22:09:INFO:OPTIMIZER:constr_violation:0.0
22:22:09:INFO:OPTIMIZER:maxcv:0.0
22:22:09:INFO:RESULT:A:
[[-0.04926911  0.02569517  0.        ]
 [ 0.04926911 -0.02852123  0.00008579]
 [ 0.          0.00282605 -0.00008579]]
22:22:09:INFO:RESULT:m_eq:
[  588.9996356   1129.37517961 37201.63486235](38920.00967756244)
22:22:09:INFO:RESULT:x_vec:
[    0.04926911     0.00282605   588.9996356   1129.37517961
 37201.63486235](38920.06177272923)
22:22:09:INFO:RESULT:time_scale:
[ 13.16510258 521.44642084]
22:22:09:INFO:SAVE:message:saving bunch of data...
22:22:09:INFO:SAVE:message:saving optimizer data ...
