22:03:21:INFO:GENERAL:seed:1
22:03:21:INFO:GENERAL:rho:[0.001, 0.01, 0.001]
22:03:21:INFO:GENERAL:bounds_z:[(1e-06, 0.3), (1e-06, 0.3), (1e-06, 0.3), (588.999411, 589.000589), (1e-06, 1800), (1e-06, 74200), (1e-06, 1100)]
22:03:24:INFO:OPTIMIZER:x:
[    0.01508457     0.00446196     0.05807402   589.00026444
   900.00015484 37100.00092349   549.99966288]
22:03:24:INFO:OPTIMIZER:fun:0.0010781522503387421
22:03:24:INFO:OPTIMIZER:nfev:14168
22:03:24:INFO:OPTIMIZER:nit:218
22:03:24:INFO:OPTIMIZER:message:Optimization terminated successfully.
22:03:24:INFO:OPTIMIZER:success:True
22:03:24:INFO:OPTIMIZER:constr:[array([0.])]
22:03:24:INFO:OPTIMIZER:constr_violation:0.0
22:03:24:INFO:OPTIMIZER:maxcv:0.0
22:03:24:INFO:RESULT:A:
[[-0.07315859  0.00987201  0.          0.06219207]
 [ 0.01508457 -0.01433397  0.00010824  0.        ]
 [ 0.          0.00446196 -0.00010824  0.        ]
 [ 0.05807402  0.          0.         -0.06219207]]
22:03:24:INFO:RESULT:m_eq:
[  589.00026444   900.00015484 37100.00092349   549.99966288](39139.00100565792)
22:03:24:INFO:RESULT:x_vec:
[    0.01508457     0.00446196     0.05807402   589.00026444
   900.00015484 37100.00092349   549.99966288](39139.078626204195)
22:03:24:INFO:RESULT:time_scale:
[  7.76782201  51.87472362 561.97379806]
22:03:24:INFO:SAVE:message:saving bunch of data...
22:03:24:INFO:SAVE:message:saving optimizer data ...
