22:20:50:INFO:GENERAL:seed:1
22:20:50:INFO:GENERAL:rho:[0.01, 0.0, 0.0001]
22:20:50:INFO:GENERAL:bounds_z:[(1e-06, 0.3), (1e-06, 0.3), (1e-06, 0.3), (588.999411, 589.000589), (1e-06, 1800), (1e-06, 74200), (1e-06, 1100)]
22:20:54:INFO:OPTIMIZER:x:
[    0.02092914     0.0025422      0.06132895   588.99960077
  1078.06976148 74164.51762401   384.39162288]
22:20:54:INFO:OPTIMIZER:fun:0.0006947937845644984
22:20:54:INFO:OPTIMIZER:nfev:21957
22:20:54:INFO:OPTIMIZER:nit:338
22:20:54:INFO:OPTIMIZER:message:Optimization terminated successfully.
22:20:54:INFO:OPTIMIZER:success:True
22:20:54:INFO:OPTIMIZER:constr:[array([0.])]
22:20:54:INFO:OPTIMIZER:constr_violation:0.0
22:20:54:INFO:OPTIMIZER:maxcv:0.0
22:20:54:INFO:RESULT:A:
[[-0.0822581   0.01143456  0.          0.09397377]
 [ 0.02092914 -0.01397676  0.00003695  0.        ]
 [ 0.          0.0025422  -0.00003695  0.        ]
 [ 0.06132895  0.          0.         -0.09397377]]
22:20:54:INFO:RESULT:m_eq:
[  588.99960077  1078.06976148 74164.51762401   384.39162288](76215.97860913984)
22:20:54:INFO:RESULT:x_vec:
[    0.02092914     0.0025422      0.06132895   588.99960077
  1078.06976148 74164.51762401   384.39162288](76216.06340943111)
22:20:54:INFO:RESULT:time_scale:
[  6.06084207  41.75052393 769.10953226]
22:20:54:INFO:SAVE:message:saving bunch of data...
22:20:54:INFO:SAVE:message:saving optimizer data ...
