22:23:13:INFO:GENERAL:seed:1
22:23:13:INFO:GENERAL:rho:[0.001, 0.0001, 0.1]
22:23:13:INFO:GENERAL:bounds_z:[(1e-06, 0.3), (1e-06, 0.3), (1e-06, 0.3), (588.999411, 589.000589), (1e-06, 1800), (1e-06, 74200), (1e-06, 1100)]
22:23:32:INFO:OPTIMIZER:x:
[    0.06419756     0.01104384     0.02730554   588.99955296
   278.96556111 36205.22582952   708.19264779]
22:23:32:INFO:OPTIMIZER:fun:0.0002948857284322573
22:23:32:INFO:OPTIMIZER:nfev:95071
22:23:32:INFO:OPTIMIZER:nit:1483
22:23:32:INFO:OPTIMIZER:message:Optimization terminated successfully.
22:23:32:INFO:OPTIMIZER:success:True
22:23:32:INFO:OPTIMIZER:constr:[array([0.])]
22:23:32:INFO:OPTIMIZER:constr_violation:0.0
22:23:32:INFO:OPTIMIZER:maxcv:0.0
22:23:32:INFO:RESULT:A:
[[-0.0915031   0.13554481  0.          0.02270985]
 [ 0.06419756 -0.14658865  0.00008509  0.        ]
 [ 0.          0.01104384 -0.00008509  0.        ]
 [ 0.02730554  0.          0.         -0.02270985]]
22:23:32:INFO:RESULT:m_eq:
[  588.99955296   278.96556111 36205.22582952   708.19264779](37781.38359137114)
22:23:32:INFO:RESULT:x_vec:
[    0.06419756     0.01104384     0.02730554   588.99955296
   278.96556111 36205.22582952   708.19264779](37781.48613831113)
22:23:32:INFO:RESULT:time_scale:
[  4.59842719  24.06039952 537.93313647]
22:23:32:INFO:SAVE:message:saving bunch of data...
22:23:32:INFO:SAVE:message:saving optimizer data ...
