22:07:57:INFO:GENERAL:seed:1
22:07:57:INFO:GENERAL:rho:[0.0, 0.0, 0.01]
22:07:57:INFO:GENERAL:bounds_z:[(1e-06, 0.3), (1e-06, 0.3), (1e-06, 0.3), (588.999411, 589.000589), (1e-06, 1800), (1e-06, 74200), (1e-06, 1100)]
22:08:06:INFO:OPTIMIZER:x:
[    0.05116194     0.01029544     0.01700784   589.00026467
   165.48737351 74191.87943095   490.41394437]
22:08:06:INFO:OPTIMIZER:fun:0.00023129811267492582
22:08:06:INFO:OPTIMIZER:nfev:47618
22:08:06:INFO:OPTIMIZER:nit:746
22:08:06:INFO:OPTIMIZER:message:Optimization terminated successfully.
22:08:06:INFO:OPTIMIZER:success:True
22:08:06:INFO:OPTIMIZER:constr:[array([0.])]
22:08:06:INFO:OPTIMIZER:constr_violation:0.0
22:08:06:INFO:OPTIMIZER:maxcv:0.0
22:08:06:INFO:RESULT:A:
[[-0.06816978  0.18209483  0.          0.02042687]
 [ 0.05116194 -0.19239027  0.00002296  0.        ]
 [ 0.          0.01029544 -0.00002296  0.        ]
 [ 0.01700784  0.          0.         -0.02042687]]
22:08:06:INFO:RESULT:m_eq:
[  589.00026467   165.48737351 74191.87943095   490.41394437](75436.78101349248)
22:08:06:INFO:RESULT:x_vec:
[    0.05116194     0.01029544     0.01700784   589.00026467
   165.48737351 74191.87943095   490.41394437](75436.85947870594)
22:08:06:INFO:RESULT:time_scale:
[  4.07473109  29.15870381 769.32968794]
22:08:06:INFO:SAVE:message:saving bunch of data...
22:08:06:INFO:SAVE:message:saving optimizer data ...
