22:05:57:INFO:GENERAL:seed:1
22:05:57:INFO:GENERAL:rho:[0.1, 0.0001, 0.1]
22:05:57:INFO:GENERAL:bounds_z:[(1e-06, 0.3), (1e-06, 0.3), (588.999411, 589.000589), (1e-06, 1800), (1e-06, 74200)]
22:05:58:INFO:OPTIMIZER:x:
[    0.04806896     0.00258741   588.99954766  1164.88663547
 38399.57776231]
22:05:58:INFO:OPTIMIZER:fun:0.0038910678512580747
22:05:58:INFO:OPTIMIZER:nfev:6788
22:05:58:INFO:OPTIMIZER:nit:105
22:05:58:INFO:OPTIMIZER:message:Optimization terminated successfully.
22:05:58:INFO:OPTIMIZER:success:True
22:05:58:INFO:OPTIMIZER:constr:[array([0.])]
22:05:58:INFO:OPTIMIZER:constr_violation:0.0
22:05:58:INFO:OPTIMIZER:maxcv:0.0
22:05:58:INFO:RESULT:A:
[[-0.04806896  0.02430502  0.        ]
 [ 0.04806896 -0.02689244  0.00007849]
 [ 0.          0.00258741 -0.00007849]]
22:05:58:INFO:RESULT:m_eq:
[  588.99954766  1164.88663547 38399.57776231](40153.463945442505)
22:05:58:INFO:RESULT:x_vec:
[    0.04806896     0.00258741   588.99954766  1164.88663547
 38399.57776231](40153.514601816256)
22:05:58:INFO:RESULT:time_scale:
[ 13.64912873 563.33649466]
22:05:58:INFO:SAVE:message:saving bunch of data...
22:05:58:INFO:SAVE:message:saving optimizer data ...
