22:09:00:INFO:GENERAL:seed:1
22:09:00:INFO:GENERAL:rho:[0.0001, 0.001, 0.1]
22:09:00:INFO:GENERAL:bounds_z:[(1e-06, 0.3), (1e-06, 0.3), (1e-06, 0.3), (588.999411, 589.000589), (1e-06, 1800), (1e-06, 74200), (1e-06, 1100)]
22:09:14:INFO:OPTIMIZER:x:
[    0.01606816     0.00234452     0.04732559   589.00044553
   695.36852615 37062.2046526    191.53638516]
22:09:14:INFO:OPTIMIZER:fun:0.0003269975487550324
22:09:14:INFO:OPTIMIZER:nfev:76843
22:09:14:INFO:OPTIMIZER:nit:1202
22:09:14:INFO:OPTIMIZER:message:Optimization terminated successfully.
22:09:14:INFO:OPTIMIZER:success:True
22:09:14:INFO:OPTIMIZER:constr:[array([0.])]
22:09:14:INFO:OPTIMIZER:constr_violation:0.0
22:09:14:INFO:OPTIMIZER:maxcv:0.0
22:09:14:INFO:RESULT:A:
[[-0.06339374  0.01361027  0.          0.14553262]
 [ 0.01606816 -0.01595479  0.00004399  0.        ]
 [ 0.          0.00234452 -0.00004399  0.        ]
 [ 0.04732559  0.          0.         -0.14553262]]
22:09:14:INFO:RESULT:m_eq:
[  589.00044553   695.36852615 37062.2046526    191.53638516](38538.11000944281)
22:09:14:INFO:RESULT:x_vec:
[    0.01606816     0.00234452     0.04732559   589.00044553
   695.36852615 37062.2046526    191.53638516](38538.17574770737)
22:09:14:INFO:RESULT:time_scale:
[  5.0659423   37.82714068 915.36980259]
22:09:14:INFO:SAVE:message:saving bunch of data...
22:09:14:INFO:SAVE:message:saving optimizer data ...
