22:17:33:INFO:GENERAL:seed:1
22:17:33:INFO:GENERAL:rho:[0.001, 0.001, 0.01]
22:17:33:INFO:GENERAL:bounds_z:[(1e-06, 0.3), (1e-06, 0.3), (588.999411, 589.000589), (1e-06, 1800), (1e-06, 74200)]
22:17:34:INFO:OPTIMIZER:x:
[    0.04109206     0.00381939   589.00054395   621.76636313
 36959.04814292]
22:17:34:INFO:OPTIMIZER:fun:0.0009959231005343733
22:17:34:INFO:OPTIMIZER:nfev:8727
22:17:34:INFO:OPTIMIZER:nit:136
22:17:34:INFO:OPTIMIZER:message:Optimization terminated successfully.
22:17:34:INFO:OPTIMIZER:success:True
22:17:34:INFO:OPTIMIZER:constr:[array([0.])]
22:17:34:INFO:OPTIMIZER:constr_violation:0.0
22:17:34:INFO:OPTIMIZER:maxcv:0.0
22:17:34:INFO:RESULT:A:
[[-0.04109206  0.03892659  0.        ]
 [ 0.04109206 -0.04274598  0.00006425]
 [ 0.          0.00381939 -0.00006425]]
22:17:34:INFO:RESULT:m_eq:
[  589.00054395   621.76636313 36959.04814292](38169.81505000291)
22:17:34:INFO:RESULT:x_vec:
[    0.04109206     0.00381939   589.00054395   621.76636313
 36959.04814292](38169.859961450355)
22:17:34:INFO:RESULT:time_scale:
[ 12.20646881 505.42798774]
22:17:34:INFO:SAVE:message:saving bunch of data...
22:17:34:INFO:SAVE:message:saving optimizer data ...
