21:14:11:INFO:GENERAL:seed:1
21:14:11:INFO:GENERAL:rho:[0.001, 0.1, 0.01]
21:14:11:INFO:GENERAL:bounds_z:[(1e-06, 0.3), (1e-06, 0.3), (588.999411, 589.000589), (1e-06, 1800), (1e-06, 74200)]
21:14:13:INFO:OPTIMIZER:x:
[    0.07096719     0.00458094   588.99999914   900.00000089
 37099.99984469]
21:14:13:INFO:OPTIMIZER:fun:0.0008359459348566876
21:14:13:INFO:OPTIMIZER:nfev:9248
21:14:13:INFO:OPTIMIZER:nit:144
21:14:13:INFO:OPTIMIZER:message:Optimization terminated successfully.
21:14:13:INFO:OPTIMIZER:success:True
21:14:13:INFO:OPTIMIZER:constr:[array([0.])]
21:14:13:INFO:OPTIMIZER:constr_violation:0.0
21:14:13:INFO:OPTIMIZER:maxcv:0.0
21:14:13:INFO:RESULT:A:
[[-0.07096719  0.04644408  0.        ]
 [ 0.07096719 -0.05102503  0.00011113]
 [ 0.          0.00458094 -0.00011113]]
21:14:13:INFO:RESULT:m_eq:
[  588.99999914   900.00000089 37099.99984469](38588.999844712715)
21:14:13:INFO:RESULT:x_vec:
[    0.07096719     0.00458094   588.99999914   900.00000089
 37099.99984469](38589.0753928487)
21:14:13:INFO:RESULT:time_scale:
[  8.38446545 352.71373404]
21:14:13:INFO:SAVE:message:saving bunch of data...
21:14:13:INFO:SAVE:message:saving optimizer data ...
