21:21:28:INFO:GENERAL:seed:1
21:21:28:INFO:GENERAL:rho:[0.0001, 0.1, 0.0001]
21:21:28:INFO:GENERAL:bounds_z:[(1e-06, 0.3), (1e-06, 0.3), (1e-06, 0.3), (588.999411, 589.000589), (1e-06, 1800), (1e-06, 74200), (1e-06, 1100)]
21:21:31:INFO:OPTIMIZER:x:
[    0.00346827     0.08764105     0.03589205   588.999995
   899.99998881 37100.00062502   550.00000693]
21:21:31:INFO:OPTIMIZER:fun:0.0010053684996475228
21:21:31:INFO:OPTIMIZER:nfev:13817
21:21:31:INFO:OPTIMIZER:nit:214
21:21:31:INFO:OPTIMIZER:message:Optimization terminated successfully.
21:21:31:INFO:OPTIMIZER:success:True
21:21:31:INFO:OPTIMIZER:constr:[array([0.])]
21:21:31:INFO:OPTIMIZER:constr_violation:0.0
21:21:31:INFO:OPTIMIZER:maxcv:0.0
21:21:31:INFO:RESULT:A:
[[-0.03936031  0.00226979  0.          0.03843712]
 [ 0.00346827 -0.08991084  0.00212606  0.        ]
 [ 0.          0.08764105 -0.00212606  0.        ]
 [ 0.03589205  0.          0.         -0.03843712]]
21:21:31:INFO:RESULT:m_eq:
[  588.999995     899.99998881 37100.00062502   550.00000693](39139.000615747056)
21:21:31:INFO:RESULT:x_vec:
[    0.00346827     0.08764105     0.03589205   588.999995
   899.99998881 37100.00062502   550.00000693](39139.12761711364)
21:21:31:INFO:RESULT:time_scale:
[ 10.83816395  13.19164417 567.46463977]
21:21:31:INFO:SAVE:message:saving bunch of data...
21:21:31:INFO:SAVE:message:saving optimizer data ...
