22:07:08:INFO:GENERAL:seed:1
22:07:08:INFO:GENERAL:rho:[0.01, 0.0001, 0.0001]
22:07:08:INFO:GENERAL:bounds_z:[(1e-06, 0.3), (1e-06, 0.3), (588.999411, 589.000589), (1e-06, 1800), (1e-06, 74200)]
22:07:11:INFO:OPTIMIZER:x:
[  0.05300763   0.01407166 589.00048267 433.31980107 780.84761299]
22:07:11:INFO:OPTIMIZER:fun:0.0007774445442844052
22:07:11:INFO:OPTIMIZER:nfev:15886
22:07:11:INFO:OPTIMIZER:nit:247
22:07:11:INFO:OPTIMIZER:message:Optimization terminated successfully.
22:07:11:INFO:OPTIMIZER:success:True
22:07:11:INFO:OPTIMIZER:constr:[array([0.])]
22:07:11:INFO:OPTIMIZER:constr_violation:0.0
22:07:11:INFO:OPTIMIZER:maxcv:0.0
22:07:11:INFO:RESULT:A:
[[-0.05300763  0.07205192  0.        ]
 [ 0.05300763 -0.08612357  0.00780886]
 [ 0.          0.01407166 -0.00780886]]
22:07:11:INFO:RESULT:m_eq:
[589.00048267 433.31980107 780.84761299](1803.1678967189623)
22:07:11:INFO:RESULT:x_vec:
[  0.05300763   0.01407166 589.00048267 433.31980107 780.84761299](1803.234976010962)
22:07:11:INFO:RESULT:time_scale:
[ 7.45740799 77.849986  ]
22:07:11:INFO:SAVE:message:saving bunch of data...
22:07:11:INFO:SAVE:message:saving optimizer data ...
