22:16:55:INFO:GENERAL:seed:1
22:16:55:INFO:GENERAL:rho:[0.01, 0.0, 0.01]
22:16:55:INFO:GENERAL:bounds_z:[(1e-06, 0.3), (1e-06, 0.3), (588.999411, 589.000589), (1e-06, 1800), (1e-06, 74200)]
22:16:58:INFO:OPTIMIZER:x:
[  0.05303917   0.0140953  588.99976618 433.01186442 780.83726223]
22:16:58:INFO:OPTIMIZER:fun:0.0007405150864089596
22:16:58:INFO:OPTIMIZER:nfev:13871
22:16:58:INFO:OPTIMIZER:nit:215
22:16:58:INFO:OPTIMIZER:message:Optimization terminated successfully.
22:16:58:INFO:OPTIMIZER:success:True
22:16:58:INFO:OPTIMIZER:constr:[array([0.])]
22:16:58:INFO:OPTIMIZER:constr_violation:0.0
22:16:58:INFO:OPTIMIZER:maxcv:0.0
22:16:58:INFO:RESULT:A:
[[-0.05303917  0.07214597  0.        ]
 [ 0.05303917 -0.08624127  0.00781653]
 [ 0.          0.0140953  -0.00781653]]
22:16:58:INFO:RESULT:m_eq:
[588.99976618 433.01186442 780.83726223](1802.8488928364213)
22:16:58:INFO:RESULT:x_vec:
[  0.05303917   0.0140953  588.99976618 433.01186442 780.83726223](1802.9160273128516)
22:16:58:INFO:RESULT:time_scale:
[ 7.4494343  77.76903594]
22:16:58:INFO:SAVE:message:saving bunch of data...
22:16:58:INFO:SAVE:message:saving optimizer data ...
