22:15:45:INFO:GENERAL:seed:1
22:15:45:INFO:GENERAL:rho:[0.0, 0.1, 0.0]
22:15:45:INFO:GENERAL:bounds_z:[(1e-06, 0.3), (1e-06, 0.3), (588.999411, 589.000589), (1e-06, 1800), (1e-06, 74200)]
22:15:47:INFO:OPTIMIZER:x:
[    0.02854343     0.00102945   589.00000754   900.00000815
 37100.00008047]
22:15:47:INFO:OPTIMIZER:fun:0.0017615656716500647
22:15:47:INFO:OPTIMIZER:nfev:9602
22:15:47:INFO:OPTIMIZER:nit:151
22:15:47:INFO:OPTIMIZER:message:Optimization terminated successfully.
22:15:47:INFO:OPTIMIZER:success:True
22:15:47:INFO:OPTIMIZER:constr:[array([0.])]
22:15:47:INFO:OPTIMIZER:constr_violation:0.0
22:15:47:INFO:OPTIMIZER:maxcv:0.0
22:15:47:INFO:RESULT:A:
[[-0.02854343  0.01868009  0.        ]
 [ 0.02854343 -0.01970953  0.00002497]
 [ 0.          0.00102945 -0.00002497]]
22:15:47:INFO:RESULT:m_eq:
[  589.00000754   900.00000815 37100.00008047](38589.00009616437)
22:15:47:INFO:RESULT:x_vec:
[    0.02854343     0.00102945   589.00000754   900.00000815
 37100.00008047](38589.029669035954)
22:15:47:INFO:RESULT:time_scale:
[  20.99237864 1558.61552676]
22:15:47:INFO:SAVE:message:saving bunch of data...
22:15:47:INFO:SAVE:message:saving optimizer data ...
