21:22:07:INFO:GENERAL:seed:1
21:22:07:INFO:GENERAL:rho:[0.0001, 0.1, 0.001]
21:22:07:INFO:GENERAL:bounds_z:[(1e-06, 0.3), (1e-06, 0.3), (1e-06, 0.3), (588.999411, 589.000589), (1e-06, 1800), (1e-06, 74200), (1e-06, 1100)]
21:22:10:INFO:OPTIMIZER:x:
[    0.00350335     0.06501724     0.03552789   588.9999841
   900.0000113  37100.00044997   550.00001235]
21:22:10:INFO:OPTIMIZER:fun:0.0017774628478548688
21:22:10:INFO:OPTIMIZER:nfev:13553
21:22:10:INFO:OPTIMIZER:nit:209
21:22:10:INFO:OPTIMIZER:message:Optimization terminated successfully.
21:22:10:INFO:OPTIMIZER:success:True
21:22:10:INFO:OPTIMIZER:constr:[array([0.])]
21:22:10:INFO:OPTIMIZER:constr_violation:0.0
21:22:10:INFO:OPTIMIZER:maxcv:0.0
21:22:10:INFO:RESULT:A:
[[-0.03903123  0.00229275  0.          0.03804713]
 [ 0.00350335 -0.06730999  0.00157724  0.        ]
 [ 0.          0.06501724 -0.00157724  0.        ]
 [ 0.03552789  0.          0.         -0.03804713]]
21:22:10:INFO:RESULT:m_eq:
[  588.9999841    900.0000113  37100.00044997   550.00001235](39139.000457724746)
21:22:10:INFO:RESULT:x_vec:
[    0.00350335     0.06501724     0.03552789   588.9999841
   900.0000113  37100.00044997   550.00001235](39139.10450620106)
21:22:10:INFO:RESULT:time_scale:
[ 13.17890958  14.6363033  567.04763422]
21:22:10:INFO:SAVE:message:saving bunch of data...
21:22:10:INFO:SAVE:message:saving optimizer data ...
