22:03:14:INFO:GENERAL:seed:1
22:03:14:INFO:GENERAL:rho:[0.01, 0.01, 0.0001]
22:03:14:INFO:GENERAL:bounds_z:[(1e-06, 0.3), (1e-06, 0.3), (588.999411, 589.000589), (1e-06, 1800), (1e-06, 74200)]
22:03:16:INFO:OPTIMIZER:x:
[    0.06944848     0.00459456   589.0000139    899.99997288
 37099.99837054]
22:03:16:INFO:OPTIMIZER:fun:0.0011984632384620557
22:03:16:INFO:OPTIMIZER:nfev:9160
22:03:16:INFO:OPTIMIZER:nit:143
22:03:16:INFO:OPTIMIZER:message:Optimization terminated successfully.
22:03:16:INFO:OPTIMIZER:success:True
22:03:16:INFO:OPTIMIZER:constr:[array([0.])]
22:03:16:INFO:OPTIMIZER:constr_violation:0.0
22:03:16:INFO:OPTIMIZER:maxcv:0.0
22:03:16:INFO:RESULT:A:
[[-0.06944848  0.04545017  0.        ]
 [ 0.06944848 -0.05004474  0.00011146]
 [ 0.          0.00459456 -0.00011146]]
22:03:16:INFO:RESULT:m_eq:
[  589.0000139    899.99997288 37099.99837054](38588.998357322336)
22:03:16:INFO:RESULT:x_vec:
[    0.06944848     0.00459456   589.0000139    899.99997288
 37099.99837054](38589.07240036641)
22:03:16:INFO:RESULT:time_scale:
[  8.56441434 351.80791544]
22:03:16:INFO:SAVE:message:saving bunch of data...
22:03:16:INFO:SAVE:message:saving optimizer data ...
