22:07:34:INFO:GENERAL:seed:1
22:07:34:INFO:GENERAL:rho:[0.0001, 0.0, 0.001]
22:07:34:INFO:GENERAL:bounds_z:[(1e-06, 0.3), (1e-06, 0.3), (1e-06, 0.3), (588.999411, 589.000589), (1e-06, 1800), (1e-06, 74200), (1e-06, 1100)]
22:07:42:INFO:OPTIMIZER:x:
[  0.01650189   0.00554201   0.0458595  589.00006513 608.57220508
 546.57906204 193.85028986]
22:07:42:INFO:OPTIMIZER:fun:0.00012611584365891922
22:07:42:INFO:OPTIMIZER:nfev:41129
22:07:42:INFO:OPTIMIZER:nit:633
22:07:42:INFO:OPTIMIZER:message:Optimization terminated successfully.
22:07:42:INFO:OPTIMIZER:success:True
22:07:42:INFO:OPTIMIZER:constr:[array([0.])]
22:07:42:INFO:OPTIMIZER:constr_violation:0.0
22:07:42:INFO:OPTIMIZER:maxcv:0.0
22:07:42:INFO:RESULT:A:
[[-0.0623614   0.01597118  0.          0.13934078]
 [ 0.01650189 -0.02151319  0.00617059  0.        ]
 [ 0.          0.00554201 -0.00617059  0.        ]
 [ 0.0458595   0.          0.         -0.13934078]]
22:07:42:INFO:RESULT:m_eq:
[589.00006513 608.57220508 546.57906204 193.85028986](1938.0016221077667)
22:07:42:INFO:RESULT:x_vec:
[  0.01650189   0.00554201   0.0458595  589.00006513 608.57220508
 546.57906204 193.85028986](1938.0695255177486)
22:07:42:INFO:RESULT:time_scale:
[  5.26263297  31.33137124 134.22606556]
22:07:42:INFO:SAVE:message:saving bunch of data...
22:07:42:INFO:SAVE:message:saving optimizer data ...
