22:07:54:INFO:GENERAL:seed:1
22:07:54:INFO:GENERAL:rho:[0.01, 0.001, 0.001]
22:07:54:INFO:GENERAL:bounds_z:[(1e-06, 0.3), (1e-06, 0.3), (588.999411, 589.000589), (1e-06, 1800), (1e-06, 74200)]
22:07:56:INFO:OPTIMIZER:x:
[    0.03963182     0.00366989   589.00051525   634.15003438
 37006.4813819 ]
22:07:56:INFO:OPTIMIZER:fun:0.0012419246024053905
22:07:56:INFO:OPTIMIZER:nfev:8692
22:07:56:INFO:OPTIMIZER:nit:135
22:07:56:INFO:OPTIMIZER:message:Optimization terminated successfully.
22:07:56:INFO:OPTIMIZER:success:True
22:07:56:INFO:OPTIMIZER:constr:[array([0.])]
22:07:56:INFO:OPTIMIZER:constr_violation:0.0
22:07:56:INFO:OPTIMIZER:maxcv:0.0
22:07:56:INFO:RESULT:A:
[[-0.03963182  0.03681015  0.        ]
 [ 0.03963182 -0.04048004  0.00006289]
 [ 0.          0.00366989 -0.00006289]]
22:07:56:INFO:RESULT:m_eq:
[  589.00051525   634.15003438 37006.4813819 ](38229.63193152472)
22:07:56:INFO:RESULT:x_vec:
[    0.03963182     0.00366989   589.00051525   634.15003438
 37006.4813819 ](38229.67523322965)
22:07:56:INFO:RESULT:time_scale:
[ 12.77878292 520.82441632]
22:07:56:INFO:SAVE:message:saving bunch of data...
22:07:56:INFO:SAVE:message:saving optimizer data ...
