21:23:36:INFO:GENERAL:seed:1
21:23:36:INFO:GENERAL:rho:[0.01, 0.001, 0.1]
21:23:36:INFO:GENERAL:bounds_z:[(1e-06, 0.3), (1e-06, 0.3), (588.999411, 589.000589), (1e-06, 1800), (1e-06, 74200)]
21:23:37:INFO:OPTIMIZER:x:
[    0.03963985     0.00367008   589.00051831   634.11616749
 37007.54719937]
21:23:37:INFO:OPTIMIZER:fun:0.0012419247291255997
21:23:37:INFO:OPTIMIZER:nfev:9041
21:23:37:INFO:OPTIMIZER:nit:143
21:23:37:INFO:OPTIMIZER:message:Optimization terminated successfully.
21:23:37:INFO:OPTIMIZER:success:True
21:23:37:INFO:OPTIMIZER:constr:[array([0.])]
21:23:37:INFO:OPTIMIZER:constr_violation:0.0
21:23:37:INFO:OPTIMIZER:maxcv:0.0
21:23:37:INFO:RESULT:A:
[[-0.03963985  0.03681959  0.        ]
 [ 0.03963985 -0.04048966  0.00006289]
 [ 0.          0.00367008 -0.00006289]]
21:23:37:INFO:RESULT:m_eq:
[  589.00051831   634.11616749 37007.54719937](38230.663885166745)
21:23:37:INFO:RESULT:x_vec:
[    0.03963985     0.00367008   589.00051831   634.11616749
 37007.54719937](38230.70719509843)
21:23:37:INFO:RESULT:time_scale:
[ 12.7759088  520.81012123]
21:23:37:INFO:SAVE:message:saving bunch of data...
21:23:37:INFO:SAVE:message:saving optimizer data ...
