22:04:35:INFO:GENERAL:seed:1
22:04:35:INFO:GENERAL:rho:[0.0, 0.0001, 0.1]
22:04:35:INFO:GENERAL:bounds_z:[(1e-06, 0.3), (1e-06, 0.3), (588.999411, 589.000589), (1e-06, 1800), (1e-06, 74200)]
22:04:37:INFO:OPTIMIZER:x:
[   0.08077821    0.01247281  589.00031419  714.50073585 1272.64669265]
22:04:37:INFO:OPTIMIZER:fun:0.0003067057666519864
22:04:37:INFO:OPTIMIZER:nfev:13349
22:04:37:INFO:OPTIMIZER:nit:210
22:04:37:INFO:OPTIMIZER:message:Optimization terminated successfully.
22:04:37:INFO:OPTIMIZER:success:True
22:04:37:INFO:OPTIMIZER:constr:[array([0.])]
22:04:37:INFO:OPTIMIZER:constr_violation:0.0
22:04:37:INFO:OPTIMIZER:maxcv:0.0
22:04:37:INFO:RESULT:A:
[[-0.08077821  0.0665897   0.        ]
 [ 0.08077821 -0.07906251  0.0070026 ]
 [ 0.          0.01247281 -0.0070026 ]]
22:04:37:INFO:RESULT:m_eq:
[ 589.00031419  714.50073585 1272.64669265](2576.1477427018062)
22:04:37:INFO:RESULT:x_vec:
[   0.08077821    0.01247281  589.00031419  714.50073585 1272.64669265](2576.240993723707)
22:04:37:INFO:RESULT:time_scale:
[ 6.51202264 75.29438684]
22:04:37:INFO:SAVE:message:saving bunch of data...
22:04:37:INFO:SAVE:message:saving optimizer data ...
