21:23:22:INFO:GENERAL:seed:1
21:23:22:INFO:GENERAL:rho:[0.001, 0.001, 0.1]
21:23:22:INFO:GENERAL:bounds_z:[(1e-06, 0.3), (1e-06, 0.3), (588.999411, 589.000589), (1e-06, 1800), (1e-06, 74200)]
21:23:23:INFO:OPTIMIZER:x:
[    0.04109332     0.00381965   589.00054919   621.75101457
 36960.89784705]
21:23:23:INFO:OPTIMIZER:fun:0.0009959230445256474
21:23:23:INFO:OPTIMIZER:nfev:9259
21:23:23:INFO:OPTIMIZER:nit:145
21:23:23:INFO:OPTIMIZER:message:Optimization terminated successfully.
21:23:23:INFO:OPTIMIZER:success:True
21:23:23:INFO:OPTIMIZER:constr:[array([0.])]
21:23:23:INFO:OPTIMIZER:constr_violation:0.0
21:23:23:INFO:OPTIMIZER:maxcv:0.0
21:23:23:INFO:RESULT:A:
[[-0.04109332  0.03892875  0.        ]
 [ 0.04109332 -0.04274841  0.00006425]
 [ 0.          0.00381965 -0.00006425]]
21:23:23:INFO:RESULT:m_eq:
[  589.00054919   621.75101457 36960.89784705](38171.64941080774)
21:23:23:INFO:RESULT:x_vec:
[    0.04109332     0.00381965   589.00054919   621.75101457
 36960.89784705](38171.69432378598)
21:23:23:INFO:RESULT:time_scale:
[ 12.20593575 505.39998596]
21:23:23:INFO:SAVE:message:saving bunch of data...
21:23:23:INFO:SAVE:message:saving optimizer data ...
