21:22:48:INFO:GENERAL:seed:1
21:22:48:INFO:GENERAL:rho:[0.0, 0.01, 0.1]
21:22:48:INFO:GENERAL:bounds_z:[(1e-06, 0.3), (1e-06, 0.3), (588.999411, 589.000589), (1e-06, 1800), (1e-06, 74200)]
21:22:50:INFO:OPTIMIZER:x:
[    0.03380447     0.00233353   589.00058367   751.40048693
 37103.42324543]
21:22:50:INFO:OPTIMIZER:fun:0.001748989967866016
21:22:50:INFO:OPTIMIZER:nfev:9400
21:22:50:INFO:OPTIMIZER:nit:146
21:22:50:INFO:OPTIMIZER:message:Optimization terminated successfully.
21:22:50:INFO:OPTIMIZER:success:True
21:22:50:INFO:OPTIMIZER:constr:[array([0.])]
21:22:50:INFO:OPTIMIZER:constr_violation:0.0
21:22:50:INFO:OPTIMIZER:maxcv:0.0
21:22:50:INFO:RESULT:A:
[[-0.03380447  0.02649833  0.        ]
 [ 0.03380447 -0.02883186  0.00004726]
 [ 0.          0.00233353 -0.00004726]]
21:22:50:INFO:RESULT:m_eq:
[  589.00058367   751.40048693 37103.42324543](38443.824316028535)
21:22:50:INFO:RESULT:x_vec:
[    0.03380447     0.00233353   589.00058367   751.40048693
 37103.42324543](38443.86045403702)
21:22:50:INFO:RESULT:time_scale:
[ 16.29955453 750.62551031]
21:22:50:INFO:SAVE:message:saving bunch of data...
21:22:50:INFO:SAVE:message:saving optimizer data ...
