22:02:25:INFO:GENERAL:seed:1
22:02:25:INFO:GENERAL:rho:[0.001, 0.0, 0.0001]
22:02:25:INFO:GENERAL:bounds_z:[(1e-06, 0.3), (1e-06, 0.3), (588.999411, 589.000589), (1e-06, 1800), (1e-06, 74200)]
22:02:27:INFO:OPTIMIZER:x:
[   0.08038728    0.01232164  589.00010504  718.05929775 1273.59534271]
22:02:27:INFO:OPTIMIZER:fun:0.0003292113833781545
22:02:27:INFO:OPTIMIZER:nfev:12852
22:02:27:INFO:OPTIMIZER:nit:200
22:02:27:INFO:OPTIMIZER:message:Optimization terminated successfully.
22:02:27:INFO:OPTIMIZER:success:True
22:02:27:INFO:OPTIMIZER:constr:[array([0.])]
22:02:27:INFO:OPTIMIZER:constr_violation:0.0
22:02:27:INFO:OPTIMIZER:maxcv:0.0
22:02:27:INFO:RESULT:A:
[[-0.08038728  0.06593901  0.        ]
 [ 0.08038728 -0.07826065  0.006947  ]
 [ 0.          0.01232164 -0.006947  ]]
22:02:27:INFO:RESULT:m_eq:
[ 589.00010504  718.05929775 1273.59534271](2580.6547455033055)
22:02:27:INFO:RESULT:x_vec:
[   0.08038728    0.01232164  589.00010504  718.05929775 1273.59534271](2580.747454423881)
22:02:27:INFO:RESULT:time_scale:
[ 6.56048165 75.94689333]
22:02:27:INFO:SAVE:message:saving bunch of data...
22:02:27:INFO:SAVE:message:saving optimizer data ...
