21:13:36:INFO:GENERAL:seed:1
21:13:36:INFO:GENERAL:rho:[0.1, 0.001, 0.001]
21:13:36:INFO:GENERAL:bounds_z:[(1e-06, 0.3), (1e-06, 0.3), (588.999411, 589.000589), (1e-06, 1800), (1e-06, 74200)]
21:13:37:INFO:OPTIMIZER:x:
[    0.04928477     0.00282679   588.99949048  1129.19060623
 37224.99345438]
21:13:37:INFO:OPTIMIZER:fun:0.0039732006619196975
21:13:37:INFO:OPTIMIZER:nfev:7298
21:13:37:INFO:OPTIMIZER:nit:112
21:13:37:INFO:OPTIMIZER:message:Optimization terminated successfully.
21:13:37:INFO:OPTIMIZER:success:True
21:13:37:INFO:OPTIMIZER:constr:[array([0.])]
21:13:37:INFO:OPTIMIZER:constr_violation:0.0
21:13:37:INFO:OPTIMIZER:maxcv:0.0
21:13:37:INFO:RESULT:A:
[[-0.04928477  0.02570753  0.        ]
 [ 0.04928477 -0.02853432  0.00008575]
 [ 0.          0.00282679 -0.00008575]]
21:13:37:INFO:RESULT:m_eq:
[  588.99949048  1129.19060623 37224.99345438](38943.18355109218)
21:13:37:INFO:RESULT:x_vec:
[    0.04928477     0.00282679   588.99949048  1129.19060623
 37224.99345438](38943.23566264772)
21:13:37:INFO:RESULT:time_scale:
[ 13.1601864  521.35726847]
21:13:37:INFO:SAVE:message:saving bunch of data...
21:13:37:INFO:SAVE:message:saving optimizer data ...
