22:15:50:INFO:GENERAL:seed:1
22:15:50:INFO:GENERAL:rho:[0.0001, 0.1, 0.0]
22:15:50:INFO:GENERAL:bounds_z:[(1e-06, 0.3), (1e-06, 0.3), (588.999411, 589.000589), (1e-06, 1800), (1e-06, 74200)]
22:15:52:INFO:OPTIMIZER:x:
[    0.028543       0.00102912   589.00000299   899.99999412
 37099.99967172]
22:15:52:INFO:OPTIMIZER:fun:0.0017631748513238558
22:15:52:INFO:OPTIMIZER:nfev:9829
22:15:52:INFO:OPTIMIZER:nit:154
22:15:52:INFO:OPTIMIZER:message:Optimization terminated successfully.
22:15:52:INFO:OPTIMIZER:success:True
22:15:52:INFO:OPTIMIZER:constr:[array([0.])]
22:15:52:INFO:OPTIMIZER:constr_violation:0.0
22:15:52:INFO:OPTIMIZER:maxcv:0.0
22:15:52:INFO:RESULT:A:
[[-0.028543    0.01867981  0.        ]
 [ 0.028543   -0.01970893  0.00002497]
 [ 0.          0.00102912 -0.00002497]]
22:15:52:INFO:RESULT:m_eq:
[  589.00000299   899.99999412 37099.99967172](38588.99966882585)
22:15:52:INFO:RESULT:x_vec:
[    0.028543       0.00102912   589.00000299   899.99999412
 37099.99967172](38589.02924094997)
22:15:52:INFO:RESULT:time_scale:
[  20.99274573 1559.10101347]
22:15:52:INFO:SAVE:message:saving bunch of data...
22:15:52:INFO:SAVE:message:saving optimizer data ...
