21:21:49:INFO:GENERAL:seed:1
21:21:49:INFO:GENERAL:rho:[0.001, 0.001, 0.001]
21:21:49:INFO:GENERAL:bounds_z:[(1e-06, 0.3), (1e-06, 0.3), (588.999411, 589.000589), (1e-06, 1800), (1e-06, 74200)]
21:21:50:INFO:OPTIMIZER:x:
[    0.04110054     0.00382037   589.00027829   621.70484496
 36967.62343041]
21:21:50:INFO:OPTIMIZER:fun:0.0009959231377442285
21:21:50:INFO:OPTIMIZER:nfev:8469
21:21:50:INFO:OPTIMIZER:nit:131
21:21:50:INFO:OPTIMIZER:message:Optimization terminated successfully.
21:21:50:INFO:OPTIMIZER:success:True
21:21:50:INFO:OPTIMIZER:constr:[array([0.])]
21:21:50:INFO:OPTIMIZER:constr_violation:0.0
21:21:50:INFO:OPTIMIZER:maxcv:0.0
21:21:50:INFO:RESULT:A:
[[-0.04110054  0.03893846  0.        ]
 [ 0.04110054 -0.04275883  0.00006425]
 [ 0.          0.00382037 -0.00006425]]
21:21:50:INFO:RESULT:m_eq:
[  589.00027829   621.70484496 36967.62343041](38178.32855366043)
21:21:50:INFO:RESULT:x_vec:
[    0.04110054     0.00382037   589.00027829   621.70484496
 36967.62343041](38178.37347456705)
21:21:50:INFO:RESULT:time_scale:
[ 12.20335238 505.32698703]
21:21:50:INFO:SAVE:message:saving bunch of data...
21:21:50:INFO:SAVE:message:saving optimizer data ...
