22:21:38:INFO:GENERAL:seed:1
22:21:38:INFO:GENERAL:rho:[0.1, 0.0, 0.0]
22:21:38:INFO:GENERAL:bounds_z:[(1e-06, 0.3), (1e-06, 0.3), (588.999411, 589.000589), (1e-06, 1800), (1e-06, 74200)]
22:21:40:INFO:OPTIMIZER:x:
[    0.04792541     0.00254906   588.99981995  1169.5777131
 74199.95924398]
22:21:40:INFO:OPTIMIZER:fun:0.003879175108226502
22:21:40:INFO:OPTIMIZER:nfev:8922
22:21:40:INFO:OPTIMIZER:nit:136
22:21:40:INFO:OPTIMIZER:message:Optimization terminated successfully.
22:21:40:INFO:OPTIMIZER:success:True
22:21:40:INFO:OPTIMIZER:constr:[array([0.])]
22:21:40:INFO:OPTIMIZER:constr_violation:0.0
22:21:40:INFO:OPTIMIZER:maxcv:0.0
22:21:40:INFO:RESULT:A:
[[-0.04792541  0.02413526  0.        ]
 [ 0.04792541 -0.02668432  0.00004018]
 [ 0.          0.00254906 -0.00004018]]
22:21:40:INFO:RESULT:m_eq:
[  588.99981995  1169.5777131  74199.95924398](75958.53677702793)
22:21:40:INFO:RESULT:x_vec:
[    0.04792541     0.00254906   588.99981995  1169.5777131
 74199.95924398](75958.58725150433)
22:21:40:INFO:RESULT:time_scale:
[ 13.71079383 583.20045535]
22:21:40:INFO:SAVE:message:saving bunch of data...
22:21:40:INFO:SAVE:message:saving optimizer data ...
