21:22:37:INFO:GENERAL:seed:1
21:22:37:INFO:GENERAL:rho:[0.01, 0.1, 0.01]
21:22:37:INFO:GENERAL:bounds_z:[(1e-06, 0.3), (1e-06, 0.3), (1e-06, 0.3), (588.999411, 589.000589), (1e-06, 1800), (1e-06, 74200), (1e-06, 1100)]
21:22:42:INFO:OPTIMIZER:x:
[    0.00869019     0.00021794     0.0090572    589.00000383
   899.99996426 37100.00088673   550.00001368]
21:22:42:INFO:OPTIMIZER:fun:0.004194758312436544
21:22:42:INFO:OPTIMIZER:nfev:19749
21:22:42:INFO:OPTIMIZER:nit:373
21:22:42:INFO:OPTIMIZER:message:Optimization terminated successfully.
21:22:42:INFO:OPTIMIZER:success:True
21:22:42:INFO:OPTIMIZER:constr:[array([0.])]
21:22:42:INFO:OPTIMIZER:constr_violation:0.0
21:22:42:INFO:OPTIMIZER:maxcv:0.0
21:22:42:INFO:RESULT:A:
[[-0.0177474   0.00568725  0.          0.00969944]
 [ 0.00869019 -0.00590519  0.00000529  0.        ]
 [ 0.          0.00021794 -0.00000529  0.        ]
 [ 0.0090572   0.          0.         -0.00969944]]
21:22:42:INFO:RESULT:m_eq:
[  589.00000383   899.99996426 37100.00088673   550.00001368](39139.0008684906)
21:22:42:INFO:RESULT:x_vec:
[    0.00869019     0.00021794     0.0090572    589.00000383
   899.99996426 37100.00088673   550.00001368](39139.01883382342)
21:22:42:INFO:RESULT:time_scale:
[  38.87487002  132.7360458  9999.94671879]
21:22:42:INFO:SAVE:message:saving bunch of data...
21:22:42:INFO:SAVE:message:saving optimizer data ...
