22:22:51:INFO:GENERAL:seed:1
22:22:51:INFO:GENERAL:rho:[0.001, 0.0001, 0.01]
22:22:51:INFO:GENERAL:bounds_z:[(1e-06, 0.3), (1e-06, 0.3), (1e-06, 0.3), (588.999411, 589.000589), (1e-06, 1800), (1e-06, 74200), (1e-06, 1100)]
22:23:00:INFO:OPTIMIZER:x:
[   0.05941282    0.03322339    0.03381827  588.99994188  233.51017143
 1502.34974586  459.38801402]
22:23:00:INFO:OPTIMIZER:fun:0.00023808551208439298
22:23:00:INFO:OPTIMIZER:nfev:49887
22:23:00:INFO:OPTIMIZER:nit:771
22:23:00:INFO:OPTIMIZER:message:Optimization terminated successfully.
22:23:00:INFO:OPTIMIZER:success:True
22:23:00:INFO:OPTIMIZER:constr:[array([0.])]
22:23:00:INFO:OPTIMIZER:constr_violation:0.0
22:23:00:INFO:OPTIMIZER:maxcv:0.0
22:23:00:INFO:RESULT:A:
[[-0.09323109  0.14986134  0.          0.04335977]
 [ 0.05941282 -0.18308473  0.00516391  0.        ]
 [ 0.          0.03322339 -0.00516391  0.        ]
 [ 0.03381827  0.          0.         -0.04335977]]
22:23:00:INFO:RESULT:m_eq:
[ 588.99994188  233.51017143 1502.34974586  459.38801402](2784.247873205116)
22:23:00:INFO:RESULT:x_vec:
[   0.05941282    0.03322339    0.03381827  588.99994188  233.51017143
 1502.34974586  459.38801402](2784.374327679253)
22:23:00:INFO:RESULT:time_scale:
[  4.07680806  14.21285566 108.80542054]
22:23:00:INFO:SAVE:message:saving bunch of data...
22:23:00:INFO:SAVE:message:saving optimizer data ...
