21:14:38:INFO:GENERAL:seed:1
21:14:38:INFO:GENERAL:rho:[0.0001, 0.0001, 0.1]
21:14:38:INFO:GENERAL:bounds_z:[(1e-06, 0.3), (1e-06, 0.3), (1e-06, 0.3), (588.999411, 589.000589), (1e-06, 1800), (1e-06, 74200), (1e-06, 1100)]
21:14:55:INFO:OPTIMIZER:x:
[    0.06490133     0.01106771     0.02730176   588.99995669
   278.16467702 36002.6796384    708.54381063]
21:14:55:INFO:OPTIMIZER:fun:0.00023589869956376768
21:14:55:INFO:OPTIMIZER:nfev:90540
21:14:55:INFO:OPTIMIZER:nit:1418
21:14:55:INFO:OPTIMIZER:message:Optimization terminated successfully.
21:14:55:INFO:OPTIMIZER:success:True
21:14:55:INFO:OPTIMIZER:constr:[array([0.])]
21:14:55:INFO:OPTIMIZER:constr_violation:0.0
21:14:55:INFO:OPTIMIZER:maxcv:0.0
21:14:55:INFO:RESULT:A:
[[-0.09220309  0.13742536  0.          0.02269547]
 [ 0.06490133 -0.14849307  0.00008551  0.        ]
 [ 0.          0.01106771 -0.00008551  0.        ]
 [ 0.02730176  0.          0.         -0.02269547]]
21:14:55:INFO:RESULT:m_eq:
[  588.99995669   278.16467702 36002.6796384    708.54381063](37578.38808274255)
21:14:55:INFO:RESULT:x_vec:
[    0.06490133     0.01106771     0.02730176   588.99995669
   278.16467702 36002.6796384    708.54381063](37578.49135354154)
21:14:55:INFO:RESULT:time_scale:
[  4.54484476  24.04534745 537.76925673]
21:14:55:INFO:SAVE:message:saving bunch of data...
21:14:55:INFO:SAVE:message:saving optimizer data ...
