22:16:33:INFO:GENERAL:seed:1
22:16:33:INFO:GENERAL:rho:[0.01, 0.01, 0.001]
22:16:33:INFO:GENERAL:bounds_z:[(1e-06, 0.3), (1e-06, 0.3), (1e-06, 0.3), (588.999411, 589.000589), (1e-06, 1800), (1e-06, 74200), (1e-06, 1100)]
22:16:36:INFO:OPTIMIZER:x:
[    0.00388426     0.00991264     0.03364004   589.0003907
   900.00012112 37100.00414737   549.99984349]
22:16:36:INFO:OPTIMIZER:fun:0.0020159704774363853
22:16:36:INFO:OPTIMIZER:nfev:13927
22:16:36:INFO:OPTIMIZER:nit:213
22:16:36:INFO:OPTIMIZER:message:Optimization terminated successfully.
22:16:36:INFO:OPTIMIZER:success:True
22:16:36:INFO:OPTIMIZER:constr:[array([0.])]
22:16:36:INFO:OPTIMIZER:constr_violation:0.0
22:16:36:INFO:OPTIMIZER:maxcv:0.0
22:16:36:INFO:RESULT:A:
[[-0.0375243   0.00254203  0.          0.03602546]
 [ 0.00388426 -0.01245467  0.00024047  0.        ]
 [ 0.          0.00991264 -0.00024047  0.        ]
 [ 0.03364004  0.          0.         -0.03602546]]
22:16:36:INFO:RESULT:m_eq:
[  589.0003907    900.00012112 37100.00414737   549.99984349](39139.004502689786)
22:16:36:INFO:RESULT:x_vec:
[    0.00388426     0.00991264     0.03364004   589.0003907
   900.00012112 37100.00414737   549.99984349](39139.05193963132)
22:16:36:INFO:RESULT:time_scale:
[ 13.95078185  76.9636384  636.4623456 ]
22:16:36:INFO:SAVE:message:saving bunch of data...
22:16:36:INFO:SAVE:message:saving optimizer data ...
