22:23:46:INFO:GENERAL:seed:1
22:23:46:INFO:GENERAL:rho:[0.1, 0.01, 0.1]
22:23:46:INFO:GENERAL:bounds_z:[(1e-06, 0.3), (1e-06, 0.3), (1e-06, 0.3), (588.999411, 589.000589), (1e-06, 1800), (1e-06, 74200), (1e-06, 1100)]
22:23:53:INFO:OPTIMIZER:x:
[    0.02022976     0.00216582     0.02280462   589.00021412
   900.00000556 37100.01059079   549.99950735]
22:23:53:INFO:OPTIMIZER:fun:0.003937659332083577
22:23:53:INFO:OPTIMIZER:nfev:37213
22:23:53:INFO:OPTIMIZER:nit:585
22:23:53:INFO:OPTIMIZER:message:Optimization terminated successfully.
22:23:53:INFO:OPTIMIZER:success:True
22:23:53:INFO:OPTIMIZER:constr:[array([0.])]
22:23:53:INFO:OPTIMIZER:constr_violation:0.0
22:23:53:INFO:OPTIMIZER:maxcv:0.0
22:23:53:INFO:RESULT:A:
[[-0.04303438  0.01323926  0.          0.02442171]
 [ 0.02022976 -0.01540508  0.00005254  0.        ]
 [ 0.          0.00216582 -0.00005254  0.        ]
 [ 0.02280462  0.          0.         -0.02442171]]
22:23:53:INFO:RESULT:m_eq:
[  589.00021412   900.00000556 37100.01059079   549.99950735](39139.01031782067)
22:23:53:INFO:RESULT:x_vec:
[    0.02022976     0.00216582     0.02280462   589.00021412
   900.00000556 37100.01059079   549.99950735](39139.05551802826)
22:23:53:INFO:RESULT:time_scale:
[  15.85646019   52.90742116 1055.96932971]
22:23:53:INFO:SAVE:message:saving bunch of data...
22:23:53:INFO:SAVE:message:saving optimizer data ...
