21:21:17:INFO:GENERAL:seed:1
21:21:17:INFO:GENERAL:rho:[0.0, 0.001, 0.0]
21:21:17:INFO:GENERAL:bounds_z:[(1e-06, 0.3), (1e-06, 0.3), (588.999411, 589.000589), (1e-06, 1800), (1e-06, 74200)]
21:21:19:INFO:OPTIMIZER:x:
[    0.04127344     0.00383724   589.00055244   620.32202363
 36949.98537862]
21:21:19:INFO:OPTIMIZER:fun:0.0009678760035900018
21:21:19:INFO:OPTIMIZER:nfev:8754
21:21:19:INFO:OPTIMIZER:nit:135
21:21:19:INFO:OPTIMIZER:message:Optimization terminated successfully.
21:21:19:INFO:OPTIMIZER:success:True
21:21:19:INFO:OPTIMIZER:constr:[array([0.])]
21:21:19:INFO:OPTIMIZER:constr_violation:0.0
21:21:19:INFO:OPTIMIZER:maxcv:0.0
21:21:19:INFO:RESULT:A:
[[-0.04127344  0.03918945  0.        ]
 [ 0.04127344 -0.04302669  0.00006442]
 [ 0.          0.00383724 -0.00006442]]
21:21:19:INFO:RESULT:m_eq:
[  589.00055244   620.32202363 36949.98537862](38159.30795468829)
21:21:19:INFO:RESULT:x_vec:
[    0.04127344     0.00383724   589.00055244   620.32202363
 36949.98537862](38159.35306536747)
21:21:19:INFO:RESULT:time_scale:
[ 12.1390006  503.66480222]
21:21:19:INFO:SAVE:message:saving bunch of data...
21:21:19:INFO:SAVE:message:saving optimizer data ...
