22:03:02:INFO:GENERAL:seed:1
22:03:02:INFO:GENERAL:rho:[0.1, 0.1, 0.0001]
22:03:02:INFO:GENERAL:bounds_z:[(1e-06, 0.3), (1e-06, 0.3), (588.999411, 589.000589), (1e-06, 1800), (1e-06, 74200)]
22:03:04:INFO:OPTIMIZER:x:
[    0.05571709     0.00475607   589.00002017   900.00008145
 37099.99935888]
22:03:04:INFO:OPTIMIZER:fun:0.004450757207451616
22:03:04:INFO:OPTIMIZER:nfev:8170
22:03:04:INFO:OPTIMIZER:nit:127
22:03:04:INFO:OPTIMIZER:message:Optimization terminated successfully.
22:03:04:INFO:OPTIMIZER:success:True
22:03:04:INFO:OPTIMIZER:constr:[array([0.])]
22:03:04:INFO:OPTIMIZER:constr_violation:0.0
22:03:04:INFO:OPTIMIZER:maxcv:0.0
22:03:04:INFO:RESULT:A:
[[-0.05571709  0.03646374  0.        ]
 [ 0.05571709 -0.04121981  0.00011538]
 [ 0.          0.00475607 -0.00011538]]
22:03:04:INFO:RESULT:m_eq:
[  589.00002017   900.00008145 37099.99935888](38588.999460494)
22:03:04:INFO:RESULT:x_vec:
[    0.05571709     0.00475607   589.00002017   900.00008145
 37099.99935888](38589.05993365207)
22:03:04:INFO:RESULT:time_scale:
[ 10.62429372 341.48688663]
22:03:04:INFO:SAVE:message:saving bunch of data...
22:03:04:INFO:SAVE:message:saving optimizer data ...
