22:17:13:INFO:GENERAL:seed:1
22:17:13:INFO:GENERAL:rho:[0.0, 0.01, 0.01]
22:17:13:INFO:GENERAL:bounds_z:[(1e-06, 0.3), (1e-06, 0.3), (588.999411, 589.000589), (1e-06, 1800), (1e-06, 74200)]
22:17:15:INFO:OPTIMIZER:x:
[    0.03381503     0.00233452   589.00056523   751.27121187
 37100.23663074]
22:17:15:INFO:OPTIMIZER:fun:0.0017489899026040916
22:17:15:INFO:OPTIMIZER:nfev:9314
22:17:15:INFO:OPTIMIZER:nit:147
22:17:15:INFO:OPTIMIZER:message:Optimization terminated successfully.
22:17:15:INFO:OPTIMIZER:success:True
22:17:15:INFO:OPTIMIZER:constr:[array([0.])]
22:17:15:INFO:OPTIMIZER:constr_violation:0.0
22:17:15:INFO:OPTIMIZER:maxcv:0.0
22:17:15:INFO:RESULT:A:
[[-0.03381503  0.02651116  0.        ]
 [ 0.03381503 -0.02884568  0.00004727]
 [ 0.          0.00233452 -0.00004727]]
22:17:15:INFO:RESULT:m_eq:
[  589.00056523   751.27121187 37100.23663074](38440.508407839356)
22:17:15:INFO:RESULT:x_vec:
[    0.03381503     0.00233452   589.00056523   751.27121187
 37100.23663074](38440.54455739059)
22:17:15:INFO:RESULT:time_scale:
[ 16.29319939 750.3658761 ]
22:17:15:INFO:SAVE:message:saving bunch of data...
22:17:15:INFO:SAVE:message:saving optimizer data ...
