22:20:47:INFO:GENERAL:seed:1
22:20:47:INFO:GENERAL:rho:[0.0, 0.0, 0.0]
22:20:47:INFO:GENERAL:bounds_z:[(1e-06, 0.3), (1e-06, 0.3), (1e-06, 0.3), (588.999411, 589.000589), (1e-06, 1800), (1e-06, 74200), (1e-06, 1100)]
22:20:57:INFO:OPTIMIZER:x:
[   0.05741838    0.04971821    0.0404713   588.99948744  172.46106168
 1492.3768042   474.29466487]
22:20:57:INFO:OPTIMIZER:fun:0.00011968949210622446
22:20:57:INFO:OPTIMIZER:nfev:47918
22:20:57:INFO:OPTIMIZER:nit:747
22:20:57:INFO:OPTIMIZER:message:Optimization terminated successfully.
22:20:57:INFO:OPTIMIZER:success:True
22:20:57:INFO:OPTIMIZER:constr:[array([0.])]
22:20:57:INFO:OPTIMIZER:constr_violation:0.0
22:20:57:INFO:OPTIMIZER:maxcv:0.0
22:20:57:INFO:RESULT:A:
[[-0.09788968  0.19609874  0.          0.050259  ]
 [ 0.05741838 -0.24581695  0.0057455   0.        ]
 [ 0.          0.04971821 -0.0057455   0.        ]
 [ 0.0404713   0.          0.         -0.050259  ]]
22:20:57:INFO:RESULT:m_eq:
[ 588.99948744  172.46106168 1492.3768042   474.29466487](2728.1320181852902)
22:20:57:INFO:RESULT:x_vec:
[   0.05741838    0.04971821    0.0404713   588.99948744  172.46106168
 1492.3768042   474.29466487](2728.27962607723)
22:20:57:INFO:RESULT:time_scale:
[ 3.29268442 11.633176   99.53697371]
22:20:57:INFO:SAVE:message:saving bunch of data...
22:20:57:INFO:SAVE:message:saving optimizer data ...
