22:17:01:INFO:GENERAL:seed:1
22:17:01:INFO:GENERAL:rho:[0.0001, 0.0, 0.01]
22:17:01:INFO:GENERAL:bounds_z:[(1e-06, 0.3), (1e-06, 0.3), (1e-06, 0.3), (588.999411, 589.000589), (1e-06, 1800), (1e-06, 74200), (1e-06, 1100)]
22:17:11:INFO:OPTIMIZER:x:
[    0.05102486     0.01029126     0.01700774   589.00001983
   165.55983164 74196.42132524   490.4112748 ]
22:17:11:INFO:OPTIMIZER:fun:0.00023831476648346177
22:17:11:INFO:OPTIMIZER:nfev:47862
22:17:11:INFO:OPTIMIZER:nit:748
22:17:11:INFO:OPTIMIZER:message:Optimization terminated successfully.
22:17:11:INFO:OPTIMIZER:success:True
22:17:11:INFO:OPTIMIZER:constr:[array([0.])]
22:17:11:INFO:OPTIMIZER:constr_violation:0.0
22:17:11:INFO:OPTIMIZER:maxcv:0.0
22:17:11:INFO:RESULT:A:
[[-0.0680326   0.18152739  0.          0.02042685]
 [ 0.05102486 -0.19181864  0.00002296  0.        ]
 [ 0.          0.01029126 -0.00002296  0.        ]
 [ 0.01700774  0.          0.         -0.02042685]]
22:17:11:INFO:RESULT:m_eq:
[  589.00001983   165.55983164 74196.42132524   490.4112748 ](75441.39245152067)
22:17:11:INFO:RESULT:x_vec:
[    0.05102486     0.01029126     0.01700774   589.00001983
   165.55983164 74196.42132524   490.4112748 ](75441.47077537517)
22:17:11:INFO:RESULT:time_scale:
[  4.08648436  29.16109432 769.42794127]
22:17:11:INFO:SAVE:message:saving bunch of data...
22:17:11:INFO:SAVE:message:saving optimizer data ...
