21:14:38:INFO:GENERAL:seed:1
21:14:38:INFO:GENERAL:rho:[0.001, 0.01, 0.1]
21:14:38:INFO:GENERAL:bounds_z:[(1e-06, 0.3), (1e-06, 0.3), (1e-06, 0.3), (588.999411, 589.000589), (1e-06, 1800), (1e-06, 74200), (1e-06, 1100)]
21:14:50:INFO:OPTIMIZER:x:
[    0.02579882     0.00349508     0.05844101   589.00056099
   957.23036014 37098.16978309   330.10890539]
21:14:50:INFO:OPTIMIZER:fun:0.0012800278808951294
21:14:50:INFO:OPTIMIZER:nfev:70749
21:14:50:INFO:OPTIMIZER:nit:1104
21:14:50:INFO:OPTIMIZER:message:Optimization terminated successfully.
21:14:50:INFO:OPTIMIZER:success:True
21:14:50:INFO:OPTIMIZER:constr:[array([0.])]
21:14:50:INFO:OPTIMIZER:constr_violation:0.0
21:14:50:INFO:OPTIMIZER:maxcv:0.0
21:14:50:INFO:RESULT:A:
[[-0.08423983  0.01587446  0.          0.10427404]
 [ 0.02579882 -0.01936954  0.00009018  0.        ]
 [ 0.          0.00349508 -0.00009018  0.        ]
 [ 0.05844101  0.          0.         -0.10427404]]
21:14:50:INFO:RESULT:m_eq:
[  589.00056099   957.23036014 37098.16978309   330.10890539](38974.50960961389)
21:14:50:INFO:RESULT:x_vec:
[    0.02579882     0.00349508     0.05844101   589.00056099
   957.23036014 37098.16978309   330.10890539](38974.59734452689)
21:14:50:INFO:RESULT:time_scale:
[  5.74296523  31.1728981  565.49022197]
21:14:50:INFO:SAVE:message:saving bunch of data...
21:14:50:INFO:SAVE:message:saving optimizer data ...
