21:21:54:INFO:GENERAL:seed:1
21:21:54:INFO:GENERAL:rho:[0.1, 0.0001, 0.001]
21:21:54:INFO:GENERAL:bounds_z:[(1e-06, 0.3), (1e-06, 0.3), (1e-06, 0.3), (588.999411, 589.000589), (1e-06, 1800), (1e-06, 74200), (1e-06, 1100)]
21:21:57:INFO:OPTIMIZER:x:
[    0.0050413      0.00018731     0.02814137   588.99970862
  1131.92491802 37033.88667424   485.95389673]
21:21:57:INFO:OPTIMIZER:fun:0.003560331804118633
21:21:57:INFO:OPTIMIZER:nfev:12866
21:21:57:INFO:OPTIMIZER:nit:262
21:21:57:INFO:OPTIMIZER:message:Optimization terminated successfully.
21:21:57:INFO:OPTIMIZER:success:True
21:21:57:INFO:OPTIMIZER:constr:[array([0.])]
21:21:57:INFO:OPTIMIZER:constr_violation:0.0
21:21:57:INFO:OPTIMIZER:maxcv:0.0
21:21:57:INFO:RESULT:A:
[[-0.03318267  0.00262325  0.          0.03410871]
 [ 0.0050413  -0.00281056  0.00000572  0.        ]
 [ 0.          0.00018731 -0.00000572  0.        ]
 [ 0.02814137  0.          0.         -0.03410871]]
21:21:57:INFO:RESULT:m_eq:
[  588.99970862  1131.92491802 37033.88667424   485.95389673](39240.76519760246)
21:21:57:INFO:RESULT:x_vec:
[    0.0050413      0.00018731     0.02814137   588.99970862
  1131.92491802 37033.88667424   485.95389673](39240.798567578604)
21:21:57:INFO:RESULT:time_scale:
[  15.44730424  189.70151375 9999.45069361]
21:21:57:INFO:SAVE:message:saving bunch of data...
21:21:57:INFO:SAVE:message:saving optimizer data ...
