22:08:24:INFO:GENERAL:seed:1
22:08:24:INFO:GENERAL:rho:[0.0001, 0.0001, 0.01]
22:08:24:INFO:GENERAL:bounds_z:[(1e-06, 0.3), (1e-06, 0.3), (1e-06, 0.3), (588.999411, 589.000589), (1e-06, 1800), (1e-06, 74200), (1e-06, 1100)]
22:08:30:INFO:OPTIMIZER:x:
[    0.0160756      0.00235977     0.04733698   588.9999844
   694.15718418 36753.36105323   191.56984554]
22:08:30:INFO:OPTIMIZER:fun:0.00017164155511105783
22:08:30:INFO:OPTIMIZER:nfev:36937
22:08:30:INFO:OPTIMIZER:nit:577
22:08:30:INFO:OPTIMIZER:message:Optimization terminated successfully.
22:08:30:INFO:OPTIMIZER:success:True
22:08:30:INFO:OPTIMIZER:constr:[array([0.])]
22:08:30:INFO:OPTIMIZER:constr_violation:0.0
22:08:30:INFO:OPTIMIZER:maxcv:0.0
22:08:30:INFO:RESULT:A:
[[-0.06341259  0.01364033  0.          0.14554213]
 [ 0.0160756  -0.0160001   0.00004457  0.        ]
 [ 0.          0.00235977 -0.00004457  0.        ]
 [ 0.04733698  0.          0.         -0.14554213]]
22:08:30:INFO:RESULT:m_eq:
[  588.9999844    694.15718418 36753.36105323   191.56984554](38228.088067349956)
22:08:30:INFO:RESULT:x_vec:
[    0.0160756      0.00235977     0.04733698   588.9999844
   694.15718418 36753.36105323   191.56984554](38228.153839709936)
22:08:30:INFO:RESULT:time_scale:
[  5.06531395  37.76471884 910.32358739]
22:08:30:INFO:SAVE:message:saving bunch of data...
22:08:30:INFO:SAVE:message:saving optimizer data ...
