21:13:58:INFO:GENERAL:seed:1
21:13:58:INFO:GENERAL:rho:[0.0, 0.01, 0.01]
21:13:58:INFO:GENERAL:bounds_z:[(1e-06, 0.3), (1e-06, 0.3), (1e-06, 0.3), (588.999411, 589.000589), (1e-06, 1800), (1e-06, 74200), (1e-06, 1100)]
21:14:03:INFO:OPTIMIZER:x:
[    0.0257973      0.00348252     0.05892459   589.00055918
   959.092166   37081.22891801   329.4808705 ]
21:14:03:INFO:OPTIMIZER:fun:0.0012278385965289124
21:14:03:INFO:OPTIMIZER:nfev:28503
21:14:03:INFO:OPTIMIZER:nit:441
21:14:03:INFO:OPTIMIZER:message:Optimization terminated successfully.
21:14:03:INFO:OPTIMIZER:success:True
21:14:03:INFO:OPTIMIZER:constr:[array([0.])]
21:14:03:INFO:OPTIMIZER:constr_violation:0.0
21:14:03:INFO:OPTIMIZER:maxcv:0.0
21:14:03:INFO:RESULT:A:
[[-0.08472189  0.01584271  0.          0.10533728]
 [ 0.0257973  -0.01932523  0.00009007  0.        ]
 [ 0.          0.00348252 -0.00009007  0.        ]
 [ 0.05892459  0.          0.         -0.10533728]]
21:14:03:INFO:RESULT:m_eq:
[  589.00055918   959.092166   37081.22891801   329.4808705 ](38958.80251368747)
21:14:03:INFO:RESULT:x_vec:
[    0.0257973      0.00348252     0.05892459   589.00055918
   959.092166   37081.22891801   329.4808705 ](38958.89071808998)
21:14:03:INFO:RESULT:time_scale:
[  5.69367085  31.17597942 566.61326334]
21:14:03:INFO:SAVE:message:saving bunch of data...
21:14:03:INFO:SAVE:message:saving optimizer data ...
