22:02:27:INFO:GENERAL:seed:1
22:02:27:INFO:GENERAL:rho:[0.01, 0.0, 0.0001]
22:02:27:INFO:GENERAL:bounds_z:[(1e-06, 0.3), (1e-06, 0.3), (1e-06, 0.3), (588.999411, 589.000589), (1e-06, 1800), (1e-06, 74200), (1e-06, 1100)]
22:02:32:INFO:OPTIMIZER:x:
[    0.02093624     0.00254329     0.06132686   589.00025441
  1077.93166323 74197.96246329   384.27867112]
22:02:32:INFO:OPTIMIZER:fun:0.0006947937252171606
22:02:32:INFO:OPTIMIZER:nfev:23120
22:02:32:INFO:OPTIMIZER:nit:356
22:02:32:INFO:OPTIMIZER:message:Optimization terminated successfully.
22:02:32:INFO:OPTIMIZER:success:True
22:02:32:INFO:OPTIMIZER:constr:[array([0.])]
22:02:32:INFO:OPTIMIZER:constr_violation:0.0
22:02:32:INFO:OPTIMIZER:maxcv:0.0
22:02:32:INFO:RESULT:A:
[[-0.0822631   0.01143992  0.          0.09399829]
 [ 0.02093624 -0.01398321  0.00003695  0.        ]
 [ 0.          0.00254329 -0.00003695  0.        ]
 [ 0.06132686  0.          0.         -0.09399829]]
22:02:32:INFO:RESULT:m_eq:
[  589.00025441  1077.93166323 74197.96246329   384.27867112](76249.17305204838)
22:02:32:INFO:RESULT:x_vec:
[    0.02093624     0.00254329     0.06132686   589.00025441
  1077.93166323 74197.96246329   384.27867112](76249.25785844018)
22:02:32:INFO:RESULT:time_scale:
[  6.0599416   41.73149162 768.79417771]
22:02:32:INFO:SAVE:message:saving bunch of data...
22:02:32:INFO:SAVE:message:saving optimizer data ...
