21:13:18:INFO:GENERAL:seed:1
21:13:18:INFO:GENERAL:rho:[0.0001, 0.1, 0.001]
21:13:18:INFO:GENERAL:bounds_z:[(1e-06, 0.3), (1e-06, 0.3), (588.999411, 589.000589), (1e-06, 1800), (1e-06, 74200)]
21:13:20:INFO:OPTIMIZER:x:
[    0.07113201     0.00457908   589.00000327   899.99999349
 37099.99992843]
21:13:20:INFO:OPTIMIZER:fun:0.0007992719139157381
21:13:20:INFO:OPTIMIZER:nfev:9115
21:13:20:INFO:OPTIMIZER:nit:142
21:13:20:INFO:OPTIMIZER:message:Optimization terminated successfully.
21:13:20:INFO:OPTIMIZER:success:True
21:13:20:INFO:OPTIMIZER:constr:[array([0.])]
21:13:20:INFO:OPTIMIZER:constr_violation:0.0
21:13:20:INFO:OPTIMIZER:maxcv:0.0
21:13:20:INFO:RESULT:A:
[[-0.07113201  0.04655195  0.        ]
 [ 0.07113201 -0.05113103  0.00011108]
 [ 0.          0.00457908 -0.00011108]]
21:13:20:INFO:RESULT:m_eq:
[  589.00000327   899.99999349 37099.99992843](38588.99992518919)
21:13:20:INFO:RESULT:x_vec:
[    0.07113201     0.00457908   589.00000327   899.99999349
 37099.99992843](38589.0756362749)
21:13:20:INFO:RESULT:time_scale:
[  8.36540135 352.84233991]
21:13:20:INFO:SAVE:message:saving bunch of data...
21:13:20:INFO:SAVE:message:saving optimizer data ...
