22:23:10:INFO:GENERAL:seed:1
22:23:10:INFO:GENERAL:rho:[0.0001, 0.01, 0.1]
22:23:10:INFO:GENERAL:bounds_z:[(1e-06, 0.3), (1e-06, 0.3), (588.999411, 589.000589), (1e-06, 1800), (1e-06, 74200)]
22:23:11:INFO:OPTIMIZER:x:
[    0.07113055     0.00457943   588.99993007   900.00019497
 37100.00287228]
22:23:11:INFO:OPTIMIZER:fun:0.0007992720217544475
22:23:11:INFO:OPTIMIZER:nfev:9097
22:23:11:INFO:OPTIMIZER:nit:142
22:23:11:INFO:OPTIMIZER:message:Optimization terminated successfully.
22:23:11:INFO:OPTIMIZER:success:True
22:23:11:INFO:OPTIMIZER:constr:[array([0.])]
22:23:11:INFO:OPTIMIZER:constr_violation:0.0
22:23:11:INFO:OPTIMIZER:maxcv:0.0
22:23:11:INFO:RESULT:A:
[[-0.07113055  0.04655098  0.        ]
 [ 0.07113055 -0.0511304   0.00011109]
 [ 0.          0.00457943 -0.00011109]]
22:23:11:INFO:RESULT:m_eq:
[  588.99993007   900.00019497 37100.00287228](38589.00299731462)
22:23:11:INFO:RESULT:x_vec:
[    0.07113055     0.00457943   588.99993007   900.00019497
 37100.00287228](38589.07870728971)
22:23:11:INFO:RESULT:time_scale:
[  8.36556154 352.81573945]
22:23:11:INFO:SAVE:message:saving bunch of data...
22:23:11:INFO:SAVE:message:saving optimizer data ...
