22:21:16:INFO:GENERAL:seed:1
22:21:16:INFO:GENERAL:rho:[0.001, 0.0, 0.0]
22:21:16:INFO:GENERAL:bounds_z:[(1e-06, 0.3), (1e-06, 0.3), (1e-06, 0.3), (588.999411, 589.000589), (1e-06, 1800), (1e-06, 74200), (1e-06, 1100)]
22:21:25:INFO:OPTIMIZER:x:
[   0.06088521    0.02929657    0.0313985   589.00031143  256.34749153
 1503.74834699  450.87494711]
22:21:25:INFO:OPTIMIZER:fun:0.00020689421034638994
22:21:25:INFO:OPTIMIZER:nfev:47177
22:21:25:INFO:OPTIMIZER:nit:726
22:21:25:INFO:OPTIMIZER:message:Optimization terminated successfully.
22:21:25:INFO:OPTIMIZER:success:True
22:21:25:INFO:OPTIMIZER:constr:[array([0.])]
22:21:25:INFO:OPTIMIZER:constr_violation:0.0
22:21:25:INFO:OPTIMIZER:maxcv:0.0
22:21:25:INFO:RESULT:A:
[[-0.09228371  0.13989374  0.          0.04101742]
 [ 0.06088521 -0.1691903   0.00499425  0.        ]
 [ 0.          0.02929657 -0.00499425  0.        ]
 [ 0.0313985   0.          0.         -0.04101742]]
22:21:25:INFO:RESULT:m_eq:
[ 589.00031143  256.34749153 1503.74834699  450.87494711](2799.971097063075)
22:21:25:INFO:RESULT:x_vec:
[   0.06088521    0.02929657    0.0313985   589.00031143  256.34749153
 1503.74834699  450.87494711](2800.092677342751)
22:21:25:INFO:RESULT:time_scale:
[  4.28702115  15.3194333  111.77029486]
22:21:25:INFO:SAVE:message:saving bunch of data...
22:21:25:INFO:SAVE:message:saving optimizer data ...
