21:21:07:INFO:GENERAL:seed:1
21:21:07:INFO:GENERAL:rho:[0.0, 0.0001, 0.0001]
21:21:07:INFO:GENERAL:bounds_z:[(1e-06, 0.3), (1e-06, 0.3), (588.999411, 589.000589), (1e-06, 1800), (1e-06, 74200)]
21:21:10:INFO:OPTIMIZER:x:
[  0.05725796   0.0164848  589.00050136 402.25854292 787.01574257]
21:21:10:INFO:OPTIMIZER:fun:0.0002566234111421648
21:21:10:INFO:OPTIMIZER:nfev:17129
21:21:10:INFO:OPTIMIZER:nit:267
21:21:10:INFO:OPTIMIZER:message:Optimization terminated successfully.
21:21:10:INFO:OPTIMIZER:success:True
21:21:10:INFO:OPTIMIZER:constr:[array([0.])]
21:21:10:INFO:OPTIMIZER:constr_violation:0.0
21:21:10:INFO:OPTIMIZER:maxcv:0.0
21:21:10:INFO:RESULT:A:
[[-0.05725796  0.08383903  0.        ]
 [ 0.05725796 -0.10032383  0.00842569]
 [ 0.          0.0164848  -0.00842569]]
21:21:10:INFO:RESULT:m_eq:
[589.00050136 402.25854292 787.01574257](1778.2747868496422)
21:21:10:INFO:RESULT:x_vec:
[  0.05725796   0.0164848  589.00050136 402.25854292 787.01574257](1778.3485296072156)
21:21:10:INFO:RESULT:time_scale:
[ 6.58007357 71.25810092]
21:21:10:INFO:SAVE:message:saving bunch of data...
21:21:10:INFO:SAVE:message:saving optimizer data ...
