21:13:23:INFO:GENERAL:seed:1
21:13:23:INFO:GENERAL:rho:[0.001, 0.01, 0.001]
21:13:23:INFO:GENERAL:bounds_z:[(1e-06, 0.3), (1e-06, 0.3), (588.999411, 589.000589), (1e-06, 1800), (1e-06, 74200)]
21:13:25:INFO:OPTIMIZER:x:
[    0.07097258     0.00458093   589.00002742   900.00007436
 37099.99959117]
21:13:25:INFO:OPTIMIZER:fun:0.0008359459982392082
21:13:25:INFO:OPTIMIZER:nfev:9405
21:13:25:INFO:OPTIMIZER:nit:145
21:13:25:INFO:OPTIMIZER:message:Optimization terminated successfully.
21:13:25:INFO:OPTIMIZER:success:True
21:13:25:INFO:OPTIMIZER:constr:[array([0.])]
21:13:25:INFO:OPTIMIZER:constr_violation:0.0
21:13:25:INFO:OPTIMIZER:maxcv:0.0
21:13:25:INFO:RESULT:A:
[[-0.07097258  0.04644761  0.        ]
 [ 0.07097258 -0.05102854  0.00011113]
 [ 0.          0.00458093 -0.00011113]]
21:13:25:INFO:RESULT:m_eq:
[  589.00002742   900.00007436 37099.99959117](38588.99969294886)
21:13:25:INFO:RESULT:x_vec:
[    0.07097258     0.00458093   589.00002742   900.00007436
 37099.99959117](38589.07524646601)
21:13:25:INFO:RESULT:time_scale:
[  8.38383893 352.71422152]
21:13:25:INFO:SAVE:message:saving bunch of data...
21:13:25:INFO:SAVE:message:saving optimizer data ...
