22:16:14:INFO:GENERAL:seed:1
22:16:14:INFO:GENERAL:rho:[0.01, 0.0, 0.0]
22:16:14:INFO:GENERAL:bounds_z:[(1e-06, 0.3), (1e-06, 0.3), (588.999411, 589.000589), (1e-06, 1800), (1e-06, 74200)]
22:16:17:INFO:OPTIMIZER:x:
[  0.05304662   0.01409849 589.00054681 432.96378196 780.85942859]
22:16:17:INFO:OPTIMIZER:fun:0.0007405151259248397
22:16:17:INFO:OPTIMIZER:nfev:14093
22:16:17:INFO:OPTIMIZER:nit:218
22:16:17:INFO:OPTIMIZER:message:Optimization terminated successfully.
22:16:17:INFO:OPTIMIZER:success:True
22:16:17:INFO:OPTIMIZER:constr:[array([0.])]
22:16:17:INFO:OPTIMIZER:constr_violation:0.0
22:16:17:INFO:OPTIMIZER:maxcv:0.0
22:16:17:INFO:RESULT:A:
[[-0.05304662  0.07216421  0.        ]
 [ 0.05304662 -0.0862627   0.0078172 ]
 [ 0.          0.01409849 -0.0078172 ]]
22:16:17:INFO:RESULT:m_eq:
[589.00054681 432.96378196 780.85942859](1802.8237573608214)
22:16:17:INFO:RESULT:x_vec:
[  0.05304662   0.01409849 589.00054681 432.96378196 780.85942859](1802.8909024711693)
22:16:17:INFO:RESULT:time_scale:
[ 7.44787691 77.76008778]
22:16:17:INFO:SAVE:message:saving bunch of data...
22:16:17:INFO:SAVE:message:saving optimizer data ...
