22:22:14:INFO:GENERAL:seed:1
22:22:14:INFO:GENERAL:rho:[0.1, 0.0, 0.001]
22:22:14:INFO:GENERAL:bounds_z:[(1e-06, 0.3), (1e-06, 0.3), (1e-06, 0.3), (588.999411, 589.000589), (1e-06, 1800), (1e-06, 74200), (1e-06, 1100)]
22:22:19:INFO:OPTIMIZER:x:
[    0.021526       0.00347555     0.02514249   588.99959692
   824.91257507 74191.84816395   495.83776562]
22:22:19:INFO:OPTIMIZER:fun:0.0038926797671423683
22:22:19:INFO:OPTIMIZER:nfev:23766
22:22:19:INFO:OPTIMIZER:nit:370
22:22:19:INFO:OPTIMIZER:message:Optimization terminated successfully.
22:22:19:INFO:OPTIMIZER:success:True
22:22:19:INFO:OPTIMIZER:constr:[array([0.])]
22:22:19:INFO:OPTIMIZER:constr_violation:0.0
22:22:19:INFO:OPTIMIZER:maxcv:0.0
22:22:19:INFO:RESULT:A:
[[-0.04666849  0.01536988  0.          0.02986645]
 [ 0.021526   -0.01884542  0.00003864  0.        ]
 [ 0.          0.00347555 -0.00003864  0.        ]
 [ 0.02514249  0.          0.         -0.02986645]]
22:22:19:INFO:RESULT:m_eq:
[  588.99959692   824.91257507 74191.84816395   495.83776562](76101.59810156189)
22:22:19:INFO:RESULT:x_vec:
[    0.021526       0.00347555     0.02514249   588.99959692
   824.91257507 74191.84816395   495.83776562](76101.64824559583)
22:22:19:INFO:RESULT:time_scale:
[ 14.05058211  43.78769853 709.16266182]
22:22:19:INFO:SAVE:message:saving bunch of data...
22:22:19:INFO:SAVE:message:saving optimizer data ...
