22:16:44:INFO:GENERAL:seed:1
22:16:44:INFO:GENERAL:rho:[0.1, 0.0001, 0.001]
22:16:44:INFO:GENERAL:bounds_z:[(1e-06, 0.3), (1e-06, 0.3), (588.999411, 589.000589), (1e-06, 1800), (1e-06, 74200)]
22:16:46:INFO:OPTIMIZER:x:
[    0.02983635     0.00234424   589.0005126    758.70220124
 37475.92139961]
22:16:46:INFO:OPTIMIZER:fun:0.003178337365917357
22:16:46:INFO:OPTIMIZER:nfev:7230
22:16:46:INFO:OPTIMIZER:nit:111
22:16:46:INFO:OPTIMIZER:message:Optimization terminated successfully.
22:16:46:INFO:OPTIMIZER:success:True
22:16:46:INFO:OPTIMIZER:constr:[array([0.])]
22:16:46:INFO:OPTIMIZER:constr_violation:0.0
22:16:46:INFO:OPTIMIZER:maxcv:0.0
22:16:46:INFO:RESULT:A:
[[-0.02983635  0.02316275  0.        ]
 [ 0.02983635 -0.02550699  0.00004746]
 [ 0.          0.00234424 -0.00004746]]
22:16:46:INFO:RESULT:m_eq:
[  589.0005126    758.70220124 37475.92139961](38823.624113443744)
22:16:46:INFO:RESULT:x_vec:
[    0.02983635     0.00234424   589.0005126    758.70220124
 37475.92139961](38823.65629403914)
22:16:46:INFO:RESULT:time_scale:
[ 18.50131334 745.94282012]
22:16:46:INFO:SAVE:message:saving bunch of data...
22:16:46:INFO:SAVE:message:saving optimizer data ...
