21:14:51:INFO:GENERAL:seed:1
21:14:51:INFO:GENERAL:rho:[0.01, 0.1, 0.1]
21:14:51:INFO:GENERAL:bounds_z:[(1e-06, 0.3), (1e-06, 0.3), (588.999411, 589.000589), (1e-06, 1800), (1e-06, 74200)]
21:14:53:INFO:OPTIMIZER:x:
[    0.06944977     0.00459557   588.99999973   900.00000498
 37099.9996604 ]
21:14:53:INFO:OPTIMIZER:fun:0.0011984635566629864
21:14:53:INFO:OPTIMIZER:nfev:9154
21:14:53:INFO:OPTIMIZER:nit:142
21:14:53:INFO:OPTIMIZER:message:Optimization terminated successfully.
21:14:53:INFO:OPTIMIZER:success:True
21:14:53:INFO:OPTIMIZER:constr:[array([0.])]
21:14:53:INFO:OPTIMIZER:constr_violation:0.0
21:14:53:INFO:OPTIMIZER:maxcv:0.0
21:14:53:INFO:RESULT:A:
[[-0.06944977  0.04545102  0.        ]
 [ 0.06944977 -0.05004659  0.00011148]
 [ 0.          0.00459557 -0.00011148]]
21:14:53:INFO:RESULT:m_eq:
[  588.99999973   900.00000498 37099.9996604 ](38588.99966510381)
21:14:53:INFO:RESULT:x_vec:
[    0.06944977     0.00459557   588.99999973   900.00000498
 37099.9996604 ](38589.07371045003)
21:14:53:INFO:RESULT:time_scale:
[  8.56422689 351.73184641]
21:14:53:INFO:SAVE:message:saving bunch of data...
21:14:53:INFO:SAVE:message:saving optimizer data ...
