21:13:36:INFO:GENERAL:seed:1
21:13:36:INFO:GENERAL:rho:[0.0, 0.1, 0.001]
21:13:36:INFO:GENERAL:bounds_z:[(1e-06, 0.3), (1e-06, 0.3), (1e-06, 0.3), (588.999411, 589.000589), (1e-06, 1800), (1e-06, 74200), (1e-06, 1100)]
21:13:39:INFO:OPTIMIZER:x:
[    0.0150794      0.00447102     0.05827771   589.00000286
   900.00000629 37099.99914416   549.99999569]
21:13:39:INFO:OPTIMIZER:fun:0.001040647318589343
21:13:39:INFO:OPTIMIZER:nfev:14090
21:13:39:INFO:OPTIMIZER:nit:218
21:13:39:INFO:OPTIMIZER:message:Optimization terminated successfully.
21:13:39:INFO:OPTIMIZER:success:True
21:13:39:INFO:OPTIMIZER:constr:[array([0.])]
21:13:39:INFO:OPTIMIZER:constr_violation:0.0
21:13:39:INFO:OPTIMIZER:maxcv:0.0
21:13:39:INFO:RESULT:A:
[[-0.0733571   0.00986863  0.          0.06241013]
 [ 0.0150794  -0.01433964  0.00010846  0.        ]
 [ 0.          0.00447102 -0.00010846  0.        ]
 [ 0.05827771  0.          0.         -0.06241013]]
21:13:39:INFO:RESULT:m_eq:
[  589.00000286   900.00000629 37099.99914416   549.99999569](39138.99914900339)
21:13:39:INFO:RESULT:x_vec:
[    0.0150794      0.00447102     0.05827771   589.00000286
   900.00000629 37099.99914416   549.99999569](39139.07697712412)
21:13:39:INFO:RESULT:time_scale:
[  7.74292628  51.85983029 561.02543508]
21:13:39:INFO:SAVE:message:saving bunch of data...
21:13:39:INFO:SAVE:message:saving optimizer data ...
