22:18:41:INFO:GENERAL:seed:1
22:18:41:INFO:GENERAL:rho:[0.0, 0.1, 0.1]
22:18:41:INFO:GENERAL:bounds_z:[(1e-06, 0.3), (1e-06, 0.3), (588.999411, 589.000589), (1e-06, 1800), (1e-06, 74200)]
22:18:43:INFO:OPTIMIZER:x:
[    0.02855356     0.00102956   588.99999554   899.99999993
 37100.00043253]
22:18:43:INFO:OPTIMIZER:fun:0.001761566023397454
22:18:43:INFO:OPTIMIZER:nfev:9733
22:18:43:INFO:OPTIMIZER:nit:153
22:18:43:INFO:OPTIMIZER:message:Optimization terminated successfully.
22:18:43:INFO:OPTIMIZER:success:True
22:18:43:INFO:OPTIMIZER:constr:[array([0.])]
22:18:43:INFO:OPTIMIZER:constr_violation:0.0
22:18:43:INFO:OPTIMIZER:maxcv:0.0
22:18:43:INFO:RESULT:A:
[[-0.02855356  0.01868672  0.        ]
 [ 0.02855356 -0.01971628  0.00002498]
 [ 0.          0.00102956 -0.00002498]]
22:18:43:INFO:RESULT:m_eq:
[  588.99999554   899.99999993 37100.00043253](38589.00042799835)
22:18:43:INFO:RESULT:x_vec:
[    0.02855356     0.00102956   588.99999554   899.99999993
 37100.00043253](38589.030011115)
22:18:43:INFO:RESULT:time_scale:
[  20.98497415 1558.44315098]
22:18:43:INFO:SAVE:message:saving bunch of data...
22:18:43:INFO:SAVE:message:saving optimizer data ...
