22:15:41:INFO:GENERAL:seed:1
22:15:41:INFO:GENERAL:rho:[0.1, 0.01, 0.0]
22:15:41:INFO:GENERAL:bounds_z:[(1e-06, 0.3), (1e-06, 0.3), (588.999411, 589.000589), (1e-06, 1800), (1e-06, 74200)]
22:15:42:INFO:OPTIMIZER:x:
[    0.02585174     0.0010794    589.00005287   899.99994568
 37100.00317126]
22:15:42:INFO:OPTIMIZER:fun:0.00329289442148438
22:15:42:INFO:OPTIMIZER:nfev:8544
22:15:42:INFO:OPTIMIZER:nit:133
22:15:42:INFO:OPTIMIZER:message:Optimization terminated successfully.
22:15:42:INFO:OPTIMIZER:success:True
22:15:42:INFO:OPTIMIZER:constr:[array([0.])]
22:15:42:INFO:OPTIMIZER:constr_violation:0.0
22:15:42:INFO:OPTIMIZER:maxcv:0.0
22:15:42:INFO:RESULT:A:
[[-0.02585174  0.01691853  0.        ]
 [ 0.02585174 -0.01799793  0.00002618]
 [ 0.          0.0010794  -0.00002618]]
22:15:42:INFO:RESULT:m_eq:
[  589.00005287   899.99994568 37100.00317126](38589.00316980594)
22:15:42:INFO:RESULT:x_vec:
[    0.02585174     0.0010794    589.00005287   899.99994568
 37100.00317126](38589.03010094248)
22:15:42:INFO:RESULT:time_scale:
[  23.14597686 1488.54649816]
22:15:42:INFO:SAVE:message:saving bunch of data...
22:15:42:INFO:SAVE:message:saving optimizer data ...
