21:13:04:INFO:GENERAL:seed:1
21:13:04:INFO:GENERAL:rho:[0.0001, 0.01, 0.0001]
21:13:04:INFO:GENERAL:bounds_z:[(1e-06, 0.3), (1e-06, 0.3), (588.999411, 589.000589), (1e-06, 1800), (1e-06, 74200)]
21:13:06:INFO:OPTIMIZER:x:
[    0.07114547     0.00457917   588.99998882   900.00007491
 37099.99992428]
21:13:06:INFO:OPTIMIZER:fun:0.0007992718523651629
21:13:06:INFO:OPTIMIZER:nfev:9319
21:13:06:INFO:OPTIMIZER:nit:144
21:13:06:INFO:OPTIMIZER:message:Optimization terminated successfully.
21:13:06:INFO:OPTIMIZER:success:True
21:13:06:INFO:OPTIMIZER:constr:[array([0.])]
21:13:06:INFO:OPTIMIZER:constr_violation:0.0
21:13:06:INFO:OPTIMIZER:maxcv:0.0
21:13:06:INFO:RESULT:A:
[[-0.07114547  0.04656075  0.        ]
 [ 0.07114547 -0.05113992  0.00011109]
 [ 0.          0.00457917 -0.00011109]]
21:13:06:INFO:RESULT:m_eq:
[  588.99998882   900.00007491 37099.99992428](38588.99998800586)
21:13:06:INFO:RESULT:x_vec:
[    0.07114547     0.00457917   588.99998882   900.00007491
 37099.99992428](38589.07571264538)
21:13:06:INFO:RESULT:time_scale:
[  8.36384169 352.8340069 ]
21:13:06:INFO:SAVE:message:saving bunch of data...
21:13:06:INFO:SAVE:message:saving optimizer data ...
