22:17:30:INFO:GENERAL:seed:1
22:17:30:INFO:GENERAL:rho:[0.0, 0.0001, 0.1]
22:17:30:INFO:GENERAL:bounds_z:[(1e-06, 0.3), (1e-06, 0.3), (588.999411, 589.000589), (1e-06, 1800), (1e-06, 74200)]
22:17:32:INFO:OPTIMIZER:x:
[    0.04175614     0.00392575   589.00057782   613.80912406
 35306.01625275]
22:17:32:INFO:OPTIMIZER:fun:0.0008734673982591693
22:17:32:INFO:OPTIMIZER:nfev:8410
22:17:32:INFO:OPTIMIZER:nit:131
22:17:32:INFO:OPTIMIZER:message:Optimization terminated successfully.
22:17:32:INFO:OPTIMIZER:success:True
22:17:32:INFO:OPTIMIZER:constr:[array([0.])]
22:17:32:INFO:OPTIMIZER:constr_violation:0.0
22:17:32:INFO:OPTIMIZER:maxcv:0.0
22:17:32:INFO:RESULT:A:
[[-0.04175614  0.04006847  0.        ]
 [ 0.04175614 -0.04399422  0.00006825]
 [ 0.          0.00392575 -0.00006825]]
22:17:32:INFO:RESULT:m_eq:
[  589.00057782   613.80912406 35306.01625275](36508.82595463001)
22:17:32:INFO:RESULT:x_vec:
[    0.04175614     0.00392575   589.00057782   613.80912406
 35306.01625275](36508.871636524374)
22:17:32:INFO:RESULT:time_scale:
[ 11.93378187 494.34432217]
22:17:32:INFO:SAVE:message:saving bunch of data...
22:17:32:INFO:SAVE:message:saving optimizer data ...
