21:23:17:INFO:GENERAL:seed:1
21:23:17:INFO:GENERAL:rho:[0.01, 0.1, 0.1]
21:23:17:INFO:GENERAL:bounds_z:[(1e-06, 0.3), (1e-06, 0.3), (588.999411, 589.000589), (1e-06, 1800), (1e-06, 74200)]
21:23:18:INFO:OPTIMIZER:x:
[    0.02822299     0.00103508   589.00000993   899.99999619
 37099.99971087]
21:23:18:INFO:OPTIMIZER:fun:0.001921623999403274
21:23:18:INFO:OPTIMIZER:nfev:9696
21:23:18:INFO:OPTIMIZER:nit:149
21:23:18:INFO:OPTIMIZER:message:Optimization terminated successfully.
21:23:18:INFO:OPTIMIZER:success:True
21:23:18:INFO:OPTIMIZER:constr:[array([0.])]
21:23:18:INFO:OPTIMIZER:constr_violation:0.0
21:23:18:INFO:OPTIMIZER:maxcv:0.0
21:23:18:INFO:RESULT:A:
[[-0.02822299  0.01847038  0.        ]
 [ 0.02822299 -0.01950545  0.00002511]
 [ 0.          0.00103508 -0.00002511]]
21:23:18:INFO:RESULT:m_eq:
[  589.00000993   899.99999619 37099.99971087](38588.99971699444)
21:23:18:INFO:RESULT:x_vec:
[    0.02822299     0.00103508   589.00000993   899.99999619
 37099.99971087](38589.028975056695)
21:23:18:INFO:RESULT:time_scale:
[  21.22757392 1550.36637776]
21:23:18:INFO:SAVE:message:saving bunch of data...
21:23:18:INFO:SAVE:message:saving optimizer data ...
