22:06:54:INFO:GENERAL:seed:1
22:06:54:INFO:GENERAL:rho:[0.001, 0.001, 0.0]
22:06:54:INFO:GENERAL:bounds_z:[(1e-06, 0.3), (1e-06, 0.3), (588.999411, 589.000589), (1e-06, 1800), (1e-06, 74200)]
22:06:55:INFO:OPTIMIZER:x:
[    0.04109789     0.00382032   589.00058166   621.71731388
 36963.85404137]
22:06:55:INFO:OPTIMIZER:fun:0.0009959230063546767
22:06:55:INFO:OPTIMIZER:nfev:8539
22:06:55:INFO:OPTIMIZER:nit:132
22:06:55:INFO:OPTIMIZER:message:Optimization terminated successfully.
22:06:55:INFO:OPTIMIZER:success:True
22:06:55:INFO:OPTIMIZER:constr:[array([0.])]
22:06:55:INFO:OPTIMIZER:constr_violation:0.0
22:06:55:INFO:OPTIMIZER:maxcv:0.0
22:06:55:INFO:RESULT:A:
[[-0.04109789  0.03893519  0.        ]
 [ 0.04109789 -0.04275551  0.00006426]
 [ 0.          0.00382032 -0.00006426]]
22:06:55:INFO:RESULT:m_eq:
[  589.00058166   621.71731388 36963.85404137](38174.571936915025)
22:06:55:INFO:RESULT:x_vec:
[    0.04109789     0.00382032   589.00058166   621.71731388
 36963.85404137](38174.61685513089)
22:06:55:INFO:RESULT:time_scale:
[ 12.20423798 505.32740399]
22:06:55:INFO:SAVE:message:saving bunch of data...
22:06:55:INFO:SAVE:message:saving optimizer data ...
