22:03:27:INFO:GENERAL:seed:1
22:03:27:INFO:GENERAL:rho:[0.01, 0.1, 0.001]
22:03:27:INFO:GENERAL:bounds_z:[(1e-06, 0.3), (1e-06, 0.3), (1e-06, 0.3), (588.999411, 589.000589), (1e-06, 1800), (1e-06, 74200), (1e-06, 1100)]
22:03:29:INFO:OPTIMIZER:x:
[    0.01512793     0.00440388     0.05615267   588.99998943
   900.00001965 37099.9997045    549.99998791]
22:03:29:INFO:OPTIMIZER:fun:0.0014106811717331808
22:03:29:INFO:OPTIMIZER:nfev:14279
22:03:29:INFO:OPTIMIZER:nit:221
22:03:29:INFO:OPTIMIZER:message:Optimization terminated successfully.
22:03:29:INFO:OPTIMIZER:success:True
22:03:29:INFO:OPTIMIZER:constr:[array([0.])]
22:03:29:INFO:OPTIMIZER:constr_violation:0.0
22:03:29:INFO:OPTIMIZER:maxcv:0.0
22:03:29:INFO:RESULT:A:
[[-0.0712806   0.00990039  0.          0.06013441]
 [ 0.01512793 -0.01430426  0.00010683  0.        ]
 [ 0.          0.00440388 -0.00010683  0.        ]
 [ 0.05615267  0.          0.         -0.06013441]]
22:03:29:INFO:RESULT:m_eq:
[  588.99998943   900.00001965 37099.9997045    549.99998791](39138.99970149482)
22:03:29:INFO:RESULT:x_vec:
[    0.01512793     0.00440388     0.05615267   588.99998943
   900.00001965 37099.9997045    549.99998791](39139.075385969336)
22:03:29:INFO:RESULT:time_scale:
[  8.01091209  51.98510012 568.15348179]
22:03:29:INFO:SAVE:message:saving bunch of data...
22:03:29:INFO:SAVE:message:saving optimizer data ...
