21:14:07:INFO:GENERAL:seed:1
21:14:07:INFO:GENERAL:rho:[0.001, 0.1, 0.01]
21:14:07:INFO:GENERAL:bounds_z:[(1e-06, 0.3), (1e-06, 0.3), (1e-06, 0.3), (588.999411, 589.000589), (1e-06, 1800), (1e-06, 74200), (1e-06, 1100)]
21:14:11:INFO:OPTIMIZER:x:
[    0.0234675      0.00204352     0.02720011   589.00001675
   900.0000424  37100.00062481   549.99998516]
21:14:11:INFO:OPTIMIZER:fun:0.0017231767148140839
21:14:11:INFO:OPTIMIZER:nfev:21139
21:14:11:INFO:OPTIMIZER:nit:327
21:14:11:INFO:OPTIMIZER:message:Optimization terminated successfully.
21:14:11:INFO:OPTIMIZER:success:True
21:14:11:INFO:OPTIMIZER:constr:[array([0.])]
21:14:11:INFO:OPTIMIZER:constr_violation:0.0
21:14:11:INFO:OPTIMIZER:maxcv:0.0
21:14:11:INFO:RESULT:A:
[[-0.05066761  0.01535817  0.          0.02912885]
 [ 0.0234675  -0.01740169  0.00004957  0.        ]
 [ 0.          0.00204352 -0.00004957  0.        ]
 [ 0.02720011  0.          0.         -0.02912885]]
21:14:11:INFO:RESULT:m_eq:
[  589.00001675   900.0000424  37100.00062481   549.99998516](39139.00066910627)
21:14:11:INFO:RESULT:x_vec:
[    0.0234675      0.00204352     0.02720011   589.00001675
   900.0000424  37100.00062481   549.99998516](39139.05338022996)
21:14:11:INFO:RESULT:time_scale:
[  13.42971201   45.70073684 1105.61997202]
21:14:11:INFO:SAVE:message:saving bunch of data...
21:14:11:INFO:SAVE:message:saving optimizer data ...
