22:16:09:INFO:GENERAL:seed:1
22:16:09:INFO:GENERAL:rho:[0.0, 0.0, 0.001]
22:16:09:INFO:GENERAL:bounds_z:[(1e-06, 0.3), (1e-06, 0.3), (1e-06, 0.3), (588.999411, 589.000589), (1e-06, 1800), (1e-06, 74200), (1e-06, 1100)]
22:16:15:INFO:OPTIMIZER:x:
[    0.05116422     0.01029427     0.01700737   588.99999275
   165.48590752 74153.99915134   490.43606282]
22:16:15:INFO:OPTIMIZER:fun:0.00023129814444354524
22:16:15:INFO:OPTIMIZER:nfev:32901
22:16:15:INFO:OPTIMIZER:nit:514
22:16:15:INFO:OPTIMIZER:message:Optimization terminated successfully.
22:16:15:INFO:OPTIMIZER:success:True
22:16:15:INFO:OPTIMIZER:constr:[array([0.])]
22:16:15:INFO:OPTIMIZER:constr_violation:0.0
22:16:15:INFO:OPTIMIZER:maxcv:0.0
22:16:15:INFO:RESULT:A:
[[-0.06817159  0.18210449  0.          0.02042538]
 [ 0.05116422 -0.19239875  0.00002297  0.        ]
 [ 0.          0.01029427 -0.00002297  0.        ]
 [ 0.01700737  0.          0.         -0.02042538]]
22:16:15:INFO:RESULT:m_eq:
[  588.99999275   165.48590752 74153.99915134   490.43606282](75398.92111442525)
22:16:15:INFO:RESULT:x_vec:
[    0.05116422     0.01029427     0.01700737   588.99999275
   165.48590752 74153.99915134   490.43606282](75398.99958028506)
22:16:15:INFO:RESULT:time_scale:
[  4.0745508   29.16030141 769.4242023 ]
22:16:15:INFO:SAVE:message:saving bunch of data...
22:16:15:INFO:SAVE:message:saving optimizer data ...
