21:15:23:INFO:GENERAL:seed:1
21:15:23:INFO:GENERAL:rho:[0.1, 0.01, 0.1]
21:15:23:INFO:GENERAL:bounds_z:[(1e-06, 0.3), (1e-06, 0.3), (588.999411, 589.000589), (1e-06, 1800), (1e-06, 74200)]
21:15:24:INFO:OPTIMIZER:x:
[    0.05500214     0.00418421   588.99943821   957.46438552
 37104.77492138]
21:15:24:INFO:OPTIMIZER:fun:0.004405089056268834
21:15:24:INFO:OPTIMIZER:nfev:7036
21:15:24:INFO:OPTIMIZER:nit:110
21:15:24:INFO:OPTIMIZER:message:Optimization terminated successfully.
21:15:24:INFO:OPTIMIZER:success:True
21:15:24:INFO:OPTIMIZER:constr:[array([0.])]
21:15:24:INFO:OPTIMIZER:constr_violation:0.0
21:15:24:INFO:OPTIMIZER:maxcv:0.0
21:15:24:INFO:RESULT:A:
[[-0.05500214  0.03383544  0.        ]
 [ 0.05500214 -0.03801966  0.00010797]
 [ 0.          0.00418421 -0.00010797]]
21:15:24:INFO:RESULT:m_eq:
[  588.99943821   957.46438552 37104.77492138](38651.238745115246)
21:15:24:INFO:RESULT:x_vec:
[    0.05500214     0.00418421   588.99943821   957.46438552
 37104.77492138](38651.29793147436)
21:15:24:INFO:RESULT:time_scale:
[ 11.05213996 377.42134059]
21:15:24:INFO:SAVE:message:saving bunch of data...
21:15:24:INFO:SAVE:message:saving optimizer data ...
