21:13:23:INFO:GENERAL:seed:1
21:13:23:INFO:GENERAL:rho:[0.001, 0.0, 0.001]
21:13:23:INFO:GENERAL:bounds_z:[(1e-06, 0.3), (1e-06, 0.3), (1e-06, 0.3), (588.999411, 589.000589), (1e-06, 1800), (1e-06, 74200), (1e-06, 1100)]
21:13:32:INFO:OPTIMIZER:x:
[   0.02550951    0.00431383    0.06116702  588.99998614  961.14151636
 1620.38706863  322.79622405]
21:13:32:INFO:OPTIMIZER:fun:0.00022160261112712934
21:13:32:INFO:OPTIMIZER:nfev:40008
21:13:32:INFO:OPTIMIZER:nit:619
21:13:32:INFO:OPTIMIZER:message:Optimization terminated successfully.
21:13:32:INFO:OPTIMIZER:success:True
21:13:32:INFO:OPTIMIZER:constr:[array([0.])]
21:13:32:INFO:OPTIMIZER:constr_violation:0.0
21:13:32:INFO:OPTIMIZER:maxcv:0.0
21:13:32:INFO:RESULT:A:
[[-0.08667653  0.01563256  0.          0.11161028]
 [ 0.02550951 -0.01994639  0.00255877  0.        ]
 [ 0.          0.00431383 -0.00255877  0.        ]
 [ 0.06116702  0.          0.         -0.11161028]]
21:13:32:INFO:RESULT:m_eq:
[ 588.99998614  961.14151636 1620.38706863  322.79622405](3493.3247951761973)
21:13:32:INFO:RESULT:x_vec:
[   0.02550951    0.00431383    0.06116702  588.99998614  961.14151636
 1620.38706863  322.79622405](3493.415785537702)
21:13:32:INFO:RESULT:time_scale:
[  5.442229    30.64933264 226.41901536]
21:13:32:INFO:SAVE:message:saving bunch of data...
21:13:32:INFO:SAVE:message:saving optimizer data ...
