22:05:05:INFO:GENERAL:seed:1
22:05:05:INFO:GENERAL:rho:[0.001, 0.01, 0.1]
22:05:05:INFO:GENERAL:bounds_z:[(1e-06, 0.3), (1e-06, 0.3), (588.999411, 589.000589), (1e-06, 1800), (1e-06, 74200)]
22:05:07:INFO:OPTIMIZER:x:
[    0.07097194     0.00458057   588.99985665   900.00019781
 37100.00073445]
22:05:07:INFO:OPTIMIZER:fun:0.0008359461241775843
22:05:07:INFO:OPTIMIZER:nfev:8878
22:05:07:INFO:OPTIMIZER:nit:137
22:05:07:INFO:OPTIMIZER:message:Optimization terminated successfully.
22:05:07:INFO:OPTIMIZER:success:True
22:05:07:INFO:OPTIMIZER:constr:[array([0.])]
22:05:07:INFO:OPTIMIZER:constr_violation:0.0
22:05:07:INFO:OPTIMIZER:maxcv:0.0
22:05:07:INFO:RESULT:A:
[[-0.07097194  0.04644717  0.        ]
 [ 0.07097194 -0.05102774  0.00011112]
 [ 0.          0.00458057 -0.00011112]]
22:05:07:INFO:RESULT:m_eq:
[  588.99985665   900.00019781 37100.00073445](38589.00078891001)
22:05:07:INFO:RESULT:x_vec:
[    0.07097194     0.00458057   588.99985665   900.00019781
 37100.00073445](38589.07634142184)
22:05:07:INFO:RESULT:time_scale:
[  8.38392567 352.74167468]
22:05:07:INFO:SAVE:message:saving bunch of data...
22:05:07:INFO:SAVE:message:saving optimizer data ...
