22:08:36:INFO:GENERAL:seed:1
22:08:36:INFO:GENERAL:rho:[0.01, 0.1, 0.01]
22:08:36:INFO:GENERAL:bounds_z:[(1e-06, 0.3), (1e-06, 0.3), (588.999411, 589.000589), (1e-06, 1800), (1e-06, 74200)]
22:08:38:INFO:OPTIMIZER:x:
[    0.02822808     0.00103542   588.99999622   900.00001167
 37100.00046696]
22:08:38:INFO:OPTIMIZER:fun:0.0019216243160034268
22:08:38:INFO:OPTIMIZER:nfev:9828
22:08:38:INFO:OPTIMIZER:nit:154
22:08:38:INFO:OPTIMIZER:message:Optimization terminated successfully.
22:08:38:INFO:OPTIMIZER:success:True
22:08:38:INFO:OPTIMIZER:constr:[array([0.])]
22:08:38:INFO:OPTIMIZER:constr_violation:0.0
22:08:38:INFO:OPTIMIZER:maxcv:0.0
22:08:38:INFO:RESULT:A:
[[-0.02822808  0.01847371  0.        ]
 [ 0.02822808 -0.01950913  0.00002512]
 [ 0.          0.00103542 -0.00002512]]
22:08:38:INFO:RESULT:m_eq:
[  588.99999622   900.00001167 37100.00046696](38589.00047485327)
22:08:38:INFO:RESULT:x_vec:
[    0.02822808     0.00103542   588.99999622   900.00001167
 37100.00046696](38589.02973835249)
22:08:38:INFO:RESULT:time_scale:
[  21.22371358 1549.85855118]
22:08:38:INFO:SAVE:message:saving bunch of data...
22:08:38:INFO:SAVE:message:saving optimizer data ...
