22:06:49:INFO:GENERAL:seed:1
22:06:49:INFO:GENERAL:rho:[0.01, 0.01, 0.0]
22:06:49:INFO:GENERAL:bounds_z:[(1e-06, 0.3), (1e-06, 0.3), (588.999411, 589.000589), (1e-06, 1800), (1e-06, 74200)]
22:06:51:INFO:OPTIMIZER:x:
[    0.02822366     0.00103563   589.00056993   899.99745996
 37100.00619786]
22:06:51:INFO:OPTIMIZER:fun:0.0019216219074024014
22:06:51:INFO:OPTIMIZER:nfev:10868
22:06:51:INFO:OPTIMIZER:nit:171
22:06:51:INFO:OPTIMIZER:message:Optimization terminated successfully.
22:06:51:INFO:OPTIMIZER:success:True
22:06:51:INFO:OPTIMIZER:constr:[array([0.])]
22:06:51:INFO:OPTIMIZER:constr_violation:0.0
22:06:51:INFO:OPTIMIZER:maxcv:0.0
22:06:51:INFO:RESULT:A:
[[-0.02822366  0.01847089  0.        ]
 [ 0.02822366 -0.01950651  0.00002512]
 [ 0.          0.00103563 -0.00002512]]
22:06:51:INFO:RESULT:m_eq:
[  589.00056993   899.99745996 37100.00619786](38589.00422775893)
22:06:51:INFO:RESULT:x_vec:
[    0.02822366     0.00103563   589.00056993   899.99745996
 37100.00619786](38589.03348704445)
22:06:51:INFO:RESULT:time_scale:
[  21.22693977 1549.55173402]
22:06:51:INFO:SAVE:message:saving bunch of data...
22:06:51:INFO:SAVE:message:saving optimizer data ...
