22:03:00:INFO:GENERAL:seed:1
22:03:00:INFO:GENERAL:rho:[0.1, 0.01, 0.0001]
22:03:00:INFO:GENERAL:bounds_z:[(1e-06, 0.3), (1e-06, 0.3), (1e-06, 0.3), (588.999411, 589.000589), (1e-06, 1800), (1e-06, 74200), (1e-06, 1100)]
22:03:02:INFO:OPTIMIZER:x:
[    0.01572126     0.00358601     0.03652775   588.99998024
   900.0003691  37099.97597964   549.99993336]
22:03:02:INFO:OPTIMIZER:fun:0.0038048796845610365
22:03:02:INFO:OPTIMIZER:nfev:11606
22:03:02:INFO:OPTIMIZER:nit:180
22:03:02:INFO:OPTIMIZER:message:Optimization terminated successfully.
22:03:02:INFO:OPTIMIZER:success:True
22:03:02:INFO:OPTIMIZER:constr:[array([0.])]
22:03:02:INFO:OPTIMIZER:constr_violation:0.0
22:03:02:INFO:OPTIMIZER:maxcv:0.0
22:03:02:INFO:RESULT:A:
[[-0.05224901  0.01028869  0.          0.0391179 ]
 [ 0.01572126 -0.0138747   0.00008699  0.        ]
 [ 0.          0.00358601 -0.00008699  0.        ]
 [ 0.03652775  0.          0.         -0.0391179 ]]
22:03:02:INFO:RESULT:m_eq:
[  588.99998024   900.0003691  37099.97597964   549.99993336](39138.97626233602)
22:03:02:INFO:RESULT:x_vec:
[    0.01572126     0.00358601     0.03652775   588.99998024
   900.0003691  37099.97597964   549.99993336](39139.03209735535)
22:03:02:INFO:RESULT:time_scale:
[ 11.71088961  54.16463772 677.61653955]
22:03:02:INFO:SAVE:message:saving bunch of data...
22:03:02:INFO:SAVE:message:saving optimizer data ...
