22:22:12:INFO:GENERAL:seed:1
22:22:12:INFO:GENERAL:rho:[0.0, 0.01, 0.001]
22:22:12:INFO:GENERAL:bounds_z:[(1e-06, 0.3), (1e-06, 0.3), (588.999411, 589.000589), (1e-06, 1800), (1e-06, 74200)]
22:22:14:INFO:OPTIMIZER:x:
[    0.07115654     0.00457931   588.99996322   900.00006567
 37099.99876344]
22:22:14:INFO:OPTIMIZER:fun:0.0007951919942099483
22:22:14:INFO:OPTIMIZER:nfev:9765
22:22:14:INFO:OPTIMIZER:nit:151
22:22:14:INFO:OPTIMIZER:message:Optimization terminated successfully.
22:22:14:INFO:OPTIMIZER:success:True
22:22:14:INFO:OPTIMIZER:constr:[array([0.])]
22:22:14:INFO:OPTIMIZER:constr_violation:0.0
22:22:14:INFO:OPTIMIZER:maxcv:0.0
22:22:14:INFO:RESULT:A:
[[-0.07115654  0.046568    0.        ]
 [ 0.07115654 -0.0511473   0.00011109]
 [ 0.          0.00457931 -0.00011109]]
22:22:14:INFO:RESULT:m_eq:
[  588.99996322   900.00006567 37099.99876344](38588.99879232629)
22:22:14:INFO:RESULT:x_vec:
[    0.07115654     0.00457931   588.99996322   900.00006567
 37099.99876344](38589.07452817364)
22:22:14:INFO:RESULT:time_scale:
[  8.36255711 352.82283969]
22:22:14:INFO:SAVE:message:saving bunch of data...
22:22:14:INFO:SAVE:message:saving optimizer data ...
