22:20:58:INFO:GENERAL:seed:1
22:20:58:INFO:GENERAL:rho:[0.001, 0.0001, 0.0]
22:20:58:INFO:GENERAL:bounds_z:[(1e-06, 0.3), (1e-06, 0.3), (1e-06, 0.3), (588.999411, 589.000589), (1e-06, 1800), (1e-06, 74200), (1e-06, 1100)]
22:21:02:INFO:OPTIMIZER:x:
[    0.02366704     0.00286549     0.06257676   588.99974511
  1037.78578196 37009.73754679   341.91497684]
22:21:02:INFO:OPTIMIZER:fun:0.0002364476623560177
22:21:02:INFO:OPTIMIZER:nfev:22775
22:21:02:INFO:OPTIMIZER:nit:353
22:21:02:INFO:OPTIMIZER:message:Optimization terminated successfully.
22:21:02:INFO:OPTIMIZER:success:True
22:21:02:INFO:OPTIMIZER:constr:[array([0.])]
22:21:02:INFO:OPTIMIZER:constr_violation:0.0
22:21:02:INFO:OPTIMIZER:maxcv:0.0
22:21:02:INFO:RESULT:A:
[[-0.0862438   0.01343233  0.          0.10779784]
 [ 0.02366704 -0.01629782  0.00008035  0.        ]
 [ 0.          0.00286549 -0.00008035  0.        ]
 [ 0.06257676  0.          0.         -0.10779784]]
22:21:02:INFO:RESULT:m_eq:
[  588.99974511  1037.78578196 37009.73754679   341.91497684](38978.43805070506)
22:21:02:INFO:RESULT:x_vec:
[    0.02366704     0.00286549     0.06257676   588.99974511
  1037.78578196 37009.73754679   341.91497684](38978.52715999465)
22:21:02:INFO:RESULT:time_scale:
[  5.53393313  35.45360071 661.97871224]
22:21:02:INFO:SAVE:message:saving bunch of data...
22:21:02:INFO:SAVE:message:saving optimizer data ...
