22:04:09:INFO:GENERAL:seed:1
22:04:09:INFO:GENERAL:rho:[0.0001, 0.001, 0.01]
22:04:09:INFO:GENERAL:bounds_z:[(1e-06, 0.3), (1e-06, 0.3), (1e-06, 0.3), (588.999411, 589.000589), (1e-06, 1800), (1e-06, 74200), (1e-06, 1100)]
22:04:17:INFO:OPTIMIZER:x:
[    0.0644895      0.01114394     0.02740323   589.00036698
   278.75683024 36933.9153883    703.35770952]
22:04:17:INFO:OPTIMIZER:fun:0.00040388549710520513
22:04:17:INFO:OPTIMIZER:nfev:37905
22:04:17:INFO:OPTIMIZER:nit:592
22:04:17:INFO:OPTIMIZER:message:Optimization terminated successfully.
22:04:17:INFO:OPTIMIZER:success:True
22:04:17:INFO:OPTIMIZER:constr:[array([0.])]
22:04:17:INFO:OPTIMIZER:constr_violation:0.0
22:04:17:INFO:OPTIMIZER:maxcv:0.0
22:04:17:INFO:RESULT:A:
[[-0.09189273  0.13626335  0.          0.0229478 ]
 [ 0.0644895  -0.14740729  0.00008411  0.        ]
 [ 0.          0.01114394 -0.00008411  0.        ]
 [ 0.02740323  0.          0.         -0.0229478 ]]
22:04:17:INFO:RESULT:m_eq:
[  589.00036698   278.75683024 36933.9153883    703.35770952](38505.03029503853)
22:04:17:INFO:RESULT:x_vec:
[    0.0644895      0.01114394     0.02740323   589.00036698
   278.75683024 36933.9153883    703.35770952](38505.133331706)
22:04:17:INFO:RESULT:time_scale:
[  4.57496397  23.88206308 532.32837178]
22:04:17:INFO:SAVE:message:saving bunch of data...
22:04:17:INFO:SAVE:message:saving optimizer data ...
