22:02:53:INFO:GENERAL:seed:1
22:02:53:INFO:GENERAL:rho:[0.01, 0.001, 0.0001]
22:02:53:INFO:GENERAL:bounds_z:[(1e-06, 0.3), (1e-06, 0.3), (588.999411, 589.000589), (1e-06, 1800), (1e-06, 74200)]
22:02:54:INFO:OPTIMIZER:x:
[    0.06612775     0.00408754   588.99952997   954.57234628
 37047.34978175]
22:02:54:INFO:OPTIMIZER:fun:0.001152077691161133
22:02:54:INFO:OPTIMIZER:nfev:8741
22:02:54:INFO:OPTIMIZER:nit:134
22:02:54:INFO:OPTIMIZER:message:Optimization terminated successfully.
22:02:54:INFO:OPTIMIZER:success:True
22:02:54:INFO:OPTIMIZER:constr:[array([0.])]
22:02:54:INFO:OPTIMIZER:constr_violation:0.0
22:02:54:INFO:OPTIMIZER:maxcv:0.0
22:02:54:INFO:RESULT:A:
[[-0.06612775  0.04080279  0.        ]
 [ 0.06612775 -0.04489033  0.00010532]
 [ 0.          0.00408754 -0.00010532]]
22:02:54:INFO:RESULT:m_eq:
[  588.99952997   954.57234628 37047.34978175](38590.92165799892)
22:02:54:INFO:RESULT:x_vec:
[    0.06612775     0.00408754   588.99952997   954.57234628
 37047.34978175](38590.99187329171)
22:02:54:INFO:RESULT:time_scale:
[  9.21412212 385.45372642]
22:02:54:INFO:SAVE:message:saving bunch of data...
22:02:54:INFO:SAVE:message:saving optimizer data ...
