22:06:41:INFO:GENERAL:seed:1
22:06:41:INFO:GENERAL:rho:[0.001, 0.1, 0.0]
22:06:41:INFO:GENERAL:bounds_z:[(1e-06, 0.3), (1e-06, 0.3), (1e-06, 0.3), (588.999411, 589.000589), (1e-06, 1800), (1e-06, 74200), (1e-06, 1100)]
22:06:43:INFO:OPTIMIZER:x:
[    0.00353922     0.04392464     0.03567529   589.00000556
   900.00000834 37099.99976961   550.00000238]
22:06:43:INFO:OPTIMIZER:fun:0.0009508458767644038
22:06:43:INFO:OPTIMIZER:nfev:13912
22:06:43:INFO:OPTIMIZER:nit:214
22:06:43:INFO:OPTIMIZER:message:Optimization terminated successfully.
22:06:43:INFO:OPTIMIZER:success:True
22:06:43:INFO:OPTIMIZER:constr:[array([0.])]
22:06:43:INFO:OPTIMIZER:constr_violation:0.0
22:06:43:INFO:OPTIMIZER:maxcv:0.0
22:06:43:INFO:RESULT:A:
[[-0.03921451  0.00231622  0.          0.03820499]
 [ 0.00353922 -0.04624086  0.00106556  0.        ]
 [ 0.          0.04392464 -0.00106556  0.        ]
 [ 0.03567529  0.          0.         -0.03820499]]
22:06:43:INFO:RESULT:m_eq:
[  589.00000556   900.00000834 37099.99976961   550.00000238](39138.99978589729)
22:06:43:INFO:RESULT:x_vec:
[    0.00353922     0.04392464     0.03567529   589.00000556
   900.00000834 37099.99976961   550.00000238](39139.0829250445)
22:06:43:INFO:RESULT:time_scale:
[ 13.1968477   21.18719491 570.80045969]
22:06:43:INFO:SAVE:message:saving bunch of data...
22:06:43:INFO:SAVE:message:saving optimizer data ...
