21:13:53:INFO:GENERAL:seed:1
21:13:53:INFO:GENERAL:rho:[0.1, 0.01, 0.01]
21:13:53:INFO:GENERAL:bounds_z:[(1e-06, 0.3), (1e-06, 0.3), (588.999411, 589.000589), (1e-06, 1800), (1e-06, 74200)]
21:13:54:INFO:OPTIMIZER:x:
[    0.05500484     0.0041821    588.99941821   957.68501389
 37098.30123487]
21:13:54:INFO:OPTIMIZER:fun:0.004405088741516161
21:13:54:INFO:OPTIMIZER:nfev:7174
21:13:54:INFO:OPTIMIZER:nit:110
21:13:54:INFO:OPTIMIZER:message:Optimization terminated successfully.
21:13:55:INFO:OPTIMIZER:success:True
21:13:55:INFO:OPTIMIZER:constr:[array([0.])]
21:13:55:INFO:OPTIMIZER:constr_violation:0.0
21:13:55:INFO:OPTIMIZER:maxcv:0.0
21:13:55:INFO:RESULT:A:
[[-0.05500484  0.03382931  0.        ]
 [ 0.05500484 -0.03801141  0.00010796]
 [ 0.          0.0041821  -0.00010796]]
21:13:55:INFO:RESULT:m_eq:
[  588.99941821   957.68501389 37098.30123487](38644.98566697669)
21:13:55:INFO:RESULT:x_vec:
[    0.05500484     0.0041821    588.99941821   957.68501389
 37098.30123487](38645.04485392322)
21:13:55:INFO:RESULT:time_scale:
[ 11.05269172 377.56982301]
21:13:55:INFO:SAVE:message:saving bunch of data...
21:13:55:INFO:SAVE:message:saving optimizer data ...
