21:21:27:INFO:GENERAL:seed:1
21:21:27:INFO:GENERAL:rho:[0.0001, 0.001, 0.0001]
21:21:27:INFO:GENERAL:bounds_z:[(1e-06, 0.3), (1e-06, 0.3), (1e-06, 0.3), (588.999411, 589.000589), (1e-06, 1800), (1e-06, 74200), (1e-06, 1100)]
21:21:32:INFO:OPTIMIZER:x:
[    0.0148292      0.00206584     0.04705187   589.00057346
   717.49638796 37085.48839439   208.16646569]
21:21:32:INFO:OPTIMIZER:fun:0.0003209666111348454
21:21:32:INFO:OPTIMIZER:nfev:22931
21:21:32:INFO:OPTIMIZER:nit:359
21:21:32:INFO:OPTIMIZER:message:Optimization terminated successfully.
21:21:32:INFO:OPTIMIZER:success:True
21:21:32:INFO:OPTIMIZER:constr:[array([0.])]
21:21:32:INFO:OPTIMIZER:constr_violation:0.0
21:21:32:INFO:OPTIMIZER:maxcv:0.0
21:21:32:INFO:RESULT:A:
[[-0.06188107  0.01217345  0.          0.13313181]
 [ 0.0148292  -0.01423929  0.00003997  0.        ]
 [ 0.          0.00206584 -0.00003997  0.        ]
 [ 0.04705187  0.          0.         -0.13313181]]
21:21:32:INFO:RESULT:m_eq:
[  589.00057346   717.49638796 37085.48839439   208.16646569](38600.15182150145)
21:21:32:INFO:RESULT:x_vec:
[    0.0148292      0.00206584     0.04705187   589.00057346
   717.49638796 37085.48839439   208.16646569](38600.21576841113)
21:21:32:INFO:RESULT:time_scale:
[   5.41669225   42.18033479 1031.03856781]
21:21:32:INFO:SAVE:message:saving bunch of data...
21:21:32:INFO:SAVE:message:saving optimizer data ...
