22:18:33:INFO:GENERAL:seed:1
22:18:33:INFO:GENERAL:rho:[0.1, 0.01, 0.1]
22:18:33:INFO:GENERAL:bounds_z:[(1e-06, 0.3), (1e-06, 0.3), (588.999411, 589.000589), (1e-06, 1800), (1e-06, 74200)]
22:18:35:INFO:OPTIMIZER:x:
[    0.02584432     0.0010795    589.00012275   899.99996607
 37100.00620605]
22:18:35:INFO:OPTIMIZER:fun:0.003292893855352959
22:18:35:INFO:OPTIMIZER:nfev:8968
22:18:35:INFO:OPTIMIZER:nit:139
22:18:35:INFO:OPTIMIZER:message:Optimization terminated successfully.
22:18:35:INFO:OPTIMIZER:success:True
22:18:35:INFO:OPTIMIZER:constr:[array([0.])]
22:18:35:INFO:OPTIMIZER:constr_violation:0.0
22:18:35:INFO:OPTIMIZER:maxcv:0.0
22:18:35:INFO:RESULT:A:
[[-0.02584432  0.01691368  0.        ]
 [ 0.02584432 -0.01799318  0.00002619]
 [ 0.          0.0010795  -0.00002619]]
22:18:35:INFO:RESULT:m_eq:
[  589.00012275   899.99996607 37100.00620605](38589.00629486131)
22:18:35:INFO:RESULT:x_vec:
[    0.02584432     0.0010795    589.00012275   899.99996607
 37100.00620605](38589.0332186848)
22:18:35:INFO:RESULT:time_scale:
[  23.15252655 1488.41214877]
22:18:35:INFO:SAVE:message:saving bunch of data...
22:18:35:INFO:SAVE:message:saving optimizer data ...
