22:16:57:INFO:GENERAL:seed:1
22:16:57:INFO:GENERAL:rho:[0.01, 0.001, 0.01]
22:16:57:INFO:GENERAL:bounds_z:[(1e-06, 0.3), (1e-06, 0.3), (588.999411, 589.000589), (1e-06, 1800), (1e-06, 74200)]
22:16:59:INFO:OPTIMIZER:x:
[    0.03963838     0.00367012   589.00043897   634.11801548
 37008.68283209]
22:16:59:INFO:OPTIMIZER:fun:0.001241924698883011
22:16:59:INFO:OPTIMIZER:nfev:8241
22:16:59:INFO:OPTIMIZER:nit:128
22:16:59:INFO:OPTIMIZER:message:Optimization terminated successfully.
22:16:59:INFO:OPTIMIZER:success:True
22:16:59:INFO:OPTIMIZER:constr:[array([0.])]
22:16:59:INFO:OPTIMIZER:constr_violation:0.0
22:16:59:INFO:OPTIMIZER:maxcv:0.0
22:16:59:INFO:RESULT:A:
[[-0.03963838  0.0368181   0.        ]
 [ 0.03963838 -0.04048823  0.00006288]
 [ 0.          0.00367012 -0.00006288]]
22:16:59:INFO:RESULT:m_eq:
[  589.00043897   634.11801548 37008.68283209](38231.801286532354)
22:16:59:INFO:RESULT:x_vec:
[    0.03963838     0.00367012   589.00043897   634.11801548
 37008.68283209](38231.8445950356)
22:16:59:INFO:RESULT:time_scale:
[ 12.77638764 520.80397788]
22:16:59:INFO:SAVE:message:saving bunch of data...
22:16:59:INFO:SAVE:message:saving optimizer data ...
