22:02:53:INFO:GENERAL:seed:1
22:02:53:INFO:GENERAL:rho:[0.01, 0.0001, 0.0001]
22:02:53:INFO:GENERAL:bounds_z:[(1e-06, 0.3), (1e-06, 0.3), (588.999411, 589.000589), (1e-06, 1800), (1e-06, 74200)]
22:02:55:INFO:OPTIMIZER:x:
[   0.07693485    0.01093333  588.99960012  752.39642977 1288.69437529]
22:02:55:INFO:OPTIMIZER:fun:0.0008418234209383983
22:02:55:INFO:OPTIMIZER:nfev:12188
22:02:55:INFO:OPTIMIZER:nit:190
22:02:55:INFO:OPTIMIZER:message:Optimization terminated successfully.
22:02:55:INFO:OPTIMIZER:success:True
22:02:55:INFO:OPTIMIZER:constr:[array([0.])]
22:02:55:INFO:OPTIMIZER:constr_violation:0.0
22:02:55:INFO:OPTIMIZER:maxcv:0.0
22:02:55:INFO:RESULT:A:
[[-0.07693485  0.06022702  0.        ]
 [ 0.07693485 -0.07116035  0.00638336]
 [ 0.          0.01093333 -0.00638336]]
22:02:55:INFO:RESULT:m_eq:
[ 588.99960012  752.39642977 1288.69437529](2630.0904051857897)
22:02:55:INFO:RESULT:x_vec:
[   0.07693485    0.01093333  588.99960012  752.39642977 1288.69437529](2630.178273364692)
22:02:55:INFO:RESULT:time_scale:
[ 7.02123142 82.96414523]
22:02:55:INFO:SAVE:message:saving bunch of data...
22:02:55:INFO:SAVE:message:saving optimizer data ...
