22:07:59:INFO:GENERAL:seed:1
22:07:59:INFO:GENERAL:rho:[0.0, 0.001, 0.001]
22:07:59:INFO:GENERAL:bounds_z:[(1e-06, 0.3), (1e-06, 0.3), (1e-06, 0.3), (588.999411, 589.000589), (1e-06, 1800), (1e-06, 74200), (1e-06, 1100)]
22:08:04:INFO:OPTIMIZER:x:
[    0.01606829     0.00234363     0.04736845   589.00038029
   695.45280003 37073.65881749   191.51804083]
22:08:04:INFO:OPTIMIZER:fun:0.00032137251106143774
22:08:04:INFO:OPTIMIZER:nfev:27789
22:08:04:INFO:OPTIMIZER:nit:431
22:08:04:INFO:OPTIMIZER:message:Optimization terminated successfully.
22:08:04:INFO:OPTIMIZER:success:True
22:08:04:INFO:OPTIMIZER:constr:[array([0.])]
22:08:04:INFO:OPTIMIZER:constr_violation:0.0
22:08:04:INFO:OPTIMIZER:maxcv:0.0
22:08:04:INFO:RESULT:A:
[[-0.06343674  0.01360873  0.          0.14567837]
 [ 0.01606829 -0.01595236  0.00004396  0.        ]
 [ 0.          0.00234363 -0.00004396  0.        ]
 [ 0.04736845  0.          0.         -0.14567837]]
22:08:04:INFO:RESULT:m_eq:
[  589.00038029   695.45280003 37073.65881749   191.51804083](38549.63003864336)
22:08:04:INFO:RESULT:x_vec:
[    0.01606829     0.00234363     0.04736845   589.00038029
   695.45280003 37073.65881749   191.51804083](38549.695819017805)
22:08:04:INFO:RESULT:time_scale:
[  5.06113146  37.82859825 915.6370588 ]
22:08:04:INFO:SAVE:message:saving bunch of data...
22:08:04:INFO:SAVE:message:saving optimizer data ...
