22:02:35:INFO:GENERAL:seed:1
22:02:35:INFO:GENERAL:rho:[0.001, 0.001, 0.0]
22:02:35:INFO:GENERAL:bounds_z:[(1e-06, 0.3), (1e-06, 0.3), (588.999411, 589.000589), (1e-06, 1800), (1e-06, 74200)]
22:02:37:INFO:OPTIMIZER:x:
[    0.0682989      0.00421263   588.99950451   939.28873183
 37050.31500682]
22:02:37:INFO:OPTIMIZER:fun:0.0008123978481640692
22:02:37:INFO:OPTIMIZER:nfev:8861
22:02:37:INFO:OPTIMIZER:nit:135
22:02:37:INFO:OPTIMIZER:message:Optimization terminated successfully.
22:02:37:INFO:OPTIMIZER:success:True
22:02:37:INFO:OPTIMIZER:constr:[array([0.])]
22:02:37:INFO:OPTIMIZER:constr_violation:0.0
22:02:37:INFO:OPTIMIZER:maxcv:0.0
22:02:37:INFO:RESULT:A:
[[-0.0682989   0.04282817  0.        ]
 [ 0.0682989  -0.0470408   0.0001068 ]
 [ 0.          0.00421263 -0.0001068 ]]
22:02:37:INFO:RESULT:m_eq:
[  588.99950451   939.28873183 37050.31500682](38578.60324316799)
22:02:37:INFO:RESULT:x_vec:
[    0.0682989      0.00421263   588.99950451   939.28873183
 37050.31500682](38578.67575469899)
22:02:37:INFO:RESULT:time_scale:
[  8.8660055  376.48715573]
22:02:37:INFO:SAVE:message:saving bunch of data...
22:02:37:INFO:SAVE:message:saving optimizer data ...
