22:09:38:INFO:GENERAL:seed:1
22:09:38:INFO:GENERAL:rho:[0.01, 0.0001, 0.1]
22:09:38:INFO:GENERAL:bounds_z:[(1e-06, 0.3), (1e-06, 0.3), (1e-06, 0.3), (588.999411, 589.000589), (1e-06, 1800), (1e-06, 74200), (1e-06, 1100)]
22:09:48:INFO:OPTIMIZER:x:
[    0.01604782     0.00242455     0.0430747    588.99982083
   687.3991108  36863.90959839   193.7958184 ]
22:09:48:INFO:OPTIMIZER:fun:0.0007055684523079972
22:09:48:INFO:OPTIMIZER:nfev:55403
22:09:48:INFO:OPTIMIZER:nit:862
22:09:48:INFO:OPTIMIZER:message:Optimization terminated successfully.
22:09:48:INFO:OPTIMIZER:success:True
22:09:48:INFO:OPTIMIZER:constr:[array([0.])]
22:09:48:INFO:OPTIMIZER:constr_violation:0.0
22:09:48:INFO:OPTIMIZER:maxcv:0.0
22:09:48:INFO:RESULT:A:
[[-0.05912252  0.01375062  0.          0.13091608]
 [ 0.01604782 -0.01617518  0.00004521  0.        ]
 [ 0.          0.00242455 -0.00004521  0.        ]
 [ 0.0430747   0.          0.         -0.13091608]]
22:09:48:INFO:RESULT:m_eq:
[  588.99982083   687.3991108  36863.90959839   193.7958184 ](38334.104348425055)
22:09:48:INFO:RESULT:x_vec:
[    0.01604782     0.00242455     0.0430747    588.99982083
   687.3991108  36863.90959839   193.7958184 ](38334.16589549886)
22:09:48:INFO:RESULT:time_scale:
[  5.59782237  37.73708087 893.69144959]
22:09:48:INFO:SAVE:message:saving bunch of data...
22:09:48:INFO:SAVE:message:saving optimizer data ...
