22:17:14:INFO:GENERAL:seed:1
22:17:14:INFO:GENERAL:rho:[0.1, 0.0, 0.1]
22:17:14:INFO:GENERAL:bounds_z:[(1e-06, 0.3), (1e-06, 0.3), (588.999411, 589.000589), (1e-06, 1800), (1e-06, 74200)]
22:17:16:INFO:OPTIMIZER:x:
[    0.02989949     0.00235732   589.00054188   756.90947414
 74198.55769024]
22:17:16:INFO:OPTIMIZER:fun:0.0031719511946608258
22:17:16:INFO:OPTIMIZER:nfev:9556
22:17:16:INFO:OPTIMIZER:nit:148
22:17:16:INFO:OPTIMIZER:message:Optimization terminated successfully.
22:17:16:INFO:OPTIMIZER:success:True
22:17:16:INFO:OPTIMIZER:constr:[array([0.])]
22:17:16:INFO:OPTIMIZER:constr_violation:0.0
22:17:16:INFO:OPTIMIZER:maxcv:0.0
22:17:16:INFO:RESULT:A:
[[-0.02989949  0.02326674  0.        ]
 [ 0.02989949 -0.02562406  0.00002405]
 [ 0.          0.00235732 -0.00002405]]
22:17:16:INFO:RESULT:m_eq:
[  589.00054188   756.90947414 74198.55769024](75544.46770626394)
22:17:16:INFO:RESULT:x_vec:
[    0.02989949     0.00235732   589.00054188   756.90947414
 74198.55769024](75544.49996307318)
22:17:16:INFO:RESULT:time_scale:
[ 18.44195817 755.61943263]
22:17:16:INFO:SAVE:message:saving bunch of data...
22:17:16:INFO:SAVE:message:saving optimizer data ...
