21:14:36:INFO:GENERAL:seed:1
21:14:36:INFO:GENERAL:rho:[0.0001, 0.01, 0.1]
21:14:36:INFO:GENERAL:bounds_z:[(1e-06, 0.3), (1e-06, 0.3), (588.999411, 589.000589), (1e-06, 1800), (1e-06, 74200)]
21:14:38:INFO:OPTIMIZER:x:
[    0.07113997     0.00457936   588.99990496   900.0000928
 37099.9961502 ]
21:14:38:INFO:OPTIMIZER:fun:0.0007992719897960286
21:14:38:INFO:OPTIMIZER:nfev:9168
21:14:38:INFO:OPTIMIZER:nit:142
21:14:38:INFO:OPTIMIZER:message:Optimization terminated successfully.
21:14:38:INFO:OPTIMIZER:success:True
21:14:38:INFO:OPTIMIZER:constr:[array([0.])]
21:14:38:INFO:OPTIMIZER:constr_violation:0.0
21:14:38:INFO:OPTIMIZER:maxcv:0.0
21:14:38:INFO:RESULT:A:
[[-0.07113997  0.04655714  0.        ]
 [ 0.07113997 -0.0511365   0.00011109]
 [ 0.          0.00457936 -0.00011109]]
21:14:38:INFO:RESULT:m_eq:
[  588.99990496   900.0000928  37099.9961502 ](38588.99614795955)
21:14:38:INFO:RESULT:x_vec:
[    0.07113997     0.00457936   588.99990496   900.0000928
 37099.9961502 ](38589.07186728639)
21:14:38:INFO:RESULT:time_scale:
[  8.36447312 352.82022245]
21:14:38:INFO:SAVE:message:saving bunch of data...
21:14:38:INFO:SAVE:message:saving optimizer data ...
