22:16:50:INFO:GENERAL:seed:1
22:16:50:INFO:GENERAL:rho:[0.0, 0.01, 0.001]
22:16:50:INFO:GENERAL:bounds_z:[(1e-06, 0.3), (1e-06, 0.3), (1e-06, 0.3), (588.999411, 589.000589), (1e-06, 1800), (1e-06, 74200), (1e-06, 1100)]
22:16:53:INFO:OPTIMIZER:x:
[    0.00347749     0.08719753     0.03560302   589.00038856
   899.99963373 37099.99406965   549.99962403]
22:16:53:INFO:OPTIMIZER:fun:0.001773591732414477
22:16:53:INFO:OPTIMIZER:nfev:12961
22:16:53:INFO:OPTIMIZER:nit:202
22:16:53:INFO:OPTIMIZER:message:Optimization terminated successfully.
22:16:53:INFO:OPTIMIZER:success:True
22:16:53:INFO:OPTIMIZER:constr:[array([0.])]
22:16:53:INFO:OPTIMIZER:constr_violation:0.0
22:16:53:INFO:OPTIMIZER:maxcv:0.0
22:16:53:INFO:RESULT:A:
[[-0.03908051  0.00227583  0.          0.03812764]
 [ 0.00347749 -0.08947336  0.0021153   0.        ]
 [ 0.          0.08719753 -0.0021153   0.        ]
 [ 0.03560302  0.          0.         -0.03812764]]
22:16:53:INFO:RESULT:m_eq:
[  589.00038856   899.99963373 37099.99406965   549.99962403](39138.99371596726)
22:16:53:INFO:RESULT:x_vec:
[    0.00347749     0.08719753     0.03560302   589.00038856
   899.99963373 37099.99406965   549.99962403](39139.119994007204)
22:16:53:INFO:RESULT:time_scale:
[ 10.89112722  13.29560814 566.20373908]
22:16:53:INFO:SAVE:message:saving bunch of data...
22:16:53:INFO:SAVE:message:saving optimizer data ...
