21:21:42:INFO:GENERAL:seed:1
21:21:42:INFO:GENERAL:rho:[0.0001, 0.001, 0.001]
21:21:42:INFO:GENERAL:bounds_z:[(1e-06, 0.3), (1e-06, 0.3), (588.999411, 589.000589), (1e-06, 1800), (1e-06, 74200)]
21:21:44:INFO:OPTIMIZER:x:
[    0.04125836     0.00383552   589.00050696   620.46394203
 36947.08667654]
21:21:44:INFO:OPTIMIZER:fun:0.0009706876136871835
21:21:44:INFO:OPTIMIZER:nfev:8348
21:21:44:INFO:OPTIMIZER:nit:131
21:21:44:INFO:OPTIMIZER:message:Optimization terminated successfully.
21:21:44:INFO:OPTIMIZER:success:True
21:21:44:INFO:OPTIMIZER:constr:[array([0.])]
21:21:44:INFO:OPTIMIZER:constr_violation:0.0
21:21:44:INFO:OPTIMIZER:maxcv:0.0
21:21:44:INFO:RESULT:A:
[[-0.04125836  0.03916617  0.        ]
 [ 0.04125836 -0.04300169  0.00006441]
 [ 0.          0.00383552 -0.00006441]]
21:21:44:INFO:RESULT:m_eq:
[  589.00050696   620.46394203 36947.08667654](38156.551125520855)
21:21:44:INFO:RESULT:x_vec:
[    0.04125836     0.00383552   589.00050696   620.46394203
 36947.08667654](38156.59621939823)
21:21:44:INFO:RESULT:time_scale:
[ 12.14481586 503.8301109 ]
21:21:44:INFO:SAVE:message:saving bunch of data...
21:21:44:INFO:SAVE:message:saving optimizer data ...
