21:12:59:INFO:GENERAL:seed:1
21:12:59:INFO:GENERAL:rho:[0.1, 0.01, 0.0001]
21:12:59:INFO:GENERAL:bounds_z:[(1e-06, 0.3), (1e-06, 0.3), (588.999411, 589.000589), (1e-06, 1800), (1e-06, 74200)]
21:13:00:INFO:OPTIMIZER:x:
[    0.0549952      0.00418319   588.99946905   957.62634039
 37099.04452748]
21:13:00:INFO:OPTIMIZER:fun:0.004405088461110355
21:13:00:INFO:OPTIMIZER:nfev:7222
21:13:00:INFO:OPTIMIZER:nit:112
21:13:00:INFO:OPTIMIZER:message:Optimization terminated successfully.
21:13:00:INFO:OPTIMIZER:success:True
21:13:00:INFO:OPTIMIZER:constr:[array([0.])]
21:13:00:INFO:OPTIMIZER:constr_violation:0.0
21:13:00:INFO:OPTIMIZER:maxcv:0.0
21:13:00:INFO:RESULT:A:
[[-0.0549952   0.03382545  0.        ]
 [ 0.0549952  -0.03800865  0.00010798]
 [ 0.          0.00418319 -0.00010798]]
21:13:00:INFO:RESULT:m_eq:
[  588.99946905   957.62634039 37099.04452748](38645.67033692586)
21:13:00:INFO:RESULT:x_vec:
[    0.0549952      0.00418319   588.99946905   957.62634039
 37099.04452748](38645.72951532226)
21:13:00:INFO:RESULT:time_scale:
[ 11.05427827 377.48423599]
21:13:00:INFO:SAVE:message:saving bunch of data...
21:13:00:INFO:SAVE:message:saving optimizer data ...
