21:15:30:INFO:GENERAL:seed:1
21:15:30:INFO:GENERAL:rho:[0.0, 0.01, 0.1]
21:15:30:INFO:GENERAL:bounds_z:[(1e-06, 0.3), (1e-06, 0.3), (1e-06, 0.3), (588.999411, 589.000589), (1e-06, 1800), (1e-06, 74200), (1e-06, 1100)]
21:15:40:INFO:OPTIMIZER:x:
[    0.02579507     0.00348123     0.05891424   589.00047472
   959.22502566 37092.96901752   329.47375327]
21:15:40:INFO:OPTIMIZER:fun:0.001227838562510393
21:15:40:INFO:OPTIMIZER:nfev:58056
21:15:40:INFO:OPTIMIZER:nit:907
21:15:40:INFO:OPTIMIZER:message:Optimization terminated successfully.
21:15:40:INFO:OPTIMIZER:success:True
21:15:40:INFO:OPTIMIZER:constr:[array([0.])]
21:15:40:INFO:OPTIMIZER:constr_violation:0.0
21:15:40:INFO:OPTIMIZER:maxcv:0.0
21:15:40:INFO:RESULT:A:
[[-0.08470931  0.01583915  0.          0.10532103]
 [ 0.02579507 -0.01932038  0.00009002  0.        ]
 [ 0.          0.00348123 -0.00009002  0.        ]
 [ 0.05891424  0.          0.         -0.10532103]]
21:15:40:INFO:RESULT:m_eq:
[  589.00047472   959.22502566 37092.96901752   329.47375327](38970.6682711674)
21:15:40:INFO:RESULT:x_vec:
[    0.02579507     0.00348123     0.05891424   589.00047472
   959.22502566 37092.96901752   329.47375327](38970.75646170534)
21:15:40:INFO:RESULT:time_scale:
[  5.69456978  31.18130721 566.77967078]
21:15:40:INFO:SAVE:message:saving bunch of data...
21:15:40:INFO:SAVE:message:saving optimizer data ...
