22:03:48:INFO:GENERAL:seed:1
22:03:48:INFO:GENERAL:rho:[0.1, 0.0, 0.01]
22:03:48:INFO:GENERAL:bounds_z:[(1e-06, 0.3), (1e-06, 0.3), (1e-06, 0.3), (588.999411, 589.000589), (1e-06, 1800), (1e-06, 74200), (1e-06, 1100)]
22:03:54:INFO:OPTIMIZER:x:
[    0.0215261      0.00347788     0.02514516   588.99941712
   824.82557915 74195.37654351   495.70000774]
22:03:54:INFO:OPTIMIZER:fun:0.0038926794295403018
22:03:54:INFO:OPTIMIZER:nfev:33679
22:03:54:INFO:OPTIMIZER:nit:523
22:03:54:INFO:OPTIMIZER:message:Optimization terminated successfully.
22:03:54:INFO:OPTIMIZER:success:True
22:03:54:INFO:OPTIMIZER:constr:[array([0.])]
22:03:54:INFO:OPTIMIZER:constr_violation:0.0
22:03:54:INFO:OPTIMIZER:maxcv:0.0
22:03:54:INFO:RESULT:A:
[[-0.04667126  0.01537157  0.          0.02987792]
 [ 0.0215261  -0.01884945  0.00003866  0.        ]
 [ 0.          0.00347788 -0.00003866  0.        ]
 [ 0.02514516  0.          0.         -0.02987792]]
22:03:54:INFO:RESULT:m_eq:
[  588.99941712   824.82557915 74195.37654351   495.70000774](76104.90154751694)
22:03:54:INFO:RESULT:x_vec:
[    0.0215261      0.00347788     0.02514516   588.99941712
   824.82557915 74195.37654351   495.70000774](76104.95169666436)
22:03:54:INFO:RESULT:time_scale:
[ 14.04831251  43.77640249 708.7107899 ]
22:03:54:INFO:SAVE:message:saving bunch of data...
22:03:54:INFO:SAVE:message:saving optimizer data ...
