22:18:35:INFO:GENERAL:seed:1
22:18:35:INFO:GENERAL:rho:[0.0, 0.1, 0.1]
22:18:35:INFO:GENERAL:bounds_z:[(1e-06, 0.3), (1e-06, 0.3), (1e-06, 0.3), (588.999411, 589.000589), (1e-06, 1800), (1e-06, 74200), (1e-06, 1100)]
22:18:41:INFO:OPTIMIZER:x:
[    0.00874502     0.00021792     0.00911705   589.00004079
   899.99996834 37100.00231249   549.99997967]
22:18:41:INFO:OPTIMIZER:fun:0.0041110886557892785
22:18:41:INFO:OPTIMIZER:nfev:29170
22:18:41:INFO:OPTIMIZER:nit:518
22:18:41:INFO:OPTIMIZER:message:Optimization terminated successfully.
22:18:41:INFO:OPTIMIZER:success:True
22:18:41:INFO:OPTIMIZER:constr:[array([0.])]
22:18:41:INFO:OPTIMIZER:constr_violation:0.0
22:18:41:INFO:OPTIMIZER:maxcv:0.0
22:18:41:INFO:RESULT:A:
[[-0.01786208  0.00572313  0.          0.00976354]
 [ 0.00874502 -0.00594105  0.00000529  0.        ]
 [ 0.          0.00021792 -0.00000529  0.        ]
 [ 0.00911705  0.          0.         -0.00976354]]
22:18:41:INFO:RESULT:m_eq:
[  589.00004079   899.99996834 37100.00231249   549.99997967](39139.00230129763)
22:18:41:INFO:RESULT:x_vec:
[    0.00874502     0.00021792     0.00911705   589.00004079
   899.99996834 37100.00231249   549.99997967](39139.020381294446)
22:18:41:INFO:RESULT:time_scale:
[  38.62421169  131.90074742 9999.95009959]
22:18:41:INFO:SAVE:message:saving bunch of data...
22:18:41:INFO:SAVE:message:saving optimizer data ...
