21:14:52:INFO:GENERAL:seed:1
21:14:52:INFO:GENERAL:rho:[0.01, 0.01, 0.1]
21:14:52:INFO:GENERAL:bounds_z:[(1e-06, 0.3), (1e-06, 0.3), (1e-06, 0.3), (588.999411, 589.000589), (1e-06, 1800), (1e-06, 74200), (1e-06, 1100)]
21:15:14:INFO:OPTIMIZER:x:
[    0.02587423     0.00368869     0.05298041   589.00051697
   929.54204917 37091.13515409   339.51288171]
21:15:14:INFO:OPTIMIZER:fun:0.0017308283329823726
21:15:14:INFO:OPTIMIZER:nfev:118181
21:15:14:INFO:OPTIMIZER:nit:1839
21:15:14:INFO:OPTIMIZER:message:Optimization terminated successfully.
21:15:14:INFO:OPTIMIZER:success:True
21:15:14:INFO:OPTIMIZER:constr:[array([0.])]
21:15:14:INFO:OPTIMIZER:constr_violation:0.0
21:15:14:INFO:OPTIMIZER:maxcv:0.0
21:15:14:INFO:RESULT:A:
[[-0.07885464  0.0163951   0.          0.09191254]
 [ 0.02587423 -0.02008379  0.00009244  0.        ]
 [ 0.          0.00368869 -0.00009244  0.        ]
 [ 0.05298041  0.          0.         -0.09191254]]
21:15:14:INFO:RESULT:m_eq:
[  589.00051697   929.54204917 37091.13515409   339.51288171](38949.19060194447)
21:15:14:INFO:RESULT:x_vec:
[    0.02587423     0.00368869     0.05298041   589.00051697
   929.54204917 37091.13515409   339.51288171](38949.273145280175)
21:15:14:INFO:RESULT:time_scale:
[  6.3737456   31.02893469 548.90263844]
21:15:14:INFO:SAVE:message:saving bunch of data...
21:15:14:INFO:SAVE:message:saving optimizer data ...
