21:20:46:INFO:GENERAL:seed:1
21:20:46:INFO:GENERAL:rho:[0.0, 0.0, 0.0]
21:20:46:INFO:GENERAL:bounds_z:[(1e-06, 0.3), (1e-06, 0.3), (1e-06, 0.3), (588.999411, 589.000589), (1e-06, 1800), (1e-06, 74200), (1e-06, 1100)]
21:20:59:INFO:OPTIMIZER:x:
[  0.05031055   0.03115261   0.01620768 589.00024536 183.38977435
 862.12754414 216.53836316]
21:20:59:INFO:OPTIMIZER:fun:9.921874616489873e-05
21:20:59:INFO:OPTIMIZER:nfev:65841
21:20:59:INFO:OPTIMIZER:nit:1016
21:20:59:INFO:OPTIMIZER:message:Optimization terminated successfully.
21:20:59:INFO:OPTIMIZER:success:True
21:20:59:INFO:OPTIMIZER:constr:[array([0.])]
21:20:59:INFO:OPTIMIZER:constr_violation:0.0
21:20:59:INFO:OPTIMIZER:maxcv:0.0
21:20:59:INFO:RESULT:A:
[[-0.06651822  0.16158438  0.          0.04408607]
 [ 0.05031055 -0.19273699  0.00662671  0.        ]
 [ 0.          0.03115261 -0.00662671  0.        ]
 [ 0.01620768  0.          0.         -0.04408607]]
21:20:59:INFO:RESULT:m_eq:
[589.00024536 183.38977435 862.12754414 216.53836316](1851.055927011366)
21:20:59:INFO:RESULT:x_vec:
[  0.05031055   0.03115261   0.01620768 589.00024536 183.38977435
 862.12754414 216.53836316](1851.153597839318)
21:20:59:INFO:RESULT:time_scale:
[ 4.14671715 17.16658365 94.69104378]
21:20:59:INFO:SAVE:message:saving bunch of data...
21:20:59:INFO:SAVE:message:saving optimizer data ...
