22:15:50:INFO:GENERAL:seed:1
22:15:50:INFO:GENERAL:rho:[0.0, 0.0001, 0.0001]
22:15:50:INFO:GENERAL:bounds_z:[(1e-06, 0.3), (1e-06, 0.3), (588.999411, 589.000589), (1e-06, 1800), (1e-06, 74200)]
22:15:53:INFO:OPTIMIZER:x:
[  0.05725673   0.01648546 589.00053628 402.25459498 786.99840636]
22:15:53:INFO:OPTIMIZER:fun:0.0002566234088900034
22:15:53:INFO:OPTIMIZER:nfev:15883
22:15:53:INFO:OPTIMIZER:nit:247
22:15:53:INFO:OPTIMIZER:message:Optimization terminated successfully.
22:15:53:INFO:OPTIMIZER:success:True
22:15:53:INFO:OPTIMIZER:constr:[array([0.])]
22:15:53:INFO:OPTIMIZER:constr_violation:0.0
22:15:53:INFO:OPTIMIZER:maxcv:0.0
22:15:53:INFO:RESULT:A:
[[-0.05725673  0.08383807  0.        ]
 [ 0.05725673 -0.10032352  0.00842613]
 [ 0.          0.01648546 -0.00842613]]
22:15:53:INFO:RESULT:m_eq:
[589.00053628 402.25459498 786.99840636](1778.2535376183864)
22:15:53:INFO:RESULT:x_vec:
[  0.05725673   0.01648546 589.00053628 402.25459498 786.99840636](1778.3272798078287)
22:15:53:INFO:RESULT:time_scale:
[ 6.58014474 71.25530477]
22:15:53:INFO:SAVE:message:saving bunch of data...
22:15:53:INFO:SAVE:message:saving optimizer data ...
