22:16:07:INFO:GENERAL:seed:1
22:16:07:INFO:GENERAL:rho:[0.0001, 0.01, 0.0001]
22:16:07:INFO:GENERAL:bounds_z:[(1e-06, 0.3), (1e-06, 0.3), (1e-06, 0.3), (588.999411, 589.000589), (1e-06, 1800), (1e-06, 74200), (1e-06, 1100)]
22:16:10:INFO:OPTIMIZER:x:
[    0.00346763     0.08852201     0.03588685   589.00031074
   899.9999864  37099.99624899   549.99978656]
22:16:10:INFO:OPTIMIZER:fun:0.0010053687438147205
22:16:10:INFO:OPTIMIZER:nfev:12878
22:16:10:INFO:OPTIMIZER:nit:201
22:16:10:INFO:OPTIMIZER:message:Optimization terminated successfully.
22:16:10:INFO:OPTIMIZER:success:True
22:16:10:INFO:OPTIMIZER:constr:[array([0.])]
22:16:10:INFO:OPTIMIZER:constr_violation:0.0
22:16:10:INFO:OPTIMIZER:maxcv:0.0
22:16:10:INFO:RESULT:A:
[[-0.03935448  0.00226937  0.          0.03843159]
 [ 0.00346763 -0.09079138  0.00214743  0.        ]
 [ 0.          0.08852201 -0.00214743  0.        ]
 [ 0.03588685  0.          0.         -0.03843159]]
22:16:10:INFO:RESULT:m_eq:
[  589.00031074   899.9999864  37099.99624899   549.99978656](39138.99633269095)
22:16:10:INFO:RESULT:x_vec:
[    0.00346763     0.08852201     0.03588685   589.00031074
   899.9999864  37099.99624899   549.99978656](39139.12420917869)
22:16:10:INFO:RESULT:time_scale:
[ 10.7347592   13.19135625 567.4268135 ]
22:16:10:INFO:SAVE:message:saving bunch of data...
22:16:10:INFO:SAVE:message:saving optimizer data ...
