22:06:57:INFO:GENERAL:seed:1
22:06:57:INFO:GENERAL:rho:[0.1, 0.0, 0.0001]
22:06:57:INFO:GENERAL:bounds_z:[(1e-06, 0.3), (1e-06, 0.3), (588.999411, 589.000589), (1e-06, 1800), (1e-06, 74200)]
22:06:58:INFO:OPTIMIZER:x:
[    0.02989868     0.00235897   588.99949936   756.82761965
 74187.80017229]
22:06:58:INFO:OPTIMIZER:fun:0.003171951296075867
22:06:58:INFO:OPTIMIZER:nfev:9028
22:06:58:INFO:OPTIMIZER:nit:140
22:06:58:INFO:OPTIMIZER:message:Optimization terminated successfully.
22:06:58:INFO:OPTIMIZER:success:True
22:06:58:INFO:OPTIMIZER:constr:[array([0.])]
22:06:58:INFO:OPTIMIZER:constr_violation:0.0
22:06:58:INFO:OPTIMIZER:maxcv:0.0
22:06:58:INFO:RESULT:A:
[[-0.02989868  0.02326859  0.        ]
 [ 0.02989868 -0.02562756  0.00002407]
 [ 0.          0.00235897 -0.00002407]]
22:06:58:INFO:RESULT:m_eq:
[  588.99949936   756.82761965 74187.80017229](75533.62729129622)
22:06:58:INFO:RESULT:x_vec:
[    0.02989868     0.00235897   588.99949936   756.82761965
 74187.80017229](75533.65954895374)
22:06:58:INFO:RESULT:time_scale:
[ 18.44132328 755.13528119]
22:06:58:INFO:SAVE:message:saving bunch of data...
22:06:58:INFO:SAVE:message:saving optimizer data ...
