21:12:27:INFO:GENERAL:seed:1
21:12:27:INFO:GENERAL:rho:[0.0001, 0.001, 0.0]
21:12:27:INFO:GENERAL:bounds_z:[(1e-06, 0.3), (1e-06, 0.3), (588.999411, 589.000589), (1e-06, 1800), (1e-06, 74200)]
21:12:30:INFO:OPTIMIZER:x:
[   0.08052521    0.012329    589.00054842  717.67819576 1274.22882334]
21:12:30:INFO:OPTIMIZER:fun:0.0006083687952670831
21:12:30:INFO:OPTIMIZER:nfev:15283
21:12:30:INFO:OPTIMIZER:nit:237
21:12:30:INFO:OPTIMIZER:message:Optimization terminated successfully.
21:12:30:INFO:OPTIMIZER:success:True
21:12:30:INFO:OPTIMIZER:constr:[array([0.])]
21:12:30:INFO:OPTIMIZER:constr_violation:0.0
21:12:30:INFO:OPTIMIZER:maxcv:0.0
21:12:30:INFO:RESULT:A:
[[-0.08052521  0.06608727  0.        ]
 [ 0.08052521 -0.07841627  0.00694401]
 [ 0.          0.012329   -0.00694401]]
21:12:30:INFO:RESULT:m_eq:
[ 589.00054842  717.67819576 1274.22882334](2580.9075675189024)
21:12:30:INFO:RESULT:x_vec:
[   0.08052521    0.012329    589.00054842  717.67819576 1274.22882334](2581.000421725677)
21:12:30:INFO:RESULT:time_scale:
[ 6.54800493 75.94623692]
21:12:30:INFO:SAVE:message:saving bunch of data...
21:12:30:INFO:SAVE:message:saving optimizer data ...
