22:16:40:INFO:GENERAL:seed:1
22:16:40:INFO:GENERAL:rho:[0.1, 0.1, 0.001]
22:16:40:INFO:GENERAL:bounds_z:[(1e-06, 0.3), (1e-06, 0.3), (1e-06, 0.3), (588.999411, 589.000589), (1e-06, 1800), (1e-06, 74200), (1e-06, 1100)]
22:16:43:INFO:OPTIMIZER:x:
[    0.00445331     0.00022027     0.02634206   589.0000156
   899.99998176 37100.00006405   549.99995911]
22:16:43:INFO:OPTIMIZER:fun:0.0036210318195745305
22:16:43:INFO:OPTIMIZER:nfev:11867
22:16:43:INFO:OPTIMIZER:nit:208
22:16:43:INFO:OPTIMIZER:message:Optimization terminated successfully.
22:16:43:INFO:OPTIMIZER:success:True
22:16:43:INFO:OPTIMIZER:constr:[array([0.])]
22:16:43:INFO:OPTIMIZER:constr_violation:0.0
22:16:43:INFO:OPTIMIZER:maxcv:0.0
22:16:43:INFO:RESULT:A:
[[-0.03079536  0.00291444  0.          0.02820995]
 [ 0.00445331 -0.00313471  0.00000534  0.        ]
 [ 0.          0.00022027 -0.00000534  0.        ]
 [ 0.02634206  0.          0.         -0.02820995]]
22:16:43:INFO:RESULT:m_eq:
[  589.0000156    899.99998176 37100.00006405   549.99995911](39139.00002051657)
22:16:43:INFO:RESULT:x_vec:
[    0.00445331     0.00022027     0.02634206   589.0000156
   899.99998176 37100.00006405   549.99995911](39139.03103614989)
22:16:43:INFO:RESULT:time_scale:
[  17.5685377   195.10793801 9993.35542053]
22:16:43:INFO:SAVE:message:saving bunch of data...
22:16:43:INFO:SAVE:message:saving optimizer data ...
