21:21:34:INFO:GENERAL:seed:1
21:21:34:INFO:GENERAL:rho:[0.01, 0.01, 0.0001]
21:21:34:INFO:GENERAL:bounds_z:[(1e-06, 0.3), (1e-06, 0.3), (588.999411, 589.000589), (1e-06, 1800), (1e-06, 74200)]
21:21:36:INFO:OPTIMIZER:x:
[    0.02822575     0.00103576   589.0005778    899.99707741
 37099.98980811]
21:21:36:INFO:OPTIMIZER:fun:0.0019216220839988675
21:21:36:INFO:OPTIMIZER:nfev:11330
21:21:36:INFO:OPTIMIZER:nit:176
21:21:36:INFO:OPTIMIZER:message:Optimization terminated successfully.
21:21:36:INFO:OPTIMIZER:success:True
21:21:36:INFO:OPTIMIZER:constr:[array([0.])]
21:21:36:INFO:OPTIMIZER:constr_violation:0.0
21:21:36:INFO:OPTIMIZER:maxcv:0.0
21:21:36:INFO:RESULT:A:
[[-0.02822575  0.01847226  0.        ]
 [ 0.02822575 -0.01950802  0.00002513]
 [ 0.          0.00103576 -0.00002513]]
21:21:36:INFO:RESULT:m_eq:
[  589.0005778    899.99707741 37099.98980811](38588.987463317564)
21:21:36:INFO:RESULT:x_vec:
[    0.02822575     0.00103576   589.0005778    899.99707741
 37099.98980811](38589.016724827954)
21:21:36:INFO:RESULT:time_scale:
[  21.22535181 1549.35582991]
21:21:36:INFO:SAVE:message:saving bunch of data...
21:21:36:INFO:SAVE:message:saving optimizer data ...
