22:22:37:INFO:GENERAL:seed:1
22:22:37:INFO:GENERAL:rho:[0.1, 0.0, 0.1]
22:22:37:INFO:GENERAL:bounds_z:[(1e-06, 0.3), (1e-06, 0.3), (588.999411, 589.000589), (1e-06, 1800), (1e-06, 74200)]
22:22:39:INFO:OPTIMIZER:x:
[    0.04791944     0.00254843   589.00008347  1169.67960079
 74199.74587322]
22:22:39:INFO:OPTIMIZER:fun:0.0038791751873505998
22:22:39:INFO:OPTIMIZER:nfev:8887
22:22:39:INFO:OPTIMIZER:nit:137
22:22:39:INFO:OPTIMIZER:message:Optimization terminated successfully.
22:22:39:INFO:OPTIMIZER:success:True
22:22:39:INFO:OPTIMIZER:constr:[array([0.])]
22:22:39:INFO:OPTIMIZER:constr_violation:0.0
22:22:39:INFO:OPTIMIZER:maxcv:0.0
22:22:39:INFO:RESULT:A:
[[-0.04791944  0.02413016  0.        ]
 [ 0.04791944 -0.02667858  0.00004017]
 [ 0.          0.00254843 -0.00004017]]
22:22:39:INFO:RESULT:m_eq:
[  589.00008347  1169.67960079 74199.74587322](75958.42555748412)
22:22:39:INFO:RESULT:x_vec:
[    0.04791944     0.00254843   589.00008347  1169.67960079
 74199.74587322](75958.47602534773)
22:22:39:INFO:RESULT:time_scale:
[ 13.71292725 583.3273378 ]
22:22:39:INFO:SAVE:message:saving bunch of data...
22:22:39:INFO:SAVE:message:saving optimizer data ...
