22:02:58:INFO:GENERAL:seed:1
22:02:58:INFO:GENERAL:rho:[0.1, 0.0001, 0.0001]
22:02:58:INFO:GENERAL:bounds_z:[(1e-06, 0.3), (1e-06, 0.3), (588.999411, 589.000589), (1e-06, 1800), (1e-06, 74200)]
22:02:59:INFO:OPTIMIZER:x:
[    0.04807454     0.00258772   588.99989218  1164.7976106
 38390.40650196]
22:02:59:INFO:OPTIMIZER:fun:0.0038910679018553797
22:02:59:INFO:OPTIMIZER:nfev:6759
22:02:59:INFO:OPTIMIZER:nit:105
22:02:59:INFO:OPTIMIZER:message:Optimization terminated successfully.
22:02:59:INFO:OPTIMIZER:success:True
22:02:59:INFO:OPTIMIZER:constr:[array([0.])]
22:02:59:INFO:OPTIMIZER:constr_violation:0.0
22:02:59:INFO:OPTIMIZER:maxcv:0.0
22:02:59:INFO:RESULT:A:
[[-0.04807454  0.02430972  0.        ]
 [ 0.04807454 -0.02689743  0.00007851]
 [ 0.          0.00258772 -0.00007851]]
22:02:59:INFO:RESULT:m_eq:
[  588.99989218  1164.7976106  38390.40650196](40144.20400474355)
22:02:59:INFO:RESULT:x_vec:
[    0.04807454     0.00258772   588.99989218  1164.7976106
 38390.40650196](40144.254667000336)
22:02:59:INFO:RESULT:time_scale:
[ 13.64718733 563.28062942]
22:02:59:INFO:SAVE:message:saving bunch of data...
22:02:59:INFO:SAVE:message:saving optimizer data ...
