21:12:54:INFO:GENERAL:seed:1
21:12:54:INFO:GENERAL:rho:[0.001, 0.0001, 0.0001]
21:12:54:INFO:GENERAL:bounds_z:[(1e-06, 0.3), (1e-06, 0.3), (588.999411, 589.000589), (1e-06, 1800), (1e-06, 74200)]
21:12:56:INFO:OPTIMIZER:x:
[   0.08036774    0.01230783  589.00008346  718.35529287 1273.76418032]
21:12:56:INFO:OPTIMIZER:fun:0.00036209693235112367
21:12:56:INFO:OPTIMIZER:nfev:14082
21:12:56:INFO:OPTIMIZER:nit:220
21:12:56:INFO:OPTIMIZER:message:Optimization terminated successfully.
21:12:56:INFO:OPTIMIZER:success:True
21:12:56:INFO:OPTIMIZER:constr:[array([0.])]
21:12:56:INFO:OPTIMIZER:constr_violation:0.0
21:12:56:INFO:OPTIMIZER:maxcv:0.0
21:12:56:INFO:RESULT:A:
[[-0.08036774  0.06589581  0.        ]
 [ 0.08036774 -0.07820364  0.00694116]
 [ 0.          0.01230783 -0.00694116]]
21:12:56:INFO:RESULT:m_eq:
[ 589.00008346  718.35529287 1273.76418032](2581.11955665554)
21:12:56:INFO:RESULT:x_vec:
[   0.08036774    0.01230783  589.00008346  718.35529287 1273.76418032](2581.2122322268224)
21:12:56:INFO:RESULT:time_scale:
[ 6.563548   76.01142477]
21:12:56:INFO:SAVE:message:saving bunch of data...
21:12:56:INFO:SAVE:message:saving optimizer data ...
