22:21:22:INFO:GENERAL:seed:1
22:21:22:INFO:GENERAL:rho:[0.1, 0.0001, 0.0001]
22:21:22:INFO:GENERAL:bounds_z:[(1e-06, 0.3), (1e-06, 0.3), (588.999411, 589.000589), (1e-06, 1800), (1e-06, 74200)]
22:21:23:INFO:OPTIMIZER:x:
[    0.04807924     0.00258705   589.0000559   1164.95434286
 38372.17191143]
22:21:23:INFO:OPTIMIZER:fun:0.0038910682086313398
22:21:23:INFO:OPTIMIZER:nfev:6598
22:21:23:INFO:OPTIMIZER:nit:101
22:21:23:INFO:OPTIMIZER:message:Optimization terminated successfully.
22:21:23:INFO:OPTIMIZER:success:True
22:21:23:INFO:OPTIMIZER:constr:[array([0.])]
22:21:23:INFO:OPTIMIZER:constr_violation:0.0
22:21:23:INFO:OPTIMIZER:maxcv:0.0
22:21:23:INFO:RESULT:A:
[[-0.04807924  0.02430883  0.        ]
 [ 0.04807924 -0.02689587  0.00007854]
 [ 0.          0.00258705 -0.00007854]]
22:21:23:INFO:RESULT:m_eq:
[  589.0000559   1164.95434286 38372.17191143](40126.126310189844)
22:21:23:INFO:RESULT:x_vec:
[    0.04807924     0.00258705   589.0000559   1164.95434286
 38372.17191143](40126.1769764755)
22:21:23:INFO:RESULT:time_scale:
[ 13.64653606 563.38472522]
22:21:23:INFO:SAVE:message:saving bunch of data...
22:21:23:INFO:SAVE:message:saving optimizer data ...
