22:04:55:INFO:GENERAL:seed:1
22:04:55:INFO:GENERAL:rho:[0.001, 0.0, 0.1]
22:04:55:INFO:GENERAL:bounds_z:[(1e-06, 0.3), (1e-06, 0.3), (1e-06, 0.3), (588.999411, 589.000589), (1e-06, 1800), (1e-06, 74200), (1e-06, 1100)]
22:05:27:INFO:OPTIMIZER:x:
[   0.05942595    0.03339023    0.03386334  588.99943177  233.14772176
 1500.5485619   458.53086811]
22:05:27:INFO:OPTIMIZER:fun:0.00020750124387070368
22:05:27:INFO:OPTIMIZER:nfev:175262
22:05:27:INFO:OPTIMIZER:nit:2723
22:05:27:INFO:OPTIMIZER:message:Optimization terminated successfully.
22:05:27:INFO:OPTIMIZER:success:True
22:05:27:INFO:OPTIMIZER:constr:[array([0.])]
22:05:27:INFO:OPTIMIZER:constr_violation:0.0
22:05:27:INFO:OPTIMIZER:maxcv:0.0
22:05:27:INFO:RESULT:A:
[[-0.0932893   0.15012736  0.          0.04349869]
 [ 0.05942595 -0.18351759  0.00518801  0.        ]
 [ 0.          0.03339023 -0.00518801  0.        ]
 [ 0.03386334  0.          0.         -0.04349869]]
22:05:27:INFO:RESULT:m_eq:
[ 588.99943177  233.14772176 1500.5485619   458.53086811](2781.2265835456797)
22:05:27:INFO:RESULT:x_vec:
[   0.05942595    0.03339023    0.03386334  588.99943177  233.14772176
 1500.5485619   458.53086811](2781.3532630723203)
22:05:27:INFO:RESULT:time_scale:
[  4.06986842  14.17280284 108.36919691]
22:05:27:INFO:SAVE:message:saving bunch of data...
22:05:27:INFO:SAVE:message:saving optimizer data ...
