22:17:35:INFO:GENERAL:seed:1
22:17:35:INFO:GENERAL:rho:[0.0001, 0.1, 0.1]
22:17:35:INFO:GENERAL:bounds_z:[(1e-06, 0.3), (1e-06, 0.3), (1e-06, 0.3), (588.999411, 589.000589), (1e-06, 1800), (1e-06, 74200), (1e-06, 1100)]
22:17:42:INFO:OPTIMIZER:x:
[    0.00874858     0.00021792     0.00912093   589.00001124
   900.00006049 37100.00054768   549.99999773]
22:17:42:INFO:OPTIMIZER:fun:0.004111927487895769
22:17:42:INFO:OPTIMIZER:nfev:30694
22:17:42:INFO:OPTIMIZER:nit:552
22:17:42:INFO:OPTIMIZER:message:Optimization terminated successfully.
22:17:42:INFO:OPTIMIZER:success:True
22:17:42:INFO:OPTIMIZER:constr:[array([0.])]
22:17:42:INFO:OPTIMIZER:constr_violation:0.0
22:17:42:INFO:OPTIMIZER:maxcv:0.0
22:17:42:INFO:RESULT:A:
[[-0.01786951  0.00572546  0.          0.00976769]
 [ 0.00874858 -0.00594337  0.00000529  0.        ]
 [ 0.          0.00021792 -0.00000529  0.        ]
 [ 0.00912093  0.          0.         -0.00976769]]
22:17:42:INFO:RESULT:m_eq:
[  589.00001124   900.00006049 37100.00054768   549.99999773](39139.000617145066)
22:17:42:INFO:RESULT:x_vec:
[    0.00874858     0.00021792     0.00912093   589.00001124
   900.00006049 37100.00054768   549.99999773](39139.01870457513)
22:17:42:INFO:RESULT:time_scale:
[  38.60807691  131.84697768 9999.89866784]
22:17:42:INFO:SAVE:message:saving bunch of data...
22:17:42:INFO:SAVE:message:saving optimizer data ...
