22:17:03:INFO:GENERAL:seed:1
22:17:03:INFO:GENERAL:rho:[0.1, 0.01, 0.01]
22:17:03:INFO:GENERAL:bounds_z:[(1e-06, 0.3), (1e-06, 0.3), (588.999411, 589.000589), (1e-06, 1800), (1e-06, 74200)]
22:17:04:INFO:OPTIMIZER:x:
[    0.02584455     0.00108      589.00026005   899.999476
 37100.00388808]
22:17:04:INFO:OPTIMIZER:fun:0.0032928944508021007
22:17:04:INFO:OPTIMIZER:nfev:8522
22:17:04:INFO:OPTIMIZER:nit:135
22:17:04:INFO:OPTIMIZER:message:Optimization terminated successfully.
22:17:04:INFO:OPTIMIZER:success:True
22:17:04:INFO:OPTIMIZER:constr:[array([0.])]
22:17:04:INFO:OPTIMIZER:constr_violation:0.0
22:17:04:INFO:OPTIMIZER:maxcv:0.0
22:17:04:INFO:RESULT:A:
[[-0.02584455  0.01691384  0.        ]
 [ 0.02584455 -0.01799384  0.0000262 ]
 [ 0.          0.00108    -0.0000262 ]]
22:17:04:INFO:RESULT:m_eq:
[  589.00026005   899.999476   37100.00388808](38589.00362412566)
22:17:04:INFO:RESULT:x_vec:
[    0.02584455     0.00108      589.00026005   899.999476
 37100.00388808](38589.03054867234)
22:17:04:INFO:RESULT:time_scale:
[  23.15220752 1487.73974312]
22:17:04:INFO:SAVE:message:saving bunch of data...
22:17:04:INFO:SAVE:message:saving optimizer data ...
