22:07:32:INFO:GENERAL:seed:1
22:07:32:INFO:GENERAL:rho:[0.001, 0.1, 0.0001]
22:07:32:INFO:GENERAL:bounds_z:[(1e-06, 0.3), (1e-06, 0.3), (1e-06, 0.3), (588.999411, 589.000589), (1e-06, 1800), (1e-06, 74200), (1e-06, 1100)]
22:07:35:INFO:OPTIMIZER:x:
[    0.00354333     0.04298234     0.03563478   588.99999644
   900.00000381 37100.0001289    550.00000783]
22:07:35:INFO:OPTIMIZER:fun:0.0010364373301714213
22:07:35:INFO:OPTIMIZER:nfev:13305
22:07:35:INFO:OPTIMIZER:nit:209
22:07:35:INFO:OPTIMIZER:message:Optimization terminated successfully.
22:07:35:INFO:OPTIMIZER:success:True
22:07:35:INFO:OPTIMIZER:constr:[array([0.])]
22:07:35:INFO:OPTIMIZER:constr_violation:0.0
22:07:35:INFO:OPTIMIZER:maxcv:0.0
22:07:35:INFO:RESULT:A:
[[-0.03917811  0.00231891  0.          0.03816161]
 [ 0.00354333 -0.04530126  0.0010427   0.        ]
 [ 0.          0.04298234 -0.0010427   0.        ]
 [ 0.03563478  0.          0.         -0.03816161]]
22:07:35:INFO:RESULT:m_eq:
[  588.99999644   900.00000381 37100.0001289    550.00000783](39139.00013698402)
22:07:35:INFO:RESULT:x_vec:
[    0.00354333     0.04298234     0.03563478   588.99999644
   900.00000381 37100.0001289    550.00000783](39139.08229743661)
22:07:35:INFO:RESULT:time_scale:
[ 13.21178599  21.62543074 570.83338945]
22:07:35:INFO:SAVE:message:saving bunch of data...
22:07:35:INFO:SAVE:message:saving optimizer data ...
