22:21:50:INFO:GENERAL:seed:1
22:21:50:INFO:GENERAL:rho:[0.001, 0.0001, 0.001]
22:21:50:INFO:GENERAL:bounds_z:[(1e-06, 0.3), (1e-06, 0.3), (1e-06, 0.3), (588.999411, 589.000589), (1e-06, 1800), (1e-06, 74200), (1e-06, 1100)]
22:21:55:INFO:OPTIMIZER:x:
[    0.02520663     0.00301399     0.06200731   589.00036392
  1019.82612591 36848.65726343   320.88510202]
22:21:55:INFO:OPTIMIZER:fun:0.0002386171744075625
22:21:55:INFO:OPTIMIZER:nfev:25509
22:21:55:INFO:OPTIMIZER:nit:397
22:21:55:INFO:OPTIMIZER:message:Optimization terminated successfully.
22:21:55:INFO:OPTIMIZER:success:True
22:21:55:INFO:OPTIMIZER:constr:[array([0.])]
22:21:55:INFO:OPTIMIZER:constr_violation:0.0
22:21:55:INFO:OPTIMIZER:maxcv:0.0
22:21:55:INFO:RESULT:A:
[[-0.08721393  0.01455808  0.          0.11381746]
 [ 0.02520663 -0.01757207  0.00008342  0.        ]
 [ 0.          0.00301399 -0.00008342  0.        ]
 [ 0.06200731  0.          0.         -0.11381746]]
22:21:55:INFO:RESULT:m_eq:
[  589.00036392  1019.82612591 36848.65726343   320.88510202](38778.36885527842)
22:21:55:INFO:RESULT:x_vec:
[    0.02520663     0.00301399     0.06200731   589.00036392
  1019.82612591 36848.65726343   320.88510202](38778.45908319963)
22:21:55:INFO:RESULT:time_scale:
[  5.36209217  32.68207417 627.08026804]
22:21:55:INFO:SAVE:message:saving bunch of data...
22:21:55:INFO:SAVE:message:saving optimizer data ...
