22:08:19:INFO:GENERAL:seed:1
22:08:19:INFO:GENERAL:rho:[0.0, 0.001, 0.01]
22:08:19:INFO:GENERAL:bounds_z:[(1e-06, 0.3), (1e-06, 0.3), (1e-06, 0.3), (588.999411, 589.000589), (1e-06, 1800), (1e-06, 74200), (1e-06, 1100)]
22:08:26:INFO:OPTIMIZER:x:
[    0.05107275     0.01030558     0.01700329   589.00050748
   165.50991434 37110.64262457   490.85713615]
22:08:26:INFO:OPTIMIZER:fun:0.00043718977195102393
22:08:26:INFO:OPTIMIZER:nfev:36179
22:08:26:INFO:OPTIMIZER:nit:563
22:08:26:INFO:OPTIMIZER:message:Optimization terminated successfully.
22:08:26:INFO:OPTIMIZER:success:True
22:08:26:INFO:OPTIMIZER:constr:[array([0.])]
22:08:26:INFO:OPTIMIZER:constr_violation:0.0
22:08:26:INFO:OPTIMIZER:maxcv:0.0
22:08:26:INFO:RESULT:A:
[[-0.06807605  0.18175272  0.          0.02040298]
 [ 0.05107275 -0.1920583   0.00004596  0.        ]
 [ 0.          0.01030558 -0.00004596  0.        ]
 [ 0.01700329  0.          0.         -0.02040298]]
22:08:26:INFO:RESULT:m_eq:
[  589.00050748   165.50991434 37110.64262457   490.85713615](38356.010182539874)
22:08:26:INFO:RESULT:x_vec:
[    0.05107275     0.01030558     0.01700329   589.00050748
   165.50991434 37110.64262457   490.85713615](38356.08856416366)
22:08:26:INFO:RESULT:time_scale:
[  4.08177323  29.18026791 756.43510864]
22:08:26:INFO:SAVE:message:saving bunch of data...
22:08:26:INFO:SAVE:message:saving optimizer data ...
