22:16:34:INFO:GENERAL:seed:1
22:16:34:INFO:GENERAL:rho:[0.001, 0.0, 0.001]
22:16:34:INFO:GENERAL:bounds_z:[(1e-06, 0.3), (1e-06, 0.3), (588.999411, 589.000589), (1e-06, 1800), (1e-06, 74200)]
22:16:36:INFO:OPTIMIZER:x:
[  0.05682267   0.0162496  589.00007779 405.10587452 786.22970658]
22:16:36:INFO:OPTIMIZER:fun:0.00027418366295154777
22:16:36:INFO:OPTIMIZER:nfev:15413
22:16:36:INFO:OPTIMIZER:nit:237
22:16:36:INFO:OPTIMIZER:message:Optimization terminated successfully.
22:16:36:INFO:OPTIMIZER:success:True
22:16:36:INFO:OPTIMIZER:constr:[array([0.])]
22:16:36:INFO:OPTIMIZER:constr_violation:0.0
22:16:36:INFO:OPTIMIZER:maxcv:0.0
22:16:36:INFO:RESULT:A:
[[-0.05682267  0.08261681  0.        ]
 [ 0.05682267 -0.09886641  0.00837263]
 [ 0.          0.0162496  -0.00837263]]
22:16:36:INFO:RESULT:m_eq:
[589.00007779 405.10587452 786.22970658](1780.3356588938623)
22:16:36:INFO:RESULT:x_vec:
[  0.05682267   0.0162496  589.00007779 405.10587452 786.22970658](1780.4087311638364)
22:16:36:INFO:RESULT:time_scale:
[ 6.66065048 71.80696763]
22:16:36:INFO:SAVE:message:saving bunch of data...
22:16:36:INFO:SAVE:message:saving optimizer data ...
