21:12:51:INFO:GENERAL:seed:1
21:12:51:INFO:GENERAL:rho:[0.01, 0.001, 0.0001]
21:12:51:INFO:GENERAL:bounds_z:[(1e-06, 0.3), (1e-06, 0.3), (588.999411, 589.000589), (1e-06, 1800), (1e-06, 74200)]
21:12:53:INFO:OPTIMIZER:x:
[    0.06612573     0.00408658   588.9995553    954.65438646
 37047.27429235]
21:12:53:INFO:OPTIMIZER:fun:0.0011520776939042293
21:12:53:INFO:OPTIMIZER:nfev:7894
21:12:53:INFO:OPTIMIZER:nit:122
21:12:53:INFO:OPTIMIZER:message:Optimization terminated successfully.
21:12:53:INFO:OPTIMIZER:success:True
21:12:53:INFO:OPTIMIZER:constr:[array([0.])]
21:12:53:INFO:OPTIMIZER:constr_violation:0.0
21:12:53:INFO:OPTIMIZER:maxcv:0.0
21:12:53:INFO:RESULT:A:
[[-0.06612573  0.04079804  0.        ]
 [ 0.06612573 -0.04488462  0.00010531]
 [ 0.          0.00408658 -0.00010531]]
21:12:53:INFO:RESULT:m_eq:
[  588.9995553    954.65438646 37047.27429235](38590.92823410156)
21:12:53:INFO:RESULT:x_vec:
[    0.06612573     0.00408658   588.9995553    954.65438646
 37047.27429235](38590.998446417485)
21:12:53:INFO:RESULT:time_scale:
[  9.2147366  385.52905728]
21:12:53:INFO:SAVE:message:saving bunch of data...
21:12:53:INFO:SAVE:message:saving optimizer data ...
