22:03:58:INFO:GENERAL:seed:1
22:03:58:INFO:GENERAL:rho:[0.0, 0.001, 0.01]
22:03:58:INFO:GENERAL:bounds_z:[(1e-06, 0.3), (1e-06, 0.3), (1e-06, 0.3), (588.999411, 589.000589), (1e-06, 1800), (1e-06, 74200), (1e-06, 1100)]
22:04:06:INFO:OPTIMIZER:x:
[    0.06456556     0.01114793     0.02740311   588.99949219
   278.6622022  36925.85786566   703.34658527]
22:04:06:INFO:OPTIMIZER:fun:0.00039732376205051985
22:04:06:INFO:OPTIMIZER:nfev:42240
22:04:06:INFO:OPTIMIZER:nit:660
22:04:06:INFO:OPTIMIZER:message:Optimization terminated successfully.
22:04:06:INFO:OPTIMIZER:success:True
22:04:06:INFO:OPTIMIZER:constr:[array([0.])]
22:04:06:INFO:OPTIMIZER:constr_violation:0.0
22:04:06:INFO:OPTIMIZER:maxcv:0.0
22:04:06:INFO:RESULT:A:
[[-0.09196867  0.13647018  0.          0.02294803]
 [ 0.06456556 -0.14761812  0.00008413  0.        ]
 [ 0.          0.01114793 -0.00008413  0.        ]
 [ 0.02740311  0.          0.         -0.02294803]]
22:04:06:INFO:RESULT:m_eq:
[  588.99949219   278.6622022  36925.85786566   703.34658527](38496.86614532036)
22:04:06:INFO:RESULT:x_vec:
[    0.06456556     0.01114793     0.02740311   588.99949219
   278.6622022  36925.85786566   703.34658527](38496.96926192186)
22:04:06:INFO:RESULT:time_scale:
[  4.56907756  23.8791298  532.25225257]
22:04:06:INFO:SAVE:message:saving bunch of data...
22:04:06:INFO:SAVE:message:saving optimizer data ...
