22:17:30:INFO:GENERAL:seed:1
22:17:30:INFO:GENERAL:rho:[0.01, 0.01, 0.01]
22:17:30:INFO:GENERAL:bounds_z:[(1e-06, 0.3), (1e-06, 0.3), (1e-06, 0.3), (588.999411, 589.000589), (1e-06, 1800), (1e-06, 74200), (1e-06, 1100)]
22:17:37:INFO:OPTIMIZER:x:
[    0.03816606     0.00926791     0.01683542   588.99988564
   177.20725155 37120.77921994   502.67498224]
22:17:37:INFO:OPTIMIZER:fun:0.0028893624077250117
22:17:37:INFO:OPTIMIZER:nfev:33942
22:17:37:INFO:OPTIMIZER:nit:527
22:17:37:INFO:OPTIMIZER:message:Optimization terminated successfully.
22:17:37:INFO:OPTIMIZER:success:True
22:17:37:INFO:OPTIMIZER:constr:[array([0.])]
22:17:37:INFO:OPTIMIZER:constr_violation:0.0
22:17:37:INFO:OPTIMIZER:maxcv:0.0
22:17:37:INFO:RESULT:A:
[[-0.05500147  0.126856    0.          0.01972658]
 [ 0.03816606 -0.13612391  0.00004424  0.        ]
 [ 0.          0.00926791 -0.00004424  0.        ]
 [ 0.01683542  0.          0.         -0.01972658]]
22:17:37:INFO:RESULT:m_eq:
[  588.99988564   177.20725155 37120.77921994   502.67498224](38389.661339372855)
22:17:37:INFO:RESULT:x_vec:
[    0.03816606     0.00926791     0.01683542   588.99988564
   177.20725155 37120.77921994   502.67498224](38389.7256087605)
22:17:37:INFO:RESULT:time_scale:
[  5.66137063  30.28153144 808.33661509]
22:17:37:INFO:SAVE:message:saving bunch of data...
22:17:37:INFO:SAVE:message:saving optimizer data ...
