22:09:14:INFO:GENERAL:seed:1
22:09:14:INFO:GENERAL:rho:[0.0001, 0.001, 0.1]
22:09:14:INFO:GENERAL:bounds_z:[(1e-06, 0.3), (1e-06, 0.3), (588.999411, 589.000589), (1e-06, 1800), (1e-06, 74200)]
22:09:16:INFO:OPTIMIZER:x:
[  0.05691117   0.01623911 589.00042753 405.1016353  786.44763836]
22:09:16:INFO:OPTIMIZER:fun:0.0005991658500831452
22:09:16:INFO:OPTIMIZER:nfev:13132
22:09:16:INFO:OPTIMIZER:nit:205
22:09:16:INFO:OPTIMIZER:message:Optimization terminated successfully.
22:09:16:INFO:OPTIMIZER:success:True
22:09:16:INFO:OPTIMIZER:constr:[array([0.])]
22:09:16:INFO:OPTIMIZER:constr_violation:0.0
22:09:16:INFO:OPTIMIZER:maxcv:0.0
22:09:16:INFO:RESULT:A:
[[-0.05691117  0.08274641  0.        ]
 [ 0.05691117 -0.09898552  0.00836482]
 [ 0.          0.01623911 -0.00836482]]
22:09:16:INFO:RESULT:m_eq:
[589.00042753 405.1016353  786.44763836](1780.5497011914588)
22:09:16:INFO:RESULT:x_vec:
[  0.05691117   0.01623911 589.00042753 405.1016353  786.44763836](1780.622851477532)
22:09:16:INFO:RESULT:time_scale:
[ 6.65140712 71.85257766]
22:09:16:INFO:SAVE:message:saving bunch of data...
22:09:16:INFO:SAVE:message:saving optimizer data ...
