22:18:04:INFO:GENERAL:seed:1
22:18:04:INFO:GENERAL:rho:[0.01, 0.0001, 0.1]
22:18:04:INFO:GENERAL:bounds_z:[(1e-06, 0.3), (1e-06, 0.3), (1e-06, 0.3), (588.999411, 589.000589), (1e-06, 1800), (1e-06, 74200), (1e-06, 1100)]
22:18:19:INFO:OPTIMIZER:x:
[    0.01604856     0.00242521     0.04307068   588.99988769
   687.32559584 36825.7662156    193.80527954]
22:18:19:INFO:OPTIMIZER:fun:0.0007055685697617693
22:18:19:INFO:OPTIMIZER:nfev:76989
22:18:19:INFO:OPTIMIZER:nit:1197
22:18:19:INFO:OPTIMIZER:message:Optimization terminated successfully.
22:18:19:INFO:OPTIMIZER:success:True
22:18:19:INFO:OPTIMIZER:constr:[array([0.])]
22:18:19:INFO:OPTIMIZER:constr_violation:0.0
22:18:19:INFO:OPTIMIZER:maxcv:0.0
22:18:19:INFO:RESULT:A:
[[-0.05911923  0.01375272  0.          0.13089749]
 [ 0.01604856 -0.01617793  0.00004526  0.        ]
 [ 0.          0.00242521 -0.00004526  0.        ]
 [ 0.04307068  0.          0.         -0.13089749]]
22:18:19:INFO:RESULT:m_eq:
[  588.99988769   687.32559584 36825.7662156    193.80527954](38295.896978668476)
22:18:19:INFO:RESULT:x_vec:
[    0.01604856     0.00242521     0.04307068   588.99988769
   687.32559584 36825.7662156    193.80527954](38295.95852311452)
22:18:19:INFO:RESULT:time_scale:
[  5.59851342  37.73319923 893.48301171]
22:18:19:INFO:SAVE:message:saving bunch of data...
22:18:19:INFO:SAVE:message:saving optimizer data ...
