21:21:03:INFO:GENERAL:seed:1
21:21:03:INFO:GENERAL:rho:[0.0, 0.0001, 0.0001]
21:21:03:INFO:GENERAL:bounds_z:[(1e-06, 0.3), (1e-06, 0.3), (1e-06, 0.3), (588.999411, 589.000589), (1e-06, 1800), (1e-06, 74200), (1e-06, 1100)]
21:21:07:INFO:OPTIMIZER:x:
[    0.04978723     0.00682317     0.01363192   589.00023952
   211.95419137 37204.99147674   509.03522781]
21:21:07:INFO:OPTIMIZER:fun:0.00020885521197340671
21:21:07:INFO:OPTIMIZER:nfev:22218
21:21:07:INFO:OPTIMIZER:nit:345
21:21:07:INFO:OPTIMIZER:message:Optimization terminated successfully.
21:21:07:INFO:OPTIMIZER:success:True
21:21:07:INFO:OPTIMIZER:constr:[array([0.])]
21:21:07:INFO:OPTIMIZER:constr_violation:0.0
21:21:07:INFO:OPTIMIZER:maxcv:0.0
21:21:07:INFO:RESULT:A:
[[-0.06341916  0.13835392  0.          0.01577338]
 [ 0.04978723 -0.14517709  0.00003887  0.        ]
 [ 0.          0.00682317 -0.00003887  0.        ]
 [ 0.01363192  0.          0.         -0.01577338]]
21:21:07:INFO:RESULT:m_eq:
[  589.00023952   211.95419137 37204.99147674   509.03522781](38514.981135435635)
21:21:07:INFO:RESULT:x_vec:
[    0.04978723     0.00682317     0.01363192   589.00023952
   211.95419137 37204.99147674   509.03522781](38515.051377759446)
21:21:07:INFO:RESULT:time_scale:
[  5.07232598  38.18863438 930.68247116]
21:21:07:INFO:SAVE:message:saving bunch of data...
21:21:07:INFO:SAVE:message:saving optimizer data ...
