22:02:34:INFO:GENERAL:seed:1
22:02:34:INFO:GENERAL:rho:[0.01, 0.01, 0.0]
22:02:34:INFO:GENERAL:bounds_z:[(1e-06, 0.3), (1e-06, 0.3), (588.999411, 589.000589), (1e-06, 1800), (1e-06, 74200)]
22:02:36:INFO:OPTIMIZER:x:
[    0.06944359     0.00459482   588.99993548   900.0000839
 37100.00008428]
22:02:36:INFO:OPTIMIZER:fun:0.0011984629360739412
22:02:36:INFO:OPTIMIZER:nfev:9227
22:02:36:INFO:OPTIMIZER:nit:143
22:02:36:INFO:OPTIMIZER:message:Optimization terminated successfully.
22:02:36:INFO:OPTIMIZER:success:True
22:02:36:INFO:OPTIMIZER:constr:[array([0.])]
22:02:36:INFO:OPTIMIZER:constr_violation:0.0
22:02:36:INFO:OPTIMIZER:maxcv:0.0
22:02:36:INFO:RESULT:A:
[[-0.06944359  0.04544696  0.        ]
 [ 0.06944359 -0.05004178  0.00011146]
 [ 0.          0.00459482 -0.00011146]]
22:02:36:INFO:RESULT:m_eq:
[  588.99993548   900.0000839  37100.00008428](38589.00010366161)
22:02:36:INFO:RESULT:x_vec:
[    0.06944359     0.00459482   588.99993548   900.0000839
 37100.00008428](38589.07414206916)
22:02:36:INFO:RESULT:time_scale:
[  8.56500071 351.78919123]
22:02:36:INFO:SAVE:message:saving bunch of data...
22:02:36:INFO:SAVE:message:saving optimizer data ...
