22:07:43:INFO:GENERAL:seed:1
22:07:43:INFO:GENERAL:rho:[0.001, 0.001, 0.001]
22:07:43:INFO:GENERAL:bounds_z:[(1e-06, 0.3), (1e-06, 0.3), (1e-06, 0.3), (588.999411, 589.000589), (1e-06, 1800), (1e-06, 74200), (1e-06, 1100)]
22:07:48:INFO:OPTIMIZER:x:
[    0.04974146     0.01027057     0.01700424   589.00002936
   166.23876083 37115.50055102   490.68116633]
22:07:48:INFO:OPTIMIZER:fun:0.000506465293422883
22:07:48:INFO:OPTIMIZER:nfev:26099
22:07:48:INFO:OPTIMIZER:nit:410
22:07:48:INFO:OPTIMIZER:message:Optimization terminated successfully.
22:07:48:INFO:OPTIMIZER:success:True
22:07:48:INFO:OPTIMIZER:constr:[array([0.])]
22:07:48:INFO:OPTIMIZER:constr_violation:0.0
22:07:48:INFO:OPTIMIZER:maxcv:0.0
22:07:48:INFO:RESULT:A:
[[-0.0667457   0.17623881  0.          0.02041142]
 [ 0.04974146 -0.18650938  0.000046    0.        ]
 [ 0.          0.01027057 -0.000046    0.        ]
 [ 0.01700424  0.          0.         -0.02041142]]
22:07:48:INFO:RESULT:m_eq:
[  589.00002936   166.23876083 37115.50055102   490.68116633](38361.42050753683)
22:07:48:INFO:RESULT:x_vec:
[    0.04974146     0.01027057     0.01700424   589.00002936
   166.23876083 37115.50055102   490.68116633](38361.49752380686)
22:07:48:INFO:RESULT:time_scale:
[  4.1992246   29.19539405 756.8172755 ]
22:07:48:INFO:SAVE:message:saving bunch of data...
22:07:48:INFO:SAVE:message:saving optimizer data ...
