22:18:28:INFO:GENERAL:seed:1
22:18:28:INFO:GENERAL:rho:[0.1, 0.0, 0.1]
22:18:28:INFO:GENERAL:bounds_z:[(1e-06, 0.3), (1e-06, 0.3), (1e-06, 0.3), (588.999411, 589.000589), (1e-06, 1800), (1e-06, 74200), (1e-06, 1100)]
22:18:38:INFO:OPTIMIZER:x:
[    0.01325754     0.00292352     0.01527263   589.00010186
   545.21774208 74136.36085676   320.03003043]
22:18:38:INFO:OPTIMIZER:fun:0.003313615598471922
22:18:38:INFO:OPTIMIZER:nfev:53351
22:18:38:INFO:OPTIMIZER:nit:836
22:18:38:INFO:OPTIMIZER:message:Optimization terminated successfully.
22:18:38:INFO:OPTIMIZER:success:True
22:18:38:INFO:OPTIMIZER:constr:[array([0.])]
22:18:38:INFO:OPTIMIZER:constr_violation:0.0
22:18:38:INFO:OPTIMIZER:maxcv:0.0
22:18:38:INFO:RESULT:A:
[[-0.02853017  0.01432216  0.          0.02810855]
 [ 0.01325754 -0.01724568  0.0000215   0.        ]
 [ 0.          0.00292352 -0.0000215   0.        ]
 [ 0.01527263  0.          0.         -0.02810855]]
22:18:38:INFO:RESULT:m_eq:
[  589.00010186   545.21774208 74136.36085676   320.03003043](75590.6087311307)
22:18:38:INFO:RESULT:x_vec:
[    0.01325754     0.00292352     0.01527263   589.00010186
   545.21774208 74136.36085676   320.03003043](75590.64018482546)
22:18:38:INFO:RESULT:time_scale:
[ 19.23809411  47.83915525 978.16079323]
22:18:38:INFO:SAVE:message:saving bunch of data...
22:18:38:INFO:SAVE:message:saving optimizer data ...
