22:21:42:INFO:GENERAL:seed:1
22:21:42:INFO:GENERAL:rho:[0.01, 0.001, 0.0001]
22:21:42:INFO:GENERAL:bounds_z:[(1e-06, 0.3), (1e-06, 0.3), (1e-06, 0.3), (588.999411, 589.000589), (1e-06, 1800), (1e-06, 74200), (1e-06, 1100)]
22:21:46:INFO:OPTIMIZER:x:
[    0.06426733     0.00635343     0.01845221   588.99990165
   413.44476368 37110.58243405   687.41421502]
22:21:46:INFO:OPTIMIZER:fun:0.0009092796966969659
22:21:46:INFO:OPTIMIZER:nfev:20143
22:21:46:INFO:OPTIMIZER:nit:313
22:21:46:INFO:OPTIMIZER:message:Optimization terminated successfully.
22:21:46:INFO:OPTIMIZER:success:True
22:21:46:INFO:OPTIMIZER:constr:[array([0.])]
22:21:46:INFO:OPTIMIZER:constr_violation:0.0
22:21:46:INFO:OPTIMIZER:maxcv:0.0
22:21:46:INFO:RESULT:A:
[[-0.08271954  0.09155625  0.          0.01581048]
 [ 0.06426733 -0.09790968  0.00007078  0.        ]
 [ 0.          0.00635343 -0.00007078  0.        ]
 [ 0.01845221  0.          0.         -0.01581048]]
22:21:46:INFO:RESULT:m_eq:
[  588.99990165   413.44476368 37110.58243405   687.41421502](38800.441314388656)
22:21:46:INFO:RESULT:x_vec:
[    0.06426733     0.00635343     0.01845221   588.99990165
   413.44476368 37110.58243405   687.41421502](38800.530387361425)
22:21:46:INFO:RESULT:time_scale:
[  5.94292605  37.39256716 666.70184149]
22:21:46:INFO:SAVE:message:saving bunch of data...
22:21:46:INFO:SAVE:message:saving optimizer data ...
