22:21:17:INFO:GENERAL:seed:1
22:21:17:INFO:GENERAL:rho:[0.001, 0.0001, 0.0001]
22:21:17:INFO:GENERAL:bounds_z:[(1e-06, 0.3), (1e-06, 0.3), (1e-06, 0.3), (588.999411, 589.000589), (1e-06, 1800), (1e-06, 74200), (1e-06, 1100)]
22:21:22:INFO:OPTIMIZER:x:
[    0.02520712     0.00301399     0.06200977   588.99949126
  1019.81830149 36816.37025062   320.88860594]
22:21:22:INFO:OPTIMIZER:fun:0.00023861718606105282
22:21:22:INFO:OPTIMIZER:nfev:22850
22:21:22:INFO:OPTIMIZER:nit:353
22:21:22:INFO:OPTIMIZER:message:Optimization terminated successfully.
22:21:22:INFO:OPTIMIZER:success:True
22:21:22:INFO:OPTIMIZER:constr:[array([0.])]
22:21:22:INFO:OPTIMIZER:constr_violation:0.0
22:21:22:INFO:OPTIMIZER:maxcv:0.0
22:21:22:INFO:RESULT:A:
[[-0.0872169   0.01455846  0.          0.11382057]
 [ 0.02520712 -0.01757245  0.00008349  0.        ]
 [ 0.          0.00301399 -0.00008349  0.        ]
 [ 0.06200977  0.          0.         -0.11382057]]
22:21:22:INFO:RESULT:m_eq:
[  588.99949126  1019.81830149 36816.37025062   320.88860594](38746.076649307375)
22:21:22:INFO:RESULT:x_vec:
[    0.02520712     0.00301399     0.06200977   588.99949126
  1019.81830149 36816.37025062   320.88860594](38746.166880198565)
22:21:22:INFO:RESULT:time_scale:
[  5.36192379  32.68141632 627.05474696]
22:21:22:INFO:SAVE:message:saving bunch of data...
22:21:22:INFO:SAVE:message:saving optimizer data ...
