21:23:04:INFO:GENERAL:seed:1
21:23:04:INFO:GENERAL:rho:[0.001, 0.01, 0.1]
21:23:04:INFO:GENERAL:bounds_z:[(1e-06, 0.3), (1e-06, 0.3), (1e-06, 0.3), (588.999411, 589.000589), (1e-06, 1800), (1e-06, 74200), (1e-06, 1100)]
21:23:14:INFO:OPTIMIZER:x:
[    0.0159958      0.00219818     0.04672739   588.9995857
   706.85902646 37097.94977576   191.46202924]
21:23:14:INFO:OPTIMIZER:fun:0.0019259334852981464
21:23:14:INFO:OPTIMIZER:nfev:54288
21:23:14:INFO:OPTIMIZER:nit:849
21:23:14:INFO:OPTIMIZER:message:Optimization terminated successfully.
21:23:14:INFO:OPTIMIZER:success:True
21:23:14:INFO:OPTIMIZER:constr:[array([0.])]
21:23:14:INFO:OPTIMIZER:constr_violation:0.0
21:23:14:INFO:OPTIMIZER:maxcv:0.0
21:23:14:INFO:RESULT:A:
[[-0.0627232   0.01332871  0.          0.14374869]
 [ 0.0159958  -0.01552689  0.00004188  0.        ]
 [ 0.          0.00219818 -0.00004188  0.        ]
 [ 0.04672739  0.          0.         -0.14374869]]
21:23:14:INFO:RESULT:m_eq:
[  588.9995857    706.85902646 37097.94977576   191.46202924](38585.2704171692)
21:23:14:INFO:RESULT:x_vec:
[    0.0159958      0.00219818     0.04672739   588.9995857
   706.85902646 37097.94977576   191.46202924](38585.33533854289)
21:23:14:INFO:RESULT:time_scale:
[  5.1284174   38.44338226 964.83038741]
21:23:14:INFO:SAVE:message:saving bunch of data...
21:23:14:INFO:SAVE:message:saving optimizer data ...
