21:21:01:INFO:GENERAL:seed:1
21:21:01:INFO:GENERAL:rho:[0.0, 0.1, 0.0]
21:21:01:INFO:GENERAL:bounds_z:[(1e-06, 0.3), (1e-06, 0.3), (1e-06, 0.3), (588.999411, 589.000589), (1e-06, 1800), (1e-06, 74200), (1e-06, 1100)]
21:21:04:INFO:OPTIMIZER:x:
[    0.00343164     0.16410872     0.03599393   589.00000146
   899.99999486 37100.00022702   550.00000101]
21:21:04:INFO:OPTIMIZER:fun:0.0009146599797908071
21:21:04:INFO:OPTIMIZER:nfev:14108
21:21:04:INFO:OPTIMIZER:nit:219
21:21:04:INFO:OPTIMIZER:message:Optimization terminated successfully.
21:21:04:INFO:OPTIMIZER:success:True
21:21:04:INFO:OPTIMIZER:constr:[array([0.])]
21:21:04:INFO:OPTIMIZER:constr_violation:0.0
21:21:04:INFO:OPTIMIZER:maxcv:0.0
21:21:04:INFO:RESULT:A:
[[-0.03942556  0.00224581  0.          0.03854623]
 [ 0.00343164 -0.16635454  0.00398107  0.        ]
 [ 0.          0.16410872 -0.00398107  0.        ]
 [ 0.03599393  0.          0.         -0.03854623]]
21:21:04:INFO:RESULT:m_eq:
[  589.00000146   899.99999486 37100.00022702   550.00000101](39139.00022435029)
21:21:04:INFO:RESULT:x_vec:
[    0.00343164     0.16410872     0.03599393   589.00000146
   899.99999486 37100.00022702   550.00000101](39139.20375863782)
21:21:04:INFO:RESULT:time_scale:
[  5.87041722  13.12380198 566.78835302]
21:21:04:INFO:SAVE:message:saving bunch of data...
21:21:04:INFO:SAVE:message:saving optimizer data ...
