22:03:07:INFO:GENERAL:seed:1
22:03:07:INFO:GENERAL:rho:[0.1, 0.0, 0.0]
22:03:07:INFO:GENERAL:bounds_z:[(1e-06, 0.3), (1e-06, 0.3), (588.999411, 589.000589), (1e-06, 1800), (1e-06, 74200)]
22:03:09:INFO:OPTIMIZER:x:
[    0.04793477     0.00254921   589.00020377  1169.49683309
 74189.43261204]
22:03:09:INFO:OPTIMIZER:fun:0.003879175531483154
22:03:09:INFO:OPTIMIZER:nfev:8784
22:03:09:INFO:OPTIMIZER:nit:134
22:03:09:INFO:OPTIMIZER:message:Optimization terminated successfully.
22:03:09:INFO:OPTIMIZER:success:True
22:03:09:INFO:OPTIMIZER:constr:[array([0.])]
22:03:09:INFO:OPTIMIZER:constr_violation:0.0
22:03:09:INFO:OPTIMIZER:maxcv:0.0
22:03:09:INFO:RESULT:A:
[[-0.04793477  0.02414166  0.        ]
 [ 0.04793477 -0.02669087  0.00004018]
 [ 0.          0.00254921 -0.00004018]]
22:03:09:INFO:RESULT:m_eq:
[  589.00020377  1169.49683309 74189.43261204](75947.92964889246)
22:03:09:INFO:RESULT:x_vec:
[    0.04793477     0.00254921   589.00020377  1169.49683309
 74189.43261204](75947.98013287337)
22:03:09:INFO:RESULT:time_scale:
[ 13.70781584 583.17885432]
22:03:09:INFO:SAVE:message:saving bunch of data...
22:03:09:INFO:SAVE:message:saving optimizer data ...
