22:16:36:INFO:GENERAL:seed:1
22:16:36:INFO:GENERAL:rho:[0.01, 0.1, 0.001]
22:16:36:INFO:GENERAL:bounds_z:[(1e-06, 0.3), (1e-06, 0.3), (1e-06, 0.3), (588.999411, 589.000589), (1e-06, 1800), (1e-06, 74200), (1e-06, 1100)]
22:16:38:INFO:OPTIMIZER:x:
[    0.00388511     0.00989612     0.03364517   588.9999891
   900.00001225 37100.00151759   549.99996273]
22:16:38:INFO:OPTIMIZER:fun:0.0020159719058310587
22:16:38:INFO:OPTIMIZER:nfev:13008
22:16:38:INFO:OPTIMIZER:nit:199
22:16:38:INFO:OPTIMIZER:message:Optimization terminated successfully.
22:16:38:INFO:OPTIMIZER:success:True
22:16:38:INFO:OPTIMIZER:constr:[array([0.])]
22:16:38:INFO:OPTIMIZER:constr_violation:0.0
22:16:38:INFO:OPTIMIZER:maxcv:0.0
22:16:38:INFO:RESULT:A:
[[-0.03753028  0.00254259  0.          0.03603092]
 [ 0.00388511 -0.0124387   0.00024007  0.        ]
 [ 0.          0.00989612 -0.00024007  0.        ]
 [ 0.03364517  0.          0.         -0.03603092]]
22:16:38:INFO:RESULT:m_eq:
[  588.9999891    900.00001225 37100.00151759   549.99996273](39139.00148166915)
22:16:38:INFO:RESULT:x_vec:
[    0.00388511     0.00989612     0.03364517   588.9999891
   900.00001225 37100.00151759   549.99996273](39139.048908067)
22:16:38:INFO:RESULT:time_scale:
[ 13.94863746  77.05584022 636.62484572]
22:16:38:INFO:SAVE:message:saving bunch of data...
22:16:38:INFO:SAVE:message:saving optimizer data ...
