22:06:48:INFO:GENERAL:seed:1
22:06:48:INFO:GENERAL:rho:[0.01, 0.1, 0.0]
22:06:48:INFO:GENERAL:bounds_z:[(1e-06, 0.3), (1e-06, 0.3), (588.999411, 589.000589), (1e-06, 1800), (1e-06, 74200)]
22:06:49:INFO:OPTIMIZER:x:
[    0.02822526     0.00103486   588.99999883   899.9999849
 37100.0005313 ]
22:06:49:INFO:OPTIMIZER:fun:0.0019216241349178207
22:06:49:INFO:OPTIMIZER:nfev:9512
22:06:49:INFO:OPTIMIZER:nit:147
22:06:49:INFO:OPTIMIZER:message:Optimization terminated successfully.
22:06:49:INFO:OPTIMIZER:success:True
22:06:49:INFO:OPTIMIZER:constr:[array([0.])]
22:06:49:INFO:OPTIMIZER:constr_violation:0.0
22:06:49:INFO:OPTIMIZER:maxcv:0.0
22:06:49:INFO:RESULT:A:
[[-0.02822526  0.01847186  0.        ]
 [ 0.02822526 -0.01950672  0.0000251 ]
 [ 0.          0.00103486 -0.0000251 ]]
22:06:49:INFO:RESULT:m_eq:
[  588.99999883   899.9999849  37100.0005313 ](38589.00051503438)
22:06:49:INFO:RESULT:x_vec:
[    0.02822526     0.00103486   588.99999883   899.9999849
 37100.0005313 ](38589.029775152456)
22:06:49:INFO:RESULT:time_scale:
[  21.22591978 1550.68715172]
22:06:49:INFO:SAVE:message:saving bunch of data...
22:06:49:INFO:SAVE:message:saving optimizer data ...
