21:22:43:INFO:GENERAL:seed:1
21:22:43:INFO:GENERAL:rho:[0.0, 0.0001, 0.1]
21:22:43:INFO:GENERAL:bounds_z:[(1e-06, 0.3), (1e-06, 0.3), (588.999411, 589.000589), (1e-06, 1800), (1e-06, 74200)]
21:22:45:INFO:OPTIMIZER:x:
[    0.04175616     0.00392613   589.00006463   613.79375126
 35269.89871581]
21:22:45:INFO:OPTIMIZER:fun:0.000873467389319713
21:22:45:INFO:OPTIMIZER:nfev:8232
21:22:45:INFO:OPTIMIZER:nit:127
21:22:45:INFO:OPTIMIZER:message:Optimization terminated successfully.
21:22:45:INFO:OPTIMIZER:success:True
21:22:45:INFO:OPTIMIZER:constr:[array([0.])]
21:22:45:INFO:OPTIMIZER:constr_violation:0.0
21:22:45:INFO:OPTIMIZER:maxcv:0.0
21:22:45:INFO:RESULT:A:
[[-0.04175616  0.04006946  0.        ]
 [ 0.04175616 -0.04399559  0.00006833]
 [ 0.          0.00392613 -0.00006833]]
21:22:45:INFO:RESULT:m_eq:
[  589.00006463   613.79375126 35269.89871581](36472.692531697765)
21:22:45:INFO:RESULT:x_vec:
[    0.04175616     0.00392613   589.00006463   613.79375126
 35269.89871581](36472.73821399093)
21:22:45:INFO:RESULT:time_scale:
[ 11.93360708 494.28715855]
21:22:45:INFO:SAVE:message:saving bunch of data...
21:22:45:INFO:SAVE:message:saving optimizer data ...
