21:22:14:INFO:GENERAL:seed:1
21:22:14:INFO:GENERAL:rho:[0.01, 0.0, 0.01]
21:22:14:INFO:GENERAL:bounds_z:[(1e-06, 0.3), (1e-06, 0.3), (588.999411, 589.000589), (1e-06, 1800), (1e-06, 74200)]
21:22:16:INFO:OPTIMIZER:x:
[  0.05304159   0.0140972  589.00012151 432.98943179 780.8314318 ]
21:22:16:INFO:OPTIMIZER:fun:0.0007405150791261843
21:22:16:INFO:OPTIMIZER:nfev:15959
21:22:16:INFO:OPTIMIZER:nit:249
21:22:16:INFO:OPTIMIZER:message:Optimization terminated successfully.
21:22:16:INFO:OPTIMIZER:success:True
21:22:16:INFO:OPTIMIZER:constr:[array([0.])]
21:22:16:INFO:OPTIMIZER:constr_violation:0.0
21:22:16:INFO:OPTIMIZER:maxcv:0.0
21:22:16:INFO:RESULT:A:
[[-0.05304159  0.07215304  0.        ]
 [ 0.05304159 -0.08625024  0.00781723]
 [ 0.          0.0140972  -0.00781723]]
21:22:16:INFO:RESULT:m_eq:
[589.00012151 432.98943179 780.8314318 ](1802.820985100488)
21:22:16:INFO:RESULT:x_vec:
[  0.05304159   0.0140972  589.00012151 432.98943179 780.8314318 ](1802.8881238902993)
21:22:16:INFO:RESULT:time_scale:
[ 7.4488281  77.76199127]
21:22:16:INFO:SAVE:message:saving bunch of data...
21:22:16:INFO:SAVE:message:saving optimizer data ...
