22:07:40:INFO:GENERAL:seed:1
22:07:40:INFO:GENERAL:rho:[0.001, 0.0001, 0.001]
22:07:40:INFO:GENERAL:bounds_z:[(1e-06, 0.3), (1e-06, 0.3), (1e-06, 0.3), (588.999411, 589.000589), (1e-06, 1800), (1e-06, 74200), (1e-06, 1100)]
22:07:45:INFO:OPTIMIZER:x:
[    0.04984404     0.01032055     0.01701642   589.00049749
   166.09849333 37442.90110036   489.40879955]
22:07:45:INFO:OPTIMIZER:fun:0.0003213759739701594
22:07:45:INFO:OPTIMIZER:nfev:24907
22:07:45:INFO:OPTIMIZER:nit:388
22:07:45:INFO:OPTIMIZER:message:Optimization terminated successfully.
22:07:45:INFO:OPTIMIZER:success:True
22:07:45:INFO:OPTIMIZER:constr:[array([0.])]
22:07:45:INFO:OPTIMIZER:constr_violation:0.0
22:07:45:INFO:OPTIMIZER:maxcv:0.0
22:07:45:INFO:RESULT:A:
[[-0.06686047  0.17675154  0.          0.02047916]
 [ 0.04984404 -0.18707209  0.00004578  0.        ]
 [ 0.          0.01032055 -0.00004578  0.        ]
 [ 0.01701642  0.          0.         -0.02047916]]
22:07:45:INFO:RESULT:m_eq:
[  589.00049749   166.09849333 37442.90110036   489.40879955](38687.40889072727)
22:07:45:INFO:RESULT:x_vec:
[    0.04984404     0.01032055     0.01701642   589.00049749
   166.09849333 37442.90110036   489.40879955](38687.486071739164)
22:07:45:INFO:RESULT:time_scale:
[  4.18769589  29.12470881 753.24278601]
22:07:45:INFO:SAVE:message:saving bunch of data...
22:07:45:INFO:SAVE:message:saving optimizer data ...
