21:20:57:INFO:GENERAL:seed:1
21:20:57:INFO:GENERAL:rho:[0.001, 0.0001, 0.0]
21:20:57:INFO:GENERAL:bounds_z:[(1e-06, 0.3), (1e-06, 0.3), (1e-06, 0.3), (588.999411, 589.000589), (1e-06, 1800), (1e-06, 74200), (1e-06, 1100)]
21:21:02:INFO:OPTIMIZER:x:
[    0.01431808     0.00195028     0.04669018   588.99989608
   727.07128085 37020.48671811   215.66424625]
21:21:02:INFO:OPTIMIZER:fun:0.00020653264775740356
21:21:02:INFO:OPTIMIZER:nfev:24942
21:21:02:INFO:OPTIMIZER:nit:391
21:21:02:INFO:OPTIMIZER:message:Optimization terminated successfully.
21:21:02:INFO:OPTIMIZER:success:True
21:21:02:INFO:OPTIMIZER:constr:[array([0.])]
21:21:02:INFO:OPTIMIZER:constr_violation:0.0
21:21:02:INFO:OPTIMIZER:maxcv:0.0
21:21:02:INFO:RESULT:A:
[[-0.06100826  0.01159906  0.          0.1275154 ]
 [ 0.01431808 -0.01354934  0.0000383   0.        ]
 [ 0.          0.00195028 -0.0000383   0.        ]
 [ 0.04669018  0.          0.         -0.1275154 ]]
21:21:02:INFO:RESULT:m_eq:
[  588.99989608   727.07128085 37020.48671811   215.66424625](38552.22214129644)
21:21:02:INFO:RESULT:x_vec:
[    0.01431808     0.00195028     0.04669018   588.99989608
   727.07128085 37020.48671811   215.66424625](38552.28509982975)
21:21:02:INFO:RESULT:time_scale:
[   5.59947905   44.23856928 1088.68062702]
21:21:02:INFO:SAVE:message:saving bunch of data...
21:21:02:INFO:SAVE:message:saving optimizer data ...
