22:03:36:INFO:GENERAL:seed:1
22:03:36:INFO:GENERAL:rho:[0.001, 0.0, 0.01]
22:03:36:INFO:GENERAL:bounds_z:[(1e-06, 0.3), (1e-06, 0.3), (588.999411, 589.000589), (1e-06, 1800), (1e-06, 74200)]
22:03:39:INFO:OPTIMIZER:x:
[   0.08038867    0.01232127  588.99973281  718.0539329  1273.58658718]
22:03:39:INFO:OPTIMIZER:fun:0.00032921139350286494
22:03:39:INFO:OPTIMIZER:nfev:11931
22:03:39:INFO:OPTIMIZER:nit:182
22:03:39:INFO:OPTIMIZER:message:Optimization terminated successfully.
22:03:39:INFO:OPTIMIZER:success:True
22:03:39:INFO:OPTIMIZER:constr:[array([0.])]
22:03:39:INFO:OPTIMIZER:constr_violation:0.0
22:03:39:INFO:OPTIMIZER:maxcv:0.0
22:03:39:INFO:RESULT:A:
[[-0.08038867  0.0659406   0.        ]
 [ 0.08038867 -0.07826187  0.00694679]
 [ 0.          0.01232127 -0.00694679]]
22:03:39:INFO:RESULT:m_eq:
[ 588.99973281  718.0539329  1273.58658718](2580.6402528944886)
22:03:39:INFO:RESULT:x_vec:
[   0.08038867    0.01232127  588.99973281  718.0539329  1273.58658718](2580.7329628406233)
22:03:39:INFO:RESULT:time_scale:
[ 6.56036124 75.94914089]
22:03:39:INFO:SAVE:message:saving bunch of data...
22:03:39:INFO:SAVE:message:saving optimizer data ...
