22:16:55:INFO:GENERAL:seed:1
22:16:55:INFO:GENERAL:rho:[0.01, 0.01, 0.01]
22:16:55:INFO:GENERAL:bounds_z:[(1e-06, 0.3), (1e-06, 0.3), (588.999411, 589.000589), (1e-06, 1800), (1e-06, 74200)]
22:16:57:INFO:OPTIMIZER:x:
[    0.02822264     0.00103552   589.00058679   899.99749083
 37100.00851184]
22:16:57:INFO:OPTIMIZER:fun:0.0019216218169242276
22:16:57:INFO:OPTIMIZER:nfev:11881
22:16:57:INFO:OPTIMIZER:nit:184
22:16:57:INFO:OPTIMIZER:message:Optimization terminated successfully.
22:16:57:INFO:OPTIMIZER:success:True
22:16:57:INFO:OPTIMIZER:constr:[array([0.])]
22:16:57:INFO:OPTIMIZER:constr_violation:0.0
22:16:57:INFO:OPTIMIZER:maxcv:0.0
22:16:57:INFO:RESULT:A:
[[-0.02822264  0.01847022  0.        ]
 [ 0.02822264 -0.01950574  0.00002512]
 [ 0.          0.00103552 -0.00002512]]
22:16:57:INFO:RESULT:m_eq:
[  589.00058679   899.99749083 37100.00851184](38589.00658946026)
22:16:57:INFO:RESULT:x_vec:
[    0.02822264     0.00103552   589.00058679   899.99749083
 37100.00851184](38589.03584762509)
22:16:57:INFO:RESULT:time_scale:
[  21.22771569 1549.70916784]
22:16:57:INFO:SAVE:message:saving bunch of data...
22:16:57:INFO:SAVE:message:saving optimizer data ...
