21:12:34:INFO:GENERAL:seed:1
21:12:34:INFO:GENERAL:rho:[0.001, 0.0001, 0.0]
21:12:34:INFO:GENERAL:bounds_z:[(1e-06, 0.3), (1e-06, 0.3), (1e-06, 0.3), (588.999411, 589.000589), (1e-06, 1800), (1e-06, 74200), (1e-06, 1100)]
21:12:40:INFO:OPTIMIZER:x:
[    0.06673185     0.00682003     0.01955883   588.99992194
   387.96029721 36851.58904341   701.60717722]
21:12:40:INFO:OPTIMIZER:fun:0.00024202710254512833
21:12:40:INFO:OPTIMIZER:nfev:31015
21:12:40:INFO:OPTIMIZER:nit:484
21:12:40:INFO:OPTIMIZER:message:Optimization terminated successfully.
21:12:40:INFO:OPTIMIZER:success:True
21:12:40:INFO:OPTIMIZER:constr:[array([0.])]
21:12:40:INFO:OPTIMIZER:constr_violation:0.0
21:12:40:INFO:OPTIMIZER:maxcv:0.0
21:12:40:INFO:RESULT:A:
[[-0.08629068  0.10131205  0.          0.01641965]
 [ 0.06673185 -0.10813208  0.0000718   0.        ]
 [ 0.          0.00682003 -0.0000718   0.        ]
 [ 0.01955883  0.          0.         -0.01641965]]
21:12:40:INFO:RESULT:m_eq:
[  588.99992194   387.96029721 36851.58904341   701.60717722](38530.15643977035)
21:12:40:INFO:RESULT:x_vec:
[    0.06673185     0.00682003     0.01955883   588.99992194
   387.96029721 36851.58904341   701.60717722](38530.24955047686)
21:12:40:INFO:RESULT:time_scale:
[  5.52451197  35.23370073 657.53627222]
21:12:40:INFO:SAVE:message:saving bunch of data...
21:12:40:INFO:SAVE:message:saving optimizer data ...
