22:07:13:INFO:GENERAL:seed:1
22:07:13:INFO:GENERAL:rho:[0.0001, 0.0, 0.0001]
22:07:13:INFO:GENERAL:bounds_z:[(1e-06, 0.3), (1e-06, 0.3), (588.999411, 589.000589), (1e-06, 1800), (1e-06, 74200)]
22:07:15:INFO:OPTIMIZER:x:
[  0.05724372   0.01648394 589.00057062 402.28071001 786.98419957]
22:07:15:INFO:OPTIMIZER:fun:0.00022468231784202107
22:07:15:INFO:OPTIMIZER:nfev:15793
22:07:15:INFO:OPTIMIZER:nit:247
22:07:15:INFO:OPTIMIZER:message:Optimization terminated successfully.
22:07:15:INFO:OPTIMIZER:success:True
22:07:15:INFO:OPTIMIZER:constr:[array([0.])]
22:07:15:INFO:OPTIMIZER:constr_violation:0.0
22:07:15:INFO:OPTIMIZER:maxcv:0.0
22:07:15:INFO:RESULT:A:
[[-0.05724372  0.08381357  0.        ]
 [ 0.05724372 -0.10029751  0.00842605]
 [ 0.          0.01648394 -0.00842605]]
22:07:15:INFO:RESULT:m_eq:
[589.00057062 402.28071001 786.98419957](1778.265480201685)
22:07:15:INFO:RESULT:x_vec:
[  0.05724372   0.01648394 589.00057062 402.28071001 786.98419957](1778.3392078591405)
22:07:15:INFO:RESULT:time_scale:
[ 6.58181337 71.25822437]
22:07:15:INFO:SAVE:message:saving bunch of data...
22:07:15:INFO:SAVE:message:saving optimizer data ...
