21:21:21:INFO:GENERAL:seed:1
21:21:21:INFO:GENERAL:rho:[0.0, 0.01, 0.0001]
21:21:21:INFO:GENERAL:bounds_z:[(1e-06, 0.3), (1e-06, 0.3), (588.999411, 589.000589), (1e-06, 1800), (1e-06, 74200)]
21:21:23:INFO:OPTIMIZER:x:
[    0.0338075      0.00233288   589.00054941   751.4458605
 37101.50747259]
21:21:23:INFO:OPTIMIZER:fun:0.0017489898968792183
21:21:23:INFO:OPTIMIZER:nfev:9429
21:21:23:INFO:OPTIMIZER:nit:147
21:21:23:INFO:OPTIMIZER:message:Optimization terminated successfully.
21:21:23:INFO:OPTIMIZER:success:True
21:21:23:INFO:OPTIMIZER:constr:[array([0.])]
21:21:23:INFO:OPTIMIZER:constr_violation:0.0
21:21:23:INFO:OPTIMIZER:maxcv:0.0
21:21:23:INFO:RESULT:A:
[[-0.0338075   0.0264991   0.        ]
 [ 0.0338075  -0.02883198  0.00004725]
 [ 0.          0.00233288 -0.00004725]]
21:21:23:INFO:RESULT:m_eq:
[  589.00054941   751.4458605  37101.50747259](38441.95388249323)
21:21:23:INFO:RESULT:x_vec:
[    0.0338075      0.00233288   589.00054941   751.4458605
 37101.50747259](38441.9900228808)
21:21:23:INFO:RESULT:time_scale:
[ 16.29863375 750.80734458]
21:21:23:INFO:SAVE:message:saving bunch of data...
21:21:23:INFO:SAVE:message:saving optimizer data ...
