22:07:39:INFO:GENERAL:seed:1
22:07:39:INFO:GENERAL:rho:[0.01, 0.1, 0.0001]
22:07:39:INFO:GENERAL:bounds_z:[(1e-06, 0.3), (1e-06, 0.3), (588.999411, 589.000589), (1e-06, 1800), (1e-06, 74200)]
22:07:41:INFO:OPTIMIZER:x:
[    0.02821881     0.00103568   589.00000033   900.00000784
 37099.99899508]
22:07:41:INFO:OPTIMIZER:fun:0.0019216247857596505
22:07:41:INFO:OPTIMIZER:nfev:9168
22:07:41:INFO:OPTIMIZER:nit:144
22:07:41:INFO:OPTIMIZER:message:Optimization terminated successfully.
22:07:41:INFO:OPTIMIZER:success:True
22:07:41:INFO:OPTIMIZER:constr:[array([0.])]
22:07:41:INFO:OPTIMIZER:constr_violation:0.0
22:07:41:INFO:OPTIMIZER:maxcv:0.0
22:07:41:INFO:RESULT:A:
[[-0.02821881  0.01846764  0.        ]
 [ 0.02821881 -0.01950332  0.00002512]
 [ 0.          0.00103568 -0.00002512]]
22:07:41:INFO:RESULT:m_eq:
[  589.00000033   900.00000784 37099.99899508](38588.999003252655)
22:07:41:INFO:RESULT:x_vec:
[    0.02821881     0.00103568   589.00000033   900.00000784
 37099.99899508](38589.028257740065)
22:07:41:INFO:RESULT:time_scale:
[  21.23057792 1549.47489213]
22:07:41:INFO:SAVE:message:saving bunch of data...
22:07:41:INFO:SAVE:message:saving optimizer data ...
