22:18:11:INFO:GENERAL:seed:1
22:18:11:INFO:GENERAL:rho:[0.001, 0.001, 0.1]
22:18:11:INFO:GENERAL:bounds_z:[(1e-06, 0.3), (1e-06, 0.3), (588.999411, 589.000589), (1e-06, 1800), (1e-06, 74200)]
22:18:13:INFO:OPTIMIZER:x:
[  0.05649409   0.01600878 589.00047905 407.91872993 785.72114996]
22:18:13:INFO:OPTIMIZER:fun:0.0006481625116742966
22:18:13:INFO:OPTIMIZER:nfev:13997
22:18:13:INFO:OPTIMIZER:nit:218
22:18:13:INFO:OPTIMIZER:message:Optimization terminated successfully.
22:18:13:INFO:OPTIMIZER:success:True
22:18:13:INFO:OPTIMIZER:constr:[array([0.])]
22:18:13:INFO:OPTIMIZER:constr_violation:0.0
22:18:13:INFO:OPTIMIZER:maxcv:0.0
22:18:13:INFO:RESULT:A:
[[-0.05649409  0.08157274  0.        ]
 [ 0.05649409 -0.09758152  0.0083112 ]
 [ 0.          0.01600878 -0.0083112 ]]
22:18:13:INFO:RESULT:m_eq:
[589.00047905 407.91872993 785.72114996](1782.6403589461986)
22:18:13:INFO:RESULT:x_vec:
[  0.05649409   0.01600878 589.00047905 407.91872993 785.72114996](1782.7128618215825)
22:18:13:INFO:RESULT:time_scale:
[ 6.73054456 72.40909582]
22:18:13:INFO:SAVE:message:saving bunch of data...
22:18:13:INFO:SAVE:message:saving optimizer data ...
