21:21:32:INFO:GENERAL:seed:1
21:21:32:INFO:GENERAL:rho:[0.0001, 0.001, 0.0001]
21:21:32:INFO:GENERAL:bounds_z:[(1e-06, 0.3), (1e-06, 0.3), (588.999411, 589.000589), (1e-06, 1800), (1e-06, 74200)]
21:21:35:INFO:OPTIMIZER:x:
[  0.05690799   0.01623761 589.00040134 405.11928241 786.41781956]
21:21:35:INFO:OPTIMIZER:fun:0.0005991658233398508
21:21:35:INFO:OPTIMIZER:nfev:12456
21:21:35:INFO:OPTIMIZER:nit:194
21:21:35:INFO:OPTIMIZER:message:Optimization terminated successfully.
21:21:35:INFO:OPTIMIZER:success:True
21:21:35:INFO:OPTIMIZER:constr:[array([0.])]
21:21:35:INFO:OPTIMIZER:constr_violation:0.0
21:21:35:INFO:OPTIMIZER:maxcv:0.0
21:21:35:INFO:RESULT:A:
[[-0.05690799  0.08273818  0.        ]
 [ 0.05690799 -0.09897578  0.00836472]
 [ 0.          0.01623761 -0.00836472]]
21:21:35:INFO:RESULT:m_eq:
[589.00040134 405.11928241 786.41781956](1780.5375033125804)
21:21:35:INFO:RESULT:x_vec:
[  0.05690799   0.01623761 589.00040134 405.11928241 786.41781956](1780.610648914149)
21:21:35:INFO:RESULT:time_scale:
[ 6.65196185 71.85502029]
21:21:35:INFO:SAVE:message:saving bunch of data...
21:21:35:INFO:SAVE:message:saving optimizer data ...
