22:21:30:INFO:GENERAL:seed:1
22:21:30:INFO:GENERAL:rho:[0.0001, 0.001, 0.0001]
22:21:30:INFO:GENERAL:bounds_z:[(1e-06, 0.3), (1e-06, 0.3), (1e-06, 0.3), (588.999411, 589.000589), (1e-06, 1800), (1e-06, 74200), (1e-06, 1100)]
22:21:35:INFO:OPTIMIZER:x:
[    0.02526445     0.00305652     0.06205964   589.00017219
  1014.40435279 37064.51268684   321.32086403]
22:21:35:INFO:OPTIMIZER:fun:0.00028750143857938457
22:21:35:INFO:OPTIMIZER:nfev:23793
22:21:35:INFO:OPTIMIZER:nit:368
22:21:35:INFO:OPTIMIZER:message:Optimization terminated successfully.
22:21:35:INFO:OPTIMIZER:success:True
22:21:35:INFO:OPTIMIZER:constr:[array([0.])]
22:21:35:INFO:OPTIMIZER:constr_violation:0.0
22:21:35:INFO:OPTIMIZER:maxcv:0.0
22:21:35:INFO:RESULT:A:
[[-0.0873241   0.01466946  0.          0.113759  ]
 [ 0.02526445 -0.01772598  0.00008365  0.        ]
 [ 0.          0.00305652 -0.00008365  0.        ]
 [ 0.06205964  0.          0.         -0.113759  ]]
22:21:35:INFO:RESULT:m_eq:
[  589.00017219  1014.40435279 37064.51268684   321.32086403](38989.238075851885)
22:21:35:INFO:RESULT:x_vec:
[    0.02526445     0.00305652     0.06205964   589.00017219
  1014.40435279 37064.51268684   321.32086403](38989.328456468684)
22:21:35:INFO:RESULT:time_scale:
[  5.36101676  32.52043836 620.70798596]
22:21:35:INFO:SAVE:message:saving bunch of data...
22:21:35:INFO:SAVE:message:saving optimizer data ...
