22:21:12:INFO:GENERAL:seed:1
22:21:12:INFO:GENERAL:rho:[0.0, 0.01, 0.0]
22:21:12:INFO:GENERAL:bounds_z:[(1e-06, 0.3), (1e-06, 0.3), (588.999411, 589.000589), (1e-06, 1800), (1e-06, 74200)]
22:21:14:INFO:OPTIMIZER:x:
[    0.07115395     0.00457906   588.99994618   900.00010696
 37100.00148281]
22:21:14:INFO:OPTIMIZER:fun:0.0007951919619110129
22:21:14:INFO:OPTIMIZER:nfev:10067
22:21:14:INFO:OPTIMIZER:nit:156
22:21:14:INFO:OPTIMIZER:message:Optimization terminated successfully.
22:21:14:INFO:OPTIMIZER:success:True
22:21:14:INFO:OPTIMIZER:constr:[array([0.])]
22:21:14:INFO:OPTIMIZER:constr_violation:0.0
22:21:14:INFO:OPTIMIZER:maxcv:0.0
22:21:14:INFO:RESULT:A:
[[-0.07115395  0.0465663   0.        ]
 [ 0.07115395 -0.05114536  0.00011108]
 [ 0.          0.00457906 -0.00011108]]
22:21:14:INFO:RESULT:m_eq:
[  588.99994618   900.00010696 37100.00148281](38589.00153594544)
22:21:14:INFO:RESULT:x_vec:
[    0.07115395     0.00457906   588.99994618   900.00010696
 37100.00148281](38589.077268956804)
22:21:14:INFO:RESULT:time_scale:
[  8.36286384 352.84188181]
22:21:14:INFO:SAVE:message:saving bunch of data...
22:21:14:INFO:SAVE:message:saving optimizer data ...
