22:22:11:INFO:GENERAL:seed:1
22:22:11:INFO:GENERAL:rho:[0.0001, 0.1, 0.001]
22:22:11:INFO:GENERAL:bounds_z:[(1e-06, 0.3), (1e-06, 0.3), (1e-06, 0.3), (588.999411, 589.000589), (1e-06, 1800), (1e-06, 74200), (1e-06, 1100)]
22:22:14:INFO:OPTIMIZER:x:
[    0.01507832     0.0044689      0.05828846   589.00000091
   899.999997   37100.00016848   549.99999634]
22:22:14:INFO:OPTIMIZER:fun:0.001044402664056725
22:22:14:INFO:OPTIMIZER:nfev:15154
22:22:14:INFO:OPTIMIZER:nit:235
22:22:14:INFO:OPTIMIZER:message:Optimization terminated successfully.
22:22:14:INFO:OPTIMIZER:success:True
22:22:14:INFO:OPTIMIZER:constr:[array([0.])]
22:22:14:INFO:OPTIMIZER:constr_violation:0.0
22:22:14:INFO:OPTIMIZER:maxcv:0.0
22:22:14:INFO:RESULT:A:
[[-0.07336678  0.00986792  0.          0.06242164]
 [ 0.01507832 -0.01433682  0.00010841  0.        ]
 [ 0.          0.0044689  -0.00010841  0.        ]
 [ 0.05828846  0.          0.         -0.06242164]]
22:22:14:INFO:RESULT:m_eq:
[  589.00000091   899.999997   37100.00016848   549.99999634](39139.00016272901)
22:22:14:INFO:RESULT:x_vec:
[    0.01507832     0.0044689      0.05828846   589.00000091
   899.999997   37100.00016848   549.99999634](39139.07799840834)
22:22:14:INFO:RESULT:time_scale:
[  7.74164839  51.86595531 561.25389494]
22:22:14:INFO:SAVE:message:saving bunch of data...
22:22:14:INFO:SAVE:message:saving optimizer data ...
