21:15:19:INFO:GENERAL:seed:1
21:15:19:INFO:GENERAL:rho:[0.01, 0.0001, 0.1]
21:15:19:INFO:GENERAL:bounds_z:[(1e-06, 0.3), (1e-06, 0.3), (1e-06, 0.3), (588.999411, 589.000589), (1e-06, 1800), (1e-06, 74200), (1e-06, 1100)]
21:15:54:INFO:OPTIMIZER:x:
[    0.02518059     0.00307322     0.05896099   589.00024984
  1010.85836456 36919.16274055   323.90408294]
21:15:54:INFO:OPTIMIZER:fun:0.0007200312090876605
21:15:54:INFO:OPTIMIZER:nfev:191096
21:15:54:INFO:OPTIMIZER:nit:2955
21:15:54:INFO:OPTIMIZER:message:Optimization terminated successfully.
21:15:54:INFO:OPTIMIZER:success:True
21:15:54:INFO:OPTIMIZER:constr:[array([0.])]
21:15:54:INFO:OPTIMIZER:constr_violation:0.0
21:15:54:INFO:OPTIMIZER:maxcv:0.0
21:15:54:INFO:RESULT:A:
[[-0.08414158  0.01467206  0.          0.10721704]
 [ 0.02518059 -0.01774528  0.00008415  0.        ]
 [ 0.          0.00307322 -0.00008415  0.        ]
 [ 0.05896099  0.          0.         -0.10721704]]
21:15:54:INFO:RESULT:m_eq:
[  589.00024984  1010.85836456 36919.16274055   323.90408294](38842.92543787875)
21:15:54:INFO:RESULT:x_vec:
[    0.02518059     0.00307322     0.05896099   589.00024984
  1010.85836456 36919.16274055   323.90408294](38843.012652675854)
21:15:54:INFO:RESULT:time_scale:
[  5.6490102   32.73127028 619.55748218]
21:15:54:INFO:SAVE:message:saving bunch of data...
21:15:54:INFO:SAVE:message:saving optimizer data ...
