21:14:59:INFO:GENERAL:seed:1
21:14:59:INFO:GENERAL:rho:[0.0001, 0.0, 0.1]
21:14:59:INFO:GENERAL:bounds_z:[(1e-06, 0.3), (1e-06, 0.3), (588.999411, 589.000589), (1e-06, 1800), (1e-06, 74200)]
21:15:02:INFO:OPTIMIZER:x:
[   0.08076399    0.01247073  589.00008314  714.56148893 1272.59613156]
21:15:02:INFO:OPTIMIZER:fun:0.0002793519297154979
21:15:02:INFO:OPTIMIZER:nfev:12732
21:15:02:INFO:OPTIMIZER:nit:198
21:15:02:INFO:OPTIMIZER:message:Optimization terminated successfully.
21:15:02:INFO:OPTIMIZER:success:True
21:15:02:INFO:OPTIMIZER:constr:[array([0.])]
21:15:02:INFO:OPTIMIZER:constr_violation:0.0
21:15:02:INFO:OPTIMIZER:maxcv:0.0
21:15:02:INFO:RESULT:A:
[[-0.08076399  0.06657229  0.        ]
 [ 0.08076399 -0.07904302  0.0070023 ]
 [ 0.          0.01247073 -0.0070023 ]]
21:15:02:INFO:RESULT:m_eq:
[ 589.00008314  714.56148893 1272.59613156](2576.157703626618)
21:15:02:INFO:RESULT:x_vec:
[   0.08076399    0.01247073  589.00008314  714.56148893 1272.59613156](2576.250938345034)
21:15:02:INFO:RESULT:time_scale:
[ 6.51341726 75.30079335]
21:15:02:INFO:SAVE:message:saving bunch of data...
21:15:02:INFO:SAVE:message:saving optimizer data ...
