21:13:43:INFO:GENERAL:seed:1
21:13:43:INFO:GENERAL:rho:[0.01, 0.001, 0.01]
21:13:43:INFO:GENERAL:bounds_z:[(1e-06, 0.3), (1e-06, 0.3), (1e-06, 0.3), (588.999411, 589.000589), (1e-06, 1800), (1e-06, 74200), (1e-06, 1100)]
21:13:49:INFO:OPTIMIZER:x:
[    0.02523899     0.00312563     0.0586483    589.00009603
  1003.99956022 37055.49210798   324.78286181]
21:13:49:INFO:OPTIMIZER:fun:0.0008161700790277718
21:13:49:INFO:OPTIMIZER:nfev:29264
21:13:49:INFO:OPTIMIZER:nit:456
21:13:49:INFO:OPTIMIZER:message:Optimization terminated successfully.
21:13:49:INFO:OPTIMIZER:success:True
21:13:49:INFO:OPTIMIZER:constr:[array([0.])]
21:13:49:INFO:OPTIMIZER:constr_violation:0.0
21:13:49:INFO:OPTIMIZER:maxcv:0.0
21:13:49:INFO:RESULT:A:
[[-0.08388729  0.01480655  0.          0.10635984]
 [ 0.02523899 -0.01793217  0.00008469  0.        ]
 [ 0.          0.00312563 -0.00008469  0.        ]
 [ 0.0586483   0.          0.         -0.10635984]]
21:13:49:INFO:RESULT:m_eq:
[  589.00009603  1003.99956022 37055.49210798   324.78286181](38973.2746260468)
21:13:49:INFO:RESULT:x_vec:
[    0.02523899     0.00312563     0.0586483    589.00009603
  1003.99956022 37055.49210798   324.78286181](38973.36163895924)
21:13:49:INFO:RESULT:time_scale:
[  5.68429081  32.56590166 612.15241104]
21:13:49:INFO:SAVE:message:saving bunch of data...
21:13:49:INFO:SAVE:message:saving optimizer data ...
