21:14:13:INFO:GENERAL:seed:1
21:14:13:INFO:GENERAL:rho:[0.01, 0.1, 0.01]
21:14:13:INFO:GENERAL:bounds_z:[(1e-06, 0.3), (1e-06, 0.3), (1e-06, 0.3), (588.999411, 589.000589), (1e-06, 1800), (1e-06, 74200), (1e-06, 1100)]
21:14:17:INFO:OPTIMIZER:x:
[    0.02309524     0.00205822     0.02667868   589.00002114
   900.00004722 37100.00096547   549.99999317]
21:14:17:INFO:OPTIMIZER:fun:0.0019400536987508525
21:14:17:INFO:OPTIMIZER:nfev:23670
21:14:17:INFO:OPTIMIZER:nit:368
21:14:17:INFO:OPTIMIZER:message:Optimization terminated successfully.
21:14:17:INFO:OPTIMIZER:success:True
21:14:17:INFO:OPTIMIZER:constr:[array([0.])]
21:14:17:INFO:OPTIMIZER:constr_violation:0.0
21:14:17:INFO:OPTIMIZER:maxcv:0.0
21:14:17:INFO:RESULT:A:
[[-0.04977392  0.01511455  0.          0.02857044]
 [ 0.02309524 -0.01717278  0.00004993  0.        ]
 [ 0.          0.00205822 -0.00004993  0.        ]
 [ 0.02667868  0.          0.         -0.02857044]]
21:14:17:INFO:RESULT:m_eq:
[  589.00002114   900.00004722 37100.00096547   549.99999317](39139.00102700373)
21:14:17:INFO:RESULT:x_vec:
[    0.02309524     0.00205822     0.02667868   589.00002114
   900.00004722 37100.00096547   549.99999317](39139.05285914959)
21:14:17:INFO:RESULT:time_scale:
[  13.67577939   46.43550195 1099.08233949]
21:14:17:INFO:SAVE:message:saving bunch of data...
21:14:17:INFO:SAVE:message:saving optimizer data ...
