21:13:15:INFO:GENERAL:seed:1
21:13:15:INFO:GENERAL:rho:[0.01, 0.001, 0.0001]
21:13:15:INFO:GENERAL:bounds_z:[(1e-06, 0.3), (1e-06, 0.3), (1e-06, 0.3), (588.999411, 589.000589), (1e-06, 1800), (1e-06, 74200), (1e-06, 1100)]
21:13:18:INFO:OPTIMIZER:x:
[    0.01994878     0.00257868     0.06122914   588.99962236
  1075.85788733 37106.32802255   404.40476307]
21:13:18:INFO:OPTIMIZER:fun:0.0007811464690618718
21:13:18:INFO:OPTIMIZER:nfev:17948
21:13:18:INFO:OPTIMIZER:nit:280
21:13:18:INFO:OPTIMIZER:message:Optimization terminated successfully.
21:13:18:INFO:OPTIMIZER:success:True
21:13:18:INFO:OPTIMIZER:constr:[array([0.])]
21:13:18:INFO:OPTIMIZER:constr_violation:0.0
21:13:18:INFO:OPTIMIZER:maxcv:0.0
21:13:18:INFO:RESULT:A:
[[-0.08117792  0.01092136  0.          0.08917783]
 [ 0.01994878 -0.01350003  0.00007477  0.        ]
 [ 0.          0.00257868 -0.00007477  0.        ]
 [ 0.06122914  0.          0.         -0.08917783]]
21:13:18:INFO:RESULT:m_eq:
[  588.99962236  1075.85788733 37106.32802255   404.40476307](39175.59029530675)
21:13:18:INFO:RESULT:x_vec:
[    0.01994878     0.00257868     0.06122914   588.99962236
  1075.85788733 37106.32802255   404.40476307](39175.67405190247)
21:13:18:INFO:RESULT:time_scale:
[  6.25440018  44.03498645 749.68504028]
21:13:18:INFO:SAVE:message:saving bunch of data...
21:13:18:INFO:SAVE:message:saving optimizer data ...
