22:07:35:INFO:GENERAL:seed:1
22:07:35:INFO:GENERAL:rho:[0.0, 0.001, 0.001]
22:07:35:INFO:GENERAL:bounds_z:[(1e-06, 0.3), (1e-06, 0.3), (588.999411, 589.000589), (1e-06, 1800), (1e-06, 74200)]
22:07:36:INFO:OPTIMIZER:x:
[    0.04127707     0.00383702   589.00052692   620.32426614
 36963.25841906]
22:07:36:INFO:OPTIMIZER:fun:0.0009678760610839035
22:07:36:INFO:OPTIMIZER:nfev:8111
22:07:36:INFO:OPTIMIZER:nit:126
22:07:36:INFO:OPTIMIZER:message:Optimization terminated successfully.
22:07:36:INFO:OPTIMIZER:success:True
22:07:36:INFO:OPTIMIZER:constr:[array([0.])]
22:07:36:INFO:OPTIMIZER:constr_violation:0.0
22:07:36:INFO:OPTIMIZER:maxcv:0.0
22:07:36:INFO:RESULT:A:
[[-0.04127707  0.03919276  0.        ]
 [ 0.04127707 -0.04302977  0.00006439]
 [ 0.          0.00383702 -0.00006439]]
22:07:36:INFO:RESULT:m_eq:
[  589.00052692   620.32426614 36963.25841906](38172.58321212073)
22:07:36:INFO:RESULT:x_vec:
[    0.04127707     0.00383702   589.00052692   620.32426614
 36963.25841906](38172.62832620864)
22:07:36:INFO:RESULT:time_scale:
[ 12.1379971  503.69678316]
22:07:36:INFO:SAVE:message:saving bunch of data...
22:07:36:INFO:SAVE:message:saving optimizer data ...
