22:16:02:INFO:GENERAL:seed:1
22:16:02:INFO:GENERAL:rho:[0.0, 0.001, 0.0]
22:16:02:INFO:GENERAL:bounds_z:[(1e-06, 0.3), (1e-06, 0.3), (1e-06, 0.3), (588.999411, 589.000589), (1e-06, 1800), (1e-06, 74200), (1e-06, 1100)]
22:16:06:INFO:OPTIMIZER:x:
[    0.01386093     0.00179336     0.04686116   589.00056064
   740.6381288  37110.96013453   222.10473497]
22:16:06:INFO:OPTIMIZER:fun:0.0002982679873014966
22:16:06:INFO:OPTIMIZER:nfev:21597
22:16:06:INFO:OPTIMIZER:nit:336
22:16:06:INFO:OPTIMIZER:message:Optimization terminated successfully.
22:16:06:INFO:OPTIMIZER:success:True
22:16:06:INFO:OPTIMIZER:constr:[array([0.])]
22:16:06:INFO:OPTIMIZER:constr_violation:0.0
22:16:06:INFO:OPTIMIZER:maxcv:0.0
22:16:06:INFO:RESULT:A:
[[-0.06072209  0.01102306  0.          0.12427134]
 [ 0.01386093 -0.01281641  0.00003579  0.        ]
 [ 0.          0.00179336 -0.00003579  0.        ]
 [ 0.04686116  0.          0.         -0.12427134]]
22:16:06:INFO:RESULT:m_eq:
[  589.00056064   740.6381288  37110.96013453   222.10473497](38662.70355894859)
22:16:06:INFO:RESULT:x_vec:
[    0.01386093     0.00179336     0.04686116   589.00056064
   740.6381288  37110.96013453   222.10473497](38662.76607439991)
22:16:06:INFO:RESULT:time_scale:
[   5.69963746   46.41559586 1174.54237013]
22:16:06:INFO:SAVE:message:saving bunch of data...
22:16:06:INFO:SAVE:message:saving optimizer data ...
