22:20:52:INFO:GENERAL:seed:1
22:20:52:INFO:GENERAL:rho:[0.0001, 0.001, 0.0]
22:20:52:INFO:GENERAL:bounds_z:[(1e-06, 0.3), (1e-06, 0.3), (588.999411, 589.000589), (1e-06, 1800), (1e-06, 74200)]
22:20:53:INFO:OPTIMIZER:x:
[    0.06853926     0.00422657   588.99942973   937.61030627
 37052.43957924]
22:20:53:INFO:OPTIMIZER:fun:0.0007776938272593261
22:20:53:INFO:OPTIMIZER:nfev:8221
22:20:53:INFO:OPTIMIZER:nit:126
22:20:53:INFO:OPTIMIZER:message:Optimization terminated successfully.
22:20:53:INFO:OPTIMIZER:success:True
22:20:53:INFO:OPTIMIZER:constr:[array([0.])]
22:20:53:INFO:OPTIMIZER:constr_violation:0.0
22:20:53:INFO:OPTIMIZER:maxcv:0.0
22:20:53:INFO:RESULT:A:
[[-0.06853926  0.04305583  0.        ]
 [ 0.06853926 -0.04728239  0.00010695]
 [ 0.          0.00422657 -0.00010695]]
22:20:53:INFO:RESULT:m_eq:
[  588.99942973   937.61030627 37052.43957924](38579.04931524265)
22:20:53:INFO:RESULT:x_vec:
[    0.06853926     0.00422657   588.99942973   937.61030627
 37052.43957924](38579.12208107152)
22:20:53:INFO:RESULT:time_scale:
[  8.82880183 375.52272432]
22:20:53:INFO:SAVE:message:saving bunch of data...
22:20:53:INFO:SAVE:message:saving optimizer data ...
