22:20:47:INFO:GENERAL:seed:1
22:20:47:INFO:GENERAL:rho:[0.0, 0.0001, 0.0]
22:20:47:INFO:GENERAL:bounds_z:[(1e-06, 0.3), (1e-06, 0.3), (588.999411, 589.000589), (1e-06, 1800), (1e-06, 74200)]
22:20:49:INFO:OPTIMIZER:x:
[   0.08078142    0.01247412  589.00018486  714.46893234 1272.61287475]
22:20:49:INFO:OPTIMIZER:fun:0.0003067057598694114
22:20:49:INFO:OPTIMIZER:nfev:12755
22:20:49:INFO:OPTIMIZER:nit:197
22:20:49:INFO:OPTIMIZER:message:Optimization terminated successfully.
22:20:49:INFO:OPTIMIZER:success:True
22:20:49:INFO:OPTIMIZER:constr:[array([0.])]
22:20:49:INFO:OPTIMIZER:constr_violation:0.0
22:20:49:INFO:OPTIMIZER:maxcv:0.0
22:20:49:INFO:RESULT:A:
[[-0.08078142  0.0665953   0.        ]
 [ 0.08078142 -0.07906942  0.00700321]
 [ 0.          0.01247412 -0.00700321]]
22:20:49:INFO:RESULT:m_eq:
[ 589.00018486  714.46893234 1272.61287475](2576.0819919474634)
22:20:49:INFO:RESULT:x_vec:
[   0.08078142    0.01247412  589.00018486  714.46893234 1272.61287475](2576.1752474896202)
22:20:49:INFO:RESULT:time_scale:
[ 6.51161447 75.28814544]
22:20:49:INFO:SAVE:message:saving bunch of data...
22:20:49:INFO:SAVE:message:saving optimizer data ...
