21:13:26:INFO:GENERAL:seed:1
21:13:26:INFO:GENERAL:rho:[0.001, 0.0001, 0.001]
21:13:26:INFO:GENERAL:bounds_z:[(1e-06, 0.3), (1e-06, 0.3), (588.999411, 589.000589), (1e-06, 1800), (1e-06, 74200)]
21:13:29:INFO:OPTIMIZER:x:
[   0.0803677     0.01230781  588.99945892  718.35771487 1273.757764  ]
21:13:29:INFO:OPTIMIZER:fun:0.0003620969417519519
21:13:29:INFO:OPTIMIZER:nfev:12712
21:13:29:INFO:OPTIMIZER:nit:199
21:13:29:INFO:OPTIMIZER:message:Optimization terminated successfully.
21:13:29:INFO:OPTIMIZER:success:True
21:13:29:INFO:OPTIMIZER:constr:[array([0.])]
21:13:29:INFO:OPTIMIZER:constr_violation:0.0
21:13:29:INFO:OPTIMIZER:maxcv:0.0
21:13:29:INFO:RESULT:A:
[[-0.0803677   0.06589549  0.        ]
 [ 0.0803677  -0.0782033   0.0069412 ]
 [ 0.          0.01230781 -0.0069412 ]]
21:13:29:INFO:RESULT:m_eq:
[ 588.99945892  718.35771487 1273.757764  ](2581.1149377813335)
21:13:29:INFO:RESULT:x_vec:
[   0.0803677     0.01230781  588.99945892  718.35771487 1273.757764  ](2581.2076132965544)
21:13:29:INFO:RESULT:time_scale:
[ 6.56356427 76.01115145]
21:13:29:INFO:SAVE:message:saving bunch of data...
21:13:29:INFO:SAVE:message:saving optimizer data ...
