22:02:42:INFO:GENERAL:seed:1
22:02:42:INFO:GENERAL:rho:[0.1, 0.001, 0.0]
22:02:42:INFO:GENERAL:bounds_z:[(1e-06, 0.3), (1e-06, 0.3), (1e-06, 0.3), (588.999411, 589.000589), (1e-06, 1800), (1e-06, 74200), (1e-06, 1100)]
22:02:44:INFO:OPTIMIZER:x:
[    0.00838409     0.00145654     0.04478725   589.00009277
  1376.56213124 37217.02307373   764.96837202]
22:02:44:INFO:OPTIMIZER:fun:0.003580356908538914
22:02:44:INFO:OPTIMIZER:nfev:11319
22:02:44:INFO:OPTIMIZER:nit:175
22:02:44:INFO:OPTIMIZER:message:Optimization terminated successfully.
22:02:44:INFO:OPTIMIZER:success:True
22:02:44:INFO:OPTIMIZER:constr:[array([0.])]
22:02:44:INFO:OPTIMIZER:constr_violation:0.0
22:02:44:INFO:OPTIMIZER:maxcv:0.0
22:02:44:INFO:RESULT:A:
[[-0.05317134  0.00358737  0.          0.03448469]
 [ 0.00838409 -0.00504391  0.00005387  0.        ]
 [ 0.          0.00145654 -0.00005387  0.        ]
 [ 0.04478725  0.          0.         -0.03448469]]
22:02:44:INFO:RESULT:m_eq:
[  589.00009277  1376.56213124 37217.02307373   764.96837202](39947.55366976805)
22:02:44:INFO:RESULT:x_vec:
[    0.00838409     0.00145654     0.04478725   589.00009277
  1376.56213124 37217.02307373   764.96837202](39947.60829765639)
22:02:44:INFO:RESULT:time_scale:
[  11.84037172  131.71666995 1418.53298947]
22:02:44:INFO:SAVE:message:saving bunch of data...
22:02:44:INFO:SAVE:message:saving optimizer data ...
