22:16:05:INFO:GENERAL:seed:1
22:16:05:INFO:GENERAL:rho:[0.0, 0.01, 0.0001]
22:16:05:INFO:GENERAL:bounds_z:[(1e-06, 0.3), (1e-06, 0.3), (588.999411, 589.000589), (1e-06, 1800), (1e-06, 74200)]
22:16:07:INFO:OPTIMIZER:x:
[    0.03380484     0.00233245   589.00057501   751.46379126
 37108.20243887]
22:16:07:INFO:OPTIMIZER:fun:0.0017489900091086272
22:16:07:INFO:OPTIMIZER:nfev:9570
22:16:07:INFO:OPTIMIZER:nit:150
22:16:07:INFO:OPTIMIZER:message:Optimization terminated successfully.
22:16:07:INFO:OPTIMIZER:success:True
22:16:07:INFO:OPTIMIZER:constr:[array([0.])]
22:16:07:INFO:OPTIMIZER:constr_violation:0.0
22:16:07:INFO:OPTIMIZER:maxcv:0.0
22:16:07:INFO:RESULT:A:
[[-0.03380484  0.02649638  0.        ]
 [ 0.03380484 -0.02882883  0.00004723]
 [ 0.          0.00233245 -0.00004723]]
22:16:07:INFO:RESULT:m_eq:
[  589.00057501   751.46379126 37108.20243887](38448.66680513612)
22:16:07:INFO:RESULT:x_vec:
[    0.03380484     0.00233245   589.00057501   751.46379126
 37108.20243887](38448.702942421274)
22:16:07:INFO:RESULT:time_scale:
[ 16.30012169 750.94247381]
22:16:07:INFO:SAVE:message:saving bunch of data...
22:16:07:INFO:SAVE:message:saving optimizer data ...
