21:21:00:INFO:GENERAL:seed:1
21:21:00:INFO:GENERAL:rho:[0.1, 0.01, 0.0]
21:21:00:INFO:GENERAL:bounds_z:[(1e-06, 0.3), (1e-06, 0.3), (588.999411, 589.000589), (1e-06, 1800), (1e-06, 74200)]
21:21:01:INFO:OPTIMIZER:x:
[    0.02583739     0.00108062   588.99998858   899.99994087
 37099.99629185]
21:21:01:INFO:OPTIMIZER:fun:0.003292894004457729
21:21:01:INFO:OPTIMIZER:nfev:8815
21:21:01:INFO:OPTIMIZER:nit:137
21:21:01:INFO:OPTIMIZER:message:Optimization terminated successfully.
21:21:01:INFO:OPTIMIZER:success:True
21:21:01:INFO:OPTIMIZER:constr:[array([0.])]
21:21:01:INFO:OPTIMIZER:constr_violation:0.0
21:21:01:INFO:OPTIMIZER:maxcv:0.0
21:21:01:INFO:RESULT:A:
[[-0.02583739  0.01690914  0.        ]
 [ 0.02583739 -0.01798976  0.00002621]
 [ 0.          0.00108062 -0.00002621]]
21:21:01:INFO:RESULT:m_eq:
[  588.99998858   899.99994087 37099.99629185](38588.99622130163)
21:21:01:INFO:RESULT:x_vec:
[    0.02583739     0.00108062   588.99998858   899.99994087
 37099.99629185](38589.023139316174)
21:21:01:INFO:RESULT:time_scale:
[  23.15842754 1486.89162897]
21:21:01:INFO:SAVE:message:saving bunch of data...
21:21:01:INFO:SAVE:message:saving optimizer data ...
