22:03:47:INFO:GENERAL:seed:1
22:03:47:INFO:GENERAL:rho:[0.1, 0.0, 0.001]
22:03:47:INFO:GENERAL:bounds_z:[(1e-06, 0.3), (1e-06, 0.3), (588.999411, 589.000589), (1e-06, 1800), (1e-06, 74200)]
22:03:49:INFO:OPTIMIZER:x:
[    0.04792627     0.00254933   589.00036605  1169.50955282
 74188.8087403 ]
22:03:49:INFO:OPTIMIZER:fun:0.0038791754169080275
22:03:49:INFO:OPTIMIZER:nfev:8353
22:03:49:INFO:OPTIMIZER:nit:129
22:03:49:INFO:OPTIMIZER:message:Optimization terminated successfully.
22:03:49:INFO:OPTIMIZER:success:True
22:03:49:INFO:OPTIMIZER:constr:[array([0.])]
22:03:49:INFO:OPTIMIZER:constr_violation:0.0
22:03:49:INFO:OPTIMIZER:maxcv:0.0
22:03:49:INFO:RESULT:A:
[[-0.04792627  0.02413712  0.        ]
 [ 0.04792627 -0.02668645  0.00004019]
 [ 0.          0.00254933 -0.00004019]]
22:03:49:INFO:RESULT:m_eq:
[  589.00036605  1169.50955282 74188.8087403 ](75947.31865917197)
22:03:49:INFO:RESULT:x_vec:
[    0.04792627     0.00254933   589.00036605  1169.50955282
 74188.8087403 ](75947.36913477619)
22:03:49:INFO:RESULT:time_scale:
[ 13.71025877 583.14938256]
22:03:49:INFO:SAVE:message:saving bunch of data...
22:03:49:INFO:SAVE:message:saving optimizer data ...
