22:04:52:INFO:GENERAL:seed:1
22:04:52:INFO:GENERAL:rho:[0.0001, 0.0, 0.1]
22:04:52:INFO:GENERAL:bounds_z:[(1e-06, 0.3), (1e-06, 0.3), (588.999411, 589.000589), (1e-06, 1800), (1e-06, 74200)]
22:04:55:INFO:OPTIMIZER:x:
[   0.08076401    0.01247053  589.00030106  714.55808429 1272.64943686]
22:04:55:INFO:OPTIMIZER:fun:0.00027935194937289313
22:04:55:INFO:OPTIMIZER:nfev:15074
22:04:55:INFO:OPTIMIZER:nit:234
22:04:55:INFO:OPTIMIZER:message:Optimization terminated successfully.
22:04:55:INFO:OPTIMIZER:success:True
22:04:55:INFO:OPTIMIZER:constr:[array([0.])]
22:04:55:INFO:OPTIMIZER:constr_violation:0.0
22:04:55:INFO:OPTIMIZER:maxcv:0.0
22:04:55:INFO:RESULT:A:
[[-0.08076401  0.06657265  0.        ]
 [ 0.08076401 -0.07904318  0.00700186]
 [ 0.          0.01247053 -0.00700186]]
22:04:55:INFO:RESULT:m_eq:
[ 589.00030106  714.55808429 1272.64943686](2576.2078222140003)
22:04:55:INFO:RESULT:x_vec:
[   0.08076401    0.01247053  589.00030106  714.55808429 1272.64943686](2576.3010567479228)
22:04:55:INFO:RESULT:time_scale:
[ 6.51340577 75.30384381]
22:04:55:INFO:SAVE:message:saving bunch of data...
22:04:55:INFO:SAVE:message:saving optimizer data ...
