22:21:05:INFO:GENERAL:seed:1
22:21:05:INFO:GENERAL:rho:[0.0, 0.1, 0.0]
22:21:05:INFO:GENERAL:bounds_z:[(1e-06, 0.3), (1e-06, 0.3), (588.999411, 589.000589), (1e-06, 1800), (1e-06, 74200)]
22:21:07:INFO:OPTIMIZER:x:
[    0.07115138     0.00457938   588.9999954    899.99999843
 37099.99984088]
22:21:07:INFO:OPTIMIZER:fun:0.0007951921389589374
22:21:07:INFO:OPTIMIZER:nfev:9365
22:21:07:INFO:OPTIMIZER:nit:144
22:21:07:INFO:OPTIMIZER:message:Optimization terminated successfully.
22:21:07:INFO:OPTIMIZER:success:True
22:21:07:INFO:OPTIMIZER:constr:[array([0.])]
22:21:07:INFO:OPTIMIZER:constr_violation:0.0
22:21:07:INFO:OPTIMIZER:maxcv:0.0
22:21:07:INFO:RESULT:A:
[[-0.07115138  0.04656463  0.        ]
 [ 0.07115138 -0.05114401  0.00011109]
 [ 0.          0.00457938 -0.00011109]]
22:21:07:INFO:RESULT:m_eq:
[  588.9999954    899.99999843 37099.99984088](38588.99983471493)
22:21:07:INFO:RESULT:x_vec:
[    0.07115138     0.00457938   588.9999954    899.99999843
 37099.99984088](38589.07556547786)
22:21:07:INFO:RESULT:time_scale:
[  8.363151   352.81780586]
22:21:07:INFO:SAVE:message:saving bunch of data...
22:21:07:INFO:SAVE:message:saving optimizer data ...
