21:20:50:INFO:GENERAL:seed:1
21:20:50:INFO:GENERAL:rho:[0.001, 0.001, 0.0]
21:20:50:INFO:GENERAL:bounds_z:[(1e-06, 0.3), (1e-06, 0.3), (1e-06, 0.3), (588.999411, 589.000589), (1e-06, 1800), (1e-06, 74200), (1e-06, 1100)]
21:20:55:INFO:OPTIMIZER:x:
[    0.04855725     0.00514142     0.01200161   588.99979725
   239.77415931 37097.01245201   538.82027111]
21:20:55:INFO:OPTIMIZER:fun:0.0003748736244508147
21:20:55:INFO:OPTIMIZER:nfev:25002
21:20:55:INFO:OPTIMIZER:nit:391
21:20:55:INFO:OPTIMIZER:message:Optimization terminated successfully.
21:20:55:INFO:OPTIMIZER:success:True
21:20:55:INFO:OPTIMIZER:constr:[array([0.])]
21:20:55:INFO:OPTIMIZER:constr_violation:0.0
21:20:55:INFO:OPTIMIZER:maxcv:0.0
21:20:55:INFO:RESULT:A:
[[-0.06055886  0.1192798   0.          0.0131193 ]
 [ 0.04855725 -0.12442121  0.00003323  0.        ]
 [ 0.          0.00514142 -0.00003323  0.        ]
 [ 0.01200161  0.          0.         -0.0131193 ]]
21:20:55:INFO:RESULT:m_eq:
[  588.99979725   239.77415931 37097.01245201   538.82027111](38464.60667967614)
21:20:55:INFO:RESULT:x_vec:
[    0.04855725     0.00514142     0.01200161   588.99979725
   239.77415931 37097.01245201   538.82027111](38464.672379954856)
21:20:55:INFO:RESULT:time_scale:
[   5.70381316   45.60392543 1132.04216582]
21:20:55:INFO:SAVE:message:saving bunch of data...
21:20:55:INFO:SAVE:message:saving optimizer data ...
