22:07:15:INFO:GENERAL:seed:1
22:07:15:INFO:GENERAL:rho:[0.001, 0.0, 0.0001]
22:07:15:INFO:GENERAL:bounds_z:[(1e-06, 0.3), (1e-06, 0.3), (1e-06, 0.3), (588.999411, 589.000589), (1e-06, 1800), (1e-06, 74200), (1e-06, 1100)]
22:07:24:INFO:OPTIMIZER:x:
[  0.01649322   0.00547318   0.04558578 588.99971499 609.63536018
 550.61349305 193.97410075]
22:07:24:INFO:OPTIMIZER:fun:0.0001775688585518111
22:07:24:INFO:OPTIMIZER:nfev:45440
22:07:24:INFO:OPTIMIZER:nit:701
22:07:24:INFO:OPTIMIZER:message:Optimization terminated successfully.
22:07:24:INFO:OPTIMIZER:success:True
22:07:24:INFO:OPTIMIZER:constr:[array([0.])]
22:07:24:INFO:OPTIMIZER:constr_violation:0.0
22:07:24:INFO:OPTIMIZER:maxcv:0.0
22:07:24:INFO:RESULT:A:
[[-0.062079    0.01593494  0.          0.13842061]
 [ 0.01649322 -0.02140811  0.00605986  0.        ]
 [ 0.          0.00547318 -0.00605986  0.        ]
 [ 0.04558578  0.          0.         -0.13842061]]
22:07:24:INFO:RESULT:m_eq:
[588.99971499 609.63536018 550.61349305 193.97410075](1943.2226689656354)
22:07:24:INFO:RESULT:x_vec:
[  0.01649322   0.00547318   0.04558578 588.99971499 609.63536018
 550.61349305 193.97410075](1943.290221145006)
22:07:24:INFO:RESULT:time_scale:
[  5.29580207  31.45310847 136.13920969]
22:07:24:INFO:SAVE:message:saving bunch of data...
22:07:24:INFO:SAVE:message:saving optimizer data ...
