22:20:55:INFO:GENERAL:seed:1
22:20:55:INFO:GENERAL:rho:[0.01, 0.1, 0.0]
22:20:55:INFO:GENERAL:bounds_z:[(1e-06, 0.3), (1e-06, 0.3), (588.999411, 589.000589), (1e-06, 1800), (1e-06, 74200)]
22:20:56:INFO:OPTIMIZER:x:
[    0.06944099     0.00459479   589.00000059   899.99999603
 37100.0002384 ]
22:20:56:INFO:OPTIMIZER:fun:0.0011984631614899229
22:20:56:INFO:OPTIMIZER:nfev:9761
22:20:56:INFO:OPTIMIZER:nit:151
22:20:56:INFO:OPTIMIZER:message:Optimization terminated successfully.
22:20:56:INFO:OPTIMIZER:success:True
22:20:56:INFO:OPTIMIZER:constr:[array([0.])]
22:20:56:INFO:OPTIMIZER:constr_violation:0.0
22:20:56:INFO:OPTIMIZER:maxcv:0.0
22:20:56:INFO:RESULT:A:
[[-0.06944099  0.04544527  0.        ]
 [ 0.06944099 -0.05004006  0.00011146]
 [ 0.          0.00459479 -0.00011146]]
22:20:56:INFO:RESULT:m_eq:
[  589.00000059   899.99999603 37100.0002384 ](38589.00023502048)
22:20:56:INFO:RESULT:x_vec:
[    0.06944099     0.00459479   589.00000059   899.99999603
 37100.0002384 ](38589.07427080078)
22:20:56:INFO:RESULT:time_scale:
[  8.56531611 351.79161855]
22:20:56:INFO:SAVE:message:saving bunch of data...
22:20:56:INFO:SAVE:message:saving optimizer data ...
