22:02:52:INFO:GENERAL:seed:1
22:02:52:INFO:GENERAL:rho:[0.001, 0.0001, 0.0001]
22:02:52:INFO:GENERAL:bounds_z:[(1e-06, 0.3), (1e-06, 0.3), (1e-06, 0.3), (588.999411, 589.000589), (1e-06, 1800), (1e-06, 74200), (1e-06, 1100)]
22:02:57:INFO:OPTIMIZER:x:
[    0.02520623     0.00301368     0.0620047    589.00030111
  1019.86580217 36862.64256644   320.88537258]
22:02:57:INFO:OPTIMIZER:fun:0.00023861728768480788
22:02:57:INFO:OPTIMIZER:nfev:25365
22:02:57:INFO:OPTIMIZER:nit:392
22:02:57:INFO:OPTIMIZER:message:Optimization terminated successfully.
22:02:57:INFO:OPTIMIZER:success:True
22:02:57:INFO:OPTIMIZER:constr:[array([0.])]
22:02:57:INFO:OPTIMIZER:constr_violation:0.0
22:02:57:INFO:OPTIMIZER:maxcv:0.0
22:02:57:INFO:RESULT:A:
[[-0.08721093  0.01455728  0.          0.11381256]
 [ 0.02520623 -0.01757097  0.00008338  0.        ]
 [ 0.          0.00301368 -0.00008338  0.        ]
 [ 0.0620047   0.          0.         -0.11381256]]
22:02:57:INFO:RESULT:m_eq:
[  589.00030111  1019.86580217 36862.64256644   320.88537258](38792.39404230363)
22:02:57:INFO:RESULT:x_vec:
[    0.02520623     0.00301368     0.0620047    589.00030111
  1019.86580217 36862.64256644   320.88537258](38792.4842669134)
22:02:57:INFO:RESULT:time_scale:
[  5.36231214  32.68339389 627.14096763]
22:02:57:INFO:SAVE:message:saving bunch of data...
22:02:57:INFO:SAVE:message:saving optimizer data ...
