21:12:53:INFO:GENERAL:seed:1
21:12:53:INFO:GENERAL:rho:[0.001, 0.0, 0.0]
21:12:53:INFO:GENERAL:bounds_z:[(1e-06, 0.3), (1e-06, 0.3), (588.999411, 589.000589), (1e-06, 1800), (1e-06, 74200)]
21:12:55:INFO:OPTIMIZER:x:
[   0.0803857     0.01231979  588.99959264  718.09796607 1273.60691095]
21:12:55:INFO:OPTIMIZER:fun:0.00032921139496501625
21:12:55:INFO:OPTIMIZER:nfev:13545
21:12:55:INFO:OPTIMIZER:nit:212
21:12:55:INFO:OPTIMIZER:message:Optimization terminated successfully.
21:12:55:INFO:OPTIMIZER:success:True
21:12:55:INFO:OPTIMIZER:constr:[array([0.])]
21:12:55:INFO:OPTIMIZER:constr_violation:0.0
21:12:55:INFO:OPTIMIZER:maxcv:0.0
21:12:55:INFO:RESULT:A:
[[-0.0803857   0.0659341   0.        ]
 [ 0.0803857  -0.07825389  0.00694627]
 [ 0.          0.01231979 -0.00694627]]
21:12:55:INFO:RESULT:m_eq:
[ 588.99959264  718.09796607 1273.60691095](2580.704469665126)
21:12:55:INFO:RESULT:x_vec:
[   0.0803857     0.01231979  588.99959264  718.09796607 1273.60691095](2580.797175152443)
21:12:55:INFO:RESULT:time_scale:
[ 6.56080982 75.95523802]
21:12:55:INFO:SAVE:message:saving bunch of data...
21:12:55:INFO:SAVE:message:saving optimizer data ...
