22:09:06:INFO:GENERAL:seed:1
22:09:06:INFO:GENERAL:rho:[0.001, 0.01, 0.1]
22:09:06:INFO:GENERAL:bounds_z:[(1e-06, 0.3), (1e-06, 0.3), (1e-06, 0.3), (588.999411, 589.000589), (1e-06, 1800), (1e-06, 74200), (1e-06, 1100)]
22:09:24:INFO:OPTIMIZER:x:
[    0.04871373     0.00979299     0.01690263   588.99949612
   167.71215136 37126.05714624   502.63553704]
22:09:24:INFO:OPTIMIZER:fun:0.002352004027444206
22:09:24:INFO:OPTIMIZER:nfev:98377
22:09:24:INFO:OPTIMIZER:nit:1536
22:09:24:INFO:OPTIMIZER:message:Optimization terminated successfully.
22:09:24:INFO:OPTIMIZER:success:True
22:09:24:INFO:OPTIMIZER:constr:[array([0.])]
22:09:24:INFO:OPTIMIZER:constr_violation:0.0
22:09:24:INFO:OPTIMIZER:maxcv:0.0
22:09:24:INFO:RESULT:A:
[[-0.06561636  0.17108101  0.          0.01980687]
 [ 0.04871373 -0.180874    0.00004424  0.        ]
 [ 0.          0.00979299 -0.00004424  0.        ]
 [ 0.01690263  0.          0.         -0.01980687]]
22:09:24:INFO:RESULT:m_eq:
[  588.99949612   167.71215136 37126.05714624   502.63553704](38385.4043307655)
22:09:24:INFO:RESULT:x_vec:
[    0.04871373     0.00979299     0.01690263   588.99949612
   167.71215136 37126.05714624   502.63553704](38385.47974011772)
22:09:24:INFO:RESULT:time_scale:
[  4.31823912  29.84491968 794.24202723]
22:09:24:INFO:SAVE:message:saving bunch of data...
22:09:24:INFO:SAVE:message:saving optimizer data ...
