22:22:14:INFO:GENERAL:seed:1
22:22:14:INFO:GENERAL:rho:[0.001, 0.0001, 0.01]
22:22:14:INFO:GENERAL:bounds_z:[(1e-06, 0.3), (1e-06, 0.3), (588.999411, 589.000589), (1e-06, 1800), (1e-06, 74200)]
22:22:16:INFO:OPTIMIZER:x:
[   0.08036582    0.01230638  588.99993299  718.38903207 1273.7617941 ]
22:22:16:INFO:OPTIMIZER:fun:0.0003620969447754162
22:22:16:INFO:OPTIMIZER:nfev:13064
22:22:16:INFO:OPTIMIZER:nit:205
22:22:16:INFO:OPTIMIZER:message:Optimization terminated successfully.
22:22:16:INFO:OPTIMIZER:success:True
22:22:16:INFO:OPTIMIZER:constr:[array([0.])]
22:22:16:INFO:OPTIMIZER:constr_violation:0.0
22:22:16:INFO:OPTIMIZER:maxcv:0.0
22:22:16:INFO:RESULT:A:
[[-0.08036582  0.06589113  0.        ]
 [ 0.08036582 -0.07819751  0.00694068]
 [ 0.          0.01230638 -0.00694068]]
22:22:16:INFO:RESULT:m_eq:
[ 588.99993299  718.38903207 1273.7617941 ](2581.1507591653462)
22:22:16:INFO:RESULT:x_vec:
[   0.08036582    0.01230638  588.99993299  718.38903207 1273.7617941 ](2581.2434313684216)
22:22:16:INFO:RESULT:time_scale:
[ 6.56387087 76.01741173]
22:22:16:INFO:SAVE:message:saving bunch of data...
22:22:16:INFO:SAVE:message:saving optimizer data ...
