21:15:00:INFO:GENERAL:seed:1
21:15:00:INFO:GENERAL:rho:[0.01, 0.001, 0.1]
21:15:00:INFO:GENERAL:bounds_z:[(1e-06, 0.3), (1e-06, 0.3), (1e-06, 0.3), (588.999411, 589.000589), (1e-06, 1800), (1e-06, 74200), (1e-06, 1100)]
21:15:18:INFO:OPTIMIZER:x:
[    0.02524068     0.0031271      0.05864371   589.00045279
  1003.83360444 37076.91878845   324.8042413 ]
21:15:18:INFO:OPTIMIZER:fun:0.0008161699485861864
21:15:18:INFO:OPTIMIZER:nfev:99070
21:15:18:INFO:OPTIMIZER:nit:1536
21:15:18:INFO:OPTIMIZER:message:Optimization terminated successfully.
21:15:18:INFO:OPTIMIZER:success:True
21:15:18:INFO:OPTIMIZER:constr:[array([0.])]
21:15:18:INFO:OPTIMIZER:constr_violation:0.0
21:15:18:INFO:OPTIMIZER:maxcv:0.0
21:15:18:INFO:RESULT:A:
[[-0.0838844   0.01481     0.          0.10634459]
 [ 0.02524068 -0.01793709  0.00008466  0.        ]
 [ 0.          0.0031271  -0.00008466  0.        ]
 [ 0.05864371  0.          0.         -0.10634459]]
21:15:18:INFO:RESULT:m_eq:
[  589.00045279  1003.83360444 37076.91878845   324.8042413 ](38994.55708697686)
21:15:18:INFO:RESULT:x_vec:
[    0.02524068     0.0031271      0.05864371   589.00045279
  1003.83360444 37076.91878845   324.8042413 ](38994.644098469806)
21:15:18:INFO:RESULT:time_scale:
[  5.68487461  32.56134623 611.95379761]
21:15:18:INFO:SAVE:message:saving bunch of data...
21:15:18:INFO:SAVE:message:saving optimizer data ...
