22:23:11:INFO:GENERAL:seed:1
22:23:11:INFO:GENERAL:rho:[0.001, 0.01, 0.1]
22:23:11:INFO:GENERAL:bounds_z:[(1e-06, 0.3), (1e-06, 0.3), (1e-06, 0.3), (588.999411, 589.000589), (1e-06, 1800), (1e-06, 74200), (1e-06, 1100)]
22:23:22:INFO:OPTIMIZER:x:
[    0.02580012     0.00349638     0.05844506   588.99945625
   957.11242923 37088.85493822   330.11265958]
22:23:22:INFO:OPTIMIZER:fun:0.0012800293488730908
22:23:22:INFO:OPTIMIZER:nfev:52744
22:23:22:INFO:OPTIMIZER:nit:820
22:23:22:INFO:OPTIMIZER:message:Optimization terminated successfully.
22:23:22:INFO:OPTIMIZER:success:True
22:23:22:INFO:OPTIMIZER:constr:[array([0.])]
22:23:22:INFO:OPTIMIZER:constr_violation:0.0
22:23:22:INFO:OPTIMIZER:maxcv:0.0
22:23:22:INFO:RESULT:A:
[[-0.08424518  0.01587719  0.          0.10427988]
 [ 0.02580012 -0.01937357  0.00009023  0.        ]
 [ 0.          0.00349638 -0.00009023  0.        ]
 [ 0.05844506  0.          0.         -0.10427988]]
22:23:22:INFO:RESULT:m_eq:
[  588.99945625   957.11242923 37088.85493822   330.11265958](38965.07948328653)
22:23:22:INFO:RESULT:x_vec:
[    0.02580012     0.00349638     0.05844506   588.99945625
   957.11242923 37088.85493822   330.11265958](38965.16722484663)
22:23:22:INFO:RESULT:time_scale:
[  5.74261272  31.16897093 565.32132211]
22:23:22:INFO:SAVE:message:saving bunch of data...
22:23:22:INFO:SAVE:message:saving optimizer data ...
