21:20:51:INFO:GENERAL:seed:1
21:20:51:INFO:GENERAL:rho:[0.001, 0.01, 0.0]
21:20:51:INFO:GENERAL:bounds_z:[(1e-06, 0.3), (1e-06, 0.3), (588.999411, 589.000589), (1e-06, 1800), (1e-06, 74200)]
21:20:53:INFO:OPTIMIZER:x:
[    0.03344017     0.00226017   589.00058798   758.85415654
 37100.43453472]
21:20:53:INFO:OPTIMIZER:fun:0.0017697244458271563
21:20:53:INFO:OPTIMIZER:nfev:9061
21:20:53:INFO:OPTIMIZER:nit:141
21:20:53:INFO:OPTIMIZER:message:Optimization terminated successfully.
21:20:53:INFO:OPTIMIZER:success:True
21:20:53:INFO:OPTIMIZER:constr:[array([0.])]
21:20:53:INFO:OPTIMIZER:constr_violation:0.0
21:20:53:INFO:OPTIMIZER:maxcv:0.0
21:20:53:INFO:RESULT:A:
[[-0.03344017  0.02595529  0.        ]
 [ 0.03344017 -0.02821546  0.00004623]
 [ 0.          0.00226017 -0.00004623]]
21:20:53:INFO:RESULT:m_eq:
[  589.00058798   758.85415654 37100.43453472](38448.289279247416)
21:20:53:INFO:RESULT:x_vec:
[    0.03344017     0.00226017   589.00058798   758.85415654
 37100.43453472](38448.324979586716)
21:20:53:INFO:RESULT:time_scale:
[ 16.55487269 771.19904771]
21:20:53:INFO:SAVE:message:saving bunch of data...
21:20:53:INFO:SAVE:message:saving optimizer data ...
