22:17:11:INFO:GENERAL:seed:1
22:17:11:INFO:GENERAL:rho:[0.0001, 0.0, 0.01]
22:17:11:INFO:GENERAL:bounds_z:[(1e-06, 0.3), (1e-06, 0.3), (588.999411, 589.000589), (1e-06, 1800), (1e-06, 74200)]
22:17:14:INFO:OPTIMIZER:x:
[  0.05724381   0.01648232 589.00034973 402.29320509 787.00258471]
22:17:14:INFO:OPTIMIZER:fun:0.00022468231687638613
22:17:14:INFO:OPTIMIZER:nfev:15473
22:17:14:INFO:OPTIMIZER:nit:238
22:17:14:INFO:OPTIMIZER:message:Optimization terminated successfully.
22:17:14:INFO:OPTIMIZER:success:True
22:17:14:INFO:OPTIMIZER:constr:[array([0.])]
22:17:14:INFO:OPTIMIZER:constr_violation:0.0
22:17:14:INFO:OPTIMIZER:maxcv:0.0
22:17:14:INFO:RESULT:A:
[[-0.05724381  0.08381107  0.        ]
 [ 0.05724381 -0.10029338  0.00842529]
 [ 0.          0.01648232 -0.00842529]]
22:17:14:INFO:RESULT:m_eq:
[589.00034973 402.29320509 787.00258471](1778.296139525705)
22:17:14:INFO:RESULT:x_vec:
[  0.05724381   0.01648232 589.00034973 402.29320509 787.00258471](1778.3698656488446)
22:17:14:INFO:RESULT:time_scale:
[ 6.58197353 71.26383758]
22:17:14:INFO:SAVE:message:saving bunch of data...
22:17:14:INFO:SAVE:message:saving optimizer data ...
