22:22:21:INFO:GENERAL:seed:1
22:22:21:INFO:GENERAL:rho:[0.01, 0.001, 0.01]
22:22:21:INFO:GENERAL:bounds_z:[(1e-06, 0.3), (1e-06, 0.3), (588.999411, 589.000589), (1e-06, 1800), (1e-06, 74200)]
22:22:22:INFO:OPTIMIZER:x:
[    0.06613005     0.00408733   588.99943261   954.62487484
 37046.71211215]
22:22:22:INFO:OPTIMIZER:fun:0.0011520777152142384
22:22:22:INFO:OPTIMIZER:nfev:7774
22:22:22:INFO:OPTIMIZER:nit:119
22:22:22:INFO:OPTIMIZER:message:Optimization terminated successfully.
22:22:22:INFO:OPTIMIZER:success:True
22:22:22:INFO:OPTIMIZER:constr:[array([0.])]
22:22:22:INFO:OPTIMIZER:constr_violation:0.0
22:22:22:INFO:OPTIMIZER:maxcv:0.0
22:22:22:INFO:RESULT:A:
[[-0.06613005  0.04080195  0.        ]
 [ 0.06613005 -0.04488929  0.00010532]
 [ 0.          0.00408733 -0.00010532]]
22:22:22:INFO:RESULT:m_eq:
[  588.99943261   954.62487484 37046.71211215](38590.33641960781)
22:22:22:INFO:RESULT:x_vec:
[    0.06613005     0.00408733   588.99943261   954.62487484
 37046.71211215](38590.40663698619)
22:22:22:INFO:RESULT:time_scale:
[  9.21401006 385.46391219]
22:22:22:INFO:SAVE:message:saving bunch of data...
22:22:22:INFO:SAVE:message:saving optimizer data ...
