22:16:03:INFO:GENERAL:seed:1
22:16:03:INFO:GENERAL:rho:[0.0, 0.001, 0.0001]
22:16:03:INFO:GENERAL:bounds_z:[(1e-06, 0.3), (1e-06, 0.3), (1e-06, 0.3), (588.999411, 589.000589), (1e-06, 1800), (1e-06, 74200), (1e-06, 1100)]
22:16:08:INFO:OPTIMIZER:x:
[    0.04956408     0.00644804     0.01329044   589.00018525
   217.37620455 37126.49587883   514.93875166]
22:16:08:INFO:OPTIMIZER:fun:0.00038088893894371305
22:16:08:INFO:OPTIMIZER:nfev:22609
22:16:08:INFO:OPTIMIZER:nit:351
22:16:08:INFO:OPTIMIZER:message:Optimization terminated successfully.
22:16:08:INFO:OPTIMIZER:success:True
22:16:08:INFO:OPTIMIZER:constr:[array([0.])]
22:16:08:INFO:OPTIMIZER:constr_violation:0.0
22:16:08:INFO:OPTIMIZER:maxcv:0.0
22:16:08:INFO:RESULT:A:
[[-0.06285452  0.13429828  0.          0.01520195]
 [ 0.04956408 -0.14074632  0.00003775  0.        ]
 [ 0.          0.00644804 -0.00003775  0.        ]
 [ 0.01329044  0.          0.         -0.01520195]]
22:16:08:INFO:RESULT:m_eq:
[  589.00018525   217.37620455 37126.49587883   514.93875166](38447.81102028736)
22:16:08:INFO:RESULT:x_vec:
[    0.04956408     0.00644804     0.01329044   589.00018525
   217.37620455 37126.49587883   514.93875166](38447.88032284455)
22:16:08:INFO:RESULT:time_scale:
[  5.1939272   39.56629245 967.1573634 ]
22:16:08:INFO:SAVE:message:saving bunch of data...
22:16:08:INFO:SAVE:message:saving optimizer data ...
