22:17:24:INFO:GENERAL:seed:1
22:17:24:INFO:GENERAL:rho:[0.0001, 0.001, 0.01]
22:17:24:INFO:GENERAL:bounds_z:[(1e-06, 0.3), (1e-06, 0.3), (588.999411, 589.000589), (1e-06, 1800), (1e-06, 74200)]
22:17:26:INFO:OPTIMIZER:x:
[    0.04125759     0.00383568   589.00044486   620.45990684
 36963.35303547]
22:17:26:INFO:OPTIMIZER:fun:0.0009706875818544579
22:17:26:INFO:OPTIMIZER:nfev:10052
22:17:26:INFO:OPTIMIZER:nit:157
22:17:26:INFO:OPTIMIZER:message:Optimization terminated successfully.
22:17:26:INFO:OPTIMIZER:success:True
22:17:26:INFO:OPTIMIZER:constr:[array([0.])]
22:17:26:INFO:OPTIMIZER:constr_violation:0.0
22:17:26:INFO:OPTIMIZER:maxcv:0.0
22:17:26:INFO:RESULT:A:
[[-0.04125759  0.03916569  0.        ]
 [ 0.04125759 -0.04300137  0.00006439]
 [ 0.          0.00383568 -0.00006439]]
22:17:26:INFO:RESULT:m_eq:
[  589.00044486   620.45990684 36963.35303547](38172.813387177186)
22:17:26:INFO:RESULT:x_vec:
[    0.04125759     0.00383568   589.00044486   620.45990684
 36963.35303547](38172.85848045134)
22:17:26:INFO:RESULT:time_scale:
[ 12.1449858  503.81819494]
22:17:26:INFO:SAVE:message:saving bunch of data...
22:17:26:INFO:SAVE:message:saving optimizer data ...
