21:21:00:INFO:GENERAL:seed:1
21:21:00:INFO:GENERAL:rho:[0.0, 0.0, 0.0001]
21:21:00:INFO:GENERAL:bounds_z:[(1e-06, 0.3), (1e-06, 0.3), (1e-06, 0.3), (588.999411, 589.000589), (1e-06, 1800), (1e-06, 74200), (1e-06, 1100)]
21:21:04:INFO:OPTIMIZER:x:
[    0.04980081     0.00683161     0.01367465   589.00033873
   211.3437321  74178.43560503   509.34607896]
21:21:04:INFO:OPTIMIZER:fun:0.0001895887676126618
21:21:04:INFO:OPTIMIZER:nfev:23224
21:21:04:INFO:OPTIMIZER:nit:362
21:21:04:INFO:OPTIMIZER:message:Optimization terminated successfully.
21:21:04:INFO:OPTIMIZER:success:True
21:21:04:INFO:OPTIMIZER:constr:[array([0.])]
21:21:04:INFO:OPTIMIZER:constr_violation:0.0
21:21:04:INFO:OPTIMIZER:maxcv:0.0
21:21:04:INFO:RESULT:A:
[[-0.06347546  0.1387914   0.          0.01581317]
 [ 0.04980081 -0.14562301  0.00001946  0.        ]
 [ 0.          0.00683161 -0.00001946  0.        ]
 [ 0.01367465  0.          0.         -0.01581317]]
21:21:04:INFO:RESULT:m_eq:
[  589.00033873   211.3437321  74178.43560503   509.34607896](75488.12575482481)
21:21:04:INFO:RESULT:x_vec:
[    0.04980081     0.00683161     0.01367465   589.00033873
   211.3437321  74178.43560503   509.34607896](75488.19606189548)
21:21:04:INFO:RESULT:time_scale:
[  5.06039003  38.07645417 947.93826644]
21:21:04:INFO:SAVE:message:saving bunch of data...
21:21:04:INFO:SAVE:message:saving optimizer data ...
