21:21:27:INFO:GENERAL:seed:1
21:21:27:INFO:GENERAL:rho:[0.001, 0.01, 0.0001]
21:21:27:INFO:GENERAL:bounds_z:[(1e-06, 0.3), (1e-06, 0.3), (1e-06, 0.3), (588.999411, 589.000589), (1e-06, 1800), (1e-06, 74200), (1e-06, 1100)]
21:21:30:INFO:OPTIMIZER:x:
[    0.00354228     0.04323703     0.03563457   589.0001267
   899.99994155 37099.99115777   549.999794  ]
21:21:30:INFO:OPTIMIZER:fun:0.0010364373966704745
21:21:30:INFO:OPTIMIZER:nfev:12383
21:21:30:INFO:OPTIMIZER:nit:195
21:21:30:INFO:OPTIMIZER:message:Optimization terminated successfully.
21:21:30:INFO:OPTIMIZER:success:True
21:21:30:INFO:OPTIMIZER:constr:[array([0.])]
21:21:30:INFO:OPTIMIZER:constr_violation:0.0
21:21:30:INFO:OPTIMIZER:maxcv:0.0
21:21:30:INFO:RESULT:A:
[[-0.03917686  0.00231823  0.          0.03816141]
 [ 0.00354228 -0.04555526  0.00104888  0.        ]
 [ 0.          0.04323703 -0.00104888  0.        ]
 [ 0.03563457  0.          0.         -0.03816141]]
21:21:30:INFO:RESULT:m_eq:
[  589.0001267    899.99994155 37099.99115777   549.999794  ](39138.99102003706)
21:21:30:INFO:RESULT:x_vec:
[    0.00354228     0.04323703     0.03563457   589.0001267
   899.99994155 37099.99115777   549.999794  ](39139.07343392369)
21:21:30:INFO:RESULT:time_scale:
[ 13.21174761  21.50523276 570.81589475]
21:21:30:INFO:SAVE:message:saving bunch of data...
21:21:30:INFO:SAVE:message:saving optimizer data ...
