22:21:48:INFO:GENERAL:seed:1
22:21:48:INFO:GENERAL:rho:[0.0001, 0.0, 0.001]
22:21:48:INFO:GENERAL:bounds_z:[(1e-06, 0.3), (1e-06, 0.3), (588.999411, 589.000589), (1e-06, 1800), (1e-06, 74200)]
22:21:51:INFO:OPTIMIZER:x:
[   0.0807622     0.01247009  588.99998359  714.57447491 1272.59876255]
22:21:51:INFO:OPTIMIZER:fun:0.0002793519274453942
22:21:51:INFO:OPTIMIZER:nfev:14472
22:21:51:INFO:OPTIMIZER:nit:227
22:21:51:INFO:OPTIMIZER:message:Optimization terminated successfully.
22:21:51:INFO:OPTIMIZER:success:True
22:21:51:INFO:OPTIMIZER:constr:[array([0.])]
22:21:51:INFO:OPTIMIZER:constr_violation:0.0
22:21:51:INFO:OPTIMIZER:maxcv:0.0
22:21:51:INFO:RESULT:A:
[[-0.0807622   0.0665696   0.        ]
 [ 0.0807622  -0.07903969  0.00700205]
 [ 0.          0.01247009 -0.00700205]]
22:21:51:INFO:RESULT:m_eq:
[ 588.99998359  714.57447491 1272.59876255](2576.173221048465)
22:21:51:INFO:RESULT:x_vec:
[   0.0807622     0.01247009  588.99998359  714.57447491 1272.59876255](2576.2664533373304)
22:21:51:INFO:RESULT:time_scale:
[ 6.51362364 75.30366633]
22:21:51:INFO:SAVE:message:saving bunch of data...
22:21:51:INFO:SAVE:message:saving optimizer data ...
