22:16:16:INFO:GENERAL:seed:1
22:16:16:INFO:GENERAL:rho:[0.01, 0.01, 0.0001]
22:16:16:INFO:GENERAL:bounds_z:[(1e-06, 0.3), (1e-06, 0.3), (1e-06, 0.3), (588.999411, 589.000589), (1e-06, 1800), (1e-06, 74200), (1e-06, 1100)]
22:16:19:INFO:OPTIMIZER:x:
[    0.00380157     0.0125655      0.03420666   589.00012325
   899.99961353 37099.99770332   549.99970307]
22:16:19:INFO:OPTIMIZER:fun:0.0012602570044545618
22:16:19:INFO:OPTIMIZER:nfev:14230
22:16:19:INFO:OPTIMIZER:nit:219
22:16:19:INFO:OPTIMIZER:message:Optimization terminated successfully.
22:16:19:INFO:OPTIMIZER:success:True
22:16:19:INFO:OPTIMIZER:constr:[array([0.])]
22:16:19:INFO:OPTIMIZER:constr_violation:0.0
22:16:19:INFO:OPTIMIZER:maxcv:0.0
22:16:19:INFO:RESULT:A:
[[-0.03800823  0.00248792  0.          0.03663225]
 [ 0.00380157 -0.01505342  0.00030482  0.        ]
 [ 0.          0.0125655  -0.00030482  0.        ]
 [ 0.03420666  0.          0.         -0.03663225]]
22:16:19:INFO:RESULT:m_eq:
[  589.00012325   899.99961353 37099.99770332   549.99970307](39138.99714317731)
22:16:19:INFO:RESULT:x_vec:
[    0.00380157     0.0125655      0.03420666   589.00012325
   899.99961353 37099.99770332   549.99970307](39139.04771690772)
22:16:19:INFO:RESULT:time_scale:
[ 13.73451812  64.26734716 613.6970947 ]
22:16:19:INFO:SAVE:message:saving bunch of data...
22:16:19:INFO:SAVE:message:saving optimizer data ...
