22:08:35:INFO:GENERAL:seed:1
22:08:35:INFO:GENERAL:rho:[0.001, 0.001, 0.01]
22:08:35:INFO:GENERAL:bounds_z:[(1e-06, 0.3), (1e-06, 0.3), (1e-06, 0.3), (588.999411, 589.000589), (1e-06, 1800), (1e-06, 74200), (1e-06, 1100)]
22:08:42:INFO:OPTIMIZER:x:
[    0.01606665     0.00234983     0.04692399   589.00002355
   694.79223362 37061.69765101   191.71893337]
22:08:42:INFO:OPTIMIZER:fun:0.0003774039997824642
22:08:42:INFO:OPTIMIZER:nfev:33691
22:08:42:INFO:OPTIMIZER:nit:526
22:08:42:INFO:OPTIMIZER:message:Optimization terminated successfully.
22:08:42:INFO:OPTIMIZER:success:True
22:08:42:INFO:OPTIMIZER:constr:[array([0.])]
22:08:42:INFO:OPTIMIZER:constr_violation:0.0
22:08:42:INFO:OPTIMIZER:maxcv:0.0
22:08:42:INFO:RESULT:A:
[[-0.06299064  0.01362027  0.          0.14416016]
 [ 0.01606665 -0.0159701   0.00004405  0.        ]
 [ 0.          0.00234983 -0.00004405  0.        ]
 [ 0.04692399  0.          0.         -0.14416016]]
22:08:42:INFO:RESULT:m_eq:
[  589.00002355   694.79223362 37061.69765101   191.71893337](38537.20884154408)
22:08:42:INFO:RESULT:x_vec:
[    0.01606665     0.00234983     0.04692399   589.00002355
   694.79223362 37061.69765101   191.71893337](38537.27418202084)
22:08:42:INFO:RESULT:time_scale:
[  5.11164262  37.8229532  913.94741265]
22:08:42:INFO:SAVE:message:saving bunch of data...
22:08:42:INFO:SAVE:message:saving optimizer data ...
