22:17:29:INFO:GENERAL:seed:1
22:17:29:INFO:GENERAL:rho:[0.001, 0.01, 0.01]
22:17:29:INFO:GENERAL:bounds_z:[(1e-06, 0.3), (1e-06, 0.3), (588.999411, 589.000589), (1e-06, 1800), (1e-06, 74200)]
22:17:30:INFO:OPTIMIZER:x:
[    0.03344095     0.00225942   589.00057811   758.8914602
 37098.67977771]
22:17:30:INFO:OPTIMIZER:fun:0.0017697247412183563
22:17:30:INFO:OPTIMIZER:nfev:9223
22:17:30:INFO:OPTIMIZER:nit:143
22:17:30:INFO:OPTIMIZER:message:Optimization terminated successfully.
22:17:30:INFO:OPTIMIZER:success:True
22:17:30:INFO:OPTIMIZER:constr:[array([0.])]
22:17:30:INFO:OPTIMIZER:constr_violation:0.0
22:17:30:INFO:OPTIMIZER:maxcv:0.0
22:17:30:INFO:RESULT:A:
[[-0.03344095  0.02595462  0.        ]
 [ 0.03344095 -0.02821404  0.00004622]
 [ 0.          0.00225942 -0.00004622]]
22:17:30:INFO:RESULT:m_eq:
[  589.00057811   758.8914602  37098.67977771](38446.5718160074)
22:17:30:INFO:RESULT:x_vec:
[    0.03344095     0.00225942   589.00057811   758.8914602
 37098.67977771](38446.60751638246)
22:17:30:INFO:RESULT:time_scale:
[ 16.55494177 771.43129756]
22:17:30:INFO:SAVE:message:saving bunch of data...
22:17:30:INFO:SAVE:message:saving optimizer data ...
