22:02:41:INFO:GENERAL:seed:1
22:02:41:INFO:GENERAL:rho:[0.01, 0.001, 0.0]
22:02:41:INFO:GENERAL:bounds_z:[(1e-06, 0.3), (1e-06, 0.3), (588.999411, 589.000589), (1e-06, 1800), (1e-06, 74200)]
22:02:42:INFO:OPTIMIZER:x:
[    0.06612511     0.00408738   588.99942267   954.61941436
 37042.43628312]
22:02:42:INFO:OPTIMIZER:fun:0.0011520777234497726
22:02:42:INFO:OPTIMIZER:nfev:7212
22:02:42:INFO:OPTIMIZER:nit:112
22:02:42:INFO:OPTIMIZER:message:Optimization terminated successfully.
22:02:42:INFO:OPTIMIZER:success:True
22:02:42:INFO:OPTIMIZER:constr:[array([0.])]
22:02:42:INFO:OPTIMIZER:constr_violation:0.0
22:02:42:INFO:OPTIMIZER:maxcv:0.0
22:02:42:INFO:RESULT:A:
[[-0.06612511  0.04079914  0.        ]
 [ 0.06612511 -0.04488652  0.00010534]
 [ 0.          0.00408738 -0.00010534]]
22:02:42:INFO:RESULT:m_eq:
[  588.99942267   954.61941436 37042.43628312](38586.05512015331)
22:02:42:INFO:RESULT:x_vec:
[    0.06612511     0.00408738   588.99942267   954.61941436
 37042.43628312](38586.12533263763)
22:02:42:INFO:RESULT:time_scale:
[  9.21466637 385.45907503]
22:02:42:INFO:SAVE:message:saving bunch of data...
22:02:42:INFO:SAVE:message:saving optimizer data ...
