21:22:25:INFO:GENERAL:seed:1
21:22:25:INFO:GENERAL:rho:[0.0, 0.0001, 0.01]
21:22:25:INFO:GENERAL:bounds_z:[(1e-06, 0.3), (1e-06, 0.3), (1e-06, 0.3), (588.999411, 589.000589), (1e-06, 1800), (1e-06, 74200), (1e-06, 1100)]
21:22:32:INFO:OPTIMIZER:x:
[    0.01607545     0.00235911     0.04737901   589.00009699
   694.22976118 36750.63122221   191.54790187]
21:22:32:INFO:OPTIMIZER:fun:0.00016601428391711494
21:22:32:INFO:OPTIMIZER:nfev:34602
21:22:32:INFO:OPTIMIZER:nit:539
21:22:32:INFO:OPTIMIZER:message:Optimization terminated successfully.
21:22:32:INFO:OPTIMIZER:success:True
21:22:32:INFO:OPTIMIZER:constr:[array([0.])]
21:22:32:INFO:OPTIMIZER:constr_violation:0.0
21:22:32:INFO:OPTIMIZER:maxcv:0.0
21:22:32:INFO:RESULT:A:
[[-0.06345446  0.01363877  0.          0.14568806]
 [ 0.01607545 -0.01599788  0.00004456  0.        ]
 [ 0.          0.00235911 -0.00004456  0.        ]
 [ 0.04737901  0.          0.         -0.14568806]]
21:22:32:INFO:RESULT:m_eq:
[  589.00009699   694.22976118 36750.63122221   191.54790187](38225.408982248606)
21:22:32:INFO:RESULT:x_vec:
[    0.01607545     0.00235911     0.04737901   589.00009699
   694.22976118 36750.63122221   191.54790187](38225.474795822614)
21:22:32:INFO:RESULT:time_scale:
[  5.06052465  37.76619637 910.49719762]
21:22:32:INFO:SAVE:message:saving bunch of data...
21:22:32:INFO:SAVE:message:saving optimizer data ...
