22:20:59:INFO:GENERAL:seed:1
22:20:59:INFO:GENERAL:rho:[0.1, 0.1, 0.0]
22:20:59:INFO:GENERAL:bounds_z:[(1e-06, 0.3), (1e-06, 0.3), (588.999411, 589.000589), (1e-06, 1800), (1e-06, 74200)]
22:21:01:INFO:OPTIMIZER:x:
[    0.05571218     0.00475613   588.99999956   900.00002656
 37099.9987279 ]
22:21:01:INFO:OPTIMIZER:fun:0.0044507556284806545
22:21:01:INFO:OPTIMIZER:nfev:8369
22:21:01:INFO:OPTIMIZER:nit:131
22:21:01:INFO:OPTIMIZER:message:Optimization terminated successfully.
22:21:01:INFO:OPTIMIZER:success:True
22:21:01:INFO:OPTIMIZER:constr:[array([0.])]
22:21:01:INFO:OPTIMIZER:constr_violation:0.0
22:21:01:INFO:OPTIMIZER:maxcv:0.0
22:21:01:INFO:RESULT:A:
[[-0.05571218  0.03646053  0.        ]
 [ 0.05571218 -0.04121666  0.00011538]
 [ 0.          0.00475613 -0.00011538]]
22:21:01:INFO:RESULT:m_eq:
[  588.99999956   900.00002656 37099.9987279 ](38588.998754025044)
22:21:01:INFO:RESULT:x_vec:
[    0.05571218     0.00475613   588.99999956   900.00002656
 37099.9987279 ](38589.05922233959)
22:21:01:INFO:RESULT:time_scale:
[ 10.62520714 341.48270314]
22:21:01:INFO:SAVE:message:saving bunch of data...
22:21:01:INFO:SAVE:message:saving optimizer data ...
