21:22:46:INFO:GENERAL:seed:1
21:22:46:INFO:GENERAL:rho:[0.001, 0.001, 0.01]
21:22:46:INFO:GENERAL:bounds_z:[(1e-06, 0.3), (1e-06, 0.3), (588.999411, 589.000589), (1e-06, 1800), (1e-06, 74200)]
21:22:48:INFO:OPTIMIZER:x:
[  0.05649904   0.01601181 589.00052343 407.8874104  785.69720482]
21:22:48:INFO:OPTIMIZER:fun:0.0006481624876278096
21:22:48:INFO:OPTIMIZER:nfev:12077
21:22:48:INFO:OPTIMIZER:nit:188
21:22:48:INFO:OPTIMIZER:message:Optimization terminated successfully.
21:22:48:INFO:OPTIMIZER:success:True
21:22:48:INFO:OPTIMIZER:constr:[array([0.])]
21:22:48:INFO:OPTIMIZER:constr_violation:0.0
21:22:48:INFO:OPTIMIZER:maxcv:0.0
21:22:48:INFO:RESULT:A:
[[-0.05649904  0.08158614  0.        ]
 [ 0.05649904 -0.09759795  0.00831238]
 [ 0.          0.01601181 -0.00831238]]
21:22:48:INFO:RESULT:m_eq:
[589.00052343 407.8874104  785.69720482](1782.58513864554)
21:22:48:INFO:RESULT:x_vec:
[  0.05649904   0.01601181 589.00052343 407.8874104  785.69720482](1782.6576494874587)
21:22:48:INFO:RESULT:time_scale:
[ 6.72960822 72.39920168]
21:22:48:INFO:SAVE:message:saving bunch of data...
21:22:48:INFO:SAVE:message:saving optimizer data ...
