22:24:02:INFO:GENERAL:seed:1
22:24:02:INFO:GENERAL:rho:[0.1, 0.0001, 0.1]
22:24:02:INFO:GENERAL:bounds_z:[(1e-06, 0.3), (1e-06, 0.3), (588.999411, 589.000589), (1e-06, 1800), (1e-06, 74200)]
22:24:03:INFO:OPTIMIZER:x:
[    0.0480708      0.00258697   588.99995159  1164.95248234
 38378.81980072]
22:24:03:INFO:OPTIMIZER:fun:0.003891067847702367
22:24:03:INFO:OPTIMIZER:nfev:7259
22:24:03:INFO:OPTIMIZER:nit:113
22:24:03:INFO:OPTIMIZER:message:Optimization terminated successfully.
22:24:03:INFO:OPTIMIZER:success:True
22:24:03:INFO:OPTIMIZER:constr:[array([0.])]
22:24:03:INFO:OPTIMIZER:constr_violation:0.0
22:24:03:INFO:OPTIMIZER:maxcv:0.0
22:24:03:INFO:RESULT:A:
[[-0.0480708   0.0243046   0.        ]
 [ 0.0480708  -0.02689157  0.00007853]
 [ 0.          0.00258697 -0.00007853]]
22:24:03:INFO:RESULT:m_eq:
[  588.99995159  1164.95248234 38378.81980072](40132.77223464935)
22:24:03:INFO:RESULT:x_vec:
[    0.0480708      0.00258697   588.99995159  1164.95248234
 38378.81980072](40132.8228924263)
22:24:03:INFO:RESULT:time_scale:
[ 13.6488996 563.4058634]
22:24:03:INFO:SAVE:message:saving bunch of data...
22:24:03:INFO:SAVE:message:saving optimizer data ...
