22:03:29:INFO:GENERAL:seed:1
22:03:29:INFO:GENERAL:rho:[0.001, 0.0001, 0.001]
22:03:29:INFO:GENERAL:bounds_z:[(1e-06, 0.3), (1e-06, 0.3), (1e-06, 0.3), (588.999411, 589.000589), (1e-06, 1800), (1e-06, 74200), (1e-06, 1100)]
22:03:35:INFO:OPTIMIZER:x:
[    0.02520672     0.00301402     0.06201104   589.00006501
  1019.8362038  36849.03913359   320.88256281]
22:03:35:INFO:OPTIMIZER:fun:0.00023861716021154756
22:03:35:INFO:OPTIMIZER:nfev:28429
22:03:35:INFO:OPTIMIZER:nit:443
22:03:35:INFO:OPTIMIZER:message:Optimization terminated successfully.
22:03:35:INFO:OPTIMIZER:success:True
22:03:35:INFO:OPTIMIZER:constr:[array([0.])]
22:03:35:INFO:OPTIMIZER:constr_violation:0.0
22:03:35:INFO:OPTIMIZER:maxcv:0.0
22:03:35:INFO:RESULT:A:
[[-0.08721776  0.01455798  0.          0.11382515]
 [ 0.02520672 -0.017572    0.00008342  0.        ]
 [ 0.          0.00301402 -0.00008342  0.        ]
 [ 0.06201104  0.          0.         -0.11382515]]
22:03:35:INFO:RESULT:m_eq:
[  589.00006501  1019.8362038  36849.03913359   320.88256281](38778.757965209195)
22:03:35:INFO:RESULT:x_vec:
[    0.02520672     0.00301402     0.06201104   589.00006501
  1019.8362038  36849.03913359   320.88256281](38778.84819698894)
22:03:35:INFO:RESULT:time_scale:
[  5.36176763  32.68192161 627.06978551]
22:03:35:INFO:SAVE:message:saving bunch of data...
22:03:35:INFO:SAVE:message:saving optimizer data ...
