21:13:44:INFO:GENERAL:seed:1
21:13:44:INFO:GENERAL:rho:[0.01, 0.0001, 0.01]
21:13:44:INFO:GENERAL:bounds_z:[(1e-06, 0.3), (1e-06, 0.3), (1e-06, 0.3), (588.999411, 589.000589), (1e-06, 1800), (1e-06, 74200), (1e-06, 1100)]
21:13:51:INFO:OPTIMIZER:x:
[    0.02518102     0.00307288     0.05896209   589.00007674
  1010.86582799 36933.16597772   323.90917011]
21:13:51:INFO:OPTIMIZER:fun:0.0007200312187599564
21:13:51:INFO:OPTIMIZER:nfev:33167
21:13:51:INFO:OPTIMIZER:nit:512
21:13:51:INFO:OPTIMIZER:message:Optimization terminated successfully.
21:13:51:INFO:OPTIMIZER:success:True
21:13:51:INFO:OPTIMIZER:constr:[array([0.])]
21:13:51:INFO:OPTIMIZER:constr_violation:0.0
21:13:51:INFO:OPTIMIZER:maxcv:0.0
21:13:51:INFO:RESULT:A:
[[-0.08414312  0.0146722   0.          0.10721733]
 [ 0.02518102 -0.01774508  0.00008411  0.        ]
 [ 0.          0.00307288 -0.00008411  0.        ]
 [ 0.05896209  0.          0.         -0.10721733]]
21:13:51:INFO:RESULT:m_eq:
[  589.00007674  1010.86582799 36933.16597772   323.90917011](38856.94105256593)
21:13:51:INFO:RESULT:x_vec:
[    0.02518102     0.00307288     0.05896209   589.00007674
  1010.86582799 36933.16597772   323.90917011](38857.02826856259)
21:13:51:INFO:RESULT:time_scale:
[  5.64895602  32.73117463 619.63225174]
21:13:51:INFO:SAVE:message:saving bunch of data...
21:13:51:INFO:SAVE:message:saving optimizer data ...
