22:02:43:INFO:GENERAL:seed:1
22:02:43:INFO:GENERAL:rho:[0.001, 0.0001, 0.0]
22:02:43:INFO:GENERAL:bounds_z:[(1e-06, 0.3), (1e-06, 0.3), (588.999411, 589.000589), (1e-06, 1800), (1e-06, 74200)]
22:02:45:INFO:OPTIMIZER:x:
[   0.08036706    0.01230752  589.0004306   718.3603334  1273.7583164 ]
22:02:45:INFO:OPTIMIZER:fun:0.0003620969310418301
22:02:45:INFO:OPTIMIZER:nfev:13131
22:02:45:INFO:OPTIMIZER:nit:203
22:02:45:INFO:OPTIMIZER:message:Optimization terminated successfully.
22:02:45:INFO:OPTIMIZER:success:True
22:02:45:INFO:OPTIMIZER:constr:[array([0.])]
22:02:45:INFO:OPTIMIZER:constr_violation:0.0
22:02:45:INFO:OPTIMIZER:maxcv:0.0
22:02:45:INFO:RESULT:A:
[[-0.08036706  0.06589483  0.        ]
 [ 0.08036706 -0.07820235  0.00694106]
 [ 0.          0.01230752 -0.00694106]]
22:02:45:INFO:RESULT:m_eq:
[ 589.0004306  718.3603334 1273.7583164](2581.1190803965314)
22:02:45:INFO:RESULT:x_vec:
[   0.08036706    0.01230752  589.0004306   718.3603334  1273.7583164 ](2581.211754974047)
22:02:45:INFO:RESULT:time_scale:
[ 6.56362711 76.01277541]
22:02:45:INFO:SAVE:message:saving bunch of data...
22:02:45:INFO:SAVE:message:saving optimizer data ...
