21:12:56:INFO:GENERAL:seed:1
21:12:56:INFO:GENERAL:rho:[0.001, 0.0, 0.0001]
21:12:56:INFO:GENERAL:bounds_z:[(1e-06, 0.3), (1e-06, 0.3), (1e-06, 0.3), (588.999411, 589.000589), (1e-06, 1800), (1e-06, 74200), (1e-06, 1100)]
21:13:02:INFO:OPTIMIZER:x:
[   0.02550834    0.00431123    0.06117038  589.00040128  961.28879107
 1621.85500128  322.78516045]
21:13:02:INFO:OPTIMIZER:fun:0.00022160260636846783
21:13:02:INFO:OPTIMIZER:nfev:32288
21:13:02:INFO:OPTIMIZER:nit:497
21:13:02:INFO:OPTIMIZER:message:Optimization terminated successfully.
21:13:02:INFO:OPTIMIZER:success:True
21:13:02:INFO:OPTIMIZER:constr:[array([0.])]
21:13:02:INFO:OPTIMIZER:constr_violation:0.0
21:13:02:INFO:OPTIMIZER:maxcv:0.0
21:13:02:INFO:RESULT:A:
[[-0.08667872  0.01562946  0.          0.1116203 ]
 [ 0.02550834 -0.01994069  0.00255531  0.        ]
 [ 0.          0.00431123 -0.00255531  0.        ]
 [ 0.06117038  0.          0.         -0.1116203 ]]
21:13:02:INFO:RESULT:m_eq:
[ 589.00040128  961.28879107 1621.85500128  322.78516045](3494.9293540869185)
21:13:02:INFO:RESULT:x_vec:
[   0.02550834    0.00431123    0.06117038  589.00040128  961.28879107
 1621.85500128  322.78516045](3495.0203440381542)
21:13:02:INFO:RESULT:time_scale:
[  5.4418682   30.65411994 226.62606545]
21:13:02:INFO:SAVE:message:saving bunch of data...
21:13:02:INFO:SAVE:message:saving optimizer data ...
