21:21:19:INFO:GENERAL:seed:1
21:21:19:INFO:GENERAL:rho:[0.1, 0.01, 0.0001]
21:21:19:INFO:GENERAL:bounds_z:[(1e-06, 0.3), (1e-06, 0.3), (1e-06, 0.3), (588.999411, 589.000589), (1e-06, 1800), (1e-06, 74200), (1e-06, 1100)]
21:21:22:INFO:OPTIMIZER:x:
[    0.00437678     0.00043677     0.0270118    588.99968611
   900.00005827 37100.01686774   550.00001504]
21:21:22:INFO:OPTIMIZER:fun:0.0029153632505208187
21:21:22:INFO:OPTIMIZER:nfev:13038
21:21:22:INFO:OPTIMIZER:nit:206
21:21:22:INFO:OPTIMIZER:message:Optimization terminated successfully.
21:21:22:INFO:OPTIMIZER:success:True
21:21:22:INFO:OPTIMIZER:constr:[array([0.])]
21:21:22:INFO:OPTIMIZER:constr_violation:0.0
21:21:22:INFO:OPTIMIZER:maxcv:0.0
21:21:22:INFO:RESULT:A:
[[-0.03138858  0.00286436  0.          0.02892717]
 [ 0.00437678 -0.00330113  0.0000106   0.        ]
 [ 0.          0.00043677 -0.0000106   0.        ]
 [ 0.0270118   0.          0.         -0.02892717]]
21:21:22:INFO:RESULT:m_eq:
[  588.99968611   900.00005827 37100.01686774   550.00001504](39139.01662715375)
21:21:22:INFO:RESULT:x_vec:
[    0.00437678     0.00043677     0.0270118    588.99968611
   900.00005827 37100.01686774   550.00001504](39139.048452502066)
21:21:22:INFO:RESULT:time_scale:
[  17.16521729  193.17382864 5169.60297392]
21:21:22:INFO:SAVE:message:saving bunch of data...
21:21:22:INFO:SAVE:message:saving optimizer data ...
