21:21:02:INFO:GENERAL:seed:1
21:21:02:INFO:GENERAL:rho:[0.001, 0.0001, 0.0]
21:21:02:INFO:GENERAL:bounds_z:[(1e-06, 0.3), (1e-06, 0.3), (588.999411, 589.000589), (1e-06, 1800), (1e-06, 74200)]
21:21:04:INFO:OPTIMIZER:x:
[  0.05679072   0.01622579 589.00036921 405.37980973 786.19081566]
21:21:04:INFO:OPTIMIZER:fun:0.0003116041168575602
21:21:04:INFO:OPTIMIZER:nfev:12610
21:21:04:INFO:OPTIMIZER:nit:196
21:21:04:INFO:OPTIMIZER:message:Optimization terminated successfully.
21:21:04:INFO:OPTIMIZER:success:True
21:21:04:INFO:OPTIMIZER:constr:[array([0.])]
21:21:04:INFO:OPTIMIZER:constr_violation:0.0
21:21:04:INFO:OPTIMIZER:maxcv:0.0
21:21:04:INFO:RESULT:A:
[[-0.05679072  0.0825146   0.        ]
 [ 0.05679072 -0.09874039  0.00836643]
 [ 0.          0.01622579 -0.00836643]]
21:21:04:INFO:RESULT:m_eq:
[589.00036921 405.37980973 786.19081566](1780.5709945958274)
21:21:04:INFO:RESULT:x_vec:
[  0.05679072   0.01622579 589.00036921 405.37980973 786.19081566](1780.6440110999838)
21:21:04:INFO:RESULT:time_scale:
[ 6.66742848 71.86660903]
21:21:04:INFO:SAVE:message:saving bunch of data...
21:21:04:INFO:SAVE:message:saving optimizer data ...
