22:06:41:INFO:GENERAL:seed:1
22:06:41:INFO:GENERAL:rho:[0.0001, 0.01, 0.0]
22:06:41:INFO:GENERAL:bounds_z:[(1e-06, 0.3), (1e-06, 0.3), (588.999411, 589.000589), (1e-06, 1800), (1e-06, 74200)]
22:06:42:INFO:OPTIMIZER:x:
[    0.03376897     0.00232539   589.00058063   752.18231983
 37098.80949716]
22:06:42:INFO:OPTIMIZER:fun:0.0017510775458355748
22:06:42:INFO:OPTIMIZER:nfev:9212
22:06:42:INFO:OPTIMIZER:nit:144
22:06:42:INFO:OPTIMIZER:message:Optimization terminated successfully.
22:06:42:INFO:OPTIMIZER:success:True
22:06:42:INFO:OPTIMIZER:constr:[array([0.])]
22:06:42:INFO:OPTIMIZER:constr_violation:0.0
22:06:42:INFO:OPTIMIZER:maxcv:0.0
22:06:42:INFO:RESULT:A:
[[-0.03376897  0.02644298  0.        ]
 [ 0.03376897 -0.02876837  0.00004715]
 [ 0.          0.00232539 -0.00004715]]
22:06:42:INFO:RESULT:m_eq:
[  589.00058063   752.18231983 37098.80949716](38439.99239762444)
22:06:42:INFO:RESULT:x_vec:
[    0.03376897     0.00232539   589.00058063   752.18231983
 37098.80949716](38440.02849198171)
22:06:42:INFO:RESULT:time_scale:
[ 16.32487384 752.85913038]
22:06:42:INFO:SAVE:message:saving bunch of data...
22:06:42:INFO:SAVE:message:saving optimizer data ...
