22:16:43:INFO:GENERAL:seed:1
22:16:43:INFO:GENERAL:rho:[0.1, 0.1, 0.001]
22:16:43:INFO:GENERAL:bounds_z:[(1e-06, 0.3), (1e-06, 0.3), (588.999411, 589.000589), (1e-06, 1800), (1e-06, 74200)]
22:16:45:INFO:OPTIMIZER:x:
[    0.02584733     0.00107986   589.00000249   899.99999043
 37100.00161596]
22:16:45:INFO:OPTIMIZER:fun:0.0032928949081771487
22:16:45:INFO:OPTIMIZER:nfev:9451
22:16:45:INFO:OPTIMIZER:nit:145
22:16:45:INFO:OPTIMIZER:message:Optimization terminated successfully.
22:16:45:INFO:OPTIMIZER:success:True
22:16:45:INFO:OPTIMIZER:constr:[array([0.])]
22:16:45:INFO:OPTIMIZER:constr_violation:0.0
22:16:45:INFO:OPTIMIZER:maxcv:0.0
22:16:45:INFO:RESULT:A:
[[-0.02584733  0.01691564  0.        ]
 [ 0.02584733 -0.0179955   0.0000262 ]
 [ 0.          0.00107986 -0.0000262 ]]
22:16:45:INFO:RESULT:m_eq:
[  589.00000249   899.99999043 37100.00161596](38589.001608868195)
22:16:45:INFO:RESULT:x_vec:
[    0.02584733     0.00107986   589.00000249   899.99999043
 37100.00161596](38589.028536057405)
22:16:45:INFO:RESULT:time_scale:
[  23.14978515 1487.91886124]
22:16:45:INFO:SAVE:message:saving bunch of data...
22:16:45:INFO:SAVE:message:saving optimizer data ...
