21:21:42:INFO:GENERAL:seed:1
21:21:42:INFO:GENERAL:rho:[0.1, 0.1, 0.0001]
21:21:42:INFO:GENERAL:bounds_z:[(1e-06, 0.3), (1e-06, 0.3), (1e-06, 0.3), (588.999411, 589.000589), (1e-06, 1800), (1e-06, 74200), (1e-06, 1100)]
21:21:44:INFO:OPTIMIZER:x:
[    0.004378       0.00043749     0.02701057   588.99998577
   899.99999631 37099.99950482   549.99999308]
21:21:44:INFO:OPTIMIZER:fun:0.002915361996995807
21:21:44:INFO:OPTIMIZER:nfev:12107
21:21:44:INFO:OPTIMIZER:nit:189
21:21:44:INFO:OPTIMIZER:message:Optimization terminated successfully.
21:21:44:INFO:OPTIMIZER:success:True
21:21:44:INFO:OPTIMIZER:constr:[array([0.])]
21:21:44:INFO:OPTIMIZER:constr_violation:0.0
21:21:44:INFO:OPTIMIZER:maxcv:0.0
21:21:44:INFO:RESULT:A:
[[-0.03138857  0.00286516  0.          0.02892586]
 [ 0.004378   -0.00330265  0.00001061  0.        ]
 [ 0.          0.00043749 -0.00001061  0.        ]
 [ 0.02701057  0.          0.         -0.02892586]]
21:21:44:INFO:RESULT:m_eq:
[  588.99998577   899.99999631 37099.99950482   549.99999308](39138.99947998104)
21:21:44:INFO:RESULT:x_vec:
[    0.004378       0.00043749     0.02701057   588.99998577
   899.99999631 37099.99950482   549.99999308](39139.03130604346)
21:21:44:INFO:RESULT:time_scale:
[  17.16575211  193.10904631 5161.39054296]
21:21:44:INFO:SAVE:message:saving bunch of data...
21:21:44:INFO:SAVE:message:saving optimizer data ...
