21:12:45:INFO:GENERAL:seed:1
21:12:45:INFO:GENERAL:rho:[0.01, 0.0001, 0.0001]
21:12:45:INFO:GENERAL:bounds_z:[(1e-06, 0.3), (1e-06, 0.3), (1e-06, 0.3), (588.999411, 589.000589), (1e-06, 1800), (1e-06, 74200), (1e-06, 1100)]
21:12:48:INFO:OPTIMIZER:x:
[    0.02080855     0.0025491      0.06133598   589.00022466
  1078.3237574  37219.92714694   386.66444187]
21:12:48:INFO:OPTIMIZER:fun:0.0007038961571211134
21:12:48:INFO:OPTIMIZER:nfev:20147
21:12:48:INFO:OPTIMIZER:nit:310
21:12:48:INFO:OPTIMIZER:message:Optimization terminated successfully.
21:12:48:INFO:OPTIMIZER:success:True
21:12:48:INFO:OPTIMIZER:constr:[array([0.])]
21:12:48:INFO:OPTIMIZER:constr_violation:0.0
21:12:48:INFO:OPTIMIZER:maxcv:0.0
21:12:48:INFO:RESULT:A:
[[-0.08214454  0.01136601  0.          0.0934322 ]
 [ 0.02080855 -0.01391511  0.00007385  0.        ]
 [ 0.          0.0025491  -0.00007385  0.        ]
 [ 0.06133598  0.          0.         -0.0934322 ]]
21:12:48:INFO:RESULT:m_eq:
[  589.00022466  1078.3237574  37219.92714694   386.66444187](39273.915570865734)
21:12:48:INFO:RESULT:x_vec:
[    0.02080855     0.0025491      0.06133598   589.00022466
  1078.3237574  37219.92714694   386.66444187](39274.00026449621)
21:12:48:INFO:RESULT:time_scale:
[  6.08155914  42.02070866 748.28756552]
21:12:48:INFO:SAVE:message:saving bunch of data...
21:12:48:INFO:SAVE:message:saving optimizer data ...
