22:16:36:INFO:GENERAL:seed:1
22:16:36:INFO:GENERAL:rho:[0.01, 0.0, 0.001]
22:16:36:INFO:GENERAL:bounds_z:[(1e-06, 0.3), (1e-06, 0.3), (1e-06, 0.3), (588.999411, 589.000589), (1e-06, 1800), (1e-06, 74200), (1e-06, 1100)]
22:16:44:INFO:OPTIMIZER:x:
[  0.01638429   0.00471434   0.04275547 588.99979522 622.47786957
 613.73742175 195.37804679]
22:16:44:INFO:OPTIMIZER:fun:0.0006742941214385514
22:16:44:INFO:OPTIMIZER:nfev:38637
22:16:44:INFO:OPTIMIZER:nit:596
22:16:44:INFO:OPTIMIZER:message:Optimization terminated successfully.
22:16:44:INFO:OPTIMIZER:success:True
22:16:44:INFO:OPTIMIZER:constr:[array([0.])]
22:16:44:INFO:OPTIMIZER:constr_violation:0.0
22:16:44:INFO:OPTIMIZER:maxcv:0.0
22:16:44:INFO:RESULT:A:
[[-0.05913976  0.01550311  0.          0.12889352]
 [ 0.01638429 -0.02021745  0.00478148  0.        ]
 [ 0.          0.00471434 -0.00478148  0.        ]
 [ 0.04275547  0.          0.         -0.12889352]]
22:16:44:INFO:RESULT:m_eq:
[588.99979522 622.47786957 613.73742175 195.37804679](2020.5931333297945)
22:16:44:INFO:RESULT:x_vec:
[  0.01638429   0.00471434   0.04275547 588.99979522 622.47786957
 613.73742175 195.37804679](2020.6569874319061)
22:16:44:INFO:RESULT:time_scale:
[  5.66548046  32.87294117 163.81315173]
22:16:44:INFO:SAVE:message:saving bunch of data...
22:16:44:INFO:SAVE:message:saving optimizer data ...
