22:03:45:INFO:GENERAL:seed:1
22:03:45:INFO:GENERAL:rho:[0.01, 0.0, 0.01]
22:03:45:INFO:GENERAL:bounds_z:[(1e-06, 0.3), (1e-06, 0.3), (588.999411, 589.000589), (1e-06, 1800), (1e-06, 74200)]
22:03:48:INFO:OPTIMIZER:x:
[   0.07695882    0.01094769  589.00032684  752.03659479 1288.46856516]
22:03:48:INFO:OPTIMIZER:fun:0.0008091852086515311
22:03:48:INFO:OPTIMIZER:nfev:13337
22:03:48:INFO:OPTIMIZER:nit:209
22:03:48:INFO:OPTIMIZER:message:Optimization terminated successfully.
22:03:48:INFO:OPTIMIZER:success:True
22:03:48:INFO:OPTIMIZER:constr:[array([0.])]
22:03:48:INFO:OPTIMIZER:constr_violation:0.0
22:03:48:INFO:OPTIMIZER:maxcv:0.0
22:03:48:INFO:RESULT:A:
[[-0.07695882  0.06027468  0.        ]
 [ 0.07695882 -0.07122238  0.00638981]
 [ 0.          0.01094769 -0.00638981]]
22:03:48:INFO:RESULT:m_eq:
[ 589.00032684  752.03659479 1288.46856516](2629.5054867798362)
22:03:48:INFO:RESULT:x_vec:
[   0.07695882    0.01094769  589.00032684  752.03659479 1288.46856516](2629.5933932879425)
22:03:48:INFO:RESULT:time_scale:
[ 7.01727941 82.8800591 ]
22:03:48:INFO:SAVE:message:saving bunch of data...
22:03:48:INFO:SAVE:message:saving optimizer data ...
