21:22:00:INFO:GENERAL:seed:1
21:22:00:INFO:GENERAL:rho:[0.1, 0.001, 0.001]
21:22:00:INFO:GENERAL:bounds_z:[(1e-06, 0.3), (1e-06, 0.3), (588.999411, 589.000589), (1e-06, 1800), (1e-06, 74200)]
21:22:01:INFO:OPTIMIZER:x:
[    0.02914114     0.00213955   589.00008044   779.42725243
 37135.18054366]
21:22:01:INFO:OPTIMIZER:fun:0.003222129909447645
21:22:01:INFO:OPTIMIZER:nfev:7146
21:22:01:INFO:OPTIMIZER:nit:111
21:22:01:INFO:OPTIMIZER:message:Optimization terminated successfully.
21:22:01:INFO:OPTIMIZER:success:True
21:22:01:INFO:OPTIMIZER:constr:[array([0.])]
21:22:01:INFO:OPTIMIZER:constr_violation:0.0
21:22:01:INFO:OPTIMIZER:maxcv:0.0
21:22:01:INFO:RESULT:A:
[[-0.02914114  0.02202147  0.        ]
 [ 0.02914114 -0.02416103  0.00004491]
 [ 0.          0.00213955 -0.00004491]]
21:22:01:INFO:RESULT:m_eq:
[  589.00008044   779.42725243 37135.18054366](38503.60787652983)
21:22:01:INFO:RESULT:x_vec:
[    0.02914114     0.00213955   589.00008044   779.42725243
 37135.18054366](38503.639157225865)
21:22:01:INFO:RESULT:time_scale:
[ 19.19149634 806.01982364]
21:22:01:INFO:SAVE:message:saving bunch of data...
21:22:01:INFO:SAVE:message:saving optimizer data ...
