21:13:02:INFO:GENERAL:seed:1
21:13:02:INFO:GENERAL:rho:[0.0, 0.0001, 0.001]
21:13:02:INFO:GENERAL:bounds_z:[(1e-06, 0.3), (1e-06, 0.3), (1e-06, 0.3), (588.999411, 589.000589), (1e-06, 1800), (1e-06, 74200), (1e-06, 1100)]
21:13:11:INFO:OPTIMIZER:x:
[   0.02551366    0.00431178    0.06147746  588.99969884  961.7186806
 1616.92899611  322.51036057]
21:13:11:INFO:OPTIMIZER:fun:0.00019238439537695365
21:13:11:INFO:OPTIMIZER:nfev:41698
21:13:11:INFO:OPTIMIZER:nit:646
21:13:11:INFO:OPTIMIZER:message:Optimization terminated successfully.
21:13:11:INFO:OPTIMIZER:success:True
21:13:11:INFO:OPTIMIZER:constr:[array([0.])]
21:13:11:INFO:OPTIMIZER:constr_violation:0.0
21:13:11:INFO:OPTIMIZER:maxcv:0.0
21:13:11:INFO:RESULT:A:
[[-0.08699111  0.01562571  0.          0.11227609]
 [ 0.02551366 -0.01993748  0.00256456  0.        ]
 [ 0.          0.00431178 -0.00256456  0.        ]
 [ 0.06147746  0.          0.         -0.11227609]]
21:13:11:INFO:RESULT:m_eq:
[ 588.99969884  961.7186806  1616.92899611  322.51036057](3490.1577361249256)
21:13:11:INFO:RESULT:x_vec:
[   0.02551366    0.00431178    0.06147746  588.99969884  961.7186806
 1616.92899611  322.51036057](3490.2490390139023)
21:13:11:INFO:RESULT:time_scale:
[  5.41396023  30.63789197 226.1287713 ]
21:13:11:INFO:SAVE:message:saving bunch of data...
21:13:11:INFO:SAVE:message:saving optimizer data ...
