22:03:21:INFO:GENERAL:seed:1
22:03:21:INFO:GENERAL:rho:[0.0001, 0.0001, 0.001]
22:03:21:INFO:GENERAL:bounds_z:[(1e-06, 0.3), (1e-06, 0.3), (1e-06, 0.3), (588.999411, 589.000589), (1e-06, 1800), (1e-06, 74200), (1e-06, 1100)]
22:03:26:INFO:OPTIMIZER:x:
[    0.06490063     0.0110684      0.02730222   588.99972591
   278.16494569 35915.74942539   708.51878228]
22:03:26:INFO:OPTIMIZER:fun:0.0002358987336024094
22:03:26:INFO:OPTIMIZER:nfev:25763
22:03:26:INFO:OPTIMIZER:nit:400
22:03:26:INFO:OPTIMIZER:message:Optimization terminated successfully.
22:03:26:INFO:OPTIMIZER:success:True
22:03:26:INFO:OPTIMIZER:constr:[array([0.])]
22:03:26:INFO:OPTIMIZER:constr_violation:0.0
22:03:26:INFO:OPTIMIZER:maxcv:0.0
22:03:26:INFO:RESULT:A:
[[-0.09220284  0.13742368  0.          0.02269664]
 [ 0.06490063 -0.14849208  0.00008572  0.        ]
 [ 0.          0.0110684  -0.00008572  0.        ]
 [ 0.02730222  0.          0.         -0.02269664]]
22:03:26:INFO:RESULT:m_eq:
[  588.99972591   278.16494569 35915.74942539   708.51878228](37491.432879258915)
22:03:26:INFO:RESULT:x_vec:
[    0.06490063     0.0110684      0.02730222   588.99972591
   278.16494569 35915.74942539   708.51878228](37491.536150500804)
22:03:26:INFO:RESULT:time_scale:
[  4.54487916  24.04448625 537.67479262]
22:03:26:INFO:SAVE:message:saving bunch of data...
22:03:26:INFO:SAVE:message:saving optimizer data ...
