22:21:24:INFO:GENERAL:seed:1
22:21:24:INFO:GENERAL:rho:[0.1, 0.01, 0.0001]
22:21:24:INFO:GENERAL:bounds_z:[(1e-06, 0.3), (1e-06, 0.3), (1e-06, 0.3), (588.999411, 589.000589), (1e-06, 1800), (1e-06, 74200), (1e-06, 1100)]
22:21:27:INFO:OPTIMIZER:x:
[    0.01572002     0.00358819     0.03653022   589.00003419
   900.00037267 37100.00955816   549.99977569]
22:21:27:INFO:OPTIMIZER:fun:0.0038048795040908196
22:21:27:INFO:OPTIMIZER:nfev:12697
22:21:27:INFO:OPTIMIZER:nit:197
22:21:27:INFO:OPTIMIZER:message:Optimization terminated successfully.
22:21:27:INFO:OPTIMIZER:success:True
22:21:27:INFO:OPTIMIZER:constr:[array([0.])]
22:21:27:INFO:OPTIMIZER:constr_violation:0.0
22:21:27:INFO:OPTIMIZER:maxcv:0.0
22:21:27:INFO:RESULT:A:
[[-0.05225024  0.01028788  0.          0.03912056]
 [ 0.01572002 -0.01387606  0.00008704  0.        ]
 [ 0.          0.00358819 -0.00008704  0.        ]
 [ 0.03653022  0.          0.         -0.03912056]]
22:21:27:INFO:RESULT:m_eq:
[  589.00003419   900.00037267 37100.00955816   549.99977569](39139.00974070905)
22:21:27:INFO:RESULT:x_vec:
[    0.01572002     0.00358819     0.03653022   589.00003419
   900.00037267 37100.00955816   549.99977569](39139.06557913333)
22:21:27:INFO:RESULT:time_scale:
[ 11.71033486  54.16320123 677.26301958]
22:21:27:INFO:SAVE:message:saving bunch of data...
22:21:27:INFO:SAVE:message:saving optimizer data ...
