22:07:35:INFO:GENERAL:seed:1
22:07:35:INFO:GENERAL:rho:[0.001, 0.1, 0.0001]
22:07:35:INFO:GENERAL:bounds_z:[(1e-06, 0.3), (1e-06, 0.3), (588.999411, 589.000589), (1e-06, 1800), (1e-06, 74200)]
22:07:36:INFO:OPTIMIZER:x:
[    0.02851877     0.00102996   589.00000141   900.00001043
 37099.99993802]
22:07:36:INFO:OPTIMIZER:fun:0.0017776511986385684
22:07:36:INFO:OPTIMIZER:nfev:10098
22:07:36:INFO:OPTIMIZER:nit:155
22:07:36:INFO:OPTIMIZER:message:Optimization terminated successfully.
22:07:36:INFO:OPTIMIZER:success:True
22:07:36:INFO:OPTIMIZER:constr:[array([0.])]
22:07:36:INFO:OPTIMIZER:constr_violation:0.0
22:07:36:INFO:OPTIMIZER:maxcv:0.0
22:07:36:INFO:RESULT:A:
[[-0.02851877  0.01866395  0.        ]
 [ 0.02851877 -0.01969391  0.00002499]
 [ 0.          0.00102996 -0.00002499]]
22:07:36:INFO:RESULT:m_eq:
[  589.00000141   900.00001043 37099.99993802](38588.99994986355)
22:07:36:INFO:RESULT:x_vec:
[    0.02851877     0.00102996   589.00000141   900.00001043
 37099.99993802](38589.029498586904)
22:07:36:INFO:RESULT:time_scale:
[  21.01027911 1557.86024752]
22:07:36:INFO:SAVE:message:saving bunch of data...
22:07:36:INFO:SAVE:message:saving optimizer data ...
