22:02:51:INFO:GENERAL:seed:1
22:02:51:INFO:GENERAL:rho:[0.0001, 0.0, 0.0001]
22:02:51:INFO:GENERAL:bounds_z:[(1e-06, 0.3), (1e-06, 0.3), (1e-06, 0.3), (588.999411, 589.000589), (1e-06, 1800), (1e-06, 74200), (1e-06, 1100)]
22:03:02:INFO:OPTIMIZER:x:
[   0.06022143    0.03447943    0.03406231  588.99954601  229.67116155
 1491.05583226  454.37103511]
22:03:02:INFO:OPTIMIZER:fun:0.00013348952082043413
22:03:02:INFO:OPTIMIZER:nfev:52410
22:03:02:INFO:OPTIMIZER:nit:813
22:03:02:INFO:OPTIMIZER:message:Optimization terminated successfully.
22:03:02:INFO:OPTIMIZER:success:True
22:03:02:INFO:OPTIMIZER:constr:[array([0.])]
22:03:02:INFO:OPTIMIZER:constr_violation:0.0
22:03:02:INFO:OPTIMIZER:maxcv:0.0
22:03:02:INFO:RESULT:A:
[[-0.09428374  0.15443991  0.          0.04415485]
 [ 0.06022143 -0.18891934  0.00531095  0.        ]
 [ 0.          0.03447943 -0.00531095  0.        ]
 [ 0.03406231  0.          0.         -0.04415485]]
22:03:02:INFO:RESULT:m_eq:
[ 588.99954601  229.67116155 1491.05583226  454.37103511](2764.0975749339173)
22:03:02:INFO:RESULT:x_vec:
[   0.06022143    0.03447943    0.03406231  588.99954601  229.67116155
 1491.05583226  454.37103511](2764.2263381038133)
22:03:02:INFO:RESULT:time_scale:
[  3.97412657  13.96475765 106.01708817]
22:03:02:INFO:SAVE:message:saving bunch of data...
22:03:02:INFO:SAVE:message:saving optimizer data ...
