22:08:26:INFO:GENERAL:seed:1
22:08:26:INFO:GENERAL:rho:[0.0001, 0.01, 0.01]
22:08:26:INFO:GENERAL:bounds_z:[(1e-06, 0.3), (1e-06, 0.3), (1e-06, 0.3), (588.999411, 589.000589), (1e-06, 1800), (1e-06, 74200), (1e-06, 1100)]
22:08:32:INFO:OPTIMIZER:x:
[    0.04994933     0.00983044     0.01690426   588.99992335
   166.99765363 37129.47702287   502.68857742]
22:08:32:INFO:OPTIMIZER:fun:0.0022913473631291413
22:08:32:INFO:OPTIMIZER:nfev:33950
22:08:32:INFO:OPTIMIZER:nit:532
22:08:32:INFO:OPTIMIZER:message:Optimization terminated successfully.
22:08:32:INFO:OPTIMIZER:success:True
22:08:32:INFO:OPTIMIZER:constr:[array([0.])]
22:08:32:INFO:OPTIMIZER:constr_violation:0.0
22:08:32:INFO:OPTIMIZER:maxcv:0.0
22:08:32:INFO:RESULT:A:
[[-0.06685359  0.17617103  0.          0.01980671]
 [ 0.04994933 -0.18600147  0.00004421  0.        ]
 [ 0.          0.00983044 -0.00004421  0.        ]
 [ 0.01690426  0.          0.         -0.01980671]]
22:08:32:INFO:RESULT:m_eq:
[  588.99992335   166.99765363 37129.47702287   502.68857742](38388.16317727111)
22:08:32:INFO:RESULT:x_vec:
[    0.04994933     0.00983044     0.01690426   588.99992335
   166.99765363 37129.47702287   502.68857742](38388.23986129461)
22:08:32:INFO:RESULT:time_scale:
[  4.20324352  29.82036741 793.43086596]
22:08:32:INFO:SAVE:message:saving bunch of data...
22:08:32:INFO:SAVE:message:saving optimizer data ...
