22:16:12:INFO:GENERAL:seed:1
22:16:12:INFO:GENERAL:rho:[0.001, 0.01, 0.0001]
22:16:12:INFO:GENERAL:bounds_z:[(1e-06, 0.3), (1e-06, 0.3), (1e-06, 0.3), (588.999411, 589.000589), (1e-06, 1800), (1e-06, 74200), (1e-06, 1100)]
22:16:14:INFO:OPTIMIZER:x:
[    0.0035424      0.04321175     0.03564359   589.00001662
   899.99985017 37099.99795302   549.99991567]
22:16:14:INFO:OPTIMIZER:fun:0.0010364373900413398
22:16:14:INFO:OPTIMIZER:nfev:13041
22:16:14:INFO:OPTIMIZER:nit:203
22:16:14:INFO:OPTIMIZER:message:Optimization terminated successfully.
22:16:14:INFO:OPTIMIZER:success:True
22:16:14:INFO:OPTIMIZER:constr:[array([0.])]
22:16:14:INFO:OPTIMIZER:constr_violation:0.0
22:16:14:INFO:OPTIMIZER:maxcv:0.0
22:16:14:INFO:RESULT:A:
[[-0.03918598  0.0023183   0.          0.03817105]
 [ 0.0035424  -0.04553005  0.00104826  0.        ]
 [ 0.          0.04321175 -0.00104826  0.        ]
 [ 0.03564359  0.          0.         -0.03817105]]
22:16:14:INFO:RESULT:m_eq:
[  589.00001662   899.99985017 37099.99795302   549.99991567](39138.99773548398)
22:16:14:INFO:RESULT:x_vec:
[    0.0035424      0.04321175     0.03564359   589.00001662
   899.99985017 37099.99795302   549.99991567](39139.080133215975)
22:16:14:INFO:RESULT:time_scale:
[ 13.20852069  21.51705907 570.81317345]
22:16:14:INFO:SAVE:message:saving bunch of data...
22:16:14:INFO:SAVE:message:saving optimizer data ...
