22:23:06:INFO:GENERAL:seed:1
22:23:06:INFO:GENERAL:rho:[0.0001, 0.001, 0.1]
22:23:06:INFO:GENERAL:bounds_z:[(1e-06, 0.3), (1e-06, 0.3), (1e-06, 0.3), (588.999411, 589.000589), (1e-06, 1800), (1e-06, 74200), (1e-06, 1100)]
22:23:18:INFO:OPTIMIZER:x:
[    0.02526432     0.00305617     0.0620607    588.99961005
  1014.45385936 37055.18300059   321.32002777]
22:23:18:INFO:OPTIMIZER:fun:0.00028750152615373377
22:23:18:INFO:OPTIMIZER:nfev:59523
22:23:18:INFO:OPTIMIZER:nit:923
22:23:18:INFO:OPTIMIZER:message:Optimization terminated successfully.
22:23:18:INFO:OPTIMIZER:success:True
22:23:18:INFO:OPTIMIZER:constr:[array([0.])]
22:23:18:INFO:OPTIMIZER:constr_violation:0.0
22:23:18:INFO:OPTIMIZER:maxcv:0.0
22:23:18:INFO:RESULT:A:
[[-0.08732502  0.01466866  0.          0.11376112]
 [ 0.02526432 -0.01772482  0.00008367  0.        ]
 [ 0.          0.00305617 -0.00008367  0.        ]
 [ 0.0620607   0.          0.         -0.11376112]]
22:23:18:INFO:RESULT:m_eq:
[  588.99961005  1014.45385936 37055.18300059   321.32002777](38979.95649776426)
22:23:18:INFO:RESULT:x_vec:
[    0.02526432     0.00305617     0.0620607    588.99961005
  1014.45385936 37055.18300059   321.32002777](38980.04687894975)
22:23:18:INFO:RESULT:time_scale:
[  5.36093039  32.52149066 620.75231454]
22:23:18:INFO:SAVE:message:saving bunch of data...
22:23:18:INFO:SAVE:message:saving optimizer data ...
