21:14:00:INFO:GENERAL:seed:1
21:14:00:INFO:GENERAL:rho:[0.0, 0.001, 0.01]
21:14:00:INFO:GENERAL:bounds_z:[(1e-06, 0.3), (1e-06, 0.3), (1e-06, 0.3), (588.999411, 589.000589), (1e-06, 1800), (1e-06, 74200), (1e-06, 1100)]
21:14:07:INFO:OPTIMIZER:x:
[    0.06456582     0.01114776     0.02740246   588.99968936
   278.65900714 36902.92704437   703.37145853]
21:14:07:INFO:OPTIMIZER:fun:0.0003973238095798831
21:14:07:INFO:OPTIMIZER:nfev:35441
21:14:07:INFO:OPTIMIZER:nit:552
21:14:07:INFO:OPTIMIZER:message:Optimization terminated successfully.
21:14:07:INFO:OPTIMIZER:success:True
21:14:07:INFO:OPTIMIZER:constr:[array([0.])]
21:14:07:INFO:OPTIMIZER:constr_violation:0.0
21:14:07:INFO:OPTIMIZER:maxcv:0.0
21:14:07:INFO:RESULT:A:
[[-0.09196828  0.13647235  0.          0.02294668]
 [ 0.06456582 -0.14762011  0.00008418  0.        ]
 [ 0.          0.01114776 -0.00008418  0.        ]
 [ 0.02740246  0.          0.         -0.02294668]]
21:14:07:INFO:RESULT:m_eq:
[  588.99968936   278.65900714 36902.92704437   703.37145853](38473.95719939878)
21:14:07:INFO:RESULT:x_vec:
[    0.06456582     0.01114776     0.02740246   588.99968936
   278.65900714 36902.92704437   703.37145853](38474.060315437106)
21:14:07:INFO:RESULT:time_scale:
[  4.56903759  23.88002879 532.26062687]
21:14:07:INFO:SAVE:message:saving bunch of data...
21:14:07:INFO:SAVE:message:saving optimizer data ...
