21:22:35:INFO:GENERAL:seed:1
21:22:35:INFO:GENERAL:rho:[0.0001, 0.01, 0.01]
21:22:35:INFO:GENERAL:bounds_z:[(1e-06, 0.3), (1e-06, 0.3), (588.999411, 589.000589), (1e-06, 1800), (1e-06, 74200)]
21:22:37:INFO:OPTIMIZER:x:
[    0.03377727     0.00232684   589.00058588   752.00897208
 37098.49791701]
21:22:37:INFO:OPTIMIZER:fun:0.0017510776183645726
21:22:37:INFO:OPTIMIZER:nfev:9938
21:22:37:INFO:OPTIMIZER:nit:153
21:22:37:INFO:OPTIMIZER:message:Optimization terminated successfully.
21:22:37:INFO:OPTIMIZER:success:True
21:22:37:INFO:OPTIMIZER:constr:[array([0.])]
21:22:37:INFO:OPTIMIZER:constr_violation:0.0
21:22:37:INFO:OPTIMIZER:maxcv:0.0
21:22:37:INFO:RESULT:A:
[[-0.03377727  0.02645558  0.        ]
 [ 0.03377727 -0.02878243  0.00004717]
 [ 0.          0.00232684 -0.00004717]]
21:22:37:INFO:RESULT:m_eq:
[  589.00058588   752.00897208 37098.49791701](38439.507474973085)
21:22:37:INFO:RESULT:x_vec:
[    0.03377727     0.00232684   589.00058588   752.00897208
 37098.49791701](38439.54357909177)
21:22:37:INFO:RESULT:time_scale:
[ 16.31909328 752.4724661 ]
21:22:37:INFO:SAVE:message:saving bunch of data...
21:22:37:INFO:SAVE:message:saving optimizer data ...
