22:21:18:INFO:GENERAL:seed:1
22:21:18:INFO:GENERAL:rho:[0.0, 0.001, 0.0]
22:21:18:INFO:GENERAL:bounds_z:[(1e-06, 0.3), (1e-06, 0.3), (1e-06, 0.3), (588.999411, 589.000589), (1e-06, 1800), (1e-06, 74200), (1e-06, 1100)]
22:21:22:INFO:OPTIMIZER:x:
[    0.02246289     0.00279975     0.06297381   589.00033822
  1046.1128749  37086.2647281    361.14739966]
22:21:22:INFO:OPTIMIZER:fun:0.00027328762760509104
22:21:22:INFO:OPTIMIZER:nfev:19492
22:21:22:INFO:OPTIMIZER:nit:303
22:21:22:INFO:OPTIMIZER:message:Optimization terminated successfully.
22:21:22:INFO:OPTIMIZER:success:True
22:21:22:INFO:OPTIMIZER:constr:[array([0.])]
22:21:22:INFO:OPTIMIZER:constr_violation:0.0
22:21:22:INFO:OPTIMIZER:maxcv:0.0
22:21:22:INFO:RESULT:A:
[[-0.0854367   0.01264744  0.          0.10270487]
 [ 0.02246289 -0.01544719  0.00007897  0.        ]
 [ 0.          0.00279975 -0.00007897  0.        ]
 [ 0.06297381  0.          0.         -0.10270487]]
22:21:22:INFO:RESULT:m_eq:
[  589.00033822  1046.1128749  37086.2647281    361.14739966](39082.52534088262)
22:21:22:INFO:RESULT:x_vec:
[    0.02246289     0.00279975     0.06297381   589.00033822
  1046.1128749  37086.2647281    361.14739966](39082.61357733751)
22:21:22:INFO:RESULT:time_scale:
[  5.6898554   37.80404505 682.99013292]
22:21:22:INFO:SAVE:message:saving bunch of data...
22:21:22:INFO:SAVE:message:saving optimizer data ...
