21:14:13:INFO:GENERAL:seed:1
21:14:13:INFO:GENERAL:rho:[0.0, 0.0001, 0.1]
21:14:13:INFO:GENERAL:bounds_z:[(1e-06, 0.3), (1e-06, 0.3), (1e-06, 0.3), (588.999411, 589.000589), (1e-06, 1800), (1e-06, 74200), (1e-06, 1100)]
21:14:35:INFO:OPTIMIZER:x:
[   0.06033056    0.03447663    0.0340482   589.00017766  229.50481402
 1491.4323149   454.55542074]
21:14:35:INFO:OPTIMIZER:fun:0.0001558497872730199
21:14:35:INFO:OPTIMIZER:nfev:115608
21:14:35:INFO:OPTIMIZER:nit:1798
21:14:35:INFO:OPTIMIZER:message:Optimization terminated successfully.
21:14:35:INFO:OPTIMIZER:success:True
21:14:35:INFO:OPTIMIZER:constr:[array([0.])]
21:14:35:INFO:OPTIMIZER:constr_violation:0.0
21:14:35:INFO:OPTIMIZER:maxcv:0.0
21:14:35:INFO:RESULT:A:
[[-0.09437876  0.15483209  0.          0.0441187 ]
 [ 0.06033056 -0.18930872  0.00530534  0.        ]
 [ 0.          0.03447663 -0.00530534  0.        ]
 [ 0.0340482   0.          0.         -0.0441187 ]]
21:14:35:INFO:RESULT:m_eq:
[ 589.00017766  229.50481402 1491.4323149   454.55542074](2764.492727321423)
21:14:35:INFO:RESULT:x_vec:
[   0.06033056    0.03447663    0.0340482   589.00017766  229.50481402
 1491.4323149   454.55542074](2764.621582712587)
21:14:35:INFO:RESULT:time_scale:
[  3.96648646  13.97182431 106.08258263]
21:14:35:INFO:SAVE:message:saving bunch of data...
21:14:35:INFO:SAVE:message:saving optimizer data ...
