21:12:30:INFO:GENERAL:seed:1
21:12:30:INFO:GENERAL:rho:[0.001, 0.001, 0.0]
21:12:30:INFO:GENERAL:bounds_z:[(1e-06, 0.3), (1e-06, 0.3), (1e-06, 0.3), (588.999411, 589.000589), (1e-06, 1800), (1e-06, 74200), (1e-06, 1100)]
21:12:34:INFO:OPTIMIZER:x:
[    0.0219503      0.00275106     0.06284771   589.00036389
  1052.41220626 37091.15710467   369.26548741]
21:12:34:INFO:OPTIMIZER:fun:0.0003237651828747951
21:12:34:INFO:OPTIMIZER:nfev:19643
21:12:34:INFO:OPTIMIZER:nit:306
21:12:34:INFO:OPTIMIZER:message:Optimization terminated successfully.
21:12:34:INFO:OPTIMIZER:success:True
21:12:34:INFO:OPTIMIZER:constr:[array([0.])]
21:12:34:INFO:OPTIMIZER:constr_violation:0.0
21:12:34:INFO:OPTIMIZER:maxcv:0.0
21:12:34:INFO:RESULT:A:
[[-0.084798    0.01228486  0.          0.10024582]
 [ 0.0219503  -0.01503591  0.00007806  0.        ]
 [ 0.          0.00275106 -0.00007806  0.        ]
 [ 0.06284771  0.          0.         -0.10024582]]
21:12:34:INFO:RESULT:m_eq:
[  589.00036389  1052.41220626 37091.15710467   369.26548741](39101.83516223296)
21:12:34:INFO:RESULT:x_vec:
[    0.0219503      0.00275106     0.06284771   589.00036389
  1052.41220626 37091.15710467   369.26548741](39101.922711296)
21:12:34:INFO:RESULT:time_scale:
[  5.77881223  38.94758162 696.22175789]
21:12:34:INFO:SAVE:message:saving bunch of data...
21:12:34:INFO:SAVE:message:saving optimizer data ...
