22:08:32:INFO:GENERAL:seed:1
22:08:32:INFO:GENERAL:rho:[0.0001, 0.01, 0.01]
22:08:32:INFO:GENERAL:bounds_z:[(1e-06, 0.3), (1e-06, 0.3), (588.999411, 589.000589), (1e-06, 1800), (1e-06, 74200)]
22:08:34:INFO:OPTIMIZER:x:
[    0.03377894     0.00232607   589.00058075   752.0578775
 37100.46323929]
22:08:34:INFO:OPTIMIZER:fun:0.0017510777080261865
22:08:34:INFO:OPTIMIZER:nfev:9400
22:08:34:INFO:OPTIMIZER:nit:146
22:08:34:INFO:OPTIMIZER:message:Optimization terminated successfully.
22:08:34:INFO:OPTIMIZER:success:True
22:08:34:INFO:OPTIMIZER:constr:[array([0.])]
22:08:34:INFO:OPTIMIZER:constr_violation:0.0
22:08:34:INFO:OPTIMIZER:maxcv:0.0
22:08:34:INFO:RESULT:A:
[[-0.03377894  0.02645517  0.        ]
 [ 0.03377894 -0.02878124  0.00004715]
 [ 0.          0.00232607 -0.00004715]]
22:08:34:INFO:RESULT:m_eq:
[  589.00058075   752.0578775  37100.46323929](38441.52169753913)
22:08:34:INFO:RESULT:x_vec:
[    0.03377894     0.00232607   589.00058075   752.0578775
 37100.46323929](38441.55780255173)
22:08:34:INFO:RESULT:time_scale:
[ 16.31886505 752.69588321]
22:08:34:INFO:SAVE:message:saving bunch of data...
22:08:34:INFO:SAVE:message:saving optimizer data ...
