21:21:23:INFO:GENERAL:seed:1
21:21:23:INFO:GENERAL:rho:[0.0, 0.1, 0.0001]
21:21:23:INFO:GENERAL:bounds_z:[(1e-06, 0.3), (1e-06, 0.3), (1e-06, 0.3), (588.999411, 589.000589), (1e-06, 1800), (1e-06, 74200), (1e-06, 1100)]
21:21:26:INFO:OPTIMIZER:x:
[    0.00343614     0.15083638     0.03595426   589.00000168
   899.99999426 37100.0001679    550.00000368]
21:21:26:INFO:OPTIMIZER:fun:0.0010006470995207108
21:21:26:INFO:OPTIMIZER:nfev:13739
21:21:26:INFO:OPTIMIZER:nit:213
21:21:26:INFO:OPTIMIZER:message:Optimization terminated successfully.
21:21:26:INFO:OPTIMIZER:success:True
21:21:26:INFO:OPTIMIZER:constr:[array([0.])]
21:21:26:INFO:OPTIMIZER:constr_violation:0.0
21:21:26:INFO:OPTIMIZER:maxcv:0.0
21:21:26:INFO:RESULT:A:
[[-0.0393904   0.00224877  0.          0.03850374]
 [ 0.00343614 -0.15308515  0.0036591   0.        ]
 [ 0.          0.15083638 -0.0036591   0.        ]
 [ 0.03595426  0.          0.         -0.03850374]]
21:21:26:INFO:RESULT:m_eq:
[  589.00000168   899.99999426 37100.0001679    550.00000368](39139.00016752789)
21:21:26:INFO:RESULT:x_vec:
[    0.00343614     0.15083638     0.03595426   589.00000168
   899.99999426 37100.0001679    550.00000368](39139.19039430954)
21:21:26:INFO:RESULT:time_scale:
[  6.379049    13.13875824 566.72652902]
21:21:26:INFO:SAVE:message:saving bunch of data...
21:21:26:INFO:SAVE:message:saving optimizer data ...
