22:03:09:INFO:GENERAL:seed:1
22:03:09:INFO:GENERAL:rho:[0.0001, 0.001, 0.0001]
22:03:09:INFO:GENERAL:bounds_z:[(1e-06, 0.3), (1e-06, 0.3), (588.999411, 589.000589), (1e-06, 1800), (1e-06, 74200)]
22:03:10:INFO:OPTIMIZER:x:
[    0.06853387     0.00422545   588.99952166   937.72323041
 37053.82986117]
22:03:10:INFO:OPTIMIZER:fun:0.0007776937794685007
22:03:10:INFO:OPTIMIZER:nfev:9139
22:03:10:INFO:OPTIMIZER:nit:142
22:03:10:INFO:OPTIMIZER:message:Optimization terminated successfully.
22:03:10:INFO:OPTIMIZER:success:True
22:03:10:INFO:OPTIMIZER:constr:[array([0.])]
22:03:10:INFO:OPTIMIZER:constr_violation:0.0
22:03:10:INFO:OPTIMIZER:maxcv:0.0
22:03:10:INFO:RESULT:A:
[[-0.06853387  0.04304726  0.        ]
 [ 0.06853387 -0.04727271  0.00010693]
 [ 0.          0.00422545 -0.00010693]]
22:03:10:INFO:RESULT:m_eq:
[  588.99952166   937.72323041 37053.82986117](38580.552613237225)
22:03:10:INFO:RESULT:x_vec:
[    0.06853387     0.00422545   588.99952166   937.72323041
 37053.82986117](38580.62537255772)
22:03:10:INFO:RESULT:time_scale:
[  8.82993387 375.60306625]
22:03:10:INFO:SAVE:message:saving bunch of data...
22:03:10:INFO:SAVE:message:saving optimizer data ...
