21:23:43:INFO:GENERAL:seed:1
21:23:43:INFO:GENERAL:rho:[0.1, 0.0001, 0.1]
21:23:43:INFO:GENERAL:bounds_z:[(1e-06, 0.3), (1e-06, 0.3), (588.999411, 589.000589), (1e-06, 1800), (1e-06, 74200)]
21:23:44:INFO:OPTIMIZER:x:
[    0.02983032     0.00234323   588.99993607   758.81853806
 37511.51120511]
21:23:44:INFO:OPTIMIZER:fun:0.003178337247461746
21:23:44:INFO:OPTIMIZER:nfev:8105
21:23:44:INFO:OPTIMIZER:nit:126
21:23:44:INFO:OPTIMIZER:message:Optimization terminated successfully.
21:23:44:INFO:OPTIMIZER:success:True
21:23:44:INFO:OPTIMIZER:constr:[array([0.])]
21:23:44:INFO:OPTIMIZER:constr_violation:0.0
21:23:44:INFO:OPTIMIZER:maxcv:0.0
21:23:44:INFO:RESULT:A:
[[-0.02983032  0.02315449  0.        ]
 [ 0.02983032 -0.02549772  0.0000474 ]
 [ 0.          0.00234323 -0.0000474 ]]
21:23:44:INFO:RESULT:m_eq:
[  588.99993607   758.81853806 37511.51120511](38859.32967924066)
21:23:44:INFO:RESULT:x_vec:
[    0.02983032     0.00234323   588.99993607   758.81853806
 37511.51120511](38859.36185279094)
21:23:44:INFO:RESULT:time_scale:
[ 18.50639486 746.23263993]
21:23:44:INFO:SAVE:message:saving bunch of data...
21:23:44:INFO:SAVE:message:saving optimizer data ...
