22:07:52:INFO:GENERAL:seed:1
22:07:52:INFO:GENERAL:rho:[0.01, 0.0001, 0.001]
22:07:52:INFO:GENERAL:bounds_z:[(1e-06, 0.3), (1e-06, 0.3), (588.999411, 589.000589), (1e-06, 1800), (1e-06, 74200)]
22:07:54:INFO:OPTIMIZER:x:
[  0.05300447   0.01407148 588.99989525 433.33870943 780.77945518]
22:07:54:INFO:OPTIMIZER:fun:0.0007774445650688175
22:07:54:INFO:OPTIMIZER:nfev:15688
22:07:54:INFO:OPTIMIZER:nit:243
22:07:54:INFO:OPTIMIZER:message:Optimization terminated successfully.
22:07:54:INFO:OPTIMIZER:success:True
22:07:54:INFO:OPTIMIZER:constr:[array([0.])]
22:07:54:INFO:OPTIMIZER:constr_violation:0.0
22:07:54:INFO:OPTIMIZER:maxcv:0.0
22:07:54:INFO:RESULT:A:
[[-0.05300447  0.0720444   0.        ]
 [ 0.05300447 -0.08611588  0.00780978]
 [ 0.          0.01407148 -0.00780978]]
22:07:54:INFO:RESULT:m_eq:
[588.99989525 433.33870943 780.77945518](1803.1180598630149)
22:07:54:INFO:RESULT:x_vec:
[  0.05300447   0.01407148 588.99989525 433.33870943 780.77945518](1803.1851358126419)
22:07:54:INFO:RESULT:time_scale:
[ 7.45800939 77.84468337]
22:07:54:INFO:SAVE:message:saving bunch of data...
22:07:54:INFO:SAVE:message:saving optimizer data ...
