22:21:26:INFO:GENERAL:seed:1
22:21:26:INFO:GENERAL:rho:[0.0, 0.01, 0.0001]
22:21:26:INFO:GENERAL:bounds_z:[(1e-06, 0.3), (1e-06, 0.3), (588.999411, 589.000589), (1e-06, 1800), (1e-06, 74200)]
22:21:28:INFO:OPTIMIZER:x:
[    0.07115896     0.00457866   588.99997571   900.0000669
 37100.00155999]
22:21:28:INFO:OPTIMIZER:fun:0.0007951920037074777
22:21:28:INFO:OPTIMIZER:nfev:9107
22:21:28:INFO:OPTIMIZER:nit:142
22:21:28:INFO:OPTIMIZER:message:Optimization terminated successfully.
22:21:28:INFO:OPTIMIZER:success:True
22:21:28:INFO:OPTIMIZER:constr:[array([0.])]
22:21:28:INFO:OPTIMIZER:constr_violation:0.0
22:21:28:INFO:OPTIMIZER:maxcv:0.0
22:21:28:INFO:RESULT:A:
[[-0.07115896  0.04656958  0.        ]
 [ 0.07115896 -0.05114824  0.00011107]
 [ 0.          0.00457866 -0.00011107]]
22:21:28:INFO:RESULT:m_eq:
[  588.99997571   900.0000669  37100.00155999](38589.00160260295)
22:21:28:INFO:RESULT:x_vec:
[    0.07115896     0.00457866   588.99997571   900.0000669
 37100.00155999](38589.07734022182)
22:21:28:INFO:RESULT:time_scale:
[  8.36229589 352.87192276]
22:21:28:INFO:SAVE:message:saving bunch of data...
22:21:28:INFO:SAVE:message:saving optimizer data ...
