21:22:38:INFO:GENERAL:seed:1
21:22:38:INFO:GENERAL:rho:[0.0001, 0.001, 0.01]
21:22:38:INFO:GENERAL:bounds_z:[(1e-06, 0.3), (1e-06, 0.3), (588.999411, 589.000589), (1e-06, 1800), (1e-06, 74200)]
21:22:39:INFO:OPTIMIZER:x:
[    0.04125869     0.0038358    589.00058024   620.44444062
 36947.5303702 ]
21:22:39:INFO:OPTIMIZER:fun:0.0009706875516011105
21:22:39:INFO:OPTIMIZER:nfev:8567
21:22:39:INFO:OPTIMIZER:nit:133
21:22:39:INFO:OPTIMIZER:message:Optimization terminated successfully.
21:22:39:INFO:OPTIMIZER:success:True
21:22:39:INFO:OPTIMIZER:constr:[array([0.])]
21:22:39:INFO:OPTIMIZER:constr_violation:0.0
21:22:39:INFO:OPTIMIZER:maxcv:0.0
21:22:39:INFO:RESULT:A:
[[-0.04125869  0.03916771  0.        ]
 [ 0.04125869 -0.04300351  0.00006441]
 [ 0.          0.0038358  -0.00006441]]
21:22:39:INFO:RESULT:m_eq:
[  589.00058024   620.44444062 36947.5303702 ](38156.97539105277)
21:22:39:INFO:RESULT:x_vec:
[    0.04125869     0.0038358    589.00058024   620.44444062
 36947.5303702 ](38157.02048553922)
21:22:39:INFO:RESULT:time_scale:
[ 12.1445136  503.80226797]
21:22:39:INFO:SAVE:message:saving bunch of data...
21:22:39:INFO:SAVE:message:saving optimizer data ...
