22:07:08:INFO:GENERAL:seed:1
22:07:08:INFO:GENERAL:rho:[0.0, 0.01, 0.0]
22:07:08:INFO:GENERAL:bounds_z:[(1e-06, 0.3), (1e-06, 0.3), (588.999411, 589.000589), (1e-06, 1800), (1e-06, 74200)]
22:07:09:INFO:OPTIMIZER:x:
[    0.03380479     0.00233255   589.0005857    751.44162572
 37099.90263274]
22:07:09:INFO:OPTIMIZER:fun:0.0017489896751233208
22:07:09:INFO:OPTIMIZER:nfev:9182
22:07:09:INFO:OPTIMIZER:nit:143
22:07:09:INFO:OPTIMIZER:message:Optimization terminated successfully.
22:07:09:INFO:OPTIMIZER:success:True
22:07:09:INFO:OPTIMIZER:constr:[array([0.])]
22:07:09:INFO:OPTIMIZER:constr_violation:0.0
22:07:09:INFO:OPTIMIZER:maxcv:0.0
22:07:09:INFO:RESULT:A:
[[-0.03380479  0.02649712  0.        ]
 [ 0.03380479 -0.02882968  0.00004724]
 [ 0.          0.00233255 -0.00004724]]
22:07:09:INFO:RESULT:m_eq:
[  589.0005857    751.44162572 37099.90263274](38440.344844152976)
22:07:09:INFO:RESULT:x_vec:
[    0.03380479     0.00233255   589.0005857    751.44162572
 37099.90263274](38440.38098149925)
22:07:09:INFO:RESULT:time_scale:
[ 16.29991745 750.91358294]
22:07:09:INFO:SAVE:message:saving bunch of data...
22:07:09:INFO:SAVE:message:saving optimizer data ...
