22:16:04:INFO:GENERAL:seed:1
22:16:04:INFO:GENERAL:rho:[0.001, 0.0001, 0.0001]
22:16:04:INFO:GENERAL:bounds_z:[(1e-06, 0.3), (1e-06, 0.3), (588.999411, 589.000589), (1e-06, 1800), (1e-06, 74200)]
22:16:07:INFO:OPTIMIZER:x:
[  0.05678712   0.01622382 589.00051542 405.40394331 786.18272211]
22:16:07:INFO:OPTIMIZER:fun:0.00031160412061292237
22:16:07:INFO:OPTIMIZER:nfev:15394
22:16:07:INFO:OPTIMIZER:nit:237
22:16:07:INFO:OPTIMIZER:message:Optimization terminated successfully.
22:16:07:INFO:OPTIMIZER:success:True
22:16:07:INFO:OPTIMIZER:constr:[array([0.])]
22:16:07:INFO:OPTIMIZER:constr_violation:0.0
22:16:07:INFO:OPTIMIZER:maxcv:0.0
22:16:07:INFO:RESULT:A:
[[-0.05678712  0.08250448  0.        ]
 [ 0.05678712 -0.0987283   0.00836599]
 [ 0.          0.01622382 -0.00836599]]
22:16:07:INFO:RESULT:m_eq:
[589.00051542 405.40394331 786.18272211](1780.5871808299908)
22:16:07:INFO:RESULT:x_vec:
[  0.05678712   0.01622382 589.00051542 405.40394331 786.18272211](1780.6601917695316)
22:16:07:INFO:RESULT:time_scale:
[ 6.66810528 71.87119504]
22:16:07:INFO:SAVE:message:saving bunch of data...
22:16:07:INFO:SAVE:message:saving optimizer data ...
