21:22:23:INFO:GENERAL:seed:1
21:22:23:INFO:GENERAL:rho:[0.1, 0.0, 0.01]
21:22:23:INFO:GENERAL:bounds_z:[(1e-06, 0.3), (1e-06, 0.3), (588.999411, 589.000589), (1e-06, 1800), (1e-06, 74200)]
21:22:25:INFO:OPTIMIZER:x:
[    0.02989684     0.00235746   588.99996543   756.93994803
 74199.80342181]
21:22:25:INFO:OPTIMIZER:fun:0.003171951053798362
21:22:25:INFO:OPTIMIZER:nfev:8698
21:22:25:INFO:OPTIMIZER:nit:135
21:22:25:INFO:OPTIMIZER:message:Optimization terminated successfully.
21:22:25:INFO:OPTIMIZER:success:True
21:22:25:INFO:OPTIMIZER:constr:[array([0.])]
21:22:25:INFO:OPTIMIZER:constr_violation:0.0
21:22:25:INFO:OPTIMIZER:maxcv:0.0
21:22:25:INFO:RESULT:A:
[[-0.02989684  0.02326371  0.        ]
 [ 0.02989684 -0.02562117  0.00002405]
 [ 0.          0.00235746 -0.00002405]]
21:22:25:INFO:RESULT:m_eq:
[  588.99996543   756.93994803 74199.80342181](75545.74333526654)
21:22:25:INFO:RESULT:x_vec:
[    0.02989684     0.00235746   588.99996543   756.93994803
 74199.80342181](75545.7755895595)
21:22:25:INFO:RESULT:time_scale:
[ 18.44387457 755.56430257]
21:22:25:INFO:SAVE:message:saving bunch of data...
21:22:25:INFO:SAVE:message:saving optimizer data ...
