21:12:43:INFO:GENERAL:seed:1
21:12:43:INFO:GENERAL:rho:[0.0001, 0.1, 0.0]
21:12:43:INFO:GENERAL:bounds_z:[(1e-06, 0.3), (1e-06, 0.3), (588.999411, 589.000589), (1e-06, 1800), (1e-06, 74200)]
21:12:45:INFO:OPTIMIZER:x:
[    0.07113522     0.00457938   588.99999636   900.00000358
 37099.99995717]
21:12:45:INFO:OPTIMIZER:fun:0.0007992718063807365
21:12:45:INFO:OPTIMIZER:nfev:9906
21:12:45:INFO:OPTIMIZER:nit:155
21:12:45:INFO:OPTIMIZER:message:Optimization terminated successfully.
21:12:45:INFO:OPTIMIZER:success:True
21:12:45:INFO:OPTIMIZER:constr:[array([0.])]
21:12:45:INFO:OPTIMIZER:constr_violation:0.0
21:12:45:INFO:OPTIMIZER:maxcv:0.0
21:12:45:INFO:RESULT:A:
[[-0.07113522  0.04655405  0.        ]
 [ 0.07113522 -0.05113343  0.00011109]
 [ 0.          0.00457938 -0.00011109]]
21:12:45:INFO:RESULT:m_eq:
[  588.99999636   900.00000358 37099.99995717](38588.99995711028)
21:12:45:INFO:RESULT:x_vec:
[    0.07113522     0.00457938   588.99999636   900.00000358
 37099.99995717](38589.07567171668)
21:12:45:INFO:RESULT:time_scale:
[  8.36502075 352.81867088]
21:12:45:INFO:SAVE:message:saving bunch of data...
21:12:45:INFO:SAVE:message:saving optimizer data ...
