22:07:26:INFO:GENERAL:seed:1
22:07:26:INFO:GENERAL:rho:[0.0, 0.1, 0.0001]
22:07:26:INFO:GENERAL:bounds_z:[(1e-06, 0.3), (1e-06, 0.3), (588.999411, 589.000589), (1e-06, 1800), (1e-06, 74200)]
22:07:28:INFO:OPTIMIZER:x:
[    0.02854517     0.00102937   589.00000088   899.99997997
 37099.99990285]
22:07:28:INFO:OPTIMIZER:fun:0.0017615657799430143
22:07:28:INFO:OPTIMIZER:nfev:9618
22:07:28:INFO:OPTIMIZER:nit:148
22:07:28:INFO:OPTIMIZER:message:Optimization terminated successfully.
22:07:28:INFO:OPTIMIZER:success:True
22:07:28:INFO:OPTIMIZER:constr:[array([0.])]
22:07:28:INFO:OPTIMIZER:constr_violation:0.0
22:07:28:INFO:OPTIMIZER:maxcv:0.0
22:07:28:INFO:RESULT:A:
[[-0.02854517  0.01868123  0.        ]
 [ 0.02854517 -0.0197106   0.00002497]
 [ 0.          0.00102937 -0.00002497]]
22:07:28:INFO:RESULT:m_eq:
[  589.00000088   899.99997997 37099.99990285](38588.99988369644)
22:07:28:INFO:RESULT:x_vec:
[    0.02854517     0.00102937   589.00000088   899.99997997
 37099.99990285](38589.02945824102)
22:07:28:INFO:RESULT:time_scale:
[  20.99111817 1558.72599921]
22:07:28:INFO:SAVE:message:saving bunch of data...
22:07:28:INFO:SAVE:message:saving optimizer data ...
