22:16:38:INFO:GENERAL:seed:1
22:16:38:INFO:GENERAL:rho:[0.1, 0.01, 0.001]
22:16:38:INFO:GENERAL:bounds_z:[(1e-06, 0.3), (1e-06, 0.3), (1e-06, 0.3), (588.999411, 589.000589), (1e-06, 1800), (1e-06, 74200), (1e-06, 1100)]
22:16:40:INFO:OPTIMIZER:x:
[    0.00445373     0.00022016     0.02635423   589.00000411
   899.99970196 37100.02888068   550.00018479]
22:16:40:INFO:OPTIMIZER:fun:0.003621032189573079
22:16:40:INFO:OPTIMIZER:nfev:12107
22:16:40:INFO:OPTIMIZER:nit:206
22:16:40:INFO:OPTIMIZER:message:Optimization terminated successfully.
22:16:40:INFO:OPTIMIZER:success:True
22:16:40:INFO:OPTIMIZER:constr:[array([0.])]
22:16:40:INFO:OPTIMIZER:constr_violation:0.0
22:16:40:INFO:OPTIMIZER:maxcv:0.0
22:16:40:INFO:RESULT:A:
[[-0.03080796  0.00291472  0.          0.02822298]
 [ 0.00445373 -0.00313487  0.00000534  0.        ]
 [ 0.          0.00022016 -0.00000534  0.        ]
 [ 0.02635423  0.          0.         -0.02822298]]
22:16:40:INFO:RESULT:m_eq:
[  589.00000411   899.99970196 37100.02888068   550.00018479](39139.02877154002)
22:16:40:INFO:RESULT:x_vec:
[    0.00445373     0.00022016     0.02635423   589.00000411
   899.99970196 37100.02888068   550.00018479](39139.05979965665)
22:16:40:INFO:RESULT:time_scale:
[  17.5607177   195.08928984 9998.4431437 ]
22:16:40:INFO:SAVE:message:saving bunch of data...
22:16:40:INFO:SAVE:message:saving optimizer data ...
