21:22:10:INFO:GENERAL:seed:1
21:22:10:INFO:GENERAL:rho:[0.0, 0.0, 0.01]
21:22:10:INFO:GENERAL:bounds_z:[(1e-06, 0.3), (1e-06, 0.3), (588.999411, 589.000589), (1e-06, 1800), (1e-06, 74200)]
21:22:12:INFO:OPTIMIZER:x:
[  0.05729125   0.01650987 588.99959947 401.96870216 787.0745721 ]
21:22:12:INFO:OPTIMIZER:fun:0.00021914651307080332
21:22:12:INFO:OPTIMIZER:nfev:14370
21:22:12:INFO:OPTIMIZER:nit:224
21:22:12:INFO:OPTIMIZER:message:Optimization terminated successfully.
21:22:12:INFO:OPTIMIZER:success:True
21:22:12:INFO:OPTIMIZER:constr:[array([0.])]
21:22:12:INFO:OPTIMIZER:constr_violation:0.0
21:22:12:INFO:OPTIMIZER:maxcv:0.0
21:22:12:INFO:RESULT:A:
[[-0.05729125  0.08394814  0.        ]
 [ 0.05729125 -0.10045801  0.00843179]
 [ 0.          0.01650987 -0.00843179]]
21:22:12:INFO:RESULT:m_eq:
[588.99959947 401.96870216 787.0745721 ](1778.0428737279626)
21:22:12:INFO:RESULT:x_vec:
[  0.05729125   0.01650987 588.99959947 401.96870216 787.0745721 ](1778.1166748483042)
21:22:12:INFO:RESULT:time_scale:
[ 6.57307077 71.1989183 ]
21:22:12:INFO:SAVE:message:saving bunch of data...
21:22:12:INFO:SAVE:message:saving optimizer data ...
