22:16:37:INFO:GENERAL:seed:1
22:16:37:INFO:GENERAL:rho:[0.01, 0.0001, 0.001]
22:16:37:INFO:GENERAL:bounds_z:[(1e-06, 0.3), (1e-06, 0.3), (588.999411, 589.000589), (1e-06, 1800), (1e-06, 74200)]
22:16:40:INFO:OPTIMIZER:x:
[  0.05300572   0.01406879 589.00027138 433.35287297 780.85783109]
22:16:40:INFO:OPTIMIZER:fun:0.0007774445639553409
22:16:40:INFO:OPTIMIZER:nfev:15525
22:16:40:INFO:OPTIMIZER:nit:243
22:16:40:INFO:OPTIMIZER:message:Optimization terminated successfully.
22:16:40:INFO:OPTIMIZER:success:True
22:16:40:INFO:OPTIMIZER:constr:[array([0.])]
22:16:40:INFO:OPTIMIZER:constr_violation:0.0
22:16:40:INFO:OPTIMIZER:maxcv:0.0
22:16:40:INFO:RESULT:A:
[[-0.05300572  0.07204379  0.        ]
 [ 0.05300572 -0.08611258  0.00780776]
 [ 0.          0.01406879 -0.00780776]]
22:16:40:INFO:RESULT:m_eq:
[589.00027138 433.35287297 780.85783109](1803.210975433467)
22:16:40:INFO:RESULT:x_vec:
[  0.05300572   0.01406879 589.00027138 433.35287297 780.85783109](1803.2780499427427)
22:16:40:INFO:RESULT:time_scale:
[ 7.45808828 77.86073712]
22:16:40:INFO:SAVE:message:saving bunch of data...
22:16:40:INFO:SAVE:message:saving optimizer data ...
