21:21:33:INFO:GENERAL:seed:1
21:21:33:INFO:GENERAL:rho:[0.0, 0.0, 0.001]
21:21:33:INFO:GENERAL:bounds_z:[(1e-06, 0.3), (1e-06, 0.3), (588.999411, 589.000589), (1e-06, 1800), (1e-06, 74200)]
21:21:36:INFO:OPTIMIZER:x:
[  0.05729219   0.01651051 588.99994282 401.96283888 787.07892712]
21:21:36:INFO:OPTIMIZER:fun:0.00021914651645493888
21:21:36:INFO:OPTIMIZER:nfev:14197
21:21:36:INFO:OPTIMIZER:nit:221
21:21:36:INFO:OPTIMIZER:message:Optimization terminated successfully.
21:21:36:INFO:OPTIMIZER:success:True
21:21:36:INFO:OPTIMIZER:constr:[array([0.])]
21:21:36:INFO:OPTIMIZER:constr_violation:0.0
21:21:36:INFO:OPTIMIZER:maxcv:0.0
21:21:36:INFO:RESULT:A:
[[-0.05729219  0.08395078  0.        ]
 [ 0.05729219 -0.10046129  0.00843195]
 [ 0.          0.01651051 -0.00843195]]
21:21:36:INFO:RESULT:m_eq:
[588.99994282 401.96283888 787.07892712](1778.0417088180623)
21:21:36:INFO:RESULT:x_vec:
[  0.05729219   0.01651051 588.99994282 401.96283888 787.07892712](1778.1155115143388)
21:21:36:INFO:RESULT:time_scale:
[ 6.57289501 71.19734232]
21:21:36:INFO:SAVE:message:saving bunch of data...
21:21:36:INFO:SAVE:message:saving optimizer data ...
