22:21:33:INFO:GENERAL:seed:1
22:21:33:INFO:GENERAL:rho:[0.0001, 0.1, 0.0001]
22:21:33:INFO:GENERAL:bounds_z:[(1e-06, 0.3), (1e-06, 0.3), (1e-06, 0.3), (588.999411, 589.000589), (1e-06, 1800), (1e-06, 74200), (1e-06, 1100)]
22:21:36:INFO:OPTIMIZER:x:
[    0.01480999     0.00464477     0.05971331   588.99999866
   900.00001104 37099.99971226   550.00000373]
22:21:36:INFO:OPTIMIZER:fun:0.0005365181280010956
22:21:36:INFO:OPTIMIZER:nfev:13909
22:21:36:INFO:OPTIMIZER:nit:213
22:21:36:INFO:OPTIMIZER:message:Optimization terminated successfully.
22:21:36:INFO:OPTIMIZER:success:True
22:21:36:INFO:OPTIMIZER:constr:[array([0.])]
22:21:36:INFO:OPTIMIZER:constr_violation:0.0
22:21:36:INFO:OPTIMIZER:maxcv:0.0
22:21:36:INFO:RESULT:A:
[[-0.07452329  0.00969231  0.          0.06394752]
 [ 0.01480999 -0.01433708  0.00011268  0.        ]
 [ 0.          0.00464477 -0.00011268  0.        ]
 [ 0.05971331  0.          0.         -0.06394752]]
22:21:36:INFO:RESULT:m_eq:
[  588.99999866   900.00001104 37099.99971226   550.00000373](39138.99972569559)
22:21:36:INFO:RESULT:x_vec:
[    0.01480999     0.00464477     0.05971331   588.99999866
   900.00001104 37099.99971226   550.00000373](39139.07889375912)
22:21:36:INFO:RESULT:time_scale:
[  7.58030395  52.18075226 544.78427531]
22:21:36:INFO:SAVE:message:saving bunch of data...
22:21:36:INFO:SAVE:message:saving optimizer data ...
