22:15:39:INFO:GENERAL:seed:1
22:15:39:INFO:GENERAL:rho:[0.1, 0.1, 0.0]
22:15:39:INFO:GENERAL:bounds_z:[(1e-06, 0.3), (1e-06, 0.3), (588.999411, 589.000589), (1e-06, 1800), (1e-06, 74200)]
22:15:41:INFO:OPTIMIZER:x:
[    0.02583816     0.00108026   589.00000428   899.99995848
 37099.99954266]
22:15:41:INFO:OPTIMIZER:fun:0.003292894985991029
22:15:41:INFO:OPTIMIZER:nfev:9375
22:15:41:INFO:OPTIMIZER:nit:146
22:15:41:INFO:OPTIMIZER:message:Optimization terminated successfully.
22:15:41:INFO:OPTIMIZER:success:True
22:15:41:INFO:OPTIMIZER:constr:[array([0.])]
22:15:41:INFO:OPTIMIZER:constr_violation:0.0
22:15:41:INFO:OPTIMIZER:maxcv:0.0
22:15:41:INFO:RESULT:A:
[[-0.02583816  0.01690964  0.        ]
 [ 0.02583816 -0.01798991  0.00002621]
 [ 0.          0.00108026 -0.00002621]]
22:15:41:INFO:RESULT:m_eq:
[  589.00000428   899.99995848 37099.99954266](38588.99950541753)
22:15:41:INFO:RESULT:x_vec:
[    0.02583816     0.00108026   589.00000428   899.99995848
 37099.99954266](38589.026423842726)
22:15:41:INFO:RESULT:time_scale:
[  23.15782462 1487.3775319 ]
22:15:41:INFO:SAVE:message:saving bunch of data...
22:15:41:INFO:SAVE:message:saving optimizer data ...
