22:07:48:INFO:GENERAL:seed:1
22:07:48:INFO:GENERAL:rho:[0.01, 0.01, 0.001]
22:07:48:INFO:GENERAL:bounds_z:[(1e-06, 0.3), (1e-06, 0.3), (588.999411, 589.000589), (1e-06, 1800), (1e-06, 74200)]
22:07:50:INFO:OPTIMIZER:x:
[    0.02822269     0.00103521   589.00056399   899.99699686
 37100.01361358]
22:07:50:INFO:OPTIMIZER:fun:0.0019216219054990586
22:07:50:INFO:OPTIMIZER:nfev:11173
22:07:50:INFO:OPTIMIZER:nit:173
22:07:50:INFO:OPTIMIZER:message:Optimization terminated successfully.
22:07:50:INFO:OPTIMIZER:success:True
22:07:50:INFO:OPTIMIZER:constr:[array([0.])]
22:07:50:INFO:OPTIMIZER:constr_violation:0.0
22:07:50:INFO:OPTIMIZER:maxcv:0.0
22:07:50:INFO:RESULT:A:
[[-0.02822269  0.01847026  0.        ]
 [ 0.02822269 -0.01950547  0.00002511]
 [ 0.          0.00103521 -0.00002511]]
22:07:50:INFO:RESULT:m_eq:
[  589.00056399   899.99699686 37100.01361358](38589.01117442608)
22:07:50:INFO:RESULT:x_vec:
[    0.02822269     0.00103521   589.00056399   899.99699686
 37100.01361358](38589.0404323229)
22:07:50:INFO:RESULT:time_scale:
[  21.22773683 1550.16959086]
22:07:50:INFO:SAVE:message:saving bunch of data...
22:07:50:INFO:SAVE:message:saving optimizer data ...
