21:12:29:INFO:GENERAL:seed:1
21:12:29:INFO:GENERAL:rho:[0.01, 0.01, 0.0]
21:12:29:INFO:GENERAL:bounds_z:[(1e-06, 0.3), (1e-06, 0.3), (588.999411, 589.000589), (1e-06, 1800), (1e-06, 74200)]
21:12:31:INFO:OPTIMIZER:x:
[    0.06943518     0.0045952    588.9999623    900.00005725
 37099.99782473]
21:12:31:INFO:OPTIMIZER:fun:0.0011984631058375348
21:12:31:INFO:OPTIMIZER:nfev:8914
21:12:31:INFO:OPTIMIZER:nit:138
21:12:31:INFO:OPTIMIZER:message:Optimization terminated successfully.
21:12:31:INFO:OPTIMIZER:success:True
21:12:31:INFO:OPTIMIZER:constr:[array([0.])]
21:12:31:INFO:OPTIMIZER:constr_violation:0.0
21:12:31:INFO:OPTIMIZER:maxcv:0.0
21:12:31:INFO:RESULT:A:
[[-0.06943518  0.04544146  0.        ]
 [ 0.06943518 -0.05003666  0.00011147]
 [ 0.          0.0045952  -0.00011147]]
21:12:31:INFO:RESULT:m_eq:
[  588.9999623    900.00005725 37099.99782473](38588.99784428235)
21:12:31:INFO:RESULT:x_vec:
[    0.06943518     0.0045952    588.9999623    900.00005725
 37099.99782473](38589.0718746631)
21:12:31:INFO:RESULT:time_scale:
[  8.56600902 351.76116967]
21:12:31:INFO:SAVE:message:saving bunch of data...
21:12:31:INFO:SAVE:message:saving optimizer data ...
