22:20:52:INFO:GENERAL:seed:1
22:20:52:INFO:GENERAL:rho:[0.01, 0.1, 0.0]
22:20:52:INFO:GENERAL:bounds_z:[(1e-06, 0.3), (1e-06, 0.3), (1e-06, 0.3), (588.999411, 589.000589), (1e-06, 1800), (1e-06, 74200), (1e-06, 1100)]
22:20:55:INFO:OPTIMIZER:x:
[    0.01481009     0.00460945     0.05780851   589.00000325
   899.99998986 37100.00069707   550.00000336]
22:20:55:INFO:OPTIMIZER:fun:0.0008532962751814405
22:20:55:INFO:OPTIMIZER:nfev:13685
22:20:55:INFO:OPTIMIZER:nit:210
22:20:55:INFO:OPTIMIZER:message:Optimization terminated successfully.
22:20:55:INFO:OPTIMIZER:success:True
22:20:55:INFO:OPTIMIZER:constr:[array([0.])]
22:20:55:INFO:OPTIMIZER:constr_violation:0.0
22:20:55:INFO:OPTIMIZER:maxcv:0.0
22:20:55:INFO:RESULT:A:
[[-0.0726186   0.00969238  0.          0.06190766]
 [ 0.01481009 -0.01430183  0.00011182  0.        ]
 [ 0.          0.00460945 -0.00011182  0.        ]
 [ 0.05780851  0.          0.         -0.06190766]]
22:20:55:INFO:RESULT:m_eq:
[  589.00000325   899.99998986 37100.00069707   550.00000336](39139.00069354861)
22:20:55:INFO:RESULT:x_vec:
[    0.01481009     0.00460945     0.05780851   589.00000325
   899.99998986 37100.00069707   550.00000336](39139.077921600525)
22:20:55:INFO:RESULT:time_scale:
[  7.81151659  52.35489106 548.42919057]
22:20:55:INFO:SAVE:message:saving bunch of data...
22:20:55:INFO:SAVE:message:saving optimizer data ...
