22:16:24:INFO:GENERAL:seed:1
22:16:24:INFO:GENERAL:rho:[0.0001, 0.01, 0.001]
22:16:24:INFO:GENERAL:bounds_z:[(1e-06, 0.3), (1e-06, 0.3), (1e-06, 0.3), (588.999411, 589.000589), (1e-06, 1800), (1e-06, 74200), (1e-06, 1100)]
22:16:26:INFO:OPTIMIZER:x:
[    0.00350398     0.06482657     0.03552827   589.00045793
   899.99998775 37100.00891966   549.99957111]
22:16:26:INFO:OPTIMIZER:fun:0.0017774624729517065
22:16:26:INFO:OPTIMIZER:nfev:12272
22:16:26:INFO:OPTIMIZER:nit:189
22:16:26:INFO:OPTIMIZER:message:Optimization terminated successfully.
22:16:26:INFO:OPTIMIZER:success:True
22:16:26:INFO:OPTIMIZER:constr:[array([0.])]
22:16:26:INFO:OPTIMIZER:constr_violation:0.0
22:16:26:INFO:OPTIMIZER:maxcv:0.0
22:16:26:INFO:RESULT:A:
[[-0.03903224  0.00229316  0.          0.0380476 ]
 [ 0.00350398 -0.06711973  0.00157261  0.        ]
 [ 0.          0.06482657 -0.00157261  0.        ]
 [ 0.03552827  0.          0.         -0.0380476 ]]
22:16:26:INFO:RESULT:m_eq:
[  589.00045793   899.99998775 37100.00891966   549.99957111](39139.0089364465)
22:16:26:INFO:RESULT:x_vec:
[    0.00350398     0.06482657     0.03552827   589.00045793
   899.99998775 37100.00891966   549.99957111](39139.11279525859)
22:16:26:INFO:RESULT:time_scale:
[ 13.18117706  14.67506866 567.0070281 ]
22:16:26:INFO:SAVE:message:saving bunch of data...
22:16:26:INFO:SAVE:message:saving optimizer data ...
