22:05:48:INFO:GENERAL:seed:1
22:05:48:INFO:GENERAL:rho:[0.1, 0.0001, 0.1]
22:05:48:INFO:GENERAL:bounds_z:[(1e-06, 0.3), (1e-06, 0.3), (1e-06, 0.3), (588.999411, 589.000589), (1e-06, 1800), (1e-06, 74200), (1e-06, 1100)]
22:05:57:INFO:OPTIMIZER:x:
[    0.02144914     0.00340059     0.02510111   589.0001224
   833.22373612 37734.16111366   495.21398805]
22:05:57:INFO:OPTIMIZER:fun:0.0038974139636551884
22:05:57:INFO:OPTIMIZER:nfev:45244
22:05:57:INFO:OPTIMIZER:nit:702
22:05:57:INFO:OPTIMIZER:message:Optimization terminated successfully.
22:05:57:INFO:OPTIMIZER:success:True
22:05:57:INFO:OPTIMIZER:constr:[array([0.])]
22:05:57:INFO:OPTIMIZER:constr_violation:0.0
22:05:57:INFO:OPTIMIZER:maxcv:0.0
22:05:57:INFO:RESULT:A:
[[-0.04655025  0.01516225  0.          0.02985489]
 [ 0.02144914 -0.01856284  0.00007509  0.        ]
 [ 0.          0.00340059 -0.00007509  0.        ]
 [ 0.02510111  0.          0.         -0.02985489]]
22:05:57:INFO:RESULT:m_eq:
[  589.0001224    833.22373612 37734.16111366   495.21398805](39651.59896023792)
22:05:57:INFO:RESULT:x_vec:
[    0.02144914     0.00340059     0.02510111   589.0001224
   833.22373612 37734.16111366   495.21398805](39651.64891108356)
22:05:57:INFO:RESULT:time_scale:
[ 14.08881809  44.16790833 702.28360753]
22:05:57:INFO:SAVE:message:saving bunch of data...
22:05:57:INFO:SAVE:message:saving optimizer data ...
