22:23:33:INFO:GENERAL:seed:1
22:23:33:INFO:GENERAL:rho:[0.001, 0.0001, 0.1]
22:23:33:INFO:GENERAL:bounds_z:[(1e-06, 0.3), (1e-06, 0.3), (588.999411, 589.000589), (1e-06, 1800), (1e-06, 74200)]
22:23:35:INFO:OPTIMIZER:x:
[   0.08036786    0.01230758  589.00051555  718.35797567 1273.78078036]
22:23:35:INFO:OPTIMIZER:fun:0.00036209692962572016
22:23:35:INFO:OPTIMIZER:nfev:15485
22:23:35:INFO:OPTIMIZER:nit:241
22:23:35:INFO:OPTIMIZER:message:Optimization terminated successfully.
22:23:35:INFO:OPTIMIZER:success:True
22:23:35:INFO:OPTIMIZER:constr:[array([0.])]
22:23:35:INFO:OPTIMIZER:constr_violation:0.0
22:23:35:INFO:OPTIMIZER:maxcv:0.0
22:23:35:INFO:RESULT:A:
[[-0.08036786  0.06589571  0.        ]
 [ 0.08036786 -0.07820329  0.00694095]
 [ 0.          0.01230758 -0.00694095]]
22:23:35:INFO:RESULT:m_eq:
[ 589.00051555  718.35797567 1273.78078036](2581.1392715808042)
22:23:35:INFO:RESULT:x_vec:
[   0.08036786    0.01230758  589.00051555  718.35797567 1273.78078036](2581.2319470180414)
22:23:35:INFO:RESULT:time_scale:
[ 6.56355369 76.01321381]
22:23:35:INFO:SAVE:message:saving bunch of data...
22:23:35:INFO:SAVE:message:saving optimizer data ...
