22:15:58:INFO:GENERAL:seed:1
22:15:58:INFO:GENERAL:rho:[0.001, 0.0, 0.0001]
22:15:58:INFO:GENERAL:bounds_z:[(1e-06, 0.3), (1e-06, 0.3), (1e-06, 0.3), (588.999411, 589.000589), (1e-06, 1800), (1e-06, 74200), (1e-06, 1100)]
22:16:07:INFO:OPTIMIZER:x:
[  0.01649373   0.00547687   0.04558366 589.00012509 609.54355942
 550.53245968 193.97720726]
22:16:07:INFO:OPTIMIZER:fun:0.00017756884373592338
22:16:07:INFO:OPTIMIZER:nfev:44981
22:16:07:INFO:OPTIMIZER:nit:702
22:16:07:INFO:OPTIMIZER:message:Optimization terminated successfully.
22:16:07:INFO:OPTIMIZER:success:True
22:16:07:INFO:OPTIMIZER:constr:[array([0.])]
22:16:07:INFO:OPTIMIZER:constr_violation:0.0
22:16:07:INFO:OPTIMIZER:maxcv:0.0
22:16:07:INFO:RESULT:A:
[[-0.06207739  0.01593784  0.          0.13841205]
 [ 0.01649373 -0.02141472  0.00606393  0.        ]
 [ 0.          0.00547687 -0.00606393  0.        ]
 [ 0.04558366  0.          0.         -0.13841205]]
22:16:07:INFO:RESULT:m_eq:
[589.00012509 609.54355942 550.53245968 193.97720726](1943.0533514552874)
22:16:07:INFO:RESULT:x_vec:
[  0.01649373   0.00547687   0.04558366 589.00012509 609.54355942
 550.53245968 193.97720726](1943.120905722265)
22:16:07:INFO:RESULT:time_scale:
[  5.29609138  31.44636153 136.06513319]
22:16:07:INFO:SAVE:message:saving bunch of data...
22:16:07:INFO:SAVE:message:saving optimizer data ...
