21:22:23:INFO:GENERAL:seed:1
21:22:23:INFO:GENERAL:rho:[0.0, 0.001, 0.01]
21:22:23:INFO:GENERAL:bounds_z:[(1e-06, 0.3), (1e-06, 0.3), (1e-06, 0.3), (588.999411, 589.000589), (1e-06, 1800), (1e-06, 74200), (1e-06, 1100)]
21:22:30:INFO:OPTIMIZER:x:
[    0.05106939     0.01030613     0.01700307   589.00015284
   165.50718388 37124.69062873   490.84388626]
21:22:30:INFO:OPTIMIZER:fun:0.00043718974261867797
21:22:30:INFO:OPTIMIZER:nfev:35892
21:22:30:INFO:OPTIMIZER:nit:558
21:22:30:INFO:OPTIMIZER:message:Optimization terminated successfully.
21:22:30:INFO:OPTIMIZER:success:True
21:22:30:INFO:OPTIMIZER:constr:[array([0.])]
21:22:30:INFO:OPTIMIZER:constr_violation:0.0
21:22:30:INFO:OPTIMIZER:maxcv:0.0
21:22:30:INFO:RESULT:A:
[[-0.06807246  0.18174363  0.          0.02040325]
 [ 0.05106939 -0.19204977  0.00004595  0.        ]
 [ 0.          0.01030613 -0.00004595  0.        ]
 [ 0.01700307  0.          0.         -0.02040325]]
21:22:30:INFO:RESULT:m_eq:
[  589.00015284   165.50718388 37124.69062873   490.84388626](38370.0418517148)
21:22:30:INFO:RESULT:x_vec:
[    0.05106939     0.01030613     0.01700307   589.00015284
   165.50718388 37124.69062873   490.84388626](38370.12023030436)
21:22:30:INFO:RESULT:time_scale:
[  4.08197449  29.18012535 756.41021887]
21:22:30:INFO:SAVE:message:saving bunch of data...
21:22:30:INFO:SAVE:message:saving optimizer data ...
