22:17:06:INFO:GENERAL:seed:1
22:17:06:INFO:GENERAL:rho:[0.0, 0.0001, 0.01]
22:17:06:INFO:GENERAL:bounds_z:[(1e-06, 0.3), (1e-06, 0.3), (1e-06, 0.3), (588.999411, 589.000589), (1e-06, 1800), (1e-06, 74200), (1e-06, 1100)]
22:17:14:INFO:OPTIMIZER:x:
[    0.01607576     0.00235919     0.04737645   589.00032774
   694.21091419 36689.31108688   191.55236979]
22:17:14:INFO:OPTIMIZER:fun:0.00016601433759557736
22:17:14:INFO:OPTIMIZER:nfev:37640
22:17:14:INFO:OPTIMIZER:nit:582
22:17:14:INFO:OPTIMIZER:message:Optimization terminated successfully.
22:17:14:INFO:OPTIMIZER:success:True
22:17:14:INFO:OPTIMIZER:constr:[array([0.])]
22:17:14:INFO:OPTIMIZER:constr_violation:0.0
22:17:14:INFO:OPTIMIZER:maxcv:0.0
22:17:14:INFO:RESULT:A:
[[-0.06345221  0.01363941  0.          0.14567684]
 [ 0.01607576 -0.0159986   0.00004464  0.        ]
 [ 0.          0.00235919 -0.00004464  0.        ]
 [ 0.04737645  0.          0.         -0.14567684]]
22:17:14:INFO:RESULT:m_eq:
[  589.00032774   694.21091419 36689.31108688   191.55236979](38164.07469860153)
22:17:14:INFO:RESULT:x_vec:
[    0.01607576     0.00235919     0.04737645   589.00032774
   694.21091419 36689.31108688   191.55236979](38164.140509997)
22:17:14:INFO:RESULT:time_scale:
[  5.06087166  37.76509041 910.42618654]
22:17:14:INFO:SAVE:message:saving bunch of data...
22:17:14:INFO:SAVE:message:saving optimizer data ...
