21:22:20:INFO:GENERAL:seed:1
21:22:20:INFO:GENERAL:rho:[0.1, 0.1, 0.01]
21:22:20:INFO:GENERAL:bounds_z:[(1e-06, 0.3), (1e-06, 0.3), (588.999411, 589.000589), (1e-06, 1800), (1e-06, 74200)]
21:22:21:INFO:OPTIMIZER:x:
[    0.02584612     0.00108031   589.00000126   899.99999459
 37099.99923374]
21:22:21:INFO:OPTIMIZER:fun:0.0032928941730202012
21:22:21:INFO:OPTIMIZER:nfev:8805
21:22:21:INFO:OPTIMIZER:nit:136
21:22:21:INFO:OPTIMIZER:message:Optimization terminated successfully.
21:22:21:INFO:OPTIMIZER:success:True
21:22:21:INFO:OPTIMIZER:constr:[array([0.])]
21:22:21:INFO:OPTIMIZER:constr_violation:0.0
21:22:21:INFO:OPTIMIZER:maxcv:0.0
21:22:21:INFO:RESULT:A:
[[-0.02584612  0.01691485  0.        ]
 [ 0.02584612 -0.01799516  0.00002621]
 [ 0.          0.00108031 -0.00002621]]
21:22:21:INFO:RESULT:m_eq:
[  589.00000126   899.99999459 37099.99923374](38588.99922958233)
21:22:21:INFO:RESULT:x_vec:
[    0.02584612     0.00108031   589.00000126   899.99999459
 37099.99923374](38589.026156012595)
21:22:21:INFO:RESULT:time_scale:
[  23.15075656 1487.3101177 ]
21:22:21:INFO:SAVE:message:saving bunch of data...
21:22:21:INFO:SAVE:message:saving optimizer data ...
