21:12:40:INFO:GENERAL:seed:1
21:12:40:INFO:GENERAL:rho:[0.0001, 0.0, 0.0]
21:12:40:INFO:GENERAL:bounds_z:[(1e-06, 0.3), (1e-06, 0.3), (588.999411, 589.000589), (1e-06, 1800), (1e-06, 74200)]
21:12:43:INFO:OPTIMIZER:x:
[   0.08076163    0.01247059  588.99975025  714.56127254 1272.59511896]
21:12:43:INFO:OPTIMIZER:fun:0.0002793519289647479
21:12:43:INFO:OPTIMIZER:nfev:13259
21:12:43:INFO:OPTIMIZER:nit:206
21:12:43:INFO:OPTIMIZER:message:Optimization terminated successfully.
21:12:43:INFO:OPTIMIZER:success:True
21:12:43:INFO:OPTIMIZER:constr:[array([0.])]
21:12:43:INFO:OPTIMIZER:constr_violation:0.0
21:12:43:INFO:OPTIMIZER:maxcv:0.0
21:12:43:INFO:RESULT:A:
[[-0.08076163  0.06657033  0.        ]
 [ 0.08076163 -0.07904093  0.00700223]
 [ 0.          0.01247059 -0.00700223]]
21:12:43:INFO:RESULT:m_eq:
[ 588.99975025  714.56127254 1272.59511896](2576.1561417434937)
21:12:43:INFO:RESULT:x_vec:
[   0.08076163    0.01247059  588.99975025  714.56127254 1272.59511896](2576.249373969948)
21:12:43:INFO:RESULT:time_scale:
[ 6.51360268 75.30166313]
21:12:43:INFO:SAVE:message:saving bunch of data...
21:12:43:INFO:SAVE:message:saving optimizer data ...
