21:22:51:INFO:GENERAL:seed:1
21:22:51:INFO:GENERAL:rho:[0.0001, 0.1, 0.1]
21:22:51:INFO:GENERAL:bounds_z:[(1e-06, 0.3), (1e-06, 0.3), (1e-06, 0.3), (588.999411, 589.000589), (1e-06, 1800), (1e-06, 74200), (1e-06, 1100)]
21:23:01:INFO:OPTIMIZER:x:
[    0.00874867     0.00021792     0.00912104   589.00001226
   900.00004153 37099.99934485   550.0000508 ]
21:23:01:INFO:OPTIMIZER:fun:0.004111929178144019
21:23:01:INFO:OPTIMIZER:nfev:39491
21:23:01:INFO:OPTIMIZER:nit:746
21:23:01:INFO:OPTIMIZER:message:Optimization terminated successfully.
21:23:01:INFO:OPTIMIZER:success:True
21:23:01:INFO:OPTIMIZER:constr:[array([0.])]
21:23:01:INFO:OPTIMIZER:constr_violation:0.0
21:23:01:INFO:OPTIMIZER:maxcv:0.0
21:23:01:INFO:RESULT:A:
[[-0.01786971  0.00572552  0.          0.0097678 ]
 [ 0.00874867 -0.00594344  0.00000529  0.        ]
 [ 0.          0.00021792 -0.00000529  0.        ]
 [ 0.00912104  0.          0.         -0.0097678 ]]
21:23:01:INFO:RESULT:m_eq:
[  589.00001226   900.00004153 37099.99934485   550.0000508 ](39138.99944943809)
21:23:01:INFO:RESULT:x_vec:
[    0.00874867     0.00021792     0.00912104   589.00001226
   900.00004153 37099.99934485   550.0000508 ](39139.017537069296)
21:23:01:INFO:RESULT:time_scale:
[  38.60765092  131.84552184 9999.68331967]
21:23:01:INFO:SAVE:message:saving bunch of data...
21:23:01:INFO:SAVE:message:saving optimizer data ...
