21:20:54:INFO:GENERAL:seed:1
21:20:54:INFO:GENERAL:rho:[0.01, 0.1, 0.0]
21:20:54:INFO:GENERAL:bounds_z:[(1e-06, 0.3), (1e-06, 0.3), (588.999411, 589.000589), (1e-06, 1800), (1e-06, 74200)]
21:20:55:INFO:OPTIMIZER:x:
[    0.02822089     0.00103447   589.00000792   899.99998825
 37100.00077153]
21:20:55:INFO:OPTIMIZER:fun:0.0019216246813336263
21:20:55:INFO:OPTIMIZER:nfev:8584
21:20:55:INFO:OPTIMIZER:nit:135
21:20:55:INFO:OPTIMIZER:message:Optimization terminated successfully.
21:20:55:INFO:OPTIMIZER:success:True
21:20:55:INFO:OPTIMIZER:constr:[array([0.])]
21:20:55:INFO:OPTIMIZER:constr_violation:0.0
21:20:55:INFO:OPTIMIZER:maxcv:0.0
21:20:55:INFO:RESULT:A:
[[-0.02822089  0.01846901  0.        ]
 [ 0.02822089 -0.01950347  0.00002509]
 [ 0.          0.00103447 -0.00002509]]
21:20:55:INFO:RESULT:m_eq:
[  589.00000792   899.99998825 37100.00077153](38589.00076770162)
21:20:55:INFO:RESULT:x_vec:
[    0.02822089     0.00103447   589.00000792   899.99998825
 37100.00077153](38589.03002305981)
21:20:55:INFO:RESULT:time_scale:
[  21.22924591 1551.27563616]
21:20:55:INFO:SAVE:message:saving bunch of data...
21:20:55:INFO:SAVE:message:saving optimizer data ...
