22:08:27:INFO:GENERAL:seed:1
22:08:27:INFO:GENERAL:rho:[0.0, 0.0001, 0.1]
22:08:27:INFO:GENERAL:bounds_z:[(1e-06, 0.3), (1e-06, 0.3), (1e-06, 0.3), (588.999411, 589.000589), (1e-06, 1800), (1e-06, 74200), (1e-06, 1100)]
22:08:40:INFO:OPTIMIZER:x:
[    0.05115468     0.01035624     0.01701567   588.99981504
   165.38069009 37232.65477765   489.545957  ]
22:08:40:INFO:OPTIMIZER:fun:0.00025192844676155457
22:08:40:INFO:OPTIMIZER:nfev:71364
22:08:40:INFO:OPTIMIZER:nit:1119
22:08:40:INFO:OPTIMIZER:message:Optimization terminated successfully.
22:08:40:INFO:OPTIMIZER:success:True
22:08:40:INFO:OPTIMIZER:constr:[array([0.])]
22:08:40:INFO:OPTIMIZER:constr_violation:0.0
22:08:40:INFO:OPTIMIZER:maxcv:0.0
22:08:40:INFO:RESULT:A:
[[-0.06817035  0.18218632  0.          0.02047249]
 [ 0.05115468 -0.19254256  0.000046    0.        ]
 [ 0.          0.01035624 -0.000046    0.        ]
 [ 0.01701567  0.          0.         -0.02047249]]
22:08:40:INFO:RESULT:m_eq:
[  588.99981504   165.38069009 37232.65477765   489.545957  ](38476.58123977034)
22:08:40:INFO:RESULT:x_vec:
[    0.05115468     0.01035624     0.01701567   588.99981504
   165.38069009 37232.65477765   489.545957  ](38476.65976636389)
22:08:40:INFO:RESULT:time_scale:
[  4.07251749  29.10835661 752.64235877]
22:08:40:INFO:SAVE:message:saving bunch of data...
22:08:40:INFO:SAVE:message:saving optimizer data ...
