21:21:57:INFO:GENERAL:seed:1
21:21:57:INFO:GENERAL:rho:[0.1, 0.001, 0.001]
21:21:57:INFO:GENERAL:bounds_z:[(1e-06, 0.3), (1e-06, 0.3), (1e-06, 0.3), (588.999411, 589.000589), (1e-06, 1800), (1e-06, 74200), (1e-06, 1100)]
21:22:00:INFO:OPTIMIZER:x:
[    0.00532395     0.00020422     0.02713038   589.00012811
   964.29505256 37097.38835695   486.3638765 ]
21:22:00:INFO:OPTIMIZER:fun:0.003600220937739475
21:22:00:INFO:OPTIMIZER:nfev:13025
21:22:00:INFO:OPTIMIZER:nit:244
21:22:00:INFO:OPTIMIZER:message:Optimization terminated successfully.
21:22:00:INFO:OPTIMIZER:success:True
21:22:00:INFO:OPTIMIZER:constr:[array([0.])]
21:22:00:INFO:OPTIMIZER:constr_violation:0.0
21:22:00:INFO:OPTIMIZER:maxcv:0.0
21:22:00:INFO:RESULT:A:
[[-0.03245433  0.00325192  0.          0.03285565]
 [ 0.00532395 -0.00345614  0.00000531  0.        ]
 [ 0.          0.00020422 -0.00000531  0.        ]
 [ 0.02713038  0.          0.         -0.03285565]]
21:22:00:INFO:RESULT:m_eq:
[  589.00012811   964.29505256 37097.38835695   486.3638765 ](39137.04741411595)
21:22:00:INFO:RESULT:x_vec:
[    0.00532395     0.00020422     0.02713038   589.00012811
   964.29505256 37097.38835695   486.3638765 ](39137.080072669145)
21:22:00:INFO:RESULT:time_scale:
[  15.95981859  166.27707162 9998.84958568]
21:22:00:INFO:SAVE:message:saving bunch of data...
21:22:00:INFO:SAVE:message:saving optimizer data ...
