22:04:53:INFO:GENERAL:seed:1
22:04:53:INFO:GENERAL:rho:[0.001, 0.01, 0.1]
22:04:53:INFO:GENERAL:bounds_z:[(1e-06, 0.3), (1e-06, 0.3), (1e-06, 0.3), (588.999411, 589.000589), (1e-06, 1800), (1e-06, 74200), (1e-06, 1100)]
22:05:05:INFO:OPTIMIZER:x:
[    0.02579959     0.0034956      0.05843039   589.00046972
   957.16569671 37085.16314769   330.13212079]
22:05:05:INFO:OPTIMIZER:fun:0.0012800281573028798
22:05:05:INFO:OPTIMIZER:nfev:64192
22:05:05:INFO:OPTIMIZER:nit:998
22:05:05:INFO:OPTIMIZER:message:Optimization terminated successfully.
22:05:05:INFO:OPTIMIZER:success:True
22:05:05:INFO:OPTIMIZER:constr:[array([0.])]
22:05:05:INFO:OPTIMIZER:constr_violation:0.0
22:05:05:INFO:OPTIMIZER:maxcv:0.0
22:05:05:INFO:RESULT:A:
[[-0.08422998  0.01587601  0.          0.10424774]
 [ 0.02579959 -0.0193716   0.00009022  0.        ]
 [ 0.          0.0034956  -0.00009022  0.        ]
 [ 0.05843039  0.          0.         -0.10424774]]
22:05:05:INFO:RESULT:m_eq:
[  589.00046972   957.16569671 37085.16314769   330.13212079](38961.46143490146)
22:05:05:INFO:RESULT:x_vec:
[    0.02579959     0.0034956      0.05843039   589.00046972
   957.16569671 37085.16314769   330.13212079](38961.549160477676)
22:05:05:INFO:RESULT:time_scale:
[  5.74413276  31.17178593 565.42916726]
22:05:05:INFO:SAVE:message:saving bunch of data...
22:05:05:INFO:SAVE:message:saving optimizer data ...
