22:02:30:INFO:GENERAL:seed:1
22:02:30:INFO:GENERAL:rho:[0.0001, 0.001, 0.0]
22:02:30:INFO:GENERAL:bounds_z:[(1e-06, 0.3), (1e-06, 0.3), (588.999411, 589.000589), (1e-06, 1800), (1e-06, 74200)]
22:02:31:INFO:OPTIMIZER:x:
[    0.06853594     0.00422601   588.99952351   937.68427839
 37051.33768256]
22:02:31:INFO:OPTIMIZER:fun:0.0007776937915348538
22:02:31:INFO:OPTIMIZER:nfev:9008
22:02:31:INFO:OPTIMIZER:nit:140
22:02:31:INFO:OPTIMIZER:message:Optimization terminated successfully.
22:02:31:INFO:OPTIMIZER:success:True
22:02:31:INFO:OPTIMIZER:constr:[array([0.])]
22:02:31:INFO:OPTIMIZER:constr_violation:0.0
22:02:31:INFO:OPTIMIZER:maxcv:0.0
22:02:31:INFO:RESULT:A:
[[-0.06853594  0.04305035  0.        ]
 [ 0.06853594 -0.04727636  0.00010695]
 [ 0.          0.00422601 -0.00010695]]
22:02:31:INFO:RESULT:m_eq:
[  588.99952351   937.68427839 37051.33768256](38578.02148445484)
22:02:31:INFO:RESULT:x_vec:
[    0.06853594     0.00422601   588.99952351   937.68427839
 37051.33768256](38578.094246400164)
22:02:31:INFO:RESULT:time_scale:
[  8.82951126 375.55957798]
22:02:31:INFO:SAVE:message:saving bunch of data...
22:02:31:INFO:SAVE:message:saving optimizer data ...
