21:22:05:INFO:GENERAL:seed:1
21:22:05:INFO:GENERAL:rho:[0.01, 0.0, 0.001]
21:22:05:INFO:GENERAL:bounds_z:[(1e-06, 0.3), (1e-06, 0.3), (588.999411, 589.000589), (1e-06, 1800), (1e-06, 74200)]
21:22:08:INFO:OPTIMIZER:x:
[  0.05303906   0.01409581 589.00002686 433.01131253 780.80620438]
21:22:08:INFO:OPTIMIZER:fun:0.000740515116158439
21:22:08:INFO:OPTIMIZER:nfev:14516
21:22:08:INFO:OPTIMIZER:nit:227
21:22:08:INFO:OPTIMIZER:message:Optimization terminated successfully.
21:22:08:INFO:OPTIMIZER:success:True
21:22:08:INFO:OPTIMIZER:constr:[array([0.])]
21:22:08:INFO:OPTIMIZER:constr_violation:0.0
21:22:08:INFO:OPTIMIZER:maxcv:0.0
21:22:08:INFO:RESULT:A:
[[-0.05303906  0.07214593  0.        ]
 [ 0.05303906 -0.08624174  0.00781711]
 [ 0.          0.01409581 -0.00781711]]
21:22:08:INFO:RESULT:m_eq:
[589.00002686 433.01131253 780.80620438](1802.8175437737113)
21:22:08:INFO:RESULT:x_vec:
[  0.05303906   0.01409581 589.00002686 433.01131253 780.80620438](1802.884678638451)
21:22:08:INFO:RESULT:time_scale:
[ 7.44942114 77.76481796]
21:22:08:INFO:SAVE:message:saving bunch of data...
21:22:08:INFO:SAVE:message:saving optimizer data ...
