21:22:31:INFO:GENERAL:seed:1
21:22:31:INFO:GENERAL:rho:[0.0001, 0.001, 0.01]
21:22:31:INFO:GENERAL:bounds_z:[(1e-06, 0.3), (1e-06, 0.3), (1e-06, 0.3), (588.999411, 589.000589), (1e-06, 1800), (1e-06, 74200), (1e-06, 1100)]
21:22:38:INFO:OPTIMIZER:x:
[    0.05093038     0.01030007     0.01700226   589.00016498
   165.58230799 37148.34240481   490.89349504]
21:22:38:INFO:OPTIMIZER:fun:0.00044419528648473387
21:22:38:INFO:OPTIMIZER:nfev:33789
21:22:38:INFO:OPTIMIZER:nit:528
21:22:38:INFO:OPTIMIZER:message:Optimization terminated successfully.
21:22:38:INFO:OPTIMIZER:success:True
21:22:38:INFO:OPTIMIZER:constr:[array([0.])]
21:22:38:INFO:OPTIMIZER:constr_violation:0.0
21:22:38:INFO:OPTIMIZER:maxcv:0.0
21:22:38:INFO:RESULT:A:
[[-0.06793264  0.18116671  0.          0.02040022]
 [ 0.05093038 -0.19146678  0.00004591  0.        ]
 [ 0.          0.01030007 -0.00004591  0.        ]
 [ 0.01700226  0.          0.         -0.02040022]]
21:22:38:INFO:RESULT:m_eq:
[  589.00016498   165.58230799 37148.34240481   490.89349504](38393.818372825284)
21:22:38:INFO:RESULT:x_vec:
[    0.05093038     0.01030007     0.01700226   589.00016498
   165.58230799 37148.34240481   490.89349504](38393.89660553444)
21:22:38:INFO:RESULT:time_scale:
[  4.09398814  29.18567637 756.67605379]
21:22:38:INFO:SAVE:message:saving bunch of data...
21:22:38:INFO:SAVE:message:saving optimizer data ...
