22:04:07:INFO:GENERAL:seed:1
22:04:07:INFO:GENERAL:rho:[0.0, 0.001, 0.01]
22:04:07:INFO:GENERAL:bounds_z:[(1e-06, 0.3), (1e-06, 0.3), (588.999411, 589.000589), (1e-06, 1800), (1e-06, 74200)]
22:04:09:INFO:OPTIMIZER:x:
[   0.08056573    0.01234392  588.99989478  717.32909663 1274.13452692]
22:04:09:INFO:OPTIMIZER:fun:0.0006028372674137859
22:04:09:INFO:OPTIMIZER:nfev:11065
22:04:09:INFO:OPTIMIZER:nit:173
22:04:09:INFO:OPTIMIZER:message:Optimization terminated successfully.
22:04:09:INFO:OPTIMIZER:success:True
22:04:09:INFO:OPTIMIZER:constr:[array([0.])]
22:04:09:INFO:OPTIMIZER:constr_violation:0.0
22:04:09:INFO:OPTIMIZER:maxcv:0.0
22:04:09:INFO:RESULT:A:
[[-0.08056573  0.06615263  0.        ]
 [ 0.08056573 -0.07849655  0.00694954]
 [ 0.          0.01234392 -0.00694954]]
22:04:09:INFO:RESULT:m_eq:
[ 588.99989478  717.32909663 1274.13452692](2580.4635183362457)
22:04:09:INFO:RESULT:x_vec:
[   0.08056573    0.01234392  588.99989478  717.32909663 1274.13452692](2580.556427981452)
22:04:09:INFO:RESULT:time_scale:
[ 6.54307844 75.88084154]
22:04:09:INFO:SAVE:message:saving bunch of data...
22:04:09:INFO:SAVE:message:saving optimizer data ...
