22:08:08:INFO:GENERAL:seed:1
22:08:08:INFO:GENERAL:rho:[0.1, 0.0, 0.001]
22:08:08:INFO:GENERAL:bounds_z:[(1e-06, 0.3), (1e-06, 0.3), (588.999411, 589.000589), (1e-06, 1800), (1e-06, 74200)]
22:08:09:INFO:OPTIMIZER:x:
[    0.02989874     0.00235806   588.99979501   756.90300155
 74198.92713917]
22:08:09:INFO:OPTIMIZER:fun:0.0031719510053079265
22:08:09:INFO:OPTIMIZER:nfev:9080
22:08:09:INFO:OPTIMIZER:nit:141
22:08:09:INFO:OPTIMIZER:message:Optimization terminated successfully.
22:08:09:INFO:OPTIMIZER:success:True
22:08:09:INFO:OPTIMIZER:constr:[array([0.])]
22:08:09:INFO:OPTIMIZER:constr_violation:0.0
22:08:09:INFO:OPTIMIZER:maxcv:0.0
22:08:09:INFO:RESULT:A:
[[-0.02989874  0.02326632  0.        ]
 [ 0.02989874 -0.02562438  0.00002405]
 [ 0.          0.00235806 -0.00002405]]
22:08:09:INFO:RESULT:m_eq:
[  588.99979501   756.90300155 74198.92713917](75544.82993573151)
22:08:09:INFO:RESULT:x_vec:
[    0.02989874     0.00235806   588.99979501   756.90300155
 74198.92713917](75544.86219252969)
22:08:09:INFO:RESULT:time_scale:
[ 18.44223777 755.38968953]
22:08:09:INFO:SAVE:message:saving bunch of data...
22:08:09:INFO:SAVE:message:saving optimizer data ...
