22:16:01:INFO:GENERAL:seed:1
22:16:01:INFO:GENERAL:rho:[0.1, 0.001, 0.0001]
22:16:01:INFO:GENERAL:bounds_z:[(1e-06, 0.3), (1e-06, 0.3), (588.999411, 589.000589), (1e-06, 1800), (1e-06, 74200)]
22:16:03:INFO:OPTIMIZER:x:
[    0.02915037     0.00214244   588.99974975   779.122234
 37128.57498138]
22:16:03:INFO:OPTIMIZER:fun:0.0032221299428940122
22:16:03:INFO:OPTIMIZER:nfev:7803
22:16:03:INFO:OPTIMIZER:nit:121
22:16:03:INFO:OPTIMIZER:message:Optimization terminated successfully.
22:16:03:INFO:OPTIMIZER:success:True
22:16:03:INFO:OPTIMIZER:constr:[array([0.])]
22:16:03:INFO:OPTIMIZER:constr_violation:0.0
22:16:03:INFO:OPTIMIZER:maxcv:0.0
22:16:03:INFO:RESULT:A:
[[-0.02915037  0.02203706  0.        ]
 [ 0.02915037 -0.0241795   0.00004496]
 [ 0.          0.00214244 -0.00004496]]
22:16:03:INFO:RESULT:m_eq:
[  588.99974975   779.122234   37128.57498138](38496.69696514051)
22:16:03:INFO:RESULT:x_vec:
[    0.02915037     0.00214244   588.99974975   779.122234
 37128.57498138](38496.72825795585)
22:16:03:INFO:RESULT:time_scale:
[ 19.18180853 805.08543559]
22:16:03:INFO:SAVE:message:saving bunch of data...
22:16:03:INFO:SAVE:message:saving optimizer data ...
