22:04:14:INFO:GENERAL:seed:1
22:04:14:INFO:GENERAL:rho:[0.0, 0.0001, 0.1]
22:04:14:INFO:GENERAL:bounds_z:[(1e-06, 0.3), (1e-06, 0.3), (1e-06, 0.3), (588.999411, 589.000589), (1e-06, 1800), (1e-06, 74200), (1e-06, 1100)]
22:04:34:INFO:OPTIMIZER:x:
[   0.06032474    0.03449116    0.03405133  589.00040848  229.48172715
 1491.21639784  454.49106946]
22:04:34:INFO:OPTIMIZER:fun:0.00015584978215894282
22:04:34:INFO:OPTIMIZER:nfev:109985
22:04:34:INFO:OPTIMIZER:nit:1710
22:04:34:INFO:OPTIMIZER:message:Optimization terminated successfully.
22:04:34:INFO:OPTIMIZER:success:True
22:04:34:INFO:OPTIMIZER:constr:[array([0.])]
22:04:34:INFO:OPTIMIZER:constr_violation:0.0
22:04:34:INFO:OPTIMIZER:maxcv:0.0
22:04:34:INFO:RESULT:A:
[[-0.09437607  0.15483279  0.          0.04412903]
 [ 0.06032474 -0.18932395  0.00530781  0.        ]
 [ 0.          0.03449116 -0.00530781  0.        ]
 [ 0.03405133  0.          0.         -0.04412903]]
22:04:34:INFO:RESULT:m_eq:
[ 589.00040848  229.48172715 1491.21639784  454.49106946](2764.1896029325007)
22:04:34:INFO:RESULT:x_vec:
[   0.06032474    0.03449116    0.03405133  589.00040848  229.48172715
 1491.21639784  454.49106946](2764.3184701633527)
22:04:34:INFO:RESULT:time_scale:
[  3.96637425  13.96893233 106.04454831]
22:04:34:INFO:SAVE:message:saving bunch of data...
22:04:34:INFO:SAVE:message:saving optimizer data ...
