22:02:36:INFO:GENERAL:seed:1
22:02:36:INFO:GENERAL:rho:[0.1, 0.01, 0.0]
22:02:36:INFO:GENERAL:bounds_z:[(1e-06, 0.3), (1e-06, 0.3), (1e-06, 0.3), (588.999411, 589.000589), (1e-06, 1800), (1e-06, 74200), (1e-06, 1100)]
22:02:38:INFO:OPTIMIZER:x:
[    0.01556926     0.00366935     0.03726969   588.99978898
   900.00009108 37100.01040835   549.99978601]
22:02:38:INFO:OPTIMIZER:fun:0.003762499995929364
22:02:38:INFO:OPTIMIZER:nfev:12653
22:02:38:INFO:OPTIMIZER:nit:196
22:02:38:INFO:OPTIMIZER:message:Optimization terminated successfully.
22:02:38:INFO:OPTIMIZER:success:True
22:02:38:INFO:OPTIMIZER:constr:[array([0.])]
22:02:38:INFO:OPTIMIZER:constr_violation:0.0
22:02:38:INFO:OPTIMIZER:maxcv:0.0
22:02:38:INFO:RESULT:A:
[[-0.05283895  0.01018921  0.          0.03991245]
 [ 0.01556926 -0.01385856  0.00008901  0.        ]
 [ 0.          0.00366935 -0.00008901  0.        ]
 [ 0.03726969  0.          0.         -0.03991245]]
22:02:38:INFO:RESULT:m_eq:
[  588.99978898   900.00009108 37100.01040835   549.99978601](39139.01007442431)
22:02:38:INFO:RESULT:x_vec:
[    0.01556926     0.00366935     0.03726969   588.99978898
   900.00009108 37100.01040835   549.99978601](39139.066582727406)
22:02:38:INFO:RESULT:time_scale:
[ 11.52545866  54.25860279 664.77013615]
22:02:38:INFO:SAVE:message:saving bunch of data...
22:02:38:INFO:SAVE:message:saving optimizer data ...
