22:08:09:INFO:GENERAL:seed:1
22:08:09:INFO:GENERAL:rho:[0.1, 0.1, 0.01]
22:08:09:INFO:GENERAL:bounds_z:[(1e-06, 0.3), (1e-06, 0.3), (1e-06, 0.3), (588.999411, 589.000589), (1e-06, 1800), (1e-06, 74200), (1e-06, 1100)]
22:08:13:INFO:OPTIMIZER:x:
[    0.00824406     0.00021812     0.00857164   589.0000194
   900.00001457 37100.00267662   549.99995894]
22:08:13:INFO:OPTIMIZER:fun:0.004924743062677707
22:08:13:INFO:OPTIMIZER:nfev:18942
22:08:13:INFO:OPTIMIZER:nit:350
22:08:13:INFO:OPTIMIZER:message:Optimization terminated successfully.
22:08:13:INFO:OPTIMIZER:success:True
22:08:13:INFO:OPTIMIZER:constr:[array([0.])]
22:08:13:INFO:OPTIMIZER:constr_violation:0.0
22:08:13:INFO:OPTIMIZER:maxcv:0.0
22:08:13:INFO:RESULT:A:
[[-0.0168157   0.00539528  0.          0.00917945]
 [ 0.00824406 -0.00561339  0.00000529  0.        ]
 [ 0.          0.00021812 -0.00000529  0.        ]
 [ 0.00857164  0.          0.         -0.00917945]]
22:08:13:INFO:RESULT:m_eq:
[  589.0000194    900.00001457 37100.00267662   549.99995894](39139.002669534144)
22:08:13:INFO:RESULT:x_vec:
[    0.00824406     0.00021812     0.00857164   589.0000194
   900.00001457 37100.00267662   549.99995894](39139.01970334627)
22:08:13:INFO:RESULT:time_scale:
[  41.03772308  139.93833508 9999.9816634 ]
22:08:13:INFO:SAVE:message:saving bunch of data...
22:08:13:INFO:SAVE:message:saving optimizer data ...
