22:16:16:INFO:GENERAL:seed:1
22:16:16:INFO:GENERAL:rho:[0.0, 0.0, 0.001]
22:16:16:INFO:GENERAL:bounds_z:[(1e-06, 0.3), (1e-06, 0.3), (588.999411, 589.000589), (1e-06, 1800), (1e-06, 74200)]
22:16:18:INFO:OPTIMIZER:x:
[  0.05729246   0.01651035 588.99972269 401.96465401 787.06741585]
22:16:18:INFO:OPTIMIZER:fun:0.0002191465167772427
22:16:18:INFO:OPTIMIZER:nfev:15044
22:16:18:INFO:OPTIMIZER:nit:233
22:16:18:INFO:OPTIMIZER:message:Optimization terminated successfully.
22:16:18:INFO:OPTIMIZER:success:True
22:16:18:INFO:OPTIMIZER:constr:[array([0.])]
22:16:18:INFO:OPTIMIZER:constr_violation:0.0
22:16:18:INFO:OPTIMIZER:maxcv:0.0
22:16:18:INFO:RESULT:A:
[[-0.05729246  0.08395078  0.        ]
 [ 0.05729246 -0.10046113  0.00843203]
 [ 0.          0.01651035 -0.00843203]]
22:16:18:INFO:RESULT:m_eq:
[588.99972269 401.96465401 787.06741585](1778.0317925449142)
22:16:18:INFO:RESULT:x_vec:
[  0.05729246   0.01651035 588.99972269 401.96465401 787.06741585](1778.1055953578582)
22:16:18:INFO:RESULT:time_scale:
[ 6.5728888  71.19710791]
22:16:18:INFO:SAVE:message:saving bunch of data...
22:16:18:INFO:SAVE:message:saving optimizer data ...
