21:14:59:INFO:GENERAL:seed:1
21:14:59:INFO:GENERAL:rho:[0.1, 0.1, 0.1]
21:14:59:INFO:GENERAL:bounds_z:[(1e-06, 0.3), (1e-06, 0.3), (588.999411, 589.000589), (1e-06, 1800), (1e-06, 74200)]
21:15:00:INFO:OPTIMIZER:x:
[    0.05571048     0.00475412   589.00001375   899.99997817
 37099.99913247]
21:15:00:INFO:OPTIMIZER:fun:0.004450756059690239
21:15:00:INFO:OPTIMIZER:nfev:8574
21:15:00:INFO:OPTIMIZER:nit:133
21:15:00:INFO:OPTIMIZER:message:Optimization terminated successfully.
21:15:00:INFO:OPTIMIZER:success:True
21:15:00:INFO:OPTIMIZER:constr:[array([0.])]
21:15:00:INFO:OPTIMIZER:constr_violation:0.0
21:15:00:INFO:OPTIMIZER:maxcv:0.0
21:15:00:INFO:RESULT:A:
[[-0.05571048  0.03645942  0.        ]
 [ 0.05571048 -0.04121354  0.00011533]
 [ 0.          0.00475412 -0.00011533]]
21:15:00:INFO:RESULT:m_eq:
[  589.00001375   899.99997817 37099.99913247](38588.99912439315)
21:15:00:INFO:RESULT:x_vec:
[    0.05571048     0.00475412   589.00001375   899.99997817
 37099.99913247](38589.05958899488)
21:15:00:INFO:RESULT:time_scale:
[ 10.62561956 341.62463332]
21:15:00:INFO:SAVE:message:saving bunch of data...
21:15:00:INFO:SAVE:message:saving optimizer data ...
