22:07:22:INFO:GENERAL:seed:1
22:07:22:INFO:GENERAL:rho:[0.1, 0.1, 0.0001]
22:07:22:INFO:GENERAL:bounds_z:[(1e-06, 0.3), (1e-06, 0.3), (588.999411, 589.000589), (1e-06, 1800), (1e-06, 74200)]
22:07:24:INFO:OPTIMIZER:x:
[    0.02584606     0.00107879   589.00000275   899.99997405
 37100.00009302]
22:07:24:INFO:OPTIMIZER:fun:0.0032928947913694684
22:07:24:INFO:OPTIMIZER:nfev:9449
22:07:24:INFO:OPTIMIZER:nit:147
22:07:24:INFO:OPTIMIZER:message:Optimization terminated successfully.
22:07:24:INFO:OPTIMIZER:success:True
22:07:24:INFO:OPTIMIZER:constr:[array([0.])]
22:07:24:INFO:OPTIMIZER:constr_violation:0.0
22:07:24:INFO:OPTIMIZER:maxcv:0.0
22:07:24:INFO:RESULT:A:
[[-0.02584606  0.01691481  0.        ]
 [ 0.02584606 -0.0179936   0.00002617]
 [ 0.          0.00107879 -0.00002617]]
22:07:24:INFO:RESULT:m_eq:
[  589.00000275   899.99997405 37100.00009302](38589.00006982183)
22:07:24:INFO:RESULT:x_vec:
[    0.02584606     0.00107879   589.00000275   899.99997405
 37100.00009302](38589.02699466728)
22:07:24:INFO:RESULT:time_scale:
[  23.15114361 1489.3900241 ]
22:07:24:INFO:SAVE:message:saving bunch of data...
22:07:24:INFO:SAVE:message:saving optimizer data ...
