21:15:31:INFO:GENERAL:seed:1
21:15:31:INFO:GENERAL:rho:[0.0, 0.1, 0.1]
21:15:31:INFO:GENERAL:bounds_z:[(1e-06, 0.3), (1e-06, 0.3), (588.999411, 589.000589), (1e-06, 1800), (1e-06, 74200)]
21:15:33:INFO:OPTIMIZER:x:
[    0.07116057     0.00457896   588.99999253   899.9999975
 37100.00002406]
21:15:33:INFO:OPTIMIZER:fun:0.0007951922312540059
21:15:33:INFO:OPTIMIZER:nfev:10124
21:15:33:INFO:OPTIMIZER:nit:155
21:15:33:INFO:OPTIMIZER:message:Optimization terminated successfully.
21:15:33:INFO:OPTIMIZER:success:True
21:15:33:INFO:OPTIMIZER:constr:[array([0.])]
21:15:33:INFO:OPTIMIZER:constr_violation:0.0
21:15:33:INFO:OPTIMIZER:maxcv:0.0
21:15:33:INFO:RESULT:A:
[[-0.07116057  0.04657064  0.        ]
 [ 0.07116057 -0.0511496   0.00011108]
 [ 0.          0.00457896 -0.00011108]]
21:15:33:INFO:RESULT:m_eq:
[  588.99999253   899.9999975  37100.00002406](38589.000014092315)
21:15:33:INFO:RESULT:x_vec:
[    0.07116057     0.00457896   588.99999253   899.9999975
 37100.00002406](38589.075753620404)
21:15:33:INFO:RESULT:time_scale:
[  8.36210063 352.84914706]
21:15:33:INFO:SAVE:message:saving bunch of data...
21:15:33:INFO:SAVE:message:saving optimizer data ...
