22:21:56:INFO:GENERAL:seed:1
22:21:56:INFO:GENERAL:rho:[0.01, 0.1, 0.001]
22:21:56:INFO:GENERAL:bounds_z:[(1e-06, 0.3), (1e-06, 0.3), (588.999411, 589.000589), (1e-06, 1800), (1e-06, 74200)]
22:21:58:INFO:OPTIMIZER:x:
[    0.06943574     0.00459531   589.00000137   899.99999835
 37099.99964154]
22:21:58:INFO:OPTIMIZER:fun:0.0011984633543065657
22:21:58:INFO:OPTIMIZER:nfev:8733
22:21:58:INFO:OPTIMIZER:nit:135
22:21:58:INFO:OPTIMIZER:message:Optimization terminated successfully.
22:21:58:INFO:OPTIMIZER:success:True
22:21:58:INFO:OPTIMIZER:constr:[array([0.])]
22:21:58:INFO:OPTIMIZER:constr_violation:0.0
22:21:58:INFO:OPTIMIZER:maxcv:0.0
22:21:58:INFO:RESULT:A:
[[-0.06943574  0.04544184  0.        ]
 [ 0.06943574 -0.05003715  0.00011148]
 [ 0.          0.00459531 -0.00011148]]
22:21:58:INFO:RESULT:m_eq:
[  589.00000137   899.99999835 37099.99964154](38588.99964126812)
22:21:58:INFO:RESULT:x_vec:
[    0.06943574     0.00459531   589.00000137   899.99999835
 37099.99964154](38589.07367232048)
22:21:58:INFO:RESULT:time_scale:
[  8.56593689 351.75300799]
22:21:58:INFO:SAVE:message:saving bunch of data...
22:21:58:INFO:SAVE:message:saving optimizer data ...
