22:07:47:INFO:GENERAL:seed:1
22:07:47:INFO:GENERAL:rho:[0.01, 0.0001, 0.001]
22:07:47:INFO:GENERAL:bounds_z:[(1e-06, 0.3), (1e-06, 0.3), (1e-06, 0.3), (588.999411, 589.000589), (1e-06, 1800), (1e-06, 74200), (1e-06, 1100)]
22:07:52:INFO:OPTIMIZER:x:
[    0.01604815     0.00242459     0.04308933   589.00023025
   687.40044021 36812.18594364   193.78827149]
22:07:52:INFO:OPTIMIZER:fun:0.0007055684372309554
22:07:52:INFO:OPTIMIZER:nfev:23594
22:07:52:INFO:OPTIMIZER:nit:367
22:07:52:INFO:OPTIMIZER:message:Optimization terminated successfully.
22:07:52:INFO:OPTIMIZER:success:True
22:07:52:INFO:OPTIMIZER:constr:[array([0.])]
22:07:52:INFO:OPTIMIZER:constr_violation:0.0
22:07:52:INFO:OPTIMIZER:maxcv:0.0
22:07:52:INFO:RESULT:A:
[[-0.05913749  0.01375089  0.          0.13096576]
 [ 0.01604815 -0.01617548  0.00004527  0.        ]
 [ 0.          0.00242459 -0.00004527  0.        ]
 [ 0.04308933  0.          0.         -0.13096576]]
22:07:52:INFO:RESULT:m_eq:
[  589.00023025   687.40044021 36812.18594364   193.78827149](38282.374885596066)
22:07:52:INFO:RESULT:x_vec:
[    0.01604815     0.00242459     0.04308933   589.00023025
   687.40044021 36812.18594364   193.78827149](38282.43644767339)
22:07:52:INFO:RESULT:time_scale:
[  5.59581735  37.73577126 893.62372844]
22:07:52:INFO:SAVE:message:saving bunch of data...
22:07:52:INFO:SAVE:message:saving optimizer data ...
