22:22:51:INFO:GENERAL:seed:1
22:22:51:INFO:GENERAL:rho:[0.0, 0.001, 0.1]
22:22:51:INFO:GENERAL:bounds_z:[(1e-06, 0.3), (1e-06, 0.3), (1e-06, 0.3), (588.999411, 589.000589), (1e-06, 1800), (1e-06, 74200), (1e-06, 1100)]
22:23:05:INFO:OPTIMIZER:x:
[    0.06456205     0.01114773     0.02740256   588.9994805
   278.66264506 36927.42325352   703.36046047]
22:23:05:INFO:OPTIMIZER:fun:0.00039732381836094394
22:23:05:INFO:OPTIMIZER:nfev:69184
22:23:05:INFO:OPTIMIZER:nit:1079
22:23:05:INFO:OPTIMIZER:message:Optimization terminated successfully.
22:23:05:INFO:OPTIMIZER:success:True
22:23:05:INFO:OPTIMIZER:constr:[array([0.])]
22:23:05:INFO:OPTIMIZER:constr_violation:0.0
22:23:05:INFO:OPTIMIZER:maxcv:0.0
22:23:05:INFO:RESULT:A:
[[-0.09196461  0.13646254  0.          0.02294712]
 [ 0.06456205 -0.14761027  0.00008412  0.        ]
 [ 0.          0.01114773 -0.00008412  0.        ]
 [ 0.02740256  0.          0.         -0.02294712]]
22:23:05:INFO:RESULT:m_eq:
[  588.9994805    278.66264506 36927.42325352   703.36046047](38498.44583954609)
22:23:05:INFO:RESULT:x_vec:
[    0.06456205     0.01114773     0.02740256   588.9994805
   278.66264506 36927.42325352   703.36046047](38498.54895188394)
22:23:05:INFO:RESULT:time_scale:
[  4.56931674  23.8798745  532.26843342]
22:23:05:INFO:SAVE:message:saving bunch of data...
22:23:05:INFO:SAVE:message:saving optimizer data ...
