22:04:52:INFO:GENERAL:seed:1
22:04:52:INFO:GENERAL:rho:[0.0001, 0.01, 0.1]
22:04:52:INFO:GENERAL:bounds_z:[(1e-06, 0.3), (1e-06, 0.3), (588.999411, 589.000589), (1e-06, 1800), (1e-06, 74200)]
22:04:53:INFO:OPTIMIZER:x:
[    0.07113308     0.00457892   589.00000153   900.00000118
 37100.00050036]
22:04:53:INFO:OPTIMIZER:fun:0.0007992716597008678
22:04:53:INFO:OPTIMIZER:nfev:9490
22:04:53:INFO:OPTIMIZER:nit:148
22:04:53:INFO:OPTIMIZER:message:Optimization terminated successfully.
22:04:53:INFO:OPTIMIZER:success:True
22:04:53:INFO:OPTIMIZER:constr:[array([0.])]
22:04:53:INFO:OPTIMIZER:constr_violation:0.0
22:04:53:INFO:OPTIMIZER:maxcv:0.0
22:04:53:INFO:RESULT:A:
[[-0.07113308  0.04655265  0.        ]
 [ 0.07113308 -0.05113157  0.00011108]
 [ 0.          0.00457892 -0.00011108]]
22:04:53:INFO:RESULT:m_eq:
[  589.00000153   900.00000118 37100.00050036](38589.000503068564)
22:04:53:INFO:RESULT:x_vec:
[    0.07113308     0.00457892   589.00000153   900.00000118
 37100.00050036](38589.076215070236)
22:04:53:INFO:RESULT:time_scale:
[  8.36528171 352.85421929]
22:04:53:INFO:SAVE:message:saving bunch of data...
22:04:53:INFO:SAVE:message:saving optimizer data ...
