22:06:54:INFO:GENERAL:seed:1
22:06:54:INFO:GENERAL:rho:[0.1, 0.01, 0.0]
22:06:54:INFO:GENERAL:bounds_z:[(1e-06, 0.3), (1e-06, 0.3), (588.999411, 589.000589), (1e-06, 1800), (1e-06, 74200)]
22:06:55:INFO:OPTIMIZER:x:
[    0.02583901     0.0010796    589.00022596   899.99953785
 37099.99936868]
22:06:55:INFO:OPTIMIZER:fun:0.0032928944779728425
22:06:55:INFO:OPTIMIZER:nfev:9079
22:06:55:INFO:OPTIMIZER:nit:141
22:06:55:INFO:OPTIMIZER:message:Optimization terminated successfully.
22:06:55:INFO:OPTIMIZER:success:True
22:06:55:INFO:OPTIMIZER:constr:[array([0.])]
22:06:55:INFO:OPTIMIZER:constr_violation:0.0
22:06:55:INFO:OPTIMIZER:maxcv:0.0
22:06:55:INFO:RESULT:A:
[[-0.02583901  0.01691021  0.        ]
 [ 0.02583901 -0.01798981  0.00002619]
 [ 0.          0.0010796  -0.00002619]]
22:06:55:INFO:RESULT:m_eq:
[  589.00022596   899.99953785 37099.99936868](38588.999132492885)
22:06:55:INFO:RESULT:x_vec:
[    0.02583901     0.0010796    589.00022596   899.99953785
 37099.99936868](38589.02605109619)
22:06:55:INFO:RESULT:time_scale:
[  23.15721311 1488.28727791]
22:06:55:INFO:SAVE:message:saving bunch of data...
22:06:55:INFO:SAVE:message:saving optimizer data ...
