22:07:28:INFO:GENERAL:seed:1
22:07:28:INFO:GENERAL:rho:[0.0001, 0.1, 0.0001]
22:07:28:INFO:GENERAL:bounds_z:[(1e-06, 0.3), (1e-06, 0.3), (1e-06, 0.3), (588.999411, 589.000589), (1e-06, 1800), (1e-06, 74200), (1e-06, 1100)]
22:07:30:INFO:OPTIMIZER:x:
[    0.00346854     0.08754744     0.03589101   588.99999809
   899.99999082 37100.00081412   549.99998842]
22:07:30:INFO:OPTIMIZER:fun:0.0010053686172190694
22:07:30:INFO:OPTIMIZER:nfev:12840
22:07:30:INFO:OPTIMIZER:nit:199
22:07:30:INFO:OPTIMIZER:message:Optimization terminated successfully.
22:07:30:INFO:OPTIMIZER:success:True
22:07:30:INFO:OPTIMIZER:constr:[array([0.])]
22:07:30:INFO:OPTIMIZER:constr_violation:0.0
22:07:30:INFO:OPTIMIZER:maxcv:0.0
22:07:30:INFO:RESULT:A:
[[-0.03935955  0.00226997  0.          0.03843601]
 [ 0.00346854 -0.08981741  0.00212379  0.        ]
 [ 0.          0.08754744 -0.00212379  0.        ]
 [ 0.03589101  0.          0.         -0.03843601]]
22:07:30:INFO:RESULT:m_eq:
[  588.99999809   899.99999082 37100.00081412   549.99998842](39139.000791445855)
22:07:30:INFO:RESULT:x_vec:
[    0.00346854     0.08754744     0.03589101   588.99999809
   899.99999082 37100.00081412   549.99998842](39139.127698436714)
22:07:30:INFO:RESULT:time_scale:
[ 10.84924571  13.19223898 567.43699973]
22:07:30:INFO:SAVE:message:saving bunch of data...
22:07:30:INFO:SAVE:message:saving optimizer data ...
