22:21:58:INFO:GENERAL:seed:1
22:21:58:INFO:GENERAL:rho:[0.1, 0.1, 0.001]
22:21:58:INFO:GENERAL:bounds_z:[(1e-06, 0.3), (1e-06, 0.3), (1e-06, 0.3), (588.999411, 589.000589), (1e-06, 1800), (1e-06, 74200), (1e-06, 1100)]
22:22:01:INFO:OPTIMIZER:x:
[    0.02022512     0.00216977     0.02279865   588.99995358
   900.0000353  37099.99727964   550.00000183]
22:22:01:INFO:OPTIMIZER:fun:0.003937660722210195
22:22:01:INFO:OPTIMIZER:nfev:14926
22:22:01:INFO:OPTIMIZER:nit:232
22:22:01:INFO:OPTIMIZER:message:Optimization terminated successfully.
22:22:01:INFO:OPTIMIZER:success:True
22:22:01:INFO:OPTIMIZER:constr:[array([0.])]
22:22:01:INFO:OPTIMIZER:constr_violation:0.0
22:22:01:INFO:OPTIMIZER:maxcv:0.0
22:22:01:INFO:RESULT:A:
[[-0.04302377  0.01323622  0.          0.02441528]
 [ 0.02022512 -0.01540598  0.00005264  0.        ]
 [ 0.          0.00216977 -0.00005264  0.        ]
 [ 0.02279865  0.          0.         -0.02441528]]
22:22:01:INFO:RESULT:m_eq:
[  588.99995358   900.0000353  37099.99727964   550.00000183](39138.997270348555)
22:22:01:INFO:RESULT:x_vec:
[    0.02022512     0.00216977     0.02279865   588.99995358
   900.0000353  37099.99727964   550.00000183](39139.042463882455)
22:22:01:INFO:RESULT:time_scale:
[  15.86034998   52.9135341  1054.19043717]
22:22:01:INFO:SAVE:message:saving bunch of data...
22:22:01:INFO:SAVE:message:saving optimizer data ...
