21:21:50:INFO:GENERAL:seed:1
21:21:50:INFO:GENERAL:rho:[0.01, 0.001, 0.001]
21:21:50:INFO:GENERAL:bounds_z:[(1e-06, 0.3), (1e-06, 0.3), (1e-06, 0.3), (588.999411, 589.000589), (1e-06, 1800), (1e-06, 74200), (1e-06, 1100)]
21:21:55:INFO:OPTIMIZER:x:
[    0.01603806     0.00240518     0.04304396   589.00018715
   688.88491586 37111.57275226   193.76262312]
21:21:55:INFO:OPTIMIZER:fun:0.0008606262217603842
21:21:55:INFO:OPTIMIZER:nfev:23560
21:21:55:INFO:OPTIMIZER:nit:366
21:21:55:INFO:OPTIMIZER:message:Optimization terminated successfully.
21:21:55:INFO:OPTIMIZER:success:True
21:21:55:INFO:OPTIMIZER:constr:[array([0.])]
21:21:55:INFO:OPTIMIZER:constr_violation:0.0
21:21:55:INFO:OPTIMIZER:maxcv:0.0
21:21:55:INFO:RESULT:A:
[[-0.05908202  0.01371262  0.          0.13084517]
 [ 0.01603806 -0.0161178   0.00004465  0.        ]
 [ 0.          0.00240518 -0.00004465  0.        ]
 [ 0.04304396  0.          0.         -0.13084517]]
21:21:55:INFO:RESULT:m_eq:
[  589.00018715   688.88491586 37111.57275226   193.76262312](38583.22047839224)
21:21:55:INFO:RESULT:x_vec:
[    0.01603806     0.00240518     0.04304396   589.00018715
   688.88491586 37111.57275226   193.76262312](38583.2819655948)
21:21:55:INFO:RESULT:time_scale:
[  5.60114693  37.8167919  899.68857309]
21:21:55:INFO:SAVE:message:saving bunch of data...
21:21:55:INFO:SAVE:message:saving optimizer data ...
