22:23:44:INFO:GENERAL:seed:1
22:23:44:INFO:GENERAL:rho:[0.01, 0.01, 0.1]
22:23:44:INFO:GENERAL:bounds_z:[(1e-06, 0.3), (1e-06, 0.3), (588.999411, 589.000589), (1e-06, 1800), (1e-06, 74200)]
22:23:46:INFO:OPTIMIZER:x:
[    0.06945165     0.00459457   588.99980403   900.00040228
 37099.99448294]
22:23:46:INFO:OPTIMIZER:fun:0.001198463432425662
22:23:46:INFO:OPTIMIZER:nfev:8525
22:23:46:INFO:OPTIMIZER:nit:132
22:23:46:INFO:OPTIMIZER:message:Optimization terminated successfully.
22:23:46:INFO:OPTIMIZER:success:True
22:23:46:INFO:OPTIMIZER:constr:[array([0.])]
22:23:46:INFO:OPTIMIZER:constr_violation:0.0
22:23:46:INFO:OPTIMIZER:maxcv:0.0
22:23:46:INFO:RESULT:A:
[[-0.06945165  0.04545221  0.        ]
 [ 0.06945165 -0.05004678  0.00011146]
 [ 0.          0.00459457 -0.00011146]]
22:23:46:INFO:RESULT:m_eq:
[  588.99980403   900.00040228 37099.99448294](38588.994689255494)
22:23:46:INFO:RESULT:x_vec:
[    0.06945165     0.00459457   588.99980403   900.00040228
 37099.99448294](38589.06873547137)
22:23:46:INFO:RESULT:time_scale:
[  8.5640329 351.8071662]
22:23:46:INFO:SAVE:message:saving bunch of data...
22:23:46:INFO:SAVE:message:saving optimizer data ...
