21:12:48:INFO:GENERAL:seed:1
21:12:48:INFO:GENERAL:rho:[0.001, 0.0001, 0.0001]
21:12:48:INFO:GENERAL:bounds_z:[(1e-06, 0.3), (1e-06, 0.3), (1e-06, 0.3), (588.999411, 589.000589), (1e-06, 1800), (1e-06, 74200), (1e-06, 1100)]
21:12:54:INFO:OPTIMIZER:x:
[    0.02520683     0.00301419     0.0620136    588.9995323
  1019.81794313 36819.12858109   320.87985881]
21:12:54:INFO:OPTIMIZER:fun:0.00023861717880401803
21:12:54:INFO:OPTIMIZER:nfev:30145
21:12:54:INFO:OPTIMIZER:nit:468
21:12:54:INFO:OPTIMIZER:message:Optimization terminated successfully.
21:12:54:INFO:OPTIMIZER:success:True
21:12:54:INFO:OPTIMIZER:constr:[array([0.])]
21:12:54:INFO:OPTIMIZER:constr_violation:0.0
21:12:54:INFO:OPTIMIZER:maxcv:0.0
21:12:54:INFO:RESULT:A:
[[-0.08722043  0.0145583   0.          0.1138307 ]
 [ 0.02520683 -0.01757249  0.00008349  0.        ]
 [ 0.          0.00301419 -0.00008349  0.        ]
 [ 0.0620136   0.          0.         -0.1138307 ]]
21:12:54:INFO:RESULT:m_eq:
[  588.9995323   1019.81794313 36819.12858109   320.87985881](38748.82591532701)
21:12:54:INFO:RESULT:x_vec:
[    0.02520683     0.00301419     0.0620136    588.9995323
  1019.81794313 36819.12858109   320.87985881](38748.916149949764)
21:12:54:INFO:RESULT:time_scale:
[  5.36153658  32.68128311 627.01478123]
21:12:54:INFO:SAVE:message:saving bunch of data...
21:12:54:INFO:SAVE:message:saving optimizer data ...
