22:21:03:INFO:GENERAL:seed:1
22:21:03:INFO:GENERAL:rho:[0.001, 0.0001, 0.0]
22:21:03:INFO:GENERAL:bounds_z:[(1e-06, 0.3), (1e-06, 0.3), (588.999411, 589.000589), (1e-06, 1800), (1e-06, 74200)]
22:21:05:INFO:OPTIMIZER:x:
[   0.08036435    0.01230611  589.00020688  718.39353864 1273.78523321]
22:21:05:INFO:OPTIMIZER:fun:0.00036209693133956467
22:21:05:INFO:OPTIMIZER:nfev:13901
22:21:05:INFO:OPTIMIZER:nit:217
22:21:05:INFO:OPTIMIZER:message:Optimization terminated successfully.
22:21:05:INFO:OPTIMIZER:success:True
22:21:05:INFO:OPTIMIZER:constr:[array([0.])]
22:21:05:INFO:OPTIMIZER:constr_violation:0.0
22:21:05:INFO:OPTIMIZER:maxcv:0.0
22:21:05:INFO:RESULT:A:
[[-0.08036435  0.06588954  0.        ]
 [ 0.08036435 -0.07819565  0.00694044]
 [ 0.          0.01230611 -0.00694044]]
22:21:05:INFO:RESULT:m_eq:
[ 589.00020688  718.39353864 1273.78523321](2581.1789787258695)
22:21:05:INFO:RESULT:x_vec:
[   0.08036435    0.01230611  589.00020688  718.39353864 1273.78523321](2581.2716491894366)
22:21:05:INFO:RESULT:time_scale:
[ 6.56400938 76.01942887]
22:21:05:INFO:SAVE:message:saving bunch of data...
22:21:05:INFO:SAVE:message:saving optimizer data ...
