22:23:16:INFO:GENERAL:seed:1
22:23:16:INFO:GENERAL:rho:[0.001, 0.1, 0.1]
22:23:16:INFO:GENERAL:bounds_z:[(1e-06, 0.3), (1e-06, 0.3), (588.999411, 589.000589), (1e-06, 1800), (1e-06, 74200)]
22:23:17:INFO:OPTIMIZER:x:
[    0.07097843     0.00458055   588.99999975   899.99999522
 37099.99982094]
22:23:17:INFO:OPTIMIZER:fun:0.0008359459525072831
22:23:17:INFO:OPTIMIZER:nfev:9632
22:23:17:INFO:OPTIMIZER:nit:149
22:23:17:INFO:OPTIMIZER:message:Optimization terminated successfully.
22:23:17:INFO:OPTIMIZER:success:True
22:23:17:INFO:OPTIMIZER:constr:[array([0.])]
22:23:17:INFO:OPTIMIZER:constr_violation:0.0
22:23:17:INFO:OPTIMIZER:maxcv:0.0
22:23:17:INFO:RESULT:A:
[[-0.07097843  0.04645144  0.        ]
 [ 0.07097843 -0.05103198  0.00011112]
 [ 0.          0.00458055 -0.00011112]]
22:23:17:INFO:RESULT:m_eq:
[  588.99999975   899.99999522 37099.99982094](38588.999815901654)
22:23:17:INFO:RESULT:x_vec:
[    0.07097843     0.00458055   588.99999975   899.99999522
 37099.99982094](38589.07537487518)
22:23:17:INFO:RESULT:time_scale:
[  8.38317112 352.74288276]
22:23:17:INFO:SAVE:message:saving bunch of data...
22:23:17:INFO:SAVE:message:saving optimizer data ...
