22:23:32:INFO:GENERAL:seed:1
22:23:32:INFO:GENERAL:rho:[0.01, 0.0, 0.1]
22:23:32:INFO:GENERAL:bounds_z:[(1e-06, 0.3), (1e-06, 0.3), (1e-06, 0.3), (588.999411, 589.000589), (1e-06, 1800), (1e-06, 74200), (1e-06, 1100)]
22:24:03:INFO:OPTIMIZER:x:
[   0.02535983    0.00380619    0.0586153   589.00054413  976.54340533
 2391.0417788   324.99524218]
22:24:03:INFO:OPTIMIZER:fun:0.0007073205106466362
22:24:03:INFO:OPTIMIZER:nfev:161792
22:24:03:INFO:OPTIMIZER:nit:2501
22:24:03:INFO:OPTIMIZER:message:Optimization terminated successfully.
22:24:03:INFO:OPTIMIZER:success:True
22:24:03:INFO:OPTIMIZER:constr:[array([0.])]
22:24:03:INFO:OPTIMIZER:constr_violation:0.0
22:24:03:INFO:OPTIMIZER:maxcv:0.0
22:24:03:INFO:RESULT:A:
[[-0.08397512  0.01529574  0.          0.10623061]
 [ 0.02535983 -0.01910193  0.00155451  0.        ]
 [ 0.          0.00380619 -0.00155451  0.        ]
 [ 0.0586153   0.          0.         -0.10623061]]
22:24:03:INFO:RESULT:m_eq:
[ 589.00054413  976.54340533 2391.0417788   324.99524218](4281.580970444829)
22:24:03:INFO:RESULT:x_vec:
[   0.02535983    0.00380619    0.0586153   589.00054413  976.54340533
 2391.0417788   324.99524218](4281.668751760064)
22:24:03:INFO:RESULT:time_scale:
[  5.68610187  31.54434051 303.64104668]
22:24:03:INFO:SAVE:message:saving bunch of data...
22:24:03:INFO:SAVE:message:saving optimizer data ...
