22:15:45:INFO:GENERAL:seed:1
22:15:45:INFO:GENERAL:rho:[0.1, 0.001, 0.0]
22:15:45:INFO:GENERAL:bounds_z:[(1e-06, 0.3), (1e-06, 0.3), (1e-06, 0.3), (588.999411, 589.000589), (1e-06, 1800), (1e-06, 74200), (1e-06, 1100)]
22:15:48:INFO:OPTIMIZER:x:
[    0.004401       0.0002103      0.0273806    588.99982141
   968.80107416 37115.67379789   542.64530239]
22:15:48:INFO:OPTIMIZER:fun:0.002834615650151856
22:15:48:INFO:OPTIMIZER:nfev:11174
22:15:48:INFO:OPTIMIZER:nit:203
22:15:48:INFO:OPTIMIZER:message:Optimization terminated successfully.
22:15:48:INFO:OPTIMIZER:success:True
22:15:48:INFO:OPTIMIZER:constr:[array([0.])]
22:15:48:INFO:OPTIMIZER:constr_violation:0.0
22:15:48:INFO:OPTIMIZER:maxcv:0.0
22:15:48:INFO:RESULT:A:
[[-0.03178161  0.00267567  0.          0.02971954]
 [ 0.004401   -0.00288597  0.00000549  0.        ]
 [ 0.          0.0002103  -0.00000549  0.        ]
 [ 0.0273806   0.          0.         -0.02971954]]
22:15:48:INFO:RESULT:m_eq:
[  588.99982141   968.80107416 37115.67379789   542.64530239](39216.119995837485)
22:15:48:INFO:RESULT:x_vec:
[    0.004401       0.0002103      0.0273806    588.99982141
   968.80107416 37115.67379789   542.64530239](39216.15198774466)
22:15:48:INFO:RESULT:time_scale:
[  16.83404117  204.53682111 9993.03389165]
22:15:48:INFO:SAVE:message:saving bunch of data...
22:15:48:INFO:SAVE:message:saving optimizer data ...
