22:03:50:INFO:GENERAL:seed:1
22:03:50:INFO:GENERAL:rho:[0.1, 0.01, 0.01]
22:03:50:INFO:GENERAL:bounds_z:[(1e-06, 0.3), (1e-06, 0.3), (1e-06, 0.3), (588.999411, 589.000589), (1e-06, 1800), (1e-06, 74200), (1e-06, 1100)]
22:03:55:INFO:OPTIMIZER:x:
[    0.02023264     0.00216782     0.02280845   589.0002582
   899.99928392 37099.99193533   550.00026141]
22:03:55:INFO:OPTIMIZER:fun:0.003937659495448474
22:03:55:INFO:OPTIMIZER:nfev:23311
22:03:55:INFO:OPTIMIZER:nit:363
22:03:55:INFO:OPTIMIZER:message:Optimization terminated successfully.
22:03:55:INFO:OPTIMIZER:success:True
22:03:55:INFO:OPTIMIZER:constr:[array([0.])]
22:03:55:INFO:OPTIMIZER:constr_violation:0.0
22:03:55:INFO:OPTIMIZER:maxcv:0.0
22:03:55:INFO:RESULT:A:
[[-0.04304109  0.01324115  0.          0.02442578]
 [ 0.02023264 -0.01540898  0.00005259  0.        ]
 [ 0.          0.00216782 -0.00005259  0.        ]
 [ 0.02280845  0.          0.         -0.02442578]]
22:03:55:INFO:RESULT:m_eq:
[  589.0002582    899.99928392 37099.99193533   550.00026141](39138.991738861434)
22:03:55:INFO:RESULT:x_vec:
[    0.02023264     0.00216782     0.02280845   589.0002582
   899.99928392 37099.99193533   550.00026141](39139.036947771194)
22:03:55:INFO:RESULT:time_scale:
[  15.85391396   52.89690829 1055.04899004]
22:03:55:INFO:SAVE:message:saving bunch of data...
22:03:55:INFO:SAVE:message:saving optimizer data ...
