22:04:10:INFO:GENERAL:seed:1
22:04:10:INFO:GENERAL:rho:[0.0001, 0.0, 0.01]
22:04:10:INFO:GENERAL:bounds_z:[(1e-06, 0.3), (1e-06, 0.3), (588.999411, 589.000589), (1e-06, 1800), (1e-06, 74200)]
22:04:12:INFO:OPTIMIZER:x:
[   0.08075975    0.01247022  588.99996544  714.57799006 1272.58397768]
22:04:12:INFO:OPTIMIZER:fun:0.0002793519286799993
22:04:12:INFO:OPTIMIZER:nfev:11671
22:04:12:INFO:OPTIMIZER:nit:182
22:04:12:INFO:OPTIMIZER:message:Optimization terminated successfully.
22:04:12:INFO:OPTIMIZER:success:True
22:04:12:INFO:OPTIMIZER:constr:[array([0.])]
22:04:12:INFO:OPTIMIZER:constr_violation:0.0
22:04:12:INFO:OPTIMIZER:maxcv:0.0
22:04:12:INFO:RESULT:A:
[[-0.08075975  0.06656725  0.        ]
 [ 0.08075975 -0.07903747  0.00700224]
 [ 0.          0.01247022 -0.00700224]]
22:04:12:INFO:RESULT:m_eq:
[ 588.99996544  714.57799006 1272.58397768](2576.161933182211)
22:04:12:INFO:RESULT:x_vec:
[   0.08075975    0.01247022  588.99996544  714.57799006 1272.58397768](2576.2551631505667)
22:04:12:INFO:RESULT:time_scale:
[ 6.51382382 75.30231939]
22:04:12:INFO:SAVE:message:saving bunch of data...
22:04:12:INFO:SAVE:message:saving optimizer data ...
