21:13:49:INFO:GENERAL:seed:1
21:13:49:INFO:GENERAL:rho:[0.01, 0.001, 0.01]
21:13:49:INFO:GENERAL:bounds_z:[(1e-06, 0.3), (1e-06, 0.3), (588.999411, 589.000589), (1e-06, 1800), (1e-06, 74200)]
21:13:51:INFO:OPTIMIZER:x:
[    0.06613397     0.00408739   588.99942291   954.58070754
 37047.78944164]
21:13:51:INFO:OPTIMIZER:fun:0.001152077630332241
21:13:51:INFO:OPTIMIZER:nfev:8484
21:13:51:INFO:OPTIMIZER:nit:131
21:13:51:INFO:OPTIMIZER:message:Optimization terminated successfully.
21:13:51:INFO:OPTIMIZER:success:True
21:13:51:INFO:OPTIMIZER:constr:[array([0.])]
21:13:51:INFO:OPTIMIZER:constr_violation:0.0
21:13:51:INFO:OPTIMIZER:maxcv:0.0
21:13:51:INFO:RESULT:A:
[[-0.06613397  0.04080626  0.        ]
 [ 0.06613397 -0.04489365  0.00010532]
 [ 0.          0.00408739 -0.00010532]]
21:13:51:INFO:RESULT:m_eq:
[  588.99942291   954.58070754 37047.78944164](38591.369572088275)
21:13:51:INFO:RESULT:x_vec:
[    0.06613397     0.00408739   588.99942291   954.58070754
 37047.78944164](38591.439793445395)
21:13:51:INFO:RESULT:time_scale:
[  9.21330572 385.46628827]
21:13:51:INFO:SAVE:message:saving bunch of data...
21:13:51:INFO:SAVE:message:saving optimizer data ...
