22:22:32:INFO:GENERAL:seed:1
22:22:32:INFO:GENERAL:rho:[0.0001, 0.1, 0.01]
22:22:32:INFO:GENERAL:bounds_z:[(1e-06, 0.3), (1e-06, 0.3), (1e-06, 0.3), (588.999411, 589.000589), (1e-06, 1800), (1e-06, 74200), (1e-06, 1100)]
22:22:37:INFO:OPTIMIZER:x:
[    0.0235076      0.0020413      0.02725653   589.00000659
   900.00000375 37100.0000064    550.00000696]
22:22:37:INFO:OPTIMIZER:fun:0.0017012745003823695
22:22:37:INFO:OPTIMIZER:nfev:22550
22:22:37:INFO:OPTIMIZER:nit:350
22:22:37:INFO:OPTIMIZER:message:Optimization terminated successfully.
22:22:37:INFO:OPTIMIZER:success:True
22:22:37:INFO:OPTIMIZER:constr:[array([0.])]
22:22:37:INFO:OPTIMIZER:constr_violation:0.0
22:22:37:INFO:OPTIMIZER:maxcv:0.0
22:22:37:INFO:RESULT:A:
[[-0.05076413  0.01538442  0.          0.02918926]
 [ 0.0235076  -0.01742572  0.00004952  0.        ]
 [ 0.          0.0020413  -0.00004952  0.        ]
 [ 0.02725653  0.          0.         -0.02918926]]
22:22:37:INFO:RESULT:m_eq:
[  589.00000659   900.00000375 37100.0000064    550.00000696](39139.00002370147)
22:22:37:INFO:RESULT:x_vec:
[    0.0235076      0.0020413      0.02725653   589.00000659
   900.00000375 37100.0000064    550.00000696](39139.05282912442)
22:22:37:INFO:RESULT:time_scale:
[  13.40365801   45.62355055 1106.66085147]
22:22:37:INFO:SAVE:message:saving bunch of data...
22:22:37:INFO:SAVE:message:saving optimizer data ...
