22:03:00:INFO:GENERAL:seed:1
22:03:00:INFO:GENERAL:rho:[0.01, 0.0, 0.0]
22:03:00:INFO:GENERAL:bounds_z:[(1e-06, 0.3), (1e-06, 0.3), (588.999411, 589.000589), (1e-06, 1800), (1e-06, 74200)]
22:03:03:INFO:OPTIMIZER:x:
[   0.07696083    0.01094824  589.00026061  752.02508333 1288.42976901]
22:03:03:INFO:OPTIMIZER:fun:0.0008091851992982565
22:03:03:INFO:OPTIMIZER:nfev:13755
22:03:03:INFO:OPTIMIZER:nit:213
22:03:03:INFO:OPTIMIZER:message:Optimization terminated successfully.
22:03:03:INFO:OPTIMIZER:success:True
22:03:03:INFO:OPTIMIZER:constr:[array([0.])]
22:03:03:INFO:OPTIMIZER:constr_violation:0.0
22:03:03:INFO:OPTIMIZER:maxcv:0.0
22:03:03:INFO:RESULT:A:
[[-0.07696083  0.06027718  0.        ]
 [ 0.07696083 -0.07122542  0.00639022]
 [ 0.          0.01094824 -0.00639022]]
22:03:03:INFO:RESULT:m_eq:
[ 589.00026061  752.02508333 1288.42976901](2629.455112950492)
22:03:03:INFO:RESULT:x_vec:
[   0.07696083    0.01094824  589.00026061  752.02508333 1288.42976901](2629.543022020027)
22:03:03:INFO:RESULT:time_scale:
[ 7.01704184 82.87563646]
22:03:03:INFO:SAVE:message:saving bunch of data...
22:03:03:INFO:SAVE:message:saving optimizer data ...
