22:04:45:INFO:GENERAL:seed:1
22:04:45:INFO:GENERAL:rho:[0.0001, 0.001, 0.1]
22:04:45:INFO:GENERAL:bounds_z:[(1e-06, 0.3), (1e-06, 0.3), (588.999411, 589.000589), (1e-06, 1800), (1e-06, 74200)]
22:04:47:INFO:OPTIMIZER:x:
[    0.06853272     0.00422575   588.99963217   937.71303367
 37053.16179627]
22:04:47:INFO:OPTIMIZER:fun:0.0007776938447945209
22:04:47:INFO:OPTIMIZER:nfev:8100
22:04:47:INFO:OPTIMIZER:nit:127
22:04:47:INFO:OPTIMIZER:message:Optimization terminated successfully.
22:04:47:INFO:OPTIMIZER:success:True
22:04:47:INFO:OPTIMIZER:constr:[array([0.])]
22:04:47:INFO:OPTIMIZER:constr_violation:0.0
22:04:47:INFO:OPTIMIZER:maxcv:0.0
22:04:47:INFO:RESULT:A:
[[-0.06853272  0.04304702  0.        ]
 [ 0.06853272 -0.04727277  0.00010694]
 [ 0.          0.00422575 -0.00010694]]
22:04:47:INFO:RESULT:m_eq:
[  588.99963217   937.71303367 37053.16179627](38579.874462113934)
22:04:47:INFO:RESULT:x_vec:
[    0.06853272     0.00422575   588.99963217   937.71303367
 37053.16179627](38579.94722058819)
22:04:47:INFO:RESULT:time_scale:
[  8.83003224 375.57800581]
22:04:47:INFO:SAVE:message:saving bunch of data...
22:04:47:INFO:SAVE:message:saving optimizer data ...
