21:23:48:INFO:GENERAL:seed:1
21:23:48:INFO:GENERAL:rho:[0.0, 0.01, 0.1]
21:23:48:INFO:GENERAL:bounds_z:[(1e-06, 0.3), (1e-06, 0.3), (1e-06, 0.3), (588.999411, 589.000589), (1e-06, 1800), (1e-06, 74200), (1e-06, 1100)]
21:23:58:INFO:OPTIMIZER:x:
[    0.0159989      0.00219387     0.04715608   589.00056919
   707.35082528 37104.65406443   191.2775488 ]
21:23:58:INFO:OPTIMIZER:fun:0.0018701831426658003
21:23:58:INFO:OPTIMIZER:nfev:57343
21:23:58:INFO:OPTIMIZER:nit:895
21:23:58:INFO:OPTIMIZER:message:Optimization terminated successfully.
21:23:58:INFO:OPTIMIZER:success:True
21:23:58:INFO:OPTIMIZER:constr:[array([0.])]
21:23:58:INFO:OPTIMIZER:constr_violation:0.0
21:23:58:INFO:OPTIMIZER:maxcv:0.0
21:23:58:INFO:RESULT:A:
[[-0.06315499  0.01332205  0.          0.14520763]
 [ 0.0159989  -0.01551592  0.00004182  0.        ]
 [ 0.          0.00219387 -0.00004182  0.        ]
 [ 0.04715608  0.          0.         -0.14520763]]
21:23:58:INFO:RESULT:m_eq:
[  589.00056919   707.35082528 37104.65406443   191.2775488 ](38592.28300769388)
21:23:58:INFO:RESULT:x_vec:
[    0.0159989      0.00219387     0.04715608   589.00056919
   707.35082528 37104.65406443   191.2775488 ](38592.34835654584)
21:23:58:INFO:RESULT:time_scale:
[  5.07947923  38.43975959 966.13588611]
21:23:58:INFO:SAVE:message:saving bunch of data...
21:23:58:INFO:SAVE:message:saving optimizer data ...
