22:03:30:INFO:GENERAL:seed:1
22:03:30:INFO:GENERAL:rho:[0.01, 0.001, 0.001]
22:03:30:INFO:GENERAL:bounds_z:[(1e-06, 0.3), (1e-06, 0.3), (1e-06, 0.3), (588.999411, 589.000589), (1e-06, 1800), (1e-06, 74200), (1e-06, 1100)]
22:03:35:INFO:OPTIMIZER:x:
[    0.02523876     0.00312566     0.05864063   588.99995404
  1004.00938025 37062.17833937   324.79162501]
22:03:35:INFO:OPTIMIZER:fun:0.0008161701835494308
22:03:35:INFO:OPTIMIZER:nfev:24535
22:03:35:INFO:OPTIMIZER:nit:383
22:03:35:INFO:OPTIMIZER:message:Optimization terminated successfully.
22:03:35:INFO:OPTIMIZER:success:True
22:03:35:INFO:OPTIMIZER:constr:[array([0.])]
22:03:35:INFO:OPTIMIZER:constr_violation:0.0
22:03:35:INFO:OPTIMIZER:maxcv:0.0
22:03:35:INFO:RESULT:A:
[[-0.0838794   0.01480627  0.          0.10634304]
 [ 0.02523876 -0.01793192  0.00008467  0.        ]
 [ 0.          0.00312566 -0.00008467  0.        ]
 [ 0.05864063  0.          0.         -0.10634304]]
22:03:35:INFO:RESULT:m_eq:
[  588.99995404  1004.00938025 37062.17833937   324.79162501](38979.979298667706)
22:03:35:INFO:RESULT:x_vec:
[    0.02523876     0.00312566     0.05864063   588.99995404
  1004.00938025 37062.17833937   324.79162501](38980.06630372122)
22:03:35:INFO:RESULT:time_scale:
[  5.68506917  32.5668166  612.1526763 ]
22:03:35:INFO:SAVE:message:saving bunch of data...
22:03:35:INFO:SAVE:message:saving optimizer data ...
