22:07:23:INFO:GENERAL:seed:1
22:07:23:INFO:GENERAL:rho:[0.0, 0.1, 0.0001]
22:07:23:INFO:GENERAL:bounds_z:[(1e-06, 0.3), (1e-06, 0.3), (1e-06, 0.3), (588.999411, 589.000589), (1e-06, 1800), (1e-06, 74200), (1e-06, 1100)]
22:07:26:INFO:OPTIMIZER:x:
[    0.00343552     0.15175096     0.03595748   589.00000172
   899.99999644 37099.99907898   549.99999246]
22:07:26:INFO:OPTIMIZER:fun:0.0010006475411757719
22:07:26:INFO:OPTIMIZER:nfev:13642
22:07:26:INFO:OPTIMIZER:nit:209
22:07:26:INFO:OPTIMIZER:message:Optimization terminated successfully.
22:07:26:INFO:OPTIMIZER:success:True
22:07:26:INFO:OPTIMIZER:constr:[array([0.])]
22:07:26:INFO:OPTIMIZER:constr_violation:0.0
22:07:26:INFO:OPTIMIZER:maxcv:0.0
22:07:26:INFO:RESULT:A:
[[-0.039393    0.00224836  0.          0.0385072 ]
 [ 0.00343552 -0.15399932  0.00368129  0.        ]
 [ 0.          0.15175096 -0.00368129  0.        ]
 [ 0.03595748  0.          0.         -0.0385072 ]]
22:07:26:INFO:RESULT:m_eq:
[  589.00000172   899.99999644 37099.99907898   549.99999246](39138.99906960119)
22:07:26:INFO:RESULT:x_vec:
[    0.00343552     0.15175096     0.03595748   589.00000172
   899.99999644 37099.99907898   549.99999246](39139.19021356581)
22:07:26:INFO:RESULT:time_scale:
[  6.34120105  13.13756372 566.77653379]
22:07:26:INFO:SAVE:message:saving bunch of data...
22:07:26:INFO:SAVE:message:saving optimizer data ...
