22:08:28:INFO:GENERAL:seed:1
22:08:28:INFO:GENERAL:rho:[0.0001, 0.001, 0.01]
22:08:28:INFO:GENERAL:bounds_z:[(1e-06, 0.3), (1e-06, 0.3), (1e-06, 0.3), (588.999411, 589.000589), (1e-06, 1800), (1e-06, 74200), (1e-06, 1100)]
22:08:34:INFO:OPTIMIZER:x:
[    0.05093155     0.01030243     0.0170032    589.00031463
   165.58107314 37126.11374483   490.83276753]
22:08:34:INFO:OPTIMIZER:fun:0.0004441952608878195
22:08:34:INFO:OPTIMIZER:nfev:33059
22:08:34:INFO:OPTIMIZER:nit:518
22:08:34:INFO:OPTIMIZER:message:Optimization terminated successfully.
22:08:34:INFO:OPTIMIZER:success:True
22:08:34:INFO:OPTIMIZER:constr:[array([0.])]
22:08:34:INFO:OPTIMIZER:constr_violation:0.0
22:08:34:INFO:OPTIMIZER:maxcv:0.0
22:08:34:INFO:RESULT:A:
[[-0.06793475  0.18117227  0.          0.02040388]
 [ 0.05093155 -0.1914747   0.00004595  0.        ]
 [ 0.          0.01030243 -0.00004595  0.        ]
 [ 0.0170032   0.          0.         -0.02040388]]
22:08:34:INFO:RESULT:m_eq:
[  589.00031463   165.58107314 37126.11374483   490.83276753](38371.52790013031)
22:08:34:INFO:RESULT:x_vec:
[    0.05093155     0.01030243     0.0170032    589.00031463
   165.58107314 37126.11374483   490.83276753](38371.60613730998)
22:08:34:INFO:RESULT:time_scale:
[  4.09384017  29.18182103 756.46353788]
22:08:34:INFO:SAVE:message:saving bunch of data...
22:08:34:INFO:SAVE:message:saving optimizer data ...
