22:22:24:INFO:GENERAL:seed:1
22:22:24:INFO:GENERAL:rho:[0.1, 0.01, 0.01]
22:22:24:INFO:GENERAL:bounds_z:[(1e-06, 0.3), (1e-06, 0.3), (588.999411, 589.000589), (1e-06, 1800), (1e-06, 74200)]
22:22:26:INFO:OPTIMIZER:x:
[    0.05499908     0.00418366   588.99941872   957.53188017
 37096.65985753]
22:22:26:INFO:OPTIMIZER:fun:0.004405088110124986
22:22:26:INFO:OPTIMIZER:nfev:7414
22:22:26:INFO:OPTIMIZER:nit:115
22:22:26:INFO:OPTIMIZER:message:Optimization terminated successfully.
22:22:26:INFO:OPTIMIZER:success:True
22:22:26:INFO:OPTIMIZER:constr:[array([0.])]
22:22:26:INFO:OPTIMIZER:constr_violation:0.0
22:22:26:INFO:OPTIMIZER:maxcv:0.0
22:22:26:INFO:RESULT:A:
[[-0.05499908  0.03383117  0.        ]
 [ 0.05499908 -0.03801483  0.00010799]
 [ 0.          0.00418366 -0.00010799]]
22:22:26:INFO:RESULT:m_eq:
[  588.99941872   957.53188017 37096.65985753](38643.191156418216)
22:22:26:INFO:RESULT:x_vec:
[    0.05499908     0.00418366   588.99941872   957.53188017
 37096.65985753](38643.25033915371)
22:22:26:INFO:RESULT:time_scale:
[ 11.05307244 377.45660093]
22:22:26:INFO:SAVE:message:saving bunch of data...
22:22:26:INFO:SAVE:message:saving optimizer data ...
