21:21:56:INFO:GENERAL:seed:1
21:21:56:INFO:GENERAL:rho:[0.1, 0.1, 0.001]
21:21:56:INFO:GENERAL:bounds_z:[(1e-06, 0.3), (1e-06, 0.3), (1e-06, 0.3), (588.999411, 589.000589), (1e-06, 1800), (1e-06, 74200), (1e-06, 1100)]
21:21:59:INFO:OPTIMIZER:x:
[    0.00445475     0.00022015     0.02634741   589.00002177
   899.99997909 37099.99879298   550.0000079 ]
21:21:59:INFO:OPTIMIZER:fun:0.003621030638643063
21:21:59:INFO:OPTIMIZER:nfev:12215
21:21:59:INFO:OPTIMIZER:nit:224
21:21:59:INFO:OPTIMIZER:message:Optimization terminated successfully.
21:21:59:INFO:OPTIMIZER:success:True
21:21:59:INFO:OPTIMIZER:constr:[array([0.])]
21:21:59:INFO:OPTIMIZER:constr_violation:0.0
21:21:59:INFO:OPTIMIZER:maxcv:0.0
21:21:59:INFO:RESULT:A:
[[-0.03080216  0.00291539  0.          0.02821568]
 [ 0.00445475 -0.00313553  0.00000534  0.        ]
 [ 0.          0.00022015 -0.00000534  0.        ]
 [ 0.02634741  0.          0.         -0.02821568]]
21:21:59:INFO:RESULT:m_eq:
[  589.00002177   899.99997909 37099.99879298   550.0000079 ](39138.9988017404)
21:21:59:INFO:RESULT:x_vec:
[    0.00445475     0.00022015     0.02634741   589.00002177
   899.99997909 37099.99879298   550.0000079 ](39139.029824045974)
21:21:59:INFO:RESULT:time_scale:
[  17.56487092  195.05015725 9998.82219416]
21:21:59:INFO:SAVE:message:saving bunch of data...
21:21:59:INFO:SAVE:message:saving optimizer data ...
