22:16:14:INFO:GENERAL:seed:1
22:16:14:INFO:GENERAL:rho:[0.0, 0.1, 0.0001]
22:16:14:INFO:GENERAL:bounds_z:[(1e-06, 0.3), (1e-06, 0.3), (588.999411, 589.000589), (1e-06, 1800), (1e-06, 74200)]
22:16:16:INFO:OPTIMIZER:x:
[    0.02855161     0.00102921   589.00000416   900.00000546
 37100.00001376]
22:16:16:INFO:OPTIMIZER:fun:0.0017615655426634316
22:16:16:INFO:OPTIMIZER:nfev:10706
22:16:16:INFO:OPTIMIZER:nit:167
22:16:16:INFO:OPTIMIZER:message:Optimization terminated successfully.
22:16:16:INFO:OPTIMIZER:success:True
22:16:16:INFO:OPTIMIZER:constr:[array([0.])]
22:16:16:INFO:OPTIMIZER:constr_violation:0.0
22:16:16:INFO:OPTIMIZER:maxcv:0.0
22:16:16:INFO:RESULT:A:
[[-0.02855161  0.01868544  0.        ]
 [ 0.02855161 -0.01971465  0.00002497]
 [ 0.          0.00102921 -0.00002497]]
22:16:16:INFO:RESULT:m_eq:
[  589.00000416   900.00000546 37100.00001376](38589.00002337517)
22:16:16:INFO:RESULT:x_vec:
[    0.02855161     0.00102921   589.00000416   900.00000546
 37100.00001376](38589.02960418833)
22:16:16:INFO:RESULT:time_scale:
[  20.98645893 1558.97208609]
22:16:16:INFO:SAVE:message:saving bunch of data...
22:16:16:INFO:SAVE:message:saving optimizer data ...
