22:05:38:INFO:GENERAL:seed:1
22:05:38:INFO:GENERAL:rho:[0.01, 0.01, 0.1]
22:05:38:INFO:GENERAL:bounds_z:[(1e-06, 0.3), (1e-06, 0.3), (588.999411, 589.000589), (1e-06, 1800), (1e-06, 74200)]
22:05:40:INFO:OPTIMIZER:x:
[    0.06944569     0.00459474   588.99987302   900.00028158
 37099.99973751]
22:05:40:INFO:OPTIMIZER:fun:0.0011984631271639828
22:05:40:INFO:OPTIMIZER:nfev:8641
22:05:40:INFO:OPTIMIZER:nit:134
22:05:40:INFO:OPTIMIZER:message:Optimization terminated successfully.
22:05:40:INFO:OPTIMIZER:success:True
22:05:40:INFO:OPTIMIZER:constr:[array([0.])]
22:05:40:INFO:OPTIMIZER:constr_violation:0.0
22:05:40:INFO:OPTIMIZER:maxcv:0.0
22:05:40:INFO:RESULT:A:
[[-0.06944569  0.04544832  0.        ]
 [ 0.06944569 -0.05004306  0.00011146]
 [ 0.          0.00459474 -0.00011146]]
22:05:40:INFO:RESULT:m_eq:
[  588.99987302   900.00028158 37099.99973751](38588.9998921028)
22:05:40:INFO:RESULT:x_vec:
[    0.06944569     0.00459474   588.99987302   900.00028158
 37099.99973751](38589.07393253262)
22:05:40:INFO:RESULT:time_scale:
[  8.56474946 351.79479341]
22:05:40:INFO:SAVE:message:saving bunch of data...
22:05:40:INFO:SAVE:message:saving optimizer data ...
