22:09:49:INFO:GENERAL:seed:1
22:09:49:INFO:GENERAL:rho:[0.0, 0.1, 0.1]
22:09:49:INFO:GENERAL:bounds_z:[(1e-06, 0.3), (1e-06, 0.3), (1e-06, 0.3), (588.999411, 589.000589), (1e-06, 1800), (1e-06, 74200), (1e-06, 1100)]
22:09:56:INFO:OPTIMIZER:x:
[    0.00874648     0.00021792     0.00911864   588.99998409
   899.99999511 37100.00044726   550.00002378]
22:09:56:INFO:OPTIMIZER:fun:0.0041110875956557975
22:09:56:INFO:OPTIMIZER:nfev:34284
22:09:56:INFO:OPTIMIZER:nit:622
22:09:56:INFO:OPTIMIZER:message:Optimization terminated successfully.
22:09:56:INFO:OPTIMIZER:success:True
22:09:56:INFO:OPTIMIZER:constr:[array([0.])]
22:09:56:INFO:OPTIMIZER:constr_violation:0.0
22:09:56:INFO:OPTIMIZER:maxcv:0.0
22:09:56:INFO:RESULT:A:
[[-0.01786512  0.00572408  0.          0.00976523]
 [ 0.00874648 -0.005942    0.00000529  0.        ]
 [ 0.          0.00021792 -0.00000529  0.        ]
 [ 0.00911864  0.          0.         -0.00976523]]
22:09:56:INFO:RESULT:m_eq:
[  588.99998409   899.99999511 37100.00044726   550.00002378](39139.00045024039)
22:09:56:INFO:RESULT:x_vec:
[    0.00874648     0.00021792     0.00911864   588.99998409
   899.99999511 37100.00044726   550.00002378](39139.018533275936)
22:09:56:INFO:RESULT:time_scale:
[  38.61761659  131.87877334 9999.90865743]
22:09:56:INFO:SAVE:message:saving bunch of data...
22:09:56:INFO:SAVE:message:saving optimizer data ...
