21:20:53:INFO:GENERAL:seed:1
21:20:53:INFO:GENERAL:rho:[0.01, 0.0, 0.0001]
21:20:53:INFO:GENERAL:bounds_z:[(1e-06, 0.3), (1e-06, 0.3), (588.999411, 589.000589), (1e-06, 1800), (1e-06, 74200)]
21:20:56:INFO:OPTIMIZER:x:
[  0.05303928   0.01409727 588.99969153 432.99629332 780.80744984]
21:20:56:INFO:OPTIMIZER:fun:0.0007405151074351397
21:20:56:INFO:OPTIMIZER:nfev:14714
21:20:56:INFO:OPTIMIZER:nit:228
21:20:56:INFO:OPTIMIZER:message:Optimization terminated successfully.
21:20:56:INFO:OPTIMIZER:success:True
21:20:56:INFO:OPTIMIZER:constr:[array([0.])]
21:20:56:INFO:OPTIMIZER:constr_violation:0.0
21:20:56:INFO:OPTIMIZER:maxcv:0.0
21:20:56:INFO:RESULT:A:
[[-0.05303928  0.0721487   0.        ]
 [ 0.05303928 -0.08624598  0.00781763]
 [ 0.          0.01409727 -0.00781763]]
21:20:56:INFO:RESULT:m_eq:
[588.99969153 432.99629332 780.80744984](1802.8034346952302)
21:20:56:INFO:RESULT:x_vec:
[  0.05303928   0.01409727 588.99969153 432.99629332 780.80744984](1802.8705712507417)
21:20:56:INFO:RESULT:time_scale:
[ 7.44919277 77.75953011]
21:20:56:INFO:SAVE:message:saving bunch of data...
21:20:56:INFO:SAVE:message:saving optimizer data ...
