21:22:13:INFO:GENERAL:seed:1
21:22:13:INFO:GENERAL:rho:[0.1, 0.0, 0.001]
21:22:13:INFO:GENERAL:bounds_z:[(1e-06, 0.3), (1e-06, 0.3), (588.999411, 589.000589), (1e-06, 1800), (1e-06, 74200)]
21:22:15:INFO:OPTIMIZER:x:
[    0.02990002     0.0023572    588.99991373   756.90576311
 74197.26798794]
21:22:15:INFO:OPTIMIZER:fun:0.003171951329831375
21:22:15:INFO:OPTIMIZER:nfev:8665
21:22:15:INFO:OPTIMIZER:nit:136
21:22:15:INFO:OPTIMIZER:message:Optimization terminated successfully.
21:22:15:INFO:OPTIMIZER:success:True
21:22:15:INFO:OPTIMIZER:constr:[array([0.])]
21:22:15:INFO:OPTIMIZER:constr_violation:0.0
21:22:15:INFO:OPTIMIZER:maxcv:0.0
21:22:15:INFO:RESULT:A:
[[-0.02990002  0.02326724  0.        ]
 [ 0.02990002 -0.02562444  0.00002405]
 [ 0.          0.0023572  -0.00002405]]
21:22:15:INFO:RESULT:m_eq:
[  588.99991373   756.90576311 74197.26798794](75543.17366477662)
21:22:15:INFO:RESULT:x_vec:
[    0.02990002     0.0023572    588.99991373   756.90576311
 74197.26798794](75543.20592199077)
21:22:15:INFO:RESULT:time_scale:
[ 18.44162675 755.65922098]
21:22:15:INFO:SAVE:message:saving bunch of data...
21:22:15:INFO:SAVE:message:saving optimizer data ...
