21:13:19:INFO:GENERAL:seed:1
21:13:19:INFO:GENERAL:rho:[0.1, 0.1, 0.0001]
21:13:19:INFO:GENERAL:bounds_z:[(1e-06, 0.3), (1e-06, 0.3), (1e-06, 0.3), (588.999411, 589.000589), (1e-06, 1800), (1e-06, 74200), (1e-06, 1100)]
21:13:22:INFO:OPTIMIZER:x:
[    0.01571808     0.00358988     0.03652199   588.99999659
   899.99992781 37100.0001585    549.99994484]
21:13:22:INFO:OPTIMIZER:fun:0.0038048819903701413
21:13:22:INFO:OPTIMIZER:nfev:12920
21:13:22:INFO:OPTIMIZER:nit:200
21:13:22:INFO:OPTIMIZER:message:Optimization terminated successfully.
21:13:22:INFO:OPTIMIZER:success:True
21:13:22:INFO:OPTIMIZER:constr:[array([0.])]
21:13:22:INFO:OPTIMIZER:constr_violation:0.0
21:13:22:INFO:OPTIMIZER:maxcv:0.0
21:13:22:INFO:RESULT:A:
[[-0.05224008  0.01028661  0.          0.03911174]
 [ 0.01571808 -0.0138765   0.00008709  0.        ]
 [ 0.          0.00358988 -0.00008709  0.        ]
 [ 0.03652199  0.          0.         -0.03911174]]
21:13:22:INFO:RESULT:m_eq:
[  588.99999659   899.99992781 37100.0001585    549.99994484](39139.00002773338)
21:13:22:INFO:RESULT:x_vec:
[    0.01571808     0.00358988     0.03652199   588.99999659
   899.99992781 37100.0001585    549.99994484](39139.05585769418)
21:13:22:INFO:RESULT:time_scale:
[ 11.71279735  54.16653567 676.99513766]
21:13:22:INFO:SAVE:message:saving bunch of data...
21:13:22:INFO:SAVE:message:saving optimizer data ...
