22:07:15:INFO:GENERAL:seed:1
22:07:15:INFO:GENERAL:rho:[0.0, 0.001, 0.0001]
22:07:15:INFO:GENERAL:bounds_z:[(1e-06, 0.3), (1e-06, 0.3), (1e-06, 0.3), (588.999411, 589.000589), (1e-06, 1800), (1e-06, 74200), (1e-06, 1100)]
22:07:20:INFO:OPTIMIZER:x:
[    0.0148661      0.00207414     0.04710202   589.00021151
   716.82702005 37074.60594799   207.63685526]
22:07:20:INFO:OPTIMIZER:fun:0.0003157268599364226
22:07:20:INFO:OPTIMIZER:nfev:23004
22:07:20:INFO:OPTIMIZER:nit:359
22:07:20:INFO:OPTIMIZER:message:Optimization terminated successfully.
22:07:20:INFO:OPTIMIZER:success:True
22:07:20:INFO:OPTIMIZER:constr:[array([0.])]
22:07:20:INFO:OPTIMIZER:constr_violation:0.0
22:07:20:INFO:OPTIMIZER:maxcv:0.0
22:07:20:INFO:RESULT:A:
[[-0.06196812  0.01221513  0.          0.13361356]
 [ 0.0148661  -0.01428927  0.0000401   0.        ]
 [ 0.          0.00207414 -0.0000401   0.        ]
 [ 0.04710202  0.          0.         -0.13361356]]
22:07:20:INFO:RESULT:m_eq:
[  589.00021151   716.82702005 37074.60594799   207.63685526](38588.07003479976)
22:07:20:INFO:RESULT:x_vec:
[    0.0148661      0.00207414     0.04710202   589.00021151
   716.82702005 37074.60594799   207.63685526](38588.13407705328)
22:07:20:INFO:RESULT:time_scale:
[   5.40104535   42.03781671 1027.11914679]
22:07:20:INFO:SAVE:message:saving bunch of data...
22:07:20:INFO:SAVE:message:saving optimizer data ...
