22:16:08:INFO:GENERAL:seed:1
22:16:08:INFO:GENERAL:rho:[0.0, 0.0001, 0.001]
22:16:08:INFO:GENERAL:bounds_z:[(1e-06, 0.3), (1e-06, 0.3), (1e-06, 0.3), (588.999411, 589.000589), (1e-06, 1800), (1e-06, 74200), (1e-06, 1100)]
22:16:13:INFO:OPTIMIZER:x:
[    0.05116541     0.0103559      0.01701502   589.00018793
   165.37238029 37236.84082235   489.57212912]
22:16:13:INFO:OPTIMIZER:fun:0.0002519283649625912
22:16:13:INFO:OPTIMIZER:nfev:24136
22:16:13:INFO:OPTIMIZER:nit:373
22:16:13:INFO:OPTIMIZER:message:Optimization terminated successfully.
22:16:13:INFO:OPTIMIZER:success:True
22:16:13:INFO:OPTIMIZER:constr:[array([0.])]
22:16:13:INFO:OPTIMIZER:constr_violation:0.0
22:16:13:INFO:OPTIMIZER:maxcv:0.0
22:16:13:INFO:RESULT:A:
[[-0.06818042  0.18223378  0.          0.02047063]
 [ 0.05116541 -0.19258968  0.00004599  0.        ]
 [ 0.          0.0103559  -0.00004599  0.        ]
 [ 0.01701502  0.          0.         -0.02047063]]
22:16:13:INFO:RESULT:m_eq:
[  589.00018793   165.37238029 37236.84082235   489.57212912](38480.785519678866)
22:16:13:INFO:RESULT:x_vec:
[    0.05116541     0.0103559      0.01701502   589.00018793
   165.37238029 37236.84082235   489.57212912](38480.86405600439)
22:16:13:INFO:RESULT:time_scale:
[  4.07156333  29.11014224 752.71037507]
22:16:13:INFO:SAVE:message:saving bunch of data...
22:16:13:INFO:SAVE:message:saving optimizer data ...
