22:16:08:INFO:GENERAL:seed:1
22:16:08:INFO:GENERAL:rho:[0.0, 0.001, 0.0001]
22:16:08:INFO:GENERAL:bounds_z:[(1e-06, 0.3), (1e-06, 0.3), (588.999411, 589.000589), (1e-06, 1800), (1e-06, 74200)]
22:16:09:INFO:OPTIMIZER:x:
[    0.04127664     0.00383772   589.00057135   620.28557074
 36951.97716371]
22:16:09:INFO:OPTIMIZER:fun:0.0009678759828196461
22:16:09:INFO:OPTIMIZER:nfev:9306
22:16:09:INFO:OPTIMIZER:nit:146
22:16:09:INFO:OPTIMIZER:message:Optimization terminated successfully.
22:16:09:INFO:OPTIMIZER:success:True
22:16:09:INFO:OPTIMIZER:constr:[array([0.])]
22:16:09:INFO:OPTIMIZER:constr_violation:0.0
22:16:09:INFO:OPTIMIZER:maxcv:0.0
22:16:09:INFO:RESULT:A:
[[-0.04127664  0.03919479  0.        ]
 [ 0.04127664 -0.04303252  0.00006442]
 [ 0.          0.00383772 -0.00006442]]
22:16:09:INFO:RESULT:m_eq:
[  589.00057135   620.28557074 36951.97716371](38161.263305798464)
22:16:09:INFO:RESULT:x_vec:
[    0.04127664     0.00383772   589.00057135   620.28557074
 36951.97716371](38161.308420162575)
22:16:09:INFO:RESULT:time_scale:
[ 12.1376981  503.61731309]
22:16:09:INFO:SAVE:message:saving bunch of data...
22:16:09:INFO:SAVE:message:saving optimizer data ...
