21:22:05:INFO:GENERAL:seed:1
21:22:05:INFO:GENERAL:rho:[0.01, 0.001, 0.01]
21:22:05:INFO:GENERAL:bounds_z:[(1e-06, 0.3), (1e-06, 0.3), (1e-06, 0.3), (588.999411, 589.000589), (1e-06, 1800), (1e-06, 74200), (1e-06, 1100)]
21:22:12:INFO:OPTIMIZER:x:
[    0.01603834     0.00240563     0.04304833   588.99961014
   688.85276517 37069.58182738   193.76106409]
21:22:12:INFO:OPTIMIZER:fun:0.0008606261998459473
21:22:12:INFO:OPTIMIZER:nfev:33867
21:22:12:INFO:OPTIMIZER:nit:532
21:22:12:INFO:OPTIMIZER:message:Optimization terminated successfully.
21:22:12:INFO:OPTIMIZER:success:True
21:22:12:INFO:OPTIMIZER:constr:[array([0.])]
21:22:12:INFO:OPTIMIZER:constr_violation:0.0
21:22:12:INFO:OPTIMIZER:maxcv:0.0
21:22:12:INFO:RESULT:A:
[[-0.05908667  0.01371349  0.          0.13085936]
 [ 0.01603834 -0.01611912  0.0000447   0.        ]
 [ 0.          0.00240563 -0.0000447   0.        ]
 [ 0.04304833  0.          0.         -0.13085936]]
21:22:12:INFO:RESULT:m_eq:
[  588.99961014   688.85276517 37069.58182738   193.76106409](38541.195266788796)
21:22:12:INFO:RESULT:x_vec:
[    0.01603834     0.00240563     0.04304833   588.99961014
   688.85276517 37069.58182738   193.76106409](38541.25675908445)
21:22:12:INFO:RESULT:time_scale:
[  5.60056449  37.81475423 899.51200033]
21:22:12:INFO:SAVE:message:saving bunch of data...
21:22:12:INFO:SAVE:message:saving optimizer data ...
