22:09:35:INFO:GENERAL:seed:1
22:09:35:INFO:GENERAL:rho:[0.001, 0.0001, 0.1]
22:09:35:INFO:GENERAL:bounds_z:[(1e-06, 0.3), (1e-06, 0.3), (588.999411, 589.000589), (1e-06, 1800), (1e-06, 74200)]
22:09:38:INFO:OPTIMIZER:x:
[  0.05678831   0.0162253  589.00027311 405.39217144 786.17100902]
22:09:38:INFO:OPTIMIZER:fun:0.0003116041258481379
22:09:38:INFO:OPTIMIZER:nfev:15154
22:09:38:INFO:OPTIMIZER:nit:235
22:09:38:INFO:OPTIMIZER:message:Optimization terminated successfully.
22:09:38:INFO:OPTIMIZER:success:True
22:09:38:INFO:OPTIMIZER:constr:[array([0.])]
22:09:38:INFO:OPTIMIZER:constr_violation:0.0
22:09:38:INFO:OPTIMIZER:maxcv:0.0
22:09:38:INFO:RESULT:A:
[[-0.05678831  0.08250857  0.        ]
 [ 0.05678831 -0.09873387  0.00836664]
 [ 0.          0.0162253  -0.00836664]]
22:09:38:INFO:RESULT:m_eq:
[589.00027311 405.39217144 786.17100902](1780.5634535728889)
22:09:38:INFO:RESULT:x_vec:
[  0.05678831   0.0162253  589.00027311 405.39217144 786.17100902](1780.6364671805104)
22:09:38:INFO:RESULT:time_scale:
[ 6.66782008 71.86609778]
22:09:38:INFO:SAVE:message:saving bunch of data...
22:09:38:INFO:SAVE:message:saving optimizer data ...
