22:02:58:INFO:GENERAL:seed:1
22:02:58:INFO:GENERAL:rho:[0.0, 0.01, 0.0001]
22:02:58:INFO:GENERAL:bounds_z:[(1e-06, 0.3), (1e-06, 0.3), (1e-06, 0.3), (588.999411, 589.000589), (1e-06, 1800), (1e-06, 74200), (1e-06, 1100)]
22:03:01:INFO:OPTIMIZER:x:
[    0.0148096      0.00464579     0.05973048   588.99997644
   900.0000135  37100.0032641    549.9999359 ]
22:03:01:INFO:OPTIMIZER:fun:0.0005326943400026783
22:03:01:INFO:OPTIMIZER:nfev:16960
22:03:01:INFO:OPTIMIZER:nit:260
22:03:01:INFO:OPTIMIZER:message:Optimization terminated successfully.
22:03:01:INFO:OPTIMIZER:success:True
22:03:01:INFO:OPTIMIZER:constr:[array([0.])]
22:03:01:INFO:OPTIMIZER:constr_violation:0.0
22:03:01:INFO:OPTIMIZER:maxcv:0.0
22:03:01:INFO:RESULT:A:
[[-0.07454007  0.00969206  0.          0.06396592]
 [ 0.0148096  -0.01433785  0.0001127   0.        ]
 [ 0.          0.00464579 -0.0001127   0.        ]
 [ 0.05973048  0.          0.         -0.06396592]]
22:03:01:INFO:RESULT:m_eq:
[  588.99997644   900.0000135  37100.0032641    549.9999359 ](39139.0031899425)
22:03:01:INFO:RESULT:x_vec:
[    0.0148096      0.00464579     0.05973048   588.99997644
   900.0000135  37100.0032641    549.9999359 ](39139.08237580335)
22:03:01:INFO:RESULT:time_scale:
[  7.57829491  52.17896888 544.68570739]
22:03:01:INFO:SAVE:message:saving bunch of data...
22:03:01:INFO:SAVE:message:saving optimizer data ...
