22:21:01:INFO:GENERAL:seed:1
22:21:01:INFO:GENERAL:rho:[0.0, 0.0001, 0.0001]
22:21:01:INFO:GENERAL:bounds_z:[(1e-06, 0.3), (1e-06, 0.3), (1e-06, 0.3), (588.999411, 589.000589), (1e-06, 1800), (1e-06, 74200), (1e-06, 1100)]
22:21:07:INFO:OPTIMIZER:x:
[    0.02520921     0.0030078      0.06235978   589.00033688
  1020.78785354 36815.66452527   320.57114964]
22:21:07:INFO:OPTIMIZER:fun:0.00018380863052807955
22:21:07:INFO:OPTIMIZER:nfev:23738
22:21:07:INFO:OPTIMIZER:nit:367
22:21:07:INFO:OPTIMIZER:message:Optimization terminated successfully.
22:21:07:INFO:OPTIMIZER:success:True
22:21:07:INFO:OPTIMIZER:constr:[array([0.])]
22:21:07:INFO:OPTIMIZER:constr_violation:0.0
22:21:07:INFO:OPTIMIZER:maxcv:0.0
22:21:07:INFO:RESULT:A:
[[-0.08756899  0.01454586  0.          0.11457654]
 [ 0.02520921 -0.01755366  0.0000834   0.        ]
 [ 0.          0.0030078  -0.0000834   0.        ]
 [ 0.06235978  0.          0.         -0.11457654]]
22:21:07:INFO:RESULT:m_eq:
[  589.00033688  1020.78785354 36815.66452527   320.57114964](38746.023865335024)
22:21:07:INFO:RESULT:x_vec:
[    0.02520921     0.0030078      0.06235978   589.00033688
  1020.78785354 36815.66452527   320.57114964](38746.11444213059)
22:21:07:INFO:RESULT:time_scale:
[  5.33084971  32.67705005 627.85861034]
22:21:07:INFO:SAVE:message:saving bunch of data...
22:21:07:INFO:SAVE:message:saving optimizer data ...
