22:17:17:INFO:GENERAL:seed:1
22:17:17:INFO:GENERAL:rho:[0.0001, 0.001, 0.01]
22:17:17:INFO:GENERAL:bounds_z:[(1e-06, 0.3), (1e-06, 0.3), (1e-06, 0.3), (588.999411, 589.000589), (1e-06, 1800), (1e-06, 74200), (1e-06, 1100)]
22:17:24:INFO:OPTIMIZER:x:
[    0.01606779     0.00234387     0.04731897   589.00003402
   695.41093034 37087.26275401   191.53715652]
22:17:24:INFO:OPTIMIZER:fun:0.00032699761596770586
22:17:24:INFO:OPTIMIZER:nfev:32247
22:17:24:INFO:OPTIMIZER:nit:504
22:17:24:INFO:OPTIMIZER:message:Optimization terminated successfully.
22:17:24:INFO:OPTIMIZER:success:True
22:17:24:INFO:OPTIMIZER:constr:[array([0.])]
22:17:24:INFO:OPTIMIZER:constr_violation:0.0
22:17:24:INFO:OPTIMIZER:maxcv:0.0
22:17:24:INFO:RESULT:A:
[[-0.06338676  0.01360911  0.          0.14551159]
 [ 0.01606779 -0.01595298  0.00004395  0.        ]
 [ 0.          0.00234387 -0.00004395  0.        ]
 [ 0.04731897  0.          0.         -0.14551159]]
22:17:24:INFO:RESULT:m_eq:
[  589.00003402   695.41093034 37087.26275401   191.53715652](38563.210874897726)
22:17:24:INFO:RESULT:x_vec:
[    0.01606779     0.00234387     0.04731897   589.00003402
   695.41093034 37087.26275401   191.53715652](38563.27660552051)
22:17:24:INFO:RESULT:time_scale:
[  5.0666529   37.82986207 915.60730762]
22:17:24:INFO:SAVE:message:saving bunch of data...
22:17:24:INFO:SAVE:message:saving optimizer data ...
