22:09:58:INFO:GENERAL:seed:1
22:09:58:INFO:GENERAL:rho:[0.0, 0.01, 0.1]
22:09:58:INFO:GENERAL:bounds_z:[(1e-06, 0.3), (1e-06, 0.3), (1e-06, 0.3), (588.999411, 589.000589), (1e-06, 1800), (1e-06, 74200), (1e-06, 1100)]
22:10:07:INFO:OPTIMIZER:x:
[    0.0159995      0.00219452     0.04717215   589.00055566
   707.31542989 37098.19953613   191.27465959]
22:10:07:INFO:OPTIMIZER:fun:0.0018701826267363442
22:10:07:INFO:OPTIMIZER:nfev:49554
22:10:07:INFO:OPTIMIZER:nit:772
22:10:07:INFO:OPTIMIZER:message:Optimization terminated successfully.
22:10:07:INFO:OPTIMIZER:success:True
22:10:07:INFO:OPTIMIZER:constr:[array([0.])]
22:10:07:INFO:OPTIMIZER:constr_violation:0.0
22:10:07:INFO:OPTIMIZER:maxcv:0.0
22:10:07:INFO:RESULT:A:
[[-0.06317165  0.01332321  0.          0.14525931]
 [ 0.0159995  -0.01551773  0.00004184  0.        ]
 [ 0.          0.00219452 -0.00004184  0.        ]
 [ 0.04717215  0.          0.         -0.14525931]]
22:10:07:INFO:RESULT:m_eq:
[  589.00055566   707.31542989 37098.19953613   191.27465959](38585.79018126972)
22:10:07:INFO:RESULT:x_vec:
[    0.0159995      0.00219452     0.04717215   589.00055566
   707.31542989 37098.19953613   191.27465959](38585.85554744447)
22:10:07:INFO:RESULT:time_scale:
[  5.07773383  38.43646522 965.87736873]
22:10:07:INFO:SAVE:message:saving bunch of data...
22:10:07:INFO:SAVE:message:saving optimizer data ...
