22:21:00:INFO:GENERAL:seed:1
22:21:00:INFO:GENERAL:rho:[0.0001, 0.0, 0.0]
22:21:00:INFO:GENERAL:bounds_z:[(1e-06, 0.3), (1e-06, 0.3), (1e-06, 0.3), (588.999411, 589.000589), (1e-06, 1800), (1e-06, 74200), (1e-06, 1100)]
22:21:13:INFO:OPTIMIZER:x:
[   0.05761022    0.04692667    0.03955535  589.00044924  180.56454637
 1492.51002839  472.08496131]
22:21:13:INFO:OPTIMIZER:fun:0.00012951965379635403
22:21:13:INFO:OPTIMIZER:nfev:61363
22:21:13:INFO:OPTIMIZER:nit:951
22:21:13:INFO:OPTIMIZER:message:Optimization terminated successfully.
22:21:13:INFO:OPTIMIZER:success:True
22:21:13:INFO:OPTIMIZER:constr:[array([0.])]
22:21:13:INFO:OPTIMIZER:constr_violation:0.0
22:21:13:INFO:OPTIMIZER:maxcv:0.0
22:21:13:INFO:RESULT:A:
[[-0.09716557  0.18792417  0.          0.04935154]
 [ 0.05761022 -0.23485084  0.00567721  0.        ]
 [ 0.          0.04692667 -0.00567721  0.        ]
 [ 0.03955535  0.          0.         -0.04935154]]
22:21:13:INFO:RESULT:m_eq:
[ 589.00044924  180.56454637 1492.51002839  472.08496131](2734.159985305584)
22:21:13:INFO:RESULT:x_vec:
[   0.05761022    0.04692667    0.03955535  589.00044924  180.56454637
 1492.51002839  472.08496131](2734.3040775416794)
22:21:13:INFO:RESULT:time_scale:
[  3.40927048  11.93581435 100.54486253]
22:21:13:INFO:SAVE:message:saving bunch of data...
22:21:13:INFO:SAVE:message:saving optimizer data ...
