21:21:48:INFO:GENERAL:seed:1
21:21:48:INFO:GENERAL:rho:[0.01, 0.0001, 0.001]
21:21:48:INFO:GENERAL:bounds_z:[(1e-06, 0.3), (1e-06, 0.3), (1e-06, 0.3), (588.999411, 589.000589), (1e-06, 1800), (1e-06, 74200), (1e-06, 1100)]
21:21:53:INFO:OPTIMIZER:x:
[    0.01604809     0.00242422     0.04308016   589.00005274
   687.3995256  36853.3785164    193.79487967]
21:21:53:INFO:OPTIMIZER:fun:0.0007055682701337613
21:21:53:INFO:OPTIMIZER:nfev:24048
21:21:53:INFO:OPTIMIZER:nit:373
21:21:53:INFO:OPTIMIZER:message:Optimization terminated successfully.
21:21:53:INFO:OPTIMIZER:success:True
21:21:53:INFO:OPTIMIZER:constr:[array([0.])]
21:21:53:INFO:OPTIMIZER:constr_violation:0.0
21:21:53:INFO:OPTIMIZER:maxcv:0.0
21:21:53:INFO:RESULT:A:
[[-0.05912825  0.01375085  0.          0.13093337]
 [ 0.01604809 -0.01617507  0.00004522  0.        ]
 [ 0.          0.00242422 -0.00004522  0.        ]
 [ 0.04308016  0.          0.         -0.13093337]]
21:21:53:INFO:RESULT:m_eq:
[  589.00005274   687.3995256  36853.3785164    193.79487967](38323.57297440349)
21:21:53:INFO:RESULT:x_vec:
[    0.01604809     0.00242422     0.04308016   589.00005274
   687.3995256  36853.3785164    193.79487967](38323.634526876616)
21:21:53:INFO:RESULT:time_scale:
[  5.59711043  37.73660718 893.79667005]
21:21:53:INFO:SAVE:message:saving bunch of data...
21:21:53:INFO:SAVE:message:saving optimizer data ...
