22:15:30:INFO:GENERAL:seed:1
22:15:30:INFO:GENERAL:rho:[0.01, 0.0, 0.0001]
22:15:30:INFO:GENERAL:bounds_z:[(1e-06, 0.3), (1e-06, 0.3), (1e-06, 0.3), (588.999411, 589.000589), (1e-06, 1800), (1e-06, 74200), (1e-06, 1100)]
22:15:34:INFO:OPTIMIZER:x:
[    0.01280597     0.00151277     0.04412506   589.00034538
   764.66263179 74153.67433186   240.04981191]
22:15:34:INFO:OPTIMIZER:fun:0.0006409697167090098
22:15:34:INFO:OPTIMIZER:nfev:21838
22:15:34:INFO:OPTIMIZER:nit:340
22:15:34:INFO:OPTIMIZER:message:Optimization terminated successfully.
22:15:34:INFO:OPTIMIZER:success:True
22:15:34:INFO:OPTIMIZER:constr:[array([0.])]
22:15:34:INFO:OPTIMIZER:constr_violation:0.0
22:15:34:INFO:OPTIMIZER:maxcv:0.0
22:15:34:INFO:RESULT:A:
[[-0.05693104  0.00986412  0.          0.10826785]
 [ 0.01280597 -0.01137689  0.0000156   0.        ]
 [ 0.          0.00151277 -0.0000156   0.        ]
 [ 0.04412506  0.          0.         -0.10826785]]
22:15:34:INFO:RESULT:m_eq:
[  589.00034538   764.66263179 74153.67433186   240.04981191](75747.3871209365)
22:15:34:INFO:RESULT:x_vec:
[    0.01280597     0.00151277     0.04412506   589.00034538
   764.66263179 74153.67433186   240.04981191](75747.44556474478)
22:15:34:INFO:RESULT:time_scale:
[   6.38510134   51.90288517 1408.37985488]
22:15:34:INFO:SAVE:message:saving bunch of data...
22:15:34:INFO:SAVE:message:saving optimizer data ...
