22:07:42:INFO:GENERAL:seed:1
22:07:42:INFO:GENERAL:rho:[0.001, 0.01, 0.001]
22:07:42:INFO:GENERAL:bounds_z:[(1e-06, 0.3), (1e-06, 0.3), (1e-06, 0.3), (588.999411, 589.000589), (1e-06, 1800), (1e-06, 74200), (1e-06, 1100)]
22:07:44:INFO:OPTIMIZER:x:
[    0.00359104     0.03379996     0.0352278    589.0000961
   900.00032187 37100.00578616   549.99954141]
22:07:44:INFO:OPTIMIZER:fun:0.0018054835829628781
22:07:44:INFO:OPTIMIZER:nfev:13611
22:07:44:INFO:OPTIMIZER:nit:210
22:07:44:INFO:OPTIMIZER:message:Optimization terminated successfully.
22:07:44:INFO:OPTIMIZER:success:True
22:07:44:INFO:OPTIMIZER:constr:[array([0.])]
22:07:44:INFO:OPTIMIZER:constr_violation:0.0
22:07:44:INFO:OPTIMIZER:maxcv:0.0
22:07:44:INFO:RESULT:A:
[[-0.03881884  0.00235014  0.          0.0377258 ]
 [ 0.00359104 -0.0361501   0.00081995  0.        ]
 [ 0.          0.03379996 -0.00081995  0.        ]
 [ 0.0352278   0.          0.         -0.0377258 ]]
22:07:44:INFO:RESULT:m_eq:
[  589.0000961    900.00032187 37100.00578616   549.99954141](39139.00574553551)
22:07:44:INFO:RESULT:x_vec:
[    0.00359104     0.03379996     0.0352278    589.0000961
   900.00032187 37100.00578616   549.99954141](39139.07836433455)
22:07:44:INFO:RESULT:time_scale:
[ 13.3611665   27.08350294 572.05782368]
22:07:44:INFO:SAVE:message:saving bunch of data...
22:07:44:INFO:SAVE:message:saving optimizer data ...
