22:23:11:INFO:GENERAL:seed:1
22:23:11:INFO:GENERAL:rho:[0.0001, 0.0001, 0.1]
22:23:11:INFO:GENERAL:bounds_z:[(1e-06, 0.3), (1e-06, 0.3), (588.999411, 589.000589), (1e-06, 1800), (1e-06, 74200)]
22:23:13:INFO:OPTIMIZER:x:
[   0.08073901    0.01245708  588.99987738  714.86959416 1272.72203587]
22:23:13:INFO:OPTIMIZER:fun:0.0003122651410760932
22:23:13:INFO:OPTIMIZER:nfev:13098
22:23:13:INFO:OPTIMIZER:nit:203
22:23:13:INFO:OPTIMIZER:message:Optimization terminated successfully.
22:23:13:INFO:OPTIMIZER:success:True
22:23:13:INFO:OPTIMIZER:constr:[array([0.])]
22:23:13:INFO:OPTIMIZER:constr_violation:0.0
22:23:13:INFO:OPTIMIZER:maxcv:0.0
22:23:13:INFO:RESULT:A:
[[-0.08073901  0.06652299  0.        ]
 [ 0.08073901 -0.07898007  0.00699696]
 [ 0.          0.01245708 -0.00699696]]
22:23:13:INFO:RESULT:m_eq:
[ 588.99987738  714.86959416 1272.72203587](2576.591507406972)
22:23:13:INFO:RESULT:x_vec:
[   0.08073901    0.01245708  588.99987738  714.86959416 1272.72203587](2576.6847034933307)
22:23:13:INFO:RESULT:time_scale:
[ 6.51692761 75.36078899]
22:23:13:INFO:SAVE:message:saving bunch of data...
22:23:13:INFO:SAVE:message:saving optimizer data ...
