22:20:55:INFO:GENERAL:seed:1
22:20:55:INFO:GENERAL:rho:[0.0001, 0.0001, 0.0]
22:20:55:INFO:GENERAL:bounds_z:[(1e-06, 0.3), (1e-06, 0.3), (588.999411, 589.000589), (1e-06, 1800), (1e-06, 74200)]
22:20:58:INFO:OPTIMIZER:x:
[   0.08073847    0.01245621  588.99990234  714.87399531 1272.7652595 ]
22:20:58:INFO:OPTIMIZER:fun:0.00031226513952254515
22:20:58:INFO:OPTIMIZER:nfev:12913
22:20:58:INFO:OPTIMIZER:nit:201
22:20:58:INFO:OPTIMIZER:message:Optimization terminated successfully.
22:20:58:INFO:OPTIMIZER:success:True
22:20:58:INFO:OPTIMIZER:constr:[array([0.])]
22:20:58:INFO:OPTIMIZER:constr_violation:0.0
22:20:58:INFO:OPTIMIZER:maxcv:0.0
22:20:58:INFO:RESULT:A:
[[-0.08073847  0.06652214  0.        ]
 [ 0.08073847 -0.07897835  0.00699628]
 [ 0.          0.01245621 -0.00699628]]
22:20:58:INFO:RESULT:m_eq:
[ 588.99990234  714.87399531 1272.7652595 ](2576.63915714431)
22:20:58:INFO:RESULT:x_vec:
[   0.08073847    0.01245621  588.99990234  714.87399531 1272.7652595 ](2576.7323518189287)
22:20:58:INFO:RESULT:time_scale:
[ 6.51700778 75.36680871]
22:20:58:INFO:SAVE:message:saving bunch of data...
22:20:58:INFO:SAVE:message:saving optimizer data ...
