22:17:04:INFO:GENERAL:seed:1
22:17:04:INFO:GENERAL:rho:[0.1, 0.0, 0.01]
22:17:04:INFO:GENERAL:bounds_z:[(1e-06, 0.3), (1e-06, 0.3), (588.999411, 589.000589), (1e-06, 1800), (1e-06, 74200)]
22:17:06:INFO:OPTIMIZER:x:
[    0.02989315     0.00235753   589.0001069    756.949107
 74194.23224031]
22:17:06:INFO:OPTIMIZER:fun:0.0031719513559529807
22:17:06:INFO:OPTIMIZER:nfev:9244
22:17:06:INFO:OPTIMIZER:nit:144
22:17:06:INFO:OPTIMIZER:message:Optimization terminated successfully.
22:17:06:INFO:OPTIMIZER:success:True
22:17:06:INFO:OPTIMIZER:constr:[array([0.])]
22:17:06:INFO:OPTIMIZER:constr_violation:0.0
22:17:06:INFO:OPTIMIZER:maxcv:0.0
22:17:06:INFO:RESULT:A:
[[-0.02989315  0.02326057  0.        ]
 [ 0.02989315 -0.0256181   0.00002405]
 [ 0.          0.00235753 -0.00002405]]
22:17:06:INFO:RESULT:m_eq:
[  589.0001069    756.949107   74194.23224031](75540.18145421811)
22:17:06:INFO:RESULT:x_vec:
[    0.02989315     0.00235753   589.0001069    756.949107
 74194.23224031](75540.21370489743)
22:17:06:INFO:RESULT:time_scale:
[ 18.44618887 755.53789502]
22:17:06:INFO:SAVE:message:saving bunch of data...
22:17:06:INFO:SAVE:message:saving optimizer data ...
