22:05:26:INFO:GENERAL:seed:1
22:05:26:INFO:GENERAL:rho:[0.1, 0.001, 0.1]
22:05:26:INFO:GENERAL:bounds_z:[(1e-06, 0.3), (1e-06, 0.3), (588.999411, 589.000589), (1e-06, 1800), (1e-06, 74200)]
22:05:27:INFO:OPTIMIZER:x:
[    0.04928357     0.00282767   588.99951056  1129.1081295
 37220.81225407]
22:05:27:INFO:OPTIMIZER:fun:0.00397320059540989
22:05:27:INFO:OPTIMIZER:nfev:6638
22:05:27:INFO:OPTIMIZER:nit:103
22:05:27:INFO:OPTIMIZER:message:Optimization terminated successfully.
22:05:27:INFO:OPTIMIZER:success:True
22:05:27:INFO:OPTIMIZER:constr:[array([0.])]
22:05:27:INFO:OPTIMIZER:constr_violation:0.0
22:05:27:INFO:OPTIMIZER:maxcv:0.0
22:05:27:INFO:RESULT:A:
[[-0.04928357  0.02570879  0.        ]
 [ 0.04928357 -0.02853645  0.00008578]
 [ 0.          0.00282767 -0.00008578]]
22:05:27:INFO:RESULT:m_eq:
[  588.99951056  1129.1081295  37220.81225407](38938.919894136074)
22:05:27:INFO:RESULT:x_vec:
[    0.04928357     0.00282767   588.99951056  1129.1081295
 37220.81225407](38938.972005374344)
22:05:27:INFO:RESULT:time_scale:
[ 13.16011373 521.2087731 ]
22:05:27:INFO:SAVE:message:saving bunch of data...
22:05:27:INFO:SAVE:message:saving optimizer data ...
