21:23:43:INFO:GENERAL:seed:1
21:23:43:INFO:GENERAL:rho:[0.01, 0.0, 0.1]
21:23:43:INFO:GENERAL:bounds_z:[(1e-06, 0.3), (1e-06, 0.3), (588.999411, 589.000589), (1e-06, 1800), (1e-06, 74200)]
21:23:46:INFO:OPTIMIZER:x:
[  0.0530398    0.01409624 588.99948165 432.9979425  780.8241938 ]
21:23:46:INFO:OPTIMIZER:fun:0.0007405151142577224
21:23:46:INFO:OPTIMIZER:nfev:16839
21:23:46:INFO:OPTIMIZER:nit:261
21:23:46:INFO:OPTIMIZER:message:Optimization terminated successfully.
21:23:46:INFO:OPTIMIZER:success:True
21:23:46:INFO:OPTIMIZER:constr:[array([0.])]
21:23:46:INFO:OPTIMIZER:constr_violation:0.0
21:23:46:INFO:OPTIMIZER:maxcv:0.0
21:23:46:INFO:RESULT:A:
[[-0.0530398   0.0721491   0.        ]
 [ 0.0530398  -0.08624534  0.00781692]
 [ 0.          0.01409624 -0.00781692]]
21:23:46:INFO:RESULT:m_eq:
[588.99948165 432.9979425  780.8241938 ](1802.8216179581502)
21:23:46:INFO:RESULT:x_vec:
[  0.0530398    0.01409624 588.99948165 432.9979425  780.8241938 ](1802.8887539961752)
21:23:46:INFO:RESULT:time_scale:
[ 7.4491845  77.76543921]
21:23:46:INFO:SAVE:message:saving bunch of data...
21:23:46:INFO:SAVE:message:saving optimizer data ...
