22:02:59:INFO:GENERAL:seed:1
22:02:59:INFO:GENERAL:rho:[0.0, 0.001, 0.0001]
22:02:59:INFO:GENERAL:bounds_z:[(1e-06, 0.3), (1e-06, 0.3), (1e-06, 0.3), (588.999411, 589.000589), (1e-06, 1800), (1e-06, 74200), (1e-06, 1100)]
22:03:03:INFO:OPTIMIZER:x:
[    0.02526441     0.00305595     0.06209043   589.0004176
  1014.49861736 37065.42912903   321.29072555]
22:03:03:INFO:OPTIMIZER:fun:0.0002820279211725271
22:03:03:INFO:OPTIMIZER:nfev:22446
22:03:03:INFO:OPTIMIZER:nit:351
22:03:03:INFO:OPTIMIZER:message:Optimization terminated successfully.
22:03:03:INFO:OPTIMIZER:success:True
22:03:03:INFO:OPTIMIZER:constr:[array([0.])]
22:03:03:INFO:OPTIMIZER:constr_violation:0.0
22:03:03:INFO:OPTIMIZER:maxcv:0.0
22:03:03:INFO:RESULT:A:
[[-0.08735484  0.01466808  0.          0.11382616]
 [ 0.02526441 -0.01772403  0.00008364  0.        ]
 [ 0.          0.00305595 -0.00008364  0.        ]
 [ 0.06209043  0.          0.         -0.11382616]]
22:03:03:INFO:RESULT:m_eq:
[  589.0004176   1014.49861736 37065.42912903   321.29072555](38990.21888954511)
22:03:03:INFO:RESULT:x_vec:
[    0.02526441     0.00305595     0.06209043   589.0004176
  1014.49861736 37065.42912903   321.29072555](38990.3093003335)
22:03:03:INFO:RESULT:time_scale:
[  5.35825662  32.52040249 620.77903294]
22:03:03:INFO:SAVE:message:saving bunch of data...
22:03:03:INFO:SAVE:message:saving optimizer data ...
