22:02:31:INFO:GENERAL:seed:1
22:02:31:INFO:GENERAL:rho:[0.001, 0.001, 0.0]
22:02:31:INFO:GENERAL:bounds_z:[(1e-06, 0.3), (1e-06, 0.3), (1e-06, 0.3), (588.999411, 589.000589), (1e-06, 1800), (1e-06, 74200), (1e-06, 1100)]
22:02:35:INFO:OPTIMIZER:x:
[    0.02195613     0.00275182     0.06284974   589.00011511
  1052.32165399 37094.39986833   369.17178974]
22:02:35:INFO:OPTIMIZER:fun:0.0003237651516272937
22:02:35:INFO:OPTIMIZER:nfev:20892
22:02:35:INFO:OPTIMIZER:nit:325
22:02:35:INFO:OPTIMIZER:message:Optimization terminated successfully.
22:02:35:INFO:OPTIMIZER:success:True
22:02:35:INFO:OPTIMIZER:constr:[array([0.])]
22:02:35:INFO:OPTIMIZER:constr_violation:0.0
22:02:35:INFO:OPTIMIZER:maxcv:0.0
22:02:35:INFO:RESULT:A:
[[-0.08480588  0.01228918  0.          0.10027447]
 [ 0.02195613 -0.015041    0.00007807  0.        ]
 [ 0.          0.00275182 -0.00007807  0.        ]
 [ 0.06284974  0.          0.         -0.10027447]]
22:02:35:INFO:RESULT:m_eq:
[  589.00011511  1052.32165399 37094.39986833   369.17178974](39104.89342716994)
22:02:35:INFO:RESULT:x_vec:
[    0.02195613     0.00275182     0.06284974   589.00011511
  1052.32165399 37094.39986833   369.17178974](39104.98098486606)
22:02:35:INFO:RESULT:time_scale:
[  5.77774122  38.93374194 696.02782783]
22:02:35:INFO:SAVE:message:saving bunch of data...
22:02:35:INFO:SAVE:message:saving optimizer data ...
