21:15:20:INFO:GENERAL:seed:1
21:15:20:INFO:GENERAL:rho:[0.001, 0.0, 0.1]
21:15:20:INFO:GENERAL:bounds_z:[(1e-06, 0.3), (1e-06, 0.3), (588.999411, 589.000589), (1e-06, 1800), (1e-06, 74200)]
21:15:22:INFO:OPTIMIZER:x:
[   0.08038965    0.01232156  589.00035178  718.05534932 1273.59805173]
21:15:22:INFO:OPTIMIZER:fun:0.00032921137720950554
21:15:22:INFO:OPTIMIZER:nfev:12206
21:15:22:INFO:OPTIMIZER:nit:189
21:15:22:INFO:OPTIMIZER:message:Optimization terminated successfully.
21:15:22:INFO:OPTIMIZER:success:True
21:15:22:INFO:OPTIMIZER:constr:[array([0.])]
21:15:22:INFO:OPTIMIZER:constr_violation:0.0
21:15:22:INFO:OPTIMIZER:maxcv:0.0
21:15:22:INFO:RESULT:A:
[[-0.08038965  0.06594134  0.        ]
 [ 0.08038965 -0.0782629   0.0069469 ]
 [ 0.          0.01232156 -0.0069469 ]]
21:15:22:INFO:RESULT:m_eq:
[ 589.00035178  718.05534932 1273.59805173](2580.6537528332256)
21:15:22:INFO:RESULT:x_vec:
[   0.08038965    0.01232156  589.00035178  718.05534932 1273.59805173](2580.7464640476537)
21:15:22:INFO:RESULT:time_scale:
[ 6.56028106 75.9476343 ]
21:15:22:INFO:SAVE:message:saving bunch of data...
21:15:22:INFO:SAVE:message:saving optimizer data ...
