22:21:01:INFO:GENERAL:seed:1
22:21:01:INFO:GENERAL:rho:[0.0, 0.0, 0.0001]
22:21:01:INFO:GENERAL:bounds_z:[(1e-06, 0.3), (1e-06, 0.3), (1e-06, 0.3), (588.999411, 589.000589), (1e-06, 1800), (1e-06, 74200), (1e-06, 1100)]
22:21:11:INFO:OPTIMIZER:x:
[   0.06032113    0.03461347    0.03408584  589.00042311  229.24486387
 1489.97691045  453.8779429 ]
22:21:11:INFO:OPTIMIZER:fun:0.00012516136003081136
22:21:11:INFO:OPTIMIZER:nfev:48954
22:21:11:INFO:OPTIMIZER:nit:766
22:21:11:INFO:OPTIMIZER:message:Optimization terminated successfully.
22:21:11:INFO:OPTIMIZER:success:True
22:21:11:INFO:OPTIMIZER:constr:[array([0.])]
22:21:11:INFO:OPTIMIZER:constr_violation:0.0
22:21:11:INFO:OPTIMIZER:maxcv:0.0
22:21:11:INFO:RESULT:A:
[[-0.09440697  0.1549835   0.          0.04423342]
 [ 0.06032113 -0.18959697  0.00532556  0.        ]
 [ 0.          0.03461347 -0.00532556  0.        ]
 [ 0.03408584  0.          0.         -0.04423342]]
22:21:11:INFO:RESULT:m_eq:
[ 589.00042311  229.24486387 1489.97691045  453.8779429 ](2762.1001403280866)
22:21:11:INFO:RESULT:x_vec:
[   0.06032113    0.03461347    0.03408584  589.00042311  229.24486387
 1489.97691045  453.8779429 ](2762.229160768113)
22:21:11:INFO:RESULT:time_scale:
[  3.96242534  13.94015357 105.74170835]
22:21:11:INFO:SAVE:message:saving bunch of data...
22:21:11:INFO:SAVE:message:saving optimizer data ...
