21:22:43:INFO:GENERAL:seed:1
21:22:43:INFO:GENERAL:rho:[0.0001, 0.0001, 0.01]
21:22:43:INFO:GENERAL:bounds_z:[(1e-06, 0.3), (1e-06, 0.3), (588.999411, 589.000589), (1e-06, 1800), (1e-06, 74200)]
21:22:45:INFO:OPTIMIZER:x:
[  0.05720922   0.01645807 589.00025589 402.57844091 786.92113693]
21:22:45:INFO:OPTIMIZER:fun:0.0002621534706927434
21:22:45:INFO:OPTIMIZER:nfev:13172
21:22:45:INFO:OPTIMIZER:nit:206
21:22:45:INFO:OPTIMIZER:message:Optimization terminated successfully.
21:22:45:INFO:OPTIMIZER:success:True
21:22:45:INFO:OPTIMIZER:constr:[array([0.])]
21:22:45:INFO:OPTIMIZER:constr_violation:0.0
21:22:45:INFO:OPTIMIZER:maxcv:0.0
21:22:45:INFO:RESULT:A:
[[-0.05720922  0.08370107  0.        ]
 [ 0.05720922 -0.10015914  0.00841973]
 [ 0.          0.01645807 -0.00841973]]
21:22:45:INFO:RESULT:m_eq:
[589.00025589 402.57844091 786.92113693](1778.4998337280642)
21:22:45:INFO:RESULT:x_vec:
[  0.05720922   0.01645807 589.00025589 402.57844091 786.92113693](1778.5735010165827)
21:22:45:INFO:RESULT:time_scale:
[ 6.5890606  71.31962377]
21:22:45:INFO:SAVE:message:saving bunch of data...
21:22:45:INFO:SAVE:message:saving optimizer data ...
