22:22:35:INFO:GENERAL:seed:1
22:22:35:INFO:GENERAL:rho:[0.0, 0.01, 0.01]
22:22:35:INFO:GENERAL:bounds_z:[(1e-06, 0.3), (1e-06, 0.3), (588.999411, 589.000589), (1e-06, 1800), (1e-06, 74200)]
22:22:37:INFO:OPTIMIZER:x:
[    0.07115361     0.00457888   588.99998426   900.00003074
 37099.99956818]
22:22:37:INFO:OPTIMIZER:fun:0.0007951918030539056
22:22:37:INFO:OPTIMIZER:nfev:9553
22:22:37:INFO:OPTIMIZER:nit:148
22:22:37:INFO:OPTIMIZER:message:Optimization terminated successfully.
22:22:37:INFO:OPTIMIZER:success:True
22:22:37:INFO:OPTIMIZER:constr:[array([0.])]
22:22:37:INFO:OPTIMIZER:constr_violation:0.0
22:22:37:INFO:OPTIMIZER:maxcv:0.0
22:22:37:INFO:RESULT:A:
[[-0.07115361  0.04656608  0.        ]
 [ 0.07115361 -0.05114497  0.00011108]
 [ 0.          0.00457888 -0.00011108]]
22:22:37:INFO:RESULT:m_eq:
[  588.99998426   900.00003074 37099.99956818](38588.99958318311)
22:22:37:INFO:RESULT:x_vec:
[    0.07115361     0.00457888   588.99998426   900.00003074
 37099.99956818](38589.07531568059)
22:22:37:INFO:RESULT:time_scale:
[  8.36290755 352.85525695]
22:22:37:INFO:SAVE:message:saving bunch of data...
22:22:37:INFO:SAVE:message:saving optimizer data ...
