22:16:16:INFO:GENERAL:seed:1
22:16:16:INFO:GENERAL:rho:[0.0001, 0.0001, 0.001]
22:16:16:INFO:GENERAL:bounds_z:[(1e-06, 0.3), (1e-06, 0.3), (1e-06, 0.3), (588.999411, 589.000589), (1e-06, 1800), (1e-06, 74200), (1e-06, 1100)]
22:16:21:INFO:OPTIMIZER:x:
[    0.01607546     0.00235962     0.04733343   588.99994169
   694.16456283 36766.85492004   191.57035707]
22:16:21:INFO:OPTIMIZER:fun:0.00017164157188487202
22:16:21:INFO:OPTIMIZER:nfev:24453
22:16:21:INFO:OPTIMIZER:nit:377
22:16:21:INFO:OPTIMIZER:message:Optimization terminated successfully.
22:16:21:INFO:OPTIMIZER:success:True
22:16:21:INFO:OPTIMIZER:constr:[array([0.])]
22:16:21:INFO:OPTIMIZER:constr_violation:0.0
22:16:21:INFO:OPTIMIZER:maxcv:0.0
22:16:21:INFO:RESULT:A:
[[-0.0634089   0.01364006  0.          0.1455308 ]
 [ 0.01607546 -0.01599968  0.00004455  0.        ]
 [ 0.          0.00235962 -0.00004455  0.        ]
 [ 0.04733343  0.          0.         -0.1455308 ]]
22:16:21:INFO:RESULT:m_eq:
[  588.99994169   694.16456283 36766.85492004   191.57035707](38241.58978164112)
22:16:21:INFO:RESULT:x_vec:
[    0.01607546     0.00235962     0.04733343   588.99994169
   694.16456283 36766.85492004   191.57035707](38241.655550155825)
22:16:21:INFO:RESULT:time_scale:
[  5.0656953   37.76544724 910.38778016]
22:16:21:INFO:SAVE:message:saving bunch of data...
22:16:21:INFO:SAVE:message:saving optimizer data ...
