21:22:47:INFO:GENERAL:seed:1
21:22:47:INFO:GENERAL:rho:[0.0001, 0.0, 0.1]
21:22:47:INFO:GENERAL:bounds_z:[(1e-06, 0.3), (1e-06, 0.3), (1e-06, 0.3), (588.999411, 589.000589), (1e-06, 1800), (1e-06, 74200), (1e-06, 1100)]
21:23:02:INFO:OPTIMIZER:x:
[    0.05102682     0.01029082     0.01700772   589.00000225
   165.56063727 74093.93365636   490.42408005]
21:23:02:INFO:OPTIMIZER:fun:0.0002383148515159207
21:23:02:INFO:OPTIMIZER:nfev:71767
21:23:02:INFO:OPTIMIZER:nit:1119
21:23:02:INFO:OPTIMIZER:message:Optimization terminated successfully.
21:23:02:INFO:OPTIMIZER:success:True
21:23:02:INFO:OPTIMIZER:constr:[array([0.])]
21:23:02:INFO:OPTIMIZER:constr_violation:0.0
21:23:02:INFO:OPTIMIZER:maxcv:0.0
21:23:02:INFO:RESULT:A:
[[-0.06803454  0.18153346  0.          0.0204263 ]
 [ 0.05102682 -0.19182428  0.00002299  0.        ]
 [ 0.          0.01029082 -0.00002299  0.        ]
 [ 0.01700772  0.          0.         -0.0204263 ]]
21:23:02:INFO:RESULT:m_eq:
[  589.00000225   165.56063727 74093.93365636   490.42408005](75338.91837591985)
21:23:02:INFO:RESULT:x_vec:
[    0.05102682     0.01029082     0.01700772   589.00000225
   165.56063727 74093.93365636   490.42408005](75338.99670127692)
21:23:02:INFO:RESULT:time_scale:
[  4.08635627  29.1615971  769.44513354]
21:23:02:INFO:SAVE:message:saving bunch of data...
21:23:02:INFO:SAVE:message:saving optimizer data ...
