22:16:16:INFO:GENERAL:seed:1
22:16:16:INFO:GENERAL:rho:[0.0001, 0.1, 0.0001]
22:16:16:INFO:GENERAL:bounds_z:[(1e-06, 0.3), (1e-06, 0.3), (1e-06, 0.3), (588.999411, 589.000589), (1e-06, 1800), (1e-06, 74200), (1e-06, 1100)]
22:16:18:INFO:OPTIMIZER:x:
[    0.0034682      0.08772813     0.0358799    589.000011
   900.00001455 37100.00016341   550.00000164]
22:16:18:INFO:OPTIMIZER:fun:0.0010053686374432917
22:16:18:INFO:OPTIMIZER:nfev:12690
22:16:18:INFO:OPTIMIZER:nit:195
22:16:18:INFO:OPTIMIZER:message:Optimization terminated successfully.
22:16:18:INFO:OPTIMIZER:success:True
22:16:18:INFO:OPTIMIZER:constr:[array([0.])]
22:16:18:INFO:OPTIMIZER:constr_violation:0.0
22:16:18:INFO:OPTIMIZER:maxcv:0.0
22:16:18:INFO:RESULT:A:
[[-0.0393481   0.00226975  0.          0.03842411]
 [ 0.0034682  -0.08999787  0.00212818  0.        ]
 [ 0.          0.08772813 -0.00212818  0.        ]
 [ 0.0358799   0.          0.         -0.03842411]]
22:16:18:INFO:RESULT:m_eq:
[  589.000011     900.00001455 37100.00016341   550.00000164](39139.00019060206)
22:16:18:INFO:RESULT:x_vec:
[    0.0034682      0.08772813     0.0358799    589.000011
   900.00001455 37100.00016341   550.00000164](39139.127266829186)
22:16:18:INFO:RESULT:time_scale:
[ 10.82790251  13.19573768 567.46505494]
22:16:18:INFO:SAVE:message:saving bunch of data...
22:16:18:INFO:SAVE:message:saving optimizer data ...
