22:03:08:INFO:GENERAL:seed:1
22:03:08:INFO:GENERAL:rho:[0.0001, 0.1, 0.0001]
22:03:08:INFO:GENERAL:bounds_z:[(1e-06, 0.3), (1e-06, 0.3), (1e-06, 0.3), (588.999411, 589.000589), (1e-06, 1800), (1e-06, 74200), (1e-06, 1100)]
22:03:11:INFO:OPTIMIZER:x:
[    0.0148104      0.00464504     0.05972732   588.99999912
   899.99999721 37099.99991862   550.0000034 ]
22:03:11:INFO:OPTIMIZER:fun:0.0005365180359026397
22:03:11:INFO:OPTIMIZER:nfev:15786
22:03:11:INFO:OPTIMIZER:nit:244
22:03:11:INFO:OPTIMIZER:message:Optimization terminated successfully.
22:03:11:INFO:OPTIMIZER:success:True
22:03:11:INFO:OPTIMIZER:constr:[array([0.])]
22:03:11:INFO:OPTIMIZER:constr_violation:0.0
22:03:11:INFO:OPTIMIZER:maxcv:0.0
22:03:11:INFO:RESULT:A:
[[-0.07453772  0.00969258  0.          0.06396253]
 [ 0.0148104  -0.01433763  0.00011268  0.        ]
 [ 0.          0.00464504 -0.00011268  0.        ]
 [ 0.05972732  0.          0.         -0.06396253]]
22:03:11:INFO:RESULT:m_eq:
[  588.99999912   899.99999721 37099.99991862   550.0000034 ](39138.99991835125)
22:03:11:INFO:RESULT:x_vec:
[    0.0148104      0.00464504     0.05972732   588.99999912
   899.99999721 37099.99991862   550.0000034 ](39139.07910111821)
22:03:11:INFO:RESULT:time_scale:
[  7.57863728  52.17835585 544.75414162]
22:03:11:INFO:SAVE:message:saving bunch of data...
22:03:11:INFO:SAVE:message:saving optimizer data ...
