22:08:25:INFO:GENERAL:seed:1
22:08:25:INFO:GENERAL:rho:[0.1, 0.0, 0.1]
22:08:25:INFO:GENERAL:bounds_z:[(1e-06, 0.3), (1e-06, 0.3), (588.999411, 589.000589), (1e-06, 1800), (1e-06, 74200)]
22:08:27:INFO:OPTIMIZER:x:
[    0.02989688     0.00235758   589.00025889   756.92884631
 74195.69284811]
22:08:27:INFO:OPTIMIZER:fun:0.0031719511131233745
22:08:27:INFO:OPTIMIZER:nfev:8989
22:08:27:INFO:OPTIMIZER:nit:139
22:08:27:INFO:OPTIMIZER:message:Optimization terminated successfully.
22:08:27:INFO:OPTIMIZER:success:True
22:08:27:INFO:OPTIMIZER:constr:[array([0.])]
22:08:27:INFO:OPTIMIZER:constr_violation:0.0
22:08:27:INFO:OPTIMIZER:maxcv:0.0
22:08:27:INFO:RESULT:A:
[[-0.02989688  0.0232641   0.        ]
 [ 0.02989688 -0.02562169  0.00002405]
 [ 0.          0.00235758 -0.00002405]]
22:08:27:INFO:RESULT:m_eq:
[  589.00025889   756.92884631 74195.69284811](75541.6219533041)
22:08:27:INFO:RESULT:x_vec:
[    0.02989688     0.00235758   589.00025889   756.92884631
 74195.69284811](75541.65420776812)
22:08:27:INFO:RESULT:time_scale:
[ 18.44370417 755.52944556]
22:08:27:INFO:SAVE:message:saving bunch of data...
22:08:27:INFO:SAVE:message:saving optimizer data ...
