21:21:39:INFO:GENERAL:seed:1
21:21:39:INFO:GENERAL:rho:[0.001, 0.001, 0.0001]
21:21:39:INFO:GENERAL:bounds_z:[(1e-06, 0.3), (1e-06, 0.3), (588.999411, 589.000589), (1e-06, 1800), (1e-06, 74200)]
21:21:41:INFO:OPTIMIZER:x:
[    0.04109808     0.00382071   589.00045177   621.69689125
 36962.38713883]
21:21:41:INFO:OPTIMIZER:fun:0.0009959231295765562
21:21:41:INFO:OPTIMIZER:nfev:9371
21:21:41:INFO:OPTIMIZER:nit:145
21:21:41:INFO:OPTIMIZER:message:Optimization terminated successfully.
21:21:41:INFO:OPTIMIZER:success:True
21:21:41:INFO:OPTIMIZER:constr:[array([0.])]
21:21:41:INFO:OPTIMIZER:constr_violation:0.0
21:21:41:INFO:OPTIMIZER:maxcv:0.0
21:21:41:INFO:RESULT:A:
[[-0.04109808  0.03893664  0.        ]
 [ 0.04109808 -0.04275735  0.00006426]
 [ 0.          0.00382071 -0.00006426]]
21:21:41:INFO:RESULT:m_eq:
[  589.00045177   621.69689125 36962.38713883](38173.084481857004)
21:21:41:INFO:RESULT:x_vec:
[    0.04109808     0.00382071   589.00045177   621.69689125
 36962.38713883](38173.129400652266)
21:21:41:INFO:RESULT:time_scale:
[ 12.20396009 505.28438148]
21:21:41:INFO:SAVE:message:saving bunch of data...
21:21:41:INFO:SAVE:message:saving optimizer data ...
