22:06:43:INFO:GENERAL:seed:1
22:06:43:INFO:GENERAL:rho:[0.0001, 0.0001, 0.0]
22:06:43:INFO:GENERAL:bounds_z:[(1e-06, 0.3), (1e-06, 0.3), (1e-06, 0.3), (588.999411, 589.000589), (1e-06, 1800), (1e-06, 74200), (1e-06, 1100)]
22:06:53:INFO:OPTIMIZER:x:
[  0.02371464   0.0105228    0.04227077 589.00006887 485.19103316
 648.17283958 134.1649699 ]
22:06:53:INFO:OPTIMIZER:fun:0.00014002909821014443
22:06:53:INFO:OPTIMIZER:nfev:49502
22:06:53:INFO:OPTIMIZER:nit:764
22:06:53:INFO:OPTIMIZER:message:Optimization terminated successfully.
22:06:53:INFO:OPTIMIZER:success:True
22:06:53:INFO:OPTIMIZER:constr:[array([0.])]
22:06:53:INFO:OPTIMIZER:constr_violation:0.0
22:06:53:INFO:OPTIMIZER:maxcv:0.0
22:06:53:INFO:RESULT:A:
[[-0.0659854   0.0287885   0.          0.18557367]
 [ 0.02371464 -0.0393113   0.00787686  0.        ]
 [ 0.          0.0105228  -0.00787686  0.        ]
 [ 0.04227077  0.          0.         -0.18557367]]
22:06:53:INFO:RESULT:m_eq:
[589.00006887 485.19103316 648.17283958 134.1649699 ](1856.5289115111539)
22:06:53:INFO:RESULT:x_vec:
[  0.02371464   0.0105228    0.04227077 589.00006887 485.19103316
 648.17283958 134.1649699 ](1856.6054197146464)
22:06:53:INFO:RESULT:time_scale:
[ 4.28396667 18.18697663 96.76502894]
22:06:53:INFO:SAVE:message:saving bunch of data...
22:06:53:INFO:SAVE:message:saving optimizer data ...
