22:20:49:INFO:GENERAL:seed:1
22:20:49:INFO:GENERAL:rho:[0.001, 0.01, 0.0]
22:20:49:INFO:GENERAL:bounds_z:[(1e-06, 0.3), (1e-06, 0.3), (1e-06, 0.3), (588.999411, 589.000589), (1e-06, 1800), (1e-06, 74200), (1e-06, 1100)]
22:20:52:INFO:OPTIMIZER:x:
[    0.01478361     0.00465925     0.05966641   589.00001618
   899.99999236 37100.00199537   549.99998759]
22:20:52:INFO:OPTIMIZER:fun:0.0005138936877316484
22:20:52:INFO:OPTIMIZER:nfev:13638
22:20:52:INFO:OPTIMIZER:nit:212
22:20:52:INFO:OPTIMIZER:message:Optimization terminated successfully.
22:20:52:INFO:OPTIMIZER:success:True
22:20:52:INFO:OPTIMIZER:constr:[array([0.])]
22:20:52:INFO:OPTIMIZER:constr_violation:0.0
22:20:52:INFO:OPTIMIZER:maxcv:0.0
22:20:52:INFO:RESULT:A:
[[-0.07445002  0.00967505  0.          0.0638973 ]
 [ 0.01478361 -0.0143343   0.00011303  0.        ]
 [ 0.          0.00465925 -0.00011303  0.        ]
 [ 0.05966641  0.          0.         -0.0638973 ]]
22:20:52:INFO:RESULT:m_eq:
[  589.00001618   899.99999236 37100.00199537   549.99998759](39139.00199150144)
22:20:52:INFO:RESULT:x_vec:
[    0.01478361     0.00465925     0.05966641   589.00001618
   899.99999236 37100.00199537   549.99998759](39139.08110076992)
22:20:52:INFO:RESULT:time_scale:
[  7.58679738  52.22774796 543.53228956]
22:20:52:INFO:SAVE:message:saving bunch of data...
22:20:52:INFO:SAVE:message:saving optimizer data ...
