21:20:54:INFO:GENERAL:seed:1
21:20:54:INFO:GENERAL:rho:[0.0001, 0.0001, 0.0]
21:20:54:INFO:GENERAL:bounds_z:[(1e-06, 0.3), (1e-06, 0.3), (588.999411, 589.000589), (1e-06, 1800), (1e-06, 74200)]
21:20:57:INFO:OPTIMIZER:x:
[  0.0572099    0.01645794 589.00022286 402.57869505 786.92134919]
21:20:57:INFO:OPTIMIZER:fun:0.00026215347478863267
21:20:57:INFO:OPTIMIZER:nfev:15191
21:20:57:INFO:OPTIMIZER:nit:239
21:20:57:INFO:OPTIMIZER:message:Optimization terminated successfully.
21:20:57:INFO:OPTIMIZER:success:True
21:20:57:INFO:OPTIMIZER:constr:[array([0.])]
21:20:57:INFO:OPTIMIZER:constr_violation:0.0
21:20:57:INFO:OPTIMIZER:maxcv:0.0
21:20:57:INFO:RESULT:A:
[[-0.0572099   0.083702    0.        ]
 [ 0.0572099  -0.10015994  0.00841967]
 [ 0.          0.01645794 -0.00841967]]
21:20:57:INFO:RESULT:m_eq:
[589.00022286 402.57869505 786.92134919](1778.5002670942663)
21:20:57:INFO:RESULT:x_vec:
[  0.0572099    0.01645794 589.00022286 402.57869505 786.92134919](1778.5739349296778)
21:20:57:INFO:RESULT:time_scale:
[ 6.5889958  71.32003331]
21:20:57:INFO:SAVE:message:saving bunch of data...
21:20:57:INFO:SAVE:message:saving optimizer data ...
