21:14:53:INFO:GENERAL:seed:1
21:14:53:INFO:GENERAL:rho:[0.1, 0.1, 0.1]
21:14:53:INFO:GENERAL:bounds_z:[(1e-06, 0.3), (1e-06, 0.3), (1e-06, 0.3), (588.999411, 589.000589), (1e-06, 1800), (1e-06, 74200), (1e-06, 1100)]
21:14:59:INFO:OPTIMIZER:x:
[    0.02022933     0.0021695      0.02280417   588.99996832
   899.99999819 37099.99944271   550.00003952]
21:14:59:INFO:OPTIMIZER:fun:0.003937659811896257
21:14:59:INFO:OPTIMIZER:nfev:31430
21:14:59:INFO:OPTIMIZER:nit:486
21:14:59:INFO:OPTIMIZER:message:Optimization terminated successfully.
21:14:59:INFO:OPTIMIZER:success:True
21:14:59:INFO:OPTIMIZER:constr:[array([0.])]
21:14:59:INFO:OPTIMIZER:constr_violation:0.0
21:14:59:INFO:OPTIMIZER:maxcv:0.0
21:14:59:INFO:RESULT:A:
[[-0.0430335   0.01323897  0.          0.02442119]
 [ 0.02022933 -0.01540847  0.00005263  0.        ]
 [ 0.          0.0021695  -0.00005263  0.        ]
 [ 0.02280417  0.          0.         -0.02442119]]
21:14:59:INFO:RESULT:m_eq:
[  588.99996832   899.99999819 37099.99944271   550.00003952](39138.999448744566)
21:14:59:INFO:RESULT:x_vec:
[    0.02022933     0.0021695      0.02280417   588.99996832
   899.99999819 37099.99944271   550.00003952](39139.04465174419)
21:14:59:INFO:RESULT:time_scale:
[  15.85671364   52.90298213 1054.29883941]
21:14:59:INFO:SAVE:message:saving bunch of data...
21:14:59:INFO:SAVE:message:saving optimizer data ...
