22:03:04:INFO:GENERAL:seed:1
22:03:04:INFO:GENERAL:rho:[0.0, 0.1, 0.0001]
22:03:04:INFO:GENERAL:bounds_z:[(1e-06, 0.3), (1e-06, 0.3), (1e-06, 0.3), (588.999411, 589.000589), (1e-06, 1800), (1e-06, 74200), (1e-06, 1100)]
22:03:06:INFO:OPTIMIZER:x:
[    0.01481031     0.00464499     0.05973663   589.00000202
   900.00000097 37100.00035658   550.00000252]
22:03:06:INFO:OPTIMIZER:fun:0.0005326942452515284
22:03:06:INFO:OPTIMIZER:nfev:14374
22:03:06:INFO:OPTIMIZER:nit:218
22:03:06:INFO:OPTIMIZER:message:Optimization terminated successfully.
22:03:06:INFO:OPTIMIZER:success:True
22:03:06:INFO:OPTIMIZER:constr:[array([0.])]
22:03:06:INFO:OPTIMIZER:constr_violation:0.0
22:03:06:INFO:OPTIMIZER:maxcv:0.0
22:03:06:INFO:RESULT:A:
[[-0.07454694  0.00969253  0.          0.0639725 ]
 [ 0.01481031 -0.01433751  0.00011268  0.        ]
 [ 0.          0.00464499 -0.00011268  0.        ]
 [ 0.05973663  0.          0.         -0.0639725 ]]
22:03:06:INFO:RESULT:m_eq:
[  589.00000202   900.00000097 37100.00035658   550.00000252](39139.000362092236)
22:03:06:INFO:RESULT:x_vec:
[    0.01481031     0.00464499     0.05973663   589.00000202
   900.00000097 37100.00035658   550.00000252](39139.079554022086)
22:03:06:INFO:RESULT:time_scale:
[  7.57754464  52.17818923 544.75926724]
22:03:06:INFO:SAVE:message:saving bunch of data...
22:03:06:INFO:SAVE:message:saving optimizer data ...
