21:14:26:INFO:GENERAL:seed:1
21:14:26:INFO:GENERAL:rho:[0.0001, 0.01, 0.1]
21:14:26:INFO:GENERAL:bounds_z:[(1e-06, 0.3), (1e-06, 0.3), (1e-06, 0.3), (588.999411, 589.000589), (1e-06, 1800), (1e-06, 74200), (1e-06, 1100)]
21:14:36:INFO:OPTIMIZER:x:
[    0.02579682     0.00348348     0.05888219   589.00042141
   958.92452424 37081.62266963   329.525629  ]
21:14:36:INFO:OPTIMIZER:fun:0.001233073897830655
21:14:36:INFO:OPTIMIZER:nfev:54446
21:14:36:INFO:OPTIMIZER:nit:845
21:14:36:INFO:OPTIMIZER:message:Optimization terminated successfully.
21:14:36:INFO:OPTIMIZER:success:True
21:14:36:INFO:OPTIMIZER:constr:[array([0.])]
21:14:36:INFO:OPTIMIZER:constr_violation:0.0
21:14:36:INFO:OPTIMIZER:maxcv:0.0
21:14:36:INFO:RESULT:A:
[[-0.08467901  0.01584519  0.          0.10524715]
 [ 0.02579682 -0.01932867  0.00009008  0.        ]
 [ 0.          0.00348348 -0.00009008  0.        ]
 [ 0.05888219  0.          0.         -0.10524715]]
21:14:36:INFO:RESULT:m_eq:
[  589.00042141   958.92452424 37081.62266963   329.525629  ](38959.0732442796)
21:14:36:INFO:RESULT:x_vec:
[    0.02579682     0.00348348     0.05888219   589.00042141
   958.92452424 37081.62266963   329.525629  ](38959.16140677031)
21:14:36:INFO:RESULT:time_scale:
[  5.69787825  31.17609463 566.53277636]
21:14:36:INFO:SAVE:message:saving bunch of data...
21:14:36:INFO:SAVE:message:saving optimizer data ...
