21:21:14:INFO:GENERAL:seed:1
21:21:14:INFO:GENERAL:rho:[0.0001, 0.0001, 0.0001]
21:21:14:INFO:GENERAL:bounds_z:[(1e-06, 0.3), (1e-06, 0.3), (588.999411, 589.000589), (1e-06, 1800), (1e-06, 74200)]
21:21:16:INFO:OPTIMIZER:x:
[  0.05721028   0.0164586  589.00021684 402.56779127 786.94251942]
21:21:16:INFO:OPTIMIZER:fun:0.0002621534671876782
21:21:16:INFO:OPTIMIZER:nfev:13777
21:21:16:INFO:OPTIMIZER:nit:215
21:21:16:INFO:OPTIMIZER:message:Optimization terminated successfully.
21:21:16:INFO:OPTIMIZER:success:True
21:21:16:INFO:OPTIMIZER:constr:[array([0.])]
21:21:16:INFO:OPTIMIZER:constr_violation:0.0
21:21:16:INFO:OPTIMIZER:maxcv:0.0
21:21:16:INFO:RESULT:A:
[[-0.05721028  0.08370483  0.        ]
 [ 0.05721028 -0.10016343  0.00841955]
 [ 0.          0.0164586  -0.00841955]]
21:21:16:INFO:RESULT:m_eq:
[589.00021684 402.56779127 786.94251942](1778.510527527521)
21:21:16:INFO:RESULT:x_vec:
[  0.05721028   0.0164586  589.00021684 402.56779127 786.94251942](1778.5841964067556)
21:21:16:INFO:RESULT:time_scale:
[ 6.58883344 71.31995835]
21:21:16:INFO:SAVE:message:saving bunch of data...
21:21:16:INFO:SAVE:message:saving optimizer data ...
