22:03:23:INFO:GENERAL:seed:1
22:03:23:INFO:GENERAL:rho:[0.001, 0.001, 0.001]
22:03:23:INFO:GENERAL:bounds_z:[(1e-06, 0.3), (1e-06, 0.3), (1e-06, 0.3), (588.999411, 589.000589), (1e-06, 1800), (1e-06, 74200), (1e-06, 1100)]
22:03:28:INFO:OPTIMIZER:x:
[    0.02526197     0.00306216     0.06174457   589.00027414
  1013.54600257 37075.3346602    321.60595584]
22:03:28:INFO:OPTIMIZER:fun:0.0003366409056633195
22:03:28:INFO:OPTIMIZER:nfev:24983
22:03:28:INFO:OPTIMIZER:nit:388
22:03:28:INFO:OPTIMIZER:message:Optimization terminated successfully.
22:03:28:INFO:OPTIMIZER:success:True
22:03:28:INFO:OPTIMIZER:constr:[array([0.])]
22:03:28:INFO:OPTIMIZER:constr_violation:0.0
22:03:28:INFO:OPTIMIZER:maxcv:0.0
22:03:28:INFO:RESULT:A:
[[-0.08700654  0.01468044  0.          0.11308115]
 [ 0.02526197 -0.0177426   0.00008371  0.        ]
 [ 0.          0.00306216 -0.00008371  0.        ]
 [ 0.06174457  0.          0.         -0.11308115]]
22:03:28:INFO:RESULT:m_eq:
[  589.00027414  1013.54600257 37075.3346602    321.60595584](38999.486892754605)
22:03:28:INFO:RESULT:x_vec:
[    0.02526197     0.00306216     0.06174457   589.00027414
  1013.54600257 37075.3346602    321.60595584](38999.576961453575)
22:03:28:INFO:RESULT:time_scale:
[  5.38921614  32.52521971 620.00530906]
22:03:28:INFO:SAVE:message:saving bunch of data...
22:03:28:INFO:SAVE:message:saving optimizer data ...
