21:14:15:INFO:GENERAL:seed:1
21:14:15:INFO:GENERAL:rho:[0.0001, 0.001, 0.01]
21:14:15:INFO:GENERAL:bounds_z:[(1e-06, 0.3), (1e-06, 0.3), (588.999411, 589.000589), (1e-06, 1800), (1e-06, 74200)]
21:14:16:INFO:OPTIMIZER:x:
[    0.06853801     0.00422598   588.99942815   937.66640122
 37052.77967943]
21:14:16:INFO:OPTIMIZER:fun:0.0007776937269337378
21:14:16:INFO:OPTIMIZER:nfev:8350
21:14:16:INFO:OPTIMIZER:nit:129
21:14:16:INFO:OPTIMIZER:message:Optimization terminated successfully.
21:14:16:INFO:OPTIMIZER:success:True
21:14:16:INFO:OPTIMIZER:constr:[array([0.])]
21:14:16:INFO:OPTIMIZER:constr_violation:0.0
21:14:16:INFO:OPTIMIZER:maxcv:0.0
21:14:16:INFO:RESULT:A:
[[-0.06853801  0.04305247  0.        ]
 [ 0.06853801 -0.04727844  0.00010694]
 [ 0.          0.00422598 -0.00010694]]
21:14:16:INFO:RESULT:m_eq:
[  588.99942815   937.66640122 37052.77967943](38579.445508806726)
21:14:16:INFO:RESULT:x_vec:
[    0.06853801     0.00422598   588.99942815   937.66640122
 37052.77967943](38579.51827279634)
21:14:16:INFO:RESULT:time_scale:
[  8.8291841  375.56556028]
21:14:16:INFO:SAVE:message:saving bunch of data...
21:14:16:INFO:SAVE:message:saving optimizer data ...
