21:22:03:INFO:GENERAL:seed:1
21:22:03:INFO:GENERAL:rho:[0.001, 0.0001, 0.01]
21:22:03:INFO:GENERAL:bounds_z:[(1e-06, 0.3), (1e-06, 0.3), (588.999411, 589.000589), (1e-06, 1800), (1e-06, 74200)]
21:22:06:INFO:OPTIMIZER:x:
[  0.0567879    0.01622357 589.00010603 405.40199502 786.19017163]
21:22:06:INFO:OPTIMIZER:fun:0.00031160413223483
21:22:06:INFO:OPTIMIZER:nfev:15867
21:22:06:INFO:OPTIMIZER:nit:248
21:22:06:INFO:OPTIMIZER:message:Optimization terminated successfully.
21:22:06:INFO:OPTIMIZER:success:True
21:22:06:INFO:OPTIMIZER:constr:[array([0.])]
21:22:06:INFO:OPTIMIZER:constr_violation:0.0
21:22:06:INFO:OPTIMIZER:maxcv:0.0
21:22:06:INFO:RESULT:A:
[[-0.0567879   0.08250596  0.        ]
 [ 0.0567879  -0.09872953  0.00836575]
 [ 0.          0.01622357 -0.00836575]]
21:22:06:INFO:RESULT:m_eq:
[589.00010603 405.40199502 786.19017163](1780.592272683998)
21:22:06:INFO:RESULT:x_vec:
[  0.0567879    0.01622357 589.00010603 405.40199502 786.19017163](1780.6652841574867)
21:22:06:INFO:RESULT:time_scale:
[ 6.66801355 71.87276172]
21:22:06:INFO:SAVE:message:saving bunch of data...
21:22:06:INFO:SAVE:message:saving optimizer data ...
