22:15:41:INFO:GENERAL:seed:1
22:15:41:INFO:GENERAL:rho:[0.0001, 0.0001, 0.0]
22:15:41:INFO:GENERAL:bounds_z:[(1e-06, 0.3), (1e-06, 0.3), (588.999411, 589.000589), (1e-06, 1800), (1e-06, 74200)]
22:15:44:INFO:OPTIMIZER:x:
[  0.057211     0.01645978 589.00015758 402.55972974 786.93432944]
22:15:44:INFO:OPTIMIZER:fun:0.0002621534803358018
22:15:44:INFO:OPTIMIZER:nfev:14695
22:15:44:INFO:OPTIMIZER:nit:228
22:15:44:INFO:OPTIMIZER:message:Optimization terminated successfully.
22:15:44:INFO:OPTIMIZER:success:True
22:15:44:INFO:OPTIMIZER:constr:[array([0.])]
22:15:44:INFO:OPTIMIZER:constr_violation:0.0
22:15:44:INFO:OPTIMIZER:maxcv:0.0
22:15:44:INFO:RESULT:A:
[[-0.057211    0.08370755  0.        ]
 [ 0.057211   -0.10016733  0.00842007]
 [ 0.          0.01645978 -0.00842007]]
22:15:44:INFO:RESULT:m_eq:
[589.00015758 402.55972974 786.93432944](1778.4942167610607)
22:15:44:INFO:RESULT:x_vec:
[  0.057211     0.01645978 589.00015758 402.55972974 786.93432944](1778.5678875403767)
22:15:44:INFO:RESULT:time_scale:
[ 6.58864452 71.31591423]
22:15:44:INFO:SAVE:message:saving bunch of data...
22:15:44:INFO:SAVE:message:saving optimizer data ...
