21:21:36:INFO:GENERAL:seed:1
21:21:36:INFO:GENERAL:rho:[0.001, 0.1, 0.0001]
21:21:36:INFO:GENERAL:bounds_z:[(1e-06, 0.3), (1e-06, 0.3), (588.999411, 589.000589), (1e-06, 1800), (1e-06, 74200)]
21:21:37:INFO:OPTIMIZER:x:
[    0.02851739     0.00102976   589.00000125   899.99999329
 37099.99962197]
21:21:37:INFO:OPTIMIZER:fun:0.001777651080201026
21:21:37:INFO:OPTIMIZER:nfev:9029
21:21:37:INFO:OPTIMIZER:nit:141
21:21:37:INFO:OPTIMIZER:message:Optimization terminated successfully.
21:21:37:INFO:OPTIMIZER:success:True
21:21:37:INFO:OPTIMIZER:constr:[array([0.])]
21:21:37:INFO:OPTIMIZER:constr_violation:0.0
21:21:37:INFO:OPTIMIZER:maxcv:0.0
21:21:37:INFO:RESULT:A:
[[-0.02851739  0.01866305  0.        ]
 [ 0.02851739 -0.01969281  0.00002498]
 [ 0.          0.00102976 -0.00002498]]
21:21:37:INFO:RESULT:m_eq:
[  589.00000125   899.99999329 37099.99962197](38588.999616510286)
21:21:37:INFO:RESULT:x_vec:
[    0.02851739     0.00102976   589.00000125   899.99999329
 37099.99962197](38589.02916366555)
21:21:37:INFO:RESULT:time_scale:
[  21.01131767 1558.1506011 ]
21:21:37:INFO:SAVE:message:saving bunch of data...
21:21:37:INFO:SAVE:message:saving optimizer data ...
