21:21:47:INFO:GENERAL:seed:1
21:21:47:INFO:GENERAL:rho:[0.001, 0.1, 0.001]
21:21:47:INFO:GENERAL:bounds_z:[(1e-06, 0.3), (1e-06, 0.3), (1e-06, 0.3), (588.999411, 589.000589), (1e-06, 1800), (1e-06, 74200), (1e-06, 1100)]
21:21:50:INFO:OPTIMIZER:x:
[    0.00359116     0.03367107     0.0352114    589.00000761
   900.00002172 37100.00018702   550.00001624]
21:21:50:INFO:OPTIMIZER:fun:0.0018054840856884281
21:21:50:INFO:OPTIMIZER:nfev:14225
21:21:50:INFO:OPTIMIZER:nit:220
21:21:50:INFO:OPTIMIZER:message:Optimization terminated successfully.
21:21:50:INFO:OPTIMIZER:success:True
21:21:50:INFO:OPTIMIZER:constr:[array([0.])]
21:21:50:INFO:OPTIMIZER:constr_violation:0.0
21:21:50:INFO:OPTIMIZER:maxcv:0.0
21:21:50:INFO:RESULT:A:
[[-0.03880256  0.00235022  0.          0.0377082 ]
 [ 0.00359116 -0.03602129  0.00081682  0.        ]
 [ 0.          0.03367107 -0.00081682  0.        ]
 [ 0.0352114   0.          0.         -0.0377082 ]]
21:21:50:INFO:RESULT:m_eq:
[  589.00000761   900.00002172 37100.00018702   550.00001624](39139.00023258812)
21:21:50:INFO:RESULT:x_vec:
[    0.00359116     0.03367107     0.0352114    589.00000761
   900.00002172 37100.00018702   550.00001624](39139.072706216386)
21:21:50:INFO:RESULT:time_scale:
[ 13.36727324  27.18009379 572.19292828]
21:21:50:INFO:SAVE:message:saving bunch of data...
21:21:50:INFO:SAVE:message:saving optimizer data ...
