22:03:16:INFO:GENERAL:seed:1
22:03:16:INFO:GENERAL:rho:[0.01, 0.001, 0.0001]
22:03:16:INFO:GENERAL:bounds_z:[(1e-06, 0.3), (1e-06, 0.3), (1e-06, 0.3), (588.999411, 589.000589), (1e-06, 1800), (1e-06, 74200), (1e-06, 1100)]
22:03:20:INFO:OPTIMIZER:x:
[    0.06426112     0.00635313     0.01845253   588.99979932
   413.42947612 37091.69798792   687.4629243 ]
22:03:20:INFO:OPTIMIZER:fun:0.0009092796514059541
22:03:20:INFO:OPTIMIZER:nfev:19787
22:03:20:INFO:OPTIMIZER:nit:306
22:03:20:INFO:OPTIMIZER:message:Optimization terminated successfully.
22:03:20:INFO:OPTIMIZER:success:True
22:03:20:INFO:OPTIMIZER:constr:[array([0.])]
22:03:20:INFO:OPTIMIZER:constr_violation:0.0
22:03:20:INFO:OPTIMIZER:maxcv:0.0
22:03:20:INFO:RESULT:A:
[[-0.08271364  0.09155076  0.          0.01580963]
 [ 0.06426112 -0.09790389  0.00007081  0.        ]
 [ 0.          0.00635313 -0.00007081  0.        ]
 [ 0.01845253  0.          0.         -0.01580963]]
22:03:20:INFO:RESULT:m_eq:
[  588.99979932   413.42947612 37091.69798792   687.4629243 ](38781.590187650145)
22:03:20:INFO:RESULT:x_vec:
[    0.06426112     0.00635313     0.01845253   588.99979932
   413.42947612 37091.69798792   687.4629243 ](38781.67925441706)
22:03:20:INFO:RESULT:time_scale:
[  5.94334247  37.39339975 666.75767316]
22:03:20:INFO:SAVE:message:saving bunch of data...
22:03:20:INFO:SAVE:message:saving optimizer data ...
