22:07:21:INFO:GENERAL:seed:1
22:07:21:INFO:GENERAL:rho:[0.0001, 0.001, 0.0001]
22:07:21:INFO:GENERAL:bounds_z:[(1e-06, 0.3), (1e-06, 0.3), (1e-06, 0.3), (588.999411, 589.000589), (1e-06, 1800), (1e-06, 74200), (1e-06, 1100)]
22:07:23:INFO:OPTIMIZER:x:
[    0.00382108     0.06511651     0.0375623    589.00052636
   899.81895821 37058.54613909   513.65619042]
22:07:23:INFO:OPTIMIZER:fun:0.0009687955701679886
22:07:23:INFO:OPTIMIZER:nfev:10387
22:07:23:INFO:OPTIMIZER:nit:160
22:07:23:INFO:OPTIMIZER:message:Optimization terminated successfully.
22:07:23:INFO:OPTIMIZER:success:True
22:07:23:INFO:OPTIMIZER:constr:[array([0.])]
22:07:23:INFO:OPTIMIZER:constr_violation:0.0
22:07:23:INFO:OPTIMIZER:maxcv:0.0
22:07:23:INFO:RESULT:A:
[[-0.04138339  0.00250119  0.          0.04307203]
 [ 0.00382108 -0.0676177   0.00158109  0.        ]
 [ 0.          0.06511651 -0.00158109  0.        ]
 [ 0.0375623   0.          0.         -0.04307203]]
22:07:23:INFO:RESULT:m_eq:
[  589.00052636   899.81895821 37058.54613909   513.65619042](39061.021814078464)
22:07:23:INFO:RESULT:x_vec:
[    0.00382108     0.06511651     0.0375623    589.00052636
   899.81895821 37058.54613909   513.65619042](39061.12831397609)
22:07:23:INFO:RESULT:time_scale:
[ 12.07769451  14.51881479 504.84306359]
22:07:23:INFO:SAVE:message:saving bunch of data...
22:07:23:INFO:SAVE:message:saving optimizer data ...
