21:21:26:INFO:GENERAL:seed:1
21:21:26:INFO:GENERAL:rho:[0.0, 0.1, 0.0001]
21:21:26:INFO:GENERAL:bounds_z:[(1e-06, 0.3), (1e-06, 0.3), (588.999411, 589.000589), (1e-06, 1800), (1e-06, 74200)]
21:21:28:INFO:OPTIMIZER:x:
[    0.02854456     0.00102965   589.00000251   900.00000052
 37100.0000127 ]
21:21:28:INFO:OPTIMIZER:fun:0.001761565286640278
21:21:28:INFO:OPTIMIZER:nfev:9521
21:21:28:INFO:OPTIMIZER:nit:149
21:21:28:INFO:OPTIMIZER:message:Optimization terminated successfully.
21:21:28:INFO:OPTIMIZER:success:True
21:21:28:INFO:OPTIMIZER:constr:[array([0.])]
21:21:28:INFO:OPTIMIZER:constr_violation:0.0
21:21:28:INFO:OPTIMIZER:maxcv:0.0
21:21:28:INFO:RESULT:A:
[[-0.02854456  0.01868083  0.        ]
 [ 0.02854456 -0.01971048  0.00002498]
 [ 0.          0.00102965 -0.00002498]]
21:21:28:INFO:RESULT:m_eq:
[  589.00000251   900.00000052 37100.0000127 ](38589.000015726146)
21:21:28:INFO:RESULT:x_vec:
[    0.02854456     0.00102965   589.00000251   900.00000052
 37100.0000127 ](38589.02958993244)
21:21:28:INFO:RESULT:time_scale:
[  20.99151596 1558.31405501]
21:21:28:INFO:SAVE:message:saving bunch of data...
21:21:28:INFO:SAVE:message:saving optimizer data ...
