22:22:48:INFO:GENERAL:seed:1
22:22:48:INFO:GENERAL:rho:[0.0001, 0.0001, 0.01]
22:22:48:INFO:GENERAL:bounds_z:[(1e-06, 0.3), (1e-06, 0.3), (588.999411, 589.000589), (1e-06, 1800), (1e-06, 74200)]
22:22:50:INFO:OPTIMIZER:x:
[   0.08073824    0.01245609  588.99972389  714.88409174 1272.7301279 ]
22:22:50:INFO:OPTIMIZER:fun:0.00031226513954130976
22:22:50:INFO:OPTIMIZER:nfev:13341
22:22:50:INFO:OPTIMIZER:nit:210
22:22:50:INFO:OPTIMIZER:message:Optimization terminated successfully.
22:22:50:INFO:OPTIMIZER:success:True
22:22:50:INFO:OPTIMIZER:constr:[array([0.])]
22:22:50:INFO:OPTIMIZER:constr_violation:0.0
22:22:50:INFO:OPTIMIZER:maxcv:0.0
22:22:50:INFO:RESULT:A:
[[-0.08073824  0.066521    0.        ]
 [ 0.08073824 -0.07897709  0.00699651]
 [ 0.          0.01245609 -0.00699651]]
22:22:50:INFO:RESULT:m_eq:
[ 588.99972389  714.88409174 1272.7301279 ](2576.6139435236014)
22:22:50:INFO:RESULT:x_vec:
[   0.08073824    0.01245609  588.99972389  714.88409174 1272.7301279 ](2576.707137861075)
22:22:50:INFO:RESULT:time_scale:
[ 6.5170697  75.36564446]
22:22:50:INFO:SAVE:message:saving bunch of data...
22:22:50:INFO:SAVE:message:saving optimizer data ...
