22:21:35:INFO:GENERAL:seed:1
22:21:35:INFO:GENERAL:rho:[0.0001, 0.001, 0.0001]
22:21:35:INFO:GENERAL:bounds_z:[(1e-06, 0.3), (1e-06, 0.3), (588.999411, 589.000589), (1e-06, 1800), (1e-06, 74200)]
22:21:36:INFO:OPTIMIZER:x:
[    0.06853684     0.00422588   588.99942091   937.68308527
 37054.49648155]
22:21:36:INFO:OPTIMIZER:fun:0.0007776937063898282
22:21:36:INFO:OPTIMIZER:nfev:8295
22:21:36:INFO:OPTIMIZER:nit:129
22:21:36:INFO:OPTIMIZER:message:Optimization terminated successfully.
22:21:36:INFO:OPTIMIZER:success:True
22:21:36:INFO:OPTIMIZER:constr:[array([0.])]
22:21:36:INFO:OPTIMIZER:constr_violation:0.0
22:21:36:INFO:OPTIMIZER:maxcv:0.0
22:21:36:INFO:RESULT:A:
[[-0.06853684  0.04305096  0.        ]
 [ 0.06853684 -0.04727684  0.00010694]
 [ 0.          0.00422588 -0.00010694]]
22:21:36:INFO:RESULT:m_eq:
[  588.99942091   937.68308527 37054.49648155](38581.17898772009)
22:21:36:INFO:RESULT:x_vec:
[    0.06853684     0.00422588   588.99942091   937.68308527
 37054.49648155](38581.25175044255)
22:21:36:INFO:RESULT:time_scale:
[  8.82939716 375.57171183]
22:21:36:INFO:SAVE:message:saving bunch of data...
22:21:36:INFO:SAVE:message:saving optimizer data ...
