22:20:52:INFO:GENERAL:seed:1
22:20:52:INFO:GENERAL:rho:[0.001, 0.01, 0.0]
22:20:52:INFO:GENERAL:bounds_z:[(1e-06, 0.3), (1e-06, 0.3), (588.999411, 589.000589), (1e-06, 1800), (1e-06, 74200)]
22:20:53:INFO:OPTIMIZER:x:
[    0.07097471     0.00458065   588.99999954   899.99997935
 37100.00112453]
22:20:53:INFO:OPTIMIZER:fun:0.0008359458241742186
22:20:53:INFO:OPTIMIZER:nfev:9070
22:20:53:INFO:OPTIMIZER:nit:142
22:20:53:INFO:OPTIMIZER:message:Optimization terminated successfully.
22:20:53:INFO:OPTIMIZER:success:True
22:20:53:INFO:OPTIMIZER:constr:[array([0.])]
22:20:53:INFO:OPTIMIZER:constr_violation:0.0
22:20:53:INFO:OPTIMIZER:maxcv:0.0
22:20:53:INFO:RESULT:A:
[[-0.07097471  0.04644901  0.        ]
 [ 0.07097471 -0.05102966  0.00011112]
 [ 0.          0.00458065 -0.00011112]]
22:20:53:INFO:RESULT:m_eq:
[  588.99999954   899.99997935 37100.00112453](38589.001103415685)
22:20:53:INFO:RESULT:x_vec:
[    0.07097471     0.00458065   588.99999954   899.99997935
 37100.00112453](38589.076658778125)
22:20:53:INFO:RESULT:time_scale:
[  8.38359947 352.73562108]
22:20:53:INFO:SAVE:message:saving bunch of data...
22:20:53:INFO:SAVE:message:saving optimizer data ...
