22:21:40:INFO:GENERAL:seed:1
22:21:40:INFO:GENERAL:rho:[0.01, 0.01, 0.0001]
22:21:40:INFO:GENERAL:bounds_z:[(1e-06, 0.3), (1e-06, 0.3), (588.999411, 589.000589), (1e-06, 1800), (1e-06, 74200)]
22:21:42:INFO:OPTIMIZER:x:
[    0.0694482      0.00459497   588.99998046   900.00007256
 37100.00059238]
22:21:42:INFO:OPTIMIZER:fun:0.0011984629121422272
22:21:42:INFO:OPTIMIZER:nfev:8843
22:21:42:INFO:OPTIMIZER:nit:138
22:21:42:INFO:OPTIMIZER:message:Optimization terminated successfully.
22:21:42:INFO:OPTIMIZER:success:True
22:21:42:INFO:OPTIMIZER:constr:[array([0.])]
22:21:42:INFO:OPTIMIZER:constr_violation:0.0
22:21:42:INFO:OPTIMIZER:maxcv:0.0
22:21:42:INFO:RESULT:A:
[[-0.0694482   0.04544999  0.        ]
 [ 0.0694482  -0.05004496  0.00011147]
 [ 0.          0.00459497 -0.00011147]]
22:21:42:INFO:RESULT:m_eq:
[  588.99998046   900.00007256 37100.00059238](38589.0006454024)
22:21:42:INFO:RESULT:x_vec:
[    0.0694482      0.00459497   588.99998046   900.00007256
 37100.00059238](38589.07468857883)
22:21:42:INFO:RESULT:time_scale:
[  8.56443599 351.77712359]
22:21:42:INFO:SAVE:message:saving bunch of data...
22:21:42:INFO:SAVE:message:saving optimizer data ...
