22:04:35:INFO:GENERAL:seed:1
22:04:35:INFO:GENERAL:rho:[0.0001, 0.1, 0.1]
22:04:35:INFO:GENERAL:bounds_z:[(1e-06, 0.3), (1e-06, 0.3), (588.999411, 589.000589), (1e-06, 1800), (1e-06, 74200)]
22:04:36:INFO:OPTIMIZER:x:
[    0.07113244     0.00457906   588.99998985   899.99999925
 37099.99963319]
22:04:36:INFO:OPTIMIZER:fun:0.0007992722110229549
22:04:36:INFO:OPTIMIZER:nfev:9308
22:04:36:INFO:OPTIMIZER:nit:146
22:04:36:INFO:OPTIMIZER:message:Optimization terminated successfully.
22:04:36:INFO:OPTIMIZER:success:True
22:04:36:INFO:OPTIMIZER:constr:[array([0.])]
22:04:36:INFO:OPTIMIZER:constr_violation:0.0
22:04:36:INFO:OPTIMIZER:maxcv:0.0
22:04:36:INFO:RESULT:A:
[[-0.07113244  0.04655223  0.        ]
 [ 0.07113244 -0.05113129  0.00011108]
 [ 0.          0.00457906 -0.00011108]]
22:04:36:INFO:RESULT:m_eq:
[  588.99998985   899.99999925 37099.99963319](38588.99962230008)
22:04:36:INFO:RESULT:x_vec:
[    0.07113244     0.00457906   588.99998985   899.99999925
 37099.99963319](38589.07533380503)
22:04:36:INFO:RESULT:time_scale:
[  8.36535158 352.84347729]
22:04:36:INFO:SAVE:message:saving bunch of data...
22:04:36:INFO:SAVE:message:saving optimizer data ...
