22:17:21:INFO:GENERAL:seed:1
22:17:21:INFO:GENERAL:rho:[0.0001, 0.01, 0.01]
22:17:21:INFO:GENERAL:bounds_z:[(1e-06, 0.3), (1e-06, 0.3), (588.999411, 589.000589), (1e-06, 1800), (1e-06, 74200)]
22:17:23:INFO:OPTIMIZER:x:
[    0.03376788     0.00232549   589.00057734   752.2006954
 37105.66618742]
22:17:23:INFO:OPTIMIZER:fun:0.0017510777450374237
22:17:23:INFO:OPTIMIZER:nfev:9345
22:17:23:INFO:OPTIMIZER:nit:145
22:17:23:INFO:OPTIMIZER:message:Optimization terminated successfully.
22:17:23:INFO:OPTIMIZER:success:True
22:17:23:INFO:OPTIMIZER:constr:[array([0.])]
22:17:23:INFO:OPTIMIZER:constr_violation:0.0
22:17:23:INFO:OPTIMIZER:maxcv:0.0
22:17:23:INFO:RESULT:A:
[[-0.03376788  0.02644149  0.        ]
 [ 0.03376788 -0.02876697  0.00004714]
 [ 0.          0.00232549 -0.00004714]]
22:17:23:INFO:RESULT:m_eq:
[  589.00057734   752.2006954  37105.66618742](38446.86746016255)
22:17:23:INFO:RESULT:x_vec:
[    0.03376788     0.00232549   589.00057734   752.2006954
 37105.66618742](38446.90355353659)
22:17:23:INFO:RESULT:time_scale:
[ 16.32555273 752.823534  ]
22:17:23:INFO:SAVE:message:saving bunch of data...
22:17:23:INFO:SAVE:message:saving optimizer data ...
