21:21:59:INFO:GENERAL:seed:1
21:21:59:INFO:GENERAL:rho:[0.1, 0.1, 0.001]
21:21:59:INFO:GENERAL:bounds_z:[(1e-06, 0.3), (1e-06, 0.3), (588.999411, 589.000589), (1e-06, 1800), (1e-06, 74200)]
21:22:01:INFO:OPTIMIZER:x:
[    0.02583957     0.00107937   588.99998886   900.00000266
 37100.00062973]
21:22:01:INFO:OPTIMIZER:fun:0.0032928943585772696
21:22:01:INFO:OPTIMIZER:nfev:9256
21:22:01:INFO:OPTIMIZER:nit:143
21:22:01:INFO:OPTIMIZER:message:Optimization terminated successfully.
21:22:01:INFO:OPTIMIZER:success:True
21:22:01:INFO:OPTIMIZER:constr:[array([0.])]
21:22:01:INFO:OPTIMIZER:constr_violation:0.0
21:22:01:INFO:OPTIMIZER:maxcv:0.0
21:22:01:INFO:RESULT:A:
[[-0.02583957  0.01691056  0.        ]
 [ 0.02583957 -0.01798993  0.00002618]
 [ 0.          0.00107937 -0.00002618]]
21:22:01:INFO:RESULT:m_eq:
[  588.99998886   900.00000266 37100.00062973](38589.00062125458)
21:22:01:INFO:RESULT:x_vec:
[    0.02583957     0.00107937   588.99998886   900.00000266
 37100.00062973](38589.02754019193)
21:22:01:INFO:RESULT:time_scale:
[  23.15677225 1488.59891614]
21:22:01:INFO:SAVE:message:saving bunch of data...
21:22:01:INFO:SAVE:message:saving optimizer data ...
