22:08:34:INFO:GENERAL:seed:1
22:08:34:INFO:GENERAL:rho:[0.0001, 0.001, 0.01]
22:08:34:INFO:GENERAL:bounds_z:[(1e-06, 0.3), (1e-06, 0.3), (588.999411, 589.000589), (1e-06, 1800), (1e-06, 74200)]
22:08:35:INFO:OPTIMIZER:x:
[    0.04125409     0.00383602   589.00052776   620.42210443
 36961.19294229]
22:08:35:INFO:OPTIMIZER:fun:0.0009706876318965139
22:08:35:INFO:OPTIMIZER:nfev:8363
22:08:35:INFO:OPTIMIZER:nit:130
22:08:35:INFO:OPTIMIZER:message:Optimization terminated successfully.
22:08:35:INFO:OPTIMIZER:success:True
22:08:35:INFO:OPTIMIZER:constr:[array([0.])]
22:08:35:INFO:OPTIMIZER:constr_violation:0.0
22:08:35:INFO:OPTIMIZER:maxcv:0.0
22:08:35:INFO:RESULT:A:
[[-0.04125409  0.03916476  0.        ]
 [ 0.04125409 -0.04300078  0.00006439]
 [ 0.          0.00383602 -0.00006439]]
22:08:35:INFO:RESULT:m_eq:
[  589.00052776   620.42210443 36961.19294229](38170.61557447519)
22:08:35:INFO:RESULT:x_vec:
[    0.04125409     0.00383602   589.00052776   620.42210443
 36961.19294229](38170.66066458617)
22:08:35:INFO:RESULT:time_scale:
[ 12.14560516 503.7904504 ]
22:08:35:INFO:SAVE:message:saving bunch of data...
22:08:35:INFO:SAVE:message:saving optimizer data ...
