22:23:05:INFO:GENERAL:seed:1
22:23:05:INFO:GENERAL:rho:[0.0, 0.001, 0.1]
22:23:05:INFO:GENERAL:bounds_z:[(1e-06, 0.3), (1e-06, 0.3), (588.999411, 589.000589), (1e-06, 1800), (1e-06, 74200)]
22:23:06:INFO:OPTIMIZER:x:
[    0.06856604     0.00422758   588.99944073   937.46146064
 37055.56942779]
22:23:06:INFO:OPTIMIZER:fun:0.0007738289725939807
22:23:06:INFO:OPTIMIZER:nfev:8434
22:23:06:INFO:OPTIMIZER:nit:131
22:23:06:INFO:OPTIMIZER:message:Optimization terminated successfully.
22:23:06:INFO:OPTIMIZER:success:True
22:23:06:INFO:OPTIMIZER:constr:[array([0.])]
22:23:06:INFO:OPTIMIZER:constr_violation:0.0
22:23:06:INFO:OPTIMIZER:maxcv:0.0
22:23:06:INFO:RESULT:A:
[[-0.06856604  0.04307949  0.        ]
 [ 0.06856604 -0.04730707  0.00010695]
 [ 0.          0.00422758 -0.00010695]]
22:23:06:INFO:RESULT:m_eq:
[  588.99944073   937.46146064 37055.56942779](38582.03032915971)
22:23:06:INFO:RESULT:x_vec:
[    0.06856604     0.00422758   588.99944073   937.46146064
 37055.56942779](38582.10312278075)
22:23:06:INFO:RESULT:time_scale:
[  8.82482864 375.45793123]
22:23:06:INFO:SAVE:message:saving bunch of data...
22:23:06:INFO:SAVE:message:saving optimizer data ...
