22:17:59:INFO:GENERAL:seed:1
22:17:59:INFO:GENERAL:rho:[0.01, 0.01, 0.1]
22:17:59:INFO:GENERAL:bounds_z:[(1e-06, 0.3), (1e-06, 0.3), (1e-06, 0.3), (588.999411, 589.000589), (1e-06, 1800), (1e-06, 74200), (1e-06, 1100)]
22:18:21:INFO:OPTIMIZER:x:
[    0.01594459     0.00222176     0.04242395   588.99976867
   703.20816936 37107.7608438    193.70670316]
22:18:21:INFO:OPTIMIZER:fun:0.0024049603973995267
22:18:21:INFO:OPTIMIZER:nfev:113496
22:18:21:INFO:OPTIMIZER:nit:1769
22:18:21:INFO:OPTIMIZER:message:Optimization terminated successfully.
22:18:21:INFO:OPTIMIZER:success:True
22:18:21:INFO:OPTIMIZER:constr:[array([0.])]
22:18:21:INFO:OPTIMIZER:constr_violation:0.0
22:18:21:INFO:OPTIMIZER:maxcv:0.0
22:18:21:INFO:RESULT:A:
[[-0.05836854  0.01335502  0.          0.12899758]
 [ 0.01594459 -0.01557678  0.0000421   0.        ]
 [ 0.          0.00222176 -0.0000421   0.        ]
 [ 0.04242395  0.          0.         -0.12899758]]
22:18:21:INFO:RESULT:m_eq:
[  588.99976867   703.20816936 37107.7608438    193.70670316](38593.67548499416)
22:18:21:INFO:RESULT:x_vec:
[    0.01594459     0.00222176     0.04242395   588.99976867
   703.20816936 37107.7608438    193.70670316](38593.73607529077)
22:18:21:INFO:RESULT:time_scale:
[  5.6806328   38.60093979 959.53731325]
22:18:21:INFO:SAVE:message:saving bunch of data...
22:18:21:INFO:SAVE:message:saving optimizer data ...
