22:16:23:INFO:GENERAL:seed:1
22:16:23:INFO:GENERAL:rho:[0.1, 0.0, 0.0]
22:16:23:INFO:GENERAL:bounds_z:[(1e-06, 0.3), (1e-06, 0.3), (588.999411, 589.000589), (1e-06, 1800), (1e-06, 74200)]
22:16:25:INFO:OPTIMIZER:x:
[    0.02990252     0.0023585    588.99960168   756.82518636
 74199.37548786]
22:16:25:INFO:OPTIMIZER:fun:0.0031719509885580373
22:16:25:INFO:OPTIMIZER:nfev:9033
22:16:25:INFO:OPTIMIZER:nit:140
22:16:25:INFO:OPTIMIZER:message:Optimization terminated successfully.
22:16:25:INFO:OPTIMIZER:success:True
22:16:25:INFO:OPTIMIZER:constr:[array([0.])]
22:16:25:INFO:OPTIMIZER:constr_violation:0.0
22:16:25:INFO:OPTIMIZER:maxcv:0.0
22:16:25:INFO:RESULT:A:
[[-0.02990252  0.02327165  0.        ]
 [ 0.02990252 -0.02563015  0.00002406]
 [ 0.          0.0023585  -0.00002406]]
22:16:25:INFO:RESULT:m_eq:
[  588.99960168   756.82518636 74199.37548786](75545.20027590633)
22:16:25:INFO:RESULT:x_vec:
[    0.02990252     0.0023585    588.99960168   756.82518636
 74199.37548786](75545.23253692428)
22:16:25:INFO:RESULT:time_scale:
[ 18.43905247 755.28536728]
22:16:25:INFO:SAVE:message:saving bunch of data...
22:16:25:INFO:SAVE:message:saving optimizer data ...
