22:03:44:INFO:GENERAL:seed:1
22:03:44:INFO:GENERAL:rho:[0.1, 0.0001, 0.001]
22:03:44:INFO:GENERAL:bounds_z:[(1e-06, 0.3), (1e-06, 0.3), (1e-06, 0.3), (588.999411, 589.000589), (1e-06, 1800), (1e-06, 74200), (1e-06, 1100)]
22:03:47:INFO:OPTIMIZER:x:
[    0.02144968     0.00340457     0.02509199   589.00026932
   832.73530574 37685.03126707   495.51715714]
22:03:47:INFO:OPTIMIZER:fun:0.003897412152474931
22:03:47:INFO:OPTIMIZER:nfev:20690
22:03:47:INFO:OPTIMIZER:nit:321
22:03:47:INFO:OPTIMIZER:message:Optimization terminated successfully.
22:03:47:INFO:OPTIMIZER:success:True
22:03:47:INFO:OPTIMIZER:constr:[array([0.])]
22:03:47:INFO:OPTIMIZER:constr_violation:0.0
22:03:47:INFO:OPTIMIZER:maxcv:0.0
22:03:47:INFO:RESULT:A:
[[-0.04654168  0.01517153  0.          0.02982579]
 [ 0.02144968 -0.0185761   0.00007523  0.        ]
 [ 0.          0.00340457 -0.00007523  0.        ]
 [ 0.02509199  0.          0.         -0.02982579]]
22:03:47:INFO:RESULT:m_eq:
[  589.00026932   832.73530574 37685.03126707   495.51715714](39602.283999275045)
22:03:47:INFO:RESULT:x_vec:
[    0.02144968     0.00340457     0.02509199   589.00026932
   832.73530574 37685.03126707   495.51715714](39602.33394552525)
22:03:47:INFO:RESULT:time_scale:
[ 14.0939443   44.1665972  701.85357028]
22:03:47:INFO:SAVE:message:saving bunch of data...
22:03:47:INFO:SAVE:message:saving optimizer data ...
