22:22:03:INFO:GENERAL:seed:1
22:22:03:INFO:GENERAL:rho:[0.0, 0.0, 0.01]
22:22:03:INFO:GENERAL:bounds_z:[(1e-06, 0.3), (1e-06, 0.3), (1e-06, 0.3), (588.999411, 589.000589), (1e-06, 1800), (1e-06, 74200), (1e-06, 1100)]
22:22:20:INFO:OPTIMIZER:x:
[   0.06031948    0.03461401    0.03408631  589.00001171  229.24458373
 1489.99859538  453.86527621]
22:22:20:INFO:OPTIMIZER:fun:0.00012516139086147932
22:22:20:INFO:OPTIMIZER:nfev:78723
22:22:20:INFO:OPTIMIZER:nit:1224
22:22:20:INFO:OPTIMIZER:message:Optimization terminated successfully.
22:22:20:INFO:OPTIMIZER:success:True
22:22:20:INFO:OPTIMIZER:constr:[array([0.])]
22:22:20:INFO:OPTIMIZER:constr_violation:0.0
22:22:20:INFO:OPTIMIZER:maxcv:0.0
22:22:20:INFO:RESULT:A:
[[-0.09440579  0.15497935  0.          0.04423523]
 [ 0.06031948 -0.18959336  0.00532556  0.        ]
 [ 0.          0.03461401 -0.00532556  0.        ]
 [ 0.03408631  0.          0.         -0.04423523]]
22:22:20:INFO:RESULT:m_eq:
[ 589.00001171  229.24458373 1489.99859538  453.86527621](2762.10846702724)
22:22:20:INFO:RESULT:x_vec:
[   0.06031948    0.03461401    0.03408631  589.00001171  229.24458373
 1489.99859538  453.86527621](2762.2374868272277)
22:22:20:INFO:RESULT:time_scale:
[  3.96250499  13.93976483 105.74066441]
22:22:20:INFO:SAVE:message:saving bunch of data...
22:22:20:INFO:SAVE:message:saving optimizer data ...
