22:15:38:INFO:GENERAL:seed:1
22:15:38:INFO:GENERAL:rho:[0.001, 0.001, 0.0]
22:15:38:INFO:GENERAL:bounds_z:[(1e-06, 0.3), (1e-06, 0.3), (588.999411, 589.000589), (1e-06, 1800), (1e-06, 74200)]
22:15:40:INFO:OPTIMIZER:x:
[    0.04109931     0.00382035   589.00053929   621.69755999
 36964.47849014]
22:15:40:INFO:OPTIMIZER:fun:0.0009959230294848327
22:15:40:INFO:OPTIMIZER:nfev:7790
22:15:40:INFO:OPTIMIZER:nit:120
22:15:40:INFO:OPTIMIZER:message:Optimization terminated successfully.
22:15:40:INFO:OPTIMIZER:success:True
22:15:40:INFO:OPTIMIZER:constr:[array([0.])]
22:15:40:INFO:OPTIMIZER:constr_violation:0.0
22:15:40:INFO:OPTIMIZER:maxcv:0.0
22:15:40:INFO:RESULT:A:
[[-0.04109931  0.03893777  0.        ]
 [ 0.04109931 -0.04275812  0.00006425]
 [ 0.          0.00382035 -0.00006425]]
22:15:40:INFO:RESULT:m_eq:
[  589.00053929   621.69755999 36964.47849014](38175.17658942377)
22:15:40:INFO:RESULT:x_vec:
[    0.04109931     0.00382035   589.00053929   621.69755999
 36964.47849014](38175.22150908479)
22:15:40:INFO:RESULT:time_scale:
[ 12.20363758 505.33124567]
22:15:40:INFO:SAVE:message:saving bunch of data...
22:15:40:INFO:SAVE:message:saving optimizer data ...
