21:13:34:INFO:GENERAL:seed:1
21:13:34:INFO:GENERAL:rho:[0.01, 0.0, 0.001]
21:13:34:INFO:GENERAL:bounds_z:[(1e-06, 0.3), (1e-06, 0.3), (1e-06, 0.3), (588.999411, 589.000589), (1e-06, 1800), (1e-06, 74200), (1e-06, 1100)]
21:13:41:INFO:OPTIMIZER:x:
[   0.02535872    0.0038055     0.05860531  589.00038987  976.61928207
 2390.66663985  324.99892249]
21:13:41:INFO:OPTIMIZER:fun:0.0007073204316552507
21:13:41:INFO:OPTIMIZER:nfev:33870
21:13:41:INFO:OPTIMIZER:nit:524
21:13:41:INFO:OPTIMIZER:message:Optimization terminated successfully.
21:13:41:INFO:OPTIMIZER:success:True
21:13:41:INFO:OPTIMIZER:constr:[array([0.])]
21:13:41:INFO:OPTIMIZER:constr_violation:0.0
21:13:41:INFO:OPTIMIZER:maxcv:0.0
21:13:41:INFO:RESULT:A:
[[-0.08396403  0.01529388  0.          0.10621128]
 [ 0.02535872 -0.01909938  0.0015546   0.        ]
 [ 0.          0.0038055  -0.0015546   0.        ]
 [ 0.05860531  0.          0.         -0.10621128]]
21:13:41:INFO:RESULT:m_eq:
[ 589.00038987  976.61928207 2390.66663985  324.99892249](4281.285234279646)
21:13:41:INFO:RESULT:x_vec:
[   0.02535872    0.0038055     0.05860531  589.00038987  976.61928207
 2390.66663985  324.99892249](4281.373003806672)
21:13:41:INFO:RESULT:time_scale:
[  5.68705644  31.54754172 303.65632491]
21:13:41:INFO:SAVE:message:saving bunch of data...
21:13:41:INFO:SAVE:message:saving optimizer data ...
