22:07:21:INFO:GENERAL:seed:1
22:07:21:INFO:GENERAL:rho:[0.0001, 0.01, 0.0001]
22:07:21:INFO:GENERAL:bounds_z:[(1e-06, 0.3), (1e-06, 0.3), (1e-06, 0.3), (588.999411, 589.000589), (1e-06, 1800), (1e-06, 74200), (1e-06, 1100)]
22:07:24:INFO:OPTIMIZER:x:
[    0.00346841     0.08779005     0.03589272   589.00051062
   900.00025428 37100.00183433   549.99967072]
22:07:24:INFO:OPTIMIZER:fun:0.0010053687434642092
22:07:24:INFO:OPTIMIZER:nfev:14402
22:07:24:INFO:OPTIMIZER:nit:222
22:07:24:INFO:OPTIMIZER:message:Optimization terminated successfully.
22:07:24:INFO:OPTIMIZER:success:True
22:07:24:INFO:OPTIMIZER:constr:[array([0.])]
22:07:24:INFO:OPTIMIZER:constr_violation:0.0
22:07:24:INFO:OPTIMIZER:maxcv:0.0
22:07:24:INFO:RESULT:A:
[[-0.03936114  0.00226989  0.          0.0384379 ]
 [ 0.00346841 -0.09005994  0.00212968  0.        ]
 [ 0.          0.08779005 -0.00212968  0.        ]
 [ 0.03589272  0.          0.         -0.0384379 ]]
22:07:24:INFO:RESULT:m_eq:
[  589.00051062   900.00025428 37100.00183433   549.99967072](39139.00226994489)
22:07:24:INFO:RESULT:x_vec:
[    0.00346841     0.08779005     0.03589272   589.00051062
   900.00025428 37100.00183433   549.99967072](39139.12942113447)
22:07:24:INFO:RESULT:time_scale:
[ 10.82051657  13.19100231 567.41714636]
22:07:24:INFO:SAVE:message:saving bunch of data...
22:07:24:INFO:SAVE:message:saving optimizer data ...
