22:21:41:INFO:GENERAL:seed:1
22:21:41:INFO:GENERAL:rho:[0.001, 0.001, 0.0001]
22:21:41:INFO:GENERAL:bounds_z:[(1e-06, 0.3), (1e-06, 0.3), (588.999411, 589.000589), (1e-06, 1800), (1e-06, 74200)]
22:21:42:INFO:OPTIMIZER:x:
[    0.06829276     0.00421231   588.99941286   939.32258968
 37056.84794131]
22:21:42:INFO:OPTIMIZER:fun:0.0008123978537128058
22:21:42:INFO:OPTIMIZER:nfev:8984
22:21:42:INFO:OPTIMIZER:nit:138
22:21:42:INFO:OPTIMIZER:message:Optimization terminated successfully.
22:21:42:INFO:OPTIMIZER:success:True
22:21:42:INFO:OPTIMIZER:constr:[array([0.])]
22:21:42:INFO:OPTIMIZER:constr_violation:0.0
22:21:42:INFO:OPTIMIZER:maxcv:0.0
22:21:42:INFO:RESULT:A:
[[-0.06829276  0.04282277  0.        ]
 [ 0.06829276 -0.04703508  0.00010677]
 [ 0.          0.00421231 -0.00010677]]
22:21:42:INFO:RESULT:m_eq:
[  588.99941286   939.32258968 37056.84794131](38585.16994385439)
22:21:42:INFO:RESULT:x_vec:
[    0.06829276     0.00421231   588.99941286   939.32258968
 37056.84794131](38585.24244892668)
22:21:42:INFO:RESULT:time_scale:
[  8.866925   376.51312325]
22:21:42:INFO:SAVE:message:saving bunch of data...
22:21:42:INFO:SAVE:message:saving optimizer data ...
