21:14:12:INFO:GENERAL:seed:1
21:14:12:INFO:GENERAL:rho:[0.001, 0.01, 0.01]
21:14:12:INFO:GENERAL:bounds_z:[(1e-06, 0.3), (1e-06, 0.3), (1e-06, 0.3), (588.999411, 589.000589), (1e-06, 1800), (1e-06, 74200), (1e-06, 1100)]
21:14:18:INFO:OPTIMIZER:x:
[    0.02579847     0.00349278     0.05846074   589.00044374
   957.48453232 37090.51582926   330.09191516]
21:14:18:INFO:OPTIMIZER:fun:0.0012800284084272515
21:14:18:INFO:OPTIMIZER:nfev:30771
21:14:18:INFO:OPTIMIZER:nit:480
21:14:18:INFO:OPTIMIZER:message:Optimization terminated successfully.
21:14:18:INFO:OPTIMIZER:success:True
21:14:18:INFO:OPTIMIZER:constr:[array([0.])]
21:14:18:INFO:OPTIMIZER:constr_violation:0.0
21:14:18:INFO:OPTIMIZER:maxcv:0.0
21:14:18:INFO:RESULT:A:
[[-0.08425921  0.01587003  0.          0.10431458]
 [ 0.02579847 -0.01936281  0.00009017  0.        ]
 [ 0.          0.00349278 -0.00009017  0.        ]
 [ 0.05846074  0.          0.         -0.10431458]]
21:14:18:INFO:RESULT:m_eq:
[  589.00044374   957.48453232 37090.51582926   330.09191516](38967.09272048632)
21:14:18:INFO:RESULT:x_vec:
[    0.02579847     0.00349278     0.05846074   589.00044374
   957.48453232 37090.51582926   330.09191516](38967.18047247545)
21:14:18:INFO:RESULT:time_scale:
[  5.74103746  31.17724696 565.75306042]
21:14:18:INFO:SAVE:message:saving bunch of data...
21:14:18:INFO:SAVE:message:saving optimizer data ...
