21:23:01:INFO:GENERAL:seed:1
21:23:01:INFO:GENERAL:rho:[0.0001, 0.1, 0.1]
21:23:01:INFO:GENERAL:bounds_z:[(1e-06, 0.3), (1e-06, 0.3), (588.999411, 589.000589), (1e-06, 1800), (1e-06, 74200)]
21:23:03:INFO:OPTIMIZER:x:
[    0.02854441     0.00102867   588.99999215   900.00000754
 37100.00038772]
21:23:03:INFO:OPTIMIZER:fun:0.0017631754171063508
21:23:03:INFO:OPTIMIZER:nfev:9598
21:23:03:INFO:OPTIMIZER:nit:150
21:23:03:INFO:OPTIMIZER:message:Optimization terminated successfully.
21:23:03:INFO:OPTIMIZER:success:True
21:23:03:INFO:OPTIMIZER:constr:[array([0.])]
21:23:03:INFO:OPTIMIZER:constr_violation:0.0
21:23:03:INFO:OPTIMIZER:maxcv:0.0
21:23:03:INFO:RESULT:A:
[[-0.02854441  0.01868073  0.        ]
 [ 0.02854441 -0.0197094   0.00002495]
 [ 0.          0.00102867 -0.00002495]]
21:23:03:INFO:RESULT:m_eq:
[  588.99999215   900.00000754 37100.00038772](38589.000387422304)
21:23:03:INFO:RESULT:x_vec:
[    0.02854441     0.00102867   588.99999215   900.00000754
 37100.00038772](38589.02996049768)
21:23:03:INFO:RESULT:time_scale:
[  20.99180273 1559.78289821]
21:23:03:INFO:SAVE:message:saving bunch of data...
21:23:03:INFO:SAVE:message:saving optimizer data ...
