22:21:54:INFO:GENERAL:seed:1
22:21:54:INFO:GENERAL:rho:[0.001, 0.01, 0.001]
22:21:54:INFO:GENERAL:bounds_z:[(1e-06, 0.3), (1e-06, 0.3), (588.999411, 589.000589), (1e-06, 1800), (1e-06, 74200)]
22:21:56:INFO:OPTIMIZER:x:
[    0.07097659     0.00458053   588.99998379   900.0000216
 37100.0008461 ]
22:21:56:INFO:OPTIMIZER:fun:0.0008359457486848972
22:21:56:INFO:OPTIMIZER:nfev:8995
22:21:56:INFO:OPTIMIZER:nit:138
22:21:56:INFO:OPTIMIZER:message:Optimization terminated successfully.
22:21:56:INFO:OPTIMIZER:success:True
22:21:56:INFO:OPTIMIZER:constr:[array([0.])]
22:21:56:INFO:OPTIMIZER:constr_violation:0.0
22:21:56:INFO:OPTIMIZER:maxcv:0.0
22:21:56:INFO:RESULT:A:
[[-0.07097659  0.04645023  0.        ]
 [ 0.07097659 -0.05103076  0.00011112]
 [ 0.          0.00458053 -0.00011112]]
22:21:56:INFO:RESULT:m_eq:
[  588.99998379   900.0000216  37100.0008461 ](38589.00085149109)
22:21:56:INFO:RESULT:x_vec:
[    0.07097659     0.00458053   588.99998379   900.0000216
 37100.0008461 ](38589.07640861418)
22:21:56:INFO:RESULT:time_scale:
[  8.3833849  352.74431176]
22:21:56:INFO:SAVE:message:saving bunch of data...
22:21:56:INFO:SAVE:message:saving optimizer data ...
