22:04:07:INFO:GENERAL:seed:1
22:04:07:INFO:GENERAL:rho:[0.0001, 0.1, 0.01]
22:04:07:INFO:GENERAL:bounds_z:[(1e-06, 0.3), (1e-06, 0.3), (588.999411, 589.000589), (1e-06, 1800), (1e-06, 74200)]
22:04:09:INFO:OPTIMIZER:x:
[    0.07114402     0.00457901   589.00000145   900.0000015
 37099.9999388 ]
22:04:09:INFO:OPTIMIZER:fun:0.0007992717669276547
22:04:09:INFO:OPTIMIZER:nfev:9756
22:04:09:INFO:OPTIMIZER:nit:152
22:04:09:INFO:OPTIMIZER:message:Optimization terminated successfully.
22:04:09:INFO:OPTIMIZER:success:True
22:04:09:INFO:OPTIMIZER:constr:[array([0.])]
22:04:09:INFO:OPTIMIZER:constr_violation:0.0
22:04:09:INFO:OPTIMIZER:maxcv:0.0
22:04:09:INFO:RESULT:A:
[[-0.07114402  0.04655981  0.        ]
 [ 0.07114402 -0.05113882  0.00011108]
 [ 0.          0.00457901 -0.00011108]]
22:04:09:INFO:RESULT:m_eq:
[  589.00000145   900.0000015  37099.9999388 ](38588.99994174982)
22:04:09:INFO:RESULT:x_vec:
[    0.07114402     0.00457901   589.00000145   900.0000015
 37099.9999388 ](38589.0756647869)
22:04:09:INFO:RESULT:time_scale:
[  8.36401316 352.84601672]
22:04:09:INFO:SAVE:message:saving bunch of data...
22:04:09:INFO:SAVE:message:saving optimizer data ...
