21:13:11:INFO:GENERAL:seed:1
21:13:11:INFO:GENERAL:rho:[0.01, 0.01, 0.0001]
21:13:11:INFO:GENERAL:bounds_z:[(1e-06, 0.3), (1e-06, 0.3), (1e-06, 0.3), (588.999411, 589.000589), (1e-06, 1800), (1e-06, 74200), (1e-06, 1100)]
21:13:13:INFO:OPTIMIZER:x:
[    0.0148383      0.00459083     0.0576729    589.00001401
   900.00001723 37099.99977696   549.9999401 ]
21:13:13:INFO:OPTIMIZER:fun:0.0009096454093217828
21:13:13:INFO:OPTIMIZER:nfev:14114
21:13:13:INFO:OPTIMIZER:nit:219
21:13:13:INFO:OPTIMIZER:message:Optimization terminated successfully.
21:13:13:INFO:OPTIMIZER:success:True
21:13:13:INFO:OPTIMIZER:constr:[array([0.])]
21:13:13:INFO:OPTIMIZER:constr_violation:0.0
21:13:13:INFO:OPTIMIZER:maxcv:0.0
21:13:13:INFO:RESULT:A:
[[-0.0725112   0.00971084  0.          0.06176244]
 [ 0.0148383  -0.01430167  0.00011137  0.        ]
 [ 0.          0.00459083 -0.00011137  0.        ]
 [ 0.0576729   0.          0.         -0.06176244]]
21:13:13:INFO:RESULT:m_eq:
[  589.00001401   900.00001723 37099.99977696   549.9999401 ](39138.99974829885)
21:13:13:INFO:RESULT:x_vec:
[    0.0148383      0.00459083     0.0576729    589.00001401
   900.00001723 37099.99977696   549.9999401 ](39139.07685032688)
21:13:13:INFO:RESULT:time_scale:
[  7.8274028   52.3214001  550.13267496]
21:13:13:INFO:SAVE:message:saving bunch of data...
21:13:13:INFO:SAVE:message:saving optimizer data ...
