22:17:42:INFO:GENERAL:seed:1
22:17:42:INFO:GENERAL:rho:[0.0001, 0.1, 0.1]
22:17:42:INFO:GENERAL:bounds_z:[(1e-06, 0.3), (1e-06, 0.3), (588.999411, 589.000589), (1e-06, 1800), (1e-06, 74200)]
22:17:44:INFO:OPTIMIZER:x:
[    0.02854572     0.00102972   589.00002456   899.99998909
 37099.99988238]
22:17:44:INFO:OPTIMIZER:fun:0.0017631758417250211
22:17:44:INFO:OPTIMIZER:nfev:10399
22:17:44:INFO:OPTIMIZER:nit:162
22:17:44:INFO:OPTIMIZER:message:Optimization terminated successfully.
22:17:44:INFO:OPTIMIZER:success:True
22:17:44:INFO:OPTIMIZER:constr:[array([0.])]
22:17:44:INFO:OPTIMIZER:constr_violation:0.0
22:17:44:INFO:OPTIMIZER:maxcv:0.0
22:17:44:INFO:RESULT:A:
[[-0.02854572  0.01868159  0.        ]
 [ 0.02854572 -0.01971131  0.00002498]
 [ 0.          0.00102972 -0.00002498]]
22:17:44:INFO:RESULT:m_eq:
[  589.00002456   899.99998909 37099.99988238](38588.99989603023)
22:17:44:INFO:RESULT:x_vec:
[    0.02854572     0.00102972   589.00002456   899.99998909
 37099.99988238](38589.029471469534)
22:17:44:INFO:RESULT:time_scale:
[  20.99065464 1558.21029896]
22:17:44:INFO:SAVE:message:saving bunch of data...
22:17:44:INFO:SAVE:message:saving optimizer data ...
