21:12:20:INFO:GENERAL:seed:1
21:12:20:INFO:GENERAL:rho:[0.001, 0.0, 0.0001]
21:12:20:INFO:GENERAL:bounds_z:[(1e-06, 0.3), (1e-06, 0.3), (588.999411, 589.000589), (1e-06, 1800), (1e-06, 74200)]
21:12:22:INFO:OPTIMIZER:x:
[   0.08038654    0.01232002  589.00026257  718.09196213 1273.59835141]
21:12:22:INFO:OPTIMIZER:fun:0.00032921138731216123
21:12:22:INFO:OPTIMIZER:nfev:10861
21:12:22:INFO:OPTIMIZER:nit:168
21:12:22:INFO:OPTIMIZER:message:Optimization terminated successfully.
21:12:22:INFO:OPTIMIZER:success:True
21:12:22:INFO:OPTIMIZER:constr:[array([0.])]
21:12:22:INFO:OPTIMIZER:constr_violation:0.0
21:12:22:INFO:OPTIMIZER:maxcv:0.0
21:12:22:INFO:RESULT:A:
[[-0.08038654  0.06593542  0.        ]
 [ 0.08038654 -0.07825544  0.00694639]
 [ 0.          0.01232002 -0.00694639]]
21:12:22:INFO:RESULT:m_eq:
[ 589.00026257  718.09196213 1273.59835141](2580.690576109059)
21:12:22:INFO:RESULT:x_vec:
[   0.08038654    0.01232002  589.00026257  718.09196213 1273.59835141](2580.7832826670306)
21:12:22:INFO:RESULT:time_scale:
[ 6.56071078 75.95406453]
21:12:22:INFO:SAVE:message:saving bunch of data...
21:12:22:INFO:SAVE:message:saving optimizer data ...
