22:23:35:INFO:GENERAL:seed:1
22:23:35:INFO:GENERAL:rho:[0.01, 0.0001, 0.1]
22:23:35:INFO:GENERAL:bounds_z:[(1e-06, 0.3), (1e-06, 0.3), (1e-06, 0.3), (588.999411, 589.000589), (1e-06, 1800), (1e-06, 74200), (1e-06, 1100)]
22:23:49:INFO:OPTIMIZER:x:
[    0.05761907     0.01081098     0.02735488   588.99956666
   288.00799097 37991.57560389   702.71046393]
22:23:49:INFO:OPTIMIZER:fun:0.0008546366820560461
22:23:49:INFO:OPTIMIZER:nfev:69357
22:23:49:INFO:OPTIMIZER:nit:1080
22:23:49:INFO:OPTIMIZER:message:Optimization terminated successfully.
22:23:49:INFO:OPTIMIZER:success:True
22:23:49:INFO:OPTIMIZER:constr:[array([0.])]
22:23:49:INFO:OPTIMIZER:constr_violation:0.0
22:23:49:INFO:OPTIMIZER:maxcv:0.0
22:23:49:INFO:RESULT:A:
[[-0.08497394  0.11783564  0.          0.02292838]
 [ 0.05761907 -0.12864662  0.00008196  0.        ]
 [ 0.          0.01081098 -0.00008196  0.        ]
 [ 0.02735488  0.          0.         -0.02292838]]
22:23:49:INFO:RESULT:m_eq:
[  588.99956666   288.00799097 37991.57560389   702.71046393](39571.2936254469)
22:23:49:INFO:RESULT:x_vec:
[    0.05761907     0.01081098     0.02735488   588.99956666
   288.00799097 37991.57560389   702.71046393](39571.38941037364)
22:23:49:INFO:RESULT:time_scale:
[  5.16948184  24.19721585 537.39043522]
22:23:49:INFO:SAVE:message:saving bunch of data...
22:23:49:INFO:SAVE:message:saving optimizer data ...
