21:22:06:INFO:GENERAL:seed:1
21:22:06:INFO:GENERAL:rho:[0.01, 0.0, 0.01]
21:22:06:INFO:GENERAL:bounds_z:[(1e-06, 0.3), (1e-06, 0.3), (1e-06, 0.3), (588.999411, 589.000589), (1e-06, 1800), (1e-06, 74200), (1e-06, 1100)]
21:22:13:INFO:OPTIMIZER:x:
[    0.04023401     0.00994943     0.0169985    588.99974214
   173.71601027 74197.67112845   486.82078887]
21:22:13:INFO:OPTIMIZER:fun:0.0008597254030456949
21:22:13:INFO:OPTIMIZER:nfev:41183
21:22:13:INFO:OPTIMIZER:nit:643
21:22:13:INFO:OPTIMIZER:message:Optimization terminated successfully.
21:22:13:INFO:OPTIMIZER:success:True
21:22:13:INFO:OPTIMIZER:constr:[array([0.])]
21:22:13:INFO:OPTIMIZER:constr_violation:0.0
21:22:13:INFO:OPTIMIZER:maxcv:0.0
21:22:13:INFO:RESULT:A:
[[-0.0572325   0.13641701  0.          0.02056632]
 [ 0.04023401 -0.14636644  0.00002329  0.        ]
 [ 0.          0.00994943 -0.00002329  0.        ]
 [ 0.0169985   0.          0.         -0.02056632]]
21:22:13:INFO:RESULT:m_eq:
[  588.99974214   173.71601027 74197.67112845   486.82078887](75447.20766972862)
21:22:13:INFO:RESULT:x_vec:
[    0.04023401     0.00994943     0.0169985    588.99974214
   173.71601027 74197.67112845   486.82078887](75447.27485166187)
21:22:13:INFO:RESULT:time_scale:
[  5.29757631  29.30545716 769.4375472 ]
21:22:13:INFO:SAVE:message:saving bunch of data...
21:22:13:INFO:SAVE:message:saving optimizer data ...
