22:03:25:INFO:GENERAL:seed:1
22:03:25:INFO:GENERAL:rho:[0.001, 0.1, 0.001]
22:03:25:INFO:GENERAL:bounds_z:[(1e-06, 0.3), (1e-06, 0.3), (588.999411, 589.000589), (1e-06, 1800), (1e-06, 74200)]
22:03:27:INFO:OPTIMIZER:x:
[    0.07097163     0.00458057   589.00000165   900.00000353
 37099.99973605]
22:03:27:INFO:OPTIMIZER:fun:0.0008359459618890952
22:03:27:INFO:OPTIMIZER:nfev:9752
22:03:27:INFO:OPTIMIZER:nit:151
22:03:27:INFO:OPTIMIZER:message:Optimization terminated successfully.
22:03:27:INFO:OPTIMIZER:success:True
22:03:27:INFO:OPTIMIZER:constr:[array([0.])]
22:03:27:INFO:OPTIMIZER:constr_violation:0.0
22:03:27:INFO:OPTIMIZER:maxcv:0.0
22:03:27:INFO:RESULT:A:
[[-0.07097163  0.04644699  0.        ]
 [ 0.07097163 -0.05102756  0.00011112]
 [ 0.          0.00458057 -0.00011112]]
22:03:27:INFO:RESULT:m_eq:
[  589.00000165   900.00000353 37099.99973605](38588.99974122584)
22:03:27:INFO:RESULT:x_vec:
[    0.07097163     0.00458057   589.00000165   900.00000353
 37099.99973605](38589.075293425136)
22:03:27:INFO:RESULT:time_scale:
[  8.38396038 352.74183265]
22:03:27:INFO:SAVE:message:saving bunch of data...
22:03:27:INFO:SAVE:message:saving optimizer data ...
