22:21:51:INFO:GENERAL:seed:1
22:21:51:INFO:GENERAL:rho:[0.001, 0.0, 0.001]
22:21:51:INFO:GENERAL:bounds_z:[(1e-06, 0.3), (1e-06, 0.3), (1e-06, 0.3), (588.999411, 589.000589), (1e-06, 1800), (1e-06, 74200), (1e-06, 1100)]
22:22:02:INFO:OPTIMIZER:x:
[   0.05941476    0.03335593    0.0338538   589.00050398  233.23601444
 1500.8260137   458.71513076]
22:22:02:INFO:OPTIMIZER:fun:0.0002075005745527327
22:22:02:INFO:OPTIMIZER:nfev:54168
22:22:02:INFO:OPTIMIZER:nit:841
22:22:02:INFO:OPTIMIZER:message:Optimization terminated successfully.
22:22:02:INFO:OPTIMIZER:success:True
22:22:02:INFO:OPTIMIZER:constr:[array([0.])]
22:22:02:INFO:OPTIMIZER:constr_violation:0.0
22:22:02:INFO:OPTIMIZER:maxcv:0.0
22:22:02:INFO:RESULT:A:
[[-0.09326856  0.15004253  0.          0.04346904]
 [ 0.05941476 -0.18339845  0.00518368  0.        ]
 [ 0.          0.03335593 -0.00518368  0.        ]
 [ 0.0338538   0.          0.         -0.04346904]]
22:22:02:INFO:RESULT:m_eq:
[ 589.00050398  233.23601444 1500.8260137   458.71513076](2781.777662873937)
22:22:02:INFO:RESULT:x_vec:
[   0.05941476    0.03335593    0.0338538   589.00050398  233.23601444
 1500.8260137   458.71513076](2781.9042873599506)
22:22:02:INFO:RESULT:time_scale:
[  4.07192594  14.1813497  108.45338157]
22:22:02:INFO:SAVE:message:saving bunch of data...
22:22:02:INFO:SAVE:message:saving optimizer data ...
