22:22:37:INFO:GENERAL:seed:1
22:22:37:INFO:GENERAL:rho:[0.0001, 0.1, 0.01]
22:22:37:INFO:GENERAL:bounds_z:[(1e-06, 0.3), (1e-06, 0.3), (588.999411, 589.000589), (1e-06, 1800), (1e-06, 74200)]
22:22:39:INFO:OPTIMIZER:x:
[    0.07113577     0.00457919   589.00000149   900.00000127
 37099.99984508]
22:22:39:INFO:OPTIMIZER:fun:0.0007992717088326334
22:22:39:INFO:OPTIMIZER:nfev:9872
22:22:39:INFO:OPTIMIZER:nit:153
22:22:39:INFO:OPTIMIZER:message:Optimization terminated successfully.
22:22:39:INFO:OPTIMIZER:success:True
22:22:39:INFO:OPTIMIZER:constr:[array([0.])]
22:22:39:INFO:OPTIMIZER:constr_violation:0.0
22:22:39:INFO:OPTIMIZER:maxcv:0.0
22:22:39:INFO:RESULT:A:
[[-0.07113577  0.04655441  0.        ]
 [ 0.07113577 -0.0511336   0.00011109]
 [ 0.          0.00457919 -0.00011109]]
22:22:39:INFO:RESULT:m_eq:
[  589.00000149   900.00000127 37099.99984508](38588.99984783462)
22:22:39:INFO:RESULT:x_vec:
[    0.07113577     0.00457919   589.00000149   900.00000127
 37099.99984508](38589.0755627923)
22:22:39:INFO:RESULT:time_scale:
[  8.36496303 352.83352728]
22:22:39:INFO:SAVE:message:saving bunch of data...
22:22:39:INFO:SAVE:message:saving optimizer data ...
