22:15:36:INFO:GENERAL:seed:1
22:15:36:INFO:GENERAL:rho:[0.1, 0.1, 0.0]
22:15:36:INFO:GENERAL:bounds_z:[(1e-06, 0.3), (1e-06, 0.3), (1e-06, 0.3), (588.999411, 589.000589), (1e-06, 1800), (1e-06, 74200), (1e-06, 1100)]
22:15:39:INFO:OPTIMIZER:x:
[    0.00436407     0.00051136     0.02709186   589.00001527
   899.9999913  37099.99927672   550.00002586]
22:15:39:INFO:OPTIMIZER:fun:0.0028364852716629935
22:15:39:INFO:OPTIMIZER:nfev:11492
22:15:39:INFO:OPTIMIZER:nit:177
22:15:39:INFO:OPTIMIZER:message:Optimization terminated successfully.
22:15:39:INFO:OPTIMIZER:success:True
22:15:39:INFO:OPTIMIZER:constr:[array([0.])]
22:15:39:INFO:OPTIMIZER:constr_violation:0.0
22:15:39:INFO:OPTIMIZER:maxcv:0.0
22:15:39:INFO:RESULT:A:
[[-0.03145594  0.00285604  0.          0.02901292]
 [ 0.00436407 -0.0033674   0.0000124   0.        ]
 [ 0.          0.00051136 -0.0000124   0.        ]
 [ 0.02709186  0.          0.         -0.02901292]]
22:15:39:INFO:RESULT:m_eq:
[  589.00001527   899.9999913  37099.99927672   550.00002586](39138.99930914688)
22:15:39:INFO:RESULT:x_vec:
[    0.00436407     0.00051136     0.02709186   589.00001527
   899.9999913  37099.99927672   550.00002586](39139.03127644322)
22:15:39:INFO:RESULT:time_scale:
[  17.11879101  191.98094454 4454.7653759 ]
22:15:39:INFO:SAVE:message:saving bunch of data...
22:15:39:INFO:SAVE:message:saving optimizer data ...
