22:07:05:INFO:GENERAL:seed:1
22:07:05:INFO:GENERAL:rho:[0.0, 0.0001, 0.0001]
22:07:05:INFO:GENERAL:bounds_z:[(1e-06, 0.3), (1e-06, 0.3), (588.999411, 589.000589), (1e-06, 1800), (1e-06, 74200)]
22:07:08:INFO:OPTIMIZER:x:
[  0.05726056   0.01648673 589.0000116  402.23396887 787.02636741]
22:07:08:INFO:OPTIMIZER:fun:0.0002566234147401602
22:07:08:INFO:OPTIMIZER:nfev:14734
22:07:08:INFO:OPTIMIZER:nit:229
22:07:08:INFO:OPTIMIZER:message:Optimization terminated successfully.
22:07:08:INFO:OPTIMIZER:success:True
22:07:08:INFO:OPTIMIZER:constr:[array([0.])]
22:07:08:INFO:OPTIMIZER:constr_violation:0.0
22:07:08:INFO:OPTIMIZER:maxcv:0.0
22:07:08:INFO:RESULT:A:
[[-0.05726056  0.08384789  0.        ]
 [ 0.05726056 -0.10033462  0.00842605]
 [ 0.          0.01648673 -0.00842605]]
22:07:08:INFO:RESULT:m_eq:
[589.0000116  402.23396887 787.02636741](1778.260347881667)
22:07:08:INFO:RESULT:x_vec:
[  0.05726056   0.01648673 589.0000116  402.23396887 787.02636741](1778.3340951734012)
22:07:08:INFO:RESULT:time_scale:
[ 6.57951187 71.2541341 ]
22:07:08:INFO:SAVE:message:saving bunch of data...
22:07:08:INFO:SAVE:message:saving optimizer data ...
