21:23:23:INFO:GENERAL:seed:1
21:23:23:INFO:GENERAL:rho:[0.01, 0.001, 0.1]
21:23:23:INFO:GENERAL:bounds_z:[(1e-06, 0.3), (1e-06, 0.3), (1e-06, 0.3), (588.999411, 589.000589), (1e-06, 1800), (1e-06, 74200), (1e-06, 1100)]
21:23:35:INFO:OPTIMIZER:x:
[    0.01603876     0.0024056      0.04304935   589.00034587
   688.83871863 37099.35533382   193.76525307]
21:23:35:INFO:OPTIMIZER:fun:0.0008606260637218448
21:23:35:INFO:OPTIMIZER:nfev:61603
21:23:35:INFO:OPTIMIZER:nit:960
21:23:35:INFO:OPTIMIZER:message:Optimization terminated successfully.
21:23:35:INFO:OPTIMIZER:success:True
21:23:35:INFO:OPTIMIZER:constr:[array([0.])]
21:23:35:INFO:OPTIMIZER:constr_violation:0.0
21:23:35:INFO:OPTIMIZER:maxcv:0.0
21:23:35:INFO:RESULT:A:
[[-0.05908811  0.01371415  0.          0.1308598 ]
 [ 0.01603876 -0.01611975  0.00004467  0.        ]
 [ 0.          0.0024056  -0.00004467  0.        ]
 [ 0.04304935  0.          0.         -0.1308598 ]]
21:23:35:INFO:RESULT:m_eq:
[  589.00034587   688.83871863 37099.35533382   193.76525307](38570.95965138893)
21:23:35:INFO:RESULT:x_vec:
[    0.01603876     0.0024056      0.04304935   589.00034587
   688.83871863 37099.35533382   193.76525307](38571.021145097104)
21:23:35:INFO:RESULT:time_scale:
[  5.60051201  37.81352663 899.56178415]
21:23:35:INFO:SAVE:message:saving bunch of data...
21:23:35:INFO:SAVE:message:saving optimizer data ...
