22:03:26:INFO:GENERAL:seed:1
22:03:26:INFO:GENERAL:rho:[0.0001, 0.0001, 0.001]
22:03:26:INFO:GENERAL:bounds_z:[(1e-06, 0.3), (1e-06, 0.3), (588.999411, 589.000589), (1e-06, 1800), (1e-06, 74200)]
22:03:29:INFO:OPTIMIZER:x:
[   0.08074194    0.01245678  589.0001412   714.85876587 1272.76066481]
22:03:29:INFO:OPTIMIZER:fun:0.00031226515263361803
22:03:29:INFO:OPTIMIZER:nfev:13235
22:03:29:INFO:OPTIMIZER:nit:207
22:03:29:INFO:OPTIMIZER:message:Optimization terminated successfully.
22:03:29:INFO:OPTIMIZER:success:True
22:03:29:INFO:OPTIMIZER:constr:[array([0.])]
22:03:29:INFO:OPTIMIZER:constr_violation:0.0
22:03:29:INFO:OPTIMIZER:maxcv:0.0
22:03:29:INFO:RESULT:A:
[[-0.08074194  0.06652645  0.        ]
 [ 0.08074194 -0.07898323  0.00699648]
 [ 0.          0.01245678 -0.00699648]]
22:03:29:INFO:RESULT:m_eq:
[ 589.0001412   714.85876587 1272.76066481](2576.619571891296)
22:03:29:INFO:RESULT:x_vec:
[   0.08074194    0.01245678  589.0001412   714.85876587 1272.76066481](2576.7127706151405)
22:03:29:INFO:RESULT:time_scale:
[ 6.51666272 75.3643683 ]
22:03:29:INFO:SAVE:message:saving bunch of data...
22:03:29:INFO:SAVE:message:saving optimizer data ...
