21:15:41:INFO:GENERAL:seed:1
21:15:41:INFO:GENERAL:rho:[0.1, 0.0, 0.1]
21:15:41:INFO:GENERAL:bounds_z:[(1e-06, 0.3), (1e-06, 0.3), (1e-06, 0.3), (588.999411, 589.000589), (1e-06, 1800), (1e-06, 74200), (1e-06, 1100)]
21:15:49:INFO:OPTIMIZER:x:
[    0.02155591     0.00349771     0.02518114   588.99994421
   823.11656602 74149.12791902   495.49183224]
21:15:49:INFO:OPTIMIZER:fun:0.0038926909541062292
21:15:49:INFO:OPTIMIZER:nfev:48370
21:15:49:INFO:OPTIMIZER:nit:754
21:15:49:INFO:OPTIMIZER:message:Optimization terminated successfully.
21:15:49:INFO:OPTIMIZER:success:True
21:15:49:INFO:OPTIMIZER:constr:[array([0.])]
21:15:49:INFO:OPTIMIZER:constr_violation:0.0
21:15:49:INFO:OPTIMIZER:maxcv:0.0
21:15:49:INFO:RESULT:A:
[[-0.04673706  0.01542483  0.          0.02993327]
 [ 0.02155591 -0.01892254  0.00003883  0.        ]
 [ 0.          0.00349771 -0.00003883  0.        ]
 [ 0.02518114  0.          0.         -0.02993327]]
21:15:49:INFO:RESULT:m_eq:
[  588.99994421   823.11656602 74149.12791902   495.49183224](76056.73626149821)
21:15:49:INFO:RESULT:x_vec:
[    0.02155591     0.00349771     0.02518114   588.99994421
   823.11656602 74149.12791902   495.49183224](76056.78649626579)
21:15:49:INFO:RESULT:time_scale:
[ 14.02441053  43.64831848 705.68611385]
21:15:49:INFO:SAVE:message:saving bunch of data...
21:15:49:INFO:SAVE:message:saving optimizer data ...
