22:06:45:INFO:GENERAL:seed:1
22:06:45:INFO:GENERAL:rho:[0.001, 0.01, 0.0]
22:06:45:INFO:GENERAL:bounds_z:[(1e-06, 0.3), (1e-06, 0.3), (588.999411, 589.000589), (1e-06, 1800), (1e-06, 74200)]
22:06:47:INFO:OPTIMIZER:x:
[    0.03344309     0.00226296   589.00054457   758.63648904
 37098.8245604 ]
22:06:47:INFO:OPTIMIZER:fun:0.0017697250338181542
22:06:47:INFO:OPTIMIZER:nfev:9395
22:06:47:INFO:OPTIMIZER:nit:147
22:06:47:INFO:OPTIMIZER:message:Optimization terminated successfully.
22:06:47:INFO:OPTIMIZER:success:True
22:06:47:INFO:OPTIMIZER:constr:[array([0.])]
22:06:47:INFO:OPTIMIZER:constr_violation:0.0
22:06:47:INFO:OPTIMIZER:maxcv:0.0
22:06:47:INFO:RESULT:A:
[[-0.03344309  0.025965    0.        ]
 [ 0.03344309 -0.02822796  0.00004628]
 [ 0.          0.00226296 -0.00004628]]
22:06:47:INFO:RESULT:m_eq:
[  589.00054457   758.63648904 37098.8245604 ](38446.46159399681)
22:06:47:INFO:RESULT:x_vec:
[    0.03344309     0.00226296   589.00054457   758.63648904
 37098.8245604 ](38446.497300046096)
22:06:47:INFO:RESULT:time_scale:
[ 16.55101899 770.36423728]
22:06:47:INFO:SAVE:message:saving bunch of data...
22:06:47:INFO:SAVE:message:saving optimizer data ...
