21:21:12:INFO:GENERAL:seed:1
21:21:12:INFO:GENERAL:rho:[0.01, 0.001, 0.0001]
21:21:12:INFO:GENERAL:bounds_z:[(1e-06, 0.3), (1e-06, 0.3), (588.999411, 589.000589), (1e-06, 1800), (1e-06, 74200)]
21:21:13:INFO:OPTIMIZER:x:
[    0.03962842     0.00366968   589.00058167   634.16236286
 36998.5781129 ]
21:21:13:INFO:OPTIMIZER:fun:0.00124192465124407
21:21:13:INFO:OPTIMIZER:nfev:8181
21:21:13:INFO:OPTIMIZER:nit:128
21:21:13:INFO:OPTIMIZER:message:Optimization terminated successfully.
21:21:13:INFO:OPTIMIZER:success:True
21:21:13:INFO:OPTIMIZER:constr:[array([0.])]
21:21:13:INFO:OPTIMIZER:constr_violation:0.0
21:21:13:INFO:OPTIMIZER:maxcv:0.0
21:21:13:INFO:RESULT:A:
[[-0.03962842  0.03680629  0.        ]
 [ 0.03962842 -0.04047597  0.0000629 ]
 [ 0.          0.00366968 -0.0000629 ]]
21:21:13:INFO:RESULT:m_eq:
[  589.00058167   634.16236286 36998.5781129 ](38221.741057439765)
21:21:13:INFO:RESULT:x_vec:
[    0.03962842     0.00366968   589.00058167   634.16236286
 36998.5781129 ](38221.7843555392)
21:21:13:INFO:RESULT:time_scale:
[ 12.77998792 520.846151  ]
21:21:13:INFO:SAVE:message:saving bunch of data...
21:21:13:INFO:SAVE:message:saving optimizer data ...
