22:09:26:INFO:GENERAL:seed:1
22:09:26:INFO:GENERAL:rho:[0.01, 0.01, 0.1]
22:09:26:INFO:GENERAL:bounds_z:[(1e-06, 0.3), (1e-06, 0.3), (1e-06, 0.3), (588.999411, 589.000589), (1e-06, 1800), (1e-06, 74200), (1e-06, 1100)]
22:09:37:INFO:OPTIMIZER:x:
[    0.01594442     0.00222069     0.04244066   589.0001018
   703.28782439 37094.99474527   193.69365365]
22:09:37:INFO:OPTIMIZER:fun:0.0024049574869168403
22:09:37:INFO:OPTIMIZER:nfev:57006
22:09:37:INFO:OPTIMIZER:nit:889
22:09:37:INFO:OPTIMIZER:message:Optimization terminated successfully.
22:09:37:INFO:OPTIMIZER:success:True
22:09:37:INFO:OPTIMIZER:constr:[array([0.])]
22:09:37:INFO:OPTIMIZER:constr_violation:0.0
22:09:37:INFO:OPTIMIZER:maxcv:0.0
22:09:37:INFO:RESULT:A:
[[-0.05838508  0.01335337  0.          0.12905715]
 [ 0.01594442 -0.01557406  0.0000421   0.        ]
 [ 0.          0.00222069 -0.0000421   0.        ]
 [ 0.04244066  0.          0.         -0.12905715]]
22:09:37:INFO:RESULT:m_eq:
[  589.0001018    703.28782439 37094.99474527   193.69365365](38580.976325106814)
22:09:37:INFO:RESULT:x_vec:
[    0.01594442     0.00222069     0.04244066   589.0001018
   703.28782439 37094.99474527   193.69365365](38581.03693087445)
22:09:37:INFO:RESULT:time_scale:
[  5.67819419  38.60364637 959.89742706]
22:09:37:INFO:SAVE:message:saving bunch of data...
22:09:37:INFO:SAVE:message:saving optimizer data ...
