22:18:25:INFO:GENERAL:seed:1
22:18:25:INFO:GENERAL:rho:[0.01, 0.0, 0.1]
22:18:25:INFO:GENERAL:bounds_z:[(1e-06, 0.3), (1e-06, 0.3), (588.999411, 589.000589), (1e-06, 1800), (1e-06, 74200)]
22:18:27:INFO:OPTIMIZER:x:
[  0.05304142   0.01409651 589.00048309 432.9977979  780.81753952]
22:18:27:INFO:OPTIMIZER:fun:0.0007405151069829276
22:18:27:INFO:OPTIMIZER:nfev:15476
22:18:27:INFO:OPTIMIZER:nit:241
22:18:27:INFO:OPTIMIZER:message:Optimization terminated successfully.
22:18:27:INFO:OPTIMIZER:success:True
22:18:27:INFO:OPTIMIZER:constr:[array([0.])]
22:18:27:INFO:OPTIMIZER:constr_violation:0.0
22:18:27:INFO:OPTIMIZER:maxcv:0.0
22:18:27:INFO:RESULT:A:
[[-0.05304142  0.07215146  0.        ]
 [ 0.05304142 -0.08624798  0.00781714]
 [ 0.          0.01409651 -0.00781714]]
22:18:27:INFO:RESULT:m_eq:
[589.00048309 432.9977979  780.81753952](1802.815820511317)
22:18:27:INFO:RESULT:x_vec:
[  0.05304142   0.01409651 589.00048309 432.9977979  780.81753952](1802.8829584483028)
22:18:27:INFO:RESULT:time_scale:
[ 7.4489537  77.76354499]
22:18:27:INFO:SAVE:message:saving bunch of data...
22:18:27:INFO:SAVE:message:saving optimizer data ...
