21:13:55:INFO:GENERAL:seed:1
21:13:55:INFO:GENERAL:rho:[0.1, 0.1, 0.01]
21:13:55:INFO:GENERAL:bounds_z:[(1e-06, 0.3), (1e-06, 0.3), (588.999411, 589.000589), (1e-06, 1800), (1e-06, 74200)]
21:13:57:INFO:OPTIMIZER:x:
[    0.05571929     0.00475551   588.99999765   899.99997272
 37099.99694774]
21:13:57:INFO:OPTIMIZER:fun:0.0044507568925630445
21:13:57:INFO:OPTIMIZER:nfev:9031
21:13:57:INFO:OPTIMIZER:nit:139
21:13:57:INFO:OPTIMIZER:message:Optimization terminated successfully.
21:13:57:INFO:OPTIMIZER:success:True
21:13:57:INFO:OPTIMIZER:constr:[array([0.])]
21:13:57:INFO:OPTIMIZER:constr_violation:0.0
21:13:57:INFO:OPTIMIZER:maxcv:0.0
21:13:57:INFO:RESULT:A:
[[-0.05571929  0.03646518  0.        ]
 [ 0.05571929 -0.04122069  0.00011536]
 [ 0.          0.00475551 -0.00011536]]
21:13:57:INFO:RESULT:m_eq:
[  588.99999765   899.99997272 37099.99694774](38588.996918116056)
21:13:57:INFO:RESULT:x_vec:
[    0.05571929     0.00475551   588.99999765   899.99997272
 37099.99694774](38589.05739291405)
21:13:57:INFO:RESULT:time_scale:
[ 10.62391045 341.52548245]
21:13:57:INFO:SAVE:message:saving bunch of data...
21:13:57:INFO:SAVE:message:saving optimizer data ...
