21:21:38:INFO:GENERAL:seed:1
21:21:38:INFO:GENERAL:rho:[0.0001, 0.001, 0.001]
21:21:38:INFO:GENERAL:bounds_z:[(1e-06, 0.3), (1e-06, 0.3), (1e-06, 0.3), (588.999411, 589.000589), (1e-06, 1800), (1e-06, 74200), (1e-06, 1100)]
21:21:42:INFO:OPTIMIZER:x:
[    0.01606821     0.00234463     0.04731753   589.00009811
   695.34989818 37085.86480143   191.54068737]
21:21:42:INFO:OPTIMIZER:fun:0.0003269976061666226
21:21:42:INFO:OPTIMIZER:nfev:20902
21:21:42:INFO:OPTIMIZER:nit:325
21:21:42:INFO:OPTIMIZER:message:Optimization terminated successfully.
21:21:42:INFO:OPTIMIZER:success:True
21:21:42:INFO:OPTIMIZER:constr:[array([0.])]
21:21:42:INFO:OPTIMIZER:constr_violation:0.0
21:21:42:INFO:OPTIMIZER:maxcv:0.0
21:21:42:INFO:RESULT:A:
[[-0.06338574  0.01361067  0.          0.14550448]
 [ 0.01606821 -0.0159553   0.00004396  0.        ]
 [ 0.          0.00234463 -0.00004396  0.        ]
 [ 0.04731753  0.          0.         -0.14550448]]
21:21:42:INFO:RESULT:m_eq:
[  589.00009811   695.34989818 37085.86480143   191.54068737](38561.75548507469)
21:21:42:INFO:RESULT:x_vec:
[    0.01606821     0.00234463     0.04731753   589.00009811
   695.34989818 37085.86480143   191.54068737](38561.8212154497)
21:21:42:INFO:RESULT:time_scale:
[  5.06686549  37.82669012 915.36713306]
21:21:42:INFO:SAVE:message:saving bunch of data...
21:21:42:INFO:SAVE:message:saving optimizer data ...
