22:16:29:INFO:GENERAL:seed:1
22:16:29:INFO:GENERAL:rho:[0.1, 0.1, 0.0001]
22:16:29:INFO:GENERAL:bounds_z:[(1e-06, 0.3), (1e-06, 0.3), (1e-06, 0.3), (588.999411, 589.000589), (1e-06, 1800), (1e-06, 74200), (1e-06, 1100)]
22:16:31:INFO:OPTIMIZER:x:
[    0.00437859     0.00043018     0.02700718   589.0000286
   900.00006558 37100.00272478   550.00001733]
22:16:31:INFO:OPTIMIZER:fun:0.002915364598693722
22:16:31:INFO:OPTIMIZER:nfev:12947
22:16:31:INFO:OPTIMIZER:nit:206
22:16:31:INFO:OPTIMIZER:message:Optimization terminated successfully.
22:16:31:INFO:OPTIMIZER:success:True
22:16:31:INFO:OPTIMIZER:constr:[array([0.])]
22:16:31:INFO:OPTIMIZER:constr_violation:0.0
22:16:31:INFO:OPTIMIZER:maxcv:0.0
22:16:31:INFO:RESULT:A:
[[-0.03138577  0.00286555  0.          0.02892223]
 [ 0.00437859 -0.00329573  0.00001044  0.        ]
 [ 0.          0.00043018 -0.00001044  0.        ]
 [ 0.02700718  0.          0.         -0.02892223]]
22:16:31:INFO:RESULT:m_eq:
[  589.0000286    900.00006558 37100.00272478   550.00001733](39139.0028362824)
22:16:31:INFO:RESULT:x_vec:
[    0.00437859     0.00043018     0.02700718   589.0000286
   900.00006558 37100.00272478   550.00001733](39139.03465223703)
22:16:31:INFO:RESULT:time_scale:
[  17.16771732  193.25035223 5244.5899191 ]
22:16:31:INFO:SAVE:message:saving bunch of data...
22:16:31:INFO:SAVE:message:saving optimizer data ...
