21:13:05:INFO:GENERAL:seed:1
21:13:05:INFO:GENERAL:rho:[0.1, 0.0, 0.0]
21:13:05:INFO:GENERAL:bounds_z:[(1e-06, 0.3), (1e-06, 0.3), (588.999411, 589.000589), (1e-06, 1800), (1e-06, 74200)]
21:13:07:INFO:OPTIMIZER:x:
[    0.04792653     0.00254903   589.0000996   1169.58735113
 74197.56083715]
21:13:07:INFO:OPTIMIZER:fun:0.0038791751918430747
21:13:07:INFO:OPTIMIZER:nfev:7947
21:13:07:INFO:OPTIMIZER:nit:123
21:13:07:INFO:OPTIMIZER:message:Optimization terminated successfully.
21:13:07:INFO:OPTIMIZER:success:True
21:13:07:INFO:OPTIMIZER:constr:[array([0.])]
21:13:07:INFO:OPTIMIZER:constr_violation:0.0
21:13:07:INFO:OPTIMIZER:maxcv:0.0
21:13:07:INFO:RESULT:A:
[[-0.04792653  0.02413563  0.        ]
 [ 0.04792653 -0.02668466  0.00004018]
 [ 0.          0.00254903 -0.00004018]]
21:13:07:INFO:RESULT:m_eq:
[  589.0000996   1169.58735113 74197.56083715](75956.14828787967)
21:13:07:INFO:RESULT:x_vec:
[    0.04792653     0.00254903   589.0000996   1169.58735113
 74197.56083715](75956.1987634373)
21:13:07:INFO:RESULT:time_scale:
[ 13.71051635 583.20661316]
21:13:07:INFO:SAVE:message:saving bunch of data...
21:13:07:INFO:SAVE:message:saving optimizer data ...
