22:23:29:INFO:GENERAL:seed:1
22:23:29:INFO:GENERAL:rho:[0.001, 0.0, 0.1]
22:23:29:INFO:GENERAL:bounds_z:[(1e-06, 0.3), (1e-06, 0.3), (588.999411, 589.000589), (1e-06, 1800), (1e-06, 74200)]
22:23:32:INFO:OPTIMIZER:x:
[   0.08038695    0.01232118  589.00010075  718.06184051 1273.60702741]
22:23:32:INFO:OPTIMIZER:fun:0.00032921137794345273
22:23:32:INFO:OPTIMIZER:nfev:13470
22:23:32:INFO:OPTIMIZER:nit:213
22:23:32:INFO:OPTIMIZER:message:Optimization terminated successfully.
22:23:32:INFO:OPTIMIZER:success:True
22:23:32:INFO:OPTIMIZER:constr:[array([0.])]
22:23:32:INFO:OPTIMIZER:constr_violation:0.0
22:23:32:INFO:OPTIMIZER:maxcv:0.0
22:23:32:INFO:RESULT:A:
[[-0.08038695  0.0659385   0.        ]
 [ 0.08038695 -0.07825968  0.0069467 ]
 [ 0.          0.01232118 -0.0069467 ]]
22:23:32:INFO:RESULT:m_eq:
[ 589.00010075  718.06184051 1273.60702741](2580.668968674453)
22:23:32:INFO:RESULT:x_vec:
[   0.08038695    0.01232118  589.00010075  718.06184051 1273.60702741](2580.761676800612)
22:23:32:INFO:RESULT:time_scale:
[ 6.56052899 75.94978221]
22:23:32:INFO:SAVE:message:saving bunch of data...
22:23:32:INFO:SAVE:message:saving optimizer data ...
