22:07:58:INFO:GENERAL:seed:1
22:07:58:INFO:GENERAL:rho:[0.1, 0.0001, 0.001]
22:07:58:INFO:GENERAL:bounds_z:[(1e-06, 0.3), (1e-06, 0.3), (588.999411, 589.000589), (1e-06, 1800), (1e-06, 74200)]
22:07:59:INFO:OPTIMIZER:x:
[    0.02983164     0.0023438    589.00046022   758.76068398
 37485.75009468]
22:07:59:INFO:OPTIMIZER:fun:0.003178337236197015
22:07:59:INFO:OPTIMIZER:nfev:8402
22:07:59:INFO:OPTIMIZER:nit:129
22:07:59:INFO:OPTIMIZER:message:Optimization terminated successfully.
22:07:59:INFO:OPTIMIZER:success:True
22:07:59:INFO:OPTIMIZER:constr:[array([0.])]
22:07:59:INFO:OPTIMIZER:constr_violation:0.0
22:07:59:INFO:OPTIMIZER:maxcv:0.0
22:07:59:INFO:RESULT:A:
[[-0.02983164  0.0231573   0.        ]
 [ 0.02983164 -0.0255011   0.00004744]
 [ 0.          0.0023438  -0.00004744]]
22:07:59:INFO:RESULT:m_eq:
[  589.00046022   758.76068398 37485.75009468](38833.51123887032)
22:07:59:INFO:RESULT:x_vec:
[    0.02983164     0.0023438    589.00046022   758.76068398
 37485.75009468](38833.5434143085)
22:07:59:INFO:RESULT:time_scale:
[ 18.50487495 746.06410938]
22:07:59:INFO:SAVE:message:saving bunch of data...
22:07:59:INFO:SAVE:message:saving optimizer data ...
