22:16:07:INFO:GENERAL:seed:1
22:16:07:INFO:GENERAL:rho:[0.1, 0.01, 0.0001]
22:16:07:INFO:GENERAL:bounds_z:[(1e-06, 0.3), (1e-06, 0.3), (1e-06, 0.3), (588.999411, 589.000589), (1e-06, 1800), (1e-06, 74200), (1e-06, 1100)]
22:16:09:INFO:OPTIMIZER:x:
[    0.00437791     0.00043543     0.027011     589.00004735
   900.00013646 37100.02375617   550.00034276]
22:16:09:INFO:OPTIMIZER:fun:0.0029153635520364476
22:16:09:INFO:OPTIMIZER:nfev:12364
22:16:09:INFO:OPTIMIZER:nit:192
22:16:09:INFO:OPTIMIZER:message:Optimization terminated successfully.
22:16:09:INFO:OPTIMIZER:success:True
22:16:09:INFO:OPTIMIZER:constr:[array([0.])]
22:16:09:INFO:OPTIMIZER:constr_violation:0.0
22:16:09:INFO:OPTIMIZER:maxcv:0.0
22:16:09:INFO:RESULT:A:
[[-0.03138891  0.0028651   0.          0.02892631]
 [ 0.00437791 -0.00330053  0.00001056  0.        ]
 [ 0.          0.00043543 -0.00001056  0.        ]
 [ 0.027011    0.          0.         -0.02892631]]
22:16:09:INFO:RESULT:m_eq:
[  589.00004735   900.00013646 37100.02375617   550.00034276](39139.02428274125)
22:16:09:INFO:RESULT:x_vec:
[    0.00437791     0.00043543     0.027011     589.00004735
   900.00013646 37100.02375617   550.00034276](39139.0561070757)
22:16:09:INFO:RESULT:time_scale:
[  17.16551352  193.15889815 5184.62882859]
22:16:09:INFO:SAVE:message:saving bunch of data...
22:16:09:INFO:SAVE:message:saving optimizer data ...
