22:08:06:INFO:GENERAL:seed:1
22:08:06:INFO:GENERAL:rho:[0.0, 0.0, 0.01]
22:08:06:INFO:GENERAL:bounds_z:[(1e-06, 0.3), (1e-06, 0.3), (588.999411, 589.000589), (1e-06, 1800), (1e-06, 74200)]
22:08:09:INFO:OPTIMIZER:x:
[  0.0572914    0.01650907 589.00005836 401.97661096 787.08339201]
22:08:09:INFO:OPTIMIZER:fun:0.00021914651787064974
22:08:09:INFO:OPTIMIZER:nfev:15970
22:08:09:INFO:OPTIMIZER:nit:248
22:08:09:INFO:OPTIMIZER:message:Optimization terminated successfully.
22:08:09:INFO:OPTIMIZER:success:True
22:08:09:INFO:OPTIMIZER:constr:[array([0.])]
22:08:09:INFO:OPTIMIZER:constr_violation:0.0
22:08:09:INFO:OPTIMIZER:maxcv:0.0
22:08:09:INFO:RESULT:A:
[[-0.0572914   0.08394677  0.        ]
 [ 0.0572914  -0.10045584  0.00843146]
 [ 0.          0.01650907 -0.00843146]]
22:08:09:INFO:RESULT:m_eq:
[589.00005836 401.97661096 787.08339201](1778.0600613392944)
22:08:09:INFO:RESULT:x_vec:
[  0.0572914    0.01650907 589.00005836 401.97661096 787.08339201](1778.1338618097861)
22:08:09:INFO:RESULT:time_scale:
[ 6.57315092 71.20143108]
22:08:09:INFO:SAVE:message:saving bunch of data...
22:08:09:INFO:SAVE:message:saving optimizer data ...
