22:02:44:INFO:GENERAL:seed:1
22:02:44:INFO:GENERAL:rho:[0.0001, 0.1, 0.0]
22:02:44:INFO:GENERAL:bounds_z:[(1e-06, 0.3), (1e-06, 0.3), (1e-06, 0.3), (588.999411, 589.000589), (1e-06, 1800), (1e-06, 74200), (1e-06, 1100)]
22:02:47:INFO:OPTIMIZER:x:
[    0.01478116     0.00466397     0.05986693   588.99999545
   900.00000805 37100.00027585   550.00000607]
22:02:47:INFO:OPTIMIZER:fun:0.000479467206934052
22:02:47:INFO:OPTIMIZER:nfev:15411
22:02:47:INFO:OPTIMIZER:nit:240
22:02:47:INFO:OPTIMIZER:message:Optimization terminated successfully.
22:02:47:INFO:OPTIMIZER:success:True
22:02:47:INFO:OPTIMIZER:constr:[array([0.])]
22:02:47:INFO:OPTIMIZER:constr_violation:0.0
22:02:47:INFO:OPTIMIZER:maxcv:0.0
22:02:47:INFO:RESULT:A:
[[-0.07464809  0.00967345  0.          0.06411204]
 [ 0.01478116 -0.01433741  0.00011314  0.        ]
 [ 0.          0.00466397 -0.00011314  0.        ]
 [ 0.05986693  0.          0.         -0.06411204]]
22:02:47:INFO:RESULT:m_eq:
[  588.99999545   900.00000805 37100.00027585   550.00000607](39139.00028542719)
22:02:47:INFO:RESULT:x_vec:
[    0.01478116     0.00466397     0.05986693   588.99999545
   900.00000805 37100.00027585   550.00000607](39139.07959748735)
22:02:47:INFO:RESULT:time_scale:
[  7.5632893   52.21465816 543.07200933]
22:02:47:INFO:SAVE:message:saving bunch of data...
22:02:47:INFO:SAVE:message:saving optimizer data ...
