22:17:17:INFO:GENERAL:seed:1
22:17:17:INFO:GENERAL:rho:[0.001, 0.1, 0.01]
22:17:17:INFO:GENERAL:bounds_z:[(1e-06, 0.3), (1e-06, 0.3), (1e-06, 0.3), (588.999411, 589.000589), (1e-06, 1800), (1e-06, 74200), (1e-06, 1100)]
22:17:21:INFO:OPTIMIZER:x:
[    0.0087423      0.00021792     0.00911408   589.00000797
   899.99997752 37100.00047299   549.99996929]
22:17:21:INFO:OPTIMIZER:fun:0.004119480477855466
22:17:21:INFO:OPTIMIZER:nfev:19395
22:17:21:INFO:OPTIMIZER:nit:363
22:17:21:INFO:OPTIMIZER:message:Optimization terminated successfully.
22:17:21:INFO:OPTIMIZER:success:True
22:17:21:INFO:OPTIMIZER:constr:[array([0.])]
22:17:21:INFO:OPTIMIZER:constr_violation:0.0
22:17:21:INFO:OPTIMIZER:maxcv:0.0
22:17:21:INFO:RESULT:A:
[[-0.01785638  0.00572135  0.          0.00976035]
 [ 0.0087423  -0.00593927  0.00000529  0.        ]
 [ 0.          0.00021792 -0.00000529  0.        ]
 [ 0.00911408  0.          0.         -0.00976035]]
22:17:21:INFO:RESULT:m_eq:
[  589.00000797   899.99997752 37100.00047299   549.99996929](39139.00042777077)
22:17:21:INFO:RESULT:x_vec:
[    0.0087423      0.00021792     0.00911408   589.00000797
   899.99997752 37100.00047299   549.99996929](39139.01850206948)
22:17:21:INFO:RESULT:time_scale:
[  38.63659759  131.94200788 9999.84641034]
22:17:21:INFO:SAVE:message:saving bunch of data...
22:17:21:INFO:SAVE:message:saving optimizer data ...
