21:20:49:INFO:GENERAL:seed:1
21:20:49:INFO:GENERAL:rho:[0.001, 0.1, 0.0]
21:20:49:INFO:GENERAL:bounds_z:[(1e-06, 0.3), (1e-06, 0.3), (588.999411, 589.000589), (1e-06, 1800), (1e-06, 74200)]
21:20:51:INFO:OPTIMIZER:x:
[    0.02851719     0.00102994   588.9999961    900.00001242
 37099.99929593]
21:20:51:INFO:OPTIMIZER:fun:0.0017776515405904386
21:20:51:INFO:OPTIMIZER:nfev:9579
21:20:51:INFO:OPTIMIZER:nit:149
21:20:51:INFO:OPTIMIZER:message:Optimization terminated successfully.
21:20:51:INFO:OPTIMIZER:success:True
21:20:51:INFO:OPTIMIZER:constr:[array([0.])]
21:20:51:INFO:OPTIMIZER:constr_violation:0.0
21:20:51:INFO:OPTIMIZER:maxcv:0.0
21:20:51:INFO:RESULT:A:
[[-0.02851719  0.01866292  0.        ]
 [ 0.02851719 -0.01969286  0.00002499]
 [ 0.          0.00102994 -0.00002499]]
21:20:51:INFO:RESULT:m_eq:
[  588.9999961    900.00001242 37099.99929593](38588.99930445201)
21:20:51:INFO:RESULT:x_vec:
[    0.02851719     0.00102994   588.9999961    900.00001242
 37099.99929593](38589.02885158983)
21:20:51:INFO:RESULT:time_scale:
[  21.01142959 1557.88136513]
21:20:51:INFO:SAVE:message:saving bunch of data...
21:20:51:INFO:SAVE:message:saving optimizer data ...
