22:20:50:INFO:GENERAL:seed:1
22:20:50:INFO:GENERAL:rho:[0.001, 0.1, 0.0]
22:20:50:INFO:GENERAL:bounds_z:[(1e-06, 0.3), (1e-06, 0.3), (588.999411, 589.000589), (1e-06, 1800), (1e-06, 74200)]
22:20:52:INFO:OPTIMIZER:x:
[    0.07096574     0.00458077   589.00000086   900.00000166
 37100.00003318]
22:20:52:INFO:OPTIMIZER:fun:0.0008359458521525058
22:20:52:INFO:OPTIMIZER:nfev:9356
22:20:52:INFO:OPTIMIZER:nit:144
22:20:52:INFO:OPTIMIZER:message:Optimization terminated successfully.
22:20:52:INFO:OPTIMIZER:success:True
22:20:52:INFO:OPTIMIZER:constr:[array([0.])]
22:20:52:INFO:OPTIMIZER:constr_violation:0.0
22:20:52:INFO:OPTIMIZER:maxcv:0.0
22:20:52:INFO:RESULT:A:
[[-0.07096574  0.04644313  0.        ]
 [ 0.07096574 -0.05102391  0.00011112]
 [ 0.          0.00458077 -0.00011112]]
22:20:52:INFO:RESULT:m_eq:
[  589.00000086   900.00000166 37100.00003318](38589.00003570475)
22:20:52:INFO:RESULT:x_vec:
[    0.07096574     0.00458077   589.00000086   900.00000166
 37100.00003318](38589.07558221913)
22:20:52:INFO:RESULT:time_scale:
[  8.38463917 352.72673746]
22:20:52:INFO:SAVE:message:saving bunch of data...
22:20:52:INFO:SAVE:message:saving optimizer data ...
