21:14:47:INFO:GENERAL:seed:1
21:14:47:INFO:GENERAL:rho:[0.0001, 0.001, 0.1]
21:14:47:INFO:GENERAL:bounds_z:[(1e-06, 0.3), (1e-06, 0.3), (588.999411, 589.000589), (1e-06, 1800), (1e-06, 74200)]
21:14:49:INFO:OPTIMIZER:x:
[   0.08052708    0.01233104  589.00004014  717.63761545 1274.17690216]
21:14:49:INFO:OPTIMIZER:fun:0.0006083689129970189
21:14:49:INFO:OPTIMIZER:nfev:10819
21:14:49:INFO:OPTIMIZER:nit:169
21:14:49:INFO:OPTIMIZER:message:Optimization terminated successfully.
21:14:49:INFO:OPTIMIZER:success:True
21:14:49:INFO:OPTIMIZER:constr:[array([0.])]
21:14:49:INFO:OPTIMIZER:constr_violation:0.0
21:14:49:INFO:OPTIMIZER:maxcv:0.0
21:14:49:INFO:RESULT:A:
[[-0.08052708  0.06609248  0.        ]
 [ 0.08052708 -0.07842353  0.00694505]
 [ 0.          0.01233104 -0.00694505]]
21:14:49:INFO:RESULT:m_eq:
[ 589.00004014  717.63761545 1274.17690216](2580.8145577529203)
21:14:49:INFO:RESULT:x_vec:
[   0.08052708    0.01233104  589.00004014  717.63761545 1274.17690216](2580.9074158736184)
21:14:49:INFO:RESULT:time_scale:
[ 6.54764738 75.93567847]
21:14:49:INFO:SAVE:message:saving bunch of data...
21:14:49:INFO:SAVE:message:saving optimizer data ...
