22:18:01:INFO:GENERAL:seed:1
22:18:01:INFO:GENERAL:rho:[0.001, 0.0001, 0.1]
22:18:01:INFO:GENERAL:bounds_z:[(1e-06, 0.3), (1e-06, 0.3), (588.999411, 589.000589), (1e-06, 1800), (1e-06, 74200)]
22:18:04:INFO:OPTIMIZER:x:
[  0.05678931   0.01622518 588.99991385 405.38943957 786.18810213]
22:18:04:INFO:OPTIMIZER:fun:0.0003116041294817965
22:18:04:INFO:OPTIMIZER:nfev:15830
22:18:04:INFO:OPTIMIZER:nit:244
22:18:04:INFO:OPTIMIZER:message:Optimization terminated successfully.
22:18:04:INFO:OPTIMIZER:success:True
22:18:04:INFO:OPTIMIZER:constr:[array([0.])]
22:18:04:INFO:OPTIMIZER:constr_violation:0.0
22:18:04:INFO:OPTIMIZER:maxcv:0.0
22:18:04:INFO:RESULT:A:
[[-0.05678931  0.08251053  0.        ]
 [ 0.05678931 -0.09873571  0.00836634]
 [ 0.          0.01622518 -0.00836634]]
22:18:04:INFO:RESULT:m_eq:
[588.99991385 405.38943957 786.18810213](1780.5774555480793)
22:18:04:INFO:RESULT:x_vec:
[  0.05678931   0.01622518 588.99991385 405.38943957 786.18810213](1780.6504700370438)
22:18:04:INFO:RESULT:time_scale:
[ 6.66769335 71.86771245]
22:18:04:INFO:SAVE:message:saving bunch of data...
22:18:04:INFO:SAVE:message:saving optimizer data ...
