21:15:38:INFO:GENERAL:seed:1
21:15:38:INFO:GENERAL:rho:[0.01, 0.0, 0.1]
21:15:38:INFO:GENERAL:bounds_z:[(1e-06, 0.3), (1e-06, 0.3), (588.999411, 589.000589), (1e-06, 1800), (1e-06, 74200)]
21:15:41:INFO:OPTIMIZER:x:
[   0.07695747    0.01094813  588.9999819   752.02877558 1288.45169542]
21:15:41:INFO:OPTIMIZER:fun:0.0008091852244812969
21:15:41:INFO:OPTIMIZER:nfev:13362
21:15:41:INFO:OPTIMIZER:nit:208
21:15:41:INFO:OPTIMIZER:message:Optimization terminated successfully.
21:15:41:INFO:OPTIMIZER:success:True
21:15:41:INFO:OPTIMIZER:constr:[array([0.])]
21:15:41:INFO:OPTIMIZER:constr_violation:0.0
21:15:41:INFO:OPTIMIZER:maxcv:0.0
21:15:41:INFO:RESULT:A:
[[-0.07695747  0.06027422  0.        ]
 [ 0.07695747 -0.07122236  0.00639008]
 [ 0.          0.01094813 -0.00639008]]
21:15:41:INFO:RESULT:m_eq:
[ 588.9999819   752.02877558 1288.45169542](2629.4804529002886)
21:15:41:INFO:RESULT:x_vec:
[   0.07695747    0.01094813  588.9999819   752.02877558 1288.45169542](2629.56835850891)
21:15:41:INFO:RESULT:time_scale:
[ 7.01735496 82.87696485]
21:15:41:INFO:SAVE:message:saving bunch of data...
21:15:41:INFO:SAVE:message:saving optimizer data ...
