22:21:51:INFO:GENERAL:seed:1
22:21:51:INFO:GENERAL:rho:[0.001, 0.01, 0.001]
22:21:51:INFO:GENERAL:bounds_z:[(1e-06, 0.3), (1e-06, 0.3), (1e-06, 0.3), (588.999411, 589.000589), (1e-06, 1800), (1e-06, 74200), (1e-06, 1100)]
22:21:54:INFO:OPTIMIZER:x:
[    0.01508484     0.00446295     0.05807332   589.0003389
   900.00011697 37100.00817061   549.99974692]
22:21:54:INFO:OPTIMIZER:fun:0.0010781521422326534
22:21:54:INFO:OPTIMIZER:nfev:14799
22:21:54:INFO:OPTIMIZER:nit:229
22:21:54:INFO:OPTIMIZER:message:Optimization terminated successfully.
22:21:54:INFO:OPTIMIZER:success:True
22:21:54:INFO:OPTIMIZER:constr:[array([0.])]
22:21:54:INFO:OPTIMIZER:constr_violation:0.0
22:21:54:INFO:OPTIMIZER:maxcv:0.0
22:21:54:INFO:RESULT:A:
[[-0.07315815  0.00987219  0.          0.06219131]
 [ 0.01508484 -0.01433514  0.00010827  0.        ]
 [ 0.          0.00446295 -0.00010827  0.        ]
 [ 0.05807332  0.          0.         -0.06219131]]
22:21:54:INFO:RESULT:m_eq:
[  589.0003389    900.00011697 37100.00817061   549.99974692](39139.00837339496)
22:21:54:INFO:RESULT:x_vec:
[    0.01508484     0.00446295     0.05807332   589.0003389
   900.00011697 37100.00817061   549.99974692](39139.08599450006)
22:21:54:INFO:RESULT:time_scale:
[  7.76789873  51.87220935 561.86682339]
22:21:54:INFO:SAVE:message:saving bunch of data...
22:21:54:INFO:SAVE:message:saving optimizer data ...
