22:03:02:INFO:GENERAL:seed:1
22:03:02:INFO:GENERAL:rho:[0.1, 0.01, 0.0001]
22:03:02:INFO:GENERAL:bounds_z:[(1e-06, 0.3), (1e-06, 0.3), (588.999411, 589.000589), (1e-06, 1800), (1e-06, 74200)]
22:03:04:INFO:OPTIMIZER:x:
[    0.05498951     0.00418445   588.99942284   957.54527028
 37099.27648471]
22:03:04:INFO:OPTIMIZER:fun:0.004405088186925753
22:03:04:INFO:OPTIMIZER:nfev:6834
22:03:04:INFO:OPTIMIZER:nit:108
22:03:04:INFO:OPTIMIZER:message:Optimization terminated successfully.
22:03:04:INFO:OPTIMIZER:success:True
22:03:04:INFO:OPTIMIZER:constr:[array([0.])]
22:03:04:INFO:OPTIMIZER:constr_violation:0.0
22:03:04:INFO:OPTIMIZER:maxcv:0.0
22:03:04:INFO:RESULT:A:
[[-0.05498951  0.03382481  0.        ]
 [ 0.05498951 -0.03800926  0.000108  ]
 [ 0.          0.00418445 -0.000108  ]]
22:03:04:INFO:RESULT:m_eq:
[  588.99942284   957.54527028 37099.27648471](38645.82117783521)
22:03:04:INFO:RESULT:x_vec:
[    0.05498951     0.00418445   588.99942284   957.54527028
 37099.27648471](38645.88035179129)
22:03:04:INFO:RESULT:time_scale:
[ 11.05498017 377.38692493]
22:03:04:INFO:SAVE:message:saving bunch of data...
22:03:04:INFO:SAVE:message:saving optimizer data ...
