21:12:49:INFO:GENERAL:seed:1
21:12:49:INFO:GENERAL:rho:[0.1, 0.0001, 0.0]
21:12:49:INFO:GENERAL:bounds_z:[(1e-06, 0.3), (1e-06, 0.3), (1e-06, 0.3), (588.999411, 589.000589), (1e-06, 1800), (1e-06, 74200), (1e-06, 1100)]
21:12:52:INFO:OPTIMIZER:x:
[    0.00731808     0.0001659      0.04553094   588.99979713
  1799.99718391 37260.32998531   807.41611856]
21:12:52:INFO:OPTIMIZER:fun:0.003362326809790119
21:12:52:INFO:OPTIMIZER:nfev:10686
21:12:52:INFO:OPTIMIZER:nit:237
21:12:52:INFO:OPTIMIZER:message:Optimization terminated successfully.
21:12:52:INFO:OPTIMIZER:success:True
21:12:52:INFO:OPTIMIZER:constr:[array([0.])]
21:12:52:INFO:OPTIMIZER:constr_violation:0.0
21:12:52:INFO:OPTIMIZER:maxcv:0.0
21:12:52:INFO:RESULT:A:
[[-0.05284902  0.00239464  0.          0.03321424]
 [ 0.00731808 -0.00256055  0.00000801  0.        ]
 [ 0.          0.0001659  -0.00000801  0.        ]
 [ 0.04553094  0.          0.         -0.03321424]]
21:12:52:INFO:RESULT:m_eq:
[  588.99979713  1799.99718391 37260.32998531   807.41611856](40456.7430849118)
21:12:52:INFO:RESULT:x_vec:
[    0.00731808     0.0001659      0.04553094   588.99979713
  1799.99718391 37260.32998531   807.41611856](40456.79609983957)
21:12:52:INFO:RESULT:time_scale:
[  12.00841115  190.22819383 9998.09706524]
21:12:52:INFO:SAVE:message:saving bunch of data...
21:12:52:INFO:SAVE:message:saving optimizer data ...
