22:23:22:INFO:GENERAL:seed:1
22:23:22:INFO:GENERAL:rho:[0.001, 0.01, 0.1]
22:23:22:INFO:GENERAL:bounds_z:[(1e-06, 0.3), (1e-06, 0.3), (588.999411, 589.000589), (1e-06, 1800), (1e-06, 74200)]
22:23:24:INFO:OPTIMIZER:x:
[    0.07097026     0.0045808    588.99999169   900.00008049
 37100.00113046]
22:23:24:INFO:OPTIMIZER:fun:0.0008359458727938652
22:23:24:INFO:OPTIMIZER:nfev:10153
22:23:24:INFO:OPTIMIZER:nit:159
22:23:24:INFO:OPTIMIZER:message:Optimization terminated successfully.
22:23:24:INFO:OPTIMIZER:success:True
22:23:24:INFO:OPTIMIZER:constr:[array([0.])]
22:23:24:INFO:OPTIMIZER:constr_violation:0.0
22:23:24:INFO:OPTIMIZER:maxcv:0.0
22:23:24:INFO:RESULT:A:
[[-0.07097026  0.04644609  0.        ]
 [ 0.07097026 -0.05102688  0.00011112]
 [ 0.          0.0045808  -0.00011112]]
22:23:24:INFO:RESULT:m_eq:
[  588.99999169   900.00008049 37100.00113046](38589.00120264032)
22:23:24:INFO:RESULT:x_vec:
[    0.07097026     0.0045808    588.99999169   900.00008049
 37100.00113046](38589.07675369267)
22:23:24:INFO:RESULT:time_scale:
[  8.38411381 352.72472581]
22:23:24:INFO:SAVE:message:saving bunch of data...
22:23:24:INFO:SAVE:message:saving optimizer data ...
