22:09:19:INFO:GENERAL:seed:1
22:09:19:INFO:GENERAL:rho:[0.001, 0.0, 0.1]
22:09:19:INFO:GENERAL:bounds_z:[(1e-06, 0.3), (1e-06, 0.3), (588.999411, 589.000589), (1e-06, 1800), (1e-06, 74200)]
22:09:21:INFO:OPTIMIZER:x:
[  0.05682075   0.01624919 588.99947903 405.10861747 786.24155275]
22:09:21:INFO:OPTIMIZER:fun:0.00027418366652077634
22:09:21:INFO:OPTIMIZER:nfev:13325
22:09:21:INFO:OPTIMIZER:nit:207
22:09:21:INFO:OPTIMIZER:message:Optimization terminated successfully.
22:09:21:INFO:OPTIMIZER:success:True
22:09:21:INFO:OPTIMIZER:constr:[array([0.])]
22:09:21:INFO:OPTIMIZER:constr_violation:0.0
22:09:21:INFO:OPTIMIZER:maxcv:0.0
22:09:21:INFO:RESULT:A:
[[-0.05682075  0.08261338  0.        ]
 [ 0.05682075 -0.09886257  0.00837235]
 [ 0.          0.01624919 -0.00837235]]
22:09:21:INFO:RESULT:m_eq:
[588.99947903 405.10861747 786.24155275](1780.3496492448191)
22:09:21:INFO:RESULT:x_vec:
[  0.05682075   0.01624919 588.99947903 405.10861747 786.24155275](1780.422719186891)
22:09:21:INFO:RESULT:time_scale:
[ 6.66090105 71.80900928]
22:09:21:INFO:SAVE:message:saving bunch of data...
22:09:21:INFO:SAVE:message:saving optimizer data ...
