21:13:00:INFO:GENERAL:seed:1
21:13:00:INFO:GENERAL:rho:[0.1, 0.1, 0.0001]
21:13:00:INFO:GENERAL:bounds_z:[(1e-06, 0.3), (1e-06, 0.3), (588.999411, 589.000589), (1e-06, 1800), (1e-06, 74200)]
21:13:01:INFO:OPTIMIZER:x:
[    0.05572213     0.00475619   589.00000191   900.00000066
 37099.99797528]
21:13:01:INFO:OPTIMIZER:fun:0.004450756285814851
21:13:01:INFO:OPTIMIZER:nfev:8773
21:13:01:INFO:OPTIMIZER:nit:136
21:13:01:INFO:OPTIMIZER:message:Optimization terminated successfully.
21:13:01:INFO:OPTIMIZER:success:True
21:13:01:INFO:OPTIMIZER:constr:[array([0.])]
21:13:01:INFO:OPTIMIZER:constr_violation:0.0
21:13:01:INFO:OPTIMIZER:maxcv:0.0
21:13:01:INFO:RESULT:A:
[[-0.05572213  0.03646704  0.        ]
 [ 0.05572213 -0.04122323  0.00011538]
 [ 0.          0.00475619 -0.00011538]]
21:13:01:INFO:RESULT:m_eq:
[  589.00000191   900.00000066 37099.99797528](38588.997977857885)
21:13:01:INFO:RESULT:x_vec:
[    0.05572213     0.00475619   589.00000191   900.00000066
 37099.99797528](38589.05845617343)
21:13:01:INFO:RESULT:time_scale:
[ 10.62334842 341.4774669 ]
21:13:01:INFO:SAVE:message:saving bunch of data...
21:13:01:INFO:SAVE:message:saving optimizer data ...
