22:07:30:INFO:GENERAL:seed:1
22:07:30:INFO:GENERAL:rho:[0.0, 0.0001, 0.001]
22:07:30:INFO:GENERAL:bounds_z:[(1e-06, 0.3), (1e-06, 0.3), (588.999411, 589.000589), (1e-06, 1800), (1e-06, 74200)]
22:07:32:INFO:OPTIMIZER:x:
[  0.05725706   0.01648464 589.00049162 402.25610863 787.0227059 ]
22:07:32:INFO:OPTIMIZER:fun:0.0002566233967651089
22:07:32:INFO:OPTIMIZER:nfev:12918
22:07:32:INFO:OPTIMIZER:nit:200
22:07:32:INFO:OPTIMIZER:message:Optimization terminated successfully.
22:07:32:INFO:OPTIMIZER:success:True
22:07:32:INFO:OPTIMIZER:constr:[array([0.])]
22:07:32:INFO:OPTIMIZER:constr_violation:0.0
22:07:32:INFO:OPTIMIZER:maxcv:0.0
22:07:32:INFO:RESULT:A:
[[-0.05725706  0.08383822  0.        ]
 [ 0.05725706 -0.10032286  0.00842549]
 [ 0.          0.01648464 -0.00842549]]
22:07:32:INFO:RESULT:m_eq:
[589.00049162 402.25610863 787.0227059 ](1778.2793061457)
22:07:32:INFO:RESULT:x_vec:
[  0.05725706   0.01648464 589.00049162 402.25610863 787.0227059 ](1778.3530478481937)
22:07:32:INFO:RESULT:time_scale:
[ 6.58015127 71.25950258]
22:07:32:INFO:SAVE:message:saving bunch of data...
22:07:32:INFO:SAVE:message:saving optimizer data ...
