21:13:13:INFO:GENERAL:seed:1
21:13:13:INFO:GENERAL:rho:[0.0001, 0.0001, 0.001]
21:13:13:INFO:GENERAL:bounds_z:[(1e-06, 0.3), (1e-06, 0.3), (1e-06, 0.3), (588.999411, 589.000589), (1e-06, 1800), (1e-06, 74200), (1e-06, 1100)]
21:13:19:INFO:OPTIMIZER:x:
[    0.06489976     0.01106817     0.02730224   589.00049767
   278.167619   35993.77915192   708.5240971 ]
21:13:19:INFO:OPTIMIZER:fun:0.00023589875245466044
21:13:19:INFO:OPTIMIZER:nfev:27178
21:13:19:INFO:OPTIMIZER:nit:424
21:13:19:INFO:OPTIMIZER:message:Optimization terminated successfully.
21:13:19:INFO:OPTIMIZER:success:True
21:13:19:INFO:OPTIMIZER:constr:[array([0.])]
21:13:19:INFO:OPTIMIZER:constr_violation:0.0
21:13:19:INFO:OPTIMIZER:maxcv:0.0
21:13:19:INFO:RESULT:A:
[[-0.092202    0.1374207   0.          0.02269652]
 [ 0.06489976 -0.14848888  0.00008554  0.        ]
 [ 0.          0.01106817 -0.00008554  0.        ]
 [ 0.02730224  0.          0.         -0.02269652]]
21:13:19:INFO:RESULT:m_eq:
[  589.00049767   278.167619   35993.77915192   708.5240971 ](37569.47136569298)
21:13:19:INFO:RESULT:x_vec:
[    0.06489976     0.01106817     0.02730224   589.00049767
   278.167619   35993.77915192   708.5240971 ](37569.57463586193)
21:13:19:INFO:RESULT:time_scale:
[  4.54496023  24.04462247 537.73216198]
21:13:19:INFO:SAVE:message:saving bunch of data...
21:13:19:INFO:SAVE:message:saving optimizer data ...
