21:12:31:INFO:GENERAL:seed:1
21:12:31:INFO:GENERAL:rho:[0.1, 0.01, 0.0]
21:12:31:INFO:GENERAL:bounds_z:[(1e-06, 0.3), (1e-06, 0.3), (1e-06, 0.3), (588.999411, 589.000589), (1e-06, 1800), (1e-06, 74200), (1e-06, 1100)]
21:12:34:INFO:OPTIMIZER:x:
[    0.05215423     0.00258014     0.00334701   588.99955758
   900.00055975 37100.01127393   549.99955154]
21:12:34:INFO:OPTIMIZER:fun:0.0033519381565058812
21:12:34:INFO:OPTIMIZER:nfev:15779
21:12:34:INFO:OPTIMIZER:nit:242
21:12:34:INFO:OPTIMIZER:message:Optimization terminated successfully.
21:12:34:INFO:OPTIMIZER:success:True
21:12:34:INFO:OPTIMIZER:constr:[array([0.])]
21:12:34:INFO:OPTIMIZER:constr_violation:0.0
21:12:34:INFO:OPTIMIZER:maxcv:0.0
21:12:34:INFO:RESULT:A:
[[-0.05550125  0.034132    0.          0.00358435]
 [ 0.05215423 -0.03671215  0.00006259  0.        ]
 [ 0.          0.00258014 -0.00006259  0.        ]
 [ 0.00334701  0.          0.         -0.00358435]]
21:12:34:INFO:RESULT:m_eq:
[  588.99955758   900.00055975 37100.01127393   549.99955154](39139.010942804984)
21:12:34:INFO:RESULT:x_vec:
[    0.05215423     0.00258014     0.00334701   588.99955758
   900.00055975 37100.01127393   549.99955154](39139.069024197)
21:12:34:INFO:RESULT:time_scale:
[ 11.18351058 185.64859369 946.56541686]
21:12:34:INFO:SAVE:message:saving bunch of data...
21:12:34:INFO:SAVE:message:saving optimizer data ...
