22:22:04:INFO:GENERAL:seed:1
22:22:04:INFO:GENERAL:rho:[0.1, 0.01, 0.001]
22:22:04:INFO:GENERAL:bounds_z:[(1e-06, 0.3), (1e-06, 0.3), (588.999411, 589.000589), (1e-06, 1800), (1e-06, 74200)]
22:22:05:INFO:OPTIMIZER:x:
[    0.05500299     0.00418512   588.99951293   957.41482801
 37099.87454253]
22:22:05:INFO:OPTIMIZER:fun:0.004405088684940204
22:22:05:INFO:OPTIMIZER:nfev:7138
22:22:05:INFO:OPTIMIZER:nit:111
22:22:05:INFO:OPTIMIZER:message:Optimization terminated successfully.
22:22:05:INFO:OPTIMIZER:success:True
22:22:05:INFO:OPTIMIZER:constr:[array([0.])]
22:22:05:INFO:OPTIMIZER:constr_violation:0.0
22:22:05:INFO:OPTIMIZER:maxcv:0.0
22:22:05:INFO:RESULT:A:
[[-0.05500299  0.03383772  0.        ]
 [ 0.05500299 -0.03802285  0.000108  ]
 [ 0.          0.00418512 -0.000108  ]]
22:22:05:INFO:RESULT:m_eq:
[  588.99951293   957.41482801 37099.87454253](38646.28888346776)
22:22:05:INFO:RESULT:x_vec:
[    0.05500299     0.00418512   588.99951293   957.41482801
 37099.87454253](38646.34807158507)
22:22:05:INFO:RESULT:time_scale:
[ 11.05170689 377.34684055]
22:22:05:INFO:SAVE:message:saving bunch of data...
22:22:05:INFO:SAVE:message:saving optimizer data ...
