21:21:32:INFO:GENERAL:seed:1
21:21:32:INFO:GENERAL:rho:[0.01, 0.01, 0.0001]
21:21:32:INFO:GENERAL:bounds_z:[(1e-06, 0.3), (1e-06, 0.3), (1e-06, 0.3), (588.999411, 589.000589), (1e-06, 1800), (1e-06, 74200), (1e-06, 1100)]
21:21:34:INFO:OPTIMIZER:x:
[    0.00380155     0.01257674     0.03420082   589.00009482
   900.00011159 37099.99741298   549.99987103]
21:21:34:INFO:OPTIMIZER:fun:0.0012602565090164685
21:21:34:INFO:OPTIMIZER:nfev:12795
21:21:34:INFO:OPTIMIZER:nit:199
21:21:34:INFO:OPTIMIZER:message:Optimization terminated successfully.
21:21:34:INFO:OPTIMIZER:success:True
21:21:34:INFO:OPTIMIZER:constr:[array([0.])]
21:21:34:INFO:OPTIMIZER:constr_violation:0.0
21:21:34:INFO:OPTIMIZER:maxcv:0.0
21:21:34:INFO:RESULT:A:
[[-0.03800237  0.0024879   0.          0.03662598]
 [ 0.00380155 -0.01506465  0.0003051   0.        ]
 [ 0.          0.01257674 -0.0003051   0.        ]
 [ 0.03420082  0.          0.         -0.03662598]]
21:21:34:INFO:RESULT:m_eq:
[  589.00009482   900.00011159 37099.99741298   549.99987103](39138.99749042255)
21:21:34:INFO:RESULT:x_vec:
[    0.00380155     0.01257674     0.03420082   589.00009482
   900.00011159 37099.99741298   549.99987103](39139.04806953113)
21:21:34:INFO:RESULT:time_scale:
[ 13.73679748  64.22121526 613.59524683]
21:21:34:INFO:SAVE:message:saving bunch of data...
21:21:34:INFO:SAVE:message:saving optimizer data ...
