22:07:20:INFO:GENERAL:seed:1
22:07:20:INFO:GENERAL:rho:[0.0, 0.001, 0.0001]
22:07:20:INFO:GENERAL:bounds_z:[(1e-06, 0.3), (1e-06, 0.3), (588.999411, 589.000589), (1e-06, 1800), (1e-06, 74200)]
22:07:21:INFO:OPTIMIZER:x:
[    0.04127486     0.00383701   589.00055574   620.34237738
 36963.26985226]
22:07:21:INFO:OPTIMIZER:fun:0.000967876049432679
22:07:21:INFO:OPTIMIZER:nfev:9161
22:07:21:INFO:OPTIMIZER:nit:142
22:07:21:INFO:OPTIMIZER:message:Optimization terminated successfully.
22:07:21:INFO:OPTIMIZER:success:True
22:07:21:INFO:OPTIMIZER:constr:[array([0.])]
22:07:21:INFO:OPTIMIZER:constr_violation:0.0
22:07:21:INFO:OPTIMIZER:maxcv:0.0
22:07:21:INFO:RESULT:A:
[[-0.04127486  0.03918951  0.        ]
 [ 0.04127486 -0.04302652  0.0000644 ]
 [ 0.          0.00383701 -0.0000644 ]]
22:07:21:INFO:RESULT:m_eq:
[  589.00055574   620.34237738 36963.26985226](38172.612785384394)
22:07:21:INFO:RESULT:x_vec:
[    0.04127486     0.00383701   589.00055574   620.34237738
 36963.26985226](38172.65789725081)
22:07:21:INFO:RESULT:time_scale:
[ 12.1388059  503.69080001]
22:07:21:INFO:SAVE:message:saving bunch of data...
22:07:21:INFO:SAVE:message:saving optimizer data ...
