22:07:35:INFO:GENERAL:seed:1
22:07:35:INFO:GENERAL:rho:[0.0001, 0.01, 0.001]
22:07:35:INFO:GENERAL:bounds_z:[(1e-06, 0.3), (1e-06, 0.3), (1e-06, 0.3), (588.999411, 589.000589), (1e-06, 1800), (1e-06, 74200), (1e-06, 1100)]
22:07:40:INFO:OPTIMIZER:x:
[    0.04994505     0.00982994     0.01690329   589.00042912
   166.99304664 37125.4679083    502.7049931 ]
22:07:40:INFO:OPTIMIZER:fun:0.002291347004434605
22:07:40:INFO:OPTIMIZER:nfev:24039
22:07:40:INFO:OPTIMIZER:nit:377
22:07:40:INFO:OPTIMIZER:message:Optimization terminated successfully.
22:07:40:INFO:OPTIMIZER:success:True
22:07:40:INFO:OPTIMIZER:constr:[array([0.])]
22:07:40:INFO:OPTIMIZER:constr_violation:0.0
22:07:40:INFO:OPTIMIZER:maxcv:0.0
22:07:40:INFO:RESULT:A:
[[-0.06684834  0.17616096  0.          0.01980495]
 [ 0.04994505 -0.18599091  0.00004422  0.        ]
 [ 0.          0.00982994 -0.00004422  0.        ]
 [ 0.01690329  0.          0.         -0.01980495]]
22:07:40:INFO:RESULT:m_eq:
[  589.00042912   166.99304664 37125.4679083    502.7049931 ](38384.16637716486)
22:07:40:INFO:RESULT:x_vec:
[    0.04994505     0.00982994     0.01690329   589.00042912
   166.99304664 37125.4679083    502.7049931 ](38384.243055447005)
22:07:40:INFO:RESULT:time_scale:
[  4.20350898  29.82254107 793.49856176]
22:07:40:INFO:SAVE:message:saving bunch of data...
22:07:40:INFO:SAVE:message:saving optimizer data ...
