21:12:32:INFO:GENERAL:seed:1
21:12:32:INFO:GENERAL:rho:[0.0001, 0.0, 0.0]
21:12:32:INFO:GENERAL:bounds_z:[(1e-06, 0.3), (1e-06, 0.3), (1e-06, 0.3), (588.999411, 589.000589), (1e-06, 1800), (1e-06, 74200), (1e-06, 1100)]
21:12:40:INFO:OPTIMIZER:x:
[   0.05151733    0.00920222    0.04564071  588.99980501  779.36765982
 1251.99462999  113.93468694]
21:12:40:INFO:OPTIMIZER:fun:0.00012951964748634728
21:12:40:INFO:OPTIMIZER:nfev:45481
21:12:40:INFO:OPTIMIZER:nit:708
21:12:40:INFO:OPTIMIZER:message:Optimization terminated successfully.
21:12:40:INFO:OPTIMIZER:success:True
21:12:40:INFO:OPTIMIZER:constr:[array([0.])]
21:12:40:INFO:OPTIMIZER:constr_violation:0.0
21:12:40:INFO:OPTIMIZER:maxcv:0.0
21:12:40:INFO:RESULT:A:
[[-0.09715804  0.03893374  0.          0.23594541]
 [ 0.05151733 -0.04813596  0.00572839  0.        ]
 [ 0.          0.00920222 -0.00572839  0.        ]
 [ 0.04564071  0.          0.         -0.23594541]]
21:12:40:INFO:RESULT:m_eq:
[ 588.99980501  779.36765982 1251.99462999  113.93468694](2734.2967817616372)
21:12:40:INFO:RESULT:x_vec:
[   0.05151733    0.00920222    0.04564071  588.99980501  779.36765982
 1251.99462999  113.93468694](2734.4031420186147)
21:12:40:INFO:RESULT:time_scale:
[  3.41001173  11.93752599 100.5608848 ]
21:12:40:INFO:SAVE:message:saving bunch of data...
21:12:40:INFO:SAVE:message:saving optimizer data ...
