21:15:02:INFO:GENERAL:seed:1
21:15:02:INFO:GENERAL:rho:[0.001, 0.0, 0.1]
21:15:02:INFO:GENERAL:bounds_z:[(1e-06, 0.3), (1e-06, 0.3), (1e-06, 0.3), (588.999411, 589.000589), (1e-06, 1800), (1e-06, 74200), (1e-06, 1100)]
21:15:20:INFO:OPTIMIZER:x:
[   0.02550917    0.00431313    0.06117034  589.00027817  961.19478214
 1620.91388654  322.79090674]
21:15:20:INFO:OPTIMIZER:fun:0.000221602595351118
21:15:20:INFO:OPTIMIZER:nfev:98253
21:15:20:INFO:OPTIMIZER:nit:1517
21:15:20:INFO:OPTIMIZER:message:Optimization terminated successfully.
21:15:20:INFO:OPTIMIZER:success:True
21:15:20:INFO:OPTIMIZER:constr:[array([0.])]
21:15:20:INFO:OPTIMIZER:constr_violation:0.0
21:15:20:INFO:OPTIMIZER:maxcv:0.0
21:15:20:INFO:RESULT:A:
[[-0.08667951  0.01563149  0.          0.11161823]
 [ 0.02550917 -0.01994462  0.00255767  0.        ]
 [ 0.          0.00431313 -0.00255767  0.        ]
 [ 0.06117034  0.          0.         -0.11161823]]
21:15:20:INFO:RESULT:m_eq:
[ 589.00027817  961.19478214 1620.91388654  322.79090674](3493.8998535798387)
21:15:20:INFO:RESULT:x_vec:
[   0.02550917    0.00431313    0.06117034  589.00027817  961.19478214
 1620.91388654  322.79090674](3493.9908462235894)
21:15:20:INFO:RESULT:time_scale:
[  5.44190992  30.65072798 226.4817811 ]
21:15:20:INFO:SAVE:message:saving bunch of data...
21:15:20:INFO:SAVE:message:saving optimizer data ...
