21:13:32:INFO:GENERAL:seed:1
21:13:32:INFO:GENERAL:rho:[0.1, 0.001, 0.001]
21:13:32:INFO:GENERAL:bounds_z:[(1e-06, 0.3), (1e-06, 0.3), (1e-06, 0.3), (588.999411, 589.000589), (1e-06, 1800), (1e-06, 74200), (1e-06, 1100)]
21:13:36:INFO:OPTIMIZER:x:
[    0.02102935     0.00297995     0.0243553    589.00050031
   859.1090935  37146.29135123   509.81772131]
21:13:36:INFO:OPTIMIZER:fun:0.0039212364676654956
21:13:36:INFO:OPTIMIZER:nfev:17595
21:13:36:INFO:OPTIMIZER:nit:273
21:13:36:INFO:OPTIMIZER:message:Optimization terminated successfully.
21:13:36:INFO:OPTIMIZER:success:True
21:13:36:INFO:OPTIMIZER:constr:[array([0.])]
21:13:36:INFO:OPTIMIZER:constr_violation:0.0
21:13:36:INFO:OPTIMIZER:maxcv:0.0
21:13:36:INFO:RESULT:A:
[[-0.04538466  0.01441761  0.          0.02813807]
 [ 0.02102935 -0.01739756  0.00006892  0.        ]
 [ 0.          0.00297995 -0.00006892  0.        ]
 [ 0.0243553   0.          0.         -0.02813807]]
21:13:36:INFO:RESULT:m_eq:
[  589.00050031   859.1090935  37146.29135123   509.81772131](39104.21866635454)
21:13:36:INFO:RESULT:x_vec:
[    0.02102935     0.00297995     0.0243553    589.00050031
   859.1090935  37146.29135123   509.81772131](39104.2670309579)
21:13:36:INFO:RESULT:time_scale:
[ 14.62668794  46.83999055 786.32159124]
21:13:36:INFO:SAVE:message:saving bunch of data...
21:13:36:INFO:SAVE:message:saving optimizer data ...
