22:21:48:INFO:GENERAL:seed:1
22:21:48:INFO:GENERAL:rho:[0.0001, 0.0001, 0.001]
22:21:48:INFO:GENERAL:bounds_z:[(1e-06, 0.3), (1e-06, 0.3), (588.999411, 589.000589), (1e-06, 1800), (1e-06, 74200)]
22:21:50:INFO:OPTIMIZER:x:
[   0.08073994    0.01245593  588.99971744  714.88061573 1272.77419931]
22:21:50:INFO:OPTIMIZER:fun:0.00031226514710341543
22:21:50:INFO:OPTIMIZER:nfev:12424
22:21:50:INFO:OPTIMIZER:nit:193
22:21:50:INFO:OPTIMIZER:message:Optimization terminated successfully.
22:21:50:INFO:OPTIMIZER:success:True
22:21:50:INFO:OPTIMIZER:constr:[array([0.])]
22:21:50:INFO:OPTIMIZER:constr_violation:0.0
22:21:50:INFO:OPTIMIZER:maxcv:0.0
22:21:50:INFO:RESULT:A:
[[-0.08073994  0.06652272  0.        ]
 [ 0.08073994 -0.07897865  0.00699614]
 [ 0.          0.01245593 -0.00699614]]
22:21:50:INFO:RESULT:m_eq:
[ 588.99971744  714.88061573 1272.77419931](2576.6545324869994)
22:21:50:INFO:RESULT:x_vec:
[   0.08073994    0.01245593  588.99971744  714.88061573 1272.77419931](2576.747728357364)
22:21:50:INFO:RESULT:time_scale:
[ 6.51692863 75.36811853]
22:21:50:INFO:SAVE:message:saving bunch of data...
22:21:50:INFO:SAVE:message:saving optimizer data ...
