22:17:34:INFO:GENERAL:seed:1
22:17:34:INFO:GENERAL:rho:[0.0, 0.01, 0.1]
22:17:34:INFO:GENERAL:bounds_z:[(1e-06, 0.3), (1e-06, 0.3), (588.999411, 589.000589), (1e-06, 1800), (1e-06, 74200)]
22:17:36:INFO:OPTIMIZER:x:
[    0.03381192     0.00233351   589.00057735   751.34623538
 37103.97276389]
22:17:36:INFO:OPTIMIZER:fun:0.0017489897446402761
22:17:36:INFO:OPTIMIZER:nfev:10735
22:17:36:INFO:OPTIMIZER:nit:168
22:17:36:INFO:OPTIMIZER:message:Optimization terminated successfully.
22:17:36:INFO:OPTIMIZER:success:True
22:17:36:INFO:OPTIMIZER:constr:[array([0.])]
22:17:36:INFO:OPTIMIZER:constr_violation:0.0
22:17:36:INFO:OPTIMIZER:maxcv:0.0
22:17:36:INFO:RESULT:A:
[[-0.03381192  0.02650608  0.        ]
 [ 0.03381192 -0.02883959  0.00004725]
 [ 0.          0.00233351 -0.00004725]]
22:17:36:INFO:RESULT:m_eq:
[  589.00057735   751.34623538 37103.97276389](38444.319576621325)
22:17:36:INFO:RESULT:x_vec:
[    0.03381192     0.00233351   589.00057735   751.34623538
 37103.97276389](38444.35572205951)
22:17:36:INFO:RESULT:time_scale:
[ 16.29550916 750.65458139]
22:17:36:INFO:SAVE:message:saving bunch of data...
22:17:36:INFO:SAVE:message:saving optimizer data ...
