21:13:58:INFO:GENERAL:seed:1
21:13:58:INFO:GENERAL:rho:[0.1, 0.0, 0.01]
21:13:58:INFO:GENERAL:bounds_z:[(1e-06, 0.3), (1e-06, 0.3), (588.999411, 589.000589), (1e-06, 1800), (1e-06, 74200)]
21:13:59:INFO:OPTIMIZER:x:
[    0.04792105     0.00254821   588.99996165  1169.71354774
 74197.99277227]
21:13:59:INFO:OPTIMIZER:fun:0.0038791752540351995
21:13:59:INFO:OPTIMIZER:nfev:9175
21:13:59:INFO:OPTIMIZER:nit:142
21:13:59:INFO:OPTIMIZER:message:Optimization terminated successfully.
21:13:59:INFO:OPTIMIZER:success:True
21:13:59:INFO:OPTIMIZER:constr:[array([0.])]
21:13:59:INFO:OPTIMIZER:constr_violation:0.0
21:13:59:INFO:OPTIMIZER:maxcv:0.0
21:13:59:INFO:RESULT:A:
[[-0.04792105  0.02413026  0.        ]
 [ 0.04792105 -0.02667847  0.00004017]
 [ 0.          0.00254821 -0.00004017]]
21:13:59:INFO:RESULT:m_eq:
[  588.99996165  1169.71354774 74197.99277227](75956.70628166497)
21:13:59:INFO:RESULT:x_vec:
[    0.04792105     0.00254821   588.99996165  1169.71354774
 74197.99277227](75956.7567509211)
21:13:59:INFO:RESULT:time_scale:
[ 13.71262145 583.37080979]
21:13:59:INFO:SAVE:message:saving bunch of data...
21:13:59:INFO:SAVE:message:saving optimizer data ...
