21:15:55:INFO:GENERAL:seed:1
21:15:55:INFO:GENERAL:rho:[0.01, 0.0001, 0.1]
21:15:55:INFO:GENERAL:bounds_z:[(1e-06, 0.3), (1e-06, 0.3), (588.999411, 589.000589), (1e-06, 1800), (1e-06, 74200)]
21:15:56:INFO:OPTIMIZER:x:
[   0.07693967    0.01093444  589.00009373  752.35358282 1288.77081986]
21:15:56:INFO:OPTIMIZER:fun:0.0008418233483663577
21:15:56:INFO:OPTIMIZER:nfev:11890
21:15:56:INFO:OPTIMIZER:nit:185
21:15:56:INFO:OPTIMIZER:message:Optimization terminated successfully.
21:15:56:INFO:OPTIMIZER:success:True
21:15:56:INFO:OPTIMIZER:constr:[array([0.])]
21:15:56:INFO:OPTIMIZER:constr_violation:0.0
21:15:56:INFO:OPTIMIZER:maxcv:0.0
21:15:56:INFO:RESULT:A:
[[-0.07693967  0.06023428  0.        ]
 [ 0.07693967 -0.07116872  0.00638327]
 [ 0.          0.01093444 -0.00638327]]
21:15:56:INFO:RESULT:m_eq:
[ 589.00009373  752.35358282 1288.77081986](2630.124496406209)
21:15:56:INFO:RESULT:x_vec:
[   0.07693967    0.01093444  589.00009373  752.35358282 1288.77081986](2630.212370516883)
21:15:56:INFO:RESULT:time_scale:
[ 7.02060298 82.96178154]
21:15:56:INFO:SAVE:message:saving bunch of data...
21:15:56:INFO:SAVE:message:saving optimizer data ...
