22:07:44:INFO:GENERAL:seed:1
22:07:44:INFO:GENERAL:rho:[0.001, 0.1, 0.001]
22:07:44:INFO:GENERAL:bounds_z:[(1e-06, 0.3), (1e-06, 0.3), (1e-06, 0.3), (588.999411, 589.000589), (1e-06, 1800), (1e-06, 74200), (1e-06, 1100)]
22:07:47:INFO:OPTIMIZER:x:
[    0.00359121     0.03369245     0.03522847   588.99999588
   900.00001582 37099.99955802   549.99997268]
22:07:47:INFO:OPTIMIZER:fun:0.0018054840135058084
22:07:47:INFO:OPTIMIZER:nfev:13949
22:07:47:INFO:OPTIMIZER:nit:216
22:07:47:INFO:OPTIMIZER:message:Optimization terminated successfully.
22:07:47:INFO:OPTIMIZER:success:True
22:07:47:INFO:OPTIMIZER:constr:[array([0.])]
22:07:47:INFO:OPTIMIZER:constr_violation:0.0
22:07:47:INFO:OPTIMIZER:maxcv:0.0
22:07:47:INFO:RESULT:A:
[[-0.03881968  0.00235025  0.          0.03772649]
 [ 0.00359121 -0.0360427   0.00081734  0.        ]
 [ 0.          0.03369245 -0.00081734  0.        ]
 [ 0.03522847  0.          0.         -0.03772649]]
22:07:47:INFO:RESULT:m_eq:
[  588.99999588   900.00001582 37099.99955802   549.99997268](39138.99954241362)
22:07:47:INFO:RESULT:x_vec:
[    0.00359121     0.03369245     0.03522847   588.99999588
   900.00001582 37099.99955802   549.99997268](39139.07205454674)
22:07:47:INFO:RESULT:time_scale:
[ 13.36096344  27.16392481 572.15495875]
22:07:47:INFO:SAVE:message:saving bunch of data...
22:07:47:INFO:SAVE:message:saving optimizer data ...
