21:21:02:INFO:GENERAL:seed:1
21:21:02:INFO:GENERAL:rho:[0.1, 0.001, 0.0]
21:21:02:INFO:GENERAL:bounds_z:[(1e-06, 0.3), (1e-06, 0.3), (1e-06, 0.3), (588.999411, 589.000589), (1e-06, 1800), (1e-06, 74200), (1e-06, 1100)]
21:21:04:INFO:OPTIMIZER:x:
[    0.00440337     0.00021022     0.02738777   588.99964994
   969.47864643 37110.9698188    542.39202529]
21:21:04:INFO:OPTIMIZER:fun:0.0028346155440638907
21:21:04:INFO:OPTIMIZER:nfev:11157
21:21:04:INFO:OPTIMIZER:nit:206
21:21:04:INFO:OPTIMIZER:message:Optimization terminated successfully.
21:21:04:INFO:OPTIMIZER:success:True
21:21:04:INFO:OPTIMIZER:constr:[array([0.])]
21:21:04:INFO:OPTIMIZER:constr_violation:0.0
21:21:04:INFO:OPTIMIZER:maxcv:0.0
21:21:04:INFO:RESULT:A:
[[-0.03179114  0.00267524  0.          0.0297412 ]
 [ 0.00440337 -0.00288545  0.00000549  0.        ]
 [ 0.          0.00021022 -0.00000549  0.        ]
 [ 0.02738777  0.          0.         -0.0297412 ]]
21:21:04:INFO:RESULT:m_eq:
[  588.99964994   969.47864643 37110.9698188    542.39202529](39211.84014046125)
21:21:04:INFO:RESULT:x_vec:
[    0.00440337     0.00021022     0.02738777   588.99964994
   969.47864643 37110.9698188    542.39202529](39211.8721418238)
21:21:04:INFO:RESULT:time_scale:
[  16.82569842  204.48613515 9991.57858584]
21:21:04:INFO:SAVE:message:saving bunch of data...
21:21:04:INFO:SAVE:message:saving optimizer data ...
