22:03:15:INFO:GENERAL:seed:1
22:03:15:INFO:GENERAL:rho:[0.001, 0.001, 0.0001]
22:03:15:INFO:GENERAL:bounds_z:[(1e-06, 0.3), (1e-06, 0.3), (588.999411, 589.000589), (1e-06, 1800), (1e-06, 74200)]
22:03:16:INFO:OPTIMIZER:x:
[    0.06829209     0.00421181   588.99952095   939.34724458
 37056.23283324]
22:03:16:INFO:OPTIMIZER:fun:0.0008123979859256521
22:03:16:INFO:OPTIMIZER:nfev:8268
22:03:16:INFO:OPTIMIZER:nit:129
22:03:16:INFO:OPTIMIZER:message:Optimization terminated successfully.
22:03:16:INFO:OPTIMIZER:success:True
22:03:16:INFO:OPTIMIZER:constr:[array([0.])]
22:03:16:INFO:OPTIMIZER:constr_violation:0.0
22:03:16:INFO:OPTIMIZER:maxcv:0.0
22:03:16:INFO:RESULT:A:
[[-0.06829209  0.04282124  0.        ]
 [ 0.06829209 -0.04703304  0.00010677]
 [ 0.          0.00421181 -0.00010677]]
22:03:16:INFO:RESULT:m_eq:
[  588.99952095   939.34724458 37056.23283324](38584.57959877908)
22:03:16:INFO:RESULT:x_vec:
[    0.06829209     0.00421181   588.99952095   939.34724458
 37056.23283324](38584.65210267785)
22:03:16:INFO:RESULT:time_scale:
[  8.86711657 376.55311403]
22:03:16:INFO:SAVE:message:saving bunch of data...
22:03:16:INFO:SAVE:message:saving optimizer data ...
