22:08:21:INFO:GENERAL:seed:1
22:08:21:INFO:GENERAL:rho:[0.0, 0.0001, 0.01]
22:08:21:INFO:GENERAL:bounds_z:[(1e-06, 0.3), (1e-06, 0.3), (588.999411, 589.000589), (1e-06, 1800), (1e-06, 74200)]
22:08:23:INFO:OPTIMIZER:x:
[  0.05725546   0.01648548 588.99977399 402.25579906 786.99029311]
22:08:23:INFO:OPTIMIZER:fun:0.00025662343622151116
22:08:23:INFO:OPTIMIZER:nfev:15702
22:08:23:INFO:OPTIMIZER:nit:248
22:08:23:INFO:OPTIMIZER:message:Optimization terminated successfully.
22:08:23:INFO:OPTIMIZER:success:True
22:08:23:INFO:OPTIMIZER:constr:[array([0.])]
22:08:23:INFO:OPTIMIZER:constr_violation:0.0
22:08:23:INFO:OPTIMIZER:maxcv:0.0
22:08:23:INFO:RESULT:A:
[[-0.05725546  0.08383583  0.        ]
 [ 0.05725546 -0.10032131  0.00842625]
 [ 0.          0.01648548 -0.00842625]]
22:08:23:INFO:RESULT:m_eq:
[588.99977399 402.25579906 786.99029311](1778.2458661654118)
22:08:23:INFO:RESULT:x_vec:
[  0.05725546   0.01648548 588.99977399 402.25579906 786.99029311](1778.3196070987442)
22:08:23:INFO:RESULT:time_scale:
[ 6.58029513 71.25474586]
22:08:23:INFO:SAVE:message:saving bunch of data...
22:08:23:INFO:SAVE:message:saving optimizer data ...
