22:05:48:INFO:GENERAL:seed:1
22:05:48:INFO:GENERAL:rho:[0.01, 0.0, 0.1]
22:05:48:INFO:GENERAL:bounds_z:[(1e-06, 0.3), (1e-06, 0.3), (588.999411, 589.000589), (1e-06, 1800), (1e-06, 74200)]
22:05:50:INFO:OPTIMIZER:x:
[   0.07696151    0.01094972  588.99955019  752.00254936 1288.36040382]
22:05:50:INFO:OPTIMIZER:fun:0.0008091852174615466
22:05:50:INFO:OPTIMIZER:nfev:13530
22:05:50:INFO:OPTIMIZER:nit:210
22:05:50:INFO:OPTIMIZER:message:Optimization terminated successfully.
22:05:50:INFO:OPTIMIZER:success:True
22:05:50:INFO:OPTIMIZER:constr:[array([0.])]
22:05:50:INFO:OPTIMIZER:constr_violation:0.0
22:05:50:INFO:OPTIMIZER:maxcv:0.0
22:05:50:INFO:RESULT:A:
[[-0.07696151  0.06027944  0.        ]
 [ 0.07696151 -0.07122916  0.00639124]
 [ 0.          0.01094972 -0.00639124]]
22:05:50:INFO:RESULT:m_eq:
[ 588.99955019  752.00254936 1288.36040382](2629.362503366775)
22:05:50:INFO:RESULT:x_vec:
[   0.07696151    0.01094972  588.99955019  752.00254936 1288.36040382](2629.4504145913497)
22:05:50:INFO:RESULT:time_scale:
[ 7.01685484 82.86439843]
22:05:50:INFO:SAVE:message:saving bunch of data...
22:05:50:INFO:SAVE:message:saving optimizer data ...
