22:21:17:INFO:GENERAL:seed:1
22:21:17:INFO:GENERAL:rho:[0.1, 0.0001, 0.0]
22:21:17:INFO:GENERAL:bounds_z:[(1e-06, 0.3), (1e-06, 0.3), (588.999411, 589.000589), (1e-06, 1800), (1e-06, 74200)]
22:21:18:INFO:OPTIMIZER:x:
[    0.04806694     0.00258706   588.99969713  1164.92710398
 38402.09685463]
22:21:18:INFO:OPTIMIZER:fun:0.0038910678661046873
22:21:18:INFO:OPTIMIZER:nfev:7085
22:21:18:INFO:OPTIMIZER:nit:108
22:21:18:INFO:OPTIMIZER:message:Optimization terminated successfully.
22:21:18:INFO:OPTIMIZER:success:True
22:21:18:INFO:OPTIMIZER:constr:[array([0.])]
22:21:18:INFO:OPTIMIZER:constr_violation:0.0
22:21:18:INFO:OPTIMIZER:maxcv:0.0
22:21:18:INFO:RESULT:A:
[[-0.04806694  0.02430316  0.        ]
 [ 0.04806694 -0.02689022  0.00007848]
 [ 0.          0.00258706 -0.00007848]]
22:21:18:INFO:RESULT:m_eq:
[  588.99969713  1164.92710398 38402.09685463](40156.02365573708)
22:21:18:INFO:RESULT:x_vec:
[    0.04806694     0.00258706   588.99969713  1164.92710398
 38402.09685463](40156.07430973589)
22:21:18:INFO:RESULT:time_scale:
[ 13.64987855 563.40740008]
22:21:18:INFO:SAVE:message:saving bunch of data...
22:21:18:INFO:SAVE:message:saving optimizer data ...
