22:08:32:INFO:GENERAL:seed:1
22:08:32:INFO:GENERAL:rho:[0.01, 0.1, 0.01]
22:08:32:INFO:GENERAL:bounds_z:[(1e-06, 0.3), (1e-06, 0.3), (1e-06, 0.3), (588.999411, 589.000589), (1e-06, 1800), (1e-06, 74200), (1e-06, 1100)]
22:08:36:INFO:OPTIMIZER:x:
[    0.00869083     0.00021794     0.0090579    588.99995225
   900.00000433 37100.00099258   550.00003579]
22:08:36:INFO:OPTIMIZER:fun:0.004194761207786873
22:08:36:INFO:OPTIMIZER:nfev:21211
22:08:36:INFO:OPTIMIZER:nit:387
22:08:36:INFO:OPTIMIZER:message:Optimization terminated successfully.
22:08:36:INFO:OPTIMIZER:success:True
22:08:36:INFO:OPTIMIZER:constr:[array([0.])]
22:08:36:INFO:OPTIMIZER:constr_violation:0.0
22:08:36:INFO:OPTIMIZER:maxcv:0.0
22:08:36:INFO:RESULT:A:
[[-0.01774873  0.00568767  0.          0.00970018]
 [ 0.00869083 -0.00590561  0.00000529  0.        ]
 [ 0.          0.00021794 -0.00000529  0.        ]
 [ 0.0090579   0.          0.         -0.00970018]]
22:08:36:INFO:RESULT:m_eq:
[  588.99995225   900.00000433 37100.00099258   550.00003579](39139.0009849404)
22:08:36:INFO:RESULT:x_vec:
[    0.00869083     0.00021794     0.0090579    588.99995225
   900.00000433 37100.00099258   550.00003579](39139.018951611986)
22:08:36:INFO:RESULT:time_scale:
[  38.87193042  132.72624639 9999.85601726]
22:08:36:INFO:SAVE:message:saving bunch of data...
22:08:36:INFO:SAVE:message:saving optimizer data ...
