22:04:29:INFO:GENERAL:seed:1
22:04:29:INFO:GENERAL:rho:[0.001, 0.001, 0.01]
22:04:29:INFO:GENERAL:bounds_z:[(1e-06, 0.3), (1e-06, 0.3), (588.999411, 589.000589), (1e-06, 1800), (1e-06, 74200)]
22:04:30:INFO:OPTIMIZER:x:
[    0.0683014      0.00421217   588.99946598   939.3413814
 37053.26089475]
22:04:30:INFO:OPTIMIZER:fun:0.0008123978947987748
22:04:30:INFO:OPTIMIZER:nfev:8799
22:04:30:INFO:OPTIMIZER:nit:136
22:04:30:INFO:OPTIMIZER:message:Optimization terminated successfully.
22:04:30:INFO:OPTIMIZER:success:True
22:04:30:INFO:OPTIMIZER:constr:[array([0.])]
22:04:30:INFO:OPTIMIZER:constr_violation:0.0
22:04:30:INFO:OPTIMIZER:maxcv:0.0
22:04:30:INFO:RESULT:A:
[[-0.0683014   0.04282734  0.        ]
 [ 0.0683014  -0.04703951  0.00010678]
 [ 0.          0.00421217 -0.00010678]]
22:04:30:INFO:RESULT:m_eq:
[  588.99946598   939.3413814  37053.26089475](38581.601742133294)
22:04:30:INFO:RESULT:x_vec:
[    0.0683014      0.00421217   588.99946598   939.3413814
 37053.26089475](38581.67425570729)
22:04:30:INFO:RESULT:time_scale:
[  8.86589358 376.51974734]
22:04:30:INFO:SAVE:message:saving bunch of data...
22:04:30:INFO:SAVE:message:saving optimizer data ...
