21:13:07:INFO:GENERAL:seed:1
21:13:07:INFO:GENERAL:rho:[0.0001, 0.001, 0.0001]
21:13:07:INFO:GENERAL:bounds_z:[(1e-06, 0.3), (1e-06, 0.3), (588.999411, 589.000589), (1e-06, 1800), (1e-06, 74200)]
21:13:09:INFO:OPTIMIZER:x:
[   0.08052523    0.01233032  589.00050683  717.65846294 1274.22728329]
21:13:09:INFO:OPTIMIZER:fun:0.0006083688423730714
21:13:09:INFO:OPTIMIZER:nfev:11395
21:13:09:INFO:OPTIMIZER:nit:177
21:13:09:INFO:OPTIMIZER:message:Optimization terminated successfully.
21:13:09:INFO:OPTIMIZER:success:True
21:13:09:INFO:OPTIMIZER:constr:[array([0.])]
21:13:09:INFO:OPTIMIZER:constr_violation:0.0
21:13:09:INFO:OPTIMIZER:maxcv:0.0
21:13:09:INFO:RESULT:A:
[[-0.08052523  0.0660891   0.        ]
 [ 0.08052523 -0.07841941  0.00694457]
 [ 0.          0.01233032 -0.00694457]]
21:13:09:INFO:RESULT:m_eq:
[ 589.00050683  717.65846294 1274.22728329](2580.8862530539027)
21:13:09:INFO:RESULT:x_vec:
[   0.08052523    0.01233032  589.00050683  717.65846294 1274.22728329](2580.979108595897)
21:13:09:INFO:RESULT:time_scale:
[ 6.54789204 75.9399553 ]
21:13:09:INFO:SAVE:message:saving bunch of data...
21:13:09:INFO:SAVE:message:saving optimizer data ...
