21:13:49:INFO:GENERAL:seed:1
21:13:49:INFO:GENERAL:rho:[0.01, 0.0, 0.01]
21:13:49:INFO:GENERAL:bounds_z:[(1e-06, 0.3), (1e-06, 0.3), (588.999411, 589.000589), (1e-06, 1800), (1e-06, 74200)]
21:13:51:INFO:OPTIMIZER:x:
[   0.0769666     0.01094832  589.00014932  752.01493715 1288.48089135]
21:13:51:INFO:OPTIMIZER:fun:0.0008091852839960288
21:13:51:INFO:OPTIMIZER:nfev:10932
21:13:51:INFO:OPTIMIZER:nit:170
21:13:51:INFO:OPTIMIZER:message:Optimization terminated successfully.
21:13:51:INFO:OPTIMIZER:success:True
21:13:51:INFO:OPTIMIZER:constr:[array([0.])]
21:13:51:INFO:OPTIMIZER:constr_violation:0.0
21:13:51:INFO:OPTIMIZER:maxcv:0.0
21:13:51:INFO:RESULT:A:
[[-0.0769666   0.0602825   0.        ]
 [ 0.0769666  -0.07123081  0.00638993]
 [ 0.          0.01094832 -0.00638993]]
21:13:51:INFO:RESULT:m_eq:
[ 589.00014932  752.01493715 1288.48089135](2629.495977825634)
21:13:51:INFO:RESULT:x_vec:
[   0.0769666     0.01094832  589.00014932  752.01493715 1288.48089135](2629.5838927408226)
21:13:51:INFO:RESULT:time_scale:
[ 7.01649463 82.87730765]
21:13:51:INFO:SAVE:message:saving bunch of data...
21:13:51:INFO:SAVE:message:saving optimizer data ...
