21:13:24:INFO:GENERAL:seed:1
21:13:24:INFO:GENERAL:rho:[0.001, 0.001, 0.001]
21:13:24:INFO:GENERAL:bounds_z:[(1e-06, 0.3), (1e-06, 0.3), (588.999411, 589.000589), (1e-06, 1800), (1e-06, 74200)]
21:13:26:INFO:OPTIMIZER:x:
[    0.06829542     0.00421225   588.99951402   939.31987369
 37052.82469657]
21:13:26:INFO:OPTIMIZER:fun:0.0008123978439128232
21:13:26:INFO:OPTIMIZER:nfev:8979
21:13:26:INFO:OPTIMIZER:nit:139
21:13:26:INFO:OPTIMIZER:message:Optimization terminated successfully.
21:13:26:INFO:OPTIMIZER:success:True
21:13:26:INFO:OPTIMIZER:constr:[array([0.])]
21:13:26:INFO:OPTIMIZER:constr_violation:0.0
21:13:26:INFO:OPTIMIZER:maxcv:0.0
21:13:26:INFO:RESULT:A:
[[-0.06829542  0.04282457  0.        ]
 [ 0.06829542 -0.04703681  0.00010678]
 [ 0.          0.00421225 -0.00010678]]
21:13:26:INFO:RESULT:m_eq:
[  588.99951402   939.31987369 37052.82469657](38581.144084284075)
21:13:26:INFO:RESULT:x_vec:
[    0.06829542     0.00421225   588.99951402   939.31987369
 37052.82469657](38581.21659194728)
21:13:26:INFO:RESULT:time_scale:
[  8.86657702 376.51735513]
21:13:26:INFO:SAVE:message:saving bunch of data...
21:13:26:INFO:SAVE:message:saving optimizer data ...
