22:08:15:INFO:GENERAL:seed:1
22:08:15:INFO:GENERAL:rho:[0.0, 0.0, 0.1]
22:08:15:INFO:GENERAL:bounds_z:[(1e-06, 0.3), (1e-06, 0.3), (1e-06, 0.3), (588.999411, 589.000589), (1e-06, 1800), (1e-06, 74200), (1e-06, 1100)]
22:08:34:INFO:OPTIMIZER:x:
[  0.01650286   0.00554789   0.04589415 589.00005314 608.48398285
 546.22335371 193.83541179]
22:08:34:INFO:OPTIMIZER:fun:0.00012037885358670431
22:08:34:INFO:OPTIMIZER:nfev:104630
22:08:34:INFO:OPTIMIZER:nit:1617
22:08:34:INFO:OPTIMIZER:message:Optimization terminated successfully.
22:08:34:INFO:OPTIMIZER:success:True
22:08:34:INFO:OPTIMIZER:constr:[array([0.])]
22:08:34:INFO:OPTIMIZER:constr_violation:0.0
22:08:34:INFO:OPTIMIZER:maxcv:0.0
22:08:34:INFO:RESULT:A:
[[-0.062397    0.01597443  0.          0.13945674]
 [ 0.01650286 -0.02152232  0.00618026  0.        ]
 [ 0.          0.00554789 -0.00618026  0.        ]
 [ 0.04589415  0.          0.         -0.13945674]]
22:08:34:INFO:RESULT:m_eq:
[589.00005314 608.48398285 546.22335371 193.83541179](1937.5428014898469)
22:08:34:INFO:RESULT:x_vec:
[  0.01650286   0.00554789   0.04589415 589.00005314 608.48398285
 546.22335371 193.83541179](1937.610746381236)
22:08:34:INFO:RESULT:time_scale:
[  5.25848055  31.32040865 134.06173869]
22:08:34:INFO:SAVE:message:saving bunch of data...
22:08:34:INFO:SAVE:message:saving optimizer data ...
