22:18:19:INFO:GENERAL:seed:1
22:18:19:INFO:GENERAL:rho:[0.01, 0.0001, 0.1]
22:18:19:INFO:GENERAL:bounds_z:[(1e-06, 0.3), (1e-06, 0.3), (588.999411, 589.000589), (1e-06, 1800), (1e-06, 74200)]
22:18:22:INFO:OPTIMIZER:x:
[  0.05300774   0.01407178 589.0005026  433.32545981 780.83918038]
22:18:22:INFO:OPTIMIZER:fun:0.0007774445161252974
22:18:22:INFO:OPTIMIZER:nfev:14780
22:18:22:INFO:OPTIMIZER:nit:229
22:18:22:INFO:OPTIMIZER:message:Optimization terminated successfully.
22:18:22:INFO:OPTIMIZER:success:True
22:18:22:INFO:OPTIMIZER:constr:[array([0.])]
22:18:22:INFO:OPTIMIZER:constr_violation:0.0
22:18:22:INFO:OPTIMIZER:maxcv:0.0
22:18:22:INFO:RESULT:A:
[[-0.05300774  0.07205112  0.        ]
 [ 0.05300774 -0.0861229   0.00780911]
 [ 0.          0.01407178 -0.00780911]]
22:18:22:INFO:RESULT:m_eq:
[589.0005026  433.32545981 780.83918038](1803.1651427856516)
22:18:22:INFO:RESULT:x_vec:
[  0.05300774   0.01407178 589.0005026  433.32545981 780.83918038](1803.232222302348)
22:18:22:INFO:RESULT:time_scale:
[ 7.45744343 77.84806702]
22:18:22:INFO:SAVE:message:saving bunch of data...
22:18:22:INFO:SAVE:message:saving optimizer data ...
