22:08:01:INFO:GENERAL:seed:1
22:08:01:INFO:GENERAL:rho:[0.001, 0.0001, 0.01]
22:08:01:INFO:GENERAL:bounds_z:[(1e-06, 0.3), (1e-06, 0.3), (588.999411, 589.000589), (1e-06, 1800), (1e-06, 74200)]
22:08:04:INFO:OPTIMIZER:x:
[  0.05678854   0.01622472 589.00020541 405.39490606 786.17798893]
22:08:04:INFO:OPTIMIZER:fun:0.00031160411811881735
22:08:04:INFO:OPTIMIZER:nfev:15893
22:08:04:INFO:OPTIMIZER:nit:245
22:08:04:INFO:OPTIMIZER:message:Optimization terminated successfully.
22:08:04:INFO:OPTIMIZER:success:True
22:08:04:INFO:OPTIMIZER:constr:[array([0.])]
22:08:04:INFO:OPTIMIZER:constr_violation:0.0
22:08:04:INFO:OPTIMIZER:maxcv:0.0
22:08:04:INFO:RESULT:A:
[[-0.05678854  0.08250834  0.        ]
 [ 0.05678854 -0.09873306  0.00836632]
 [ 0.          0.01622472 -0.00836632]]
22:08:04:INFO:RESULT:m_eq:
[589.00020541 405.39490606 786.17798893](1780.5731003983299)
22:08:04:INFO:RESULT:x_vec:
[  0.05678854   0.01622472 589.00020541 405.39490606 786.17798893](1780.6461136542607)
22:08:04:INFO:RESULT:time_scale:
[ 6.66784009 71.86842101]
22:08:04:INFO:SAVE:message:saving bunch of data...
22:08:04:INFO:SAVE:message:saving optimizer data ...
