22:15:27:INFO:GENERAL:seed:1
22:15:27:INFO:GENERAL:rho:[0.001, 0.1, 0.0]
22:15:27:INFO:GENERAL:bounds_z:[(1e-06, 0.3), (1e-06, 0.3), (1e-06, 0.3), (588.999411, 589.000589), (1e-06, 1800), (1e-06, 74200), (1e-06, 1100)]
22:15:30:INFO:OPTIMIZER:x:
[    0.00353881     0.04408453     0.0356782    589.00000159
   900.00001137 37099.99972472   550.00000675]
22:15:30:INFO:OPTIMIZER:fun:0.0009508459569708586
22:15:30:INFO:OPTIMIZER:nfev:13657
22:15:30:INFO:OPTIMIZER:nit:214
22:15:30:INFO:OPTIMIZER:message:Optimization terminated successfully.
22:15:30:INFO:OPTIMIZER:success:True
22:15:30:INFO:OPTIMIZER:constr:[array([0.])]
22:15:30:INFO:OPTIMIZER:constr_violation:0.0
22:15:30:INFO:OPTIMIZER:maxcv:0.0
22:15:30:INFO:RESULT:A:
[[-0.03921701  0.00231595  0.          0.03820811]
 [ 0.00353881 -0.04640049  0.00106944  0.        ]
 [ 0.          0.04408453 -0.00106944  0.        ]
 [ 0.0356782   0.          0.         -0.03820811]]
22:15:30:INFO:RESULT:m_eq:
[  589.00000159   900.00001137 37099.99972472   550.00000675](39138.99974443071)
22:15:30:INFO:RESULT:x_vec:
[    0.00353881     0.04408453     0.0356782    589.00000159
   900.00001137 37099.99972472   550.00000675](39139.08304597323)
22:15:30:INFO:RESULT:time_scale:
[ 13.1957015   21.11453925 570.75705573]
22:15:30:INFO:SAVE:message:saving bunch of data...
22:15:30:INFO:SAVE:message:saving optimizer data ...
