22:20:59:INFO:GENERAL:seed:1
22:20:59:INFO:GENERAL:rho:[0.01, 0.001, 0.0]
22:20:59:INFO:GENERAL:bounds_z:[(1e-06, 0.3), (1e-06, 0.3), (1e-06, 0.3), (588.999411, 589.000589), (1e-06, 1800), (1e-06, 74200), (1e-06, 1100)]
22:21:03:INFO:OPTIMIZER:x:
[    0.018677       0.00240741     0.06162252   589.00000432
  1102.40622078 37106.93016008   427.09234623]
22:21:03:INFO:OPTIMIZER:fun:0.0007467005463146564
22:21:03:INFO:OPTIMIZER:nfev:17651
22:21:03:INFO:OPTIMIZER:nit:272
22:21:03:INFO:OPTIMIZER:message:Optimization terminated successfully.
22:21:03:INFO:OPTIMIZER:success:True
22:21:03:INFO:OPTIMIZER:constr:[array([0.])]
22:21:03:INFO:OPTIMIZER:constr_violation:0.0
22:21:03:INFO:OPTIMIZER:maxcv:0.0
22:21:03:INFO:RESULT:A:
[[-0.08029952  0.00997886  0.          0.08498317]
 [ 0.018677   -0.01238627  0.00007152  0.        ]
 [ 0.          0.00240741 -0.00007152  0.        ]
 [ 0.06162252  0.          0.         -0.08498317]]
22:21:03:INFO:RESULT:m_eq:
[  589.00000432  1102.40622078 37106.93016008   427.09234623](39225.42873140308)
22:21:03:INFO:RESULT:x_vec:
[    0.018677       0.00240741     0.06162252   589.00000432
  1102.40622078 37106.93016008   427.09234623](39225.51143833475)
22:21:03:INFO:RESULT:time_scale:
[  6.42352658  48.03924225 802.28174663]
22:21:03:INFO:SAVE:message:saving bunch of data...
22:21:03:INFO:SAVE:message:saving optimizer data ...
