21:12:31:INFO:GENERAL:seed:1
21:12:31:INFO:GENERAL:rho:[0.0001, 0.0001, 0.0]
21:12:31:INFO:GENERAL:bounds_z:[(1e-06, 0.3), (1e-06, 0.3), (588.999411, 589.000589), (1e-06, 1800), (1e-06, 74200)]
21:12:34:INFO:OPTIMIZER:x:
[   0.08073699    0.01245597  589.00036148  714.89236117 1272.71577231]
21:12:34:INFO:OPTIMIZER:fun:0.00031226513708269203
21:12:34:INFO:OPTIMIZER:nfev:15515
21:12:34:INFO:OPTIMIZER:nit:241
21:12:34:INFO:OPTIMIZER:message:Optimization terminated successfully.
21:12:34:INFO:OPTIMIZER:success:True
21:12:34:INFO:OPTIMIZER:constr:[array([0.])]
21:12:34:INFO:OPTIMIZER:constr_violation:0.0
21:12:34:INFO:OPTIMIZER:maxcv:0.0
21:12:34:INFO:RESULT:A:
[[-0.08073699  0.06651927  0.        ]
 [ 0.08073699 -0.07897524  0.0069966 ]
 [ 0.          0.01245597 -0.0069966 ]]
21:12:34:INFO:RESULT:m_eq:
[ 589.00036148  714.89236117 1272.71577231](2576.608494955003)
21:12:34:INFO:RESULT:x_vec:
[   0.08073699    0.01245597  589.00036148  714.89236117 1272.71577231](2576.7016879138387)
21:12:34:INFO:RESULT:time_scale:
[ 6.51720001 75.36536866]
21:12:34:INFO:SAVE:message:saving bunch of data...
21:12:34:INFO:SAVE:message:saving optimizer data ...
