21:21:14:INFO:GENERAL:seed:1
21:21:14:INFO:GENERAL:rho:[0.01, 0.0001, 0.0001]
21:21:14:INFO:GENERAL:bounds_z:[(1e-06, 0.3), (1e-06, 0.3), (588.999411, 589.000589), (1e-06, 1800), (1e-06, 74200)]
21:21:16:INFO:OPTIMIZER:x:
[    0.04007567     0.00375856   588.99983321   627.40487194
 35888.12889167]
21:21:16:INFO:OPTIMIZER:fun:0.0011521331982266368
21:21:16:INFO:OPTIMIZER:nfev:8622
21:21:16:INFO:OPTIMIZER:nit:135
21:21:16:INFO:OPTIMIZER:message:Optimization terminated successfully.
21:21:16:INFO:OPTIMIZER:success:True
21:21:16:INFO:OPTIMIZER:constr:[array([0.])]
21:21:16:INFO:OPTIMIZER:constr_violation:0.0
21:21:16:INFO:OPTIMIZER:maxcv:0.0
21:21:16:INFO:RESULT:A:
[[-0.04007567  0.03762254  0.        ]
 [ 0.04007567 -0.0413811   0.00006571]
 [ 0.          0.00375856 -0.00006571]]
21:21:16:INFO:RESULT:m_eq:
[  588.99983321   627.40487194 35888.12889167](37104.53359682272)
21:21:16:INFO:RESULT:x_vec:
[    0.04007567     0.00375856   588.99983321   627.40487194
 35888.12889167](37104.57743105512)
21:21:16:INFO:RESULT:time_scale:
[ 12.56831091 510.91004917]
21:21:16:INFO:SAVE:message:saving bunch of data...
21:21:16:INFO:SAVE:message:saving optimizer data ...
