22:15:49:INFO:GENERAL:seed:1
22:15:49:INFO:GENERAL:rho:[0.0001, 0.0, 0.0001]
22:15:49:INFO:GENERAL:bounds_z:[(1e-06, 0.3), (1e-06, 0.3), (1e-06, 0.3), (588.999411, 589.000589), (1e-06, 1800), (1e-06, 74200), (1e-06, 1100)]
22:15:55:INFO:OPTIMIZER:x:
[    0.04974614     0.00679649     0.01364094   589.00046296
   211.89372525 74196.08866079   509.75784611]
22:15:55:INFO:OPTIMIZER:fun:0.0001952035336381045
22:15:55:INFO:OPTIMIZER:nfev:27202
22:15:55:INFO:OPTIMIZER:nit:423
22:15:55:INFO:OPTIMIZER:message:Optimization terminated successfully.
22:15:55:INFO:OPTIMIZER:success:True
22:15:55:INFO:OPTIMIZER:constr:[array([0.])]
22:15:55:INFO:OPTIMIZER:constr_violation:0.0
22:15:55:INFO:OPTIMIZER:maxcv:0.0
22:15:55:INFO:RESULT:A:
[[-0.06338708  0.13827923  0.          0.01576145]
 [ 0.04974614 -0.14507571  0.00001941  0.        ]
 [ 0.          0.00679649 -0.00001941  0.        ]
 [ 0.01364094  0.          0.         -0.01576145]]
22:15:55:INFO:RESULT:m_eq:
[  589.00046296   211.89372525 74196.08866079   509.75784611](75506.74069511332)
22:15:55:INFO:RESULT:x_vec:
[    0.04974614     0.00679649     0.01364094   589.00046296
   211.89372525 74196.08866079   509.75784611](75506.81087868189)
22:15:55:INFO:RESULT:time_scale:
[  5.0757532   38.20144741 950.98819241]
22:15:55:INFO:SAVE:message:saving bunch of data...
22:15:55:INFO:SAVE:message:saving optimizer data ...
