22:21:21:INFO:GENERAL:seed:1
22:21:21:INFO:GENERAL:rho:[0.1, 0.001, 0.0001]
22:21:21:INFO:GENERAL:bounds_z:[(1e-06, 0.3), (1e-06, 0.3), (588.999411, 589.000589), (1e-06, 1800), (1e-06, 74200)]
22:21:22:INFO:OPTIMIZER:x:
[    0.04929546     0.00282767   588.99941104  1129.07965921
 37214.54542738]
22:21:22:INFO:OPTIMIZER:fun:0.003973200670513288
22:21:22:INFO:OPTIMIZER:nfev:7088
22:21:22:INFO:OPTIMIZER:nit:109
22:21:22:INFO:OPTIMIZER:message:Optimization terminated successfully.
22:21:22:INFO:OPTIMIZER:success:True
22:21:22:INFO:OPTIMIZER:constr:[array([0.])]
22:21:22:INFO:OPTIMIZER:constr_violation:0.0
22:21:22:INFO:OPTIMIZER:maxcv:0.0
22:21:22:INFO:RESULT:A:
[[-0.04929546  0.02571563  0.        ]
 [ 0.04929546 -0.0285433   0.00008579]
 [ 0.          0.00282767 -0.00008579]]
22:21:22:INFO:RESULT:m_eq:
[  588.99941104  1129.07965921 37214.54542738](38932.62449762921)
22:21:22:INFO:RESULT:x_vec:
[    0.04929546     0.00282767   588.99941104  1129.07965921
 37214.54542738](38932.67662075436)
22:21:22:INFO:RESULT:time_scale:
[ 13.1568687  521.20811998]
22:21:22:INFO:SAVE:message:saving bunch of data...
22:21:22:INFO:SAVE:message:saving optimizer data ...
