22:02:25:INFO:GENERAL:seed:1
22:02:25:INFO:GENERAL:rho:[0.001, 0.1, 0.0]
22:02:25:INFO:GENERAL:bounds_z:[(1e-06, 0.3), (1e-06, 0.3), (1e-06, 0.3), (588.999411, 589.000589), (1e-06, 1800), (1e-06, 74200), (1e-06, 1100)]
22:02:28:INFO:OPTIMIZER:x:
[    0.01478478     0.00465857     0.05967272   589.00000001
   900.00001914 37099.99987887   550.00000203]
22:02:28:INFO:OPTIMIZER:fun:0.0005138939889224105
22:02:28:INFO:OPTIMIZER:nfev:14620
22:02:28:INFO:OPTIMIZER:nit:229
22:02:28:INFO:OPTIMIZER:message:Optimization terminated successfully.
22:02:28:INFO:OPTIMIZER:success:True
22:02:28:INFO:OPTIMIZER:constr:[array([0.])]
22:02:28:INFO:OPTIMIZER:constr_violation:0.0
22:02:28:INFO:OPTIMIZER:maxcv:0.0
22:02:28:INFO:RESULT:A:
[[-0.0744575   0.00967582  0.          0.06390406]
 [ 0.01478478 -0.01433438  0.00011301  0.        ]
 [ 0.          0.00465857 -0.00011301  0.        ]
 [ 0.05967272  0.          0.         -0.06390406]]
22:02:28:INFO:RESULT:m_eq:
[  589.00000001   900.00001914 37099.99987887   550.00000203](39138.99990004686)
22:02:28:INFO:RESULT:x_vec:
[    0.01478478     0.00465857     0.05967272   589.00000001
   900.00001914 37099.99987887   550.00000203](39139.0790161114)
22:02:28:INFO:RESULT:time_scale:
[  7.58600999  52.22551799 543.59123063]
22:02:28:INFO:SAVE:message:saving bunch of data...
22:02:28:INFO:SAVE:message:saving optimizer data ...
