22:16:42:INFO:GENERAL:seed:1
22:16:42:INFO:GENERAL:rho:[0.0, 0.1, 0.001]
22:16:42:INFO:GENERAL:bounds_z:[(1e-06, 0.3), (1e-06, 0.3), (1e-06, 0.3), (588.999411, 589.000589), (1e-06, 1800), (1e-06, 74200), (1e-06, 1100)]
22:16:45:INFO:OPTIMIZER:x:
[    0.00347852     0.08626501     0.03559095   588.99998048
   899.99998208 37100.00022418   550.00001168]
22:16:45:INFO:OPTIMIZER:fun:0.0017735923885160692
22:16:45:INFO:OPTIMIZER:nfev:12658
22:16:45:INFO:OPTIMIZER:nit:195
22:16:45:INFO:OPTIMIZER:message:Optimization terminated successfully.
22:16:45:INFO:OPTIMIZER:success:True
22:16:45:INFO:OPTIMIZER:constr:[array([0.])]
22:16:45:INFO:OPTIMIZER:constr_violation:0.0
22:16:45:INFO:OPTIMIZER:maxcv:0.0
22:16:45:INFO:RESULT:A:
[[-0.03906947  0.0022765   0.          0.03811467]
 [ 0.00347852 -0.0885415   0.00209268  0.        ]
 [ 0.          0.08626501 -0.00209268  0.        ]
 [ 0.03559095  0.          0.         -0.03811467]]
22:16:45:INFO:RESULT:m_eq:
[  588.99998048   899.99998208 37100.00022418   550.00001168](39139.0001984145)
22:16:45:INFO:RESULT:x_vec:
[    0.00347852     0.08626501     0.03559095   588.99998048
   899.99998208 37100.00022418   550.00001168](39139.12553288948)
22:16:45:INFO:RESULT:time_scale:
[ 11.00373995  13.30247651 566.20024799]
22:16:45:INFO:SAVE:message:saving bunch of data...
22:16:45:INFO:SAVE:message:saving optimizer data ...
