22:16:49:INFO:GENERAL:seed:1
22:16:49:INFO:GENERAL:rho:[0.001, 0.0001, 0.01]
22:16:49:INFO:GENERAL:bounds_z:[(1e-06, 0.3), (1e-06, 0.3), (588.999411, 589.000589), (1e-06, 1800), (1e-06, 74200)]
22:16:51:INFO:OPTIMIZER:x:
[    0.04157168     0.00390818   588.99975739   615.23167224
 35362.39978896]
22:16:51:INFO:OPTIMIZER:fun:0.0009019944364214339
22:16:51:INFO:OPTIMIZER:nfev:8413
22:16:51:INFO:OPTIMIZER:nit:130
22:16:51:INFO:OPTIMIZER:message:Optimization terminated successfully.
22:16:51:INFO:OPTIMIZER:success:True
22:16:51:INFO:OPTIMIZER:constr:[array([0.])]
22:16:51:INFO:OPTIMIZER:constr_violation:0.0
22:16:51:INFO:OPTIMIZER:maxcv:0.0
22:16:51:INFO:RESULT:A:
[[-0.04157168  0.03979916  0.        ]
 [ 0.04157168 -0.04370734  0.00006799]
 [ 0.          0.00390818 -0.00006799]]
22:16:51:INFO:RESULT:m_eq:
[  588.99975739   615.23167224 35362.39978896](36566.63121859807)
22:16:51:INFO:RESULT:x_vec:
[    0.04157168     0.00390818   588.99975739   615.23167224
 35362.39978896](36566.67669845077)
22:16:51:INFO:RESULT:time_scale:
[ 12.00034654 496.01088972]
22:16:51:INFO:SAVE:message:saving bunch of data...
22:16:51:INFO:SAVE:message:saving optimizer data ...
