21:23:47:INFO:GENERAL:seed:1
21:23:47:INFO:GENERAL:rho:[0.0, 0.1, 0.1]
21:23:47:INFO:GENERAL:bounds_z:[(1e-06, 0.3), (1e-06, 0.3), (588.999411, 589.000589), (1e-06, 1800), (1e-06, 74200)]
21:23:48:INFO:OPTIMIZER:x:
[    0.02855213     0.00102959   589.00000448   899.9999937
 37100.00057108]
21:23:48:INFO:OPTIMIZER:fun:0.0017615659694121617
21:23:48:INFO:OPTIMIZER:nfev:8836
21:23:48:INFO:OPTIMIZER:nit:139
21:23:48:INFO:OPTIMIZER:message:Optimization terminated successfully.
21:23:48:INFO:OPTIMIZER:success:True
21:23:48:INFO:OPTIMIZER:constr:[array([0.])]
21:23:48:INFO:OPTIMIZER:constr_violation:0.0
21:23:48:INFO:OPTIMIZER:maxcv:0.0
21:23:48:INFO:RESULT:A:
[[-0.02855213  0.01868578  0.        ]
 [ 0.02855213 -0.01971537  0.00002498]
 [ 0.          0.00102959 -0.00002498]]
21:23:48:INFO:RESULT:m_eq:
[  589.00000448   899.9999937  37100.00057108](38589.00056925724)
21:23:48:INFO:RESULT:x_vec:
[    0.02855213     0.00102959   589.00000448   899.9999937
 37100.00057108](38589.03015097196)
21:23:48:INFO:RESULT:time_scale:
[  20.98601218 1558.39774287]
21:23:48:INFO:SAVE:message:saving bunch of data...
21:23:48:INFO:SAVE:message:saving optimizer data ...
