22:02:45:INFO:GENERAL:seed:1
22:02:45:INFO:GENERAL:rho:[0.0, 0.01, 0.0]
22:02:45:INFO:GENERAL:bounds_z:[(1e-06, 0.3), (1e-06, 0.3), (1e-06, 0.3), (588.999411, 589.000589), (1e-06, 1800), (1e-06, 74200), (1e-06, 1100)]
22:02:48:INFO:OPTIMIZER:x:
[    0.01478088     0.00466512     0.05988886   589.00003673
   899.9999777  37099.99928605   549.99998497]
22:02:48:INFO:OPTIMIZER:fun:0.0004756359964742807
22:02:48:INFO:OPTIMIZER:nfev:13366
22:02:48:INFO:OPTIMIZER:nit:208
22:02:48:INFO:OPTIMIZER:message:Optimization terminated successfully.
22:02:48:INFO:OPTIMIZER:success:True
22:02:48:INFO:OPTIMIZER:constr:[array([0.])]
22:02:48:INFO:OPTIMIZER:constr_violation:0.0
22:02:48:INFO:OPTIMIZER:maxcv:0.0
22:02:48:INFO:RESULT:A:
[[-0.07466974  0.00967326  0.          0.06413553]
 [ 0.01478088 -0.01433838  0.00011317  0.        ]
 [ 0.          0.00466512 -0.00011317  0.        ]
 [ 0.05988886  0.          0.         -0.06413553]]
22:02:48:INFO:RESULT:m_eq:
[  589.00003673   899.9999777  37099.99928605   549.99998497](39138.999285444785)
22:02:48:INFO:RESULT:x_vec:
[    0.01478088     0.00466512     0.05988886   589.00003673
   899.9999777  37099.99928605   549.99998497](39139.07862029808)
22:02:48:INFO:RESULT:time_scale:
[  7.56072738  52.21207455 542.96069778]
22:02:48:INFO:SAVE:message:saving bunch of data...
22:02:48:INFO:SAVE:message:saving optimizer data ...
