21:21:08:INFO:GENERAL:seed:1
21:21:08:INFO:GENERAL:rho:[0.01, 0.0001, 0.0]
21:21:08:INFO:GENERAL:bounds_z:[(1e-06, 0.3), (1e-06, 0.3), (588.999411, 589.000589), (1e-06, 1800), (1e-06, 74200)]
21:21:11:INFO:OPTIMIZER:x:
[  0.05300451   0.01406926 588.99954911 433.34997675 780.85765184]
21:21:11:INFO:OPTIMIZER:fun:0.0007774445609377249
21:21:11:INFO:OPTIMIZER:nfev:16158
21:21:11:INFO:OPTIMIZER:nit:251
21:21:11:INFO:OPTIMIZER:message:Optimization terminated successfully.
21:21:11:INFO:OPTIMIZER:success:True
21:21:11:INFO:OPTIMIZER:constr:[array([0.])]
21:21:11:INFO:OPTIMIZER:constr_violation:0.0
21:21:11:INFO:OPTIMIZER:maxcv:0.0
21:21:11:INFO:RESULT:A:
[[-0.05300451  0.07204254  0.        ]
 [ 0.05300451 -0.0861118   0.00780797]
 [ 0.          0.01406926 -0.00780797]]
21:21:11:INFO:RESULT:m_eq:
[588.99954911 433.34997675 780.85765184](1803.2071776956313)
21:21:11:INFO:RESULT:x_vec:
[  0.05300451   0.01406926 588.99954911 433.34997675 780.85765184](1803.274251466968)
21:21:11:INFO:RESULT:time_scale:
[ 7.45820453 77.85883932]
21:21:11:INFO:SAVE:message:saving bunch of data...
21:21:11:INFO:SAVE:message:saving optimizer data ...
