21:21:44:INFO:GENERAL:seed:1
21:21:44:INFO:GENERAL:rho:[0.001, 0.001, 0.001]
21:21:44:INFO:GENERAL:bounds_z:[(1e-06, 0.3), (1e-06, 0.3), (1e-06, 0.3), (588.999411, 589.000589), (1e-06, 1800), (1e-06, 74200), (1e-06, 1100)]
21:21:49:INFO:OPTIMIZER:x:
[    0.04975003     0.01027175     0.01700467   589.00019262
   166.23430557 37127.72032915   490.65911399]
21:21:49:INFO:OPTIMIZER:fun:0.0005064653131987264
21:21:49:INFO:OPTIMIZER:nfev:24734
21:21:49:INFO:OPTIMIZER:nit:384
21:21:49:INFO:OPTIMIZER:message:Optimization terminated successfully.
21:21:49:INFO:OPTIMIZER:success:True
21:21:49:INFO:OPTIMIZER:constr:[array([0.])]
21:21:49:INFO:OPTIMIZER:constr_violation:0.0
21:21:49:INFO:OPTIMIZER:maxcv:0.0
21:21:49:INFO:RESULT:A:
[[-0.0667547   0.17627395  0.          0.02041286]
 [ 0.04975003 -0.1865457   0.00004599  0.        ]
 [ 0.          0.01027175 -0.00004599  0.        ]
 [ 0.01700467  0.          0.         -0.02041286]]
21:21:49:INFO:RESULT:m_eq:
[  589.00019262   166.23430557 37127.72032915   490.65911399](38373.613941332056)
21:21:49:INFO:RESULT:x_vec:
[    0.04975003     0.01027175     0.01700467   589.00019262
   166.23430557 37127.72032915   490.65911399](38373.69096778201)
21:21:49:INFO:RESULT:time_scale:
[  4.19843787  29.19369797 756.74100765]
21:21:49:INFO:SAVE:message:saving bunch of data...
21:21:49:INFO:SAVE:message:saving optimizer data ...
