21:21:50:INFO:GENERAL:seed:1
21:21:50:INFO:GENERAL:rho:[0.001, 0.1, 0.001]
21:21:50:INFO:GENERAL:bounds_z:[(1e-06, 0.3), (1e-06, 0.3), (588.999411, 589.000589), (1e-06, 1800), (1e-06, 74200)]
21:21:52:INFO:OPTIMIZER:x:
[    0.02851942     0.00102925   588.99999616   899.99999798
 37099.99972725]
21:21:52:INFO:OPTIMIZER:fun:0.001777651337434578
21:21:52:INFO:OPTIMIZER:nfev:9735
21:21:52:INFO:OPTIMIZER:nit:152
21:21:52:INFO:OPTIMIZER:message:Optimization terminated successfully.
21:21:52:INFO:OPTIMIZER:success:True
21:21:52:INFO:OPTIMIZER:constr:[array([0.])]
21:21:52:INFO:OPTIMIZER:constr_violation:0.0
21:21:52:INFO:OPTIMIZER:maxcv:0.0
21:21:52:INFO:RESULT:A:
[[-0.02851942  0.01866438  0.        ]
 [ 0.02851942 -0.01969363  0.00002497]
 [ 0.          0.00102925 -0.00002497]]
21:21:52:INFO:RESULT:m_eq:
[  588.99999616   899.99999798 37099.99972725](38588.999721384906)
21:21:52:INFO:RESULT:x_vec:
[    0.02851942     0.00102925   588.99999616   899.99999798
 37099.99972725](38589.02927005885)
21:21:52:INFO:RESULT:time_scale:
[  21.00992567 1558.92082523]
21:21:52:INFO:SAVE:message:saving bunch of data...
21:21:52:INFO:SAVE:message:saving optimizer data ...
