21:13:56:INFO:GENERAL:seed:1
21:13:56:INFO:GENERAL:rho:[0.1, 0.001, 0.01]
21:13:56:INFO:GENERAL:bounds_z:[(1e-06, 0.3), (1e-06, 0.3), (588.999411, 589.000589), (1e-06, 1800), (1e-06, 74200)]
21:13:57:INFO:OPTIMIZER:x:
[    0.04929108     0.00282863   588.99953968  1128.90675441
 37203.73819273]
21:13:57:INFO:OPTIMIZER:fun:0.0039732008321684935
21:13:57:INFO:OPTIMIZER:nfev:7827
21:13:57:INFO:OPTIMIZER:nit:122
21:13:57:INFO:OPTIMIZER:message:Optimization terminated successfully.
21:13:57:INFO:OPTIMIZER:success:True
21:13:57:INFO:OPTIMIZER:constr:[array([0.])]
21:13:57:INFO:OPTIMIZER:constr_violation:0.0
21:13:57:INFO:OPTIMIZER:maxcv:0.0
21:13:57:INFO:RESULT:A:
[[-0.04929108  0.02571729  0.        ]
 [ 0.04929108 -0.02854592  0.00008583]
 [ 0.          0.00282863 -0.00008583]]
21:13:57:INFO:RESULT:m_eq:
[  588.99953968  1128.90675441 37203.73819273](38921.64448681796)
21:13:57:INFO:RESULT:x_vec:
[    0.04929108     0.00282863   588.99953968  1128.90675441
 37203.73819273](38921.696606529695)
21:13:57:INFO:RESULT:time_scale:
[ 13.15726081 521.05745912]
21:13:57:INFO:SAVE:message:saving bunch of data...
21:13:57:INFO:SAVE:message:saving optimizer data ...
