21:15:17:INFO:GENERAL:seed:1
21:15:17:INFO:GENERAL:rho:[0.001, 0.0001, 0.1]
21:15:17:INFO:GENERAL:bounds_z:[(1e-06, 0.3), (1e-06, 0.3), (588.999411, 589.000589), (1e-06, 1800), (1e-06, 74200)]
21:15:19:INFO:OPTIMIZER:x:
[   0.08036596    0.0123079   589.00006256  718.35796757 1273.76779844]
21:15:19:INFO:OPTIMIZER:fun:0.0003620969272029289
21:15:19:INFO:OPTIMIZER:nfev:11795
21:15:19:INFO:OPTIMIZER:nit:181
21:15:19:INFO:OPTIMIZER:message:Optimization terminated successfully.
21:15:19:INFO:OPTIMIZER:success:True
21:15:19:INFO:OPTIMIZER:constr:[array([0.])]
21:15:19:INFO:OPTIMIZER:constr_violation:0.0
21:15:19:INFO:OPTIMIZER:maxcv:0.0
21:15:19:INFO:RESULT:A:
[[-0.08036596  0.06589411  0.        ]
 [ 0.08036596 -0.078202    0.0069412 ]
 [ 0.          0.0123079  -0.0069412 ]]
21:15:19:INFO:RESULT:m_eq:
[ 589.00006256  718.35796757 1273.76779844](2581.1258285634713)
21:15:19:INFO:RESULT:x_vec:
[   0.08036596    0.0123079   589.00006256  718.35796757 1273.76779844](2581.2185024196156)
21:15:19:INFO:RESULT:time_scale:
[ 6.56369649 76.01103303]
21:15:19:INFO:SAVE:message:saving bunch of data...
21:15:19:INFO:SAVE:message:saving optimizer data ...
