22:08:03:INFO:GENERAL:seed:1
22:08:03:INFO:GENERAL:rho:[0.1, 0.0, 0.001]
22:08:03:INFO:GENERAL:bounds_z:[(1e-06, 0.3), (1e-06, 0.3), (1e-06, 0.3), (588.999411, 589.000589), (1e-06, 1800), (1e-06, 74200), (1e-06, 1100)]
22:08:08:INFO:OPTIMIZER:x:
[    0.01326747     0.00293333     0.01529085   589.00015323
   544.91508004 74103.65195719   319.6966481 ]
22:08:08:INFO:OPTIMIZER:fun:0.0033136125867472147
22:08:08:INFO:OPTIMIZER:nfev:24131
22:08:08:INFO:OPTIMIZER:nit:377
22:08:08:INFO:OPTIMIZER:message:Optimization terminated successfully.
22:08:08:INFO:OPTIMIZER:success:True
22:08:08:INFO:OPTIMIZER:constr:[array([0.])]
22:08:08:INFO:OPTIMIZER:constr_violation:0.0
22:08:08:INFO:OPTIMIZER:maxcv:0.0
22:08:08:INFO:RESULT:A:
[[-0.02855832  0.01434084  0.          0.02817144]
 [ 0.01326747 -0.01727417  0.00002157  0.        ]
 [ 0.          0.00293333 -0.00002157  0.        ]
 [ 0.01529085  0.          0.         -0.02817144]]
22:08:08:INFO:RESULT:m_eq:
[  589.00015323   544.91508004 74103.65195719   319.6966481 ](75557.26383855767)
22:08:08:INFO:RESULT:x_vec:
[    0.01326747     0.00293333     0.01529085   589.00015323
   544.91508004 74103.65195719   319.6966481 ](75557.29533020893)
22:08:08:INFO:RESULT:time_scale:
[ 19.20851676  47.75592918 975.17843663]
22:08:08:INFO:SAVE:message:saving bunch of data...
22:08:08:INFO:SAVE:message:saving optimizer data ...
