21:13:42:INFO:GENERAL:seed:1
21:13:42:INFO:GENERAL:rho:[0.001, 0.0001, 0.01]
21:13:42:INFO:GENERAL:bounds_z:[(1e-06, 0.3), (1e-06, 0.3), (588.999411, 589.000589), (1e-06, 1800), (1e-06, 74200)]
21:13:44:INFO:OPTIMIZER:x:
[   0.08036748    0.01230791  589.00031671  718.34924929 1273.76854895]
21:13:44:INFO:OPTIMIZER:fun:0.00036209693355301626
21:13:44:INFO:OPTIMIZER:nfev:13203
21:13:44:INFO:OPTIMIZER:nit:204
21:13:44:INFO:OPTIMIZER:message:Optimization terminated successfully.
21:13:44:INFO:OPTIMIZER:success:True
21:13:44:INFO:OPTIMIZER:constr:[array([0.])]
21:13:44:INFO:OPTIMIZER:constr_violation:0.0
21:13:44:INFO:OPTIMIZER:maxcv:0.0
21:13:44:INFO:RESULT:A:
[[-0.08036748  0.06589618  0.        ]
 [ 0.08036748 -0.07820409  0.00694112]
 [ 0.          0.01230791 -0.00694112]]
21:13:44:INFO:RESULT:m_eq:
[ 589.00031671  718.34924929 1273.76854895](2581.1181149596723)
21:13:44:INFO:RESULT:x_vec:
[   0.08036748    0.01230791  589.00031671  718.34924929 1273.76854895](2581.210790347224)
21:13:44:INFO:RESULT:time_scale:
[ 6.56354053 76.01159217]
21:13:44:INFO:SAVE:message:saving bunch of data...
21:13:44:INFO:SAVE:message:saving optimizer data ...
