22:23:17:INFO:GENERAL:seed:1
22:23:17:INFO:GENERAL:rho:[0.01, 0.1, 0.1]
22:23:17:INFO:GENERAL:bounds_z:[(1e-06, 0.3), (1e-06, 0.3), (1e-06, 0.3), (588.999411, 589.000589), (1e-06, 1800), (1e-06, 74200), (1e-06, 1100)]
22:23:24:INFO:OPTIMIZER:x:
[    0.02309293     0.00206043     0.02667555   589.00000344
   900.00002815 37099.99973901   549.99998201]
22:23:24:INFO:OPTIMIZER:fun:0.0019400530092430134
22:23:24:INFO:OPTIMIZER:nfev:35578
22:23:24:INFO:OPTIMIZER:nit:555
22:23:24:INFO:OPTIMIZER:message:Optimization terminated successfully.
22:23:24:INFO:OPTIMIZER:success:True
22:23:24:INFO:OPTIMIZER:constr:[array([0.])]
22:23:24:INFO:OPTIMIZER:constr_violation:0.0
22:23:24:INFO:OPTIMIZER:maxcv:0.0
22:23:24:INFO:RESULT:A:
[[-0.04976848  0.01511304  0.          0.02856709]
 [ 0.02309293 -0.01717347  0.00004998  0.        ]
 [ 0.          0.00206043 -0.00004998  0.        ]
 [ 0.02667555  0.          0.         -0.02856709]]
22:23:24:INFO:RESULT:m_eq:
[  589.00000344   900.00002815 37099.99973901   549.99998201](39138.99975260917)
22:23:24:INFO:RESULT:x_vec:
[    0.02309293     0.00206043     0.02667555   589.00000344
   900.00002815 37099.99973901   549.99998201](39139.05158151656)
22:23:24:INFO:RESULT:time_scale:
[  13.67727008   46.43765902 1097.97421323]
22:23:24:INFO:SAVE:message:saving bunch of data...
22:23:24:INFO:SAVE:message:saving optimizer data ...
