21:13:13:INFO:GENERAL:seed:1
21:13:13:INFO:GENERAL:rho:[0.0001, 0.001, 0.001]
21:13:13:INFO:GENERAL:bounds_z:[(1e-06, 0.3), (1e-06, 0.3), (1e-06, 0.3), (588.999411, 589.000589), (1e-06, 1800), (1e-06, 74200), (1e-06, 1100)]
21:13:18:INFO:OPTIMIZER:x:
[    0.06447771     0.0111451      0.02740351   589.00039419
   278.76201018 36917.45323713   703.30526185]
21:13:18:INFO:OPTIMIZER:fun:0.0004038854008404128
21:13:18:INFO:OPTIMIZER:nfev:21984
21:13:18:INFO:OPTIMIZER:nit:344
21:13:18:INFO:OPTIMIZER:message:Optimization terminated successfully.
21:13:18:INFO:OPTIMIZER:success:True
21:13:18:INFO:OPTIMIZER:constr:[array([0.])]
21:13:18:INFO:OPTIMIZER:constr_violation:0.0
21:13:18:INFO:OPTIMIZER:maxcv:0.0
21:13:18:INFO:RESULT:A:
[[-0.09188121  0.13623591  0.          0.02294974]
 [ 0.06447771 -0.14738101  0.00008416  0.        ]
 [ 0.          0.0111451  -0.00008416  0.        ]
 [ 0.02740351  0.          0.         -0.02294974]]
21:13:18:INFO:RESULT:m_eq:
[  589.00039419   278.76201018 36917.45323713   703.30526185](38488.52090335206)
21:13:18:INFO:RESULT:x_vec:
[    0.06447771     0.0111451      0.02740351   589.00039419
   278.76201018 36917.45323713   703.30526185](38488.6239296713)
21:13:18:INFO:RESULT:time_scale:
[  4.57575677  23.88104515 532.24630808]
21:13:18:INFO:SAVE:message:saving bunch of data...
21:13:18:INFO:SAVE:message:saving optimizer data ...
