22:15:41:INFO:GENERAL:seed:1
22:15:41:INFO:GENERAL:rho:[0.0, 0.0, 0.0001]
22:15:41:INFO:GENERAL:bounds_z:[(1e-06, 0.3), (1e-06, 0.3), (1e-06, 0.3), (588.999411, 589.000589), (1e-06, 1800), (1e-06, 74200), (1e-06, 1100)]
22:15:46:INFO:OPTIMIZER:x:
[    0.04979916     0.00682877     0.01367169   589.00028458
   211.38391787 74186.3713175    509.3926745 ]
22:15:46:INFO:OPTIMIZER:fun:0.00018958881020034364
22:15:46:INFO:OPTIMIZER:nfev:26414
22:15:46:INFO:OPTIMIZER:nit:413
22:15:46:INFO:OPTIMIZER:message:Optimization terminated successfully.
22:15:46:INFO:OPTIMIZER:success:True
22:15:46:INFO:OPTIMIZER:constr:[array([0.])]
22:15:46:INFO:OPTIMIZER:constr_violation:0.0
22:15:46:INFO:OPTIMIZER:maxcv:0.0
22:15:46:INFO:RESULT:A:
[[-0.06347085  0.13876043  0.          0.01580829]
 [ 0.04979916 -0.14558919  0.00001946  0.        ]
 [ 0.          0.00682877 -0.00001946  0.        ]
 [ 0.01367169  0.          0.         -0.01580829]]
22:15:46:INFO:RESULT:m_eq:
[  589.00028458   211.38391787 74186.3713175    509.3926745 ](75496.14819446162)
22:15:46:INFO:RESULT:x_vec:
[    0.04979916     0.00682877     0.01367169   589.00028458
   211.38391787 74186.3713175    509.3926745 ](75496.21849408105)
22:15:46:INFO:RESULT:time_scale:
[  5.06129402  38.08762786 948.21009543]
22:15:46:INFO:SAVE:message:saving bunch of data...
22:15:46:INFO:SAVE:message:saving optimizer data ...
