22:03:49:INFO:GENERAL:seed:1
22:03:49:INFO:GENERAL:rho:[0.01, 0.01, 0.01]
22:03:49:INFO:GENERAL:bounds_z:[(1e-06, 0.3), (1e-06, 0.3), (588.999411, 589.000589), (1e-06, 1800), (1e-06, 74200)]
22:03:50:INFO:OPTIMIZER:x:
[    0.0694481      0.00459484   588.99993656   900.00037674
 37100.00070149]
22:03:50:INFO:OPTIMIZER:fun:0.001198463289585934
22:03:50:INFO:OPTIMIZER:nfev:9717
22:03:50:INFO:OPTIMIZER:nit:150
22:03:50:INFO:OPTIMIZER:message:Optimization terminated successfully.
22:03:50:INFO:OPTIMIZER:success:True
22:03:50:INFO:OPTIMIZER:constr:[array([0.])]
22:03:50:INFO:OPTIMIZER:constr_violation:0.0
22:03:50:INFO:OPTIMIZER:maxcv:0.0
22:03:50:INFO:RESULT:A:
[[-0.0694481   0.0454499   0.        ]
 [ 0.0694481  -0.05004474  0.00011147]
 [ 0.          0.00459484 -0.00011147]]
22:03:50:INFO:RESULT:m_eq:
[  588.99993656   900.00037674 37100.00070149](38589.00101479973)
22:03:50:INFO:RESULT:x_vec:
[    0.0694481      0.00459484   588.99993656   900.00037674
 37100.00070149](38589.07505773885)
22:03:50:INFO:RESULT:time_scale:
[  8.56445405 351.78713076]
22:03:50:INFO:SAVE:message:saving bunch of data...
22:03:50:INFO:SAVE:message:saving optimizer data ...
