22:04:44:INFO:GENERAL:seed:1
22:04:44:INFO:GENERAL:rho:[0.01, 0.1, 0.1]
22:04:44:INFO:GENERAL:bounds_z:[(1e-06, 0.3), (1e-06, 0.3), (1e-06, 0.3), (588.999411, 589.000589), (1e-06, 1800), (1e-06, 74200), (1e-06, 1100)]
22:04:51:INFO:OPTIMIZER:x:
[    0.02309444     0.0020596      0.02667762   589.0000037
   899.99998402 37100.00011896   549.99998779]
22:04:51:INFO:OPTIMIZER:fun:0.0019400528055833041
22:04:51:INFO:OPTIMIZER:nfev:34942
22:04:51:INFO:OPTIMIZER:nit:546
22:04:51:INFO:OPTIMIZER:message:Optimization terminated successfully.
22:04:51:INFO:OPTIMIZER:success:True
22:04:51:INFO:OPTIMIZER:constr:[array([0.])]
22:04:51:INFO:OPTIMIZER:constr_violation:0.0
22:04:51:INFO:OPTIMIZER:maxcv:0.0
22:04:51:INFO:RESULT:A:
[[-0.04977207  0.01511403  0.          0.02856931]
 [ 0.02309444 -0.01717363  0.00004996  0.        ]
 [ 0.          0.0020596  -0.00004996  0.        ]
 [ 0.02667762  0.          0.         -0.02856931]]
22:04:51:INFO:RESULT:m_eq:
[  589.0000037    899.99998402 37100.00011896   549.99998779](39139.000094463765)
22:04:51:INFO:RESULT:x_vec:
[    0.02309444     0.0020596      0.02667762   589.0000037
   899.99998402 37100.00011896   549.99998779](39139.05192612935)
22:04:51:INFO:RESULT:time_scale:
[  13.67627755   46.43552979 1098.38877382]
22:04:51:INFO:SAVE:message:saving bunch of data...
22:04:51:INFO:SAVE:message:saving optimizer data ...
