21:20:51:INFO:GENERAL:seed:1
21:20:51:INFO:GENERAL:rho:[0.01, 0.1, 0.0]
21:20:51:INFO:GENERAL:bounds_z:[(1e-06, 0.3), (1e-06, 0.3), (1e-06, 0.3), (588.999411, 589.000589), (1e-06, 1800), (1e-06, 74200), (1e-06, 1100)]
21:20:54:INFO:OPTIMIZER:x:
[    0.00379359     0.01287271     0.03425497   589.00000983
   899.99999338 37100.00065458   550.00000403]
21:20:54:INFO:OPTIMIZER:fun:0.0011760239435527518
21:20:54:INFO:OPTIMIZER:nfev:14929
21:20:54:INFO:OPTIMIZER:nit:231
21:20:54:INFO:OPTIMIZER:message:Optimization terminated successfully.
21:20:54:INFO:OPTIMIZER:success:True
21:20:54:INFO:OPTIMIZER:constr:[array([0.])]
21:20:54:INFO:OPTIMIZER:constr_violation:0.0
21:20:54:INFO:OPTIMIZER:maxcv:0.0
21:20:54:INFO:RESULT:A:
[[-0.03804856  0.00248269  0.          0.03668395]
 [ 0.00379359 -0.0153554   0.00031228  0.        ]
 [ 0.          0.01287271 -0.00031228  0.        ]
 [ 0.03425497  0.          0.         -0.03668395]]
21:20:54:INFO:RESULT:m_eq:
[  589.00000983   899.99999338 37100.00065458   550.00000403](39139.00066181157)
21:20:54:INFO:RESULT:x_vec:
[    0.00379359     0.01287271     0.03425497   589.00000983
   899.99999338 37100.00065458   550.00000403](39139.05158307516)
21:20:54:INFO:RESULT:time_scale:
[ 13.71646911  63.04869238 611.85594842]
21:20:54:INFO:SAVE:message:saving bunch of data...
21:20:54:INFO:SAVE:message:saving optimizer data ...
