22:08:43:INFO:GENERAL:seed:1
22:08:43:INFO:GENERAL:rho:[0.0001, 0.0001, 0.1]
22:08:43:INFO:GENERAL:bounds_z:[(1e-06, 0.3), (1e-06, 0.3), (1e-06, 0.3), (588.999411, 589.000589), (1e-06, 1800), (1e-06, 74200), (1e-06, 1100)]
22:09:17:INFO:OPTIMIZER:x:
[  0.04520439   0.05898888   0.02549027 588.99943053 112.16086632
 881.10632126 243.7371537 ]
22:09:17:INFO:OPTIMIZER:fun:0.00016120264925746582
22:09:17:INFO:OPTIMIZER:nfev:188275
22:09:17:INFO:OPTIMIZER:nit:2928
22:09:17:INFO:OPTIMIZER:message:Optimization terminated successfully.
22:09:17:INFO:OPTIMIZER:success:True
22:09:17:INFO:OPTIMIZER:constr:[array([0.])]
22:09:17:INFO:OPTIMIZER:constr_violation:0.0
22:09:17:INFO:OPTIMIZER:maxcv:0.0
22:09:17:INFO:RESULT:A:
[[-0.07069466  0.23738547  0.          0.06159813]
 [ 0.04520439 -0.29637436  0.00750902  0.        ]
 [ 0.          0.05898888 -0.00750902  0.        ]
 [ 0.02549027  0.          0.         -0.06159813]]
22:09:17:INFO:RESULT:m_eq:
[588.99943053 112.16086632 881.10632126 243.7371537 ](1826.0037718089866)
22:09:17:INFO:RESULT:x_vec:
[  0.04520439   0.05898888   0.02549027 588.99943053 112.16086632
 881.10632126 243.7371537 ](1826.133455352242)
22:09:17:INFO:RESULT:time_scale:
[ 2.95309215 11.64997892 85.38983187]
22:09:17:INFO:SAVE:message:saving bunch of data...
22:09:17:INFO:SAVE:message:saving optimizer data ...
