22:22:45:INFO:GENERAL:seed:1
22:22:45:INFO:GENERAL:rho:[0.01, 0.1, 0.01]
22:22:45:INFO:GENERAL:bounds_z:[(1e-06, 0.3), (1e-06, 0.3), (1e-06, 0.3), (588.999411, 589.000589), (1e-06, 1800), (1e-06, 74200), (1e-06, 1100)]
22:22:49:INFO:OPTIMIZER:x:
[    0.02308945     0.00205949     0.02667065   589.00000047
   899.99993923 37100.0008619    550.00001167]
22:22:49:INFO:OPTIMIZER:fun:0.0019400536165164388
22:22:49:INFO:OPTIMIZER:nfev:21492
22:22:49:INFO:OPTIMIZER:nit:335
22:22:49:INFO:OPTIMIZER:message:Optimization terminated successfully.
22:22:49:INFO:OPTIMIZER:success:True
22:22:49:INFO:OPTIMIZER:constr:[array([0.])]
22:22:49:INFO:OPTIMIZER:constr_violation:0.0
22:22:49:INFO:OPTIMIZER:maxcv:0.0
22:22:49:INFO:RESULT:A:
[[-0.0497601   0.01511076  0.          0.02856184]
 [ 0.02308945 -0.01717026  0.00004996  0.        ]
 [ 0.          0.00205949 -0.00004996  0.        ]
 [ 0.02667065  0.          0.         -0.02856184]]
22:22:49:INFO:RESULT:m_eq:
[  589.00000047   899.99993923 37100.0008619    550.00001167](39139.00081326288)
22:22:49:INFO:RESULT:x_vec:
[    0.02308945     0.00205949     0.02667065   589.00000047
   899.99993923 37100.0008619    550.00001167](39139.05263285592)
22:22:49:INFO:RESULT:time_scale:
[  13.67963772   46.4458814  1098.4542143 ]
22:22:49:INFO:SAVE:message:saving bunch of data...
22:22:49:INFO:SAVE:message:saving optimizer data ...
