22:21:17:INFO:GENERAL:seed:1
22:21:17:INFO:GENERAL:rho:[0.01, 0.0001, 0.0001]
22:21:17:INFO:GENERAL:bounds_z:[(1e-06, 0.3), (1e-06, 0.3), (588.999411, 589.000589), (1e-06, 1800), (1e-06, 74200)]
22:21:19:INFO:OPTIMIZER:x:
[   0.07694264    0.01093739  589.00015653  752.28749352 1288.65558917]
22:21:19:INFO:OPTIMIZER:fun:0.0008418233496677135
22:21:19:INFO:OPTIMIZER:nfev:13662
22:21:19:INFO:OPTIMIZER:nit:212
22:21:19:INFO:OPTIMIZER:message:Optimization terminated successfully.
22:21:19:INFO:OPTIMIZER:success:True
22:21:19:INFO:OPTIMIZER:constr:[array([0.])]
22:21:19:INFO:OPTIMIZER:constr_violation:0.0
22:21:19:INFO:OPTIMIZER:maxcv:0.0
22:21:19:INFO:RESULT:A:
[[-0.07694264  0.0602419   0.        ]
 [ 0.07694264 -0.07117929  0.006385  ]
 [ 0.          0.01093739 -0.006385  ]]
22:21:19:INFO:RESULT:m_eq:
[ 589.00015653  752.28749352 1288.65558917](2629.943239230637)
22:21:19:INFO:RESULT:x_vec:
[   0.07694264    0.01093739  589.00015653  752.28749352 1288.65558917](2630.0311192626764)
22:21:19:INFO:RESULT:time_scale:
[ 7.01999364 82.94172408]
22:21:19:INFO:SAVE:message:saving bunch of data...
22:21:19:INFO:SAVE:message:saving optimizer data ...
