22:03:02:INFO:GENERAL:seed:1
22:03:02:INFO:GENERAL:rho:[0.0001, 0.0, 0.0001]
22:03:02:INFO:GENERAL:bounds_z:[(1e-06, 0.3), (1e-06, 0.3), (588.999411, 589.000589), (1e-06, 1800), (1e-06, 74200)]
22:03:04:INFO:OPTIMIZER:x:
[   0.08076248    0.01247113  589.00029176  714.55129556 1272.58515852]
22:03:04:INFO:OPTIMIZER:fun:0.0002793519283596144
22:03:04:INFO:OPTIMIZER:nfev:14435
22:03:04:INFO:OPTIMIZER:nit:226
22:03:04:INFO:OPTIMIZER:message:Optimization terminated successfully.
22:03:04:INFO:OPTIMIZER:success:True
22:03:04:INFO:OPTIMIZER:constr:[array([0.])]
22:03:04:INFO:OPTIMIZER:constr_violation:0.0
22:03:04:INFO:OPTIMIZER:maxcv:0.0
22:03:04:INFO:RESULT:A:
[[-0.08076248  0.06657202  0.        ]
 [ 0.08076248 -0.07904315  0.00700249]
 [ 0.          0.01247113 -0.00700249]]
22:03:04:INFO:RESULT:m_eq:
[ 589.00029176  714.55129556 1272.58515852](2576.136745843222)
22:03:04:INFO:RESULT:x_vec:
[   0.08076248    0.01247113  589.00029176  714.55129556 1272.58515852](2576.22997945638)
22:03:04:INFO:RESULT:time_scale:
[ 6.51348088 75.29902181]
22:03:04:INFO:SAVE:message:saving bunch of data...
22:03:04:INFO:SAVE:message:saving optimizer data ...
