22:17:25:INFO:GENERAL:seed:1
22:17:25:INFO:GENERAL:rho:[0.0001, 0.0001, 0.01]
22:17:25:INFO:GENERAL:bounds_z:[(1e-06, 0.3), (1e-06, 0.3), (588.999411, 589.000589), (1e-06, 1800), (1e-06, 74200)]
22:17:28:INFO:OPTIMIZER:x:
[  0.0572126    0.01645962 589.0005825  402.55756999 786.92600915]
22:17:28:INFO:OPTIMIZER:fun:0.0002621534724437904
22:17:28:INFO:OPTIMIZER:nfev:16153
22:17:28:INFO:OPTIMIZER:nit:251
22:17:28:INFO:OPTIMIZER:message:Optimization terminated successfully.
22:17:28:INFO:OPTIMIZER:success:True
22:17:28:INFO:OPTIMIZER:constr:[array([0.])]
22:17:28:INFO:OPTIMIZER:constr_violation:0.0
22:17:28:INFO:OPTIMIZER:maxcv:0.0
22:17:28:INFO:RESULT:A:
[[-0.0572126   0.0837104   0.        ]
 [ 0.0572126  -0.10017002  0.00842003]
 [ 0.          0.01645962 -0.00842003]]
22:17:28:INFO:RESULT:m_eq:
[589.0005825  402.55756999 786.92600915](1778.4841616338772)
22:17:28:INFO:RESULT:x_vec:
[  0.0572126    0.01645962 589.0005825  402.55756999 786.92600915](1778.5578338525236)
22:17:28:INFO:RESULT:time_scale:
[ 6.58845663 71.3163009 ]
22:17:28:INFO:SAVE:message:saving bunch of data...
22:17:28:INFO:SAVE:message:saving optimizer data ...
