21:22:01:INFO:GENERAL:seed:1
21:22:01:INFO:GENERAL:rho:[0.0, 0.01, 0.001]
21:22:01:INFO:GENERAL:bounds_z:[(1e-06, 0.3), (1e-06, 0.3), (1e-06, 0.3), (588.999411, 589.000589), (1e-06, 1800), (1e-06, 74200), (1e-06, 1100)]
21:22:04:INFO:OPTIMIZER:x:
[    0.00347914     0.0855984      0.03560656   589.00019669
   899.99989138 37100.01189326   549.99946716]
21:22:04:INFO:OPTIMIZER:fun:0.0017735921491184472
21:22:04:INFO:OPTIMIZER:nfev:13167
21:22:04:INFO:OPTIMIZER:nit:203
21:22:04:INFO:OPTIMIZER:message:Optimization terminated successfully.
21:22:04:INFO:OPTIMIZER:success:True
21:22:04:INFO:OPTIMIZER:constr:[array([0.])]
21:22:04:INFO:OPTIMIZER:constr_violation:0.0
21:22:04:INFO:OPTIMIZER:maxcv:0.0
21:22:04:INFO:RESULT:A:
[[-0.0390857   0.00227691  0.          0.03813144]
 [ 0.00347914 -0.08787531  0.00207651  0.        ]
 [ 0.          0.0855984  -0.00207651  0.        ]
 [ 0.03560656  0.          0.         -0.03813144]]
21:22:04:INFO:RESULT:m_eq:
[  589.00019669   899.99989138 37100.01189326   549.99946716](39139.01144848755)
21:22:04:INFO:RESULT:x_vec:
[    0.00347914     0.0855984      0.03560656   589.00019669
   899.99989138 37100.01189326   549.99946716](39139.13613258975)
21:22:04:INFO:RESULT:time_scale:
[ 11.08544842  13.29885036 566.2074157 ]
21:22:04:INFO:SAVE:message:saving bunch of data...
21:22:04:INFO:SAVE:message:saving optimizer data ...
