22:23:55:INFO:GENERAL:seed:1
22:23:55:INFO:GENERAL:rho:[0.0, 0.1, 0.1]
22:23:55:INFO:GENERAL:bounds_z:[(1e-06, 0.3), (1e-06, 0.3), (1e-06, 0.3), (588.999411, 589.000589), (1e-06, 1800), (1e-06, 74200), (1e-06, 1100)]
22:24:01:INFO:OPTIMIZER:x:
[    0.02351224     0.00204249     0.02726312   589.00001636
   900.00000602 37099.99943257   550.00001181]
22:24:01:INFO:OPTIMIZER:fun:0.0016988387708132713
22:24:01:INFO:OPTIMIZER:nfev:35959
22:24:01:INFO:OPTIMIZER:nit:558
22:24:01:INFO:OPTIMIZER:message:Optimization terminated successfully.
22:24:01:INFO:OPTIMIZER:success:True
22:24:01:INFO:OPTIMIZER:constr:[array([0.])]
22:24:01:INFO:OPTIMIZER:constr_violation:0.0
22:24:01:INFO:OPTIMIZER:maxcv:0.0
22:24:01:INFO:RESULT:A:
[[-0.05077536  0.01538745  0.          0.02919632]
 [ 0.02351224 -0.01742994  0.00004955  0.        ]
 [ 0.          0.00204249 -0.00004955  0.        ]
 [ 0.02726312  0.          0.         -0.02919632]]
22:24:01:INFO:RESULT:m_eq:
[  589.00001636   900.00000602 37099.99943257   550.00001181](39138.99946676351)
22:24:01:INFO:RESULT:x_vec:
[    0.02351224     0.00204249     0.02726312   589.00001636
   900.00000602 37099.99943257   550.00001181](39139.05228461396)
22:24:01:INFO:RESULT:time_scale:
[  13.40060902   45.61300079 1106.03530821]
22:24:01:INFO:SAVE:message:saving bunch of data...
22:24:01:INFO:SAVE:message:saving optimizer data ...
