22:16:40:INFO:GENERAL:seed:1
22:16:40:INFO:GENERAL:rho:[0.1, 0.0001, 0.001]
22:16:40:INFO:GENERAL:bounds_z:[(1e-06, 0.3), (1e-06, 0.3), (1e-06, 0.3), (588.999411, 589.000589), (1e-06, 1800), (1e-06, 74200), (1e-06, 1100)]
22:16:44:INFO:OPTIMIZER:x:
[    0.0132292      0.00287        0.01527326   589.0002334
   549.71534983 38341.76875014   319.16313278]
22:16:44:INFO:OPTIMIZER:fun:0.0033287305101339757
22:16:44:INFO:OPTIMIZER:nfev:21674
22:16:44:INFO:OPTIMIZER:nit:337
22:16:44:INFO:OPTIMIZER:message:Optimization terminated successfully.
22:16:44:INFO:OPTIMIZER:success:True
22:16:44:INFO:OPTIMIZER:constr:[array([0.])]
22:16:44:INFO:OPTIMIZER:constr_violation:0.0
22:16:44:INFO:OPTIMIZER:maxcv:0.0
22:16:44:INFO:RESULT:A:
[[-0.02850246  0.01417461  0.          0.02818606]
 [ 0.0132292  -0.01704461  0.00004115  0.        ]
 [ 0.          0.00287    -0.00004115  0.        ]
 [ 0.01527326  0.          0.         -0.02818606]]
22:16:44:INFO:RESULT:m_eq:
[  589.0002334    549.71534983 38341.76875014   319.16313278](39799.647466143186)
22:16:44:INFO:RESULT:x_vec:
[    0.0132292      0.00287        0.01527326   589.0002334
   549.71534983 38341.76875014   319.16313278](39799.67883859975)
22:16:44:INFO:RESULT:time_scale:
[ 19.24146703  48.13640345 971.9212263 ]
22:16:44:INFO:SAVE:message:saving bunch of data...
22:16:44:INFO:SAVE:message:saving optimizer data ...
