22:07:37:INFO:GENERAL:seed:1
22:07:37:INFO:GENERAL:rho:[0.0, 0.0001, 0.0]
22:07:37:INFO:GENERAL:bounds_z:[(1e-06, 0.3), (1e-06, 0.3), (1e-06, 0.3), (588.999411, 589.000589), (1e-06, 1800), (1e-06, 74200), (1e-06, 1100)]
22:07:42:INFO:OPTIMIZER:x:
[    0.04919488     0.00569938     0.012503     589.00026044
   230.55223663 36961.43494175   525.68817611]
22:07:42:INFO:OPTIMIZER:fun:0.00015787477219735826
22:07:42:INFO:OPTIMIZER:nfev:24331
22:07:42:INFO:OPTIMIZER:nit:378
22:07:42:INFO:OPTIMIZER:message:Optimization terminated successfully.
22:07:42:INFO:OPTIMIZER:success:True
22:07:42:INFO:OPTIMIZER:constr:[array([0.])]
22:07:42:INFO:OPTIMIZER:constr_violation:0.0
22:07:42:INFO:OPTIMIZER:maxcv:0.0
22:07:42:INFO:RESULT:A:
[[-0.06169788  0.12567998  0.          0.01400882]
 [ 0.04919488 -0.13137936  0.00003555  0.        ]
 [ 0.          0.00569938 -0.00003555  0.        ]
 [ 0.012503    0.          0.         -0.01400882]]
22:07:42:INFO:RESULT:m_eq:
[  589.00026044   230.55223663 36961.43494175   525.68817611](38306.675614935746)
22:07:42:INFO:RESULT:x_vec:
[    0.04919488     0.00569938     0.012503     589.00026044
   230.55223663 36961.43494175   525.68817611](38306.74301219787)
22:07:42:INFO:RESULT:time_scale:
[   5.46886584   42.89374872 1047.21095692]
22:07:42:INFO:SAVE:message:saving bunch of data...
22:07:42:INFO:SAVE:message:saving optimizer data ...
