21:22:42:INFO:GENERAL:seed:1
21:22:42:INFO:GENERAL:rho:[0.01, 0.1, 0.01]
21:22:42:INFO:GENERAL:bounds_z:[(1e-06, 0.3), (1e-06, 0.3), (588.999411, 589.000589), (1e-06, 1800), (1e-06, 74200)]
21:22:44:INFO:OPTIMIZER:x:
[    0.02821961     0.00103517   589.00000266   900.00000827
 37099.999778  ]
21:22:44:INFO:OPTIMIZER:fun:0.0019216240109646344
21:22:44:INFO:OPTIMIZER:nfev:9224
21:22:44:INFO:OPTIMIZER:nit:144
21:22:44:INFO:OPTIMIZER:message:Optimization terminated successfully.
21:22:44:INFO:OPTIMIZER:success:True
21:22:44:INFO:OPTIMIZER:constr:[array([0.])]
21:22:44:INFO:OPTIMIZER:constr_violation:0.0
21:22:44:INFO:OPTIMIZER:maxcv:0.0
21:22:44:INFO:RESULT:A:
[[-0.02821961  0.01846817  0.        ]
 [ 0.02821961 -0.01950333  0.00002511]
 [ 0.          0.00103517 -0.00002511]]
21:22:44:INFO:RESULT:m_eq:
[  589.00000266   900.00000827 37099.999778  ](38588.999788931964)
21:22:44:INFO:RESULT:x_vec:
[    0.02821961     0.00103517   589.00000266   900.00000827
 37099.999778  ](38589.02904370757)
21:22:44:INFO:RESULT:time_scale:
[  21.23007552 1550.23294237]
21:22:44:INFO:SAVE:message:saving bunch of data...
21:22:44:INFO:SAVE:message:saving optimizer data ...
