22:03:51:INFO:GENERAL:seed:1
22:03:51:INFO:GENERAL:rho:[0.1, 0.0001, 0.01]
22:03:51:INFO:GENERAL:bounds_z:[(1e-06, 0.3), (1e-06, 0.3), (1e-06, 0.3), (588.999411, 589.000589), (1e-06, 1800), (1e-06, 74200), (1e-06, 1100)]
22:03:57:INFO:OPTIMIZER:x:
[    0.0214504      0.00340918     0.02507874   588.99951828
   831.96459989 37588.43324919   495.93192626]
22:03:57:INFO:OPTIMIZER:fun:0.003897412945569111
22:03:57:INFO:OPTIMIZER:nfev:28745
22:03:57:INFO:OPTIMIZER:nit:447
22:03:57:INFO:OPTIMIZER:message:Optimization terminated successfully.
22:03:57:INFO:OPTIMIZER:success:True
22:03:57:INFO:OPTIMIZER:constr:[array([0.])]
22:03:57:INFO:OPTIMIZER:constr_violation:0.0
22:03:57:INFO:OPTIMIZER:maxcv:0.0
22:03:57:INFO:RESULT:A:
[[-0.04652914  0.01518608  0.          0.02978506]
 [ 0.0214504  -0.01859526  0.00007546  0.        ]
 [ 0.          0.00340918 -0.00007546  0.        ]
 [ 0.02507874  0.          0.         -0.02978506]]
22:03:57:INFO:RESULT:m_eq:
[  588.99951828   831.96459989 37588.43324919   495.93192626](39505.3292936187)
22:03:57:INFO:RESULT:x_vec:
[    0.0214504      0.00340918     0.02507874   588.99951828
   831.96459989 37588.43324919   495.93192626](39505.37923194282)
22:03:57:INFO:RESULT:time_scale:
[ 14.10114321  44.16364348 701.44697981]
22:03:57:INFO:SAVE:message:saving bunch of data...
22:03:57:INFO:SAVE:message:saving optimizer data ...
