22:21:52:INFO:GENERAL:seed:1
22:21:52:INFO:GENERAL:rho:[0.001, 0.1, 0.001]
22:21:52:INFO:GENERAL:bounds_z:[(1e-06, 0.3), (1e-06, 0.3), (588.999411, 589.000589), (1e-06, 1800), (1e-06, 74200)]
22:21:53:INFO:OPTIMIZER:x:
[    0.07096645     0.00458081   588.99999844   899.9999983
 37100.00002177]
22:21:53:INFO:OPTIMIZER:fun:0.0008359458895250893
22:21:53:INFO:OPTIMIZER:nfev:9924
22:21:53:INFO:OPTIMIZER:nit:155
22:21:53:INFO:OPTIMIZER:message:Optimization terminated successfully.
22:21:53:INFO:OPTIMIZER:success:True
22:21:53:INFO:OPTIMIZER:constr:[array([0.])]
22:21:53:INFO:OPTIMIZER:constr_violation:0.0
22:21:53:INFO:OPTIMIZER:maxcv:0.0
22:21:53:INFO:RESULT:A:
[[-0.07096645  0.0464436   0.        ]
 [ 0.07096645 -0.05102441  0.00011112]
 [ 0.          0.00458081 -0.00011112]]
22:21:53:INFO:RESULT:m_eq:
[  588.99999844   899.9999983  37100.00002177](38589.00001850672)
22:21:53:INFO:RESULT:x_vec:
[    0.07096645     0.00458081   588.99999844   899.9999983
 37100.00002177](38589.07556576923)
22:21:53:INFO:RESULT:time_scale:
[  8.38455562 352.72369081]
22:21:53:INFO:SAVE:message:saving bunch of data...
22:21:53:INFO:SAVE:message:saving optimizer data ...
