21:13:57:INFO:GENERAL:seed:1
21:13:57:INFO:GENERAL:rho:[0.0, 0.0, 0.1]
21:13:57:INFO:GENERAL:bounds_z:[(1e-06, 0.3), (1e-06, 0.3), (1e-06, 0.3), (588.999411, 589.000589), (1e-06, 1800), (1e-06, 74200), (1e-06, 1100)]
21:14:33:INFO:OPTIMIZER:x:
[   0.06032327    0.03461138    0.03408476  589.00057529  229.24480848
 1490.01494488  453.893002  ]
21:14:33:INFO:OPTIMIZER:fun:0.00012516138443735501
21:14:33:INFO:OPTIMIZER:nfev:186609
21:14:33:INFO:OPTIMIZER:nit:2890
21:14:33:INFO:OPTIMIZER:message:Optimization terminated successfully.
21:14:33:INFO:OPTIMIZER:success:True
21:14:33:INFO:OPTIMIZER:constr:[array([0.])]
21:14:33:INFO:OPTIMIZER:constr_violation:0.0
21:14:33:INFO:OPTIMIZER:maxcv:0.0
21:14:33:INFO:RESULT:A:
[[-0.09440803  0.15498906  0.          0.04423056]
 [ 0.06032327 -0.18960045  0.0053251   0.        ]
 [ 0.          0.03461138 -0.0053251   0.        ]
 [ 0.03408476  0.          0.         -0.04423056]]
21:14:33:INFO:RESULT:m_eq:
[ 589.00057529  229.24480848 1490.01494488  453.893002  ](2762.1533306446927)
21:14:33:INFO:RESULT:x_vec:
[   0.06032327    0.03461138    0.03408476  589.00057529  229.24480848
 1490.01494488  453.893002  ](2762.2823500550367)
21:14:33:INFO:RESULT:time_scale:
[  3.9623385   13.94086825 105.74872807]
21:14:33:INFO:SAVE:message:saving bunch of data...
21:14:33:INFO:SAVE:message:saving optimizer data ...
