21:20:55:INFO:GENERAL:seed:1
21:20:55:INFO:GENERAL:rho:[0.01, 0.01, 0.0]
21:20:55:INFO:GENERAL:bounds_z:[(1e-06, 0.3), (1e-06, 0.3), (588.999411, 589.000589), (1e-06, 1800), (1e-06, 74200)]
21:20:57:INFO:OPTIMIZER:x:
[    0.02822258     0.00103551   589.00057833   899.99823118
 37099.98078626]
21:20:57:INFO:OPTIMIZER:fun:0.0019216220075707635
21:20:57:INFO:OPTIMIZER:nfev:11188
21:20:57:INFO:OPTIMIZER:nit:174
21:20:57:INFO:OPTIMIZER:message:Optimization terminated successfully.
21:20:57:INFO:OPTIMIZER:success:True
21:20:57:INFO:OPTIMIZER:constr:[array([0.])]
21:20:57:INFO:OPTIMIZER:constr_violation:0.0
21:20:57:INFO:OPTIMIZER:maxcv:0.0
21:20:57:INFO:RESULT:A:
[[-0.02822258  0.01847017  0.        ]
 [ 0.02822258 -0.01950568  0.00002512]
 [ 0.          0.00103551 -0.00002512]]
21:20:57:INFO:RESULT:m_eq:
[  589.00057833   899.99823118 37099.98078626](38588.97959576382)
21:20:57:INFO:RESULT:x_vec:
[    0.02822258     0.00103551   589.00057833   899.99823118
 37099.98078626](38589.00885385663)
21:20:57:INFO:RESULT:time_scale:
[  21.2277692 1549.727693 ]
21:20:57:INFO:SAVE:message:saving bunch of data...
21:20:57:INFO:SAVE:message:saving optimizer data ...
