22:08:34:INFO:GENERAL:seed:1
22:08:34:INFO:GENERAL:rho:[0.0, 0.0, 0.1]
22:08:34:INFO:GENERAL:bounds_z:[(1e-06, 0.3), (1e-06, 0.3), (588.999411, 589.000589), (1e-06, 1800), (1e-06, 74200)]
22:08:37:INFO:OPTIMIZER:x:
[  0.05729171   0.01650977 589.00024732 401.96740263 787.08076628]
22:08:37:INFO:OPTIMIZER:fun:0.00021914651505134156
22:08:37:INFO:OPTIMIZER:nfev:16227
22:08:37:INFO:OPTIMIZER:nit:252
22:08:37:INFO:OPTIMIZER:message:Optimization terminated successfully.
22:08:37:INFO:OPTIMIZER:success:True
22:08:37:INFO:OPTIMIZER:constr:[array([0.])]
22:08:37:INFO:OPTIMIZER:constr_violation:0.0
22:08:37:INFO:OPTIMIZER:maxcv:0.0
22:08:37:INFO:RESULT:A:
[[-0.05729171  0.08394917  0.        ]
 [ 0.05729171 -0.10045894  0.00843165]
 [ 0.          0.01650977 -0.00843165]]
22:08:37:INFO:RESULT:m_eq:
[589.00024732 401.96740263 787.08076628](1778.048416231812)
22:08:37:INFO:RESULT:x_vec:
[  0.05729171   0.01650977 589.00024732 401.96740263 787.08076628](1778.1222177104964)
22:08:37:INFO:RESULT:time_scale:
[ 6.57300967 71.19977023]
22:08:37:INFO:SAVE:message:saving bunch of data...
22:08:37:INFO:SAVE:message:saving optimizer data ...
