22:20:58:INFO:GENERAL:seed:1
22:20:58:INFO:GENERAL:rho:[0.001, 0.001, 0.0]
22:20:58:INFO:GENERAL:bounds_z:[(1e-06, 0.3), (1e-06, 0.3), (588.999411, 589.000589), (1e-06, 1800), (1e-06, 74200)]
22:20:59:INFO:OPTIMIZER:x:
[    0.06829782     0.00421255   588.99941874   939.32225079
 37052.10037509]
22:20:59:INFO:OPTIMIZER:fun:0.0008123978500658627
22:20:59:INFO:OPTIMIZER:nfev:8785
22:20:59:INFO:OPTIMIZER:nit:136
22:20:59:INFO:OPTIMIZER:message:Optimization terminated successfully.
22:20:59:INFO:OPTIMIZER:success:True
22:20:59:INFO:OPTIMIZER:constr:[array([0.])]
22:20:59:INFO:OPTIMIZER:constr_violation:0.0
22:20:59:INFO:OPTIMIZER:maxcv:0.0
22:20:59:INFO:RESULT:A:
[[-0.06829782  0.04282596  0.        ]
 [ 0.06829782 -0.04703851  0.00010679]
 [ 0.          0.00421255 -0.00010679]]
22:20:59:INFO:RESULT:m_eq:
[  588.99941874   939.32225079 37052.10037509](38580.42204461438)
22:20:59:INFO:RESULT:x_vec:
[    0.06829782     0.00421255   588.99941874   939.32225079
 37052.10037509](38580.49455498457)
22:20:59:INFO:RESULT:time_scale:
[  8.86626908 376.48996471]
22:20:59:INFO:SAVE:message:saving bunch of data...
22:20:59:INFO:SAVE:message:saving optimizer data ...
