21:13:30:INFO:GENERAL:seed:1
21:13:30:INFO:GENERAL:rho:[0.1, 0.1, 0.001]
21:13:30:INFO:GENERAL:bounds_z:[(1e-06, 0.3), (1e-06, 0.3), (1e-06, 0.3), (588.999411, 589.000589), (1e-06, 1800), (1e-06, 74200), (1e-06, 1100)]
21:13:33:INFO:OPTIMIZER:x:
[    0.02022973     0.00216849     0.02280468   588.99999363
   899.99994886 37100.00007018   550.00001923]
21:13:33:INFO:OPTIMIZER:fun:0.003937658867306915
21:13:33:INFO:OPTIMIZER:nfev:15331
21:13:33:INFO:OPTIMIZER:nit:236
21:13:33:INFO:OPTIMIZER:message:Optimization terminated successfully.
21:13:33:INFO:OPTIMIZER:success:True
21:13:33:INFO:OPTIMIZER:constr:[array([0.])]
21:13:33:INFO:OPTIMIZER:constr_violation:0.0
21:13:33:INFO:OPTIMIZER:maxcv:0.0
21:13:33:INFO:RESULT:A:
[[-0.04303441  0.01323924  0.          0.02442173]
 [ 0.02022973 -0.01540773  0.0000526   0.        ]
 [ 0.          0.00216849 -0.0000526   0.        ]
 [ 0.02280468  0.          0.         -0.02442173]]
21:13:33:INFO:RESULT:m_eq:
[  588.99999363   899.99994886 37100.00007018   550.00001923](39139.000031895346)
21:13:33:INFO:RESULT:x_vec:
[    0.02022973     0.00216849     0.02280468   588.99999363
   899.99994886 37100.00007018   550.00001923](39139.04523479702)
21:13:33:INFO:RESULT:time_scale:
[  15.85639665   52.90345763 1054.75299118]
21:13:33:INFO:SAVE:message:saving bunch of data...
21:13:33:INFO:SAVE:message:saving optimizer data ...
