22:07:55:INFO:GENERAL:seed:1
22:07:55:INFO:GENERAL:rho:[0.01, 0.0, 0.01]
22:07:55:INFO:GENERAL:bounds_z:[(1e-06, 0.3), (1e-06, 0.3), (1e-06, 0.3), (588.999411, 589.000589), (1e-06, 1800), (1e-06, 74200), (1e-06, 1100)]
22:08:04:INFO:OPTIMIZER:x:
[  0.01638479   0.00471444   0.04275272 588.99988336 622.44345718
 613.82738181 195.38472293]
22:08:04:INFO:OPTIMIZER:fun:0.0006742941949842062
22:08:04:INFO:OPTIMIZER:nfev:50094
22:08:04:INFO:OPTIMIZER:nit:775
22:08:04:INFO:OPTIMIZER:message:Optimization terminated successfully.
22:08:04:INFO:OPTIMIZER:success:True
22:08:04:INFO:OPTIMIZER:constr:[array([0.])]
22:08:04:INFO:OPTIMIZER:constr_violation:0.0
22:08:04:INFO:OPTIMIZER:maxcv:0.0
22:08:04:INFO:RESULT:A:
[[-0.05913751  0.01550444  0.          0.12888084]
 [ 0.01638479 -0.02021888  0.00478062  0.        ]
 [ 0.          0.00471444 -0.00478062  0.        ]
 [ 0.04275272  0.          0.         -0.12888084]]
22:08:04:INFO:RESULT:m_eq:
[588.99988336 622.44345718 613.82738181 195.38472293](2020.6554452793862)
22:08:04:INFO:RESULT:x_vec:
[  0.01638479   0.00471444   0.04275272 588.99988336 622.44345718
 613.82738181 195.38472293](2020.719297228985)
22:08:04:INFO:RESULT:time_scale:
[  5.66596267  32.87141249 163.8334059 ]
22:08:04:INFO:SAVE:message:saving bunch of data...
22:08:04:INFO:SAVE:message:saving optimizer data ...
