21:21:23:INFO:GENERAL:seed:1
21:21:23:INFO:GENERAL:rho:[0.0001, 0.01, 0.0001]
21:21:23:INFO:GENERAL:bounds_z:[(1e-06, 0.3), (1e-06, 0.3), (1e-06, 0.3), (588.999411, 589.000589), (1e-06, 1800), (1e-06, 74200), (1e-06, 1100)]
21:21:25:INFO:OPTIMIZER:x:
[    0.00346871     0.0875955      0.03588881   589.00018082
   900.00010906 37100.00517152   549.99972619]
21:21:25:INFO:OPTIMIZER:fun:0.0010053684570598064
21:21:25:INFO:OPTIMIZER:nfev:12600
21:21:25:INFO:OPTIMIZER:nit:195
21:21:25:INFO:OPTIMIZER:message:Optimization terminated successfully.
21:21:25:INFO:OPTIMIZER:success:True
21:21:25:INFO:OPTIMIZER:constr:[array([0.])]
21:21:25:INFO:OPTIMIZER:constr_violation:0.0
21:21:25:INFO:OPTIMIZER:maxcv:0.0
21:21:25:INFO:RESULT:A:
[[-0.03935753  0.00227008  0.          0.03843369]
 [ 0.00346871 -0.08986558  0.00212496  0.        ]
 [ 0.          0.0875955  -0.00212496  0.        ]
 [ 0.03588881  0.          0.         -0.03843369]]
21:21:25:INFO:RESULT:m_eq:
[  589.00018082   900.00010906 37100.00517152   549.99972619](39139.0051875854)
21:21:25:INFO:RESULT:x_vec:
[    0.00346871     0.0875955      0.03588881   589.00018082
   900.00010906 37100.00517152   549.99972619](39139.13214060833)
21:21:25:INFO:RESULT:time_scale:
[ 10.84353402  13.19287772 567.40284586]
21:21:25:INFO:SAVE:message:saving bunch of data...
21:21:25:INFO:SAVE:message:saving optimizer data ...
