22:16:11:INFO:GENERAL:seed:1
22:16:11:INFO:GENERAL:rho:[0.0, 0.1, 0.0001]
22:16:11:INFO:GENERAL:bounds_z:[(1e-06, 0.3), (1e-06, 0.3), (1e-06, 0.3), (588.999411, 589.000589), (1e-06, 1800), (1e-06, 74200), (1e-06, 1100)]
22:16:14:INFO:OPTIMIZER:x:
[    0.00343629     0.15084007     0.03595164   589.0000005
   899.99998967 37100.000701     549.99999851]
22:16:14:INFO:OPTIMIZER:fun:0.0010006475931140378
22:16:14:INFO:OPTIMIZER:nfev:13531
22:16:14:INFO:OPTIMIZER:nit:210
22:16:14:INFO:OPTIMIZER:message:Optimization terminated successfully.
22:16:14:INFO:OPTIMIZER:success:True
22:16:14:INFO:OPTIMIZER:constr:[array([0.])]
22:16:14:INFO:OPTIMIZER:constr_violation:0.0
22:16:14:INFO:OPTIMIZER:maxcv:0.0
22:16:14:INFO:RESULT:A:
[[-0.03938794  0.00224886  0.          0.03850094]
 [ 0.00343629 -0.15308893  0.00365919  0.        ]
 [ 0.          0.15084007 -0.00365919  0.        ]
 [ 0.03595164  0.          0.         -0.03850094]]
22:16:14:INFO:RESULT:m_eq:
[  589.0000005    899.99998967 37100.000701     549.99999851](39139.00068967219)
22:16:14:INFO:RESULT:x_vec:
[    0.00343629     0.15084007     0.03595164   589.0000005
   899.99998967 37100.000701     549.99999851](39139.19091768144)
22:16:14:INFO:RESULT:time_scale:
[  6.37889124  13.13967883 566.70328393]
22:16:14:INFO:SAVE:message:saving bunch of data...
22:16:14:INFO:SAVE:message:saving optimizer data ...
