21:13:08:INFO:GENERAL:seed:1
21:13:08:INFO:GENERAL:rho:[0.0001, 0.1, 0.0001]
21:13:08:INFO:GENERAL:bounds_z:[(1e-06, 0.3), (1e-06, 0.3), (588.999411, 589.000589), (1e-06, 1800), (1e-06, 74200)]
21:13:10:INFO:OPTIMIZER:x:
[    0.0711367      0.00457918   589.00000006   899.99999092
 37100.00015037]
21:13:10:INFO:OPTIMIZER:fun:0.000799271937901738
21:13:10:INFO:OPTIMIZER:nfev:10009
21:13:10:INFO:OPTIMIZER:nit:156
21:13:10:INFO:OPTIMIZER:message:Optimization terminated successfully.
21:13:10:INFO:OPTIMIZER:success:True
21:13:10:INFO:OPTIMIZER:constr:[array([0.])]
21:13:10:INFO:OPTIMIZER:constr_violation:0.0
21:13:10:INFO:OPTIMIZER:maxcv:0.0
21:13:10:INFO:RESULT:A:
[[-0.0711367   0.04655502  0.        ]
 [ 0.0711367  -0.0511342   0.00011109]
 [ 0.          0.00457918 -0.00011109]]
21:13:10:INFO:RESULT:m_eq:
[  589.00000006   899.99999092 37100.00015037](38589.00014134044)
21:13:10:INFO:RESULT:x_vec:
[    0.0711367      0.00457918   589.00000006   899.99999092
 37100.00015037](38589.075857218035)
21:13:10:INFO:RESULT:time_scale:
[  8.36485549 352.83437577]
21:13:10:INFO:SAVE:message:saving bunch of data...
21:13:10:INFO:SAVE:message:saving optimizer data ...
