21:12:25:INFO:GENERAL:seed:1
21:12:25:INFO:GENERAL:rho:[0.001, 0.01, 0.0]
21:12:25:INFO:GENERAL:bounds_z:[(1e-06, 0.3), (1e-06, 0.3), (588.999411, 589.000589), (1e-06, 1800), (1e-06, 74200)]
21:12:26:INFO:OPTIMIZER:x:
[    0.07097447     0.00458081   589.00001409   900.00000802
 37099.99997627]
21:12:26:INFO:OPTIMIZER:fun:0.0008359457949423584
21:12:26:INFO:OPTIMIZER:nfev:9717
21:12:26:INFO:OPTIMIZER:nit:150
21:12:26:INFO:OPTIMIZER:message:Optimization terminated successfully.
21:12:26:INFO:OPTIMIZER:success:True
21:12:26:INFO:OPTIMIZER:constr:[array([0.])]
21:12:26:INFO:OPTIMIZER:constr_violation:0.0
21:12:26:INFO:OPTIMIZER:maxcv:0.0
21:12:26:INFO:RESULT:A:
[[-0.07097447  0.04644885  0.        ]
 [ 0.07097447 -0.05102966  0.00011112]
 [ 0.          0.00458081 -0.00011112]]
21:12:26:INFO:RESULT:m_eq:
[  589.00001409   900.00000802 37099.99997627](38588.99999838478)
21:12:26:INFO:RESULT:x_vec:
[    0.07097447     0.00458081   589.00001409   900.00000802
 37099.99997627](38589.07555366823)
21:12:26:INFO:RESULT:time_scale:
[  8.38362294 352.7232211 ]
21:12:26:INFO:SAVE:message:saving bunch of data...
21:12:26:INFO:SAVE:message:saving optimizer data ...
