22:15:57:INFO:GENERAL:seed:1
22:15:57:INFO:GENERAL:rho:[0.0001, 0.0001, 0.0001]
22:15:57:INFO:GENERAL:bounds_z:[(1e-06, 0.3), (1e-06, 0.3), (588.999411, 589.000589), (1e-06, 1800), (1e-06, 74200)]
22:16:00:INFO:OPTIMIZER:x:
[  0.05721014   0.01645946 589.00033453 402.56209563 786.92143971]
22:16:00:INFO:OPTIMIZER:fun:0.00026215347037695884
22:16:00:INFO:OPTIMIZER:nfev:13388
22:16:00:INFO:OPTIMIZER:nit:208
22:16:00:INFO:OPTIMIZER:message:Optimization terminated successfully.
22:16:00:INFO:OPTIMIZER:success:True
22:16:00:INFO:OPTIMIZER:constr:[array([0.])]
22:16:00:INFO:OPTIMIZER:constr_violation:0.0
22:16:00:INFO:OPTIMIZER:maxcv:0.0
22:16:00:INFO:RESULT:A:
[[-0.05721014  0.08370583  0.        ]
 [ 0.05721014 -0.10016529  0.0084201 ]
 [ 0.          0.01645946 -0.0084201 ]]
22:16:00:INFO:RESULT:m_eq:
[589.00033453 402.56209563 786.92143971](1778.4838698617455)
22:16:00:INFO:RESULT:x_vec:
[  0.05721014   0.01645946 589.00033453 402.56209563 786.92143971](1778.5575394684072)
22:16:00:INFO:RESULT:time_scale:
[ 6.58876589 71.31628097]
22:16:00:INFO:SAVE:message:saving bunch of data...
22:16:00:INFO:SAVE:message:saving optimizer data ...
