21:21:37:INFO:GENERAL:seed:1
21:21:37:INFO:GENERAL:rho:[0.1, 0.0, 0.0]
21:21:37:INFO:GENERAL:bounds_z:[(1e-06, 0.3), (1e-06, 0.3), (1e-06, 0.3), (588.999411, 589.000589), (1e-06, 1800), (1e-06, 74200), (1e-06, 1100)]
21:21:44:INFO:OPTIMIZER:x:
[   0.00376605    0.00000101    0.02885515  589.00021168 1799.99981105
   18.33844143  552.99459002]
21:21:44:INFO:OPTIMIZER:fun:0.0027294322869848672
21:21:44:INFO:OPTIMIZER:nfev:20759
21:21:44:INFO:OPTIMIZER:nit:592
21:21:44:INFO:OPTIMIZER:message:Optimization terminated successfully.
21:21:44:INFO:OPTIMIZER:success:True
21:21:44:INFO:OPTIMIZER:constr:[array([0.])]
21:21:44:INFO:OPTIMIZER:constr_violation:0.0
21:21:44:INFO:OPTIMIZER:maxcv:0.0
21:21:44:INFO:RESULT:A:
[[-0.03262121  0.00123234  0.          0.03073392]
 [ 0.00376605 -0.00123335  0.0000994   0.        ]
 [ 0.          0.00000101 -0.0000994   0.        ]
 [ 0.02885515  0.          0.         -0.03073392]]
21:21:44:INFO:RESULT:m_eq:
[ 589.00021168 1799.99981105   18.33844143  552.99459002](2960.3330541754517)
21:21:44:INFO:RESULT:x_vec:
[   0.00376605    0.00000101    0.02885515  589.00021168 1799.99981105
   18.33844143  552.99459002](2960.3656763971535)
21:21:44:INFO:RESULT:time_scale:
[  16.25699632  325.1085671  9998.88608359]
21:21:44:INFO:SAVE:message:saving bunch of data...
21:21:44:INFO:SAVE:message:saving optimizer data ...
