22:21:37:INFO:GENERAL:seed:1
22:21:37:INFO:GENERAL:rho:[0.01, 0.01, 0.0001]
22:21:37:INFO:GENERAL:bounds_z:[(1e-06, 0.3), (1e-06, 0.3), (1e-06, 0.3), (588.999411, 589.000589), (1e-06, 1800), (1e-06, 74200), (1e-06, 1100)]
22:21:40:INFO:OPTIMIZER:x:
[    0.01483751     0.00459033     0.05766177   589.00001144
   899.99998411 37099.99848876   550.00005023]
22:21:40:INFO:OPTIMIZER:fun:0.0009096452671036187
22:21:40:INFO:OPTIMIZER:nfev:14719
22:21:40:INFO:OPTIMIZER:nit:228
22:21:40:INFO:OPTIMIZER:message:Optimization terminated successfully.
22:21:40:INFO:OPTIMIZER:success:True
22:21:40:INFO:OPTIMIZER:constr:[array([0.])]
22:21:40:INFO:OPTIMIZER:constr_violation:0.0
22:21:40:INFO:OPTIMIZER:maxcv:0.0
22:21:40:INFO:RESULT:A:
[[-0.07249928  0.00971032  0.          0.06175051]
 [ 0.01483751 -0.01430066  0.00011136  0.        ]
 [ 0.          0.00459033 -0.00011136  0.        ]
 [ 0.05766177  0.          0.         -0.06175051]]
22:21:40:INFO:RESULT:m_eq:
[  589.00001144   899.99998411 37099.99848876   550.00005023](39138.998534533544)
22:21:40:INFO:RESULT:x_vec:
[    0.01483751     0.00459033     0.05766177   589.00001144
   899.99998411 37099.99848876   550.00005023](39139.07562414786)
22:21:40:INFO:RESULT:time_scale:
[  7.82883191  52.32514666 550.18779407]
22:21:40:INFO:SAVE:message:saving bunch of data...
22:21:40:INFO:SAVE:message:saving optimizer data ...
