22:03:56:INFO:GENERAL:seed:1
22:03:56:INFO:GENERAL:rho:[0.0, 0.1, 0.01]
22:03:56:INFO:GENERAL:bounds_z:[(1e-06, 0.3), (1e-06, 0.3), (1e-06, 0.3), (588.999411, 589.000589), (1e-06, 1800), (1e-06, 74200), (1e-06, 1100)]
22:04:01:INFO:OPTIMIZER:x:
[    0.02351433     0.00204124     0.02726601   588.99999562
   899.9999968  37099.99847511   549.99999976]
22:04:01:INFO:OPTIMIZER:fun:0.001698839137336135
22:04:01:INFO:OPTIMIZER:nfev:22774
22:04:01:INFO:OPTIMIZER:nit:355
22:04:01:INFO:OPTIMIZER:message:Optimization terminated successfully.
22:04:01:INFO:OPTIMIZER:success:True
22:04:01:INFO:OPTIMIZER:constr:[array([0.])]
22:04:01:INFO:OPTIMIZER:constr_violation:0.0
22:04:01:INFO:OPTIMIZER:maxcv:0.0
22:04:01:INFO:RESULT:A:
[[-0.05078034  0.01538882  0.          0.02919942]
 [ 0.02351433 -0.01743007  0.00004952  0.        ]
 [ 0.          0.00204124 -0.00004952  0.        ]
 [ 0.02726601  0.          0.         -0.02919942]]
22:04:01:INFO:RESULT:m_eq:
[  588.99999562   899.9999968  37099.99847511   549.99999976](39138.99846729703)
22:04:01:INFO:RESULT:x_vec:
[    0.02351433     0.00204124     0.02726601   588.99999562
   899.9999968  37099.99847511   549.99999976](39139.05128887888)
22:04:01:INFO:RESULT:time_scale:
[  13.39928672   45.61026444 1106.67059094]
22:04:01:INFO:SAVE:message:saving bunch of data...
22:04:01:INFO:SAVE:message:saving optimizer data ...
