22:03:39:INFO:GENERAL:seed:1
22:03:39:INFO:GENERAL:rho:[0.0001, 0.1, 0.001]
22:03:39:INFO:GENERAL:bounds_z:[(1e-06, 0.3), (1e-06, 0.3), (1e-06, 0.3), (588.999411, 589.000589), (1e-06, 1800), (1e-06, 74200), (1e-06, 1100)]
22:03:41:INFO:OPTIMIZER:x:
[    0.01507783     0.00447067     0.05828277   589.00000427
   900.0000058  37099.99968798   549.99999078]
22:03:41:INFO:OPTIMIZER:fun:0.0010444025371522806
22:03:41:INFO:OPTIMIZER:nfev:13581
22:03:41:INFO:OPTIMIZER:nit:209
22:03:41:INFO:OPTIMIZER:message:Optimization terminated successfully.
22:03:41:INFO:OPTIMIZER:success:True
22:03:41:INFO:OPTIMIZER:constr:[array([0.])]
22:03:41:INFO:OPTIMIZER:constr_violation:0.0
22:03:41:INFO:OPTIMIZER:maxcv:0.0
22:03:41:INFO:RESULT:A:
[[-0.0733606   0.0098676   0.          0.06241555]
 [ 0.01507783 -0.01433827  0.00010845  0.        ]
 [ 0.          0.00447067 -0.00010845  0.        ]
 [ 0.05828277  0.          0.         -0.06241555]]
22:03:41:INFO:RESULT:m_eq:
[  589.00000427   900.0000058  37099.99968798   549.99999078](39138.999688834614)
22:03:41:INFO:RESULT:x_vec:
[    0.01507783     0.00447067     0.05828277   589.00000427
   900.0000058  37099.99968798   549.99999078](39139.077520107814)
22:03:41:INFO:RESULT:time_scale:
[  7.74236499  51.86433671 561.07045432]
22:03:41:INFO:SAVE:message:saving bunch of data...
22:03:41:INFO:SAVE:message:saving optimizer data ...
