22:03:34:INFO:GENERAL:seed:1
22:03:34:INFO:GENERAL:rho:[0.1, 0.1, 0.001]
22:03:34:INFO:GENERAL:bounds_z:[(1e-06, 0.3), (1e-06, 0.3), (588.999411, 589.000589), (1e-06, 1800), (1e-06, 74200)]
22:03:36:INFO:OPTIMIZER:x:
[    0.05571704     0.00475514   588.99996345   900.00003652
 37099.99857243]
22:03:36:INFO:OPTIMIZER:fun:0.004450756028120419
22:03:36:INFO:OPTIMIZER:nfev:8209
22:03:36:INFO:OPTIMIZER:nit:125
22:03:36:INFO:OPTIMIZER:message:Optimization terminated successfully.
22:03:36:INFO:OPTIMIZER:success:True
22:03:36:INFO:OPTIMIZER:constr:[array([0.])]
22:03:36:INFO:OPTIMIZER:constr_violation:0.0
22:03:36:INFO:OPTIMIZER:maxcv:0.0
22:03:36:INFO:RESULT:A:
[[-0.05571704  0.0364637   0.        ]
 [ 0.05571704 -0.04121884  0.00011535]
 [ 0.          0.00475514 -0.00011535]]
22:03:36:INFO:RESULT:m_eq:
[  588.99996345   900.00003652 37099.99857243](38588.99857239519)
22:03:36:INFO:RESULT:x_vec:
[    0.05571704     0.00475514   588.99996345   900.00003652
 37099.99857243](38589.059044571644)
22:03:36:INFO:RESULT:time_scale:
[ 10.62434802 341.55214833]
22:03:36:INFO:SAVE:message:saving bunch of data...
22:03:36:INFO:SAVE:message:saving optimizer data ...
