22:22:28:INFO:GENERAL:seed:1
22:22:28:INFO:GENERAL:rho:[0.1, 0.001, 0.01]
22:22:28:INFO:GENERAL:bounds_z:[(1e-06, 0.3), (1e-06, 0.3), (588.999411, 589.000589), (1e-06, 1800), (1e-06, 74200)]
22:22:29:INFO:OPTIMIZER:x:
[    0.04927998     0.0028278    588.99961271  1129.1333962
 37204.48569215]
22:22:29:INFO:OPTIMIZER:fun:0.003973200808468955
22:22:29:INFO:OPTIMIZER:nfev:7610
22:22:29:INFO:OPTIMIZER:nit:118
22:22:29:INFO:OPTIMIZER:message:Optimization terminated successfully.
22:22:29:INFO:OPTIMIZER:success:True
22:22:29:INFO:OPTIMIZER:constr:[array([0.])]
22:22:29:INFO:OPTIMIZER:constr_violation:0.0
22:22:29:INFO:OPTIMIZER:maxcv:0.0
22:22:29:INFO:RESULT:A:
[[-0.04927998  0.02570634  0.        ]
 [ 0.04927998 -0.02853414  0.00008582]
 [ 0.          0.0028278  -0.00008582]]
22:22:29:INFO:RESULT:m_eq:
[  588.99961271  1129.1333962  37204.48569215](38922.618701060186)
22:22:29:INFO:RESULT:x_vec:
[    0.04927998     0.0028278    588.99961271  1129.1333962
 37204.48569215](38922.67080883453)
22:22:29:INFO:RESULT:time_scale:
[ 13.16115357 521.17130341]
22:22:29:INFO:SAVE:message:saving bunch of data...
22:22:29:INFO:SAVE:message:saving optimizer data ...
