22:08:24:INFO:GENERAL:seed:1
22:08:24:INFO:GENERAL:rho:[0.0, 0.01, 0.01]
22:08:24:INFO:GENERAL:bounds_z:[(1e-06, 0.3), (1e-06, 0.3), (588.999411, 589.000589), (1e-06, 1800), (1e-06, 74200)]
22:08:26:INFO:OPTIMIZER:x:
[    0.03381181     0.00233324   589.00055719   751.36593098
 37102.10159507]
22:08:26:INFO:OPTIMIZER:fun:0.0017489897914497367
22:08:26:INFO:OPTIMIZER:nfev:9289
22:08:26:INFO:OPTIMIZER:nit:145
22:08:26:INFO:OPTIMIZER:message:Optimization terminated successfully.
22:08:26:INFO:OPTIMIZER:success:True
22:08:26:INFO:OPTIMIZER:constr:[array([0.])]
22:08:26:INFO:OPTIMIZER:constr_violation:0.0
22:08:26:INFO:OPTIMIZER:maxcv:0.0
22:08:26:INFO:RESULT:A:
[[-0.03381181  0.02650529  0.        ]
 [ 0.03381181 -0.02883853  0.00004725]
 [ 0.          0.00233324 -0.00004725]]
22:08:26:INFO:RESULT:m_eq:
[  589.00055719   751.36593098 37102.10159507](38442.46808324353)
22:08:26:INFO:RESULT:x_vec:
[    0.03381181     0.00233324   589.00055719   751.36593098
 37102.10159507](38442.50422829382)
22:08:26:INFO:RESULT:time_scale:
[ 16.2957853  750.73073934]
22:08:26:INFO:SAVE:message:saving bunch of data...
22:08:26:INFO:SAVE:message:saving optimizer data ...
