22:03:40:INFO:GENERAL:seed:1
22:03:40:INFO:GENERAL:rho:[0.1, 0.001, 0.001]
22:03:40:INFO:GENERAL:bounds_z:[(1e-06, 0.3), (1e-06, 0.3), (588.999411, 589.000589), (1e-06, 1800), (1e-06, 74200)]
22:03:41:INFO:OPTIMIZER:x:
[    0.04928534     0.00282707   588.99949635  1129.14584131
 37227.24327947]
22:03:41:INFO:OPTIMIZER:fun:0.003973200660362708
22:03:41:INFO:OPTIMIZER:nfev:6178
22:03:41:INFO:OPTIMIZER:nit:96
22:03:41:INFO:OPTIMIZER:message:Optimization terminated successfully.
22:03:41:INFO:OPTIMIZER:success:True
22:03:41:INFO:OPTIMIZER:constr:[array([0.])]
22:03:41:INFO:OPTIMIZER:constr_violation:0.0
22:03:41:INFO:OPTIMIZER:maxcv:0.0
22:03:41:INFO:RESULT:A:
[[-0.04928534  0.02570885  0.        ]
 [ 0.04928534 -0.02853592  0.00008575]
 [ 0.          0.00282707 -0.00008575]]
22:03:41:INFO:RESULT:m_eq:
[  588.99949635  1129.14584131 37227.24327947](38945.38861713168)
22:03:41:INFO:RESULT:x_vec:
[    0.04928534     0.00282707   588.99949635  1129.14584131
 37227.24327947](38945.44072954541)
22:03:41:INFO:RESULT:time_scale:
[ 13.15983632 521.31483066]
22:03:41:INFO:SAVE:message:saving bunch of data...
22:03:41:INFO:SAVE:message:saving optimizer data ...
