22:05:07:INFO:GENERAL:seed:1
22:05:07:INFO:GENERAL:rho:[0.01, 0.01, 0.1]
22:05:07:INFO:GENERAL:bounds_z:[(1e-06, 0.3), (1e-06, 0.3), (1e-06, 0.3), (588.999411, 589.000589), (1e-06, 1800), (1e-06, 74200), (1e-06, 1100)]
22:05:38:INFO:OPTIMIZER:x:
[    0.02587602     0.00369044     0.05296046   589.00051165
   929.29639707 37087.58339836   339.56676145]
22:05:38:INFO:OPTIMIZER:fun:0.0017308294731240858
22:05:38:INFO:OPTIMIZER:nfev:163079
22:05:38:INFO:OPTIMIZER:nit:2549
22:05:38:INFO:OPTIMIZER:message:Optimization terminated successfully.
22:05:38:INFO:OPTIMIZER:success:True
22:05:38:INFO:OPTIMIZER:constr:[array([0.])]
22:05:38:INFO:OPTIMIZER:constr_violation:0.0
22:05:38:INFO:OPTIMIZER:maxcv:0.0
22:05:38:INFO:RESULT:A:
[[-0.07883649  0.01640057  0.          0.09186335]
 [ 0.02587602 -0.02009101  0.00009247  0.        ]
 [ 0.          0.00369044 -0.00009247  0.        ]
 [ 0.05296046  0.          0.         -0.09186335]]
22:05:38:INFO:RESULT:m_eq:
[  589.00051165   929.29639707 37087.58339836   339.56676145](38945.44706853504)
22:05:38:INFO:RESULT:x_vec:
[    0.02587602     0.00369044     0.05296046   589.00051165
   929.29639707 37087.58339836   339.56676145](38945.52959546336)
22:05:38:INFO:RESULT:time_scale:
[  6.37639411  31.02455039 548.74802192]
22:05:38:INFO:SAVE:message:saving bunch of data...
22:05:38:INFO:SAVE:message:saving optimizer data ...
