21:22:12:INFO:GENERAL:seed:1
21:22:12:INFO:GENERAL:rho:[0.01, 0.001, 0.01]
21:22:12:INFO:GENERAL:bounds_z:[(1e-06, 0.3), (1e-06, 0.3), (588.999411, 589.000589), (1e-06, 1800), (1e-06, 74200)]
21:22:14:INFO:OPTIMIZER:x:
[    0.03963287     0.00366993   589.00057423   634.14043019
 37015.90315979]
21:22:14:INFO:OPTIMIZER:fun:0.0012419245967854203
21:22:14:INFO:OPTIMIZER:nfev:8998
21:22:14:INFO:OPTIMIZER:nit:140
21:22:14:INFO:OPTIMIZER:message:Optimization terminated successfully.
21:22:14:INFO:OPTIMIZER:success:True
21:22:14:INFO:OPTIMIZER:constr:[array([0.])]
21:22:14:INFO:OPTIMIZER:constr_violation:0.0
21:22:14:INFO:OPTIMIZER:maxcv:0.0
21:22:14:INFO:RESULT:A:
[[-0.03963287  0.0368117   0.        ]
 [ 0.03963287 -0.04048163  0.00006287]
 [ 0.          0.00366993 -0.00006287]]
21:22:14:INFO:RESULT:m_eq:
[  589.00057423   634.14043019 37015.90315979](38239.0441642171)
21:22:14:INFO:RESULT:x_vec:
[    0.03963287     0.00366993   589.00057423   634.14043019
 37015.90315979](38239.08746701994)
21:22:14:INFO:RESULT:time_scale:
[ 12.77835288 520.8267034 ]
21:22:14:INFO:SAVE:message:saving bunch of data...
21:22:14:INFO:SAVE:message:saving optimizer data ...
