22:02:49:INFO:GENERAL:seed:1
22:02:49:INFO:GENERAL:rho:[0.01, 0.0001, 0.0]
22:02:49:INFO:GENERAL:bounds_z:[(1e-06, 0.3), (1e-06, 0.3), (588.999411, 589.000589), (1e-06, 1800), (1e-06, 74200)]
22:02:51:INFO:OPTIMIZER:x:
[   0.07694237    0.01093711  588.99989066  752.28988114 1288.7442694 ]
22:02:51:INFO:OPTIMIZER:fun:0.0008418233439511806
22:02:51:INFO:OPTIMIZER:nfev:13850
22:02:51:INFO:OPTIMIZER:nit:217
22:02:51:INFO:OPTIMIZER:message:Optimization terminated successfully.
22:02:51:INFO:OPTIMIZER:success:True
22:02:51:INFO:OPTIMIZER:constr:[array([0.])]
22:02:51:INFO:OPTIMIZER:constr_violation:0.0
22:02:51:INFO:OPTIMIZER:maxcv:0.0
22:02:51:INFO:RESULT:A:
[[-0.07694237  0.06024147  0.        ]
 [ 0.07694237 -0.07117858  0.00638441]
 [ 0.          0.01093711 -0.00638441]]
22:02:51:INFO:RESULT:m_eq:
[ 588.99989066  752.28988114 1288.7442694 ](2630.034041189916)
22:02:51:INFO:RESULT:x_vec:
[   0.07694237    0.01093711  588.99989066  752.28988114 1288.7442694 ](2630.1219206667056)
22:02:51:INFO:RESULT:time_scale:
[ 7.02003726 82.94645175]
22:02:51:INFO:SAVE:message:saving bunch of data...
22:02:51:INFO:SAVE:message:saving optimizer data ...
