21:14:16:INFO:GENERAL:seed:1
21:14:16:INFO:GENERAL:rho:[0.001, 0.001, 0.01]
21:14:16:INFO:GENERAL:bounds_z:[(1e-06, 0.3), (1e-06, 0.3), (1e-06, 0.3), (588.999411, 589.000589), (1e-06, 1800), (1e-06, 74200), (1e-06, 1100)]
21:14:22:INFO:OPTIMIZER:x:
[    0.02526215     0.00306168     0.06174954   589.00034892
  1013.58616893 37074.94703553   321.60503159]
21:14:22:INFO:OPTIMIZER:fun:0.0003366409199228808
21:14:22:INFO:OPTIMIZER:nfev:30701
21:14:22:INFO:OPTIMIZER:nit:478
21:14:22:INFO:OPTIMIZER:message:Optimization terminated successfully.
21:14:22:INFO:OPTIMIZER:success:True
21:14:22:INFO:OPTIMIZER:constr:[array([0.])]
21:14:22:INFO:OPTIMIZER:constr_violation:0.0
21:14:22:INFO:OPTIMIZER:maxcv:0.0
21:14:22:INFO:RESULT:A:
[[-0.08701169  0.01467997  0.          0.11309058]
 [ 0.02526215 -0.01774164  0.0000837   0.        ]
 [ 0.          0.00306168 -0.0000837   0.        ]
 [ 0.06174954  0.          0.         -0.11309058]]
21:14:22:INFO:RESULT:m_eq:
[  589.00034892  1013.58616893 37074.94703553   321.60503159](38999.13858497087)
21:14:22:INFO:RESULT:x_vec:
[    0.02526215     0.00306168     0.06174954   589.00034892
  1013.58616893 37074.94703553   321.60503159](38999.22865833153)
21:14:22:INFO:RESULT:time_scale:
[  5.38880207  32.52568717 620.08463633]
21:14:22:INFO:SAVE:message:saving bunch of data...
21:14:22:INFO:SAVE:message:saving optimizer data ...
