21:14:34:INFO:GENERAL:seed:1
21:14:34:INFO:GENERAL:rho:[0.0001, 0.1, 0.1]
21:14:34:INFO:GENERAL:bounds_z:[(1e-06, 0.3), (1e-06, 0.3), (588.999411, 589.000589), (1e-06, 1800), (1e-06, 74200)]
21:14:35:INFO:OPTIMIZER:x:
[    0.07113614     0.00457887   589.00000269   899.99999736
 37100.00040713]
21:14:35:INFO:OPTIMIZER:fun:0.0007992720369074423
21:14:35:INFO:OPTIMIZER:nfev:10065
21:14:35:INFO:OPTIMIZER:nit:157
21:14:35:INFO:OPTIMIZER:message:Optimization terminated successfully.
21:14:35:INFO:OPTIMIZER:success:True
21:14:35:INFO:OPTIMIZER:constr:[array([0.])]
21:14:35:INFO:OPTIMIZER:constr_violation:0.0
21:14:35:INFO:OPTIMIZER:maxcv:0.0
21:14:35:INFO:RESULT:A:
[[-0.07113614  0.04655465  0.        ]
 [ 0.07113614 -0.05113352  0.00011108]
 [ 0.          0.00457887 -0.00011108]]
21:14:35:INFO:RESULT:m_eq:
[  589.00000269   899.99999736 37100.00040713](38589.00040717313)
21:14:35:INFO:RESULT:x_vec:
[    0.07113614     0.00457887   589.00000269   899.99999736
 37100.00040713](38589.07612218038)
21:14:35:INFO:RESULT:time_scale:
[  8.36492959 352.85771514]
21:14:35:INFO:SAVE:message:saving bunch of data...
21:14:35:INFO:SAVE:message:saving optimizer data ...
