21:20:49:INFO:GENERAL:seed:1
21:20:49:INFO:GENERAL:rho:[0.0001, 0.001, 0.0]
21:20:49:INFO:GENERAL:bounds_z:[(1e-06, 0.3), (1e-06, 0.3), (588.999411, 589.000589), (1e-06, 1800), (1e-06, 74200)]
21:20:50:INFO:OPTIMIZER:x:
[    0.04125529     0.00383553   589.00043724   620.48197257
 36953.30626527]
21:20:50:INFO:OPTIMIZER:fun:0.0009706876719582647
21:20:50:INFO:OPTIMIZER:nfev:8398
21:20:50:INFO:OPTIMIZER:nit:130
21:20:50:INFO:OPTIMIZER:message:Optimization terminated successfully.
21:20:50:INFO:OPTIMIZER:success:True
21:20:50:INFO:OPTIMIZER:constr:[array([0.])]
21:20:50:INFO:OPTIMIZER:constr_violation:0.0
21:20:50:INFO:OPTIMIZER:maxcv:0.0
21:20:50:INFO:RESULT:A:
[[-0.04125529  0.03916211  0.        ]
 [ 0.04125529 -0.04299764  0.0000644 ]
 [ 0.          0.00383553 -0.0000644 ]]
21:20:50:INFO:RESULT:m_eq:
[  589.00043724   620.48197257 36953.30626527](38162.788675090225)
21:20:50:INFO:RESULT:x_vec:
[    0.04125529     0.00383553   589.00043724   620.48197257
 36953.30626527](38162.83376590931)
21:20:50:INFO:RESULT:time_scale:
[ 12.14586989 503.82475105]
21:20:50:INFO:SAVE:message:saving bunch of data...
21:20:50:INFO:SAVE:message:saving optimizer data ...
