21:13:26:INFO:GENERAL:seed:1
21:13:26:INFO:GENERAL:rho:[0.01, 0.001, 0.001]
21:13:26:INFO:GENERAL:bounds_z:[(1e-06, 0.3), (1e-06, 0.3), (1e-06, 0.3), (588.999411, 589.000589), (1e-06, 1800), (1e-06, 74200), (1e-06, 1100)]
21:13:30:INFO:OPTIMIZER:x:
[    0.05702128     0.01090588     0.02748609   589.00004267
   289.18270006 37134.86023402   695.73537112]
21:13:30:INFO:OPTIMIZER:fun:0.0010192477477058762
21:13:30:INFO:OPTIMIZER:nfev:22858
21:13:30:INFO:OPTIMIZER:nit:358
21:13:30:INFO:OPTIMIZER:message:Optimization terminated successfully.
21:13:30:INFO:OPTIMIZER:success:True
21:13:30:INFO:OPTIMIZER:constr:[array([0.])]
21:13:30:INFO:OPTIMIZER:constr_violation:0.0
21:13:30:INFO:OPTIMIZER:maxcv:0.0
21:13:30:INFO:RESULT:A:
[[-0.08450737  0.11613951  0.          0.02326935]
 [ 0.05702128 -0.12704539  0.00008493  0.        ]
 [ 0.          0.01090588 -0.00008493  0.        ]
 [ 0.02748609  0.          0.         -0.02326935]]
21:13:30:INFO:RESULT:m_eq:
[  589.00004267   289.18270006 37134.86023402   695.73537112](38708.77834786545)
21:13:30:INFO:RESULT:x_vec:
[    0.05702128     0.01090588     0.02748609   589.00004267
   289.18270006 37134.86023402   695.73537112](38708.87376111348)
21:13:30:INFO:RESULT:time_scale:
[  5.22648825  23.99079688 528.73225637]
21:13:30:INFO:SAVE:message:saving bunch of data...
21:13:30:INFO:SAVE:message:saving optimizer data ...
