22:08:34:INFO:GENERAL:seed:1
22:08:34:INFO:GENERAL:rho:[0.001, 0.01, 0.01]
22:08:34:INFO:GENERAL:bounds_z:[(1e-06, 0.3), (1e-06, 0.3), (1e-06, 0.3), (588.999411, 589.000589), (1e-06, 1800), (1e-06, 74200), (1e-06, 1100)]
22:08:40:INFO:OPTIMIZER:x:
[    0.04876286     0.00979745     0.01690329   589.00052341
   167.67720892 37114.49163324   502.56525112]
22:08:40:INFO:OPTIMIZER:fun:0.002352002258534083
22:08:40:INFO:OPTIMIZER:nfev:32188
22:08:40:INFO:OPTIMIZER:nit:504
22:08:40:INFO:OPTIMIZER:message:Optimization terminated successfully.
22:08:40:INFO:OPTIMIZER:success:True
22:08:40:INFO:OPTIMIZER:constr:[array([0.])]
22:08:40:INFO:OPTIMIZER:constr_violation:0.0
22:08:40:INFO:OPTIMIZER:maxcv:0.0
22:08:40:INFO:RESULT:A:
[[-0.06566615  0.17128952  0.          0.01981046]
 [ 0.04876286 -0.18108697  0.00004426  0.        ]
 [ 0.          0.00979745 -0.00004426  0.        ]
 [ 0.01690329  0.          0.         -0.01981046]]
22:08:40:INFO:RESULT:m_eq:
[  589.00052341   167.67720892 37114.49163324   502.56525112](38373.73461669718)
22:08:40:INFO:RESULT:x_vec:
[    0.04876286     0.00979745     0.01690329   589.00052341
   167.67720892 37114.49163324   502.56525112](38373.81008029497)
22:08:40:INFO:RESULT:time_scale:
[  4.31338829  29.84004717 793.95283647]
22:08:40:INFO:SAVE:message:saving bunch of data...
22:08:40:INFO:SAVE:message:saving optimizer data ...
