22:03:12:INFO:GENERAL:seed:1
22:03:12:INFO:GENERAL:rho:[0.01, 0.01, 0.0001]
22:03:12:INFO:GENERAL:bounds_z:[(1e-06, 0.3), (1e-06, 0.3), (1e-06, 0.3), (588.999411, 589.000589), (1e-06, 1800), (1e-06, 74200), (1e-06, 1100)]
22:03:14:INFO:OPTIMIZER:x:
[    0.01483757     0.00458949     0.05765932   589.000037
   900.00004583 37100.00097292   550.00004825]
22:03:14:INFO:OPTIMIZER:fun:0.0009096454164651396
22:03:14:INFO:OPTIMIZER:nfev:13205
22:03:14:INFO:OPTIMIZER:nit:203
22:03:14:INFO:OPTIMIZER:message:Optimization terminated successfully.
22:03:14:INFO:OPTIMIZER:success:True
22:03:14:INFO:OPTIMIZER:constr:[array([0.])]
22:03:14:INFO:OPTIMIZER:constr_violation:0.0
22:03:14:INFO:OPTIMIZER:maxcv:0.0
22:03:14:INFO:RESULT:A:
[[-0.07249689  0.00971036  0.          0.06174789]
 [ 0.01483757 -0.01429985  0.00011134  0.        ]
 [ 0.          0.00458949 -0.00011134  0.        ]
 [ 0.05765932  0.          0.         -0.06174789]]
22:03:14:INFO:RESULT:m_eq:
[  589.000037     900.00004583 37100.00097292   550.00004825](39139.00110400456)
22:03:14:INFO:RESULT:x_vec:
[    0.01483757     0.00458949     0.05765932   589.000037
   900.00004583 37100.00097292   550.00004825](39139.07819038306)
22:03:14:INFO:RESULT:time_scale:
[  7.82913735  52.32671832 550.27248825]
22:03:14:INFO:SAVE:message:saving bunch of data...
22:03:14:INFO:SAVE:message:saving optimizer data ...
