22:02:44:INFO:GENERAL:seed:1
22:02:44:INFO:GENERAL:rho:[0.0001, 0.0, 0.0]
22:02:44:INFO:GENERAL:bounds_z:[(1e-06, 0.3), (1e-06, 0.3), (588.999411, 589.000589), (1e-06, 1800), (1e-06, 74200)]
22:02:47:INFO:OPTIMIZER:x:
[   0.08076434    0.01247175  588.99975044  714.54414865 1272.56828615]
22:02:47:INFO:OPTIMIZER:fun:0.0002793519286981796
22:02:47:INFO:OPTIMIZER:nfev:14797
22:02:47:INFO:OPTIMIZER:nit:231
22:02:47:INFO:OPTIMIZER:message:Optimization terminated successfully.
22:02:47:INFO:OPTIMIZER:success:True
22:02:47:INFO:OPTIMIZER:constr:[array([0.])]
22:02:47:INFO:OPTIMIZER:constr_violation:0.0
22:02:47:INFO:OPTIMIZER:maxcv:0.0
22:02:47:INFO:RESULT:A:
[[-0.08076434  0.06657416  0.        ]
 [ 0.08076434 -0.07904591  0.00700286]
 [ 0.          0.01247175 -0.00700286]]
22:02:47:INFO:RESULT:m_eq:
[ 588.99975044  714.54414865 1272.56828615](2576.112185244151)
22:02:47:INFO:RESULT:x_vec:
[   0.08076434    0.01247175  588.99975044  714.54414865 1272.56828615](2576.205421338051)
22:02:47:INFO:RESULT:time_scale:
[ 6.51329643 75.29538243]
22:02:47:INFO:SAVE:message:saving bunch of data...
22:02:47:INFO:SAVE:message:saving optimizer data ...
