22:07:18:INFO:GENERAL:seed:1
22:07:18:INFO:GENERAL:rho:[0.0, 0.001, 0.0]
22:07:18:INFO:GENERAL:bounds_z:[(1e-06, 0.3), (1e-06, 0.3), (588.999411, 589.000589), (1e-06, 1800), (1e-06, 74200)]
22:07:19:INFO:OPTIMIZER:x:
[    0.04126981     0.00383679   589.00028654   620.36549095
 36960.16710236]
22:07:19:INFO:OPTIMIZER:fun:0.0009678761828843356
22:07:19:INFO:OPTIMIZER:nfev:8883
22:07:19:INFO:OPTIMIZER:nit:137
22:07:19:INFO:OPTIMIZER:message:Optimization terminated successfully.
22:07:19:INFO:OPTIMIZER:success:True
22:07:19:INFO:OPTIMIZER:constr:[array([0.])]
22:07:19:INFO:OPTIMIZER:constr_violation:0.0
22:07:19:INFO:OPTIMIZER:maxcv:0.0
22:07:19:INFO:RESULT:A:
[[-0.04126981  0.03918324  0.        ]
 [ 0.04126981 -0.04302004  0.0000644 ]
 [ 0.          0.00383679 -0.0000644 ]]
22:07:19:INFO:RESULT:m_eq:
[  589.00028654   620.36549095 36960.16710236](38169.53287984256)
22:07:19:INFO:RESULT:x_vec:
[    0.04126981     0.00383679   589.00028654   620.36549095
 36960.16710236](38169.577986450924)
22:07:19:INFO:RESULT:time_scale:
[ 12.14049302 503.70896197]
22:07:19:INFO:SAVE:message:saving bunch of data...
22:07:19:INFO:SAVE:message:saving optimizer data ...
