22:07:13:INFO:GENERAL:seed:1
22:07:13:INFO:GENERAL:rho:[0.1, 0.001, 0.0001]
22:07:13:INFO:GENERAL:bounds_z:[(1e-06, 0.3), (1e-06, 0.3), (1e-06, 0.3), (588.999411, 589.000589), (1e-06, 1800), (1e-06, 74200), (1e-06, 1100)]
22:07:16:INFO:OPTIMIZER:x:
[    0.00446834     0.0002099      0.02735794   589.00008376
   966.94071165 37097.35255392   538.5052516 ]
22:07:16:INFO:OPTIMIZER:fun:0.00291321564779937
22:07:16:INFO:OPTIMIZER:nfev:12164
22:07:16:INFO:OPTIMIZER:nit:220
22:07:16:INFO:OPTIMIZER:message:Optimization terminated successfully.
22:07:16:INFO:OPTIMIZER:success:True
22:07:16:INFO:OPTIMIZER:constr:[array([0.])]
22:07:16:INFO:OPTIMIZER:constr_violation:0.0
22:07:16:INFO:OPTIMIZER:maxcv:0.0
22:07:16:INFO:RESULT:A:
[[-0.03182629  0.00272184  0.          0.02992326]
 [ 0.00446834 -0.00293173  0.00000547  0.        ]
 [ 0.          0.0002099  -0.00000547  0.        ]
 [ 0.02735794  0.          0.         -0.02992326]]
22:07:16:INFO:RESULT:m_eq:
[  589.00008376   966.94071165 37097.35255392   538.5052516 ](39191.79860092754)
22:07:16:INFO:RESULT:x_vec:
[    0.00446834     0.0002099      0.02735794   589.00008376
   966.94071165 37097.35255392   538.5052516 ](39191.83063711267)
22:07:16:INFO:RESULT:time_scale:
[  16.77472201  201.07629214 9999.26888598]
22:07:16:INFO:SAVE:message:saving bunch of data...
22:07:16:INFO:SAVE:message:saving optimizer data ...
