22:03:57:INFO:GENERAL:seed:1
22:03:57:INFO:GENERAL:rho:[0.1, 0.0001, 0.01]
22:03:57:INFO:GENERAL:bounds_z:[(1e-06, 0.3), (1e-06, 0.3), (588.999411, 589.000589), (1e-06, 1800), (1e-06, 74200)]
22:03:58:INFO:OPTIMIZER:x:
[    0.04806539     0.00258653   589.00028169  1165.06738901
 38361.10211033]
22:03:58:INFO:OPTIMIZER:fun:0.003891068054395364
22:03:58:INFO:OPTIMIZER:nfev:7128
22:03:58:INFO:OPTIMIZER:nit:110
22:03:58:INFO:OPTIMIZER:message:Optimization terminated successfully.
22:03:58:INFO:OPTIMIZER:success:True
22:03:58:INFO:OPTIMIZER:constr:[array([0.])]
22:03:58:INFO:OPTIMIZER:constr_violation:0.0
22:03:58:INFO:OPTIMIZER:maxcv:0.0
22:03:58:INFO:RESULT:A:
[[-0.04806539  0.02429948  0.        ]
 [ 0.04806539 -0.026886    0.00007856]
 [ 0.          0.00258653 -0.00007856]]
22:03:58:INFO:RESULT:m_eq:
[  589.00028169  1165.06738901 38361.10211033](40115.169781040895)
22:03:58:INFO:RESULT:x_vec:
[    0.04806539     0.00258653   589.00028169  1165.06738901
 38361.10211033](40115.22043295743)
22:03:58:INFO:RESULT:time_scale:
[ 13.65090173 563.47089241]
22:03:58:INFO:SAVE:message:saving bunch of data...
22:03:58:INFO:SAVE:message:saving optimizer data ...
