22:16:31:INFO:GENERAL:seed:1
22:16:31:INFO:GENERAL:rho:[0.001, 0.1, 0.001]
22:16:31:INFO:GENERAL:bounds_z:[(1e-06, 0.3), (1e-06, 0.3), (1e-06, 0.3), (588.999411, 589.000589), (1e-06, 1800), (1e-06, 74200), (1e-06, 1100)]
22:16:34:INFO:OPTIMIZER:x:
[    0.00359059     0.03376217     0.03523095   589.00000476
   899.99999983 37099.99886787   549.99999154]
22:16:34:INFO:OPTIMIZER:fun:0.0018054837904351675
22:16:34:INFO:OPTIMIZER:nfev:12534
22:16:34:INFO:OPTIMIZER:nit:195
22:16:34:INFO:OPTIMIZER:message:Optimization terminated successfully.
22:16:34:INFO:OPTIMIZER:success:True
22:16:34:INFO:OPTIMIZER:constr:[array([0.])]
22:16:34:INFO:OPTIMIZER:constr_violation:0.0
22:16:34:INFO:OPTIMIZER:maxcv:0.0
22:16:34:INFO:RESULT:A:
[[-0.03882154  0.00234984  0.          0.03772914]
 [ 0.00359059 -0.03611201  0.00081903  0.        ]
 [ 0.          0.03376217 -0.00081903  0.        ]
 [ 0.03523095  0.          0.         -0.03772914]]
22:16:34:INFO:RESULT:m_eq:
[  589.00000476   899.99999983 37099.99886787   549.99999154](39138.998864004985)
22:16:34:INFO:RESULT:x_vec:
[    0.00359059     0.03376217     0.03523095   589.00000476
   899.99999983 37099.99886787   549.99999154](39139.071447716095)
22:16:34:INFO:RESULT:time_scale:
[ 13.36007716  27.11194426 572.16453977]
22:16:34:INFO:SAVE:message:saving bunch of data...
22:16:34:INFO:SAVE:message:saving optimizer data ...
