21:21:57:INFO:GENERAL:seed:1
21:21:57:INFO:GENERAL:rho:[0.1, 0.0001, 0.001]
21:21:57:INFO:GENERAL:bounds_z:[(1e-06, 0.3), (1e-06, 0.3), (588.999411, 589.000589), (1e-06, 1800), (1e-06, 74200)]
21:21:59:INFO:OPTIMIZER:x:
[    0.02983302     0.00234343   588.99991972   758.78435258
 37474.66645591]
21:21:59:INFO:OPTIMIZER:fun:0.0031783372376714427
21:21:59:INFO:OPTIMIZER:nfev:7612
21:21:59:INFO:OPTIMIZER:nit:118
21:21:59:INFO:OPTIMIZER:message:Optimization terminated successfully.
21:21:59:INFO:OPTIMIZER:success:True
21:21:59:INFO:OPTIMIZER:constr:[array([0.])]
21:21:59:INFO:OPTIMIZER:constr_violation:0.0
21:21:59:INFO:OPTIMIZER:maxcv:0.0
21:21:59:INFO:RESULT:A:
[[-0.02983302  0.02315763  0.        ]
 [ 0.02983302 -0.02550106  0.00004745]
 [ 0.          0.00234343 -0.00004745]]
21:21:59:INFO:RESULT:m_eq:
[  588.99991972   758.78435258 37474.66645591](38822.45072820394)
21:21:59:INFO:RESULT:x_vec:
[    0.02983302     0.00234343   588.99991972   758.78435258
 37474.66645591](38822.482904652235)
21:21:59:INFO:RESULT:time_scale:
[ 18.50435539 746.15996039]
21:21:59:INFO:SAVE:message:saving bunch of data...
21:21:59:INFO:SAVE:message:saving optimizer data ...
