21:22:50:INFO:GENERAL:seed:1
21:22:50:INFO:GENERAL:rho:[0.0001, 0.01, 0.1]
21:22:50:INFO:GENERAL:bounds_z:[(1e-06, 0.3), (1e-06, 0.3), (1e-06, 0.3), (588.999411, 589.000589), (1e-06, 1800), (1e-06, 74200), (1e-06, 1100)]
21:23:02:INFO:OPTIMIZER:x:
[    0.01599887     0.00219452     0.04713608   589.00041742
   707.27552567 37101.67902015   191.28510299]
21:23:02:INFO:OPTIMIZER:fun:0.001875781149411604
21:23:02:INFO:OPTIMIZER:nfev:63160
21:23:02:INFO:OPTIMIZER:nit:988
21:23:02:INFO:OPTIMIZER:message:Optimization terminated successfully.
21:23:02:INFO:OPTIMIZER:success:True
21:23:02:INFO:OPTIMIZER:constr:[array([0.])]
21:23:02:INFO:OPTIMIZER:constr_violation:0.0
21:23:02:INFO:OPTIMIZER:maxcv:0.0
21:23:02:INFO:RESULT:A:
[[-0.06313495  0.01332344  0.          0.14514026]
 [ 0.01599887 -0.01551796  0.00004183  0.        ]
 [ 0.          0.00219452 -0.00004183  0.        ]
 [ 0.04713608  0.          0.         -0.14514026]]
21:23:02:INFO:RESULT:m_eq:
[  589.00041742   707.27552567 37101.67902015   191.28510299](38589.24006623799)
21:23:02:INFO:RESULT:x_vec:
[    0.01599887     0.00219452     0.04713608   589.00041742
   707.27552567 37101.67902015   191.28510299](38589.30539570993)
21:23:02:INFO:RESULT:time_scale:
[  5.08172287  38.43778715 965.91884604]
21:23:02:INFO:SAVE:message:saving bunch of data...
21:23:02:INFO:SAVE:message:saving optimizer data ...
