22:21:42:INFO:GENERAL:seed:1
22:21:42:INFO:GENERAL:rho:[0.0, 0.001, 0.001]
22:21:42:INFO:GENERAL:bounds_z:[(1e-06, 0.3), (1e-06, 0.3), (588.999411, 589.000589), (1e-06, 1800), (1e-06, 74200)]
22:21:43:INFO:OPTIMIZER:x:
[    0.06855172     0.00422747   588.99942784   937.52019096
 37054.34600766]
22:21:43:INFO:OPTIMIZER:fun:0.0007738290883540053
22:21:43:INFO:OPTIMIZER:nfev:7794
22:21:43:INFO:OPTIMIZER:nit:120
22:21:43:INFO:OPTIMIZER:message:Optimization terminated successfully.
22:21:43:INFO:OPTIMIZER:success:True
22:21:43:INFO:OPTIMIZER:constr:[array([0.])]
22:21:43:INFO:OPTIMIZER:constr_violation:0.0
22:21:43:INFO:OPTIMIZER:maxcv:0.0
22:21:43:INFO:RESULT:A:
[[-0.06855172  0.04306779  0.        ]
 [ 0.06855172 -0.04729526  0.00010696]
 [ 0.          0.00422747 -0.00010696]]
22:21:43:INFO:RESULT:m_eq:
[  588.99942784   937.52019096 37054.34600766](38580.86562645483)
22:21:43:INFO:RESULT:x_vec:
[    0.06855172     0.00422747   588.99942784   937.52019096
 37054.34600766](38580.93840564459)
22:21:43:INFO:RESULT:time_scale:
[  8.82686269 375.45881447]
22:21:43:INFO:SAVE:message:saving bunch of data...
22:21:43:INFO:SAVE:message:saving optimizer data ...
