22:03:25:INFO:GENERAL:seed:1
22:03:25:INFO:GENERAL:rho:[0.001, 0.0, 0.01]
22:03:25:INFO:GENERAL:bounds_z:[(1e-06, 0.3), (1e-06, 0.3), (1e-06, 0.3), (588.999411, 589.000589), (1e-06, 1800), (1e-06, 74200), (1e-06, 1100)]
22:03:36:INFO:OPTIMIZER:x:
[   0.05941731    0.0333536     0.03385154  588.99984047  233.22940952
 1500.95369175  458.73302535]
22:03:36:INFO:OPTIMIZER:fun:0.00020750056031935887
22:03:36:INFO:OPTIMIZER:nfev:56458
22:03:36:INFO:OPTIMIZER:nit:879
22:03:36:INFO:OPTIMIZER:message:Optimization terminated successfully.
22:03:36:INFO:OPTIMIZER:success:True
22:03:36:INFO:OPTIMIZER:constr:[array([0.])]
22:03:36:INFO:OPTIMIZER:constr_violation:0.0
22:03:36:INFO:OPTIMIZER:maxcv:0.0
22:03:36:INFO:RESULT:A:
[[-0.09326884  0.15005305  0.          0.04346439]
 [ 0.05941731 -0.18340665  0.00518273  0.        ]
 [ 0.          0.0333536  -0.00518273  0.        ]
 [ 0.03385154  0.          0.         -0.04346439]]
22:03:36:INFO:RESULT:m_eq:
[ 588.99984047  233.22940952 1500.95369175  458.73302535](2781.9159670966847)
22:03:36:INFO:RESULT:x_vec:
[   0.05941731    0.0333536     0.03385154  588.99984047  233.22940952
 1500.95369175  458.73302535](2782.0425895412936)
22:03:36:INFO:RESULT:time_scale:
[  4.07175953  14.18255833 108.46692598]
22:03:36:INFO:SAVE:message:saving bunch of data...
22:03:36:INFO:SAVE:message:saving optimizer data ...
