22:17:17:INFO:GENERAL:seed:1
22:17:17:INFO:GENERAL:rho:[0.0001, 0.0001, 0.01]
22:17:17:INFO:GENERAL:bounds_z:[(1e-06, 0.3), (1e-06, 0.3), (1e-06, 0.3), (588.999411, 589.000589), (1e-06, 1800), (1e-06, 74200), (1e-06, 1100)]
22:17:25:INFO:OPTIMIZER:x:
[    0.05102378     0.01035167     0.01701513   588.99977351
   165.44840528 37270.12879037   489.56180052]
22:17:25:INFO:OPTIMIZER:fun:0.0002589514889051002
22:17:25:INFO:OPTIMIZER:nfev:39928
22:17:25:INFO:OPTIMIZER:nit:625
22:17:25:INFO:OPTIMIZER:message:Optimization terminated successfully.
22:17:25:INFO:OPTIMIZER:success:True
22:17:25:INFO:OPTIMIZER:constr:[array([0.])]
22:17:25:INFO:OPTIMIZER:constr_violation:0.0
22:17:25:INFO:OPTIMIZER:maxcv:0.0
22:17:25:INFO:RESULT:A:
[[-0.0680389   0.18164572  0.          0.02047117]
 [ 0.05102378 -0.19199739  0.00004595  0.        ]
 [ 0.          0.01035167 -0.00004595  0.        ]
 [ 0.01701513  0.          0.         -0.02047117]]
22:17:25:INFO:RESULT:m_eq:
[  588.99977351   165.44840528 37270.12879037   489.56180052](38514.13876968129)
22:17:25:INFO:RESULT:x_vec:
[    0.05102378     0.01035167     0.01701513   588.99977351
   165.44840528 37270.12879037   489.56180052](38514.21716025382)
22:17:25:INFO:RESULT:time_scale:
[  4.0837164   29.11201575 752.81301313]
22:17:25:INFO:SAVE:message:saving bunch of data...
22:17:25:INFO:SAVE:message:saving optimizer data ...
