22:22:05:INFO:GENERAL:seed:1
22:22:05:INFO:GENERAL:rho:[0.01, 0.0, 0.001]
22:22:05:INFO:GENERAL:bounds_z:[(1e-06, 0.3), (1e-06, 0.3), (1e-06, 0.3), (588.999411, 589.000589), (1e-06, 1800), (1e-06, 74200), (1e-06, 1100)]
22:22:12:INFO:OPTIMIZER:x:
[   0.02535916    0.00380358    0.05861213  589.00016131  976.69933715
 2394.13706683  325.00003107]
22:22:12:INFO:OPTIMIZER:fun:0.0007073204409709529
22:22:12:INFO:OPTIMIZER:nfev:31824
22:22:12:INFO:OPTIMIZER:nit:490
22:22:12:INFO:OPTIMIZER:message:Optimization terminated successfully.
22:22:12:INFO:OPTIMIZER:success:True
22:22:12:INFO:OPTIMIZER:constr:[array([0.])]
22:22:12:INFO:OPTIMIZER:constr_violation:0.0
22:22:12:INFO:OPTIMIZER:maxcv:0.0
22:22:12:INFO:RESULT:A:
[[-0.08397129  0.01529288  0.          0.10622324]
 [ 0.02535916 -0.01909646  0.00155169  0.        ]
 [ 0.          0.00380358 -0.00155169  0.        ]
 [ 0.05861213  0.          0.         -0.10622324]]
22:22:12:INFO:RESULT:m_eq:
[ 589.00016131  976.69933715 2394.13706683  325.00003107](4284.836596369315)
22:22:12:INFO:RESULT:x_vec:
[   0.02535916    0.00380358    0.05861213  589.00016131  976.69933715
 2394.13706683  325.00003107](4284.924371243266)
22:22:12:INFO:RESULT:time_scale:
[  5.68645253  31.54936198 303.97343487]
22:22:12:INFO:SAVE:message:saving bunch of data...
22:22:12:INFO:SAVE:message:saving optimizer data ...
