22:16:36:INFO:GENERAL:seed:1
22:16:36:INFO:GENERAL:rho:[0.01, 0.01, 0.001]
22:16:36:INFO:GENERAL:bounds_z:[(1e-06, 0.3), (1e-06, 0.3), (588.999411, 589.000589), (1e-06, 1800), (1e-06, 74200)]
22:16:38:INFO:OPTIMIZER:x:
[    0.0282259      0.00103527   589.00058197   899.99909567
 37100.00681992]
22:16:38:INFO:OPTIMIZER:fun:0.001921622073187025
22:16:38:INFO:OPTIMIZER:nfev:10873
22:16:38:INFO:OPTIMIZER:nit:169
22:16:38:INFO:OPTIMIZER:message:Optimization terminated successfully.
22:16:38:INFO:OPTIMIZER:success:True
22:16:38:INFO:OPTIMIZER:constr:[array([0.])]
22:16:38:INFO:OPTIMIZER:constr_violation:0.0
22:16:38:INFO:OPTIMIZER:maxcv:0.0
22:16:38:INFO:RESULT:A:
[[-0.0282259   0.01847232  0.        ]
 [ 0.0282259  -0.01950759  0.00002511]
 [ 0.          0.00103527 -0.00002511]]
22:16:38:INFO:RESULT:m_eq:
[  589.00058197   899.99909567 37100.00681992](38589.006497559625)
22:16:38:INFO:RESULT:x_vec:
[    0.0282259      0.00103527   589.00058197   899.99909567
 37100.00681992](38589.03575872471)
22:16:38:INFO:RESULT:time_scale:
[  21.22535294 1550.08019259]
22:16:38:INFO:SAVE:message:saving bunch of data...
22:16:38:INFO:SAVE:message:saving optimizer data ...
