22:07:30:INFO:GENERAL:seed:1
22:07:30:INFO:GENERAL:rho:[0.001, 0.001, 0.0001]
22:07:30:INFO:GENERAL:bounds_z:[(1e-06, 0.3), (1e-06, 0.3), (588.999411, 589.000589), (1e-06, 1800), (1e-06, 74200)]
22:07:31:INFO:OPTIMIZER:x:
[    0.04109917     0.00382021   589.00057593   621.72836704
 36963.96885082]
22:07:31:INFO:OPTIMIZER:fun:0.000995923052705994
22:07:31:INFO:OPTIMIZER:nfev:9062
22:07:31:INFO:OPTIMIZER:nit:140
22:07:31:INFO:OPTIMIZER:message:Optimization terminated successfully.
22:07:31:INFO:OPTIMIZER:success:True
22:07:31:INFO:OPTIMIZER:constr:[array([0.])]
22:07:31:INFO:OPTIMIZER:constr_violation:0.0
22:07:31:INFO:OPTIMIZER:maxcv:0.0
22:07:31:INFO:RESULT:A:
[[-0.04109917  0.03893571  0.        ]
 [ 0.04109917 -0.04275592  0.00006426]
 [ 0.          0.00382021 -0.00006426]]
22:07:31:INFO:RESULT:m_eq:
[  589.00057593   621.72836704 36963.96885082](38174.69779378591)
22:07:31:INFO:RESULT:x_vec:
[    0.04109917     0.00382021   589.00057593   621.72836704
 36963.96885082](38174.742713169115)
22:07:31:INFO:RESULT:time_scale:
[ 12.20398134 505.33698712]
22:07:31:INFO:SAVE:message:saving bunch of data...
22:07:31:INFO:SAVE:message:saving optimizer data ...
