22:16:14:INFO:GENERAL:seed:1
22:16:14:INFO:GENERAL:rho:[0.001, 0.01, 0.0001]
22:16:14:INFO:GENERAL:bounds_z:[(1e-06, 0.3), (1e-06, 0.3), (588.999411, 589.000589), (1e-06, 1800), (1e-06, 74200)]
22:16:16:INFO:OPTIMIZER:x:
[    0.03343185     0.00226006   589.0005575    758.86510349
 37101.74129626]
22:16:16:INFO:OPTIMIZER:fun:0.0017697248301207676
22:16:16:INFO:OPTIMIZER:nfev:9506
22:16:16:INFO:OPTIMIZER:nit:148
22:16:16:INFO:OPTIMIZER:message:Optimization terminated successfully.
22:16:16:INFO:OPTIMIZER:success:True
22:16:16:INFO:OPTIMIZER:constr:[array([0.])]
22:16:16:INFO:OPTIMIZER:constr_violation:0.0
22:16:16:INFO:OPTIMIZER:maxcv:0.0
22:16:16:INFO:RESULT:A:
[[-0.03343185  0.02594846  0.        ]
 [ 0.03343185 -0.02820852  0.00004623]
 [ 0.          0.00226006 -0.00004623]]
22:16:16:INFO:RESULT:m_eq:
[  589.0005575    758.86510349 37101.74129626](38449.606957255965)
22:16:16:INFO:RESULT:x_vec:
[    0.03343185     0.00226006   589.0005575    758.86510349
 37101.74129626](38449.64264916711)
22:16:16:INFO:RESULT:time_scale:
[ 16.55903971 771.23557478]
22:16:16:INFO:SAVE:message:saving bunch of data...
22:16:16:INFO:SAVE:message:saving optimizer data ...
