21:20:55:INFO:GENERAL:seed:1
21:20:55:INFO:GENERAL:rho:[0.001, 0.001, 0.0]
21:20:55:INFO:GENERAL:bounds_z:[(1e-06, 0.3), (1e-06, 0.3), (588.999411, 589.000589), (1e-06, 1800), (1e-06, 74200)]
21:20:56:INFO:OPTIMIZER:x:
[    0.04109839     0.0038199    589.00049185   621.73654875
 36975.35204523]
21:20:56:INFO:OPTIMIZER:fun:0.000995923076684463
21:20:56:INFO:OPTIMIZER:nfev:8323
21:20:56:INFO:OPTIMIZER:nit:129
21:20:56:INFO:OPTIMIZER:message:Optimization terminated successfully.
21:20:56:INFO:OPTIMIZER:success:True
21:20:56:INFO:OPTIMIZER:constr:[array([0.])]
21:20:56:INFO:OPTIMIZER:constr_violation:0.0
21:20:56:INFO:OPTIMIZER:maxcv:0.0
21:20:56:INFO:RESULT:A:
[[-0.04109839  0.03893446  0.        ]
 [ 0.04109839 -0.04275436  0.00006423]
 [ 0.          0.0038199  -0.00006423]]
21:20:56:INFO:RESULT:m_eq:
[  589.00049185   621.73654875 36975.35204523](38186.08908583542)
21:20:56:INFO:RESULT:x_vec:
[    0.04109839     0.0038199    589.00049185   621.73654875
 36975.35204523](38186.13400412889)
21:20:56:INFO:RESULT:time_scale:
[ 12.2043098  505.37892941]
21:20:56:INFO:SAVE:message:saving bunch of data...
21:20:56:INFO:SAVE:message:saving optimizer data ...
