21:21:08:INFO:GENERAL:seed:1
21:21:08:INFO:GENERAL:rho:[0.0001, 0.1, 0.0]
21:21:08:INFO:GENERAL:bounds_z:[(1e-06, 0.3), (1e-06, 0.3), (588.999411, 589.000589), (1e-06, 1800), (1e-06, 74200)]
21:21:10:INFO:OPTIMIZER:x:
[    0.02853917     0.00103001   588.99998779   899.99998784
 37100.0003609 ]
21:21:10:INFO:OPTIMIZER:fun:0.0017631756776811673
21:21:10:INFO:OPTIMIZER:nfev:9418
21:21:10:INFO:OPTIMIZER:nit:146
21:21:10:INFO:OPTIMIZER:message:Optimization terminated successfully.
21:21:10:INFO:OPTIMIZER:success:True
21:21:10:INFO:OPTIMIZER:constr:[array([0.])]
21:21:10:INFO:OPTIMIZER:constr_violation:0.0
21:21:10:INFO:OPTIMIZER:maxcv:0.0
21:21:10:INFO:RESULT:A:
[[-0.02853917  0.0186773   0.        ]
 [ 0.02853917 -0.01970731  0.00002499]
 [ 0.          0.00103001 -0.00002499]]
21:21:10:INFO:RESULT:m_eq:
[  588.99998779   899.99998784 37100.0003609 ](38589.000336528086)
21:21:10:INFO:RESULT:x_vec:
[    0.02853917     0.00103001   588.99998779   899.99998784
 37100.0003609 ](38589.02990570654)
21:21:10:INFO:RESULT:time_scale:
[  20.99538274 1557.76837667]
21:21:10:INFO:SAVE:message:saving bunch of data...
21:21:10:INFO:SAVE:message:saving optimizer data ...
