21:23:14:INFO:GENERAL:seed:1
21:23:14:INFO:GENERAL:rho:[0.001, 0.01, 0.1]
21:23:14:INFO:GENERAL:bounds_z:[(1e-06, 0.3), (1e-06, 0.3), (588.999411, 589.000589), (1e-06, 1800), (1e-06, 74200)]
21:23:16:INFO:OPTIMIZER:x:
[    0.03344146     0.0022612    589.00057412   758.79689192
 37101.35672026]
21:23:16:INFO:OPTIMIZER:fun:0.0017697246295233363
21:23:16:INFO:OPTIMIZER:nfev:8998
21:23:16:INFO:OPTIMIZER:nit:139
21:23:16:INFO:OPTIMIZER:message:Optimization terminated successfully.
21:23:16:INFO:OPTIMIZER:success:True
21:23:16:INFO:OPTIMIZER:constr:[array([0.])]
21:23:16:INFO:OPTIMIZER:constr_violation:0.0
21:23:16:INFO:OPTIMIZER:maxcv:0.0
21:23:16:INFO:RESULT:A:
[[-0.03344146  0.02595825  0.        ]
 [ 0.03344146 -0.02821945  0.00004625]
 [ 0.          0.0022612  -0.00004625]]
21:23:16:INFO:RESULT:m_eq:
[  589.00057412   758.79689192 37101.35672026](38449.15418630667)
21:23:16:INFO:RESULT:x_vec:
[    0.03344146     0.0022612    589.00057412   758.79689192
 37101.35672026](38449.18988896764)
21:23:16:INFO:RESULT:time_scale:
[ 16.55356605 770.88179738]
21:23:16:INFO:SAVE:message:saving bunch of data...
21:23:16:INFO:SAVE:message:saving optimizer data ...
