21:12:41:INFO:GENERAL:seed:1
21:12:41:INFO:GENERAL:rho:[0.0, 0.0, 0.0001]
21:12:41:INFO:GENERAL:bounds_z:[(1e-06, 0.3), (1e-06, 0.3), (588.999411, 589.000589), (1e-06, 1800), (1e-06, 74200)]
21:12:43:INFO:OPTIMIZER:x:
[   0.0808035     0.01248743  589.00043609  714.17872612 1272.4552826 ]
21:12:43:INFO:OPTIMIZER:fun:0.00027378941993605097
21:12:43:INFO:OPTIMIZER:nfev:13959
21:12:43:INFO:OPTIMIZER:nit:216
21:12:43:INFO:OPTIMIZER:message:Optimization terminated successfully.
21:12:43:INFO:OPTIMIZER:success:True
21:12:43:INFO:OPTIMIZER:constr:[array([0.])]
21:12:43:INFO:OPTIMIZER:constr_violation:0.0
21:12:43:INFO:OPTIMIZER:maxcv:0.0
21:12:43:INFO:RESULT:A:
[[-0.0808035   0.0666406   0.        ]
 [ 0.0808035  -0.07912803  0.0070087 ]
 [ 0.          0.01248743 -0.0070087 ]]
21:12:43:INFO:RESULT:m_eq:
[ 589.00043609  714.17872612 1272.4552826 ](2575.634444814958)
21:12:43:INFO:RESULT:x_vec:
[   0.0808035     0.01248743  589.00043609  714.17872612 1272.4552826 ](2575.7277357447247)
21:12:43:INFO:RESULT:time_scale:
[ 6.50841157 75.22809713]
21:12:43:INFO:SAVE:message:saving bunch of data...
21:12:43:INFO:SAVE:message:saving optimizer data ...
