22:16:51:INFO:GENERAL:seed:1
22:16:51:INFO:GENERAL:rho:[0.01, 0.0001, 0.01]
22:16:51:INFO:GENERAL:bounds_z:[(1e-06, 0.3), (1e-06, 0.3), (1e-06, 0.3), (588.999411, 589.000589), (1e-06, 1800), (1e-06, 74200), (1e-06, 1100)]
22:16:57:INFO:OPTIMIZER:x:
[    0.01604835     0.00242488     0.04307725   589.00054685
   687.35406987 36875.38159412   193.79866443]
22:16:57:INFO:OPTIMIZER:fun:0.0007055682389936991
22:16:57:INFO:OPTIMIZER:nfev:30294
22:16:57:INFO:OPTIMIZER:nit:472
22:16:57:INFO:OPTIMIZER:message:Optimization terminated successfully.
22:16:57:INFO:OPTIMIZER:success:True
22:16:57:INFO:OPTIMIZER:constr:[array([0.])]
22:16:57:INFO:OPTIMIZER:constr_violation:0.0
22:16:57:INFO:OPTIMIZER:maxcv:0.0
22:16:57:INFO:RESULT:A:
[[-0.0591256   0.01375199  0.          0.13092209]
 [ 0.01604835 -0.01617688  0.0000452   0.        ]
 [ 0.          0.00242488 -0.0000452   0.        ]
 [ 0.04307725  0.          0.         -0.13092209]]
22:16:57:INFO:RESULT:m_eq:
[  589.00054685   687.35406987 36875.38159412   193.79866443](38345.53487526717)
22:16:57:INFO:RESULT:x_vec:
[    0.01604835     0.00242488     0.04307725   589.00054685
   687.35406987 36875.38159412   193.79866443](38345.59642575588)
22:16:57:INFO:RESULT:time_scale:
[  5.5975472   37.73435808 893.61936355]
22:16:57:INFO:SAVE:message:saving bunch of data...
22:16:57:INFO:SAVE:message:saving optimizer data ...
