22:03:22:INFO:GENERAL:seed:1
22:03:22:INFO:GENERAL:rho:[0.001, 0.1, 0.001]
22:03:22:INFO:GENERAL:bounds_z:[(1e-06, 0.3), (1e-06, 0.3), (1e-06, 0.3), (588.999411, 589.000589), (1e-06, 1800), (1e-06, 74200), (1e-06, 1100)]
22:03:25:INFO:OPTIMIZER:x:
[    0.01508206     0.00446565     0.05808686   589.00000551
   900.00000223 37099.99961184   550.00000084]
22:03:25:INFO:OPTIMIZER:fun:0.0010781522149200576
22:03:25:INFO:OPTIMIZER:nfev:14263
22:03:25:INFO:OPTIMIZER:nit:218
22:03:25:INFO:OPTIMIZER:message:Optimization terminated successfully.
22:03:25:INFO:OPTIMIZER:success:True
22:03:25:INFO:OPTIMIZER:constr:[array([0.])]
22:03:25:INFO:OPTIMIZER:constr_violation:0.0
22:03:25:INFO:OPTIMIZER:maxcv:0.0
22:03:25:INFO:RESULT:A:
[[-0.07316892  0.00987037  0.          0.06220575]
 [ 0.01508206 -0.01433602  0.00010833  0.        ]
 [ 0.          0.00446565 -0.00010833  0.        ]
 [ 0.05808686  0.          0.         -0.06220575]]
22:03:25:INFO:RESULT:m_eq:
[  589.00000551   900.00000223 37099.99961184   550.00000084](39138.9996204165)
22:03:25:INFO:RESULT:x_vec:
[    0.01508206     0.00446565     0.05808686   589.00000551
   900.00000223 37099.99961184   550.00000084](39139.07725498332)
22:03:25:INFO:RESULT:time_scale:
[  7.76633563  51.87389015 561.59547325]
22:03:25:INFO:SAVE:message:saving bunch of data...
22:03:25:INFO:SAVE:message:saving optimizer data ...
