21:15:16:INFO:GENERAL:seed:1
21:15:16:INFO:GENERAL:rho:[0.1, 0.01, 0.1]
21:15:16:INFO:GENERAL:bounds_z:[(1e-06, 0.3), (1e-06, 0.3), (1e-06, 0.3), (588.999411, 589.000589), (1e-06, 1800), (1e-06, 74200), (1e-06, 1100)]
21:15:23:INFO:OPTIMIZER:x:
[    0.02023208     0.00216688     0.0228077    588.99987755
   899.99992285 37099.99214621   549.9996328 ]
21:15:23:INFO:OPTIMIZER:fun:0.003937658720020063
21:15:23:INFO:OPTIMIZER:nfev:40403
21:15:23:INFO:OPTIMIZER:nit:627
21:15:23:INFO:OPTIMIZER:message:Optimization terminated successfully.
21:15:23:INFO:OPTIMIZER:success:True
21:15:23:INFO:OPTIMIZER:constr:[array([0.])]
21:15:23:INFO:OPTIMIZER:constr_violation:0.0
21:15:23:INFO:OPTIMIZER:maxcv:0.0
21:15:23:INFO:RESULT:A:
[[-0.04303979  0.01324077  0.          0.02442499]
 [ 0.02023208 -0.01540765  0.00005257  0.        ]
 [ 0.          0.00216688 -0.00005257  0.        ]
 [ 0.0228077   0.          0.         -0.02442499]]
21:15:23:INFO:RESULT:m_eq:
[  588.99987755   899.99992285 37099.99214621   549.9996328 ](39138.9915794012)
21:15:23:INFO:RESULT:x_vec:
[    0.02023208     0.00216688     0.0228077    588.99987755
   899.99992285 37099.99214621   549.9996328 ](39139.03678607013)
21:15:23:INFO:RESULT:time_scale:
[  15.85441882   52.89979755 1055.48025897]
21:15:23:INFO:SAVE:message:saving bunch of data...
21:15:23:INFO:SAVE:message:saving optimizer data ...
