21:13:21:INFO:GENERAL:seed:1
21:13:21:INFO:GENERAL:rho:[0.001, 0.0001, 0.001]
21:13:21:INFO:GENERAL:bounds_z:[(1e-06, 0.3), (1e-06, 0.3), (1e-06, 0.3), (588.999411, 589.000589), (1e-06, 1800), (1e-06, 74200), (1e-06, 1100)]
21:13:26:INFO:OPTIMIZER:x:
[    0.06419532     0.01104427     0.02730594   588.99946751
   278.96964837 36169.76484866   708.18342928]
21:13:26:INFO:OPTIMIZER:fun:0.0002948857161084532
21:13:26:INFO:OPTIMIZER:nfev:25524
21:13:26:INFO:OPTIMIZER:nit:396
21:13:26:INFO:OPTIMIZER:message:Optimization terminated successfully.
21:13:26:INFO:OPTIMIZER:success:True
21:13:26:INFO:OPTIMIZER:constr:[array([0.])]
21:13:26:INFO:OPTIMIZER:constr_violation:0.0
21:13:26:INFO:OPTIMIZER:maxcv:0.0
21:13:26:INFO:RESULT:A:
[[-0.09150126  0.13553807  0.          0.02271048]
 [ 0.06419532 -0.14658234  0.00008518  0.        ]
 [ 0.          0.01104427 -0.00008518  0.        ]
 [ 0.02730594  0.          0.         -0.02271048]]
21:13:26:INFO:RESULT:m_eq:
[  588.99946751   278.96964837 36169.76484866   708.18342928](37745.91739381519)
21:13:26:INFO:RESULT:x_vec:
[    0.06419532     0.01104427     0.02730594   588.99946751
   278.96964837 36169.76484866   708.18342928](37746.019939343496)
21:13:26:INFO:RESULT:time_scale:
[  4.59860428  24.0599592  537.88327976]
21:13:26:INFO:SAVE:message:saving bunch of data...
21:13:26:INFO:SAVE:message:saving optimizer data ...
