21:13:19:INFO:GENERAL:seed:1
21:13:19:INFO:GENERAL:rho:[0.001, 0.001, 0.001]
21:13:19:INFO:GENERAL:bounds_z:[(1e-06, 0.3), (1e-06, 0.3), (1e-06, 0.3), (588.999411, 589.000589), (1e-06, 1800), (1e-06, 74200), (1e-06, 1100)]
21:13:24:INFO:OPTIMIZER:x:
[    0.0252619      0.00306151     0.06174581   588.99991117
  1013.60776881 37060.45889937   321.60715088]
21:13:24:INFO:OPTIMIZER:fun:0.00033664091148386227
21:13:24:INFO:OPTIMIZER:nfev:23703
21:13:24:INFO:OPTIMIZER:nit:369
21:13:24:INFO:OPTIMIZER:message:Optimization terminated successfully.
21:13:24:INFO:OPTIMIZER:success:True
21:13:24:INFO:OPTIMIZER:constr:[array([0.])]
21:13:24:INFO:OPTIMIZER:constr_violation:0.0
21:13:24:INFO:OPTIMIZER:maxcv:0.0
21:13:24:INFO:RESULT:A:
[[-0.08700771  0.0146795   0.          0.11308293]
 [ 0.0252619  -0.01774102  0.00008373  0.        ]
 [ 0.          0.00306151 -0.00008373  0.        ]
 [ 0.06174581  0.          0.         -0.11308293]]
21:13:24:INFO:RESULT:m_eq:
[  588.99991117  1013.60776881 37060.45889937   321.60715088](38984.673730230184)
21:13:24:INFO:RESULT:x_vec:
[    0.0252619      0.00306151     0.06174581   588.99991117
  1013.60776881 37060.45889937   321.60715088](38984.76379945681)
21:13:24:INFO:RESULT:time_scale:
[  5.38913171  32.52657679 620.09800137]
21:13:24:INFO:SAVE:message:saving bunch of data...
21:13:24:INFO:SAVE:message:saving optimizer data ...
