21:13:50:INFO:GENERAL:seed:1
21:13:50:INFO:GENERAL:rho:[0.0, 0.0, 0.01]
21:13:50:INFO:GENERAL:bounds_z:[(1e-06, 0.3), (1e-06, 0.3), (588.999411, 589.000589), (1e-06, 1800), (1e-06, 74200)]
21:13:52:INFO:OPTIMIZER:x:
[   0.08080242    0.01248782  589.00032155  714.17673236 1272.46204287]
21:13:52:INFO:OPTIMIZER:fun:0.0002737894296724096
21:13:52:INFO:OPTIMIZER:nfev:11706
21:13:52:INFO:OPTIMIZER:nit:180
21:13:52:INFO:OPTIMIZER:message:Optimization terminated successfully.
21:13:52:INFO:OPTIMIZER:success:True
21:13:52:INFO:OPTIMIZER:constr:[array([0.])]
21:13:52:INFO:OPTIMIZER:constr_violation:0.0
21:13:52:INFO:OPTIMIZER:maxcv:0.0
21:13:52:INFO:RESULT:A:
[[-0.08080242  0.06663988  0.        ]
 [ 0.08080242 -0.0791277   0.00700886]
 [ 0.          0.01248782 -0.00700886]]
21:13:52:INFO:RESULT:m_eq:
[ 589.00032155  714.17673236 1272.46204287](2575.639096779634)
21:13:52:INFO:RESULT:x_vec:
[   0.08080242    0.01248782  589.00032155  714.17673236 1272.46204287](2575.732387018177)
21:13:52:INFO:RESULT:time_scale:
[ 6.50847826 75.22624886]
21:13:52:INFO:SAVE:message:saving bunch of data...
21:13:52:INFO:SAVE:message:saving optimizer data ...
