22:02:43:INFO:GENERAL:seed:1
22:02:43:INFO:GENERAL:rho:[0.0, 0.0001, 0.0001]
22:02:43:INFO:GENERAL:bounds_z:[(1e-06, 0.3), (1e-06, 0.3), (588.999411, 589.000589), (1e-06, 1800), (1e-06, 74200)]
22:02:45:INFO:OPTIMIZER:x:
[   0.08077925    0.01247354  589.00014859  714.48075671 1272.65274179]
22:02:45:INFO:OPTIMIZER:fun:0.00030670576648316123
22:02:45:INFO:OPTIMIZER:nfev:14198
22:02:45:INFO:OPTIMIZER:nit:222
22:02:45:INFO:OPTIMIZER:message:Optimization terminated successfully.
22:02:45:INFO:OPTIMIZER:success:True
22:02:45:INFO:OPTIMIZER:constr:[array([0.])]
22:02:45:INFO:OPTIMIZER:constr_violation:0.0
22:02:45:INFO:OPTIMIZER:maxcv:0.0
22:02:45:INFO:RESULT:A:
[[-0.08077925  0.0665924   0.        ]
 [ 0.08077925 -0.07906594  0.00700278]
 [ 0.          0.01247354 -0.00700278]]
22:02:45:INFO:RESULT:m_eq:
[ 589.00014859  714.48075671 1272.65274179](2576.133647082228)
22:02:45:INFO:RESULT:x_vec:
[   0.08077925    0.01247354  589.00014859  714.48075671 1272.65274179](2576.226899868312)
22:02:45:INFO:RESULT:time_scale:
[ 6.5118448 75.2918504]
22:02:45:INFO:SAVE:message:saving bunch of data...
22:02:45:INFO:SAVE:message:saving optimizer data ...
