22:15:34:INFO:GENERAL:seed:1
22:15:34:INFO:GENERAL:rho:[0.01, 0.0, 0.0001]
22:15:34:INFO:GENERAL:bounds_z:[(1e-06, 0.3), (1e-06, 0.3), (588.999411, 589.000589), (1e-06, 1800), (1e-06, 74200)]
22:15:37:INFO:OPTIMIZER:x:
[  0.05304038   0.01409578 588.99979765 432.99823585 780.87596434]
22:15:37:INFO:OPTIMIZER:fun:0.0007405151003008533
22:15:37:INFO:OPTIMIZER:nfev:14391
22:15:37:INFO:OPTIMIZER:nit:223
22:15:37:INFO:OPTIMIZER:message:Optimization terminated successfully.
22:15:37:INFO:OPTIMIZER:success:True
22:15:37:INFO:OPTIMIZER:constr:[array([0.])]
22:15:37:INFO:OPTIMIZER:constr_violation:0.0
22:15:37:INFO:OPTIMIZER:maxcv:0.0
22:15:37:INFO:RESULT:A:
[[-0.05304038  0.07214989  0.        ]
 [ 0.05304038 -0.08624567  0.00781615]
 [ 0.          0.01409578 -0.00781615]]
22:15:37:INFO:RESULT:m_eq:
[588.99979765 432.99823585 780.87596434](1802.8739978375338)
22:15:37:INFO:RESULT:x_vec:
[  0.05304038   0.01409578 588.99979765 432.99823585 780.87596434](1802.9411339971712)
22:15:37:INFO:RESULT:time_scale:
[ 7.44912954 77.77060387]
22:15:37:INFO:SAVE:message:saving bunch of data...
22:15:37:INFO:SAVE:message:saving optimizer data ...
