21:21:25:INFO:GENERAL:seed:1
21:21:25:INFO:GENERAL:rho:[0.0001, 0.01, 0.0001]
21:21:25:INFO:GENERAL:bounds_z:[(1e-06, 0.3), (1e-06, 0.3), (588.999411, 589.000589), (1e-06, 1800), (1e-06, 74200)]
21:21:27:INFO:OPTIMIZER:x:
[    0.0337725      0.00232612   589.00057648   752.09773611
 37098.86798221]
21:21:27:INFO:OPTIMIZER:fun:0.001751077573800869
21:21:27:INFO:OPTIMIZER:nfev:9674
21:21:27:INFO:OPTIMIZER:nit:150
21:21:27:INFO:OPTIMIZER:message:Optimization terminated successfully.
21:21:27:INFO:OPTIMIZER:success:True
21:21:27:INFO:OPTIMIZER:constr:[array([0.])]
21:21:27:INFO:OPTIMIZER:constr_violation:0.0
21:21:27:INFO:OPTIMIZER:maxcv:0.0
21:21:27:INFO:RESULT:A:
[[-0.0337725   0.02644872  0.        ]
 [ 0.0337725  -0.02877484  0.00004716]
 [ 0.          0.00232612 -0.00004716]]
21:21:27:INFO:RESULT:m_eq:
[  589.00057648   752.09773611 37098.86798221](38439.96629479984)
21:21:27:INFO:RESULT:x_vec:
[    0.0337725      0.00232612   589.00057648   752.09773611
 37098.86798221](38440.002393420626)
21:21:27:INFO:RESULT:time_scale:
[ 16.32229882 752.66299004]
21:21:27:INFO:SAVE:message:saving bunch of data...
21:21:27:INFO:SAVE:message:saving optimizer data ...
