21:22:26:INFO:GENERAL:seed:1
21:22:26:INFO:GENERAL:rho:[0.1, 0.0, 0.1]
21:22:26:INFO:GENERAL:bounds_z:[(1e-06, 0.3), (1e-06, 0.3), (588.999411, 589.000589), (1e-06, 1800), (1e-06, 74200)]
21:22:28:INFO:OPTIMIZER:x:
[    0.02990319     0.00235839   588.99982941   756.84231829
 74188.66018324]
21:22:28:INFO:OPTIMIZER:fun:0.0031719511390695945
21:22:28:INFO:OPTIMIZER:nfev:8889
21:22:28:INFO:OPTIMIZER:nit:138
21:22:28:INFO:OPTIMIZER:message:Optimization terminated successfully.
21:22:28:INFO:OPTIMIZER:success:True
21:22:28:INFO:OPTIMIZER:constr:[array([0.])]
21:22:28:INFO:OPTIMIZER:constr_violation:0.0
21:22:28:INFO:OPTIMIZER:maxcv:0.0
21:22:28:INFO:RESULT:A:
[[-0.02990319  0.02327166  0.        ]
 [ 0.02990319 -0.02563005  0.00002406]
 [ 0.          0.00235839 -0.00002406]]
21:22:28:INFO:RESULT:m_eq:
[  588.99982941   756.84231829 74188.66018324](75534.50233094566)
21:22:28:INFO:RESULT:x_vec:
[    0.02990319     0.00235839   588.99982941   756.84231829
 74188.66018324](75534.53459252961)
21:22:28:INFO:RESULT:time_scale:
[ 18.43884108 755.31035338]
21:22:28:INFO:SAVE:message:saving bunch of data...
21:22:28:INFO:SAVE:message:saving optimizer data ...
