22:07:06:INFO:GENERAL:seed:1
22:07:06:INFO:GENERAL:rho:[0.01, 0.0001, 0.0]
22:07:06:INFO:GENERAL:bounds_z:[(1e-06, 0.3), (1e-06, 0.3), (588.999411, 589.000589), (1e-06, 1800), (1e-06, 74200)]
22:07:09:INFO:OPTIMIZER:x:
[  0.05300749   0.0140717  589.00001419 433.32397726 780.85857431]
22:07:09:INFO:OPTIMIZER:fun:0.0007774445524975088
22:07:09:INFO:OPTIMIZER:nfev:15409
22:07:09:INFO:OPTIMIZER:nit:240
22:07:09:INFO:OPTIMIZER:message:Optimization terminated successfully.
22:07:09:INFO:OPTIMIZER:success:True
22:07:09:INFO:OPTIMIZER:constr:[array([0.])]
22:07:09:INFO:OPTIMIZER:constr_violation:0.0
22:07:09:INFO:OPTIMIZER:maxcv:0.0
22:07:09:INFO:RESULT:A:
[[-0.05300749  0.07205097  0.        ]
 [ 0.05300749 -0.08612267  0.00780885]
 [ 0.          0.0140717  -0.00780885]]
22:07:09:INFO:RESULT:m_eq:
[589.00001419 433.32397726 780.85857431](1803.1825657610543)
22:07:09:INFO:RESULT:x_vec:
[  0.05300749   0.0140717  589.00001419 433.32397726 780.85857431](1803.2496449531302)
22:07:09:INFO:RESULT:time_scale:
[ 7.4574688  77.84977325]
22:07:09:INFO:SAVE:message:saving bunch of data...
22:07:09:INFO:SAVE:message:saving optimizer data ...
