22:04:29:INFO:GENERAL:seed:1
22:04:29:INFO:GENERAL:rho:[0.0001, 0.1, 0.1]
22:04:29:INFO:GENERAL:bounds_z:[(1e-06, 0.3), (1e-06, 0.3), (1e-06, 0.3), (588.999411, 589.000589), (1e-06, 1800), (1e-06, 74200), (1e-06, 1100)]
22:04:35:INFO:OPTIMIZER:x:
[    0.02350316     0.00204348     0.02725037   588.9999991
   899.99997323 37099.99837568   550.00000104]
22:04:35:INFO:OPTIMIZER:fun:0.001701275289086856
22:04:35:INFO:OPTIMIZER:nfev:31050
22:04:35:INFO:OPTIMIZER:nit:481
22:04:35:INFO:OPTIMIZER:message:Optimization terminated successfully.
22:04:35:INFO:OPTIMIZER:success:True
22:04:35:INFO:OPTIMIZER:constr:[array([0.])]
22:04:35:INFO:OPTIMIZER:constr_violation:0.0
22:04:35:INFO:OPTIMIZER:maxcv:0.0
22:04:35:INFO:RESULT:A:
[[-0.05075353  0.01538151  0.          0.02918267]
 [ 0.02350316 -0.017425    0.00004957  0.        ]
 [ 0.          0.00204348 -0.00004957  0.        ]
 [ 0.02725037  0.          0.         -0.02918267]]
22:04:35:INFO:RESULT:m_eq:
[  588.9999991    899.99997323 37099.99837568   550.00000104](39138.998349050526)
22:04:35:INFO:RESULT:x_vec:
[    0.02350316     0.00204348     0.02725037   588.9999991
   899.99997323 37099.99837568   550.00000104](39139.05114606679)
22:04:35:INFO:RESULT:time_scale:
[  13.40648197   45.62988732 1105.54822455]
22:04:35:INFO:SAVE:message:saving bunch of data...
22:04:35:INFO:SAVE:message:saving optimizer data ...
