21:22:08:INFO:GENERAL:seed:1
21:22:08:INFO:GENERAL:rho:[0.1, 0.0, 0.001]
21:22:08:INFO:GENERAL:bounds_z:[(1e-06, 0.3), (1e-06, 0.3), (1e-06, 0.3), (588.999411, 589.000589), (1e-06, 1800), (1e-06, 74200), (1e-06, 1100)]
21:22:13:INFO:OPTIMIZER:x:
[   0.00404761    0.00000102    0.02890065  589.00022945 1799.98320155
   18.55804422  529.1004678 ]
21:22:13:INFO:OPTIMIZER:fun:0.003544927240145566
21:22:13:INFO:OPTIMIZER:nfev:20770
21:22:13:INFO:OPTIMIZER:nit:559
21:22:13:INFO:OPTIMIZER:message:Optimization terminated successfully.
21:22:13:INFO:OPTIMIZER:success:True
21:22:13:INFO:OPTIMIZER:constr:[array([0.])]
21:22:13:INFO:OPTIMIZER:constr_violation:0.0
21:22:13:INFO:OPTIMIZER:maxcv:0.0
21:22:13:INFO:RESULT:A:
[[-0.03294826  0.00132448  0.          0.03217251]
 [ 0.00404761 -0.00132551  0.00009938  0.        ]
 [ 0.          0.00000102 -0.00009938  0.        ]
 [ 0.02890065  0.          0.         -0.03217251]]
21:22:13:INFO:RESULT:m_eq:
[ 589.00022945 1799.98320155   18.55804422  529.1004678 ](2936.6419430191336)
21:22:13:INFO:RESULT:x_vec:
[   0.00404761    0.00000102    0.02890065  589.00022945 1799.98320155
   18.55804422  529.1004678 ](2936.6748923012246)
21:22:13:INFO:RESULT:time_scale:
[  15.84797402  298.85529754 9999.85764489]
21:22:13:INFO:SAVE:message:saving bunch of data...
21:22:13:INFO:SAVE:message:saving optimizer data ...
