22:06:41:INFO:GENERAL:seed:1
22:06:41:INFO:GENERAL:rho:[0.0, 0.0001, 0.0]
22:06:41:INFO:GENERAL:bounds_z:[(1e-06, 0.3), (1e-06, 0.3), (588.999411, 589.000589), (1e-06, 1800), (1e-06, 74200)]
22:06:43:INFO:OPTIMIZER:x:
[  0.05725804   0.01648491 589.00006594 402.25298128 787.02217553]
22:06:43:INFO:OPTIMIZER:fun:0.00025662339986444525
22:06:43:INFO:OPTIMIZER:nfev:15109
22:06:43:INFO:OPTIMIZER:nit:234
22:06:43:INFO:OPTIMIZER:message:Optimization terminated successfully.
22:06:43:INFO:OPTIMIZER:success:True
22:06:43:INFO:OPTIMIZER:constr:[array([0.])]
22:06:43:INFO:OPTIMIZER:constr_violation:0.0
22:06:43:INFO:OPTIMIZER:maxcv:0.0
22:06:43:INFO:RESULT:A:
[[-0.05725804  0.08384024  0.        ]
 [ 0.05725804 -0.10032515  0.00842556]
 [ 0.          0.01648491 -0.00842556]]
22:06:43:INFO:RESULT:m_eq:
[589.00006594 402.25298128 787.02217553](1778.275222749417)
22:06:43:INFO:RESULT:x_vec:
[  0.05725804   0.01648491 589.00006594 402.25298128 787.02217553](1778.3489656930506)
22:06:43:INFO:RESULT:time_scale:
[ 6.58001282 71.25877139]
22:06:43:INFO:SAVE:message:saving bunch of data...
22:06:43:INFO:SAVE:message:saving optimizer data ...
