21:13:51:INFO:GENERAL:seed:1
21:13:51:INFO:GENERAL:rho:[0.1, 0.0, 0.01]
21:13:51:INFO:GENERAL:bounds_z:[(1e-06, 0.3), (1e-06, 0.3), (1e-06, 0.3), (588.999411, 589.000589), (1e-06, 1800), (1e-06, 74200), (1e-06, 1100)]
21:13:58:INFO:OPTIMIZER:x:
[    0.02152529     0.00347557     0.02514629   589.00018516
   825.01352679 74184.54357059   495.6521971 ]
21:13:58:INFO:OPTIMIZER:fun:0.003892679911403266
21:13:58:INFO:OPTIMIZER:nfev:34353
21:13:58:INFO:OPTIMIZER:nit:534
21:13:58:INFO:OPTIMIZER:message:Optimization terminated successfully.
21:13:58:INFO:OPTIMIZER:success:True
21:13:58:INFO:OPTIMIZER:constr:[array([0.])]
21:13:58:INFO:OPTIMIZER:constr_violation:0.0
21:13:58:INFO:OPTIMIZER:maxcv:0.0
21:13:58:INFO:RESULT:A:
[[-0.04667158  0.0153675   0.          0.02988219]
 [ 0.02152529 -0.01884308  0.00003865  0.        ]
 [ 0.          0.00347557 -0.00003865  0.        ]
 [ 0.02514629  0.          0.         -0.02988219]]
21:13:58:INFO:RESULT:m_eq:
[  589.00018516   825.01352679 74184.54357059   495.6521971 ](76094.20947963193)
21:13:58:INFO:RESULT:x_vec:
[    0.02152529     0.00347557     0.02514629   589.00018516
   825.01352679 74184.54357059   495.6521971 ](76094.25962678855)
21:13:58:INFO:RESULT:time_scale:
[ 14.04794118  43.78224451 709.02759145]
21:13:58:INFO:SAVE:message:saving bunch of data...
21:13:58:INFO:SAVE:message:saving optimizer data ...
