22:15:53:INFO:GENERAL:seed:1
22:15:53:INFO:GENERAL:rho:[0.0001, 0.0001, 0.0001]
22:15:53:INFO:GENERAL:bounds_z:[(1e-06, 0.3), (1e-06, 0.3), (1e-06, 0.3), (588.999411, 589.000589), (1e-06, 1800), (1e-06, 74200), (1e-06, 1100)]
22:15:57:INFO:OPTIMIZER:x:
[    0.04973106     0.00679295     0.0136022    589.00054045
   212.44862733 37228.28957561   509.35342727]
22:15:57:INFO:OPTIMIZER:fun:0.0002144574780274421
22:15:57:INFO:OPTIMIZER:nfev:21589
22:15:57:INFO:OPTIMIZER:nit:335
22:15:57:INFO:OPTIMIZER:message:Optimization terminated successfully.
22:15:57:INFO:OPTIMIZER:success:True
22:15:57:INFO:OPTIMIZER:constr:[array([0.])]
22:15:57:INFO:OPTIMIZER:constr_violation:0.0
22:15:57:INFO:OPTIMIZER:maxcv:0.0
22:15:57:INFO:RESULT:A:
[[-0.06333326  0.13787626  0.          0.01572917]
 [ 0.04973106 -0.14466921  0.00003876  0.        ]
 [ 0.          0.00679295 -0.00003876  0.        ]
 [ 0.0136022   0.          0.         -0.01572917]]
22:15:57:INFO:RESULT:m_eq:
[  589.00054045   212.44862733 37228.28957561   509.35342727](38539.09217065903)
22:15:57:INFO:RESULT:x_vec:
[    0.04973106     0.00679295     0.0136022    589.00054045
   212.44862733 37228.28957561   509.35342727](38539.16229687437)
22:15:57:INFO:RESULT:time_scale:
[  5.08679412  38.29756215 933.17763637]
22:15:57:INFO:SAVE:message:saving bunch of data...
22:15:57:INFO:SAVE:message:saving optimizer data ...
