22:21:01:INFO:GENERAL:seed:1
22:21:01:INFO:GENERAL:rho:[0.0, 0.1, 0.0]
22:21:01:INFO:GENERAL:bounds_z:[(1e-06, 0.3), (1e-06, 0.3), (1e-06, 0.3), (588.999411, 589.000589), (1e-06, 1800), (1e-06, 74200), (1e-06, 1100)]
22:21:05:INFO:OPTIMIZER:x:
[    0.01478267     0.00466469     0.05988161   588.99999823
   899.99999594 37100.00010555   550.00000007]
22:21:05:INFO:OPTIMIZER:fun:0.00047563604304227085
22:21:05:INFO:OPTIMIZER:nfev:15427
22:21:05:INFO:OPTIMIZER:nit:239
22:21:05:INFO:OPTIMIZER:message:Optimization terminated successfully.
22:21:05:INFO:OPTIMIZER:success:True
22:21:05:INFO:OPTIMIZER:constr:[array([0.])]
22:21:05:INFO:OPTIMIZER:constr_violation:0.0
22:21:05:INFO:OPTIMIZER:maxcv:0.0
22:21:05:INFO:RESULT:A:
[[-0.07466428  0.00967444  0.          0.06412776]
 [ 0.01478267 -0.01433913  0.00011316  0.        ]
 [ 0.          0.00466469 -0.00011316  0.        ]
 [ 0.05988161  0.          0.         -0.06412776]]
22:21:05:INFO:RESULT:m_eq:
[  588.99999823   899.99999594 37100.00010555   550.00000007](39139.00009979812)
22:21:05:INFO:RESULT:x_vec:
[    0.01478267     0.00466469     0.05988161   588.99999823
   899.99999594 37100.00010555   550.00000007](39139.07942877025)
22:21:05:INFO:RESULT:time_scale:
[  7.56151249  52.20839235 542.99199089]
22:21:05:INFO:SAVE:message:saving bunch of data...
22:21:05:INFO:SAVE:message:saving optimizer data ...
