22:15:30:INFO:GENERAL:seed:1
22:15:30:INFO:GENERAL:rho:[0.0001, 0.0001, 0.0]
22:15:30:INFO:GENERAL:bounds_z:[(1e-06, 0.3), (1e-06, 0.3), (1e-06, 0.3), (588.999411, 589.000589), (1e-06, 1800), (1e-06, 74200), (1e-06, 1100)]
22:15:41:INFO:OPTIMIZER:x:
[  0.02371471   0.01052274   0.04227097 589.00050121 485.19422833
 648.17211465 134.16217644]
22:15:41:INFO:OPTIMIZER:fun:0.00014002910092007938
22:15:41:INFO:OPTIMIZER:nfev:57092
22:15:41:INFO:OPTIMIZER:nit:880
22:15:41:INFO:OPTIMIZER:message:Optimization terminated successfully.
22:15:41:INFO:OPTIMIZER:success:True
22:15:41:INFO:OPTIMIZER:constr:[array([0.])]
22:15:41:INFO:OPTIMIZER:constr_violation:0.0
22:15:41:INFO:OPTIMIZER:maxcv:0.0
22:15:41:INFO:RESULT:A:
[[-0.06598568  0.02878842  0.          0.18557856]
 [ 0.02371471 -0.03931116  0.00787688  0.        ]
 [ 0.          0.01052274 -0.00787688  0.        ]
 [ 0.04227097  0.          0.         -0.18557856]]
22:15:41:INFO:RESULT:m_eq:
[589.00050121 485.19422833 648.17211465 134.16217644](1856.5290206269524)
22:15:41:INFO:RESULT:x_vec:
[  0.02371471   0.01052274   0.04227097 589.00050121 485.19422833
 648.17211465 134.16217644](1856.605529052425)
22:15:41:INFO:RESULT:time_scale:
[ 4.28387516 18.18696536 96.76469172]
22:15:41:INFO:SAVE:message:saving bunch of data...
22:15:41:INFO:SAVE:message:saving optimizer data ...
