22:15:27:INFO:GENERAL:seed:1
22:15:27:INFO:GENERAL:rho:[0.001, 0.0, 0.0001]
22:15:27:INFO:GENERAL:bounds_z:[(1e-06, 0.3), (1e-06, 0.3), (588.999411, 589.000589), (1e-06, 1800), (1e-06, 74200)]
22:15:30:INFO:OPTIMIZER:x:
[  0.05682228   0.0162489  589.00009879 405.11200884 786.23960509]
22:15:30:INFO:OPTIMIZER:fun:0.0002741836606491772
22:15:30:INFO:OPTIMIZER:nfev:14762
22:15:30:INFO:OPTIMIZER:nit:229
22:15:30:INFO:OPTIMIZER:message:Optimization terminated successfully.
22:15:30:INFO:OPTIMIZER:success:True
22:15:30:INFO:OPTIMIZER:constr:[array([0.])]
22:15:30:INFO:OPTIMIZER:constr_violation:0.0
22:15:30:INFO:OPTIMIZER:maxcv:0.0
22:15:30:INFO:RESULT:A:
[[-0.05682228  0.082615    0.        ]
 [ 0.05682228 -0.0988639   0.00837229]
 [ 0.          0.0162489  -0.00837229]]
22:15:30:INFO:RESULT:m_eq:
[589.00009879 405.11200884 786.23960509](1780.3517127254288)
22:15:30:INFO:RESULT:x_vec:
[  0.05682228   0.0162489  589.00009879 405.11200884 786.23960509](1780.4247839051714)
22:15:30:INFO:RESULT:time_scale:
[ 6.66077287 71.80948495]
22:15:30:INFO:SAVE:message:saving bunch of data...
22:15:30:INFO:SAVE:message:saving optimizer data ...
