21:12:20:INFO:GENERAL:seed:1
21:12:20:INFO:GENERAL:rho:[0.0, 0.0001, 0.0]
21:12:20:INFO:GENERAL:bounds_z:[(1e-06, 0.3), (1e-06, 0.3), (588.999411, 589.000589), (1e-06, 1800), (1e-06, 74200)]
21:12:22:INFO:OPTIMIZER:x:
[   0.08078268    0.01247385  588.99975627  714.46974596 1272.64812053]
21:12:22:INFO:OPTIMIZER:fun:0.0003067057682248663
21:12:22:INFO:OPTIMIZER:nfev:14083
21:12:22:INFO:OPTIMIZER:nit:219
21:12:22:INFO:OPTIMIZER:message:Optimization terminated successfully.
21:12:22:INFO:OPTIMIZER:success:True
21:12:22:INFO:OPTIMIZER:constr:[array([0.])]
21:12:22:INFO:OPTIMIZER:constr_violation:0.0
21:12:22:INFO:OPTIMIZER:maxcv:0.0
21:12:22:INFO:RESULT:A:
[[-0.08078268  0.06659622  0.        ]
 [ 0.08078268 -0.07907007  0.00700287]
 [ 0.          0.01247385 -0.00700287]]
21:12:22:INFO:RESULT:m_eq:
[ 588.99975627  714.46974596 1272.64812053](2576.1176227631395)
21:12:22:INFO:RESULT:x_vec:
[   0.08078268    0.01247385  588.99975627  714.46974596 1272.64812053](2576.210879302392)
21:12:22:INFO:RESULT:time_scale:
[ 6.51152927 75.29058981]
21:12:22:INFO:SAVE:message:saving bunch of data...
21:12:22:INFO:SAVE:message:saving optimizer data ...
