21:21:54:INFO:GENERAL:seed:1
21:21:54:INFO:GENERAL:rho:[0.01, 0.1, 0.001]
21:21:54:INFO:GENERAL:bounds_z:[(1e-06, 0.3), (1e-06, 0.3), (588.999411, 589.000589), (1e-06, 1800), (1e-06, 74200)]
21:21:56:INFO:OPTIMIZER:x:
[    0.02822452     0.00103449   588.99999612   899.99999941
 37099.99994665]
21:21:56:INFO:OPTIMIZER:fun:0.0019216238516332755
21:21:56:INFO:OPTIMIZER:nfev:9547
21:21:56:INFO:OPTIMIZER:nit:148
21:21:56:INFO:OPTIMIZER:message:Optimization terminated successfully.
21:21:56:INFO:OPTIMIZER:success:True
21:21:56:INFO:OPTIMIZER:constr:[array([0.])]
21:21:56:INFO:OPTIMIZER:constr_violation:0.0
21:21:56:INFO:OPTIMIZER:maxcv:0.0
21:21:56:INFO:RESULT:A:
[[-0.02822452  0.01847138  0.        ]
 [ 0.02822452 -0.01950587  0.0000251 ]
 [ 0.          0.00103449 -0.0000251 ]]
21:21:56:INFO:RESULT:m_eq:
[  588.99999612   899.99999941 37099.99994665](38588.99994218502)
21:21:56:INFO:RESULT:x_vec:
[    0.02822452     0.00103449   588.99999612   899.99999941
 37099.99994665](38589.02920119784)
21:21:56:INFO:RESULT:time_scale:
[  21.22653823 1551.23061625]
21:21:56:INFO:SAVE:message:saving bunch of data...
21:21:56:INFO:SAVE:message:saving optimizer data ...
