22:03:58:INFO:GENERAL:seed:1
22:03:58:INFO:GENERAL:rho:[0.1, 0.001, 0.01]
22:03:58:INFO:GENERAL:bounds_z:[(1e-06, 0.3), (1e-06, 0.3), (588.999411, 589.000589), (1e-06, 1800), (1e-06, 74200)]
22:04:00:INFO:OPTIMIZER:x:
[    0.04929446     0.00282788   588.9997962   1129.04075381
 37212.49458579]
22:04:00:INFO:OPTIMIZER:fun:0.003973200852371656
22:04:00:INFO:OPTIMIZER:nfev:7806
22:04:00:INFO:OPTIMIZER:nit:122
22:04:00:INFO:OPTIMIZER:message:Optimization terminated successfully.
22:04:00:INFO:OPTIMIZER:success:True
22:04:00:INFO:OPTIMIZER:constr:[array([0.])]
22:04:00:INFO:OPTIMIZER:constr_violation:0.0
22:04:00:INFO:OPTIMIZER:maxcv:0.0
22:04:00:INFO:RESULT:A:
[[-0.04929446  0.02571601  0.        ]
 [ 0.04929446 -0.0285439   0.0000858 ]
 [ 0.          0.00282788 -0.0000858 ]]
22:04:00:INFO:RESULT:m_eq:
[  588.9997962   1129.04075381 37212.49458579](38930.53513579906)
22:04:00:INFO:RESULT:x_vec:
[    0.04929446     0.00282788   588.9997962   1129.04075381
 37212.49458579](38930.58725814399)
22:04:00:INFO:RESULT:time_scale:
[ 13.15695739 521.17454245]
22:04:00:INFO:SAVE:message:saving bunch of data...
22:04:00:INFO:SAVE:message:saving optimizer data ...
