22:24:06:INFO:GENERAL:seed:1
22:24:06:INFO:GENERAL:rho:[0.1, 0.0, 0.1]
22:24:06:INFO:GENERAL:bounds_z:[(1e-06, 0.3), (1e-06, 0.3), (1e-06, 0.3), (588.999411, 589.000589), (1e-06, 1800), (1e-06, 74200), (1e-06, 1100)]
22:24:18:INFO:OPTIMIZER:x:
[    0.02152411     0.00347664     0.02513926   588.99969723
   824.76701075 74197.33821581   495.81671622]
22:24:18:INFO:OPTIMIZER:fun:0.0038926795834760444
22:24:18:INFO:OPTIMIZER:nfev:63128
22:24:18:INFO:OPTIMIZER:nit:979
22:24:18:INFO:OPTIMIZER:message:Optimization terminated successfully.
22:24:18:INFO:OPTIMIZER:success:True
22:24:18:INFO:OPTIMIZER:constr:[array([0.])]
22:24:18:INFO:OPTIMIZER:constr_violation:0.0
22:24:18:INFO:OPTIMIZER:maxcv:0.0
22:24:18:INFO:RESULT:A:
[[-0.04666337  0.01537124  0.          0.02986389]
 [ 0.02152411 -0.01884789  0.00003865  0.        ]
 [ 0.          0.00347664 -0.00003865  0.        ]
 [ 0.02513926  0.          0.         -0.02986389]]
22:24:18:INFO:RESULT:m_eq:
[  588.99969723   824.76701075 74197.33821581   495.81671622](76106.92164000687)
22:24:18:INFO:RESULT:x_vec:
[    0.02152411     0.00347664     0.02513926   588.99969723
   824.76701075 74197.33821581   495.81671622](76106.97178002007)
22:24:18:INFO:RESULT:time_scale:
[ 14.05182611  43.78613205 709.02736992]
22:24:18:INFO:SAVE:message:saving bunch of data...
22:24:18:INFO:SAVE:message:saving optimizer data ...
