22:22:22:INFO:GENERAL:seed:1
22:22:22:INFO:GENERAL:rho:[0.1, 0.001, 0.01]
22:22:22:INFO:GENERAL:bounds_z:[(1e-06, 0.3), (1e-06, 0.3), (1e-06, 0.3), (588.999411, 589.000589), (1e-06, 1800), (1e-06, 74200), (1e-06, 1100)]
22:22:28:INFO:OPTIMIZER:x:
[    0.0210322      0.0029795      0.02435902   589.00051306
   859.05777693 37128.68230276   509.8160236 ]
22:22:28:INFO:OPTIMIZER:fun:0.003921235848541894
22:22:28:INFO:OPTIMIZER:nfev:24963
22:22:28:INFO:OPTIMIZER:nit:389
22:22:28:INFO:OPTIMIZER:message:Optimization terminated successfully.
22:22:28:INFO:OPTIMIZER:success:True
22:22:28:INFO:OPTIMIZER:constr:[array([0.])]
22:22:28:INFO:OPTIMIZER:constr_violation:0.0
22:22:28:INFO:OPTIMIZER:maxcv:0.0
22:22:28:INFO:RESULT:A:
[[-0.04539122  0.01442043  0.          0.02814246]
 [ 0.0210322  -0.01739992  0.00006894  0.        ]
 [ 0.          0.0029795  -0.00006894  0.        ]
 [ 0.02435902  0.          0.         -0.02814246]]
22:22:28:INFO:RESULT:m_eq:
[  589.00051306   859.05777693 37128.68230276   509.8160236 ](39086.556616359056)
22:22:28:INFO:RESULT:x_vec:
[    0.0210322      0.0029795      0.02435902   589.00051306
   859.05777693 37128.68230276   509.8160236 ](39086.604987080245)
22:22:28:INFO:RESULT:time_scale:
[ 14.62447623  46.83302697 786.42933231]
22:22:28:INFO:SAVE:message:saving bunch of data...
22:22:28:INFO:SAVE:message:saving optimizer data ...
