22:17:11:INFO:GENERAL:seed:1
22:17:11:INFO:GENERAL:rho:[0.0001, 0.1, 0.01]
22:17:11:INFO:GENERAL:bounds_z:[(1e-06, 0.3), (1e-06, 0.3), (1e-06, 0.3), (588.999411, 589.000589), (1e-06, 1800), (1e-06, 74200), (1e-06, 1100)]
22:17:15:INFO:OPTIMIZER:x:
[    0.00874609     0.00021792     0.00911821   589.00008261
   899.999964   37099.99881176   549.99993811]
22:17:15:INFO:OPTIMIZER:fun:0.004111929055346607
22:17:15:INFO:OPTIMIZER:nfev:19886
22:17:15:INFO:OPTIMIZER:nit:364
22:17:15:INFO:OPTIMIZER:message:Optimization terminated successfully.
22:17:15:INFO:OPTIMIZER:success:True
22:17:15:INFO:OPTIMIZER:constr:[array([0.])]
22:17:15:INFO:OPTIMIZER:constr_violation:0.0
22:17:15:INFO:OPTIMIZER:maxcv:0.0
22:17:15:INFO:RESULT:A:
[[-0.0178643   0.00572383  0.          0.00976478]
 [ 0.00874609 -0.00594175  0.00000529  0.        ]
 [ 0.          0.00021792 -0.00000529  0.        ]
 [ 0.00911821  0.          0.         -0.00976478]]
22:17:15:INFO:RESULT:m_eq:
[  589.00008261   899.999964   37099.99881176   549.99993811](39138.998796476895)
22:17:15:INFO:RESULT:x_vec:
[    0.00874609     0.00021792     0.00911821   589.00008261
   899.999964   37099.99881176   549.99993811](39139.01687869738)
22:17:15:INFO:RESULT:time_scale:
[  38.61939071  131.88463409 9999.72889402]
22:17:15:INFO:SAVE:message:saving bunch of data...
22:17:15:INFO:SAVE:message:saving optimizer data ...
