22:07:37:INFO:GENERAL:seed:1
22:07:37:INFO:GENERAL:rho:[0.0001, 0.0001, 0.001]
22:07:37:INFO:GENERAL:bounds_z:[(1e-06, 0.3), (1e-06, 0.3), (588.999411, 589.000589), (1e-06, 1800), (1e-06, 74200)]
22:07:40:INFO:OPTIMIZER:x:
[  0.05720904   0.01645802 589.00029128 402.57494757 786.93017843]
22:07:40:INFO:OPTIMIZER:fun:0.00026215346765103454
22:07:40:INFO:OPTIMIZER:nfev:14520
22:07:40:INFO:OPTIMIZER:nit:226
22:07:40:INFO:OPTIMIZER:message:Optimization terminated successfully.
22:07:40:INFO:OPTIMIZER:success:True
22:07:40:INFO:OPTIMIZER:constr:[array([0.])]
22:07:40:INFO:OPTIMIZER:constr_violation:0.0
22:07:40:INFO:OPTIMIZER:maxcv:0.0
22:07:40:INFO:RESULT:A:
[[-0.05720904  0.08370153  0.        ]
 [ 0.05720904 -0.10015955  0.00841953]
 [ 0.          0.01645802 -0.00841953]]
22:07:40:INFO:RESULT:m_eq:
[589.00029128 402.57494757 786.93017843](1778.505417283533)
22:07:40:INFO:RESULT:x_vec:
[  0.05720904   0.01645802 589.00029128 402.57494757 786.93017843](1778.5790843370705)
22:07:40:INFO:RESULT:time_scale:
[ 6.58904949 71.32078065]
22:07:40:INFO:SAVE:message:saving bunch of data...
22:07:40:INFO:SAVE:message:saving optimizer data ...
