22:16:14:INFO:GENERAL:seed:1
22:16:14:INFO:GENERAL:rho:[0.001, 0.001, 0.0001]
22:16:14:INFO:GENERAL:bounds_z:[(1e-06, 0.3), (1e-06, 0.3), (1e-06, 0.3), (588.999411, 589.000589), (1e-06, 1800), (1e-06, 74200), (1e-06, 1100)]
22:16:18:INFO:OPTIMIZER:x:
[    0.01452037     0.00199028     0.0467055    589.00051106
   723.65493664 37094.66885593   212.65116099]
22:16:18:INFO:OPTIMIZER:fun:0.0003675044391223548
22:16:18:INFO:OPTIMIZER:nfev:22482
22:16:18:INFO:OPTIMIZER:nit:348
22:16:18:INFO:OPTIMIZER:message:Optimization terminated successfully.
22:16:18:INFO:OPTIMIZER:success:True
22:16:18:INFO:OPTIMIZER:constr:[array([0.])]
22:16:18:INFO:OPTIMIZER:constr_violation:0.0
22:16:18:INFO:OPTIMIZER:maxcv:0.0
22:16:18:INFO:RESULT:A:
[[-0.06122587  0.01181849  0.          0.12936474]
 [ 0.01452037 -0.01380876  0.00003883  0.        ]
 [ 0.          0.00199028 -0.00003883  0.        ]
 [ 0.0467055   0.          0.         -0.12936474]]
22:16:18:INFO:RESULT:m_eq:
[  589.00051106   723.65493664 37094.66885593   212.65116099](38619.97546462492)
22:16:18:INFO:RESULT:x_vec:
[    0.01452037     0.00199028     0.0467055    589.00051106
   723.65493664 37094.66885593   212.65116099](38620.038680773345)
22:16:18:INFO:RESULT:time_scale:
[   5.54096661   43.4259455  1067.72118472]
22:16:18:INFO:SAVE:message:saving bunch of data...
22:16:18:INFO:SAVE:message:saving optimizer data ...
