22:03:03:INFO:GENERAL:seed:1
22:03:03:INFO:GENERAL:rho:[0.1, 0.0, 0.0]
22:03:03:INFO:GENERAL:bounds_z:[(1e-06, 0.3), (1e-06, 0.3), (1e-06, 0.3), (588.999411, 589.000589), (1e-06, 1800), (1e-06, 74200), (1e-06, 1100)]
22:03:07:INFO:OPTIMIZER:x:
[    0.05259471     0.00297173     0.0000778    588.99945437
  1094.05072717 74158.42442167   453.8537422 ]
22:03:07:INFO:OPTIMIZER:fun:0.00322099414178657
22:03:07:INFO:OPTIMIZER:nfev:20399
22:03:07:INFO:OPTIMIZER:nit:407
22:03:07:INFO:OPTIMIZER:message:Optimization terminated successfully.
22:03:07:INFO:OPTIMIZER:success:True
22:03:07:INFO:OPTIMIZER:constr:[array([0.])]
22:03:07:INFO:OPTIMIZER:constr_violation:0.0
22:03:07:INFO:OPTIMIZER:maxcv:0.0
22:03:07:INFO:RESULT:A:
[[-0.05267251  0.02831519  0.          0.00010097]
 [ 0.05259471 -0.03128692  0.00004384  0.        ]
 [ 0.          0.00297173 -0.00004384  0.        ]
 [ 0.0000778   0.          0.         -0.00010097]]
22:03:07:INFO:RESULT:m_eq:
[  588.99945437  1094.05072717 74158.42442167   453.8537422 ](76295.32834540469)
22:03:07:INFO:RESULT:x_vec:
[    0.05259471     0.00297173     0.0000778    588.99945437
  1094.05072717 74158.42442167   453.8537422 ](76295.3839896432)
22:03:07:INFO:RESULT:time_scale:
[  12.19142065  505.21853836 9999.71912977]
22:03:07:INFO:SAVE:message:saving bunch of data...
22:03:07:INFO:SAVE:message:saving optimizer data ...
