22:21:13:INFO:GENERAL:seed:1
22:21:13:INFO:GENERAL:rho:[0.1, 0.0001, 0.0]
22:21:13:INFO:GENERAL:bounds_z:[(1e-06, 0.3), (1e-06, 0.3), (1e-06, 0.3), (588.999411, 589.000589), (1e-06, 1800), (1e-06, 74200), (1e-06, 1100)]
22:21:17:INFO:OPTIMIZER:x:
[    0.05266794     0.0029956      0.00009371   589.00041875
  1090.46368082 37960.98727556   549.58962052]
22:21:17:INFO:OPTIMIZER:fun:0.0032276639931386798
22:21:17:INFO:OPTIMIZER:nfev:16964
22:21:17:INFO:OPTIMIZER:nit:320
22:21:17:INFO:OPTIMIZER:message:Optimization terminated successfully.
22:21:17:INFO:OPTIMIZER:success:True
22:21:17:INFO:OPTIMIZER:constr:[array([0.])]
22:21:17:INFO:OPTIMIZER:constr_violation:0.0
22:21:17:INFO:OPTIMIZER:maxcv:0.0
22:21:17:INFO:RESULT:A:
[[-0.05276165  0.02844793  0.          0.00010043]
 [ 0.05266794 -0.03144354  0.00008605  0.        ]
 [ 0.          0.0029956  -0.00008605  0.        ]
 [ 0.00009371  0.          0.         -0.00010043]]
22:21:17:INFO:RESULT:m_eq:
[  589.00041875  1090.46368082 37960.98727556   549.58962052](40190.04099565581)
22:21:17:INFO:RESULT:x_vec:
[    0.05266794     0.0029956      0.00009371   589.00041875
  1090.46368082 37960.98727556   549.58962052](40190.096752909885)
22:21:17:INFO:RESULT:time_scale:
[  12.15769798  490.37789218 9998.87405152]
22:21:17:INFO:SAVE:message:saving bunch of data...
22:21:17:INFO:SAVE:message:saving optimizer data ...
