21:14:34:INFO:GENERAL:seed:1
21:14:34:INFO:GENERAL:rho:[0.0001, 0.001, 0.1]
21:14:34:INFO:GENERAL:bounds_z:[(1e-06, 0.3), (1e-06, 0.3), (1e-06, 0.3), (588.999411, 589.000589), (1e-06, 1800), (1e-06, 74200), (1e-06, 1100)]
21:14:46:INFO:OPTIMIZER:x:
[    0.02526421     0.00305618     0.06206052   589.00034688
  1014.44299967 37058.71328123   321.31828259]
21:14:46:INFO:OPTIMIZER:fun:0.00028750149985750663
21:14:46:INFO:OPTIMIZER:nfev:66112
21:14:46:INFO:OPTIMIZER:nit:1028
21:14:46:INFO:OPTIMIZER:message:Optimization terminated successfully.
21:14:46:INFO:OPTIMIZER:success:True
21:14:46:INFO:OPTIMIZER:constr:[array([0.])]
21:14:46:INFO:OPTIMIZER:constr_violation:0.0
21:14:46:INFO:OPTIMIZER:maxcv:0.0
21:14:46:INFO:RESULT:A:
[[-0.08732473  0.01466877  0.          0.11376156]
 [ 0.02526421 -0.01772495  0.00008366  0.        ]
 [ 0.          0.00305618 -0.00008366  0.        ]
 [ 0.06206052  0.          0.         -0.11376156]]
21:14:46:INFO:RESULT:m_eq:
[  589.00034688  1014.44299967 37058.71328123   321.31828259](38983.474910377474)
21:14:46:INFO:RESULT:x_vec:
[    0.02526421     0.00305618     0.06206052   589.00034688
  1014.44299967 37058.71328123   321.31828259](38983.56529128682)
21:14:46:INFO:RESULT:time_scale:
[  5.36092563  32.5213798  620.75619952]
21:14:46:INFO:SAVE:message:saving bunch of data...
21:14:46:INFO:SAVE:message:saving optimizer data ...
