21:22:17:INFO:GENERAL:seed:1
21:22:17:INFO:GENERAL:rho:[0.1, 0.01, 0.01]
21:22:17:INFO:GENERAL:bounds_z:[(1e-06, 0.3), (1e-06, 0.3), (588.999411, 589.000589), (1e-06, 1800), (1e-06, 74200)]
21:22:19:INFO:OPTIMIZER:x:
[    0.02583858     0.00107967   589.00041499   899.99959215
 37100.00648819]
21:22:19:INFO:OPTIMIZER:fun:0.003292894896831575
21:22:19:INFO:OPTIMIZER:nfev:7778
21:22:19:INFO:OPTIMIZER:nit:122
21:22:19:INFO:OPTIMIZER:message:Optimization terminated successfully.
21:22:19:INFO:OPTIMIZER:success:True
21:22:19:INFO:OPTIMIZER:constr:[array([0.])]
21:22:19:INFO:OPTIMIZER:constr_violation:0.0
21:22:19:INFO:OPTIMIZER:maxcv:0.0
21:22:19:INFO:RESULT:A:
[[-0.02583858  0.01690993  0.        ]
 [ 0.02583858 -0.0179896   0.00002619]
 [ 0.          0.00107967 -0.00002619]]
21:22:19:INFO:RESULT:m_eq:
[  589.00041499   899.99959215 37100.00648819](38589.0064953266)
21:22:19:INFO:RESULT:x_vec:
[    0.02583858     0.00107967   589.00041499   899.99959215
 37100.00648819](38589.033413574245)
21:22:19:INFO:RESULT:time_scale:
[  23.15757383 1488.19043436]
21:22:19:INFO:SAVE:message:saving bunch of data...
21:22:19:INFO:SAVE:message:saving optimizer data ...
