22:17:22:INFO:GENERAL:seed:1
22:17:22:INFO:GENERAL:rho:[0.001, 0.1, 0.01]
22:17:22:INFO:GENERAL:bounds_z:[(1e-06, 0.3), (1e-06, 0.3), (588.999411, 589.000589), (1e-06, 1800), (1e-06, 74200)]
22:17:23:INFO:OPTIMIZER:x:
[    0.02851387     0.00102959   589.00000255   899.99998586
 37100.00009683]
22:17:23:INFO:OPTIMIZER:fun:0.0017776511348857108
22:17:23:INFO:OPTIMIZER:nfev:9537
22:17:23:INFO:OPTIMIZER:nit:149
22:17:23:INFO:OPTIMIZER:message:Optimization terminated successfully.
22:17:23:INFO:OPTIMIZER:success:True
22:17:23:INFO:OPTIMIZER:constr:[array([0.])]
22:17:23:INFO:OPTIMIZER:constr_violation:0.0
22:17:23:INFO:OPTIMIZER:maxcv:0.0
22:17:23:INFO:RESULT:A:
[[-0.02851387  0.01866075  0.        ]
 [ 0.02851387 -0.01969033  0.00002498]
 [ 0.          0.00102959 -0.00002498]]
22:17:23:INFO:RESULT:m_eq:
[  589.00000255   899.99998586 37100.00009683](38589.00008524456)
22:17:23:INFO:RESULT:x_vec:
[    0.02851387     0.00102959   589.00000255   899.99998586
 37100.00009683](38589.029628702345)
22:17:23:INFO:RESULT:time_scale:
[  21.01391956 1558.42094381]
22:17:23:INFO:SAVE:message:saving bunch of data...
22:17:23:INFO:SAVE:message:saving optimizer data ...
