21:23:26:INFO:GENERAL:seed:1
21:23:26:INFO:GENERAL:rho:[0.001, 0.0, 0.1]
21:23:26:INFO:GENERAL:bounds_z:[(1e-06, 0.3), (1e-06, 0.3), (588.999411, 589.000589), (1e-06, 1800), (1e-06, 74200)]
21:23:29:INFO:OPTIMIZER:x:
[  0.05682189   0.01624971 589.00034681 405.10502164 786.23421424]
21:23:29:INFO:OPTIMIZER:fun:0.00027418366148501813
21:23:29:INFO:OPTIMIZER:nfev:16721
21:23:29:INFO:OPTIMIZER:nit:261
21:23:29:INFO:OPTIMIZER:message:Optimization terminated successfully.
21:23:29:INFO:OPTIMIZER:success:True
21:23:29:INFO:OPTIMIZER:constr:[array([0.])]
21:23:29:INFO:OPTIMIZER:constr_violation:0.0
21:23:29:INFO:OPTIMIZER:maxcv:0.0
21:23:29:INFO:RESULT:A:
[[-0.05682189  0.0826159   0.        ]
 [ 0.05682189 -0.0988656   0.00837262]
 [ 0.          0.01624971 -0.00837262]]
21:23:29:INFO:RESULT:m_eq:
[589.00034681 405.10502164 786.23421424](1780.339582689141)
21:23:29:INFO:RESULT:x_vec:
[  0.05682189   0.01624971 589.00034681 405.10502164 786.23421424](1780.4126542892027)
21:23:29:INFO:RESULT:time_scale:
[ 6.66072132 71.80697042]
21:23:29:INFO:SAVE:message:saving bunch of data...
21:23:29:INFO:SAVE:message:saving optimizer data ...
