21:22:37:INFO:GENERAL:seed:1
21:22:37:INFO:GENERAL:rho:[0.001, 0.01, 0.01]
21:22:37:INFO:GENERAL:bounds_z:[(1e-06, 0.3), (1e-06, 0.3), (1e-06, 0.3), (588.999411, 589.000589), (1e-06, 1800), (1e-06, 74200), (1e-06, 1100)]
21:22:43:INFO:OPTIMIZER:x:
[    0.01599575     0.00219881     0.04673603   589.00056362
   706.84119253 37102.87612815   191.45596444]
21:22:43:INFO:OPTIMIZER:fun:0.0019259315184942368
21:22:43:INFO:OPTIMIZER:nfev:29409
21:22:43:INFO:OPTIMIZER:nit:459
21:22:43:INFO:OPTIMIZER:message:Optimization terminated successfully.
21:22:43:INFO:OPTIMIZER:success:True
21:22:43:INFO:OPTIMIZER:constr:[array([0.])]
21:22:43:INFO:OPTIMIZER:constr_violation:0.0
21:22:43:INFO:OPTIMIZER:maxcv:0.0
21:22:43:INFO:RESULT:A:
[[-0.06273178  0.01332903  0.          0.14378004]
 [ 0.01599575 -0.01552784  0.00004189  0.        ]
 [ 0.          0.00219881 -0.00004189  0.        ]
 [ 0.04673603  0.          0.         -0.14378004]]
21:22:43:INFO:RESULT:m_eq:
[  589.00056362   706.84119253 37102.87612815   191.45596444](38590.173848733895)
21:22:43:INFO:RESULT:x_vec:
[    0.01599575     0.00219881     0.04673603   589.00056362
   706.84119253 37102.87612815   191.45596444](38590.23877932471)
21:22:43:INFO:RESULT:time_scale:
[  5.12737259  38.44206292 964.58063068]
21:22:43:INFO:SAVE:message:saving bunch of data...
21:22:43:INFO:SAVE:message:saving optimizer data ...
