21:12:43:INFO:GENERAL:seed:1
21:12:43:INFO:GENERAL:rho:[0.0001, 0.0, 0.0001]
21:12:43:INFO:GENERAL:bounds_z:[(1e-06, 0.3), (1e-06, 0.3), (1e-06, 0.3), (588.999411, 589.000589), (1e-06, 1800), (1e-06, 74200), (1e-06, 1100)]
21:12:53:INFO:OPTIMIZER:x:
[   0.06021624    0.0344896     0.03406402  588.99976056  229.65400708
 1490.91530488  454.32643559]
21:12:53:INFO:OPTIMIZER:fun:0.00013348956852134435
21:12:53:INFO:OPTIMIZER:nfev:49709
21:12:53:INFO:OPTIMIZER:nit:774
21:12:53:INFO:OPTIMIZER:message:Optimization terminated successfully.
21:12:53:INFO:OPTIMIZER:success:True
21:12:53:INFO:OPTIMIZER:constr:[array([0.])]
21:12:53:INFO:OPTIMIZER:constr_violation:0.0
21:12:53:INFO:OPTIMIZER:maxcv:0.0
21:12:53:INFO:RESULT:A:
[[-0.09428025  0.15443819  0.          0.04416141]
 [ 0.06021624 -0.18892779  0.00531263  0.        ]
 [ 0.          0.0344896  -0.00531263  0.        ]
 [ 0.03406402  0.          0.         -0.04416141]]
21:12:53:INFO:RESULT:m_eq:
[ 588.99976056  229.65400708 1490.91530488  454.32643559](2763.895508112677)
21:12:53:INFO:RESULT:x_vec:
[   0.06021624    0.0344896     0.03406402  588.99976056  229.65400708
 1490.91530488  454.32643559](2764.0242779676564)
21:12:53:INFO:RESULT:time_scale:
[  3.97410313  13.96291827 105.99155632]
21:12:53:INFO:SAVE:message:saving bunch of data...
21:12:53:INFO:SAVE:message:saving optimizer data ...
