22:06:50:INFO:GENERAL:seed:1
22:06:50:INFO:GENERAL:rho:[0.001, 0.001, 0.0]
22:06:50:INFO:GENERAL:bounds_z:[(1e-06, 0.3), (1e-06, 0.3), (1e-06, 0.3), (588.999411, 589.000589), (1e-06, 1800), (1e-06, 74200), (1e-06, 1100)]
22:06:54:INFO:OPTIMIZER:x:
[    0.01355674     0.00170242     0.04651079   589.00010365
   748.54604666 37095.57015234   226.83238915]
22:06:54:INFO:OPTIMIZER:fun:0.0003471482102994209
22:06:54:INFO:OPTIMIZER:nfev:22919
22:06:54:INFO:OPTIMIZER:nit:359
22:06:54:INFO:OPTIMIZER:message:Optimization terminated successfully.
22:06:54:INFO:OPTIMIZER:success:True
22:06:54:INFO:OPTIMIZER:constr:[array([0.])]
22:06:54:INFO:OPTIMIZER:constr_violation:0.0
22:06:54:INFO:OPTIMIZER:maxcv:0.0
22:06:54:INFO:RESULT:A:
[[-0.06006754  0.01066724  0.          0.12077138]
 [ 0.01355674 -0.01236966  0.00003435  0.        ]
 [ 0.          0.00170242 -0.00003435  0.        ]
 [ 0.04651079  0.          0.         -0.12077138]]
22:06:54:INFO:RESULT:m_eq:
[  589.00010365   748.54604666 37095.57015234   226.83238915](38659.948691797836)
22:06:54:INFO:RESULT:x_vec:
[    0.01355674     0.00170242     0.04651079   589.00010365
   748.54604666 37095.57015234   226.83238915](38660.01046175288)
22:06:54:INFO:RESULT:time_scale:
[   5.82870439   47.92299907 1232.41989045]
22:06:54:INFO:SAVE:message:saving bunch of data...
22:06:54:INFO:SAVE:message:saving optimizer data ...
