21:14:01:INFO:GENERAL:seed:1
21:14:01:INFO:GENERAL:rho:[0.0001, 0.1, 0.01]
21:14:01:INFO:GENERAL:bounds_z:[(1e-06, 0.3), (1e-06, 0.3), (1e-06, 0.3), (588.999411, 589.000589), (1e-06, 1800), (1e-06, 74200), (1e-06, 1100)]
21:14:05:INFO:OPTIMIZER:x:
[    0.02350747     0.00204082     0.02725631   588.99999313
   900.00003258 37100.00029891   550.00002071]
21:14:05:INFO:OPTIMIZER:fun:0.0017012762051448835
21:14:05:INFO:OPTIMIZER:nfev:22440
21:14:05:INFO:OPTIMIZER:nit:345
21:14:05:INFO:OPTIMIZER:message:Optimization terminated successfully.
21:14:05:INFO:OPTIMIZER:success:True
21:14:05:INFO:OPTIMIZER:constr:[array([0.])]
21:14:05:INFO:OPTIMIZER:constr_violation:0.0
21:14:05:INFO:OPTIMIZER:maxcv:0.0
21:14:05:INFO:RESULT:A:
[[-0.05076378  0.01538433  0.          0.02918903]
 [ 0.02350747 -0.01742515  0.00004951  0.        ]
 [ 0.          0.00204082 -0.00004951  0.        ]
 [ 0.02725631  0.          0.         -0.02918903]]
21:14:05:INFO:RESULT:m_eq:
[  588.99999313   900.00003258 37100.00029891   550.00002071](39139.00034533643)
21:14:05:INFO:RESULT:x_vec:
[    0.02350747     0.00204082     0.02725631   588.99999313
   900.00003258 37100.00029891   550.00002071](39139.053149932224)
21:14:05:INFO:RESULT:time_scale:
[  13.40375991   45.62436151 1106.9074594 ]
21:14:05:INFO:SAVE:message:saving bunch of data...
21:14:05:INFO:SAVE:message:saving optimizer data ...
