21:21:19:INFO:GENERAL:seed:1
21:21:19:INFO:GENERAL:rho:[0.1, 0.0001, 0.0001]
21:21:19:INFO:GENERAL:bounds_z:[(1e-06, 0.3), (1e-06, 0.3), (588.999411, 589.000589), (1e-06, 1800), (1e-06, 74200)]
21:21:20:INFO:OPTIMIZER:x:
[    0.02983313     0.00234353   589.0000516    758.78973726
 37518.81356316]
21:21:20:INFO:OPTIMIZER:fun:0.003178337328602358
21:21:20:INFO:OPTIMIZER:nfev:7507
21:21:20:INFO:OPTIMIZER:nit:117
21:21:20:INFO:OPTIMIZER:message:Optimization terminated successfully.
21:21:20:INFO:OPTIMIZER:success:True
21:21:20:INFO:OPTIMIZER:constr:[array([0.])]
21:21:20:INFO:OPTIMIZER:constr_violation:0.0
21:21:20:INFO:OPTIMIZER:maxcv:0.0
21:21:20:INFO:RESULT:A:
[[-0.02983313  0.02315756  0.        ]
 [ 0.02983313 -0.02550108  0.0000474 ]
 [ 0.          0.00234353 -0.0000474 ]]
21:21:20:INFO:RESULT:m_eq:
[  589.0000516    758.78973726 37518.81356316](38866.60335201311)
21:21:20:INFO:RESULT:x_vec:
[    0.02983313     0.00234353   589.0000516    758.78973726
 37518.81356316](38866.635528669896)
21:21:20:INFO:RESULT:time_scale:
[ 18.50432847 746.15780414]
21:21:20:INFO:SAVE:message:saving bunch of data...
21:21:20:INFO:SAVE:message:saving optimizer data ...
