22:03:48:INFO:GENERAL:seed:1
22:03:48:INFO:GENERAL:rho:[0.1, 0.0001, 0.001]
22:03:48:INFO:GENERAL:bounds_z:[(1e-06, 0.3), (1e-06, 0.3), (588.999411, 589.000589), (1e-06, 1800), (1e-06, 74200)]
22:03:49:INFO:OPTIMIZER:x:
[    0.0480688      0.00258625   589.00000234  1164.99572398
 38332.46233371]
22:03:49:INFO:OPTIMIZER:fun:0.00389106800049299
22:03:49:INFO:OPTIMIZER:nfev:6460
22:03:49:INFO:OPTIMIZER:nit:100
22:03:49:INFO:OPTIMIZER:message:Optimization terminated successfully.
22:03:49:INFO:OPTIMIZER:success:True
22:03:49:INFO:OPTIMIZER:constr:[array([0.])]
22:03:49:INFO:OPTIMIZER:constr_violation:0.0
22:03:49:INFO:OPTIMIZER:maxcv:0.0
22:03:49:INFO:RESULT:A:
[[-0.0480688   0.02430269  0.        ]
 [ 0.0480688  -0.02688893  0.0000786 ]
 [ 0.          0.00258625 -0.0000786 ]]
22:03:49:INFO:RESULT:m_eq:
[  589.00000234  1164.99572398 38332.46233371](40086.45806001925)
22:03:49:INFO:RESULT:x_vec:
[    0.0480688      0.00258625   589.00000234  1164.99572398
 38332.46233371](40086.508715068776)
22:03:49:INFO:RESULT:time_scale:
[ 13.64967981 563.52502427]
22:03:49:INFO:SAVE:message:saving bunch of data...
22:03:49:INFO:SAVE:message:saving optimizer data ...
