22:15:46:INFO:GENERAL:seed:1
22:15:46:INFO:GENERAL:rho:[0.0, 0.0, 0.0001]
22:15:46:INFO:GENERAL:bounds_z:[(1e-06, 0.3), (1e-06, 0.3), (588.999411, 589.000589), (1e-06, 1800), (1e-06, 74200)]
22:15:49:INFO:OPTIMIZER:x:
[  0.05729013   0.01650834 588.9998425  401.98376948 787.08354714]
22:15:49:INFO:OPTIMIZER:fun:0.00021914652227989693
22:15:49:INFO:OPTIMIZER:nfev:16227
22:15:49:INFO:OPTIMIZER:nit:254
22:15:49:INFO:OPTIMIZER:message:Optimization terminated successfully.
22:15:49:INFO:OPTIMIZER:success:True
22:15:49:INFO:OPTIMIZER:constr:[array([0.])]
22:15:49:INFO:OPTIMIZER:constr_violation:0.0
22:15:49:INFO:OPTIMIZER:maxcv:0.0
22:15:49:INFO:RESULT:A:
[[-0.05729013  0.08394339  0.        ]
 [ 0.05729013 -0.10045173  0.00843123]
 [ 0.          0.01650834 -0.00843123]]
22:15:49:INFO:RESULT:m_eq:
[588.9998425  401.98376948 787.08354714](1778.0671591205833)
22:15:49:INFO:RESULT:x_vec:
[  0.05729013   0.01650834 588.9998425  401.98376948 787.08354714](1778.1409575956047)
22:15:49:INFO:RESULT:time_scale:
[ 6.57337593 71.20343456]
22:15:49:INFO:SAVE:message:saving bunch of data...
22:15:49:INFO:SAVE:message:saving optimizer data ...
