21:12:31:INFO:GENERAL:seed:1
21:12:31:INFO:GENERAL:rho:[0.1, 0.0, 0.0001]
21:12:31:INFO:GENERAL:bounds_z:[(1e-06, 0.3), (1e-06, 0.3), (588.999411, 589.000589), (1e-06, 1800), (1e-06, 74200)]
21:12:33:INFO:OPTIMIZER:x:
[    0.04793102     0.00254791   588.99980097  1169.61651948
 74192.55319797]
21:12:33:INFO:OPTIMIZER:fun:0.0038791756429262785
21:12:33:INFO:OPTIMIZER:nfev:8497
21:12:33:INFO:OPTIMIZER:nit:132
21:12:33:INFO:OPTIMIZER:message:Optimization terminated successfully.
21:12:33:INFO:OPTIMIZER:success:True
21:12:33:INFO:OPTIMIZER:constr:[array([0.])]
21:12:33:INFO:OPTIMIZER:constr_violation:0.0
21:12:33:INFO:OPTIMIZER:maxcv:0.0
21:12:33:INFO:RESULT:A:
[[-0.04793102  0.02413728  0.        ]
 [ 0.04793102 -0.02668519  0.00004017]
 [ 0.          0.00254791 -0.00004017]]
21:12:33:INFO:RESULT:m_eq:
[  588.99980097  1169.61651948 74192.55319797](75951.16951842095)
21:12:33:INFO:RESULT:x_vec:
[    0.04793102     0.00254791   588.99980097  1169.61651948
 74192.55319797](75951.21999735085)
21:12:33:INFO:RESULT:time_scale:
[ 13.70944041 583.45175089]
21:12:33:INFO:SAVE:message:saving bunch of data...
21:12:33:INFO:SAVE:message:saving optimizer data ...
