22:03:37:INFO:GENERAL:seed:1
22:03:37:INFO:GENERAL:rho:[0.01, 0.0001, 0.001]
22:03:37:INFO:GENERAL:bounds_z:[(1e-06, 0.3), (1e-06, 0.3), (1e-06, 0.3), (588.999411, 589.000589), (1e-06, 1800), (1e-06, 74200), (1e-06, 1100)]
22:03:41:INFO:OPTIMIZER:x:
[    0.02518276     0.00307397     0.05896659   589.00033083
  1010.72454781 36958.01328594   323.91952978]
22:03:41:INFO:OPTIMIZER:fun:0.0007200313146656042
22:03:41:INFO:OPTIMIZER:nfev:21211
22:03:41:INFO:OPTIMIZER:nit:329
22:03:41:INFO:OPTIMIZER:message:Optimization terminated successfully.
22:03:41:INFO:OPTIMIZER:success:True
22:03:41:INFO:OPTIMIZER:constr:[array([0.])]
22:03:41:INFO:OPTIMIZER:constr_violation:0.0
22:03:41:INFO:OPTIMIZER:maxcv:0.0
22:03:41:INFO:RESULT:A:
[[-0.08414935  0.01467527  0.          0.10722213]
 [ 0.02518276 -0.01774923  0.00008407  0.        ]
 [ 0.          0.00307397 -0.00008407  0.        ]
 [ 0.05896659  0.          0.         -0.10722213]]
22:03:41:INFO:RESULT:m_eq:
[  589.00033083  1010.72454781 36958.01328594   323.91952978](38881.657694357265)
22:03:41:INFO:RESULT:x_vec:
[    0.02518276     0.00307397     0.05896659   589.00033083
  1010.72454781 36958.01328594   323.91952978](38881.74491767533)
22:03:41:INFO:RESULT:time_scale:
[  5.64862292  32.72652304 619.49029879]
22:03:41:INFO:SAVE:message:saving bunch of data...
22:03:41:INFO:SAVE:message:saving optimizer data ...
