21:20:46:INFO:GENERAL:seed:1
21:20:46:INFO:GENERAL:rho:[0.0001, 0.01, 0.0]
21:20:46:INFO:GENERAL:bounds_z:[(1e-06, 0.3), (1e-06, 0.3), (588.999411, 589.000589), (1e-06, 1800), (1e-06, 74200)]
21:20:48:INFO:OPTIMIZER:x:
[    0.03376795     0.00232458   589.00058042   752.20034483
 37105.60417819]
21:20:48:INFO:OPTIMIZER:fun:0.0017510778881334546
21:20:48:INFO:OPTIMIZER:nfev:9499
21:20:48:INFO:OPTIMIZER:nit:146
21:20:48:INFO:OPTIMIZER:message:Optimization terminated successfully.
21:20:48:INFO:OPTIMIZER:success:True
21:20:48:INFO:OPTIMIZER:constr:[array([0.])]
21:20:48:INFO:OPTIMIZER:constr_violation:0.0
21:20:48:INFO:OPTIMIZER:maxcv:0.0
21:20:48:INFO:RESULT:A:
[[-0.03376795  0.02644155  0.        ]
 [ 0.03376795 -0.02876613  0.00004712]
 [ 0.          0.00232458 -0.00004712]]
21:20:48:INFO:RESULT:m_eq:
[  589.00058042   752.20034483 37105.60417819](38446.80510344371)
21:20:48:INFO:RESULT:x_vec:
[    0.03376795     0.00232458   589.00058042   752.20034483
 37105.60417819](38446.84119597391)
21:20:48:INFO:RESULT:time_scale:
[ 16.32562891 753.11349739]
21:20:48:INFO:SAVE:message:saving bunch of data...
21:20:48:INFO:SAVE:message:saving optimizer data ...
