22:21:35:INFO:GENERAL:seed:1
22:21:35:INFO:GENERAL:rho:[0.0, 0.0, 0.001]
22:21:35:INFO:GENERAL:bounds_z:[(1e-06, 0.3), (1e-06, 0.3), (588.999411, 589.000589), (1e-06, 1800), (1e-06, 74200)]
22:21:37:INFO:OPTIMIZER:x:
[   0.08080525    0.01248768  589.00036807  714.16050025 1272.49928385]
22:21:37:INFO:OPTIMIZER:fun:0.0002737894281907714
22:21:37:INFO:OPTIMIZER:nfev:12727
22:21:37:INFO:OPTIMIZER:nit:197
22:21:37:INFO:OPTIMIZER:message:Optimization terminated successfully.
22:21:37:INFO:OPTIMIZER:success:True
22:21:37:INFO:OPTIMIZER:constr:[array([0.])]
22:21:37:INFO:OPTIMIZER:constr_violation:0.0
22:21:37:INFO:OPTIMIZER:maxcv:0.0
22:21:37:INFO:RESULT:A:
[[-0.08080525  0.06664374  0.        ]
 [ 0.08080525 -0.07913142  0.00700842]
 [ 0.          0.01248768 -0.00700842]]
22:21:37:INFO:RESULT:m_eq:
[ 589.00036807  714.16050025 1272.49928385](2575.6601521760663)
22:21:37:INFO:RESULT:x_vec:
[   0.08080525    0.01248768  589.00036807  714.16050025 1272.49928385](2575.7534451126267)
22:21:37:INFO:RESULT:time_scale:
[ 6.5081966  75.22927506]
22:21:37:INFO:SAVE:message:saving bunch of data...
22:21:37:INFO:SAVE:message:saving optimizer data ...
