22:16:38:INFO:GENERAL:seed:1
22:16:38:INFO:GENERAL:rho:[0.01, 0.1, 0.001]
22:16:38:INFO:GENERAL:bounds_z:[(1e-06, 0.3), (1e-06, 0.3), (588.999411, 589.000589), (1e-06, 1800), (1e-06, 74200)]
22:16:40:INFO:OPTIMIZER:x:
[    0.02822425     0.0010354    588.99999893   899.99998361
 37100.00011177]
22:16:40:INFO:OPTIMIZER:fun:0.001921624052298505
22:16:40:INFO:OPTIMIZER:nfev:9329
22:16:40:INFO:OPTIMIZER:nit:145
22:16:40:INFO:OPTIMIZER:message:Optimization terminated successfully.
22:16:40:INFO:OPTIMIZER:success:True
22:16:40:INFO:OPTIMIZER:constr:[array([0.])]
22:16:40:INFO:OPTIMIZER:constr_violation:0.0
22:16:40:INFO:OPTIMIZER:maxcv:0.0
22:16:40:INFO:RESULT:A:
[[-0.02822425  0.0184712   0.        ]
 [ 0.02822425 -0.0195066   0.00002512]
 [ 0.          0.0010354  -0.00002512]]
22:16:40:INFO:RESULT:m_eq:
[  588.99999893   899.99998361 37100.00011177](38589.00009430549)
22:16:40:INFO:RESULT:x_vec:
[    0.02822425     0.0010354    588.99999893   899.99998361
 37100.00011177](38589.02935395275)
22:16:40:INFO:RESULT:time_scale:
[  21.22657213 1549.89162881]
22:16:40:INFO:SAVE:message:saving bunch of data...
22:16:40:INFO:SAVE:message:saving optimizer data ...
