21:13:22:INFO:GENERAL:seed:1
21:13:22:INFO:GENERAL:rho:[0.001, 0.0, 0.01]
21:13:22:INFO:GENERAL:bounds_z:[(1e-06, 0.3), (1e-06, 0.3), (1e-06, 0.3), (588.999411, 589.000589), (1e-06, 1800), (1e-06, 74200), (1e-06, 1100)]
21:13:39:INFO:OPTIMIZER:x:
[   0.05941501    0.03334376    0.03385052  589.00051081  233.2568228
 1501.04022913  458.7655807 ]
21:13:39:INFO:OPTIMIZER:fun:0.00020750063542634381
21:13:39:INFO:OPTIMIZER:nfev:77421
21:13:39:INFO:OPTIMIZER:nit:1200
21:13:39:INFO:OPTIMIZER:message:Optimization terminated successfully.
21:13:39:INFO:OPTIMIZER:success:True
21:13:39:INFO:OPTIMIZER:constr:[array([0.])]
21:13:39:INFO:OPTIMIZER:constr_violation:0.0
21:13:39:INFO:OPTIMIZER:maxcv:0.0
21:13:39:INFO:RESULT:A:
[[-0.09326553  0.15002979  0.          0.04346004]
 [ 0.05941501 -0.18337355  0.00518151  0.        ]
 [ 0.          0.03334376 -0.00518151  0.        ]
 [ 0.03385052  0.          0.         -0.04346004]]
21:13:39:INFO:RESULT:m_eq:
[ 589.00051081  233.2568228  1501.04022913  458.7655807 ](2782.06314343438)
21:13:39:INFO:RESULT:x_vec:
[   0.05941501    0.03334376    0.03385052  589.00051081  233.2568228
 1501.04022913  458.7655807 ](2782.189752726231)
21:13:39:INFO:RESULT:time_scale:
[  4.07230285  14.18403762 108.4886892 ]
21:13:39:INFO:SAVE:message:saving bunch of data...
21:13:39:INFO:SAVE:message:saving optimizer data ...
