22:21:38:INFO:GENERAL:seed:1
22:21:38:INFO:GENERAL:rho:[0.001, 0.1, 0.0001]
22:21:38:INFO:GENERAL:bounds_z:[(1e-06, 0.3), (1e-06, 0.3), (1e-06, 0.3), (588.999411, 589.000589), (1e-06, 1800), (1e-06, 74200), (1e-06, 1100)]
22:21:41:INFO:OPTIMIZER:x:
[    0.0148136      0.0046394      0.05952561   589.00000272
   900.00000364 37100.00019333   550.00000183]
22:21:41:INFO:OPTIMIZER:fun:0.0005708808247736495
22:21:41:INFO:OPTIMIZER:nfev:15338
22:21:41:INFO:OPTIMIZER:nit:237
22:21:41:INFO:OPTIMIZER:message:Optimization terminated successfully.
22:21:41:INFO:OPTIMIZER:success:True
22:21:41:INFO:OPTIMIZER:constr:[array([0.])]
22:21:41:INFO:OPTIMIZER:constr_violation:0.0
22:21:41:INFO:OPTIMIZER:maxcv:0.0
22:21:41:INFO:RESULT:A:
[[-0.07433921  0.00969468  0.          0.06374652]
 [ 0.0148136  -0.01433408  0.00011255  0.        ]
 [ 0.          0.0046394  -0.00011255  0.        ]
 [ 0.05952561  0.          0.         -0.06374652]]
22:21:41:INFO:RESULT:m_eq:
[  589.00000272   900.00000364 37100.00019333   550.00000183](39139.000201512936)
22:21:41:INFO:RESULT:x_vec:
[    0.0148136      0.0046394      0.05952561   589.00000272
   900.00000364 37100.00019333   550.00000183](39139.07918012529)
22:21:41:INFO:RESULT:time_scale:
[  7.60235188  52.19130895 545.30462826]
22:21:41:INFO:SAVE:message:saving bunch of data...
22:21:41:INFO:SAVE:message:saving optimizer data ...
