22:08:22:INFO:GENERAL:seed:1
22:08:22:INFO:GENERAL:rho:[0.0001, 0.0, 0.01]
22:08:22:INFO:GENERAL:bounds_z:[(1e-06, 0.3), (1e-06, 0.3), (588.999411, 589.000589), (1e-06, 1800), (1e-06, 74200)]
22:08:25:INFO:OPTIMIZER:x:
[  0.05724263   0.01648349 589.00049442 402.28492194 786.99280788]
22:08:25:INFO:OPTIMIZER:fun:0.000224682319583423
22:08:25:INFO:OPTIMIZER:nfev:16754
22:08:25:INFO:OPTIMIZER:nit:260
22:08:25:INFO:OPTIMIZER:message:Optimization terminated successfully.
22:08:25:INFO:OPTIMIZER:success:True
22:08:25:INFO:OPTIMIZER:constr:[array([0.])]
22:08:25:INFO:OPTIMIZER:constr_violation:0.0
22:08:25:INFO:OPTIMIZER:maxcv:0.0
22:08:25:INFO:RESULT:A:
[[-0.05724263  0.08381109  0.        ]
 [ 0.05724263 -0.10029458  0.00842582]
 [ 0.          0.01648349 -0.00842582]]
22:08:25:INFO:RESULT:m_eq:
[589.00049442 402.28492194 786.99280788](1778.2782242354228)
22:08:25:INFO:RESULT:x_vec:
[  0.05724263   0.01648349 589.00049442 402.28492194 786.99280788](1778.351950358215)
22:08:25:INFO:RESULT:time_scale:
[ 6.58198268 71.25994741]
22:08:25:INFO:SAVE:message:saving bunch of data...
22:08:25:INFO:SAVE:message:saving optimizer data ...
