21:21:41:INFO:GENERAL:seed:1
21:21:41:INFO:GENERAL:rho:[0.001, 0.0001, 0.001]
21:21:41:INFO:GENERAL:bounds_z:[(1e-06, 0.3), (1e-06, 0.3), (1e-06, 0.3), (588.999411, 589.000589), (1e-06, 1800), (1e-06, 74200), (1e-06, 1100)]
21:21:46:INFO:OPTIMIZER:x:
[    0.01607374     0.00236524     0.04694092   588.99976357
   693.58707333 36761.4953964    191.74484294]
21:21:46:INFO:OPTIMIZER:fun:0.00022206858761328362
21:21:46:INFO:OPTIMIZER:nfev:26213
21:21:46:INFO:OPTIMIZER:nit:408
21:21:46:INFO:OPTIMIZER:message:Optimization terminated successfully.
21:21:46:INFO:OPTIMIZER:success:True
21:21:46:INFO:OPTIMIZER:constr:[array([0.])]
21:21:46:INFO:OPTIMIZER:constr_violation:0.0
21:21:46:INFO:OPTIMIZER:maxcv:0.0
21:21:46:INFO:RESULT:A:
[[-0.06301465  0.01364995  0.          0.14419261]
 [ 0.01607374 -0.01601519  0.00004463  0.        ]
 [ 0.          0.00236524 -0.00004463  0.        ]
 [ 0.04694092  0.          0.         -0.14419261]]
21:21:46:INFO:RESULT:m_eq:
[  588.99976357   693.58707333 36761.4953964    191.74484294](38235.82707623658)
21:21:46:INFO:RESULT:x_vec:
[    0.01607374     0.00236524     0.04694092   588.99976357
   693.58707333 36761.4953964    191.74484294](38235.89245613369)
21:21:46:INFO:RESULT:time_scale:
[  5.11026787  37.76100103 908.86602977]
21:21:46:INFO:SAVE:message:saving bunch of data...
21:21:46:INFO:SAVE:message:saving optimizer data ...
