21:13:51:INFO:GENERAL:seed:1
21:13:51:INFO:GENERAL:rho:[0.01, 0.0001, 0.01]
21:13:51:INFO:GENERAL:bounds_z:[(1e-06, 0.3), (1e-06, 0.3), (588.999411, 589.000589), (1e-06, 1800), (1e-06, 74200)]
21:13:53:INFO:OPTIMIZER:x:
[   0.07693753    0.01093399  588.99984658  752.37826338 1288.78044849]
21:13:53:INFO:OPTIMIZER:fun:0.0008418234075617763
21:13:53:INFO:OPTIMIZER:nfev:12777
21:13:53:INFO:OPTIMIZER:nit:199
21:13:53:INFO:OPTIMIZER:message:Optimization terminated successfully.
21:13:53:INFO:OPTIMIZER:success:True
21:13:53:INFO:OPTIMIZER:constr:[array([0.])]
21:13:53:INFO:OPTIMIZER:constr_violation:0.0
21:13:53:INFO:OPTIMIZER:maxcv:0.0
21:13:53:INFO:RESULT:A:
[[-0.07693753  0.0602306   0.        ]
 [ 0.07693753 -0.0711646   0.00638317]
 [ 0.          0.01093399 -0.00638317]]
21:13:53:INFO:RESULT:m_eq:
[ 588.99984658  752.37826338 1288.78044849](2630.1585584544)
21:13:53:INFO:RESULT:x_vec:
[   0.07693753    0.01093399  588.99984658  752.37826338 1288.78044849](2630.2464299823887)
21:13:53:INFO:RESULT:time_scale:
[ 7.02090424 82.9634559 ]
21:13:53:INFO:SAVE:message:saving bunch of data...
21:13:53:INFO:SAVE:message:saving optimizer data ...
