22:09:37:INFO:GENERAL:seed:1
22:09:37:INFO:GENERAL:rho:[0.01, 0.01, 0.1]
22:09:37:INFO:GENERAL:bounds_z:[(1e-06, 0.3), (1e-06, 0.3), (588.999411, 589.000589), (1e-06, 1800), (1e-06, 74200)]
22:09:39:INFO:OPTIMIZER:x:
[    0.02822131     0.00103475   589.00056905   899.99723277
 37099.98000379]
22:09:39:INFO:OPTIMIZER:fun:0.0019216221165467343
22:09:39:INFO:OPTIMIZER:nfev:11427
22:09:39:INFO:OPTIMIZER:nit:178
22:09:39:INFO:OPTIMIZER:message:Optimization terminated successfully.
22:09:39:INFO:OPTIMIZER:success:True
22:09:39:INFO:OPTIMIZER:constr:[array([0.])]
22:09:39:INFO:OPTIMIZER:constr_violation:0.0
22:09:39:INFO:OPTIMIZER:maxcv:0.0
22:09:39:INFO:RESULT:A:
[[-0.02822131  0.01846935  0.        ]
 [ 0.02822131 -0.01950411  0.0000251 ]
 [ 0.          0.00103475 -0.0000251 ]]
22:09:39:INFO:RESULT:m_eq:
[  589.00056905   899.99723277 37099.98000379](38588.977805615374)
22:09:39:INFO:RESULT:x_vec:
[    0.02822131     0.00103475   589.00056905   899.99723277
 37099.98000379](38589.00706167542)
22:09:39:INFO:RESULT:time_scale:
[  21.22885006 1550.85183572]
22:09:39:INFO:SAVE:message:saving bunch of data...
22:09:39:INFO:SAVE:message:saving optimizer data ...
