22:05:48:INFO:GENERAL:seed:1
22:05:48:INFO:GENERAL:rho:[0.1, 0.01, 0.1]
22:05:48:INFO:GENERAL:bounds_z:[(1e-06, 0.3), (1e-06, 0.3), (588.999411, 589.000589), (1e-06, 1800), (1e-06, 74200)]
22:05:49:INFO:OPTIMIZER:x:
[    0.05501559     0.00418391   588.99942621   957.58391378
 37099.47808941]
22:05:49:INFO:OPTIMIZER:fun:0.004405089058198367
22:05:49:INFO:OPTIMIZER:nfev:6720
22:05:49:INFO:OPTIMIZER:nit:103
22:05:49:INFO:OPTIMIZER:message:Optimization terminated successfully.
22:05:49:INFO:OPTIMIZER:success:True
22:05:49:INFO:OPTIMIZER:constr:[array([0.])]
22:05:49:INFO:OPTIMIZER:constr_violation:0.0
22:05:49:INFO:OPTIMIZER:maxcv:0.0
22:05:49:INFO:RESULT:A:
[[-0.05501559  0.03383949  0.        ]
 [ 0.05501559 -0.0380234   0.00010799]
 [ 0.          0.00418391 -0.00010799]]
22:05:49:INFO:RESULT:m_eq:
[  588.99942621   957.58391378 37099.47808941](38646.06142939608)
22:05:49:INFO:RESULT:x_vec:
[    0.05501559     0.00418391   588.99942621   957.58391378
 37099.47808941](38646.12062889132)
22:05:49:INFO:RESULT:time_scale:
[ 11.05003594 377.42522328]
22:05:49:INFO:SAVE:message:saving bunch of data...
22:05:49:INFO:SAVE:message:saving optimizer data ...
