22:08:26:INFO:GENERAL:seed:1
22:08:26:INFO:GENERAL:rho:[0.0, 0.001, 0.01]
22:08:26:INFO:GENERAL:bounds_z:[(1e-06, 0.3), (1e-06, 0.3), (588.999411, 589.000589), (1e-06, 1800), (1e-06, 74200)]
22:08:28:INFO:OPTIMIZER:x:
[    0.04127308     0.00383727   589.00055938   620.31419268
 36951.9285764 ]
22:08:28:INFO:OPTIMIZER:fun:0.0009678759992759467
22:08:28:INFO:OPTIMIZER:nfev:8746
22:08:28:INFO:OPTIMIZER:nit:136
22:08:28:INFO:OPTIMIZER:message:Optimization terminated successfully.
22:08:28:INFO:OPTIMIZER:success:True
22:08:28:INFO:OPTIMIZER:constr:[array([0.])]
22:08:28:INFO:OPTIMIZER:constr_violation:0.0
22:08:28:INFO:OPTIMIZER:maxcv:0.0
22:08:28:INFO:RESULT:A:
[[-0.04127308  0.0391896   0.        ]
 [ 0.04127308 -0.04302687  0.00006442]
 [ 0.          0.00383727 -0.00006442]]
22:08:28:INFO:RESULT:m_eq:
[  589.00055938   620.31419268 36951.9285764 ](38161.243328459415)
22:08:28:INFO:RESULT:x_vec:
[    0.04127308     0.00383727   589.00055938   620.31419268
 36951.9285764 ](38161.288438806085)
22:08:28:INFO:RESULT:time_scale:
[ 12.13902757 503.66519638]
22:08:28:INFO:SAVE:message:saving bunch of data...
22:08:28:INFO:SAVE:message:saving optimizer data ...
