21:22:22:INFO:GENERAL:seed:1
21:22:22:INFO:GENERAL:rho:[0.1, 0.0001, 0.01]
21:22:22:INFO:GENERAL:bounds_z:[(1e-06, 0.3), (1e-06, 0.3), (588.999411, 589.000589), (1e-06, 1800), (1e-06, 74200)]
21:22:23:INFO:OPTIMIZER:x:
[    0.02983358     0.00234215   588.99981674   758.87259382
 37455.69813053]
21:22:23:INFO:OPTIMIZER:fun:0.003178337500178406
21:22:23:INFO:OPTIMIZER:nfev:7376
21:22:23:INFO:OPTIMIZER:nit:114
21:22:23:INFO:OPTIMIZER:message:Optimization terminated successfully.
21:22:23:INFO:OPTIMIZER:success:True
21:22:23:INFO:OPTIMIZER:constr:[array([0.])]
21:22:23:INFO:OPTIMIZER:constr_violation:0.0
21:22:23:INFO:OPTIMIZER:maxcv:0.0
21:22:23:INFO:RESULT:A:
[[-0.02983358  0.02315537  0.        ]
 [ 0.02983358 -0.02549752  0.00004745]
 [ 0.          0.00234215 -0.00004745]]
21:22:23:INFO:RESULT:m_eq:
[  588.99981674   758.87259382 37455.69813053](38803.57054108766)
21:22:23:INFO:RESULT:x_vec:
[    0.02983358     0.00234215   588.99981674   758.87259382
 37455.69813053](38803.60271681829)
21:22:23:INFO:RESULT:time_scale:
[ 18.50516116 746.50620712]
21:22:23:INFO:SAVE:message:saving bunch of data...
21:22:23:INFO:SAVE:message:saving optimizer data ...
