22:04:09:INFO:GENERAL:seed:1
22:04:09:INFO:GENERAL:rho:[0.001, 0.1, 0.01]
22:04:09:INFO:GENERAL:bounds_z:[(1e-06, 0.3), (1e-06, 0.3), (1e-06, 0.3), (588.999411, 589.000589), (1e-06, 1800), (1e-06, 74200), (1e-06, 1100)]
22:04:14:INFO:OPTIMIZER:x:
[    0.02346619     0.00204573     0.02719838   589.00000967
   899.99995666 37099.99981831   550.00000403]
22:04:14:INFO:OPTIMIZER:fun:0.001723176530250275
22:04:14:INFO:OPTIMIZER:nfev:20907
22:04:14:INFO:OPTIMIZER:nit:327
22:04:14:INFO:OPTIMIZER:message:Optimization terminated successfully.
22:04:14:INFO:OPTIMIZER:success:True
22:04:14:INFO:OPTIMIZER:constr:[array([0.])]
22:04:14:INFO:OPTIMIZER:constr_violation:0.0
22:04:14:INFO:OPTIMIZER:maxcv:0.0
22:04:14:INFO:RESULT:A:
[[-0.05066457  0.01535732  0.          0.02912699]
 [ 0.02346619 -0.01740305  0.00004963  0.        ]
 [ 0.          0.00204573 -0.00004963  0.        ]
 [ 0.02719838  0.          0.         -0.02912699]]
22:04:14:INFO:RESULT:m_eq:
[  589.00000967   899.99995666 37099.99981831   550.00000403](39138.99978866271)
22:04:14:INFO:RESULT:x_vec:
[    0.02346619     0.00204573     0.02719838   589.00000967
   899.99995666 37099.99981831   550.00000403](39139.052498962585)
22:04:14:INFO:RESULT:time_scale:
[  13.43049989   45.70082127 1104.48762732]
22:04:14:INFO:SAVE:message:saving bunch of data...
22:04:14:INFO:SAVE:message:saving optimizer data ...
