22:07:02:INFO:GENERAL:seed:1
22:07:02:INFO:GENERAL:rho:[0.01, 0.0001, 0.0]
22:07:02:INFO:GENERAL:bounds_z:[(1e-06, 0.3), (1e-06, 0.3), (1e-06, 0.3), (588.999411, 589.000589), (1e-06, 1800), (1e-06, 74200), (1e-06, 1100)]
22:07:06:INFO:OPTIMIZER:x:
[    0.01171322     0.00103373     0.04397057   588.99998801
   811.43268814 37162.01313814   258.39204929]
22:07:06:INFO:OPTIMIZER:fun:0.0006202120604881215
22:07:06:INFO:OPTIMIZER:nfev:21947
22:07:06:INFO:OPTIMIZER:nit:346
22:07:06:INFO:OPTIMIZER:message:Optimization terminated successfully.
22:07:06:INFO:OPTIMIZER:success:True
22:07:06:INFO:OPTIMIZER:constr:[array([0.])]
22:07:06:INFO:OPTIMIZER:constr_violation:0.0
22:07:06:INFO:OPTIMIZER:maxcv:0.0
22:07:06:INFO:RESULT:A:
[[-0.05568379  0.00850235  0.          0.10023011]
 [ 0.01171322 -0.00953608  0.00002257  0.        ]
 [ 0.          0.00103373 -0.00002257  0.        ]
 [ 0.04397057  0.          0.         -0.10023011]]
22:07:06:INFO:RESULT:m_eq:
[  588.99998801   811.43268814 37162.01313814   258.39204929](38820.837863579916)
22:07:06:INFO:RESULT:x_vec:
[    0.01171322     0.00103373     0.04397057   588.99998801
   811.43268814 37162.01313814   258.39204929](38820.89458109336)
22:07:06:INFO:RESULT:time_scale:
[   6.74645696   59.75314876 1956.666938  ]
22:07:06:INFO:SAVE:message:saving bunch of data...
22:07:06:INFO:SAVE:message:saving optimizer data ...
