21:22:57:INFO:GENERAL:seed:1
21:22:57:INFO:GENERAL:rho:[0.0, 0.001, 0.1]
21:22:57:INFO:GENERAL:bounds_z:[(1e-06, 0.3), (1e-06, 0.3), (588.999411, 589.000589), (1e-06, 1800), (1e-06, 74200)]
21:22:59:INFO:OPTIMIZER:x:
[    0.04127746     0.00383808   589.00057694   620.25645215
 36965.54500695]
21:22:59:INFO:OPTIMIZER:fun:0.0009678760319953646
21:22:59:INFO:OPTIMIZER:nfev:10143
21:22:59:INFO:OPTIMIZER:nit:159
21:22:59:INFO:OPTIMIZER:message:Optimization terminated successfully.
21:22:59:INFO:OPTIMIZER:success:True
21:22:59:INFO:OPTIMIZER:constr:[array([0.])]
21:22:59:INFO:OPTIMIZER:constr_violation:0.0
21:22:59:INFO:OPTIMIZER:maxcv:0.0
21:22:59:INFO:RESULT:A:
[[-0.04127746  0.03919741  0.        ]
 [ 0.04127746 -0.04303549  0.0000644 ]
 [ 0.          0.00383808 -0.0000644 ]]
21:22:59:INFO:RESULT:m_eq:
[  589.00057694   620.25645215 36965.54500695](38174.80203603821)
21:22:59:INFO:RESULT:x_vec:
[    0.04127746     0.00383808   589.00057694   620.25645215
 36965.54500695](38174.847151577334)
21:22:59:INFO:RESULT:time_scale:
[ 12.13715836 503.58941529]
21:22:59:INFO:SAVE:message:saving bunch of data...
21:22:59:INFO:SAVE:message:saving optimizer data ...
