21:12:40:INFO:GENERAL:seed:1
21:12:40:INFO:GENERAL:rho:[0.1, 0.001, 0.0]
21:12:40:INFO:GENERAL:bounds_z:[(1e-06, 0.3), (1e-06, 0.3), (1e-06, 0.3), (588.999411, 589.000589), (1e-06, 1800), (1e-06, 74200), (1e-06, 1100)]
21:12:43:INFO:OPTIMIZER:x:
[    0.00838777     0.00147536     0.04479776   588.99954142
  1374.30729564 37263.21473872   764.87718547]
21:12:43:INFO:OPTIMIZER:fun:0.0035803572237655167
21:12:43:INFO:OPTIMIZER:nfev:11640
21:12:43:INFO:OPTIMIZER:nit:181
21:12:43:INFO:OPTIMIZER:message:Optimization terminated successfully.
21:12:43:INFO:OPTIMIZER:success:True
21:12:43:INFO:OPTIMIZER:constr:[array([0.])]
21:12:43:INFO:OPTIMIZER:constr_violation:0.0
21:12:43:INFO:OPTIMIZER:maxcv:0.0
21:12:43:INFO:RESULT:A:
[[-0.05318553  0.00359483  0.          0.03449686]
 [ 0.00838777 -0.00507018  0.00005441  0.        ]
 [ 0.          0.00147536 -0.00005441  0.        ]
 [ 0.04479776  0.          0.         -0.03449686]]
21:12:43:INFO:RESULT:m_eq:
[  588.99954142  1374.30729564 37263.21473872   764.87718547](39991.398761252465)
21:12:43:INFO:RESULT:x_vec:
[    0.00838777     0.00147536     0.04479776   588.99954142
  1374.30729564 37263.21473872   764.87718547](39991.45342214145)
21:12:43:INFO:RESULT:time_scale:
[  11.83683641  131.36176672 1403.73516766]
21:12:43:INFO:SAVE:message:saving bunch of data...
21:12:43:INFO:SAVE:message:saving optimizer data ...
