21:21:13:INFO:GENERAL:seed:1
21:21:13:INFO:GENERAL:rho:[0.0001, 0.0, 0.0]
21:21:13:INFO:GENERAL:bounds_z:[(1e-06, 0.3), (1e-06, 0.3), (588.999411, 589.000589), (1e-06, 1800), (1e-06, 74200)]
21:21:15:INFO:OPTIMIZER:x:
[  0.0572438    0.01648361 588.99992186 402.28456599 786.98131542]
21:21:15:INFO:OPTIMIZER:fun:0.00022468231387232887
21:21:15:INFO:OPTIMIZER:nfev:13139
21:21:15:INFO:OPTIMIZER:nit:204
21:21:15:INFO:OPTIMIZER:message:Optimization terminated successfully.
21:21:15:INFO:OPTIMIZER:success:True
21:21:15:INFO:OPTIMIZER:constr:[array([0.])]
21:21:15:INFO:OPTIMIZER:constr_violation:0.0
21:21:15:INFO:OPTIMIZER:maxcv:0.0
21:21:15:INFO:RESULT:A:
[[-0.0572438   0.08381279  0.        ]
 [ 0.0572438  -0.1002964   0.008426  ]
 [ 0.          0.01648361 -0.008426  ]]
21:21:15:INFO:RESULT:m_eq:
[588.99992186 402.28456599 786.98131542](1778.2658032737909)
21:21:15:INFO:RESULT:x_vec:
[  0.0572438    0.01648361 588.99992186 402.28456599 786.98131542](1778.3395306817056)
21:21:15:INFO:RESULT:time_scale:
[ 6.58185514 71.25882857]
21:21:15:INFO:SAVE:message:saving bunch of data...
21:21:15:INFO:SAVE:message:saving optimizer data ...
