21:22:21:INFO:GENERAL:seed:1
21:22:21:INFO:GENERAL:rho:[0.0, 0.01, 0.01]
21:22:21:INFO:GENERAL:bounds_z:[(1e-06, 0.3), (1e-06, 0.3), (1e-06, 0.3), (588.999411, 589.000589), (1e-06, 1800), (1e-06, 74200), (1e-06, 1100)]
21:22:27:INFO:OPTIMIZER:x:
[    0.0500845      0.00983512     0.01690561   589.00041733
   166.92998823 37109.6755835    502.65502704]
21:22:27:INFO:OPTIMIZER:fun:0.0022845219052200867
21:22:27:INFO:OPTIMIZER:nfev:30990
21:22:27:INFO:OPTIMIZER:nit:484
21:22:27:INFO:OPTIMIZER:message:Optimization terminated successfully.
21:22:27:INFO:OPTIMIZER:success:True
21:22:27:INFO:OPTIMIZER:constr:[array([0.])]
21:22:27:INFO:OPTIMIZER:constr_violation:0.0
21:22:27:INFO:OPTIMIZER:maxcv:0.0
21:22:27:INFO:RESULT:A:
[[-0.06699012  0.17671955  0.          0.01980964]
 [ 0.0500845  -0.18655467  0.00004424  0.        ]
 [ 0.          0.00983512 -0.00004424  0.        ]
 [ 0.01690561  0.          0.         -0.01980964]]
21:22:27:INFO:RESULT:m_eq:
[  589.00041733   166.92998823 37109.6755835    502.65502704](38368.2610160892)
21:22:27:INFO:RESULT:x_vec:
[    0.0500845      0.00983512     0.01690561   589.00041733
   166.92998823 37109.6755835    502.65502704](38368.337841326545)
21:22:27:INFO:RESULT:time_scale:
[  4.19116289  29.81451094 793.21914611]
21:22:27:INFO:SAVE:message:saving bunch of data...
21:22:27:INFO:SAVE:message:saving optimizer data ...
