22:16:49:INFO:GENERAL:seed:1
22:16:49:INFO:GENERAL:rho:[0.1, 0.001, 0.001]
22:16:49:INFO:GENERAL:bounds_z:[(1e-06, 0.3), (1e-06, 0.3), (588.999411, 589.000589), (1e-06, 1800), (1e-06, 74200)]
22:16:50:INFO:OPTIMIZER:x:
[    0.02915076     0.00214118   588.99999339   779.22355974
 37124.8480383 ]
22:16:50:INFO:OPTIMIZER:fun:0.0032221298005913473
22:16:50:INFO:OPTIMIZER:nfev:8346
22:16:50:INFO:OPTIMIZER:nit:129
22:16:50:INFO:OPTIMIZER:message:Optimization terminated successfully.
22:16:50:INFO:OPTIMIZER:success:True
22:16:50:INFO:OPTIMIZER:constr:[array([0.])]
22:16:50:INFO:OPTIMIZER:constr_violation:0.0
22:16:50:INFO:OPTIMIZER:maxcv:0.0
22:16:50:INFO:RESULT:A:
[[-0.02915076  0.0220345   0.        ]
 [ 0.02915076 -0.02417567  0.00004494]
 [ 0.          0.00214118 -0.00004494]]
22:16:50:INFO:RESULT:m_eq:
[  588.99999339   779.22355974 37124.8480383 ](38493.071591431566)
22:16:50:INFO:RESULT:x_vec:
[    0.02915076     0.00214118   588.99999339   779.22355974
 37124.8480383 ](38493.10288336828)
22:16:50:INFO:RESULT:time_scale:
[ 19.18284422 805.5025484 ]
22:16:50:INFO:SAVE:message:saving bunch of data...
22:16:50:INFO:SAVE:message:saving optimizer data ...
