22:18:05:INFO:GENERAL:seed:1
22:18:05:INFO:GENERAL:rho:[0.01, 0.0, 0.1]
22:18:05:INFO:GENERAL:bounds_z:[(1e-06, 0.3), (1e-06, 0.3), (1e-06, 0.3), (588.999411, 589.000589), (1e-06, 1800), (1e-06, 74200), (1e-06, 1100)]
22:18:24:INFO:OPTIMIZER:x:
[  0.01638329   0.00470919   0.04273998 589.0004835  622.57629387
 614.46784088 195.38362124]
22:18:24:INFO:OPTIMIZER:fun:0.0006742944846552824
22:18:24:INFO:OPTIMIZER:nfev:100351
22:18:24:INFO:OPTIMIZER:nit:1555
22:18:24:INFO:OPTIMIZER:message:Optimization terminated successfully.
22:18:24:INFO:OPTIMIZER:success:True
22:18:24:INFO:OPTIMIZER:constr:[array([0.])]
22:18:24:INFO:OPTIMIZER:constr_violation:0.0
22:18:24:INFO:OPTIMIZER:maxcv:0.0
22:18:24:INFO:RESULT:A:
[[-0.05912327  0.01549973  0.          0.12884329]
 [ 0.01638329 -0.02020892  0.00477133  0.        ]
 [ 0.          0.00470919 -0.00477133  0.        ]
 [ 0.04273998  0.          0.         -0.12884329]]
22:18:24:INFO:RESULT:m_eq:
[589.0004835  622.57629387 614.46784088 195.38362124](2021.428239485409)
22:18:24:INFO:RESULT:x_vec:
[  0.01638329   0.00470919   0.04273998 589.0004835  622.57629387
 614.46784088 195.38362124](2021.4920719424288)
22:18:24:INFO:RESULT:time_scale:
[  5.66759087  32.88348161 164.07993955]
22:18:24:INFO:SAVE:message:saving bunch of data...
22:18:24:INFO:SAVE:message:saving optimizer data ...
