22:07:53:INFO:GENERAL:seed:1
22:07:53:INFO:GENERAL:rho:[0.1, 0.01, 0.001]
22:07:53:INFO:GENERAL:bounds_z:[(1e-06, 0.3), (1e-06, 0.3), (588.999411, 589.000589), (1e-06, 1800), (1e-06, 74200)]
22:07:54:INFO:OPTIMIZER:x:
[    0.02583899     0.00108067   589.00030126   899.99962545
 37100.00194572]
22:07:54:INFO:OPTIMIZER:fun:0.003292894647560095
22:07:54:INFO:OPTIMIZER:nfev:8243
22:07:54:INFO:OPTIMIZER:nit:128
22:07:54:INFO:OPTIMIZER:message:Optimization terminated successfully.
22:07:54:INFO:OPTIMIZER:success:True
22:07:54:INFO:OPTIMIZER:constr:[array([0.])]
22:07:54:INFO:OPTIMIZER:constr_violation:0.0
22:07:54:INFO:OPTIMIZER:maxcv:0.0
22:07:54:INFO:RESULT:A:
[[-0.02583899  0.0169102   0.        ]
 [ 0.02583899 -0.01799087  0.00002622]
 [ 0.          0.00108067 -0.00002622]]
22:07:54:INFO:RESULT:m_eq:
[  589.00030126   899.99962545 37100.00194572](38589.00187242963)
22:07:54:INFO:RESULT:x_vec:
[    0.02583899     0.00108067   589.00030126   899.99962545
 37100.00194572](38589.02879208975)
22:07:54:INFO:RESULT:time_scale:
[  23.15698955 1486.83022546]
22:07:54:INFO:SAVE:message:saving bunch of data...
22:07:54:INFO:SAVE:message:saving optimizer data ...
