22:22:43:INFO:GENERAL:seed:1
22:22:43:INFO:GENERAL:rho:[0.001, 0.1, 0.01]
22:22:43:INFO:GENERAL:bounds_z:[(1e-06, 0.3), (1e-06, 0.3), (588.999411, 589.000589), (1e-06, 1800), (1e-06, 74200)]
22:22:45:INFO:OPTIMIZER:x:
[    0.07096312     0.00458075   589.00000241   899.99999646
 37100.00000565]
22:22:45:INFO:OPTIMIZER:fun:0.0008359460743888862
22:22:45:INFO:OPTIMIZER:nfev:10039
22:22:45:INFO:OPTIMIZER:nit:155
22:22:45:INFO:OPTIMIZER:message:Optimization terminated successfully.
22:22:45:INFO:OPTIMIZER:success:True
22:22:45:INFO:OPTIMIZER:constr:[array([0.])]
22:22:45:INFO:OPTIMIZER:constr_violation:0.0
22:22:45:INFO:OPTIMIZER:maxcv:0.0
22:22:45:INFO:RESULT:A:
[[-0.07096312  0.04644142  0.        ]
 [ 0.07096312 -0.05102217  0.00011112]
 [ 0.          0.00458075 -0.00011112]]
22:22:45:INFO:RESULT:m_eq:
[  589.00000241   899.99999646 37100.00000565](38589.00000452127)
22:22:45:INFO:RESULT:x_vec:
[    0.07096312     0.00458075   589.00000241   899.99999646
 37100.00000565](38589.07554838997)
22:22:45:INFO:RESULT:time_scale:
[  8.38494493 352.72853035]
22:22:45:INFO:SAVE:message:saving bunch of data...
22:22:45:INFO:SAVE:message:saving optimizer data ...
