21:13:25:INFO:GENERAL:seed:1
21:13:25:INFO:GENERAL:rho:[0.01, 0.1, 0.001]
21:13:25:INFO:GENERAL:bounds_z:[(1e-06, 0.3), (1e-06, 0.3), (1e-06, 0.3), (588.999411, 589.000589), (1e-06, 1800), (1e-06, 74200), (1e-06, 1100)]
21:13:28:INFO:OPTIMIZER:x:
[    0.01512834     0.00440457     0.05614284   589.00001732
   899.99996951 37100.00041535   550.00001619]
21:13:28:INFO:OPTIMIZER:fun:0.0014106816297094794
21:13:28:INFO:OPTIMIZER:nfev:13634
21:13:28:INFO:OPTIMIZER:nit:212
21:13:28:INFO:OPTIMIZER:message:Optimization terminated successfully.
21:13:28:INFO:OPTIMIZER:success:True
21:13:28:INFO:OPTIMIZER:constr:[array([0.])]
21:13:28:INFO:OPTIMIZER:constr_violation:0.0
21:13:28:INFO:OPTIMIZER:maxcv:0.0
21:13:28:INFO:RESULT:A:
[[-0.07127118  0.00990066  0.          0.06012388]
 [ 0.01512834 -0.01430522  0.00010685  0.        ]
 [ 0.          0.00440457 -0.00010685  0.        ]
 [ 0.05614284  0.          0.         -0.06012388]]
21:13:28:INFO:RESULT:m_eq:
[  589.00001732   899.99996951 37100.00041535   550.00001619](39139.00041837181)
21:13:28:INFO:RESULT:x_vec:
[    0.01512834     0.00440457     0.05614284   589.00001732
   899.99996951 37100.00041535   550.00001619](39139.07609411823)
21:13:28:INFO:RESULT:time_scale:
[  8.0121858   51.98337483 568.07687368]
21:13:28:INFO:SAVE:message:saving bunch of data...
21:13:28:INFO:SAVE:message:saving optimizer data ...
