21:13:23:INFO:GENERAL:seed:1
21:13:23:INFO:GENERAL:rho:[0.001, 0.1, 0.001]
21:13:23:INFO:GENERAL:bounds_z:[(1e-06, 0.3), (1e-06, 0.3), (588.999411, 589.000589), (1e-06, 1800), (1e-06, 74200)]
21:13:25:INFO:OPTIMIZER:x:
[    0.0709819      0.00458085   589.00000128   899.99999884
 37099.99997369]
21:13:25:INFO:OPTIMIZER:fun:0.0008359459248849275
21:13:25:INFO:OPTIMIZER:nfev:9292
21:13:25:INFO:OPTIMIZER:nit:145
21:13:25:INFO:OPTIMIZER:message:Optimization terminated successfully.
21:13:25:INFO:OPTIMIZER:success:True
21:13:25:INFO:OPTIMIZER:constr:[array([0.])]
21:13:25:INFO:OPTIMIZER:constr_violation:0.0
21:13:25:INFO:OPTIMIZER:maxcv:0.0
21:13:25:INFO:RESULT:A:
[[-0.0709819   0.04645371  0.        ]
 [ 0.0709819  -0.05103456  0.00011113]
 [ 0.          0.00458085 -0.00011113]]
21:13:25:INFO:RESULT:m_eq:
[  589.00000128   899.99999884 37099.99997369](38588.99997380641)
21:13:25:INFO:RESULT:x_vec:
[    0.0709819      0.00458085   589.00000128   899.99999884
 37099.99997369](38589.07553655721)
21:13:25:INFO:RESULT:time_scale:
[  8.38275856 352.71959918]
21:13:25:INFO:SAVE:message:saving bunch of data...
21:13:25:INFO:SAVE:message:saving optimizer data ...
