22:21:31:INFO:GENERAL:seed:1
22:21:31:INFO:GENERAL:rho:[0.0001, 0.01, 0.0001]
22:21:31:INFO:GENERAL:bounds_z:[(1e-06, 0.3), (1e-06, 0.3), (588.999411, 589.000589), (1e-06, 1800), (1e-06, 74200)]
22:21:32:INFO:OPTIMIZER:x:
[    0.07113225     0.00457901   588.99996595   900.00004405
 37099.99974742]
22:21:32:INFO:OPTIMIZER:fun:0.0007992716917683716
22:21:32:INFO:OPTIMIZER:nfev:9002
22:21:32:INFO:OPTIMIZER:nit:140
22:21:32:INFO:OPTIMIZER:message:Optimization terminated successfully.
22:21:32:INFO:OPTIMIZER:success:True
22:21:32:INFO:OPTIMIZER:constr:[array([0.])]
22:21:32:INFO:OPTIMIZER:constr_violation:0.0
22:21:32:INFO:OPTIMIZER:maxcv:0.0
22:21:32:INFO:RESULT:A:
[[-0.07113225  0.0465521   0.        ]
 [ 0.07113225 -0.05113112  0.00011108]
 [ 0.          0.00457901 -0.00011108]]
22:21:32:INFO:RESULT:m_eq:
[  588.99996595   900.00004405 37099.99974742](38588.999757421996)
22:21:32:INFO:RESULT:x_vec:
[    0.07113225     0.00457901   588.99996595   900.00004405
 37099.99974742](38589.0754686871)
22:21:32:INFO:RESULT:time_scale:
[  8.36537557 352.84704353]
22:21:32:INFO:SAVE:message:saving bunch of data...
22:21:32:INFO:SAVE:message:saving optimizer data ...
