22:20:47:INFO:GENERAL:seed:1
22:20:47:INFO:GENERAL:rho:[0.001, 0.1, 0.0]
22:20:47:INFO:GENERAL:bounds_z:[(1e-06, 0.3), (1e-06, 0.3), (1e-06, 0.3), (588.999411, 589.000589), (1e-06, 1800), (1e-06, 74200), (1e-06, 1100)]
22:20:50:INFO:OPTIMIZER:x:
[    0.01478322     0.00465967     0.05967312   588.99999831
   900.00000141 37100.00028709   550.00000334]
22:20:50:INFO:OPTIMIZER:fun:0.0005138938048870361
22:20:50:INFO:OPTIMIZER:nfev:14633
22:20:50:INFO:OPTIMIZER:nit:227
22:20:50:INFO:OPTIMIZER:message:Optimization terminated successfully.
22:20:50:INFO:OPTIMIZER:success:True
22:20:50:INFO:OPTIMIZER:constr:[array([0.])]
22:20:50:INFO:OPTIMIZER:constr_violation:0.0
22:20:50:INFO:OPTIMIZER:maxcv:0.0
22:20:50:INFO:RESULT:A:
[[-0.07445634  0.00967479  0.          0.06390448]
 [ 0.01478322 -0.01433446  0.00011304  0.        ]
 [ 0.          0.00465967 -0.00011304  0.        ]
 [ 0.05967312  0.          0.         -0.06390448]]
22:20:50:INFO:RESULT:m_eq:
[  588.99999831   900.00000141 37100.00028709   550.00000334](39139.000290146585)
22:20:50:INFO:RESULT:x_vec:
[    0.01478322     0.00465967     0.05967312   588.99999831
   900.00000141 37100.00028709   550.00000334](39139.07940615294)
22:20:50:INFO:RESULT:time_scale:
[  7.58601973  52.22766721 543.4931831 ]
22:20:50:INFO:SAVE:message:saving bunch of data...
22:20:50:INFO:SAVE:message:saving optimizer data ...
