22:21:07:INFO:GENERAL:seed:1
22:21:07:INFO:GENERAL:rho:[0.0001, 0.1, 0.0]
22:21:07:INFO:GENERAL:bounds_z:[(1e-06, 0.3), (1e-06, 0.3), (1e-06, 0.3), (588.999411, 589.000589), (1e-06, 1800), (1e-06, 74200), (1e-06, 1100)]
22:21:10:INFO:OPTIMIZER:x:
[    0.0147814      0.00466482     0.05987411   588.99999689
   900.0000017  37099.99980628   550.00000111]
22:21:10:INFO:OPTIMIZER:fun:0.0004794669234906002
22:21:10:INFO:OPTIMIZER:nfev:15747
22:21:10:INFO:OPTIMIZER:nit:245
22:21:10:INFO:OPTIMIZER:message:Optimization terminated successfully.
22:21:10:INFO:OPTIMIZER:success:True
22:21:10:INFO:OPTIMIZER:constr:[array([0.])]
22:21:10:INFO:OPTIMIZER:constr_violation:0.0
22:21:10:INFO:OPTIMIZER:maxcv:0.0
22:21:10:INFO:RESULT:A:
[[-0.07465551  0.0096736   0.          0.06411973]
 [ 0.0147814  -0.01433843  0.00011316  0.        ]
 [ 0.          0.00466482 -0.00011316  0.        ]
 [ 0.05987411  0.          0.         -0.06411973]]
22:21:10:INFO:RESULT:m_eq:
[  588.99999689   900.0000017  37099.99980628   550.00000111](39138.999805989304)
22:21:10:INFO:RESULT:x_vec:
[    0.0147814      0.00466482     0.05987411   588.99999689
   900.0000017  37099.99980628   550.00000111](39139.079126321136)
22:21:10:INFO:RESULT:time_scale:
[  7.5624384   52.21201188 542.98708707]
22:21:10:INFO:SAVE:message:saving bunch of data...
22:21:10:INFO:SAVE:message:saving optimizer data ...
