22:06:41:INFO:GENERAL:seed:1
22:06:41:INFO:GENERAL:rho:[0.0001, 0.001, 0.0]
22:06:41:INFO:GENERAL:bounds_z:[(1e-06, 0.3), (1e-06, 0.3), (1e-06, 0.3), (588.999411, 589.000589), (1e-06, 1800), (1e-06, 74200), (1e-06, 1100)]
22:06:48:INFO:OPTIMIZER:x:
[  0.01813216   0.00674223   0.04534835 589.00049695 571.80916073
 577.5941257  177.37627582]
22:06:48:INFO:OPTIMIZER:fun:0.00043042122653049565
22:06:48:INFO:OPTIMIZER:nfev:37358
22:06:48:INFO:OPTIMIZER:nit:580
22:06:48:INFO:OPTIMIZER:message:Optimization terminated successfully.
22:06:48:INFO:OPTIMIZER:success:True
22:06:48:INFO:OPTIMIZER:constr:[array([0.])]
22:06:48:INFO:OPTIMIZER:constr_violation:0.0
22:06:48:INFO:OPTIMIZER:maxcv:0.0
22:06:48:INFO:RESULT:A:
[[-0.06348051  0.0186773   0.          0.15058496]
 [ 0.01813216 -0.02541954  0.00667471  0.        ]
 [ 0.          0.00674223 -0.00667471  0.        ]
 [ 0.04534835  0.          0.         -0.15058496]]
22:06:48:INFO:RESULT:m_eq:
[589.00049695 571.80916073 577.5941257  177.37627582](1915.780059201039)
22:06:48:INFO:RESULT:x_vec:
[  0.01813216   0.00674223   0.04534835 589.00049695 571.80916073
 577.5941257  177.37627582](1915.8502819481162)
22:06:48:INFO:RESULT:time_scale:
[  4.97604034  27.0412238  121.71156153]
22:06:48:INFO:SAVE:message:saving bunch of data...
22:06:48:INFO:SAVE:message:saving optimizer data ...
