22:06:52:INFO:GENERAL:seed:1
22:06:52:INFO:GENERAL:rho:[0.1, 0.1, 0.0]
22:06:52:INFO:GENERAL:bounds_z:[(1e-06, 0.3), (1e-06, 0.3), (588.999411, 589.000589), (1e-06, 1800), (1e-06, 74200)]
22:06:53:INFO:OPTIMIZER:x:
[    0.02584733     0.00107929   589.00000238   900.00000087
 37099.99989256]
22:06:53:INFO:OPTIMIZER:fun:0.0032928936828916654
22:06:53:INFO:OPTIMIZER:nfev:8724
22:06:53:INFO:OPTIMIZER:nit:136
22:06:53:INFO:OPTIMIZER:message:Optimization terminated successfully.
22:06:53:INFO:OPTIMIZER:success:True
22:06:53:INFO:OPTIMIZER:constr:[array([0.])]
22:06:53:INFO:OPTIMIZER:constr_violation:0.0
22:06:53:INFO:OPTIMIZER:maxcv:0.0
22:06:53:INFO:RESULT:A:
[[-0.02584733  0.01691564  0.        ]
 [ 0.02584733 -0.01799494  0.00002618]
 [ 0.          0.00107929 -0.00002618]]
22:06:53:INFO:RESULT:m_eq:
[  589.00000238   900.00000087 37099.99989256](38588.99989580949)
22:06:53:INFO:RESULT:x_vec:
[    0.02584733     0.00107929   589.00000238   900.00000087
 37099.99989256](38589.026822435975)
22:06:53:INFO:RESULT:time_scale:
[  23.1499036  1488.69646732]
22:06:53:INFO:SAVE:message:saving bunch of data...
22:06:53:INFO:SAVE:message:saving optimizer data ...
