22:16:31:INFO:GENERAL:seed:1
22:16:31:INFO:GENERAL:rho:[0.001, 0.01, 0.001]
22:16:31:INFO:GENERAL:bounds_z:[(1e-06, 0.3), (1e-06, 0.3), (588.999411, 589.000589), (1e-06, 1800), (1e-06, 74200)]
22:16:33:INFO:OPTIMIZER:x:
[    0.03344226     0.0022626    589.00055521   758.59730285
 37097.66627926]
22:16:33:INFO:OPTIMIZER:fun:0.0017697251378176503
22:16:33:INFO:OPTIMIZER:nfev:8919
22:16:33:INFO:OPTIMIZER:nit:139
22:16:33:INFO:OPTIMIZER:message:Optimization terminated successfully.
22:16:33:INFO:OPTIMIZER:success:True
22:16:33:INFO:OPTIMIZER:constr:[array([0.])]
22:16:33:INFO:OPTIMIZER:constr_violation:0.0
22:16:33:INFO:OPTIMIZER:maxcv:0.0
22:16:33:INFO:RESULT:A:
[[-0.03344226  0.0259657   0.        ]
 [ 0.03344226 -0.02822829  0.00004627]
 [ 0.          0.0022626  -0.00004627]]
22:16:33:INFO:RESULT:m_eq:
[  589.00055521   758.59730285 37097.66627926](38445.26413731867)
22:16:33:INFO:RESULT:x_vec:
[    0.03344226     0.0022626    589.00055521   758.59730285
 37097.66627926](38445.29984217196)
22:16:33:INFO:RESULT:time_scale:
[ 16.55109485 770.50293688]
22:16:33:INFO:SAVE:message:saving bunch of data...
22:16:33:INFO:SAVE:message:saving optimizer data ...
