22:03:24:INFO:GENERAL:seed:1
22:03:24:INFO:GENERAL:rho:[0.001, 0.01, 0.001]
22:03:24:INFO:GENERAL:bounds_z:[(1e-06, 0.3), (1e-06, 0.3), (588.999411, 589.000589), (1e-06, 1800), (1e-06, 74200)]
22:03:25:INFO:OPTIMIZER:x:
[    0.07097655     0.0045803    588.99995978   900.00024539
 37099.99848255]
22:03:25:INFO:OPTIMIZER:fun:0.000835946218650719
22:03:25:INFO:OPTIMIZER:nfev:9702
22:03:25:INFO:OPTIMIZER:nit:150
22:03:25:INFO:OPTIMIZER:message:Optimization terminated successfully.
22:03:25:INFO:OPTIMIZER:success:True
22:03:25:INFO:OPTIMIZER:constr:[array([0.])]
22:03:25:INFO:OPTIMIZER:constr_violation:0.0
22:03:25:INFO:OPTIMIZER:maxcv:0.0
22:03:25:INFO:RESULT:A:
[[-0.07097655  0.04645019  0.        ]
 [ 0.07097655 -0.0510305   0.00011111]
 [ 0.          0.0045803  -0.00011111]]
22:03:25:INFO:RESULT:m_eq:
[  588.99995978   900.00024539 37099.99848255](38588.99868772286)
22:03:25:INFO:RESULT:x_vec:
[    0.07097655     0.0045803    588.99995978   900.00024539
 37099.99848255](38589.07424457855)
22:03:25:INFO:RESULT:time_scale:
[  8.3833972  352.76146265]
22:03:25:INFO:SAVE:message:saving bunch of data...
22:03:25:INFO:SAVE:message:saving optimizer data ...
