22:21:28:INFO:GENERAL:seed:1
22:21:28:INFO:GENERAL:rho:[0.0001, 0.01, 0.0001]
22:21:28:INFO:GENERAL:bounds_z:[(1e-06, 0.3), (1e-06, 0.3), (1e-06, 0.3), (588.999411, 589.000589), (1e-06, 1800), (1e-06, 74200), (1e-06, 1100)]
22:21:31:INFO:OPTIMIZER:x:
[    0.01480949     0.00464582     0.05971899   588.9999733
   900.0000051  37100.00307055   549.99992434]
22:21:31:INFO:OPTIMIZER:fun:0.0005365180828029132
22:21:31:INFO:OPTIMIZER:nfev:14355
22:21:31:INFO:OPTIMIZER:nit:223
22:21:31:INFO:OPTIMIZER:message:Optimization terminated successfully.
22:21:31:INFO:OPTIMIZER:success:True
22:21:31:INFO:OPTIMIZER:constr:[array([0.])]
22:21:31:INFO:OPTIMIZER:constr_violation:0.0
22:21:31:INFO:OPTIMIZER:maxcv:0.0
22:21:31:INFO:RESULT:A:
[[-0.07452847  0.00969199  0.          0.06395361]
 [ 0.01480949 -0.01433781  0.0001127   0.        ]
 [ 0.          0.00464582 -0.0001127   0.        ]
 [ 0.05971899  0.          0.         -0.06395361]]
22:21:31:INFO:RESULT:m_eq:
[  588.9999733    900.0000051  37100.00307055   549.99992434](39139.00297329724)
22:21:31:INFO:RESULT:x_vec:
[    0.01480949     0.00464582     0.05971899   588.9999733
   900.0000051  37100.00307055   549.99992434](39139.082147594345)
22:21:31:INFO:RESULT:time_scale:
[  7.57965241  52.17981979 544.68382383]
22:21:31:INFO:SAVE:message:saving bunch of data...
22:21:31:INFO:SAVE:message:saving optimizer data ...
