22:08:18:INFO:GENERAL:seed:1
22:08:18:INFO:GENERAL:rho:[0.1, 0.0001, 0.01]
22:08:18:INFO:GENERAL:bounds_z:[(1e-06, 0.3), (1e-06, 0.3), (588.999411, 589.000589), (1e-06, 1800), (1e-06, 74200)]
22:08:19:INFO:OPTIMIZER:x:
[    0.02983335     0.00234355   588.99999983   758.78733257
 37492.30700503]
22:08:19:INFO:OPTIMIZER:fun:0.0031783372698591925
22:08:19:INFO:OPTIMIZER:nfev:7855
22:08:19:INFO:OPTIMIZER:nit:121
22:08:19:INFO:OPTIMIZER:message:Optimization terminated successfully.
22:08:19:INFO:OPTIMIZER:success:True
22:08:19:INFO:OPTIMIZER:constr:[array([0.])]
22:08:19:INFO:OPTIMIZER:constr_violation:0.0
22:08:19:INFO:OPTIMIZER:maxcv:0.0
22:08:19:INFO:RESULT:A:
[[-0.02983335  0.02315779  0.        ]
 [ 0.02983335 -0.02550134  0.00004743]
 [ 0.          0.00234355 -0.00004743]]
22:08:19:INFO:RESULT:m_eq:
[  588.99999983   758.78733257 37492.30700503](38840.094337432434)
22:08:19:INFO:RESULT:x_vec:
[    0.02983335     0.00234355   588.99999983   758.78733257
 37492.30700503](38840.1265143268)
22:08:19:INFO:RESULT:time_scale:
[ 18.50416895 746.13342605]
22:08:19:INFO:SAVE:message:saving bunch of data...
22:08:19:INFO:SAVE:message:saving optimizer data ...
