21:12:53:INFO:GENERAL:seed:1
21:12:53:INFO:GENERAL:rho:[0.0, 0.001, 0.0]
21:12:53:INFO:GENERAL:bounds_z:[(1e-06, 0.3), (1e-06, 0.3), (1e-06, 0.3), (588.999411, 589.000589), (1e-06, 1800), (1e-06, 74200), (1e-06, 1100)]
21:12:58:INFO:OPTIMIZER:x:
[    0.06681069     0.00663307     0.01888103   588.99998437
   401.61151764 36980.1070697    687.24446108]
21:12:58:INFO:OPTIMIZER:fun:0.00032934481035410855
21:12:58:INFO:OPTIMIZER:nfev:24387
21:12:58:INFO:OPTIMIZER:nit:380
21:12:58:INFO:OPTIMIZER:message:Optimization terminated successfully.
21:12:58:INFO:OPTIMIZER:success:True
21:12:58:INFO:OPTIMIZER:constr:[array([0.])]
21:12:58:INFO:OPTIMIZER:constr_violation:0.0
21:12:58:INFO:OPTIMIZER:maxcv:0.0
21:12:58:INFO:RESULT:A:
[[-0.08569172  0.09798398  0.          0.0161819 ]
 [ 0.06681069 -0.10461705  0.00007204  0.        ]
 [ 0.          0.00663307 -0.00007204  0.        ]
 [ 0.01888103  0.          0.         -0.0161819 ]]
21:12:58:INFO:RESULT:m_eq:
[  588.99998437   401.61151764 36980.1070697    687.24446108](38657.963032789485)
21:12:58:INFO:RESULT:x_vec:
[    0.06681069     0.00663307     0.01888103   588.99998437
   401.61151764 36980.1070697    687.24446108](38658.055357576566)
21:12:58:INFO:RESULT:time_scale:
[  5.63508355  36.27016403 652.66334026]
21:12:58:INFO:SAVE:message:saving bunch of data...
21:12:58:INFO:SAVE:message:saving optimizer data ...
