22:09:07:INFO:GENERAL:seed:1
22:09:07:INFO:GENERAL:rho:[0.1, 0.1, 0.1]
22:09:07:INFO:GENERAL:bounds_z:[(1e-06, 0.3), (1e-06, 0.3), (1e-06, 0.3), (588.999411, 589.000589), (1e-06, 1800), (1e-06, 74200), (1e-06, 1100)]
22:09:12:INFO:OPTIMIZER:x:
[    0.0082428      0.00021812     0.00857028   589.00000541
   899.99996504 37100.00038696   550.00001853]
22:09:12:INFO:OPTIMIZER:fun:0.004924743127683022
22:09:12:INFO:OPTIMIZER:nfev:23549
22:09:12:INFO:OPTIMIZER:nit:426
22:09:12:INFO:OPTIMIZER:message:Optimization terminated successfully.
22:09:12:INFO:OPTIMIZER:success:True
22:09:12:INFO:OPTIMIZER:constr:[array([0.])]
22:09:12:INFO:OPTIMIZER:constr_violation:0.0
22:09:12:INFO:OPTIMIZER:maxcv:0.0
22:09:12:INFO:RESULT:A:
[[-0.01681308  0.00539445  0.          0.00917799]
 [ 0.0082428  -0.00561258  0.00000529  0.        ]
 [ 0.          0.00021812 -0.00000529  0.        ]
 [ 0.00857028  0.          0.         -0.00917799]]
22:09:12:INFO:RESULT:m_eq:
[  589.00000541   899.99996504 37100.00038696   550.00001853](39139.00037594003)
22:09:12:INFO:RESULT:x_vec:
[    0.0082428      0.00021812     0.00857028   589.00000541
   899.99996504 37100.00038696   550.00001853](39139.01740713796)
22:09:12:INFO:RESULT:time_scale:
[  41.04414127  139.95965638 9999.77577735]
22:09:12:INFO:SAVE:message:saving bunch of data...
22:09:12:INFO:SAVE:message:saving optimizer data ...
