21:12:59:INFO:GENERAL:seed:1
21:12:59:INFO:GENERAL:rho:[0.0, 0.01, 0.0001]
21:12:59:INFO:GENERAL:bounds_z:[(1e-06, 0.3), (1e-06, 0.3), (588.999411, 589.000589), (1e-06, 1800), (1e-06, 74200)]
21:13:01:INFO:OPTIMIZER:x:
[    0.07114556     0.0045787    588.99996793   900.00002543
 37099.99871396]
21:13:01:INFO:OPTIMIZER:fun:0.0007951920642709651
21:13:01:INFO:OPTIMIZER:nfev:10045
21:13:01:INFO:OPTIMIZER:nit:158
21:13:01:INFO:OPTIMIZER:message:Optimization terminated successfully.
21:13:01:INFO:OPTIMIZER:success:True
21:13:01:INFO:OPTIMIZER:constr:[array([0.])]
21:13:01:INFO:OPTIMIZER:constr_violation:0.0
21:13:01:INFO:OPTIMIZER:maxcv:0.0
21:13:01:INFO:RESULT:A:
[[-0.07114556  0.04656081  0.        ]
 [ 0.07114556 -0.05113951  0.00011107]
 [ 0.          0.0045787  -0.00011107]]
21:13:01:INFO:RESULT:m_eq:
[  588.99996793   900.00002543 37099.99871396](38588.99870732177)
21:13:01:INFO:RESULT:x_vec:
[    0.07114556     0.0045787    588.99996793   900.00002543
 37099.99871396](38589.07443158036)
21:13:01:INFO:RESULT:time_scale:
[  8.36384472 352.8698571 ]
21:13:01:INFO:SAVE:message:saving bunch of data...
21:13:01:INFO:SAVE:message:saving optimizer data ...
