21:22:03:INFO:GENERAL:seed:1
21:22:03:INFO:GENERAL:rho:[0.001, 0.0, 0.01]
21:22:03:INFO:GENERAL:bounds_z:[(1e-06, 0.3), (1e-06, 0.3), (588.999411, 589.000589), (1e-06, 1800), (1e-06, 74200)]
21:22:06:INFO:OPTIMIZER:x:
[  0.05682134   0.01624744 589.00051781 405.12547777 786.2476925 ]
21:22:06:INFO:OPTIMIZER:fun:0.0002741836738378631
21:22:06:INFO:OPTIMIZER:nfev:15039
21:22:06:INFO:OPTIMIZER:nit:235
21:22:06:INFO:OPTIMIZER:message:Optimization terminated successfully.
21:22:06:INFO:OPTIMIZER:success:True
21:22:06:INFO:OPTIMIZER:constr:[array([0.])]
21:22:06:INFO:OPTIMIZER:constr_violation:0.0
21:22:06:INFO:OPTIMIZER:maxcv:0.0
21:22:06:INFO:RESULT:A:
[[-0.05682134  0.08261094  0.        ]
 [ 0.05682134 -0.09885838  0.00837173]
 [ 0.          0.01624744 -0.00837173]]
21:22:06:INFO:RESULT:m_eq:
[589.00051781 405.12547777 786.2476925 ](1780.3736880752544)
21:22:06:INFO:RESULT:x_vec:
[  0.05682134   0.01624744 589.00051781 405.12547777 786.2476925 ](1780.4467568556554)
21:22:06:INFO:RESULT:time_scale:
[ 6.66104483 71.81404343]
21:22:06:INFO:SAVE:message:saving bunch of data...
21:22:06:INFO:SAVE:message:saving optimizer data ...
