22:07:00:INFO:GENERAL:seed:1
22:07:00:INFO:GENERAL:rho:[0.0001, 0.1, 0.0]
22:07:00:INFO:GENERAL:bounds_z:[(1e-06, 0.3), (1e-06, 0.3), (1e-06, 0.3), (588.999411, 589.000589), (1e-06, 1800), (1e-06, 74200), (1e-06, 1100)]
22:07:02:INFO:OPTIMIZER:x:
[    0.0034648      0.09036399     0.03593112   588.99999454
   899.9999979  37099.99905231   550.00000188]
22:07:02:INFO:OPTIMIZER:fun:0.0009194777757535858
22:07:02:INFO:OPTIMIZER:nfev:12788
22:07:02:INFO:OPTIMIZER:nit:198
22:07:02:INFO:OPTIMIZER:message:Optimization terminated successfully.
22:07:02:INFO:OPTIMIZER:success:True
22:07:02:INFO:OPTIMIZER:constr:[array([0.])]
22:07:02:INFO:OPTIMIZER:constr_violation:0.0
22:07:02:INFO:OPTIMIZER:maxcv:0.0
22:07:02:INFO:RESULT:A:
[[-0.03939592  0.00226752  0.          0.03847896]
 [ 0.0034648  -0.09263151  0.00219212  0.        ]
 [ 0.          0.09036399 -0.00219212  0.        ]
 [ 0.03593112  0.          0.         -0.03847896]]
22:07:02:INFO:RESULT:m_eq:
[  588.99999454   899.9999979  37099.99905231   550.00000188](39138.99904663394)
22:07:02:INFO:RESULT:x_vec:
[    0.0034648      0.09036399     0.03593112   588.99999454
   899.9999979  37099.99905231   550.00000188](39139.12880653529)
22:07:02:INFO:RESULT:time_scale:
[ 10.52436972  13.1719258  567.57336036]
22:07:02:INFO:SAVE:message:saving bunch of data...
22:07:02:INFO:SAVE:message:saving optimizer data ...
