22:09:49:INFO:GENERAL:seed:1
22:09:49:INFO:GENERAL:rho:[0.01, 0.0001, 0.1]
22:09:49:INFO:GENERAL:bounds_z:[(1e-06, 0.3), (1e-06, 0.3), (588.999411, 589.000589), (1e-06, 1800), (1e-06, 74200)]
22:09:51:INFO:OPTIMIZER:x:
[  0.05300602   0.01407017 588.99992169 433.34822111 780.82707897]
22:09:51:INFO:OPTIMIZER:fun:0.0007774445229974295
22:09:51:INFO:OPTIMIZER:nfev:15423
22:09:51:INFO:OPTIMIZER:nit:240
22:09:51:INFO:OPTIMIZER:message:Optimization terminated successfully.
22:09:51:INFO:OPTIMIZER:success:True
22:09:51:INFO:OPTIMIZER:constr:[array([0.])]
22:09:51:INFO:OPTIMIZER:constr_violation:0.0
22:09:51:INFO:OPTIMIZER:maxcv:0.0
22:09:51:INFO:RESULT:A:
[[-0.05300602  0.07204493  0.        ]
 [ 0.05300602 -0.0861151   0.00780875]
 [ 0.          0.01407017 -0.00780875]]
22:09:51:INFO:RESULT:m_eq:
[588.99992169 433.34822111 780.82707897](1803.1752217798955)
22:09:51:INFO:RESULT:x_vec:
[  0.05300602   0.01407017 588.99992169 433.34822111 780.82707897](1803.2422979746184)
22:09:51:INFO:RESULT:time_scale:
[ 7.45795148 77.85252475]
22:09:51:INFO:SAVE:message:saving bunch of data...
22:09:51:INFO:SAVE:message:saving optimizer data ...
