21:23:38:INFO:GENERAL:seed:1
21:23:38:INFO:GENERAL:rho:[0.1, 0.01, 0.1]
21:23:38:INFO:GENERAL:bounds_z:[(1e-06, 0.3), (1e-06, 0.3), (588.999411, 589.000589), (1e-06, 1800), (1e-06, 74200)]
21:23:40:INFO:OPTIMIZER:x:
[    0.02584494     0.00108015   589.00011486   899.99977275
 37100.00918956]
21:23:40:INFO:OPTIMIZER:fun:0.003292894092780705
21:23:40:INFO:OPTIMIZER:nfev:8581
21:23:40:INFO:OPTIMIZER:nit:134
21:23:40:INFO:OPTIMIZER:message:Optimization terminated successfully.
21:23:40:INFO:OPTIMIZER:success:True
21:23:40:INFO:OPTIMIZER:constr:[array([0.])]
21:23:40:INFO:OPTIMIZER:constr_violation:0.0
21:23:40:INFO:OPTIMIZER:maxcv:0.0
21:23:40:INFO:RESULT:A:
[[-0.02584494  0.01691409  0.        ]
 [ 0.02584494 -0.01799424  0.0000262 ]
 [ 0.          0.00108015 -0.0000262 ]]
21:23:40:INFO:RESULT:m_eq:
[  589.00011486   899.99977275 37100.00918956](38589.009077169314)
21:23:40:INFO:RESULT:x_vec:
[    0.02584494     0.00108015   589.00011486   899.99977275
 37100.00918956](38589.03600226462)
21:23:40:INFO:RESULT:time_scale:
[  23.15183188 1487.52380314]
21:23:40:INFO:SAVE:message:saving bunch of data...
21:23:40:INFO:SAVE:message:saving optimizer data ...
