22:06:43:INFO:GENERAL:seed:1
22:06:43:INFO:GENERAL:rho:[0.001, 0.01, 0.0]
22:06:43:INFO:GENERAL:bounds_z:[(1e-06, 0.3), (1e-06, 0.3), (1e-06, 0.3), (588.999411, 589.000589), (1e-06, 1800), (1e-06, 74200), (1e-06, 1100)]
22:06:45:INFO:OPTIMIZER:x:
[    0.00353907     0.04399544     0.03567095   589.00035142
   899.99999292 37099.9957317    549.99990748]
22:06:45:INFO:OPTIMIZER:fun:0.0009508461948476549
22:06:45:INFO:OPTIMIZER:nfev:14149
22:06:45:INFO:OPTIMIZER:nit:220
22:06:45:INFO:OPTIMIZER:message:Optimization terminated successfully.
22:06:45:INFO:OPTIMIZER:success:True
22:06:45:INFO:OPTIMIZER:constr:[array([0.])]
22:06:45:INFO:OPTIMIZER:constr_violation:0.0
22:06:45:INFO:OPTIMIZER:maxcv:0.0
22:06:45:INFO:RESULT:A:
[[-0.03921002  0.00231613  0.          0.03820037]
 [ 0.00353907 -0.04631157  0.00106728  0.        ]
 [ 0.          0.04399544 -0.00106728  0.        ]
 [ 0.03567095  0.          0.         -0.03820037]]
22:06:45:INFO:RESULT:m_eq:
[  589.00035142   899.99999292 37099.9957317    549.99990748](39138.99598352049)
22:06:45:INFO:RESULT:x_vec:
[    0.00353907     0.04399544     0.03567095   589.00035142
   899.99999292 37099.9957317    549.99990748](39139.07918898228)
22:06:45:INFO:RESULT:time_scale:
[ 13.19835096  21.15497706 570.77826885]
22:06:45:INFO:SAVE:message:saving bunch of data...
22:06:45:INFO:SAVE:message:saving optimizer data ...
