21:20:49:INFO:GENERAL:seed:1
21:20:49:INFO:GENERAL:rho:[0.01, 0.0, 0.0001]
21:20:49:INFO:GENERAL:bounds_z:[(1e-06, 0.3), (1e-06, 0.3), (1e-06, 0.3), (588.999411, 589.000589), (1e-06, 1800), (1e-06, 74200), (1e-06, 1100)]
21:20:53:INFO:OPTIMIZER:x:
[    0.04605346     0.00435352     0.01153596   589.00001737
   249.95504448 74169.82544423   568.04609293]
21:20:53:INFO:OPTIMIZER:fun:0.0006938593662452677
21:20:53:INFO:OPTIMIZER:nfev:22792
21:20:53:INFO:OPTIMIZER:nit:356
21:20:53:INFO:OPTIMIZER:message:Optimization terminated successfully.
21:20:53:INFO:OPTIMIZER:success:True
21:20:53:INFO:OPTIMIZER:constr:[array([0.])]
21:20:53:INFO:OPTIMIZER:constr_violation:0.0
21:20:53:INFO:OPTIMIZER:maxcv:0.0
21:20:53:INFO:RESULT:A:
[[-0.05758941  0.10852146  0.          0.01196149]
 [ 0.04605346 -0.11287498  0.00001467  0.        ]
 [ 0.          0.00435352 -0.00001467  0.        ]
 [ 0.01153596  0.          0.         -0.01196149]]
21:20:53:INFO:RESULT:m_eq:
[  589.00001737   249.95504448 74169.82544423   568.04609293](75576.8265990071)
21:20:53:INFO:RESULT:x_vec:
[    0.04605346     0.00435352     0.01153596   589.00001737
   249.95504448 74169.82544423   568.04609293](75576.88854194403)
21:20:53:INFO:RESULT:time_scale:
[   6.19446536   49.36095332 1338.32862115]
21:20:53:INFO:SAVE:message:saving bunch of data...
21:20:53:INFO:SAVE:message:saving optimizer data ...
