22:17:09:INFO:GENERAL:seed:1
22:17:09:INFO:GENERAL:rho:[0.0, 0.1, 0.01]
22:17:09:INFO:GENERAL:bounds_z:[(1e-06, 0.3), (1e-06, 0.3), (588.999411, 589.000589), (1e-06, 1800), (1e-06, 74200)]
22:17:11:INFO:OPTIMIZER:x:
[    0.02854665     0.00102896   589.0000154    899.99998793
 37099.99961511]
22:17:11:INFO:OPTIMIZER:fun:0.0017615660653560734
22:17:11:INFO:OPTIMIZER:nfev:10043
22:17:11:INFO:OPTIMIZER:nit:157
22:17:11:INFO:OPTIMIZER:message:Optimization terminated successfully.
22:17:11:INFO:OPTIMIZER:success:True
22:17:11:INFO:OPTIMIZER:constr:[array([0.])]
22:17:11:INFO:OPTIMIZER:constr_violation:0.0
22:17:11:INFO:OPTIMIZER:maxcv:0.0
22:17:11:INFO:RESULT:A:
[[-0.02854665  0.01868219  0.        ]
 [ 0.02854665 -0.01971115  0.00002496]
 [ 0.          0.00102896 -0.00002496]]
22:17:11:INFO:RESULT:m_eq:
[  589.0000154    899.99998793 37099.99961511](38588.999618438815)
22:17:11:INFO:RESULT:x_vec:
[    0.02854665     0.00102896   589.0000154    899.99998793
 37099.99961511](38589.029194044924)
22:17:11:INFO:RESULT:time_scale:
[  20.99011782 1559.3439227 ]
22:17:11:INFO:SAVE:message:saving bunch of data...
22:17:11:INFO:SAVE:message:saving optimizer data ...
