22:09:20:INFO:GENERAL:seed:1
22:09:20:INFO:GENERAL:rho:[0.001, 0.0001, 0.1]
22:09:20:INFO:GENERAL:bounds_z:[(1e-06, 0.3), (1e-06, 0.3), (1e-06, 0.3), (588.999411, 589.000589), (1e-06, 1800), (1e-06, 74200), (1e-06, 1100)]
22:09:35:INFO:OPTIMIZER:x:
[    0.04982875     0.01032019     0.01701641   589.00032448
   166.1066172  37358.95171666   489.40462838]
22:09:35:INFO:OPTIMIZER:fun:0.00032137593666891105
22:09:35:INFO:OPTIMIZER:nfev:79095
22:09:35:INFO:OPTIMIZER:nit:1235
22:09:35:INFO:OPTIMIZER:message:Optimization terminated successfully.
22:09:35:INFO:OPTIMIZER:success:True
22:09:35:INFO:OPTIMIZER:constr:[array([0.])]
22:09:35:INFO:OPTIMIZER:constr_violation:0.0
22:09:35:INFO:OPTIMIZER:maxcv:0.0
22:09:35:INFO:RESULT:A:
[[-0.06684515  0.17668861  0.          0.02047931]
 [ 0.04982875 -0.1870088   0.00004589  0.        ]
 [ 0.          0.01032019 -0.00004589  0.        ]
 [ 0.01701641  0.          0.         -0.02047931]]
22:09:35:INFO:RESULT:m_eq:
[  589.00032448   166.1066172  37358.95171666   489.40462838](38603.463286724065)
22:09:35:INFO:RESULT:x_vec:
[    0.04982875     0.01032019     0.01701641   589.00032448
   166.1066172  37358.95171666   489.40462838](38603.54045206391)
22:09:35:INFO:RESULT:time_scale:
[  4.18906906  29.12485188 753.18962969]
22:09:35:INFO:SAVE:message:saving bunch of data...
22:09:35:INFO:SAVE:message:saving optimizer data ...
