21:21:46:INFO:GENERAL:seed:1
21:21:46:INFO:GENERAL:rho:[0.001, 0.0001, 0.001]
21:21:46:INFO:GENERAL:bounds_z:[(1e-06, 0.3), (1e-06, 0.3), (588.999411, 589.000589), (1e-06, 1800), (1e-06, 74200)]
21:21:48:INFO:OPTIMIZER:x:
[  0.05679149   0.0162266  589.00030166 405.37091746 786.19211117]
21:21:48:INFO:OPTIMIZER:fun:0.00031160412489555575
21:21:48:INFO:OPTIMIZER:nfev:13356
21:21:48:INFO:OPTIMIZER:nit:207
21:21:48:INFO:OPTIMIZER:message:Optimization terminated successfully.
21:21:48:INFO:OPTIMIZER:success:True
21:21:48:INFO:OPTIMIZER:constr:[array([0.])]
21:21:48:INFO:OPTIMIZER:constr_violation:0.0
21:21:48:INFO:OPTIMIZER:maxcv:0.0
21:21:48:INFO:RESULT:A:
[[-0.05679149  0.08251752  0.        ]
 [ 0.05679149 -0.09874412  0.00836665]
 [ 0.          0.0162266  -0.00836665]]
21:21:48:INFO:RESULT:m_eq:
[589.00030166 405.37091746 786.19211117](1780.5633302855508)
21:21:48:INFO:RESULT:x_vec:
[  0.05679149   0.0162266  589.00030166 405.37091746 786.19211117](1780.6363483709047)
21:21:48:INFO:RESULT:time_scale:
[ 6.66723623 71.86454938]
21:21:48:INFO:SAVE:message:saving bunch of data...
21:21:48:INFO:SAVE:message:saving optimizer data ...
