22:21:17:INFO:GENERAL:seed:1
22:21:17:INFO:GENERAL:rho:[0.01, 0.001, 0.0001]
22:21:17:INFO:GENERAL:bounds_z:[(1e-06, 0.3), (1e-06, 0.3), (588.999411, 589.000589), (1e-06, 1800), (1e-06, 74200)]
22:21:19:INFO:OPTIMIZER:x:
[    0.06613432     0.00408652   588.99942477   954.65781415
 37046.88208456]
22:21:19:INFO:OPTIMIZER:fun:0.0011520777652711946
22:21:19:INFO:OPTIMIZER:nfev:7384
22:21:19:INFO:OPTIMIZER:nit:113
22:21:19:INFO:OPTIMIZER:message:Optimization terminated successfully.
22:21:19:INFO:OPTIMIZER:success:True
22:21:19:INFO:OPTIMIZER:constr:[array([0.])]
22:21:19:INFO:OPTIMIZER:constr_violation:0.0
22:21:19:INFO:OPTIMIZER:maxcv:0.0
22:21:19:INFO:RESULT:A:
[[-0.06613432  0.04080318  0.        ]
 [ 0.06613432 -0.0448897   0.00010531]
 [ 0.          0.00408652 -0.00010531]]
22:21:19:INFO:RESULT:m_eq:
[  588.99942477   954.65781415 37046.88208456](38590.53932348432)
22:21:19:INFO:RESULT:x_vec:
[    0.06613432     0.00408652   588.99942477   954.65781415
 37046.88208456](38590.60954431826)
22:21:19:INFO:RESULT:time_scale:
[  9.21357405 385.53395267]
22:21:19:INFO:SAVE:message:saving bunch of data...
22:21:19:INFO:SAVE:message:saving optimizer data ...
