21:12:20:INFO:GENERAL:seed:1
21:12:20:INFO:GENERAL:rho:[0.0001, 0.01, 0.0]
21:12:20:INFO:GENERAL:bounds_z:[(1e-06, 0.3), (1e-06, 0.3), (588.999411, 589.000589), (1e-06, 1800), (1e-06, 74200)]
21:12:21:INFO:OPTIMIZER:x:
[    0.07113201     0.00457958   588.99996996   900.00004571
 37099.9990329 ]
21:12:21:INFO:OPTIMIZER:fun:0.0007992717979137409
21:12:21:INFO:OPTIMIZER:nfev:9408
21:12:21:INFO:OPTIMIZER:nit:146
21:12:21:INFO:OPTIMIZER:message:Optimization terminated successfully.
21:12:21:INFO:OPTIMIZER:success:True
21:12:21:INFO:OPTIMIZER:constr:[array([0.])]
21:12:21:INFO:OPTIMIZER:constr_violation:0.0
21:12:21:INFO:OPTIMIZER:maxcv:0.0
21:12:21:INFO:RESULT:A:
[[-0.07113201  0.04655195  0.        ]
 [ 0.07113201 -0.05113153  0.00011109]
 [ 0.          0.00457958 -0.00011109]]
21:12:21:INFO:RESULT:m_eq:
[  588.99996996   900.00004571 37099.9990329 ](38588.9990485689)
21:12:21:INFO:RESULT:x_vec:
[    0.07113201     0.00457958   588.99996996   900.00004571
 37099.9990329 ](38589.07476016403)
21:12:21:INFO:RESULT:time_scale:
[  8.36538661 352.80397878]
21:12:21:INFO:SAVE:message:saving bunch of data...
21:12:21:INFO:SAVE:message:saving optimizer data ...
