21:22:06:INFO:GENERAL:seed:1
21:22:06:INFO:GENERAL:rho:[0.01, 0.0001, 0.01]
21:22:06:INFO:GENERAL:bounds_z:[(1e-06, 0.3), (1e-06, 0.3), (1e-06, 0.3), (588.999411, 589.000589), (1e-06, 1800), (1e-06, 74200), (1e-06, 1100)]
21:22:12:INFO:OPTIMIZER:x:
[    0.04020223     0.01000092     0.01700442   588.99995713
   173.65273233 38419.90839407   486.07816997]
21:22:12:INFO:OPTIMIZER:fun:0.0008806625717376614
21:22:12:INFO:OPTIMIZER:nfev:32988
21:22:12:INFO:OPTIMIZER:nit:513
21:22:12:INFO:OPTIMIZER:message:Optimization terminated successfully.
21:22:12:INFO:OPTIMIZER:success:True
21:22:12:INFO:OPTIMIZER:constr:[array([0.])]
21:22:12:INFO:OPTIMIZER:constr_violation:0.0
21:22:12:INFO:OPTIMIZER:maxcv:0.0
21:22:12:INFO:RESULT:A:
[[-0.05720666  0.13635901  0.          0.02060493]
 [ 0.04020223 -0.14635993  0.0000452   0.        ]
 [ 0.          0.01000092 -0.0000452   0.        ]
 [ 0.01700442  0.          0.         -0.02060493]]
21:22:12:INFO:RESULT:m_eq:
[  588.99995713   173.65273233 38419.90839407   486.07816997](39668.63925349776)
21:22:12:INFO:RESULT:x_vec:
[    0.04020223     0.01000092     0.01700442   588.99995713
   173.65273233 38419.90839407   486.07816997](39668.70646107546)
21:22:12:INFO:RESULT:time_scale:
[  5.29891792  29.26322903 753.94277137]
21:22:12:INFO:SAVE:message:saving bunch of data...
21:22:12:INFO:SAVE:message:saving optimizer data ...
