22:20:47:INFO:GENERAL:seed:1
22:20:47:INFO:GENERAL:rho:[0.0001, 0.01, 0.0]
22:20:47:INFO:GENERAL:bounds_z:[(1e-06, 0.3), (1e-06, 0.3), (588.999411, 589.000589), (1e-06, 1800), (1e-06, 74200)]
22:20:49:INFO:OPTIMIZER:x:
[    0.07113573     0.00457907   588.99995304   900.00010698
 37100.00032036]
22:20:49:INFO:OPTIMIZER:fun:0.0007992717550508988
22:20:49:INFO:OPTIMIZER:nfev:8744
22:20:49:INFO:OPTIMIZER:nit:136
22:20:49:INFO:OPTIMIZER:message:Optimization terminated successfully.
22:20:49:INFO:OPTIMIZER:success:True
22:20:49:INFO:OPTIMIZER:constr:[array([0.])]
22:20:49:INFO:OPTIMIZER:constr_violation:0.0
22:20:49:INFO:OPTIMIZER:maxcv:0.0
22:20:49:INFO:RESULT:A:
[[-0.07113573  0.04655437  0.        ]
 [ 0.07113573 -0.05113345  0.00011108]
 [ 0.          0.00457907 -0.00011108]]
22:20:49:INFO:RESULT:m_eq:
[  588.99995304   900.00010698 37100.00032036](38589.00038038149)
22:20:49:INFO:RESULT:x_vec:
[    0.07113573     0.00457907   588.99995304   900.00010698
 37100.00032036](38589.076095182856)
22:20:49:INFO:RESULT:time_scale:
[  8.36497168 352.84234333]
22:20:49:INFO:SAVE:message:saving bunch of data...
22:20:49:INFO:SAVE:message:saving optimizer data ...
