22:16:46:INFO:GENERAL:seed:1
22:16:46:INFO:GENERAL:rho:[0.0, 0.001, 0.001]
22:16:46:INFO:GENERAL:bounds_z:[(1e-06, 0.3), (1e-06, 0.3), (1e-06, 0.3), (588.999411, 589.000589), (1e-06, 1800), (1e-06, 74200), (1e-06, 1100)]
22:16:51:INFO:OPTIMIZER:x:
[    0.01606802     0.00234386     0.04735967   589.00053178
   695.4284716  37053.92937659   191.5183941 ]
22:16:51:INFO:OPTIMIZER:fun:0.0003213725498941731
22:16:51:INFO:OPTIMIZER:nfev:24573
22:16:51:INFO:OPTIMIZER:nit:383
22:16:51:INFO:OPTIMIZER:message:Optimization terminated successfully.
22:16:51:INFO:OPTIMIZER:success:True
22:16:51:INFO:OPTIMIZER:constr:[array([0.])]
22:16:51:INFO:OPTIMIZER:constr_violation:0.0
22:16:51:INFO:OPTIMIZER:maxcv:0.0
22:16:51:INFO:RESULT:A:
[[-0.06342769  0.01360898  0.          0.14565114]
 [ 0.01606802 -0.01595283  0.00004399  0.        ]
 [ 0.          0.00234386 -0.00004399  0.        ]
 [ 0.04735967  0.          0.         -0.14565114]]
22:16:51:INFO:RESULT:m_eq:
[  589.00053178   695.4284716  37053.92937659   191.5183941 ](38529.87677406084)
22:16:51:INFO:RESULT:x_vec:
[    0.01606802     0.00234386     0.04735967   589.00053178
   695.4284716  37053.92937659   191.5183941 ](38529.94254560474)
22:16:51:INFO:RESULT:time_scale:
[  5.06205275  37.82849964 915.55383444]
22:16:51:INFO:SAVE:message:saving bunch of data...
22:16:51:INFO:SAVE:message:saving optimizer data ...
