21:20:48:INFO:GENERAL:seed:1
21:20:48:INFO:GENERAL:rho:[0.001, 0.01, 0.0]
21:20:48:INFO:GENERAL:bounds_z:[(1e-06, 0.3), (1e-06, 0.3), (1e-06, 0.3), (588.999411, 589.000589), (1e-06, 1800), (1e-06, 74200), (1e-06, 1100)]
21:20:51:INFO:OPTIMIZER:x:
[    0.00353908     0.04391668     0.03567563   589.00004723
   899.9999264  37100.00177582   550.00000853]
21:20:51:INFO:OPTIMIZER:fun:0.0009508457984970384
21:20:51:INFO:OPTIMIZER:nfev:15357
21:20:51:INFO:OPTIMIZER:nit:239
21:20:51:INFO:OPTIMIZER:message:Optimization terminated successfully.
21:20:51:INFO:OPTIMIZER:success:True
21:20:51:INFO:OPTIMIZER:constr:[array([0.])]
21:20:51:INFO:OPTIMIZER:constr_violation:0.0
21:20:51:INFO:OPTIMIZER:maxcv:0.0
21:20:51:INFO:RESULT:A:
[[-0.03921471  0.00231613  0.          0.03820536]
 [ 0.00353908 -0.04623281  0.00106536  0.        ]
 [ 0.          0.04391668 -0.00106536  0.        ]
 [ 0.03567563  0.          0.         -0.03820536]]
21:20:51:INFO:RESULT:m_eq:
[  589.00004723   899.9999264  37100.00177582   550.00000853](39139.001757983606)
21:20:51:INFO:RESULT:x_vec:
[    0.00353908     0.04391668     0.03567563   589.00004723
   899.9999264  37100.00177582   550.00000853](39139.08488937245)
21:20:51:INFO:RESULT:time_scale:
[ 13.19674589  21.19086654 570.82713022]
21:20:51:INFO:SAVE:message:saving bunch of data...
21:20:51:INFO:SAVE:message:saving optimizer data ...
