22:21:26:INFO:GENERAL:seed:1
22:21:26:INFO:GENERAL:rho:[0.001, 0.0, 0.0]
22:21:26:INFO:GENERAL:bounds_z:[(1e-06, 0.3), (1e-06, 0.3), (588.999411, 589.000589), (1e-06, 1800), (1e-06, 74200)]
22:21:28:INFO:OPTIMIZER:x:
[   0.08038937    0.01232133  588.99988661  718.05768485 1273.5921758 ]
22:21:28:INFO:OPTIMIZER:fun:0.0003292113764750819
22:21:28:INFO:OPTIMIZER:nfev:14283
22:21:28:INFO:OPTIMIZER:nit:222
22:21:28:INFO:OPTIMIZER:message:Optimization terminated successfully.
22:21:28:INFO:OPTIMIZER:success:True
22:21:28:INFO:OPTIMIZER:constr:[array([0.])]
22:21:28:INFO:OPTIMIZER:constr_violation:0.0
22:21:28:INFO:OPTIMIZER:maxcv:0.0
22:21:28:INFO:RESULT:A:
[[-0.08038937  0.06594084  0.        ]
 [ 0.08038937 -0.07826217  0.00694683]
 [ 0.          0.01232133 -0.00694683]]
22:21:28:INFO:RESULT:m_eq:
[ 588.99988661  718.05768485 1273.5921758 ](2580.6497472607552)
22:21:28:INFO:RESULT:x_vec:
[   0.08038937    0.01232133  588.99988661  718.05768485 1273.5921758 ](2580.7424579593753)
22:21:28:INFO:RESULT:time_scale:
[ 6.56032041 75.94865279]
22:21:28:INFO:SAVE:message:saving bunch of data...
22:21:28:INFO:SAVE:message:saving optimizer data ...
