21:15:29:INFO:GENERAL:seed:1
21:15:29:INFO:GENERAL:rho:[0.1, 0.001, 0.1]
21:15:29:INFO:GENERAL:bounds_z:[(1e-06, 0.3), (1e-06, 0.3), (588.999411, 589.000589), (1e-06, 1800), (1e-06, 74200)]
21:15:30:INFO:OPTIMIZER:x:
[    0.04929277     0.00282851   588.99965683  1128.98259178
 37220.96745047]
21:15:30:INFO:OPTIMIZER:fun:0.003973200765758789
21:15:30:INFO:OPTIMIZER:nfev:7275
21:15:30:INFO:OPTIMIZER:nit:112
21:15:30:INFO:OPTIMIZER:message:Optimization terminated successfully.
21:15:30:INFO:OPTIMIZER:success:True
21:15:30:INFO:OPTIMIZER:constr:[array([0.])]
21:15:30:INFO:OPTIMIZER:constr_violation:0.0
21:15:30:INFO:OPTIMIZER:maxcv:0.0
21:15:30:INFO:RESULT:A:
[[-0.04929277  0.02571645  0.        ]
 [ 0.04929277 -0.02854496  0.00008579]
 [ 0.          0.00282851 -0.00008579]]
21:15:30:INFO:RESULT:m_eq:
[  588.99965683  1128.98259178 37220.96745047](38938.94969906975)
21:15:30:INFO:RESULT:x_vec:
[    0.04929277     0.00282851   588.99965683  1128.98259178
 37220.96745047](38939.00182035179)
21:15:30:INFO:RESULT:time_scale:
[ 13.15712969 521.07575464]
21:15:30:INFO:SAVE:message:saving bunch of data...
21:15:30:INFO:SAVE:message:saving optimizer data ...
