22:17:26:INFO:GENERAL:seed:1
22:17:26:INFO:GENERAL:rho:[0.001, 0.001, 0.01]
22:17:26:INFO:GENERAL:bounds_z:[(1e-06, 0.3), (1e-06, 0.3), (1e-06, 0.3), (588.999411, 589.000589), (1e-06, 1800), (1e-06, 74200), (1e-06, 1100)]
22:17:33:INFO:OPTIMIZER:x:
[    0.04975955     0.01026949     0.01700361   588.99957737
   166.22951714 37150.99911838   490.73239509]
22:17:33:INFO:OPTIMIZER:fun:0.0005064652326169388
22:17:33:INFO:OPTIMIZER:nfev:36395
22:17:33:INFO:OPTIMIZER:nit:565
22:17:33:INFO:OPTIMIZER:message:Optimization terminated successfully.
22:17:33:INFO:OPTIMIZER:success:True
22:17:33:INFO:OPTIMIZER:constr:[array([0.])]
22:17:33:INFO:OPTIMIZER:constr_violation:0.0
22:17:33:INFO:OPTIMIZER:maxcv:0.0
22:17:33:INFO:RESULT:A:
[[-0.06676316  0.17631257  0.          0.02040851]
 [ 0.04975955 -0.18658207  0.00004595  0.        ]
 [ 0.          0.01026949 -0.00004595  0.        ]
 [ 0.01700361  0.          0.         -0.02040851]]
22:17:33:INFO:RESULT:m_eq:
[  588.99957737   166.22951714 37150.99911838   490.73239509](38396.96060798657)
22:17:33:INFO:RESULT:x_vec:
[    0.04975955     0.01026949     0.01700361   588.99957737
   166.22951714 37150.99911838   490.73239509](38397.03764063709)
22:17:33:INFO:RESULT:time_scale:
[  4.19762854  29.19803286 756.97111779]
22:17:33:INFO:SAVE:message:saving bunch of data...
22:17:33:INFO:SAVE:message:saving optimizer data ...
