22:03:51:INFO:GENERAL:seed:1
22:03:51:INFO:GENERAL:rho:[0.0, 0.0, 0.01]
22:03:51:INFO:GENERAL:bounds_z:[(1e-06, 0.3), (1e-06, 0.3), (588.999411, 589.000589), (1e-06, 1800), (1e-06, 74200)]
22:03:54:INFO:OPTIMIZER:x:
[   0.08080492    0.01248685  588.99994523  714.18515333 1272.48136521]
22:03:54:INFO:OPTIMIZER:fun:0.000273789427380038
22:03:54:INFO:OPTIMIZER:nfev:13663
22:03:54:INFO:OPTIMIZER:nit:213
22:03:54:INFO:OPTIMIZER:message:Optimization terminated successfully.
22:03:54:INFO:OPTIMIZER:success:True
22:03:54:INFO:OPTIMIZER:constr:[array([0.])]
22:03:54:INFO:OPTIMIZER:constr_violation:0.0
22:03:54:INFO:OPTIMIZER:maxcv:0.0
22:03:54:INFO:RESULT:A:
[[-0.08080492  0.06664111  0.        ]
 [ 0.08080492 -0.07912796  0.0070083 ]
 [ 0.          0.01248685 -0.0070083 ]]
22:03:54:INFO:RESULT:m_eq:
[ 588.99994523  714.18515333 1272.48136521](2575.6664637675403)
22:03:54:INFO:RESULT:x_vec:
[   0.08080492    0.01248685  588.99994523  714.18515333 1272.48136521](2575.7597555384705)
22:03:54:INFO:RESULT:time_scale:
[ 6.50834493 75.23162071]
22:03:54:INFO:SAVE:message:saving bunch of data...
22:03:54:INFO:SAVE:message:saving optimizer data ...
