21:12:41:INFO:GENERAL:seed:1
21:12:41:INFO:GENERAL:rho:[0.0001, 0.0001, 0.0001]
21:12:41:INFO:GENERAL:bounds_z:[(1e-06, 0.3), (1e-06, 0.3), (1e-06, 0.3), (588.999411, 589.000589), (1e-06, 1800), (1e-06, 74200), (1e-06, 1100)]
21:12:45:INFO:OPTIMIZER:x:
[    0.02520867     0.0030082      0.06232269   589.00019659
  1020.71103451 36802.4323519    320.6013946 ]
21:12:45:INFO:OPTIMIZER:fun:0.00018930173120541464
21:12:45:INFO:OPTIMIZER:nfev:21711
21:12:45:INFO:OPTIMIZER:nit:336
21:12:45:INFO:OPTIMIZER:message:Optimization terminated successfully.
21:12:45:INFO:OPTIMIZER:success:True
21:12:45:INFO:OPTIMIZER:constr:[array([0.])]
21:12:45:INFO:OPTIMIZER:constr_violation:0.0
21:12:45:INFO:OPTIMIZER:maxcv:0.0
21:12:45:INFO:RESULT:A:
[[-0.08753136  0.01454664  0.          0.11449757]
 [ 0.02520867 -0.01755484  0.00008343  0.        ]
 [ 0.          0.0030082  -0.00008343  0.        ]
 [ 0.06232269  0.          0.         -0.11449757]]
21:12:45:INFO:RESULT:m_eq:
[  589.00019659  1020.71103451 36802.4323519    320.6013946 ](38732.74497759952)
21:12:45:INFO:RESULT:x_vec:
[    0.02520867     0.0030082      0.06232269   589.00019659
  1020.71103451 36802.4323519    320.6013946 ](38732.83551716402)
21:12:45:INFO:RESULT:time_scale:
[  5.33410105  32.67831737 627.80435905]
21:12:45:INFO:SAVE:message:saving bunch of data...
21:12:45:INFO:SAVE:message:saving optimizer data ...
