22:07:58:INFO:GENERAL:seed:1
22:07:58:INFO:GENERAL:rho:[0.0001, 0.1, 0.001]
22:07:58:INFO:GENERAL:bounds_z:[(1e-06, 0.3), (1e-06, 0.3), (1e-06, 0.3), (588.999411, 589.000589), (1e-06, 1800), (1e-06, 74200), (1e-06, 1100)]
22:08:01:INFO:OPTIMIZER:x:
[    0.00350288     0.06522116     0.0355342    589.00001422
   900.0000015  37100.00009959   550.00000461]
22:08:01:INFO:OPTIMIZER:fun:0.0017774623757589448
22:08:01:INFO:OPTIMIZER:nfev:12803
22:08:01:INFO:OPTIMIZER:nit:198
22:08:01:INFO:OPTIMIZER:message:Optimization terminated successfully.
22:08:01:INFO:OPTIMIZER:success:True
22:08:01:INFO:OPTIMIZER:constr:[array([0.])]
22:08:01:INFO:OPTIMIZER:constr_violation:0.0
22:08:01:INFO:OPTIMIZER:maxcv:0.0
22:08:01:INFO:RESULT:A:
[[-0.03903709  0.00229244  0.          0.0380539 ]
 [ 0.00350288 -0.0675136   0.00158218  0.        ]
 [ 0.          0.06522116 -0.00158218  0.        ]
 [ 0.0355342   0.          0.         -0.0380539 ]]
22:08:01:INFO:RESULT:m_eq:
[  589.00001422   900.0000015  37100.00009959   550.00000461](39139.000119917066)
22:08:01:INFO:RESULT:x_vec:
[    0.00350288     0.06522116     0.0355342    589.00001422
   900.0000015  37100.00009959   550.00000461](39139.10437816443)
22:08:01:INFO:RESULT:time_scale:
[ 13.17408679  14.5949832  567.0568906 ]
22:08:01:INFO:SAVE:message:saving bunch of data...
22:08:01:INFO:SAVE:message:saving optimizer data ...
