21:23:29:INFO:GENERAL:seed:1
21:23:29:INFO:GENERAL:rho:[0.01, 0.0, 0.1]
21:23:29:INFO:GENERAL:bounds_z:[(1e-06, 0.3), (1e-06, 0.3), (1e-06, 0.3), (588.999411, 589.000589), (1e-06, 1800), (1e-06, 74200), (1e-06, 1100)]
21:23:43:INFO:OPTIMIZER:x:
[  0.01638634   0.00472925   0.0427514  589.00031195 622.10318302
 612.67466349 195.38858441]
21:23:43:INFO:OPTIMIZER:fun:0.0006742942582610956
21:23:43:INFO:OPTIMIZER:nfev:72368
21:23:43:INFO:OPTIMIZER:nit:1115
21:23:43:INFO:OPTIMIZER:message:Optimization terminated successfully.
21:23:43:INFO:OPTIMIZER:success:True
21:23:43:INFO:OPTIMIZER:constr:[array([0.])]
21:23:43:INFO:OPTIMIZER:constr_violation:0.0
21:23:43:INFO:OPTIMIZER:maxcv:0.0
21:23:43:INFO:RESULT:A:
[[-0.05913774  0.0155144   0.          0.12887442]
 [ 0.01638634 -0.02024365  0.00480203  0.        ]
 [ 0.          0.00472925 -0.00480203  0.        ]
 [ 0.0427514   0.          0.         -0.12887442]]
21:23:43:INFO:RESULT:m_eq:
[589.00031195 622.10318302 612.67466349 195.38858441](2019.1667428727965)
21:23:43:INFO:RESULT:x_vec:
[  0.01638634   0.00472925   0.0427514  589.00031195 622.10318302
 612.67466349 195.38858441](2019.2306098631232)
21:23:43:INFO:RESULT:time_scale:
[  5.66617932  32.84429207 163.25514642]
21:23:43:INFO:SAVE:message:saving bunch of data...
21:23:43:INFO:SAVE:message:saving optimizer data ...
