22:02:45:INFO:GENERAL:seed:1
22:02:45:INFO:GENERAL:rho:[0.0001, 0.0001, 0.0001]
22:02:45:INFO:GENERAL:bounds_z:[(1e-06, 0.3), (1e-06, 0.3), (1e-06, 0.3), (588.999411, 589.000589), (1e-06, 1800), (1e-06, 74200), (1e-06, 1100)]
22:02:50:INFO:OPTIMIZER:x:
[    0.06564975     0.00944852     0.02460654   588.99974107
   312.86405648 36453.46757018   701.970027  ]
22:02:50:INFO:OPTIMIZER:fun:0.00023045799621043407
22:02:50:INFO:OPTIMIZER:nfev:24843
22:02:50:INFO:OPTIMIZER:nit:389
22:02:50:INFO:OPTIMIZER:message:Optimization terminated successfully.
22:02:50:INFO:OPTIMIZER:success:True
22:02:50:INFO:OPTIMIZER:constr:[array([0.])]
22:02:50:INFO:OPTIMIZER:constr_violation:0.0
22:02:50:INFO:OPTIMIZER:maxcv:0.0
22:02:50:INFO:RESULT:A:
[[-0.09025629  0.12359261  0.          0.02064653]
 [ 0.06564975 -0.13304113  0.00008109  0.        ]
 [ 0.          0.00944852 -0.00008109  0.        ]
 [ 0.02460654  0.          0.         -0.02064653]]
22:02:50:INFO:RESULT:m_eq:
[  588.99974107   312.86405648 36453.46757018   701.970027  ](38057.30139472225)
22:02:50:INFO:RESULT:x_vec:
[    0.06564975     0.00944852     0.02460654   588.99974107
   312.86405648 36453.46757018   701.970027  ](38057.40109953018)
22:02:50:INFO:RESULT:time_scale:
[  4.87090524  27.0544864  567.55498319]
22:02:50:INFO:SAVE:message:saving bunch of data...
22:02:50:INFO:SAVE:message:saving optimizer data ...
