22:17:57:INFO:GENERAL:seed:1
22:17:57:INFO:GENERAL:rho:[0.001, 0.001, 0.1]
22:17:57:INFO:GENERAL:bounds_z:[(1e-06, 0.3), (1e-06, 0.3), (1e-06, 0.3), (588.999411, 589.000589), (1e-06, 1800), (1e-06, 74200), (1e-06, 1100)]
22:18:10:INFO:OPTIMIZER:x:
[    0.0497521      0.0102667      0.01700262   588.99958684
   166.23549269 37160.58890387   490.8057209 ]
22:18:10:INFO:OPTIMIZER:fun:0.0005064652831336063
22:18:10:INFO:OPTIMIZER:nfev:70447
22:18:10:INFO:OPTIMIZER:nit:1102
22:18:10:INFO:OPTIMIZER:message:Optimization terminated successfully.
22:18:10:INFO:OPTIMIZER:success:True
22:18:10:INFO:OPTIMIZER:constr:[array([0.])]
22:18:10:INFO:OPTIMIZER:constr_violation:0.0
22:18:10:INFO:OPTIMIZER:maxcv:0.0
22:18:10:INFO:RESULT:A:
[[-0.06675472  0.17627985  0.          0.02040428]
 [ 0.0497521  -0.18654655  0.00004593  0.        ]
 [ 0.          0.0102667  -0.00004593  0.        ]
 [ 0.01700262  0.          0.         -0.02040428]]
22:18:10:INFO:RESULT:m_eq:
[  588.99958684   166.23549269 37160.58890387   490.8057209 ](38406.62970430234)
22:18:10:INFO:RESULT:x_vec:
[    0.0497521      0.0102667      0.01700262   588.99958684
   166.23549269 37160.58890387   490.8057209 ](38406.70672572568)
22:18:10:INFO:RESULT:time_scale:
[  4.19837783  29.20254781 757.19987518]
22:18:10:INFO:SAVE:message:saving bunch of data...
22:18:10:INFO:SAVE:message:saving optimizer data ...
