22:20:57:INFO:GENERAL:seed:1
22:20:57:INFO:GENERAL:rho:[0.0, 0.0, 0.0]
22:20:57:INFO:GENERAL:bounds_z:[(1e-06, 0.3), (1e-06, 0.3), (588.999411, 589.000589), (1e-06, 1800), (1e-06, 74200)]
22:21:00:INFO:OPTIMIZER:x:
[   0.08080411    0.01248728  588.99965709  714.17789591 1272.46017767]
22:21:00:INFO:OPTIMIZER:fun:0.0002737894216195124
22:21:00:INFO:OPTIMIZER:nfev:15678
22:21:00:INFO:OPTIMIZER:nit:244
22:21:00:INFO:OPTIMIZER:message:Optimization terminated successfully.
22:21:00:INFO:OPTIMIZER:success:True
22:21:00:INFO:OPTIMIZER:constr:[array([0.])]
22:21:00:INFO:OPTIMIZER:constr_violation:0.0
22:21:00:INFO:OPTIMIZER:maxcv:0.0
22:21:00:INFO:RESULT:A:
[[-0.08080411  0.06664109  0.        ]
 [ 0.08080411 -0.07912837  0.00700858]
 [ 0.          0.01248728 -0.00700858]]
22:21:00:INFO:RESULT:m_eq:
[ 588.99965709  714.17789591 1272.46017767](2575.637730660297)
22:21:00:INFO:RESULT:x_vec:
[   0.08080411    0.01248728  588.99965709  714.17789591 1272.46017767](2575.731022050558)
22:21:00:INFO:RESULT:time_scale:
[ 6.50836858 75.22912116]
22:21:00:INFO:SAVE:message:saving bunch of data...
22:21:00:INFO:SAVE:message:saving optimizer data ...
