22:18:27:INFO:GENERAL:seed:1
22:18:27:INFO:GENERAL:rho:[0.1, 0.001, 0.1]
22:18:27:INFO:GENERAL:bounds_z:[(1e-06, 0.3), (1e-06, 0.3), (1e-06, 0.3), (588.999411, 589.000589), (1e-06, 1800), (1e-06, 74200), (1e-06, 1100)]
22:18:37:INFO:OPTIMIZER:x:
[    0.01296283     0.00239117     0.0151059    588.99966644
   583.58546519 37210.45077721   316.95598769]
22:18:37:INFO:OPTIMIZER:fun:0.0034550484649380157
22:18:37:INFO:OPTIMIZER:nfev:49634
22:18:37:INFO:OPTIMIZER:nit:780
22:18:37:INFO:OPTIMIZER:message:Optimization terminated successfully.
22:18:37:INFO:OPTIMIZER:success:True
22:18:37:INFO:OPTIMIZER:constr:[array([0.])]
22:18:37:INFO:OPTIMIZER:constr_violation:0.0
22:18:37:INFO:OPTIMIZER:maxcv:0.0
22:18:37:INFO:RESULT:A:
[[-0.02806873  0.0130831   0.          0.02807131]
 [ 0.01296283 -0.01547427  0.0000375   0.        ]
 [ 0.          0.00239117 -0.0000375   0.        ]
 [ 0.0151059   0.          0.         -0.02807131]]
22:18:37:INFO:RESULT:m_eq:
[  588.99966644   583.58546519 37210.45077721   316.95598769](38699.991896520376)
22:18:37:INFO:RESULT:x_vec:
[    0.01296283     0.00239117     0.0151059    588.99966644
   583.58546519 37210.45077721   316.95598769](38700.02235642437)
22:18:37:INFO:RESULT:time_scale:
[  19.54113026   51.08740312 1106.92340712]
22:18:37:INFO:SAVE:message:saving bunch of data...
22:18:37:INFO:SAVE:message:saving optimizer data ...
