22:16:32:INFO:GENERAL:seed:1
22:16:32:INFO:GENERAL:rho:[0.01, 0.0001, 0.001]
22:16:32:INFO:GENERAL:bounds_z:[(1e-06, 0.3), (1e-06, 0.3), (1e-06, 0.3), (588.999411, 589.000589), (1e-06, 1800), (1e-06, 74200), (1e-06, 1100)]
22:16:37:INFO:OPTIMIZER:x:
[    0.01604894     0.0024255      0.04308734   588.99982381
   687.30892721 36854.97307532   193.7958214 ]
22:16:37:INFO:OPTIMIZER:fun:0.0007055684308102271
22:16:37:INFO:OPTIMIZER:nfev:23428
22:16:37:INFO:OPTIMIZER:nit:365
22:16:37:INFO:OPTIMIZER:message:Optimization terminated successfully.
22:16:37:INFO:OPTIMIZER:success:True
22:16:37:INFO:OPTIMIZER:constr:[array([0.])]
22:16:37:INFO:OPTIMIZER:constr_violation:0.0
22:16:37:INFO:OPTIMIZER:maxcv:0.0
22:16:37:INFO:RESULT:A:
[[-0.05913628  0.01375338  0.          0.13095449]
 [ 0.01604894 -0.01617888  0.00004523  0.        ]
 [ 0.          0.0024255  -0.00004523  0.        ]
 [ 0.04308734  0.          0.         -0.13095449]]
22:16:37:INFO:RESULT:m_eq:
[  588.99982381   687.30892721 36854.97307532   193.7958214 ](38325.07764773878)
22:16:37:INFO:RESULT:x_vec:
[    0.01604894     0.0024255      0.04308734   588.99982381
   687.30892721 36854.97307532   193.7958214 ](38325.13920951358)
22:16:37:INFO:RESULT:time_scale:
[  5.5962167   37.73096812 893.41416831]
22:16:37:INFO:SAVE:message:saving bunch of data...
22:16:37:INFO:SAVE:message:saving optimizer data ...
