22:15:59:INFO:GENERAL:seed:1
22:15:59:INFO:GENERAL:rho:[0.1, 0.0001, 0.0001]
22:15:59:INFO:GENERAL:bounds_z:[(1e-06, 0.3), (1e-06, 0.3), (1e-06, 0.3), (588.999411, 589.000589), (1e-06, 1800), (1e-06, 74200), (1e-06, 1100)]
22:16:02:INFO:OPTIMIZER:x:
[    0.00378251     0.00015434     0.02888326   589.00014935
  1799.88003207 36990.95079493   551.11333392]
22:16:02:INFO:OPTIMIZER:fun:0.002837850460619199
22:16:02:INFO:OPTIMIZER:nfev:11102
22:16:02:INFO:OPTIMIZER:nit:246
22:16:02:INFO:OPTIMIZER:message:Optimization terminated successfully.
22:16:02:INFO:OPTIMIZER:success:True
22:16:02:INFO:OPTIMIZER:constr:[array([0.])]
22:16:02:INFO:OPTIMIZER:constr_violation:0.0
22:16:02:INFO:OPTIMIZER:maxcv:0.0
22:16:02:INFO:RESULT:A:
[[-0.03266577  0.0012378   0.          0.03086887]
 [ 0.00378251 -0.00139215  0.00000751  0.        ]
 [ 0.          0.00015434 -0.00000751  0.        ]
 [ 0.02888326  0.          0.         -0.03086887]]
22:16:02:INFO:RESULT:m_eq:
[  589.00014935  1799.88003207 36990.95079493   551.11333392](39930.94431027074)
22:16:02:INFO:RESULT:x_vec:
[    0.00378251     0.00015434     0.02888326   589.00014935
  1799.88003207 36990.95079493   551.11333392](39930.977130380925)
22:16:02:INFO:RESULT:time_scale:
[  16.21260145  317.07063408 9999.73482027]
22:16:02:INFO:SAVE:message:saving bunch of data...
22:16:02:INFO:SAVE:message:saving optimizer data ...
