21:21:16:INFO:GENERAL:seed:1
21:21:16:INFO:GENERAL:rho:[0.001, 0.0001, 0.0001]
21:21:16:INFO:GENERAL:bounds_z:[(1e-06, 0.3), (1e-06, 0.3), (1e-06, 0.3), (588.999411, 589.000589), (1e-06, 1800), (1e-06, 74200), (1e-06, 1100)]
21:21:21:INFO:OPTIMIZER:x:
[    0.01531598     0.00220322     0.0468503    589.00011958
   706.24486641 36879.44511179   201.74159412]
21:21:21:INFO:OPTIMIZER:fun:0.00021978214751876838
21:21:21:INFO:OPTIMIZER:nfev:24998
21:21:21:INFO:OPTIMIZER:nit:390
21:21:21:INFO:OPTIMIZER:message:Optimization terminated successfully.
21:21:21:INFO:OPTIMIZER:success:True
21:21:21:INFO:OPTIMIZER:constr:[array([0.])]
21:21:21:INFO:OPTIMIZER:constr_violation:0.0
21:21:21:INFO:OPTIMIZER:maxcv:0.0
21:21:21:INFO:RESULT:A:
[[-0.06216628  0.01277335  0.          0.13678304]
 [ 0.01531598 -0.01497657  0.00004219  0.        ]
 [ 0.          0.00220322 -0.00004219  0.        ]
 [ 0.0468503   0.          0.         -0.13678304]]
21:21:21:INFO:RESULT:m_eq:
[  589.00011958   706.24486641 36879.44511179   201.74159412](38376.431691898535)
21:21:21:INFO:RESULT:x_vec:
[    0.01531598     0.00220322     0.0468503    589.00011958
   706.24486641 36879.44511179   201.74159412](38376.49606139441)
21:21:21:INFO:RESULT:time_scale:
[  5.31571562  40.29349032 972.04917145]
21:21:21:INFO:SAVE:message:saving bunch of data...
21:21:21:INFO:SAVE:message:saving optimizer data ...
