22:08:43:INFO:GENERAL:seed:1
22:08:43:INFO:GENERAL:rho:[0.0001, 0.1, 0.1]
22:08:43:INFO:GENERAL:bounds_z:[(1e-06, 0.3), (1e-06, 0.3), (1e-06, 0.3), (588.999411, 589.000589), (1e-06, 1800), (1e-06, 74200), (1e-06, 1100)]
22:08:51:INFO:OPTIMIZER:x:
[    0.0087449      0.00021792     0.00911691   589.00008816
   900.00004722 37099.99793401   550.0000108 ]
22:08:51:INFO:OPTIMIZER:fun:0.004111928093861329
22:08:51:INFO:OPTIMIZER:nfev:36658
22:08:51:INFO:OPTIMIZER:nit:679
22:08:51:INFO:OPTIMIZER:message:Optimization terminated successfully.
22:08:51:INFO:OPTIMIZER:success:True
22:08:51:INFO:OPTIMIZER:constr:[array([0.])]
22:08:51:INFO:OPTIMIZER:constr_violation:0.0
22:08:51:INFO:OPTIMIZER:maxcv:0.0
22:08:51:INFO:RESULT:A:
[[-0.01786181  0.00572305  0.          0.00976339]
 [ 0.0087449  -0.00594097  0.00000529  0.        ]
 [ 0.          0.00021792 -0.00000529  0.        ]
 [ 0.00911691  0.          0.         -0.00976339]]
22:08:51:INFO:RESULT:m_eq:
[  589.00008816   900.00004722 37099.99793401   550.0000108 ](39138.99808019055)
22:08:51:INFO:RESULT:x_vec:
[    0.0087449      0.00021792     0.00911691   589.00008816
   900.00004722 37099.99793401   550.0000108 ](39139.016159917956)
22:08:51:INFO:RESULT:time_scale:
[  38.62479583  131.90269716 9999.96653641]
22:08:51:INFO:SAVE:message:saving bunch of data...
22:08:51:INFO:SAVE:message:saving optimizer data ...
