21:12:55:INFO:GENERAL:seed:1
21:12:55:INFO:GENERAL:rho:[0.1, 0.001, 0.0001]
21:12:55:INFO:GENERAL:bounds_z:[(1e-06, 0.3), (1e-06, 0.3), (588.999411, 589.000589), (1e-06, 1800), (1e-06, 74200)]
21:12:56:INFO:OPTIMIZER:x:
[    0.04927774     0.00282659   588.99957786  1129.28671924
 37201.86166708]
21:12:56:INFO:OPTIMIZER:fun:0.0039732008922453025
21:12:56:INFO:OPTIMIZER:nfev:7121
21:12:56:INFO:OPTIMIZER:nit:110
21:12:56:INFO:OPTIMIZER:message:Optimization terminated successfully.
21:12:56:INFO:OPTIMIZER:success:True
21:12:56:INFO:OPTIMIZER:constr:[array([0.])]
21:12:56:INFO:OPTIMIZER:constr_violation:0.0
21:12:56:INFO:OPTIMIZER:maxcv:0.0
21:12:56:INFO:RESULT:A:
[[-0.04927774  0.02570168  0.        ]
 [ 0.04927774 -0.02852827  0.0000858 ]
 [ 0.          0.00282659 -0.0000858 ]]
21:12:56:INFO:RESULT:m_eq:
[  588.99957786  1129.28671924 37201.86166708](38920.147964173026)
21:12:56:INFO:RESULT:x_vec:
[    0.04927774     0.00282659   588.99957786  1129.28671924
 37201.86166708](38920.2000685024)
21:12:56:INFO:RESULT:time_scale:
[ 13.16243924 521.36231434]
21:12:56:INFO:SAVE:message:saving bunch of data...
21:12:56:INFO:SAVE:message:saving optimizer data ...
