21:12:52:INFO:GENERAL:seed:1
21:12:52:INFO:GENERAL:rho:[0.1, 0.0001, 0.0]
21:12:52:INFO:GENERAL:bounds_z:[(1e-06, 0.3), (1e-06, 0.3), (588.999411, 589.000589), (1e-06, 1800), (1e-06, 74200)]
21:12:53:INFO:OPTIMIZER:x:
[    0.04807032     0.00258768   588.99997578  1164.78352883
 38398.69390059]
21:12:53:INFO:OPTIMIZER:fun:0.003891068058349518
21:12:53:INFO:OPTIMIZER:nfev:7559
21:12:53:INFO:OPTIMIZER:nit:117
21:12:53:INFO:OPTIMIZER:message:Optimization terminated successfully.
21:12:53:INFO:OPTIMIZER:success:True
21:12:53:INFO:OPTIMIZER:constr:[array([0.])]
21:12:53:INFO:OPTIMIZER:constr_violation:0.0
21:12:53:INFO:OPTIMIZER:maxcv:0.0
21:12:53:INFO:RESULT:A:
[[-0.04807032  0.02430788  0.        ]
 [ 0.04807032 -0.02689556  0.00007849]
 [ 0.          0.00258768 -0.00007849]]
21:12:53:INFO:RESULT:m_eq:
[  588.99997578  1164.78352883 38398.69390059](40152.47740520088)
21:12:53:INFO:RESULT:x_vec:
[    0.04807032     0.00258768   588.99997578  1164.78352883
 38398.69390059](40152.52806320503)
21:12:53:INFO:RESULT:time_scale:
[ 13.64831539 563.29667326]
21:12:53:INFO:SAVE:message:saving bunch of data...
21:12:53:INFO:SAVE:message:saving optimizer data ...
