22:16:43:INFO:GENERAL:seed:1
22:16:43:INFO:GENERAL:rho:[0.001, 0.0, 0.01]
22:16:43:INFO:GENERAL:bounds_z:[(1e-06, 0.3), (1e-06, 0.3), (588.999411, 589.000589), (1e-06, 1800), (1e-06, 74200)]
22:16:47:INFO:OPTIMIZER:x:
[  0.05682238   0.01624919 589.00058072 405.10968219 786.23569631]
22:16:47:INFO:OPTIMIZER:fun:0.00027418365954632755
22:16:47:INFO:OPTIMIZER:nfev:16796
22:16:47:INFO:OPTIMIZER:nit:263
22:16:47:INFO:OPTIMIZER:message:Optimization terminated successfully.
22:16:47:INFO:OPTIMIZER:success:True
22:16:47:INFO:OPTIMIZER:constr:[array([0.])]
22:16:47:INFO:OPTIMIZER:constr_violation:0.0
22:16:47:INFO:OPTIMIZER:maxcv:0.0
22:16:47:INFO:RESULT:A:
[[-0.05682238  0.08261568  0.        ]
 [ 0.05682238 -0.09886487  0.00837243]
 [ 0.          0.01624919 -0.00837243]]
22:16:47:INFO:RESULT:m_eq:
[589.00058072 405.10968219 786.23569631](1780.3459592221036)
22:16:47:INFO:RESULT:x_vec:
[  0.05682238   0.01624919 589.00058072 405.10968219 786.23569631](1780.4190307852714)
22:16:47:INFO:RESULT:time_scale:
[ 6.66072796 71.80846442]
22:16:47:INFO:SAVE:message:saving bunch of data...
22:16:47:INFO:SAVE:message:saving optimizer data ...
