22:17:57:INFO:GENERAL:seed:1
22:17:57:INFO:GENERAL:rho:[0.01, 0.1, 0.1]
22:17:57:INFO:GENERAL:bounds_z:[(1e-06, 0.3), (1e-06, 0.3), (588.999411, 589.000589), (1e-06, 1800), (1e-06, 74200)]
22:17:59:INFO:OPTIMIZER:x:
[    0.02822192     0.00103518   589.00000644   899.99997425
 37099.99974688]
22:17:59:INFO:OPTIMIZER:fun:0.0019216244054751873
22:17:59:INFO:OPTIMIZER:nfev:9823
22:17:59:INFO:OPTIMIZER:nit:153
22:17:59:INFO:OPTIMIZER:message:Optimization terminated successfully.
22:17:59:INFO:OPTIMIZER:success:True
22:17:59:INFO:OPTIMIZER:constr:[array([0.])]
22:17:59:INFO:OPTIMIZER:constr_violation:0.0
22:17:59:INFO:OPTIMIZER:maxcv:0.0
22:17:59:INFO:RESULT:A:
[[-0.02822192  0.01846968  0.        ]
 [ 0.02822192 -0.01950486  0.00002511]
 [ 0.          0.00103518 -0.00002511]]
22:17:59:INFO:RESULT:m_eq:
[  589.00000644   899.99997425 37099.99974688](38588.99972756913)
22:17:59:INFO:RESULT:x_vec:
[    0.02822192     0.00103518   589.00000644   899.99997425
 37099.99974688](38589.02898467539)
22:17:59:INFO:RESULT:time_scale:
[  21.2283457  1550.21037236]
22:17:59:INFO:SAVE:message:saving bunch of data...
22:17:59:INFO:SAVE:message:saving optimizer data ...
