22:16:18:INFO:GENERAL:seed:1
22:16:18:INFO:GENERAL:rho:[0.001, 0.001, 0.0001]
22:16:18:INFO:GENERAL:bounds_z:[(1e-06, 0.3), (1e-06, 0.3), (588.999411, 589.000589), (1e-06, 1800), (1e-06, 74200)]
22:16:20:INFO:OPTIMIZER:x:
[    0.04109563     0.00381988   589.00026418   621.74222412
 36976.95600509]
22:16:20:INFO:OPTIMIZER:fun:0.0009959231730903902
22:16:20:INFO:OPTIMIZER:nfev:8847
22:16:20:INFO:OPTIMIZER:nit:138
22:16:20:INFO:OPTIMIZER:message:Optimization terminated successfully.
22:16:20:INFO:OPTIMIZER:success:True
22:16:20:INFO:OPTIMIZER:constr:[array([0.])]
22:16:20:INFO:OPTIMIZER:constr_violation:0.0
22:16:20:INFO:OPTIMIZER:maxcv:0.0
22:16:20:INFO:RESULT:A:
[[-0.04109563  0.03893147  0.        ]
 [ 0.04109563 -0.04275135  0.00006423]
 [ 0.          0.00381988 -0.00006423]]
22:16:20:INFO:RESULT:m_eq:
[  589.00026418   621.74222412 36976.95600509](38187.698493384385)
22:16:20:INFO:RESULT:x_vec:
[    0.04109563     0.00381988   589.00026418   621.74222412
 36976.95600509](38187.74340889475)
22:16:20:INFO:RESULT:time_scale:
[ 12.20516865 505.38072644]
22:16:20:INFO:SAVE:message:saving bunch of data...
22:16:20:INFO:SAVE:message:saving optimizer data ...
