22:24:02:INFO:GENERAL:seed:1
22:24:02:INFO:GENERAL:rho:[0.0, 0.1, 0.1]
22:24:02:INFO:GENERAL:bounds_z:[(1e-06, 0.3), (1e-06, 0.3), (588.999411, 589.000589), (1e-06, 1800), (1e-06, 74200)]
22:24:03:INFO:OPTIMIZER:x:
[    0.07114267     0.00457863   589.00000233   899.99999578
 37099.99991721]
22:24:03:INFO:OPTIMIZER:fun:0.0007951923378354711
22:24:03:INFO:OPTIMIZER:nfev:10006
22:24:03:INFO:OPTIMIZER:nit:154
22:24:03:INFO:OPTIMIZER:message:Optimization terminated successfully.
22:24:03:INFO:OPTIMIZER:success:True
22:24:03:INFO:OPTIMIZER:constr:[array([0.])]
22:24:03:INFO:OPTIMIZER:constr_violation:0.0
22:24:03:INFO:OPTIMIZER:maxcv:0.0
22:24:03:INFO:RESULT:A:
[[-0.07114267  0.04655892  0.        ]
 [ 0.07114267 -0.05113756  0.00011107]
 [ 0.          0.00457863 -0.00011107]]
22:24:03:INFO:RESULT:m_eq:
[  589.00000233   899.99999578 37099.99991721](38588.99991532392)
22:24:03:INFO:RESULT:x_vec:
[    0.07114267     0.00457863   589.00000233   899.99999578
 37099.99991721](38589.075636623194)
22:24:03:INFO:RESULT:time_scale:
[  8.36418103 352.8751446 ]
22:24:03:INFO:SAVE:message:saving bunch of data...
22:24:03:INFO:SAVE:message:saving optimizer data ...
