22:02:58:INFO:GENERAL:seed:1
22:02:58:INFO:GENERAL:rho:[0.001, 0.0001, 0.0001]
22:02:58:INFO:GENERAL:bounds_z:[(1e-06, 0.3), (1e-06, 0.3), (588.999411, 589.000589), (1e-06, 1800), (1e-06, 74200)]
22:03:00:INFO:OPTIMIZER:x:
[   0.08036693    0.01230716  588.99989202  718.35604815 1273.82197766]
22:03:00:INFO:OPTIMIZER:fun:0.0003620969543036872
22:03:00:INFO:OPTIMIZER:nfev:13740
22:03:00:INFO:OPTIMIZER:nit:213
22:03:00:INFO:OPTIMIZER:message:Optimization terminated successfully.
22:03:00:INFO:OPTIMIZER:success:True
22:03:00:INFO:OPTIMIZER:constr:[array([0.])]
22:03:00:INFO:OPTIMIZER:constr_violation:0.0
22:03:00:INFO:OPTIMIZER:maxcv:0.0
22:03:00:INFO:RESULT:A:
[[-0.08036693  0.06589506  0.        ]
 [ 0.08036693 -0.07820222  0.00694047]
 [ 0.          0.01230716 -0.00694047]]
22:03:00:INFO:RESULT:m_eq:
[ 588.99989202  718.35604815 1273.82197766](2581.177917827238)
22:03:00:INFO:RESULT:x_vec:
[   0.08036693    0.01230716  588.99989202  718.35604815 1273.82197766](2581.2705919205337)
22:03:00:INFO:RESULT:time_scale:
[ 6.56363122 76.01711073]
22:03:00:INFO:SAVE:message:saving bunch of data...
22:03:00:INFO:SAVE:message:saving optimizer data ...
