22:03:22:INFO:GENERAL:seed:1
22:03:22:INFO:GENERAL:rho:[0.1, 0.1, 0.0001]
22:03:22:INFO:GENERAL:bounds_z:[(1e-06, 0.3), (1e-06, 0.3), (1e-06, 0.3), (588.999411, 589.000589), (1e-06, 1800), (1e-06, 74200), (1e-06, 1100)]
22:03:25:INFO:OPTIMIZER:x:
[    0.01572376     0.00358689     0.03653133   589.00000911
   899.99997655 37100.00154548   549.99992167]
22:03:25:INFO:OPTIMIZER:fun:0.0038048812524746293
22:03:25:INFO:OPTIMIZER:nfev:12496
22:03:25:INFO:OPTIMIZER:nit:194
22:03:25:INFO:OPTIMIZER:message:Optimization terminated successfully.
22:03:25:INFO:OPTIMIZER:success:True
22:03:25:INFO:OPTIMIZER:constr:[array([0.])]
22:03:25:INFO:OPTIMIZER:constr_violation:0.0
22:03:25:INFO:OPTIMIZER:maxcv:0.0
22:03:25:INFO:RESULT:A:
[[-0.05225509  0.01029033  0.          0.03912174]
 [ 0.01572376 -0.01387722  0.00008701  0.        ]
 [ 0.          0.00358689 -0.00008701  0.        ]
 [ 0.03653133  0.          0.         -0.03912174]]
22:03:25:INFO:RESULT:m_eq:
[  589.00000911   899.99997655 37100.00154548   549.99992167](39139.00145281592)
22:03:25:INFO:RESULT:x_vec:
[    0.01572376     0.00358689     0.03653133   589.00000911
   899.99997655 37100.00154548   549.99992167](39139.05729480067)
22:03:25:INFO:RESULT:time_scale:
[ 11.709638    54.15584775 677.45826503]
22:03:25:INFO:SAVE:message:saving bunch of data...
22:03:25:INFO:SAVE:message:saving optimizer data ...
