21:13:44:INFO:GENERAL:seed:1
21:13:44:INFO:GENERAL:rho:[0.1, 0.0, 0.001]
21:13:44:INFO:GENERAL:bounds_z:[(1e-06, 0.3), (1e-06, 0.3), (1e-06, 0.3), (588.999411, 589.000589), (1e-06, 1800), (1e-06, 74200), (1e-06, 1100)]
21:13:49:INFO:OPTIMIZER:x:
[   0.00846134    0.00000111    0.04529871  589.00034872 1799.98803363
   20.1846622   735.93589103]
21:13:49:INFO:OPTIMIZER:fun:0.0040917701914243935
21:13:49:INFO:OPTIMIZER:nfev:18437
21:13:49:INFO:OPTIMIZER:nit:495
21:13:49:INFO:OPTIMIZER:message:Optimization terminated successfully.
21:13:49:INFO:OPTIMIZER:success:True
21:13:49:INFO:OPTIMIZER:constr:[array([0.])]
21:13:49:INFO:OPTIMIZER:constr_violation:0.0
21:13:49:INFO:OPTIMIZER:maxcv:0.0
21:13:49:INFO:RESULT:A:
[[-0.05376005  0.00276876  0.          0.03625446]
 [ 0.00846134 -0.00276987  0.00009937  0.        ]
 [ 0.          0.00000111 -0.00009937  0.        ]
 [ 0.04529871  0.          0.         -0.03625446]]
21:13:49:INFO:RESULT:m_eq:
[ 589.00034872 1799.98803363   20.1846622   735.93589103](3145.1089355717604)
21:13:49:INFO:RESULT:x_vec:
[   0.00846134    0.00000111    0.04529871  589.00034872 1799.98803363
   20.1846622   735.93589103](3145.162696735921)
21:13:49:INFO:RESULT:time_scale:
[  11.54252486  162.66537778 9999.96399143]
21:13:49:INFO:SAVE:message:saving bunch of data...
21:13:49:INFO:SAVE:message:saving optimizer data ...
