21:12:43:INFO:GENERAL:seed:1
21:12:43:INFO:GENERAL:rho:[0.001, 0.0, 0.0]
21:12:43:INFO:GENERAL:bounds_z:[(1e-06, 0.3), (1e-06, 0.3), (1e-06, 0.3), (588.999411, 589.000589), (1e-06, 1800), (1e-06, 74200), (1e-06, 1100)]
21:12:52:INFO:OPTIMIZER:x:
[   0.04247213    0.00836166    0.04981206  588.99943775  796.84780466
 1241.7349148   172.49403724]
21:12:52:INFO:OPTIMIZER:fun:0.00020689421606893992
21:12:52:INFO:OPTIMIZER:nfev:51641
21:12:52:INFO:OPTIMIZER:nit:801
21:12:52:INFO:OPTIMIZER:message:Optimization terminated successfully.
21:12:52:INFO:OPTIMIZER:success:True
21:12:52:INFO:OPTIMIZER:constr:[array([0.])]
21:12:52:INFO:OPTIMIZER:constr_violation:0.0
21:12:52:INFO:OPTIMIZER:maxcv:0.0
21:12:52:INFO:RESULT:A:
[[-0.09228419  0.03139378  0.          0.17008864]
 [ 0.04247213 -0.03975543  0.00536585  0.        ]
 [ 0.          0.00836166 -0.00536585  0.        ]
 [ 0.04981206  0.          0.         -0.17008864]]
21:12:52:INFO:RESULT:m_eq:
[ 588.99943775  796.84780466 1241.7349148   172.49403724](2800.076194446484)
21:12:52:INFO:RESULT:x_vec:
[   0.04247213    0.00836166    0.04981206  588.99943775  796.84780466
 1241.7349148   172.49403724](2800.1768402948933)
21:12:52:INFO:RESULT:time_scale:
[  4.28682551  15.31957453 111.79049615]
21:12:52:INFO:SAVE:message:saving bunch of data...
21:12:52:INFO:SAVE:message:saving optimizer data ...
