22:07:32:INFO:GENERAL:seed:1
22:07:32:INFO:GENERAL:rho:[0.0, 0.0, 0.001]
22:07:32:INFO:GENERAL:bounds_z:[(1e-06, 0.3), (1e-06, 0.3), (588.999411, 589.000589), (1e-06, 1800), (1e-06, 74200)]
22:07:34:INFO:OPTIMIZER:x:
[  0.05729054   0.01650966 589.00013537 401.97067699 787.08312494]
22:07:34:INFO:OPTIMIZER:fun:0.0002191465188780144
22:07:34:INFO:OPTIMIZER:nfev:11970
22:07:34:INFO:OPTIMIZER:nit:184
22:07:34:INFO:OPTIMIZER:message:Optimization terminated successfully.
22:07:34:INFO:OPTIMIZER:success:True
22:07:34:INFO:OPTIMIZER:constr:[array([0.])]
22:07:34:INFO:OPTIMIZER:constr_violation:0.0
22:07:34:INFO:OPTIMIZER:maxcv:0.0
22:07:34:INFO:RESULT:A:
[[-0.05729054  0.08394676  0.        ]
 [ 0.05729054 -0.10045642  0.00843164]
 [ 0.          0.01650966 -0.00843164]]
22:07:34:INFO:RESULT:m_eq:
[589.00013537 401.97067699 787.08312494](1778.0539372878218)
22:07:34:INFO:RESULT:x_vec:
[  0.05729054   0.01650966 589.00013537 401.97067699 787.08312494](1778.1277374877714)
22:07:34:INFO:RESULT:time_scale:
[ 6.5731676  71.19999336]
22:07:34:INFO:SAVE:message:saving bunch of data...
22:07:34:INFO:SAVE:message:saving optimizer data ...
