22:15:52:INFO:GENERAL:seed:1
22:15:52:INFO:GENERAL:rho:[0.01, 0.0001, 0.0001]
22:15:52:INFO:GENERAL:bounds_z:[(1e-06, 0.3), (1e-06, 0.3), (1e-06, 0.3), (588.999411, 589.000589), (1e-06, 1800), (1e-06, 74200), (1e-06, 1100)]
22:15:56:INFO:OPTIMIZER:x:
[    0.04603823     0.00433527     0.01150448   589.00033253
   250.52232974 37639.52381026   568.69667172]
22:15:56:INFO:OPTIMIZER:fun:0.0007121524995859957
22:15:56:INFO:OPTIMIZER:nfev:21019
22:15:56:INFO:OPTIMIZER:nit:328
22:15:56:INFO:OPTIMIZER:message:Optimization terminated successfully.
22:15:56:INFO:OPTIMIZER:success:True
22:15:56:INFO:OPTIMIZER:constr:[array([0.])]
22:15:56:INFO:OPTIMIZER:constr_violation:0.0
22:15:56:INFO:OPTIMIZER:maxcv:0.0
22:15:56:INFO:RESULT:A:
[[-0.05754271  0.10823998  0.          0.01191521]
 [ 0.04603823 -0.11257525  0.00002885  0.        ]
 [ 0.          0.00433527 -0.00002885  0.        ]
 [ 0.01150448  0.          0.         -0.01191521]]
22:15:56:INFO:RESULT:m_eq:
[  589.00033253   250.52232974 37639.52381026   568.69667172](39047.74314424331)
22:15:56:INFO:RESULT:x_vec:
[    0.04603823     0.00433527     0.01150448   589.00033253
   250.52232974 37639.52381026   568.69667172](39047.805022217144)
22:15:56:INFO:RESULT:time_scale:
[   6.20662488   49.5410893  1318.22924132]
22:15:56:INFO:SAVE:message:saving bunch of data...
22:15:56:INFO:SAVE:message:saving optimizer data ...
