21:12:27:INFO:GENERAL:seed:1
21:12:27:INFO:GENERAL:rho:[0.01, 0.1, 0.0]
21:12:27:INFO:GENERAL:bounds_z:[(1e-06, 0.3), (1e-06, 0.3), (588.999411, 589.000589), (1e-06, 1800), (1e-06, 74200)]
21:12:29:INFO:OPTIMIZER:x:
[    0.06944281     0.00459494   589.00000355   900.00000534
 37099.99990436]
21:12:29:INFO:OPTIMIZER:fun:0.0011984631050099483
21:12:29:INFO:OPTIMIZER:nfev:9237
21:12:29:INFO:OPTIMIZER:nit:143
21:12:29:INFO:OPTIMIZER:message:Optimization terminated successfully.
21:12:29:INFO:OPTIMIZER:success:True
21:12:29:INFO:OPTIMIZER:constr:[array([0.])]
21:12:29:INFO:OPTIMIZER:constr_violation:0.0
21:12:29:INFO:OPTIMIZER:maxcv:0.0
21:12:29:INFO:RESULT:A:
[[-0.06944281  0.04544646  0.        ]
 [ 0.06944281 -0.0500414   0.00011147]
 [ 0.          0.00459494 -0.00011147]]
21:12:29:INFO:RESULT:m_eq:
[  589.00000355   900.00000534 37099.99990436](38588.9999132451)
21:12:29:INFO:RESULT:x_vec:
[    0.06944281     0.00459494   589.00000355   900.00000534
 37099.99990436](38589.07395099059)
21:12:29:INFO:RESULT:time_scale:
[  8.56509098 351.78045504]
21:12:29:INFO:SAVE:message:saving bunch of data...
21:12:29:INFO:SAVE:message:saving optimizer data ...
