21:13:59:INFO:GENERAL:seed:1
21:13:59:INFO:GENERAL:rho:[0.0, 0.0001, 0.01]
21:13:59:INFO:GENERAL:bounds_z:[(1e-06, 0.3), (1e-06, 0.3), (1e-06, 0.3), (588.999411, 589.000589), (1e-06, 1800), (1e-06, 74200), (1e-06, 1100)]
21:14:07:INFO:OPTIMIZER:x:
[    0.0649748      0.01107053     0.02730177   589.00028755
   278.08410734 35947.67162251   708.56477033]
21:14:07:INFO:OPTIMIZER:fun:0.00022930826468982974
21:14:07:INFO:OPTIMIZER:nfev:42261
21:14:07:INFO:OPTIMIZER:nit:657
21:14:07:INFO:OPTIMIZER:message:Optimization terminated successfully.
21:14:07:INFO:OPTIMIZER:success:True
21:14:07:INFO:OPTIMIZER:constr:[array([0.])]
21:14:07:INFO:OPTIMIZER:constr_violation:0.0
21:14:07:INFO:OPTIMIZER:maxcv:0.0
21:14:07:INFO:RESULT:A:
[[-0.09227657  0.13762087  0.          0.02269482]
 [ 0.0649748  -0.14869139  0.00008564  0.        ]
 [ 0.          0.01107053 -0.00008564  0.        ]
 [ 0.02730177  0.          0.         -0.02269482]]
21:14:07:INFO:RESULT:m_eq:
[  589.00028755   278.08410734 35947.67162251   708.56477033](37523.32078772722)
21:14:07:INFO:RESULT:x_vec:
[    0.0649748      0.01107053     0.02730177   589.00028755
   278.08410734 35947.67162251   708.56477033](37523.4241348247)
21:14:07:INFO:RESULT:time_scale:
[  4.53932913  24.04319853 537.70684399]
21:14:07:INFO:SAVE:message:saving bunch of data...
21:14:07:INFO:SAVE:message:saving optimizer data ...
