22:07:28:INFO:GENERAL:seed:1
22:07:28:INFO:GENERAL:rho:[0.001, 0.01, 0.0001]
22:07:28:INFO:GENERAL:bounds_z:[(1e-06, 0.3), (1e-06, 0.3), (588.999411, 589.000589), (1e-06, 1800), (1e-06, 74200)]
22:07:30:INFO:OPTIMIZER:x:
[    0.03342892     0.00225807   589.0005806    759.08208623
 37102.6864662 ]
22:07:30:INFO:OPTIMIZER:fun:0.0017697247196379225
22:07:30:INFO:OPTIMIZER:nfev:9732
22:07:30:INFO:OPTIMIZER:nit:152
22:07:30:INFO:OPTIMIZER:message:Optimization terminated successfully.
22:07:30:INFO:OPTIMIZER:success:True
22:07:30:INFO:OPTIMIZER:constr:[array([0.])]
22:07:30:INFO:OPTIMIZER:constr_violation:0.0
22:07:30:INFO:OPTIMIZER:maxcv:0.0
22:07:30:INFO:RESULT:A:
[[-0.03342892  0.02593877  0.        ]
 [ 0.03342892 -0.02819684  0.0000462 ]
 [ 0.          0.00225807 -0.0000462 ]]
22:07:30:INFO:RESULT:m_eq:
[  589.0005806    759.08208623 37102.6864662 ](38450.76913303002)
22:07:30:INFO:RESULT:x_vec:
[    0.03342892     0.00225807   589.0005806    759.08208623
 37102.6864662 ](38450.80482002403)
22:07:30:INFO:RESULT:time_scale:
[ 16.56279193 771.80352673]
22:07:30:INFO:SAVE:message:saving bunch of data...
22:07:30:INFO:SAVE:message:saving optimizer data ...
