21:13:00:INFO:GENERAL:seed:1
21:13:00:INFO:GENERAL:rho:[0.01, 0.0, 0.0]
21:13:00:INFO:GENERAL:bounds_z:[(1e-06, 0.3), (1e-06, 0.3), (588.999411, 589.000589), (1e-06, 1800), (1e-06, 74200)]
21:13:02:INFO:OPTIMIZER:x:
[   0.07696315    0.01095059  589.00038691  751.9752387  1288.40589377]
21:13:02:INFO:OPTIMIZER:fun:0.0008091852356016769
21:13:02:INFO:OPTIMIZER:nfev:11484
21:13:02:INFO:OPTIMIZER:nit:177
21:13:02:INFO:OPTIMIZER:message:Optimization terminated successfully.
21:13:02:INFO:OPTIMIZER:success:True
21:13:02:INFO:OPTIMIZER:constr:[array([0.])]
21:13:02:INFO:OPTIMIZER:constr_violation:0.0
21:13:02:INFO:OPTIMIZER:maxcv:0.0
21:13:02:INFO:RESULT:A:
[[-0.07696315  0.060283    0.        ]
 [ 0.07696315 -0.07123359  0.00639129]
 [ 0.          0.01095059 -0.00639129]]
21:13:02:INFO:RESULT:m_eq:
[ 589.00038691  751.9752387  1288.40589377](2629.3815193747455)
21:13:02:INFO:RESULT:x_vec:
[   0.07696315    0.01095059  589.00038691  751.9752387  1288.40589377](2629.4694331115425)
21:13:02:INFO:RESULT:time_scale:
[ 7.01657277 82.86169293]
21:13:02:INFO:SAVE:message:saving bunch of data...
21:13:02:INFO:SAVE:message:saving optimizer data ...
