22:16:58:INFO:GENERAL:seed:1
22:16:58:INFO:GENERAL:rho:[0.1, 0.0, 0.01]
22:16:58:INFO:GENERAL:bounds_z:[(1e-06, 0.3), (1e-06, 0.3), (1e-06, 0.3), (588.999411, 589.000589), (1e-06, 1800), (1e-06, 74200), (1e-06, 1100)]
22:17:04:INFO:OPTIMIZER:x:
[    0.01326584     0.00292558     0.0152976    588.99977259
   545.5759384  74160.04679861   319.3997931 ]
22:17:04:INFO:OPTIMIZER:fun:0.003313612403226415
22:17:04:INFO:OPTIMIZER:nfev:32847
22:17:04:INFO:OPTIMIZER:nit:513
22:17:04:INFO:OPTIMIZER:message:Optimization terminated successfully.
22:17:04:INFO:OPTIMIZER:success:True
22:17:04:INFO:OPTIMIZER:constr:[array([0.])]
22:17:04:INFO:OPTIMIZER:constr_violation:0.0
22:17:04:INFO:OPTIMIZER:maxcv:0.0
22:17:04:INFO:RESULT:A:
[[-0.02856343  0.0143217   0.          0.02821004]
 [ 0.01326584 -0.01724728  0.00002152  0.        ]
 [ 0.          0.00292558 -0.00002152  0.        ]
 [ 0.0152976   0.          0.         -0.02821004]]
22:17:04:INFO:RESULT:m_eq:
[  588.99977259   545.5759384  74160.04679861   319.3997931 ](75614.02230270373)
22:17:04:INFO:RESULT:x_vec:
[    0.01326584     0.00292558     0.0152976    588.99977259
   545.5759384  74160.04679861   319.3997931 ](75614.05379171301)
22:17:04:INFO:RESULT:time_scale:
[ 19.19795642  47.77958317 976.60855089]
22:17:04:INFO:SAVE:message:saving bunch of data...
22:17:04:INFO:SAVE:message:saving optimizer data ...
