22:21:57:INFO:GENERAL:seed:1
22:21:57:INFO:GENERAL:rho:[0.01, 0.001, 0.001]
22:21:57:INFO:GENERAL:bounds_z:[(1e-06, 0.3), (1e-06, 0.3), (1e-06, 0.3), (588.999411, 589.000589), (1e-06, 1800), (1e-06, 74200), (1e-06, 1100)]
22:22:01:INFO:OPTIMIZER:x:
[    0.02523939     0.0031261      0.0586589    589.00021199
  1003.98595788 37069.31695365   324.7725462 ]
22:22:01:INFO:OPTIMIZER:fun:0.0008161700694662017
22:22:01:INFO:OPTIMIZER:nfev:22487
22:22:01:INFO:OPTIMIZER:nit:350
22:22:01:INFO:OPTIMIZER:message:Optimization terminated successfully.
22:22:01:INFO:OPTIMIZER:success:True
22:22:01:INFO:OPTIMIZER:constr:[array([0.])]
22:22:01:INFO:OPTIMIZER:constr_violation:0.0
22:22:01:INFO:OPTIMIZER:maxcv:0.0
22:22:01:INFO:RESULT:A:
[[-0.08389829  0.01480699  0.          0.10638247]
 [ 0.02523939 -0.01793308  0.00008467  0.        ]
 [ 0.          0.0031261  -0.00008467  0.        ]
 [ 0.0586589   0.          0.         -0.10638247]]
22:22:01:INFO:RESULT:m_eq:
[  589.00021199  1003.98595788 37069.31695365   324.7725462 ](38987.075669731785)
22:22:01:INFO:RESULT:x_vec:
[    0.02523939     0.0031261      0.0586589    589.00021199
  1003.98595788 37069.31695365   324.7725462 ](38987.16269411577)
22:22:01:INFO:RESULT:time_scale:
[  5.68323115  32.56429737 612.07665287]
22:22:01:INFO:SAVE:message:saving bunch of data...
22:22:01:INFO:SAVE:message:saving optimizer data ...
