22:16:23:INFO:GENERAL:seed:1
22:16:23:INFO:GENERAL:rho:[0.001, 0.1, 0.0001]
22:16:23:INFO:GENERAL:bounds_z:[(1e-06, 0.3), (1e-06, 0.3), (588.999411, 589.000589), (1e-06, 1800), (1e-06, 74200)]
22:16:24:INFO:OPTIMIZER:x:
[    0.02851653     0.00102925   589.00000057   900.00000965
 37099.99982593]
22:16:24:INFO:OPTIMIZER:fun:0.0017776512477421377
22:16:24:INFO:OPTIMIZER:nfev:9828
22:16:24:INFO:OPTIMIZER:nit:154
22:16:24:INFO:OPTIMIZER:message:Optimization terminated successfully.
22:16:24:INFO:OPTIMIZER:success:True
22:16:24:INFO:OPTIMIZER:constr:[array([0.])]
22:16:24:INFO:OPTIMIZER:constr_violation:0.0
22:16:24:INFO:OPTIMIZER:maxcv:0.0
22:16:24:INFO:RESULT:A:
[[-0.02851653  0.01866248  0.        ]
 [ 0.02851653 -0.01969173  0.00002497]
 [ 0.          0.00102925 -0.00002497]]
22:16:24:INFO:RESULT:m_eq:
[  589.00000057   900.00000965 37099.99982593](38588.999836150695)
22:16:24:INFO:RESULT:x_vec:
[    0.02851653     0.00102925   589.00000057   900.00000965
 37099.99982593](38589.02938192662)
22:16:24:INFO:RESULT:time_scale:
[  21.01204015 1558.92750491]
22:16:24:INFO:SAVE:message:saving bunch of data...
22:16:24:INFO:SAVE:message:saving optimizer data ...
