22:22:43:INFO:GENERAL:seed:1
22:22:43:INFO:GENERAL:rho:[0.0001, 0.01, 0.01]
22:22:43:INFO:GENERAL:bounds_z:[(1e-06, 0.3), (1e-06, 0.3), (588.999411, 589.000589), (1e-06, 1800), (1e-06, 74200)]
22:22:44:INFO:OPTIMIZER:x:
[    0.07113407     0.00457936   588.99997149   900.00000458
 37099.99931739]
22:22:44:INFO:OPTIMIZER:fun:0.0007992716715647272
22:22:44:INFO:OPTIMIZER:nfev:9303
22:22:44:INFO:OPTIMIZER:nit:145
22:22:44:INFO:OPTIMIZER:message:Optimization terminated successfully.
22:22:44:INFO:OPTIMIZER:success:True
22:22:44:INFO:OPTIMIZER:constr:[array([0.])]
22:22:44:INFO:OPTIMIZER:constr_violation:0.0
22:22:44:INFO:OPTIMIZER:maxcv:0.0
22:22:44:INFO:RESULT:A:
[[-0.07113407  0.04655329  0.        ]
 [ 0.07113407 -0.05113265  0.00011109]
 [ 0.          0.00457936 -0.00011109]]
22:22:44:INFO:RESULT:m_eq:
[  588.99997149   900.00000458 37099.99931739](38588.999293464)
22:22:44:INFO:RESULT:x_vec:
[    0.07113407     0.00457936   588.99997149   900.00000458
 37099.99931739](38589.07500689023)
22:22:44:INFO:RESULT:time_scale:
[  8.36515519 352.82074481]
22:22:44:INFO:SAVE:message:saving bunch of data...
22:22:44:INFO:SAVE:message:saving optimizer data ...
