22:16:29:INFO:GENERAL:seed:1
22:16:29:INFO:GENERAL:rho:[0.001, 0.0001, 0.001]
22:16:29:INFO:GENERAL:bounds_z:[(1e-06, 0.3), (1e-06, 0.3), (588.999411, 589.000589), (1e-06, 1800), (1e-06, 74200)]
22:16:32:INFO:OPTIMIZER:x:
[  0.05679028   0.01622477 588.99954322 405.38756633 786.18844083]
22:16:32:INFO:OPTIMIZER:fun:0.00031160413411805726
22:16:32:INFO:OPTIMIZER:nfev:15494
22:16:32:INFO:OPTIMIZER:nit:241
22:16:32:INFO:OPTIMIZER:message:Optimization terminated successfully.
22:16:32:INFO:OPTIMIZER:success:True
22:16:32:INFO:OPTIMIZER:constr:[array([0.])]
22:16:32:INFO:OPTIMIZER:constr_violation:0.0
22:16:32:INFO:OPTIMIZER:maxcv:0.0
22:16:32:INFO:RESULT:A:
[[-0.05679028  0.08251227  0.        ]
 [ 0.05679028 -0.09873704  0.00836608]
 [ 0.          0.01622477 -0.00836608]]
22:16:32:INFO:RESULT:m_eq:
[588.99954322 405.38756633 786.18844083](1780.575550377444)
22:16:32:INFO:RESULT:x_vec:
[  0.05679028   0.01622477 588.99954322 405.38756633 786.18844083](1780.6485654254025)
22:16:32:INFO:RESULT:time_scale:
[ 6.6675863  71.86957818]
22:16:32:INFO:SAVE:message:saving bunch of data...
22:16:32:INFO:SAVE:message:saving optimizer data ...
