22:16:59:INFO:GENERAL:seed:1
22:16:59:INFO:GENERAL:rho:[0.1, 0.001, 0.01]
22:16:59:INFO:GENERAL:bounds_z:[(1e-06, 0.3), (1e-06, 0.3), (1e-06, 0.3), (588.999411, 589.000589), (1e-06, 1800), (1e-06, 74200), (1e-06, 1100)]
22:17:05:INFO:OPTIMIZER:x:
[    0.01295057     0.00238031     0.01508702   588.99999129
   584.09568687 37212.15268048   317.16785179]
22:17:05:INFO:OPTIMIZER:fun:0.0034550449029025427
22:17:05:INFO:OPTIMIZER:nfev:28762
22:17:05:INFO:OPTIMIZER:nit:449
22:17:05:INFO:OPTIMIZER:message:Optimization terminated successfully.
22:17:05:INFO:OPTIMIZER:success:True
22:17:05:INFO:OPTIMIZER:constr:[array([0.])]
22:17:05:INFO:OPTIMIZER:constr_violation:0.0
22:17:05:INFO:OPTIMIZER:maxcv:0.0
22:17:05:INFO:RESULT:A:
[[-0.02803759  0.01305931  0.          0.02801752]
 [ 0.01295057 -0.01543962  0.00003736  0.        ]
 [ 0.          0.00238031 -0.00003736  0.        ]
 [ 0.01508702  0.          0.         -0.02801752]]
22:17:05:INFO:RESULT:m_eq:
[  588.99999129   584.09568687 37212.15268048   317.16785179](38702.416210429205)
22:17:05:INFO:RESULT:x_vec:
[    0.01295057     0.00238031     0.01508702   588.99999129
   584.09568687 37212.15268048   317.16785179](38702.4466283348)
22:17:05:INFO:RESULT:time_scale:
[  19.57083739   51.1881176  1111.26041755]
22:17:05:INFO:SAVE:message:saving bunch of data...
22:17:05:INFO:SAVE:message:saving optimizer data ...
