22:08:06:INFO:GENERAL:seed:1
22:08:06:INFO:GENERAL:rho:[0.01, 0.01, 0.01]
22:08:06:INFO:GENERAL:bounds_z:[(1e-06, 0.3), (1e-06, 0.3), (588.999411, 589.000589), (1e-06, 1800), (1e-06, 74200)]
22:08:08:INFO:OPTIMIZER:x:
[    0.02822076     0.00103554   589.00057363   899.99793726
 37100.00921167]
22:08:08:INFO:OPTIMIZER:fun:0.0019216219314345416
22:08:08:INFO:OPTIMIZER:nfev:11925
22:08:08:INFO:OPTIMIZER:nit:185
22:08:08:INFO:OPTIMIZER:message:Optimization terminated successfully.
22:08:08:INFO:OPTIMIZER:success:True
22:08:08:INFO:OPTIMIZER:constr:[array([0.])]
22:08:08:INFO:OPTIMIZER:constr_violation:0.0
22:08:08:INFO:OPTIMIZER:maxcv:0.0
22:08:08:INFO:RESULT:A:
[[-0.02822076  0.01846898  0.        ]
 [ 0.02822076 -0.01950451  0.00002512]
 [ 0.          0.00103554 -0.00002512]]
22:08:08:INFO:RESULT:m_eq:
[  589.00057363   899.99793726 37100.00921167](38589.007722564376)
22:08:08:INFO:RESULT:x_vec:
[    0.02822076     0.00103554   589.00057363   899.99793726
 37100.00921167](38589.03697885647)
22:08:08:INFO:RESULT:time_scale:
[  21.22912355 1549.69023103]
22:08:08:INFO:SAVE:message:saving bunch of data...
22:08:08:INFO:SAVE:message:saving optimizer data ...
