22:16:45:INFO:GENERAL:seed:1
22:16:45:INFO:GENERAL:rho:[0.0, 0.1, 0.001]
22:16:45:INFO:GENERAL:bounds_z:[(1e-06, 0.3), (1e-06, 0.3), (588.999411, 589.000589), (1e-06, 1800), (1e-06, 74200)]
22:16:47:INFO:OPTIMIZER:x:
[    0.02854033     0.00102988   589.00000452   899.9999959
 37099.99998523]
22:16:47:INFO:OPTIMIZER:fun:0.0017615657842029156
22:16:47:INFO:OPTIMIZER:nfev:9725
22:16:47:INFO:OPTIMIZER:nit:150
22:16:47:INFO:OPTIMIZER:message:Optimization terminated successfully.
22:16:47:INFO:OPTIMIZER:success:True
22:16:47:INFO:OPTIMIZER:constr:[array([0.])]
22:16:47:INFO:OPTIMIZER:constr_violation:0.0
22:16:47:INFO:OPTIMIZER:maxcv:0.0
22:16:47:INFO:RESULT:A:
[[-0.02854033  0.01867806  0.        ]
 [ 0.02854033 -0.01970794  0.00002498]
 [ 0.          0.00102988 -0.00002498]]
22:16:47:INFO:RESULT:m_eq:
[  589.00000452   899.9999959  37099.99998523](38588.99998564987)
22:16:47:INFO:RESULT:x_vec:
[    0.02854033     0.00102988   589.00000452   899.9999959
 37099.99998523](38589.02955586239)
22:16:47:INFO:RESULT:time_scale:
[  20.99455631 1557.96478219]
22:16:47:INFO:SAVE:message:saving bunch of data...
22:16:47:INFO:SAVE:message:saving optimizer data ...
