22:21:14:INFO:GENERAL:seed:1
22:21:14:INFO:GENERAL:rho:[0.0001, 0.0, 0.0]
22:21:14:INFO:GENERAL:bounds_z:[(1e-06, 0.3), (1e-06, 0.3), (588.999411, 589.000589), (1e-06, 1800), (1e-06, 74200)]
22:21:16:INFO:OPTIMIZER:x:
[   0.08075919    0.01247027  589.00035718  714.58037313 1272.54340826]
22:21:16:INFO:OPTIMIZER:fun:0.0002793519455063738
22:21:16:INFO:OPTIMIZER:nfev:12219
22:21:16:INFO:OPTIMIZER:nit:191
22:21:16:INFO:OPTIMIZER:message:Optimization terminated successfully.
22:21:16:INFO:OPTIMIZER:success:True
22:21:16:INFO:OPTIMIZER:constr:[array([0.])]
22:21:16:INFO:OPTIMIZER:constr_violation:0.0
22:21:16:INFO:OPTIMIZER:maxcv:0.0
22:21:16:INFO:RESULT:A:
[[-0.08075919  0.06656661  0.        ]
 [ 0.08075919 -0.07903688  0.00700252]
 [ 0.          0.01247027 -0.00700252]]
22:21:16:INFO:RESULT:m_eq:
[ 589.00035718  714.58037313 1272.54340826](2576.1241385657086)
22:21:16:INFO:RESULT:x_vec:
[   0.08075919    0.01247027  589.00035718  714.58037313 1272.54340826](2576.2173680295855)
22:21:16:INFO:RESULT:time_scale:
[ 6.51387316 75.30063642]
22:21:16:INFO:SAVE:message:saving bunch of data...
22:21:16:INFO:SAVE:message:saving optimizer data ...
