21:14:42:INFO:GENERAL:seed:1
21:14:42:INFO:GENERAL:rho:[0.001, 0.1, 0.1]
21:14:42:INFO:GENERAL:bounds_z:[(1e-06, 0.3), (1e-06, 0.3), (588.999411, 589.000589), (1e-06, 1800), (1e-06, 74200)]
21:14:44:INFO:OPTIMIZER:x:
[    0.07096826     0.0045805    588.99999889   900.00000005
 37099.99992368]
21:14:44:INFO:OPTIMIZER:fun:0.0008359458497905784
21:14:44:INFO:OPTIMIZER:nfev:10061
21:14:44:INFO:OPTIMIZER:nit:156
21:14:44:INFO:OPTIMIZER:message:Optimization terminated successfully.
21:14:44:INFO:OPTIMIZER:success:True
21:14:44:INFO:OPTIMIZER:constr:[array([0.])]
21:14:44:INFO:OPTIMIZER:constr_violation:0.0
21:14:44:INFO:OPTIMIZER:maxcv:0.0
21:14:44:INFO:RESULT:A:
[[-0.07096826  0.04644479  0.        ]
 [ 0.07096826 -0.05102529  0.00011112]
 [ 0.          0.0045805  -0.00011112]]
21:14:44:INFO:RESULT:m_eq:
[  588.99999889   900.00000005 37099.99992368](38588.99992262848)
21:14:44:INFO:RESULT:x_vec:
[    0.07096826     0.0045805    588.99999889   900.00000005
 37099.99992368](38589.07547139256)
21:14:44:INFO:RESULT:time_scale:
[  8.38435373 352.74731923]
21:14:44:INFO:SAVE:message:saving bunch of data...
21:14:44:INFO:SAVE:message:saving optimizer data ...
