22:21:25:INFO:GENERAL:seed:1
22:21:25:INFO:GENERAL:rho:[0.1, 0.1, 0.0001]
22:21:25:INFO:GENERAL:bounds_z:[(1e-06, 0.3), (1e-06, 0.3), (588.999411, 589.000589), (1e-06, 1800), (1e-06, 74200)]
22:21:26:INFO:OPTIMIZER:x:
[    0.05571982     0.00475418   588.99999469   900.00002927
 37100.00078919]
22:21:26:INFO:OPTIMIZER:fun:0.004450755244795608
22:21:26:INFO:OPTIMIZER:nfev:9038
22:21:26:INFO:OPTIMIZER:nit:143
22:21:26:INFO:OPTIMIZER:message:Optimization terminated successfully.
22:21:26:INFO:OPTIMIZER:success:True
22:21:26:INFO:OPTIMIZER:constr:[array([0.])]
22:21:26:INFO:OPTIMIZER:constr_violation:0.0
22:21:26:INFO:OPTIMIZER:maxcv:0.0
22:21:26:INFO:RESULT:A:
[[-0.05571982  0.03646553  0.        ]
 [ 0.05571982 -0.0412197   0.00011533]
 [ 0.          0.00475418 -0.00011533]]
22:21:26:INFO:RESULT:m_eq:
[  588.99999469   900.00002927 37100.00078919](38589.000813154504)
22:21:26:INFO:RESULT:x_vec:
[    0.05571982     0.00475418   588.99999469   900.00002927
 37100.00078919](38589.06128715326)
22:21:26:INFO:RESULT:time_scale:
[ 10.62387399 341.61941888]
22:21:26:INFO:SAVE:message:saving bunch of data...
22:21:26:INFO:SAVE:message:saving optimizer data ...
