22:04:18:INFO:GENERAL:seed:1
22:04:18:INFO:GENERAL:rho:[0.001, 0.0001, 0.01]
22:04:18:INFO:GENERAL:bounds_z:[(1e-06, 0.3), (1e-06, 0.3), (1e-06, 0.3), (588.999411, 589.000589), (1e-06, 1800), (1e-06, 74200), (1e-06, 1100)]
22:04:25:INFO:OPTIMIZER:x:
[    0.02520735     0.00301464     0.06200665   588.99952722
  1019.75632051 36828.78852058   320.89166885]
22:04:25:INFO:OPTIMIZER:fun:0.00023861719460950404
22:04:25:INFO:OPTIMIZER:nfev:34108
22:04:25:INFO:OPTIMIZER:nit:534
22:04:25:INFO:OPTIMIZER:message:Optimization terminated successfully.
22:04:25:INFO:OPTIMIZER:success:True
22:04:25:INFO:OPTIMIZER:constr:[array([0.])]
22:04:25:INFO:OPTIMIZER:constr_violation:0.0
22:04:25:INFO:OPTIMIZER:maxcv:0.0
22:04:25:INFO:RESULT:A:
[[-0.087214    0.01455947  0.          0.11381376]
 [ 0.02520735 -0.01757412  0.00008347  0.        ]
 [ 0.          0.00301464 -0.00008347  0.        ]
 [ 0.06200665  0.          0.         -0.11381376]]
22:04:25:INFO:RESULT:m_eq:
[  588.99952722  1019.75632051 36828.78852058   320.89166885](38758.43603715058)
22:04:25:INFO:RESULT:x_vec:
[    0.02520735     0.00301464     0.06200665   588.99952722
  1019.75632051 36828.78852058   320.89166885](38758.52626579011)
22:04:25:INFO:RESULT:time_scale:
[  5.36219953  32.68005712 626.95673251]
22:04:25:INFO:SAVE:message:saving bunch of data...
22:04:25:INFO:SAVE:message:saving optimizer data ...
