22:15:52:INFO:GENERAL:seed:1
22:15:52:INFO:GENERAL:rho:[0.01, 0.0001, 0.0]
22:15:52:INFO:GENERAL:bounds_z:[(1e-06, 0.3), (1e-06, 0.3), (1e-06, 0.3), (588.999411, 589.000589), (1e-06, 1800), (1e-06, 74200), (1e-06, 1100)]
22:15:56:INFO:OPTIMIZER:x:
[    0.0117142      0.00103428     0.04397705   588.99985218
   811.41603923 37178.71466386   258.3691578 ]
22:15:56:INFO:OPTIMIZER:fun:0.0006202121208171383
22:15:56:INFO:OPTIMIZER:nfev:19953
22:15:56:INFO:OPTIMIZER:nit:315
22:15:56:INFO:OPTIMIZER:message:Optimization terminated successfully.
22:15:56:INFO:OPTIMIZER:success:True
22:15:56:INFO:OPTIMIZER:constr:[array([0.])]
22:15:56:INFO:OPTIMIZER:constr_violation:0.0
22:15:56:INFO:OPTIMIZER:maxcv:0.0
22:15:56:INFO:RESULT:A:
[[-0.05569125  0.00850323  0.          0.10025375]
 [ 0.0117142  -0.00953751  0.00002257  0.        ]
 [ 0.          0.00103428 -0.00002257  0.        ]
 [ 0.04397705  0.          0.         -0.10025375]]
22:15:56:INFO:RESULT:m_eq:
[  588.99985218   811.41603923 37178.71466386   258.3691578 ](38837.49971307103)
22:15:56:INFO:RESULT:x_vec:
[    0.0117142      0.00103428     0.04397705   588.99985218
   811.41603923 37178.71466386   258.3691578 ](38837.55643859685)
22:15:56:INFO:RESULT:time_scale:
[   6.74508436   59.74559854 1955.68500828]
22:15:56:INFO:SAVE:message:saving bunch of data...
22:15:56:INFO:SAVE:message:saving optimizer data ...
