22:15:27:INFO:GENERAL:seed:1
22:15:27:INFO:GENERAL:rho:[0.0001, 0.001, 0.0]
22:15:27:INFO:GENERAL:bounds_z:[(1e-06, 0.3), (1e-06, 0.3), (1e-06, 0.3), (588.999411, 589.000589), (1e-06, 1800), (1e-06, 74200), (1e-06, 1100)]
22:15:32:INFO:OPTIMIZER:x:
[    0.01383237     0.0017858      0.04681937   589.0005753
   741.30435328 37095.73146654   222.55010891]
22:15:32:INFO:OPTIMIZER:fun:0.0003032081078826467
22:15:32:INFO:OPTIMIZER:nfev:21788
22:15:32:INFO:OPTIMIZER:nit:340
22:15:32:INFO:OPTIMIZER:message:Optimization terminated successfully.
22:15:32:INFO:OPTIMIZER:success:True
22:15:32:INFO:OPTIMIZER:constr:[array([0.])]
22:15:32:INFO:OPTIMIZER:constr_violation:0.0
22:15:32:INFO:OPTIMIZER:maxcv:0.0
22:15:32:INFO:RESULT:A:
[[-0.06065174  0.01099046  0.          0.12391203]
 [ 0.01383237 -0.01277626  0.00003569  0.        ]
 [ 0.          0.0017858  -0.00003569  0.        ]
 [ 0.04681937  0.          0.         -0.12391203]]
22:15:32:INFO:RESULT:m_eq:
[  589.0005753    741.30435328 37095.73146654   222.55010891](38648.586504020226)
22:15:32:INFO:RESULT:x_vec:
[    0.01383237     0.0017858      0.04681937   589.0005753
   741.30435328 37095.73146654   222.55010891](38648.64894156707)
22:15:32:INFO:RESULT:time_scale:
[   5.71279255   46.55076833 1179.15589332]
22:15:32:INFO:SAVE:message:saving bunch of data...
22:15:32:INFO:SAVE:message:saving optimizer data ...
