21:22:30:INFO:GENERAL:seed:1
21:22:30:INFO:GENERAL:rho:[0.0, 0.001, 0.01]
21:22:30:INFO:GENERAL:bounds_z:[(1e-06, 0.3), (1e-06, 0.3), (588.999411, 589.000589), (1e-06, 1800), (1e-06, 74200)]
21:22:31:INFO:OPTIMIZER:x:
[    0.0412767      0.00383732   589.00058566   620.31012199
 36953.44168101]
21:22:31:INFO:OPTIMIZER:fun:0.0009678759865394406
21:22:31:INFO:OPTIMIZER:nfev:7775
21:22:31:INFO:OPTIMIZER:nit:120
21:22:31:INFO:OPTIMIZER:message:Optimization terminated successfully.
21:22:31:INFO:OPTIMIZER:success:True
21:22:31:INFO:OPTIMIZER:constr:[array([0.])]
21:22:31:INFO:OPTIMIZER:constr_violation:0.0
21:22:31:INFO:OPTIMIZER:maxcv:0.0
21:22:31:INFO:RESULT:A:
[[-0.0412767   0.0391933   0.        ]
 [ 0.0412767  -0.04303061  0.00006441]
 [ 0.          0.00383732 -0.00006441]]
21:22:31:INFO:RESULT:m_eq:
[  589.00058566   620.31012199 36953.44168101](38162.75238866395)
21:22:31:INFO:RESULT:x_vec:
[    0.0412767      0.00383732   589.00058566   620.31012199
 36953.44168101](38162.79750267897)
21:22:31:INFO:RESULT:time_scale:
[ 12.13794593 503.66009926]
21:22:31:INFO:SAVE:message:saving bunch of data...
21:22:31:INFO:SAVE:message:saving optimizer data ...
