22:17:32:INFO:GENERAL:seed:1
22:17:32:INFO:GENERAL:rho:[0.0001, 0.0001, 0.1]
22:17:32:INFO:GENERAL:bounds_z:[(1e-06, 0.3), (1e-06, 0.3), (1e-06, 0.3), (588.999411, 589.000589), (1e-06, 1800), (1e-06, 74200), (1e-06, 1100)]
22:17:45:INFO:OPTIMIZER:x:
[    0.05103117     0.01035233     0.01701471   589.00013524
   165.44030402 37226.55347271   489.56763691]
22:17:45:INFO:OPTIMIZER:fun:0.00025895144897538405
22:17:45:INFO:OPTIMIZER:nfev:65676
22:17:45:INFO:OPTIMIZER:nit:1030
22:17:45:INFO:OPTIMIZER:message:Optimization terminated successfully.
22:17:45:INFO:OPTIMIZER:success:True
22:17:45:INFO:OPTIMIZER:constr:[array([0.])]
22:17:45:INFO:OPTIMIZER:constr_violation:0.0
22:17:45:INFO:OPTIMIZER:maxcv:0.0
22:17:45:INFO:RESULT:A:
[[-0.06804588  0.18168104  0.          0.02047044]
 [ 0.05103117 -0.19203336  0.00004601  0.        ]
 [ 0.          0.01035233 -0.00004601  0.        ]
 [ 0.01701471  0.          0.         -0.02047044]]
22:17:45:INFO:RESULT:m_eq:
[  589.00013524   165.44030402 37226.55347271   489.56763691](38470.561548880316)
22:17:45:INFO:RESULT:x_vec:
[    0.05103117     0.01035233     0.01701471   589.00013524
   165.44030402 37226.55347271   489.56763691](38470.639947087104)
22:17:45:INFO:RESULT:time_scale:
[  4.08300028  29.1126481  752.7702404 ]
22:17:45:INFO:SAVE:message:saving bunch of data...
22:17:45:INFO:SAVE:message:saving optimizer data ...
