22:08:13:INFO:GENERAL:seed:1
22:08:13:INFO:GENERAL:rho:[0.1, 0.01, 0.01]
22:08:13:INFO:GENERAL:bounds_z:[(1e-06, 0.3), (1e-06, 0.3), (588.999411, 589.000589), (1e-06, 1800), (1e-06, 74200)]
22:08:14:INFO:OPTIMIZER:x:
[    0.02584595     0.00107976   588.99995175   899.99982437
 37100.00620132]
22:08:14:INFO:OPTIMIZER:fun:0.00329289404799906
22:08:14:INFO:OPTIMIZER:nfev:8311
22:08:14:INFO:OPTIMIZER:nit:131
22:08:14:INFO:OPTIMIZER:message:Optimization terminated successfully.
22:08:14:INFO:OPTIMIZER:success:True
22:08:14:INFO:OPTIMIZER:constr:[array([0.])]
22:08:14:INFO:OPTIMIZER:constr_violation:0.0
22:08:14:INFO:OPTIMIZER:maxcv:0.0
22:08:14:INFO:RESULT:A:
[[-0.02584595  0.01691474  0.        ]
 [ 0.02584595 -0.0179945   0.00002619]
 [ 0.          0.00107976 -0.00002619]]
22:08:14:INFO:RESULT:m_eq:
[  588.99995175   899.99982437 37100.00620132](38589.00597743606)
22:08:14:INFO:RESULT:x_vec:
[    0.02584595     0.00107976   588.99995175   899.99982437
 37100.00620132](38589.03290315124)
22:08:14:INFO:RESULT:time_scale:
[  23.15102435 1488.05599867]
22:08:14:INFO:SAVE:message:saving bunch of data...
22:08:14:INFO:SAVE:message:saving optimizer data ...
