22:04:25:INFO:GENERAL:seed:1
22:04:25:INFO:GENERAL:rho:[0.0, 0.01, 0.1]
22:04:25:INFO:GENERAL:bounds_z:[(1e-06, 0.3), (1e-06, 0.3), (588.999411, 589.000589), (1e-06, 1800), (1e-06, 74200)]
22:04:26:INFO:OPTIMIZER:x:
[    0.07115955     0.00457906   588.99992998   900.00005612
 37100.0005757 ]
22:04:26:INFO:OPTIMIZER:fun:0.000795192003309694
22:04:26:INFO:OPTIMIZER:nfev:9341
22:04:26:INFO:OPTIMIZER:nit:147
22:04:26:INFO:OPTIMIZER:message:Optimization terminated successfully.
22:04:26:INFO:OPTIMIZER:success:True
22:04:26:INFO:OPTIMIZER:constr:[array([0.])]
22:04:26:INFO:OPTIMIZER:constr_violation:0.0
22:04:26:INFO:OPTIMIZER:maxcv:0.0
22:04:26:INFO:RESULT:A:
[[-0.07115955  0.04656996  0.        ]
 [ 0.07115955 -0.05114902  0.00011108]
 [ 0.          0.00457906 -0.00011108]]
22:04:26:INFO:RESULT:m_eq:
[  588.99992998   900.00005612 37100.0005757 ](38589.00056179791)
22:04:26:INFO:RESULT:x_vec:
[    0.07115955     0.00457906   588.99992998   900.00005612
 37100.0005757 ](38589.07630040453)
22:04:26:INFO:RESULT:time_scale:
[  8.36221664 352.84143468]
22:04:26:INFO:SAVE:message:saving bunch of data...
22:04:26:INFO:SAVE:message:saving optimizer data ...
