22:23:32:INFO:GENERAL:seed:1
22:23:32:INFO:GENERAL:rho:[0.1, 0.1, 0.1]
22:23:32:INFO:GENERAL:bounds_z:[(1e-06, 0.3), (1e-06, 0.3), (588.999411, 589.000589), (1e-06, 1800), (1e-06, 74200)]
22:23:34:INFO:OPTIMIZER:x:
[    0.05570834     0.00475573   588.99997775   900.00001157
 37099.99879118]
22:23:34:INFO:OPTIMIZER:fun:0.004450755519302683
22:23:34:INFO:OPTIMIZER:nfev:8635
22:23:34:INFO:OPTIMIZER:nit:135
22:23:34:INFO:OPTIMIZER:message:Optimization terminated successfully.
22:23:34:INFO:OPTIMIZER:success:True
22:23:34:INFO:OPTIMIZER:constr:[array([0.])]
22:23:34:INFO:OPTIMIZER:constr_violation:0.0
22:23:34:INFO:OPTIMIZER:maxcv:0.0
22:23:34:INFO:RESULT:A:
[[-0.05570834  0.03645801  0.        ]
 [ 0.05570834 -0.04121374  0.00011537]
 [ 0.          0.00475573 -0.00011537]]
22:23:34:INFO:RESULT:m_eq:
[  588.99997775   900.00001157 37099.99879118](38588.998780499634)
22:23:34:INFO:RESULT:x_vec:
[    0.05570834     0.00475573   588.99997775   900.00001157
 37099.99879118](38589.059244571836)
22:23:34:INFO:RESULT:time_scale:
[ 10.62594336 341.51138543]
22:23:34:INFO:SAVE:message:saving bunch of data...
22:23:34:INFO:SAVE:message:saving optimizer data ...
