22:16:45:INFO:GENERAL:seed:1
22:16:45:INFO:GENERAL:rho:[0.0, 0.0, 0.01]
22:16:45:INFO:GENERAL:bounds_z:[(1e-06, 0.3), (1e-06, 0.3), (1e-06, 0.3), (588.999411, 589.000589), (1e-06, 1800), (1e-06, 74200), (1e-06, 1100)]
22:16:58:INFO:OPTIMIZER:x:
[  0.04563944   0.05949397   0.02551783 588.99990731 111.33227437
 881.31740051 243.39310515]
22:16:58:INFO:OPTIMIZER:fun:0.00011460510761014774
22:16:58:INFO:OPTIMIZER:nfev:68163
22:16:58:INFO:OPTIMIZER:nit:1061
22:16:58:INFO:OPTIMIZER:message:Optimization terminated successfully.
22:16:58:INFO:OPTIMIZER:success:True
22:16:58:INFO:OPTIMIZER:constr:[array([0.])]
22:16:58:INFO:OPTIMIZER:constr_violation:0.0
22:16:58:INFO:OPTIMIZER:maxcv:0.0
22:16:58:INFO:RESULT:A:
[[-0.07115728  0.24145404  0.          0.06175196]
 [ 0.04563944 -0.30094801  0.00751557  0.        ]
 [ 0.          0.05949397 -0.00751557  0.        ]
 [ 0.02551783  0.          0.         -0.06175196]]
22:16:58:INFO:RESULT:m_eq:
[588.99990731 111.33227437 881.31740051 243.39310515](1825.0426873391566)
22:16:58:INFO:RESULT:x_vec:
[  0.04563944   0.05949397   0.02551783 588.99990731 111.33227437
 881.31740051 243.39310515](1825.1733385896664)
22:16:58:INFO:RESULT:time_scale:
[ 2.91054969 11.62103143 85.14821582]
22:16:58:INFO:SAVE:message:saving bunch of data...
22:16:58:INFO:SAVE:message:saving optimizer data ...
