22:06:44:INFO:GENERAL:seed:1
22:06:44:INFO:GENERAL:rho:[0.01, 0.0, 0.0001]
22:06:44:INFO:GENERAL:bounds_z:[(1e-06, 0.3), (1e-06, 0.3), (1e-06, 0.3), (588.999411, 589.000589), (1e-06, 1800), (1e-06, 74200), (1e-06, 1100)]
22:06:48:INFO:OPTIMIZER:x:
[    0.01280896     0.00151402     0.04412535   588.99965952
   764.54099173 74128.43301287   240.00089038]
22:06:48:INFO:OPTIMIZER:fun:0.0006409698281431858
22:06:48:INFO:OPTIMIZER:nfev:22843
22:06:48:INFO:OPTIMIZER:nit:358
22:06:48:INFO:OPTIMIZER:message:Optimization terminated successfully.
22:06:48:INFO:OPTIMIZER:success:True
22:06:48:INFO:OPTIMIZER:constr:[array([0.])]
22:06:48:INFO:OPTIMIZER:constr_violation:0.0
22:06:48:INFO:OPTIMIZER:maxcv:0.0
22:06:48:INFO:RESULT:A:
[[-0.0569343   0.00986797  0.          0.10829049]
 [ 0.01280896 -0.01138199  0.00001562  0.        ]
 [ 0.          0.00151402 -0.00001562  0.        ]
 [ 0.04412535  0.          0.         -0.10829049]]
22:06:48:INFO:RESULT:m_eq:
[  588.99965952   764.54099173 74128.43301287   240.00089038](75721.974554495)
22:06:48:INFO:RESULT:x_vec:
[    0.01280896     0.00151402     0.04412535   588.99965952
   764.54099173 74128.43301287   240.00089038](75722.03300281406)
22:06:48:INFO:RESULT:time_scale:
[   6.38414677   51.8838403  1407.32082345]
22:06:48:INFO:SAVE:message:saving bunch of data...
22:06:48:INFO:SAVE:message:saving optimizer data ...
