22:06:47:INFO:GENERAL:seed:1
22:06:47:INFO:GENERAL:rho:[0.01, 0.01, 0.0]
22:06:47:INFO:GENERAL:bounds_z:[(1e-06, 0.3), (1e-06, 0.3), (1e-06, 0.3), (588.999411, 589.000589), (1e-06, 1800), (1e-06, 74200), (1e-06, 1100)]
22:06:49:INFO:OPTIMIZER:x:
[    0.00379372     0.01287453     0.03426623   589.00015398
   900.00005014 37099.99881056   550.00007334]
22:06:49:INFO:OPTIMIZER:fun:0.0011760237417743733
22:06:49:INFO:OPTIMIZER:nfev:13570
22:06:49:INFO:OPTIMIZER:nit:212
22:06:49:INFO:OPTIMIZER:message:Optimization terminated successfully.
22:06:49:INFO:OPTIMIZER:success:True
22:06:49:INFO:OPTIMIZER:constr:[array([0.])]
22:06:49:INFO:OPTIMIZER:constr_violation:0.0
22:06:49:INFO:OPTIMIZER:maxcv:0.0
22:06:49:INFO:RESULT:A:
[[-0.03805995  0.00248278  0.          0.03669602]
 [ 0.00379372 -0.01535731  0.00031232  0.        ]
 [ 0.          0.01287453 -0.00031232  0.        ]
 [ 0.03426623  0.          0.         -0.03669602]]
22:06:49:INFO:RESULT:m_eq:
[  589.00015398   900.00005014 37099.99881056   550.00007334](39138.999088025645)
22:06:49:INFO:RESULT:x_vec:
[    0.00379372     0.01287453     0.03426623   589.00015398
   900.00005014 37099.99881056   550.00007334](39139.050022512434)
22:06:49:INFO:RESULT:time_scale:
[ 13.71207575  63.04088477 611.81848157]
22:06:49:INFO:SAVE:message:saving bunch of data...
22:06:49:INFO:SAVE:message:saving optimizer data ...
