22:15:38:INFO:GENERAL:seed:1
22:15:38:INFO:GENERAL:rho:[0.1, 0.01, 0.0]
22:15:38:INFO:GENERAL:bounds_z:[(1e-06, 0.3), (1e-06, 0.3), (1e-06, 0.3), (588.999411, 589.000589), (1e-06, 1800), (1e-06, 74200), (1e-06, 1100)]
22:15:41:INFO:OPTIMIZER:x:
[    0.0043646      0.00051026     0.02710086   588.99983067
   900.00002726 37100.0050846    549.99952085]
22:15:41:INFO:OPTIMIZER:fun:0.002836485388663442
22:15:41:INFO:OPTIMIZER:nfev:12248
22:15:41:INFO:OPTIMIZER:nit:192
22:15:41:INFO:OPTIMIZER:message:Optimization terminated successfully.
22:15:41:INFO:OPTIMIZER:success:True
22:15:41:INFO:OPTIMIZER:constr:[array([0.])]
22:15:41:INFO:OPTIMIZER:constr_violation:0.0
22:15:41:INFO:OPTIMIZER:maxcv:0.0
22:15:41:INFO:RESULT:A:
[[-0.03146546  0.00285639  0.          0.02902258]
 [ 0.0043646  -0.00336665  0.00001238  0.        ]
 [ 0.          0.00051026 -0.00001238  0.        ]
 [ 0.02710086  0.          0.         -0.02902258]]
22:15:41:INFO:RESULT:m_eq:
[  588.99983067   900.00002726 37100.0050846    549.99952085](39139.004463374025)
22:15:41:INFO:RESULT:x_vec:
[    0.0043646      0.00051026     0.02710086   588.99983067
   900.00002726 37100.0050846    549.99952085](39139.03643909278)
22:15:41:INFO:RESULT:time_scale:
[  17.11326085  191.98226314 4463.74371249]
22:15:41:INFO:SAVE:message:saving bunch of data...
22:15:41:INFO:SAVE:message:saving optimizer data ...
