22:03:01:INFO:GENERAL:seed:1
22:03:01:INFO:GENERAL:rho:[0.0, 0.001, 0.0]
22:03:01:INFO:GENERAL:bounds_z:[(1e-06, 0.3), (1e-06, 0.3), (588.999411, 589.000589), (1e-06, 1800), (1e-06, 74200)]
22:03:02:INFO:OPTIMIZER:x:
[    0.06856667     0.00422748   588.99945593   937.48407072
 37054.95186338]
22:03:02:INFO:OPTIMIZER:fun:0.0007738289279347285
22:03:02:INFO:OPTIMIZER:nfev:8349
22:03:02:INFO:OPTIMIZER:nit:130
22:03:02:INFO:OPTIMIZER:message:Optimization terminated successfully.
22:03:02:INFO:OPTIMIZER:success:True
22:03:02:INFO:OPTIMIZER:constr:[array([0.])]
22:03:02:INFO:OPTIMIZER:constr_violation:0.0
22:03:02:INFO:OPTIMIZER:maxcv:0.0
22:03:02:INFO:RESULT:A:
[[-0.06856667  0.04307884  0.        ]
 [ 0.06856667 -0.04730633  0.00010695]
 [ 0.          0.00422748 -0.00010695]]
22:03:02:INFO:RESULT:m_eq:
[  588.99945593   937.48407072 37054.95186338](38581.43539003521)
22:03:02:INFO:RESULT:x_vec:
[    0.06856667     0.00422748   588.99945593   937.48407072
 37054.95186338](38581.508184187776)
22:03:02:INFO:RESULT:time_scale:
[  8.82483489 375.46221283]
22:03:02:INFO:SAVE:message:saving bunch of data...
22:03:02:INFO:SAVE:message:saving optimizer data ...
