21:21:06:INFO:GENERAL:seed:1
21:21:06:INFO:GENERAL:rho:[0.0001, 0.1, 0.0]
21:21:06:INFO:GENERAL:bounds_z:[(1e-06, 0.3), (1e-06, 0.3), (1e-06, 0.3), (588.999411, 589.000589), (1e-06, 1800), (1e-06, 74200), (1e-06, 1100)]
21:21:08:INFO:OPTIMIZER:x:
[    0.00346549     0.08969326     0.03592188   589.00000145
   899.9999938  37099.99934507   550.0000025 ]
21:21:08:INFO:OPTIMIZER:fun:0.0009194773063968964
21:21:08:INFO:OPTIMIZER:nfev:13573
21:21:08:INFO:OPTIMIZER:nit:211
21:21:08:INFO:OPTIMIZER:message:Optimization terminated successfully.
21:21:08:INFO:OPTIMIZER:success:True
21:21:08:INFO:OPTIMIZER:constr:[array([0.])]
21:21:08:INFO:OPTIMIZER:constr_violation:0.0
21:21:08:INFO:OPTIMIZER:maxcv:0.0
21:21:08:INFO:RESULT:A:
[[-0.03938737  0.00226797  0.          0.03846907]
 [ 0.00346549 -0.09196123  0.00217585  0.        ]
 [ 0.          0.08969326 -0.00217585  0.        ]
 [ 0.03592188  0.          0.         -0.03846907]]
21:21:08:INFO:RESULT:m_eq:
[  589.00000145   899.9999938  37099.99934507   550.0000025 ](39138.999342826915)
21:21:08:INFO:RESULT:x_vec:
[    0.00346549     0.08969326     0.03592188   589.00000145
   899.9999938  37099.99934507   550.0000025 ](39139.128423454014)
21:21:08:INFO:RESULT:time_scale:
[ 10.60008465  13.17649025 567.56922111]
21:21:08:INFO:SAVE:message:saving bunch of data...
21:21:08:INFO:SAVE:message:saving optimizer data ...
