21:13:35:INFO:GENERAL:seed:1
21:13:35:INFO:GENERAL:rho:[0.0, 0.0, 0.01]
21:13:35:INFO:GENERAL:bounds_z:[(1e-06, 0.3), (1e-06, 0.3), (1e-06, 0.3), (588.999411, 589.000589), (1e-06, 1800), (1e-06, 74200), (1e-06, 1100)]
21:13:50:INFO:OPTIMIZER:x:
[   0.06032299    0.03461126    0.03408529  589.00025058  229.24773032
 1490.02109387  453.89128522]
21:13:50:INFO:OPTIMIZER:fun:0.00012516138129931096
21:13:50:INFO:OPTIMIZER:nfev:74937
21:13:50:INFO:OPTIMIZER:nit:1159
21:13:50:INFO:OPTIMIZER:message:Optimization terminated successfully.
21:13:50:INFO:OPTIMIZER:success:True
21:13:50:INFO:OPTIMIZER:constr:[array([0.])]
21:13:50:INFO:OPTIMIZER:constr_violation:0.0
21:13:50:INFO:OPTIMIZER:maxcv:0.0
21:13:50:INFO:RESULT:A:
[[-0.09440828  0.15498628  0.          0.0442314 ]
 [ 0.06032299 -0.18959754  0.00532513  0.        ]
 [ 0.          0.03461126 -0.00532513  0.        ]
 [ 0.03408529  0.          0.         -0.0442314 ]]
21:13:50:INFO:RESULT:m_eq:
[ 589.00025058  229.24773032 1490.02109387  453.89128522](2762.1603599808914)
21:13:50:INFO:RESULT:x_vec:
[   0.06032299    0.03461126    0.03408529  589.00025058  229.24773032
 1490.02109387  453.89128522](2762.289379517844)
21:13:50:INFO:RESULT:time_scale:
[  3.96238339  13.94067243 105.74806505]
21:13:50:INFO:SAVE:message:saving bunch of data...
21:13:50:INFO:SAVE:message:saving optimizer data ...
