22:07:41:INFO:GENERAL:seed:1
22:07:41:INFO:GENERAL:rho:[0.1, 0.1, 0.0001]
22:07:41:INFO:GENERAL:bounds_z:[(1e-06, 0.3), (1e-06, 0.3), (1e-06, 0.3), (588.999411, 589.000589), (1e-06, 1800), (1e-06, 74200), (1e-06, 1100)]
22:07:43:INFO:OPTIMIZER:x:
[    0.00437626     0.00043889     0.02700978   589.00000138
   899.99999298 37099.9999811    550.00000677]
22:07:43:INFO:OPTIMIZER:fun:0.0029153622904359872
22:07:43:INFO:OPTIMIZER:nfev:12242
22:07:43:INFO:OPTIMIZER:nit:193
22:07:43:INFO:OPTIMIZER:message:Optimization terminated successfully.
22:07:43:INFO:OPTIMIZER:success:True
22:07:43:INFO:OPTIMIZER:constr:[array([0.])]
22:07:43:INFO:OPTIMIZER:constr_violation:0.0
22:07:43:INFO:OPTIMIZER:maxcv:0.0
22:07:43:INFO:RESULT:A:
[[-0.03138604  0.00286402  0.          0.02892502]
 [ 0.00437626 -0.00330291  0.00001065  0.        ]
 [ 0.          0.00043889 -0.00001065  0.        ]
 [ 0.02700978  0.          0.         -0.02892502]]
22:07:43:INFO:RESULT:m_eq:
[  589.00000138   899.99999298 37099.9999811    550.00000677](39138.99998222007)
22:07:43:INFO:RESULT:x_vec:
[    0.00437626     0.00043889     0.02700978   589.00000138
   899.99999298 37099.9999811    550.00000677](39139.031807148785)
22:07:43:INFO:RESULT:time_scale:
[  17.16652797  193.14759621 5145.91519997]
22:07:43:INFO:SAVE:message:saving bunch of data...
22:07:43:INFO:SAVE:message:saving optimizer data ...
