22:07:24:INFO:GENERAL:seed:1
22:07:24:INFO:GENERAL:rho:[0.0001, 0.01, 0.0001]
22:07:24:INFO:GENERAL:bounds_z:[(1e-06, 0.3), (1e-06, 0.3), (588.999411, 589.000589), (1e-06, 1800), (1e-06, 74200)]
22:07:26:INFO:OPTIMIZER:x:
[    0.03377419     0.00232695   589.00056635   752.05822518
 37100.82944427]
22:07:26:INFO:OPTIMIZER:fun:0.0017510777221876367
22:07:26:INFO:OPTIMIZER:nfev:9251
22:07:26:INFO:OPTIMIZER:nit:145
22:07:26:INFO:OPTIMIZER:message:Optimization terminated successfully.
22:07:26:INFO:OPTIMIZER:success:True
22:07:26:INFO:OPTIMIZER:constr:[array([0.])]
22:07:26:INFO:OPTIMIZER:constr_violation:0.0
22:07:26:INFO:OPTIMIZER:maxcv:0.0
22:07:26:INFO:RESULT:A:
[[-0.03377419  0.02645143  0.        ]
 [ 0.03377419 -0.02877838  0.00004717]
 [ 0.          0.00232695 -0.00004717]]
22:07:26:INFO:RESULT:m_eq:
[  589.00056635   752.05822518 37100.82944427](38441.888235796105)
22:07:26:INFO:RESULT:x_vec:
[    0.03377419     0.00232695   589.00056635   752.05822518
 37100.82944427](38441.92433693488)
22:07:26:INFO:RESULT:time_scale:
[ 16.32101626 752.41955213]
22:07:26:INFO:SAVE:message:saving bunch of data...
22:07:26:INFO:SAVE:message:saving optimizer data ...
