22:06:45:INFO:GENERAL:seed:1
22:06:45:INFO:GENERAL:rho:[0.01, 0.1, 0.0]
22:06:45:INFO:GENERAL:bounds_z:[(1e-06, 0.3), (1e-06, 0.3), (1e-06, 0.3), (588.999411, 589.000589), (1e-06, 1800), (1e-06, 74200), (1e-06, 1100)]
22:06:48:INFO:OPTIMIZER:x:
[    0.00379352     0.01288628     0.03426545   588.99999457
   899.99999606 37100.00014763   550.00000039]
22:06:48:INFO:OPTIMIZER:fun:0.0011760235345432699
22:06:48:INFO:OPTIMIZER:nfev:12863
22:06:48:INFO:OPTIMIZER:nit:198
22:06:48:INFO:OPTIMIZER:message:Optimization terminated successfully.
22:06:48:INFO:OPTIMIZER:success:True
22:06:48:INFO:OPTIMIZER:constr:[array([0.])]
22:06:48:INFO:OPTIMIZER:constr_violation:0.0
22:06:48:INFO:OPTIMIZER:maxcv:0.0
22:06:48:INFO:RESULT:A:
[[-0.03805897  0.00248265  0.          0.03669518]
 [ 0.00379352 -0.01536893  0.00031261  0.        ]
 [ 0.          0.01288628 -0.00031261  0.        ]
 [ 0.03426545  0.          0.         -0.03669518]]
22:06:48:INFO:RESULT:m_eq:
[  588.99999457   899.99999606 37100.00014763   550.00000039](39139.000138645446)
22:06:48:INFO:RESULT:x_vec:
[    0.00379352     0.01288628     0.03426545   588.99999457
   899.99999606 37100.00014763   550.00000039](39139.051083896826)
22:06:48:INFO:RESULT:time_scale:
[ 13.7123976   62.99491381 611.73895106]
22:06:48:INFO:SAVE:message:saving bunch of data...
22:06:48:INFO:SAVE:message:saving optimizer data ...
