22:16:25:INFO:GENERAL:seed:1
22:16:25:INFO:GENERAL:rho:[0.0001, 0.0, 0.001]
22:16:25:INFO:GENERAL:bounds_z:[(1e-06, 0.3), (1e-06, 0.3), (588.999411, 589.000589), (1e-06, 1800), (1e-06, 74200)]
22:16:28:INFO:OPTIMIZER:x:
[  0.05724556   0.01648379 589.00008362 402.28158411 786.98826968]
22:16:28:INFO:OPTIMIZER:fun:0.00022468231967416656
22:16:28:INFO:OPTIMIZER:nfev:16668
22:16:28:INFO:OPTIMIZER:nit:258
22:16:28:INFO:OPTIMIZER:message:Optimization terminated successfully.
22:16:28:INFO:OPTIMIZER:success:True
22:16:28:INFO:OPTIMIZER:constr:[array([0.])]
22:16:28:INFO:OPTIMIZER:constr_violation:0.0
22:16:28:INFO:OPTIMIZER:maxcv:0.0
22:16:28:INFO:RESULT:A:
[[-0.05724556  0.08381602  0.        ]
 [ 0.05724556 -0.1002998   0.00842595]
 [ 0.          0.01648379 -0.00842595]]
22:16:28:INFO:RESULT:m_eq:
[589.00008362 402.28158411 786.98826968](1778.2699374160702)
22:16:28:INFO:RESULT:x_vec:
[  0.05724556   0.01648379 589.00008362 402.28158411 786.98826968](1778.3436667646351)
22:16:28:INFO:RESULT:time_scale:
[ 6.58163444 71.25871181]
22:16:28:INFO:SAVE:message:saving bunch of data...
22:16:28:INFO:SAVE:message:saving optimizer data ...
