22:02:37:INFO:GENERAL:seed:1
22:02:37:INFO:GENERAL:rho:[0.0001, 0.0, 0.0]
22:02:37:INFO:GENERAL:bounds_z:[(1e-06, 0.3), (1e-06, 0.3), (1e-06, 0.3), (588.999411, 589.000589), (1e-06, 1800), (1e-06, 74200), (1e-06, 1100)]
22:02:44:INFO:OPTIMIZER:x:
[   0.05760385    0.046931      0.03955884  589.00031922  180.5319651
 1492.57173043  472.15543192]
22:02:44:INFO:OPTIMIZER:fun:0.00012951963043682558
22:02:44:INFO:OPTIMIZER:nfev:38267
22:02:44:INFO:OPTIMIZER:nit:593
22:02:44:INFO:OPTIMIZER:message:Optimization terminated successfully.
22:02:44:INFO:OPTIMIZER:success:True
22:02:44:INFO:OPTIMIZER:constr:[array([0.])]
22:02:44:INFO:OPTIMIZER:constr_violation:0.0
22:02:44:INFO:OPTIMIZER:maxcv:0.0
22:02:44:INFO:RESULT:A:
[[-0.09716269  0.18793728  0.          0.04934852]
 [ 0.05760385 -0.23486827  0.00567647  0.        ]
 [ 0.          0.046931   -0.00567647  0.        ]
 [ 0.03955884  0.          0.         -0.04934852]]
22:02:44:INFO:RESULT:m_eq:
[ 589.00031922  180.5319651  1492.57173043  472.15543192](2734.2594466627074)
22:02:44:INFO:RESULT:x_vec:
[   0.05760385    0.046931      0.03955884  589.00031922  180.5319651
 1492.57173043  472.15543192](2734.4035403489497)
22:02:44:INFO:RESULT:time_scale:
[  3.40914529  11.93561527 100.55873396]
22:02:44:INFO:SAVE:message:saving bunch of data...
22:02:44:INFO:SAVE:message:saving optimizer data ...
