22:03:07:INFO:GENERAL:seed:1
22:03:07:INFO:GENERAL:rho:[0.001, 0.01, 0.0001]
22:03:07:INFO:GENERAL:bounds_z:[(1e-06, 0.3), (1e-06, 0.3), (1e-06, 0.3), (588.999411, 589.000589), (1e-06, 1800), (1e-06, 74200), (1e-06, 1100)]
22:03:10:INFO:OPTIMIZER:x:
[    0.01481327     0.0046394      0.05951536   588.99999689
   899.99997865 37099.99839751   549.99998167]
22:03:10:INFO:OPTIMIZER:fun:0.0005708807137502665
22:03:10:INFO:OPTIMIZER:nfev:14550
22:03:10:INFO:OPTIMIZER:nit:226
22:03:10:INFO:OPTIMIZER:message:Optimization terminated successfully.
22:03:10:INFO:OPTIMIZER:success:True
22:03:10:INFO:OPTIMIZER:constr:[array([0.])]
22:03:10:INFO:OPTIMIZER:constr_violation:0.0
22:03:10:INFO:OPTIMIZER:maxcv:0.0
22:03:10:INFO:RESULT:A:
[[-0.07432863  0.00969446  0.          0.06373554]
 [ 0.01481327 -0.01433387  0.00011255  0.        ]
 [ 0.          0.0046394  -0.00011255  0.        ]
 [ 0.05951536  0.          0.         -0.06373554]]
22:03:10:INFO:RESULT:m_eq:
[  588.99999689   899.99997865 37099.99839751   549.99998167](39138.99835471583)
22:03:10:INFO:RESULT:x_vec:
[    0.01481327     0.0046394      0.05951536   588.99999689
   899.99997865 37099.99839751   549.99998167](39139.07732274704)
22:03:10:INFO:RESULT:time_scale:
[  7.60357974  52.19274915 545.3071057 ]
22:03:10:INFO:SAVE:message:saving bunch of data...
22:03:10:INFO:SAVE:message:saving optimizer data ...
