22:02:37:INFO:GENERAL:seed:1
22:02:37:INFO:GENERAL:rho:[0.1, 0.0, 0.0001]
22:02:37:INFO:GENERAL:bounds_z:[(1e-06, 0.3), (1e-06, 0.3), (588.999411, 589.000589), (1e-06, 1800), (1e-06, 74200)]
22:02:39:INFO:OPTIMIZER:x:
[    0.04792838     0.0025499    588.99948842  1169.38938473
 74185.40875094]
22:02:39:INFO:OPTIMIZER:fun:0.003879175673918868
22:02:39:INFO:OPTIMIZER:nfev:7781
22:02:39:INFO:OPTIMIZER:nit:120
22:02:39:INFO:OPTIMIZER:message:Optimization terminated successfully.
22:02:39:INFO:OPTIMIZER:success:True
22:02:39:INFO:OPTIMIZER:constr:[array([0.])]
22:02:39:INFO:OPTIMIZER:constr_violation:0.0
22:02:39:INFO:OPTIMIZER:maxcv:0.0
22:02:39:INFO:RESULT:A:
[[-0.04792838  0.02414062  0.        ]
 [ 0.04792838 -0.02669052  0.00004019]
 [ 0.          0.0025499  -0.00004019]]
22:02:39:INFO:RESULT:m_eq:
[  588.99948842  1169.38938473 74185.40875094](75943.79762409005)
22:02:39:INFO:RESULT:x_vec:
[    0.04792838     0.0025499    588.99948842  1169.38938473
 74185.40875094](75943.84810236734)
22:02:39:INFO:RESULT:time_scale:
[ 13.7091559  583.04143514]
22:02:39:INFO:SAVE:message:saving bunch of data...
22:02:39:INFO:SAVE:message:saving optimizer data ...
