22:22:12:INFO:GENERAL:seed:1
22:22:12:INFO:GENERAL:rho:[0.0, 0.001, 0.001]
22:22:12:INFO:GENERAL:bounds_z:[(1e-06, 0.3), (1e-06, 0.3), (1e-06, 0.3), (588.999411, 589.000589), (1e-06, 1800), (1e-06, 74200), (1e-06, 1100)]
22:22:17:INFO:OPTIMIZER:x:
[    0.06457704     0.011147       0.02740158   589.0003733
   278.64587889 36923.29202706   703.41203332]
22:22:17:INFO:OPTIMIZER:fun:0.00039732397684836537
22:22:17:INFO:OPTIMIZER:nfev:27395
22:22:17:INFO:OPTIMIZER:nit:428
22:22:17:INFO:OPTIMIZER:message:Optimization terminated successfully.
22:22:17:INFO:OPTIMIZER:success:True
22:22:17:INFO:OPTIMIZER:constr:[array([0.])]
22:22:17:INFO:OPTIMIZER:constr_violation:0.0
22:22:17:INFO:OPTIMIZER:maxcv:0.0
22:22:17:INFO:RESULT:A:
[[-0.09197862  0.13650264  0.          0.02294465]
 [ 0.06457704 -0.14764964  0.00008412  0.        ]
 [ 0.          0.011147   -0.00008412  0.        ]
 [ 0.02740158  0.          0.         -0.02294465]]
22:22:17:INFO:RESULT:m_eq:
[  589.0003733    278.64587889 36923.29202706   703.41203332](38494.35031255965)
22:22:17:INFO:RESULT:x_vec:
[    0.06457704     0.011147       0.02740158   589.0003733
   278.64587889 36923.29202706   703.41203332](38494.45343817598)
22:22:17:INFO:RESULT:time_scale:
[  4.56820266  23.88114486 532.33552972]
22:22:17:INFO:SAVE:message:saving bunch of data...
22:22:17:INFO:SAVE:message:saving optimizer data ...
