21:22:32:INFO:GENERAL:seed:1
21:22:32:INFO:GENERAL:rho:[0.0, 0.0001, 0.01]
21:22:32:INFO:GENERAL:bounds_z:[(1e-06, 0.3), (1e-06, 0.3), (588.999411, 589.000589), (1e-06, 1800), (1e-06, 74200)]
21:22:34:INFO:OPTIMIZER:x:
[  0.05725914   0.01648535 589.00033709 402.24545626 787.03699372]
21:22:34:INFO:OPTIMIZER:fun:0.0002566234056610992
21:22:34:INFO:OPTIMIZER:nfev:14484
21:22:34:INFO:OPTIMIZER:nit:225
21:22:34:INFO:OPTIMIZER:message:Optimization terminated successfully.
21:22:34:INFO:OPTIMIZER:success:True
21:22:34:INFO:OPTIMIZER:constr:[array([0.])]
21:22:34:INFO:OPTIMIZER:constr_violation:0.0
21:22:34:INFO:OPTIMIZER:maxcv:0.0
21:22:34:INFO:RESULT:A:
[[-0.05725914  0.08384347  0.        ]
 [ 0.05725914 -0.10032882  0.00842547]
 [ 0.          0.01648535 -0.00842547]]
21:22:34:INFO:RESULT:m_eq:
[589.00033709 402.24545626 787.03699372](1778.2827870740211)
21:22:34:INFO:RESULT:x_vec:
[  0.05725914   0.01648535 589.00033709 402.24545626 787.03699372](1778.3565315711935)
21:22:34:INFO:RESULT:time_scale:
[ 6.5798103  71.25869365]
21:22:34:INFO:SAVE:message:saving bunch of data...
21:22:34:INFO:SAVE:message:saving optimizer data ...
