22:07:25:INFO:GENERAL:seed:1
22:07:25:INFO:GENERAL:rho:[0.001, 0.001, 0.0001]
22:07:25:INFO:GENERAL:bounds_z:[(1e-06, 0.3), (1e-06, 0.3), (1e-06, 0.3), (588.999411, 589.000589), (1e-06, 1800), (1e-06, 74200), (1e-06, 1100)]
22:07:30:INFO:OPTIMIZER:x:
[    0.01452193     0.00199095     0.04670929   589.00054916
   723.59818765 37092.82704669   212.62914754]
22:07:30:INFO:OPTIMIZER:fun:0.0003675044622713474
22:07:30:INFO:OPTIMIZER:nfev:23622
22:07:30:INFO:OPTIMIZER:nit:370
22:07:30:INFO:OPTIMIZER:message:Optimization terminated successfully.
22:07:30:INFO:OPTIMIZER:success:True
22:07:30:INFO:OPTIMIZER:constr:[array([0.])]
22:07:30:INFO:OPTIMIZER:constr_violation:0.0
22:07:30:INFO:OPTIMIZER:maxcv:0.0
22:07:30:INFO:RESULT:A:
[[-0.06123121  0.01182068  0.          0.12938864]
 [ 0.01452193 -0.01381163  0.00003884  0.        ]
 [ 0.          0.00199095 -0.00003884  0.        ]
 [ 0.04670929  0.          0.         -0.12938864]]
22:07:30:INFO:RESULT:m_eq:
[  589.00054916   723.59818765 37092.82704669   212.62914754](38618.05493104065)
22:07:30:INFO:RESULT:x_vec:
[    0.01452193     0.00199095     0.04670929   589.00054916
   723.59818765 37092.82704669   212.62914754](38618.11815320392)
22:07:30:INFO:RESULT:time_scale:
[   5.54011252   43.41839194 1067.39837571]
22:07:30:INFO:SAVE:message:saving bunch of data...
22:07:30:INFO:SAVE:message:saving optimizer data ...
