22:22:29:INFO:GENERAL:seed:1
22:22:29:INFO:GENERAL:rho:[0.0, 0.01, 0.01]
22:22:29:INFO:GENERAL:bounds_z:[(1e-06, 0.3), (1e-06, 0.3), (1e-06, 0.3), (588.999411, 589.000589), (1e-06, 1800), (1e-06, 74200), (1e-06, 1100)]
22:22:35:INFO:OPTIMIZER:x:
[    0.02579479     0.00348125     0.05891424   589.00039555
   959.22910874 37092.79995045   329.46993989]
22:22:35:INFO:OPTIMIZER:fun:0.0012278389031981985
22:22:35:INFO:OPTIMIZER:nfev:28728
22:22:35:INFO:OPTIMIZER:nit:448
22:22:35:INFO:OPTIMIZER:message:Optimization terminated successfully.
22:22:35:INFO:OPTIMIZER:success:True
22:22:35:INFO:OPTIMIZER:constr:[array([0.])]
22:22:35:INFO:OPTIMIZER:constr_violation:0.0
22:22:35:INFO:OPTIMIZER:maxcv:0.0
22:22:35:INFO:RESULT:A:
[[-0.08470903  0.01583891  0.          0.10532224]
 [ 0.02579479 -0.01932016  0.00009003  0.        ]
 [ 0.          0.00348125 -0.00009003  0.        ]
 [ 0.05891424  0.          0.         -0.10532224]]
22:22:35:INFO:RESULT:m_eq:
[  589.00039555   959.22910874 37092.79995045   329.46993989](38970.49939462714)
22:22:35:INFO:RESULT:x_vec:
[    0.02579479     0.00348125     0.05891424   589.00039555
   959.22910874 37092.79995045   329.46993989](38970.58758491109)
22:22:35:INFO:RESULT:time_scale:
[  5.69453865  31.18156525 566.77356632]
22:22:35:INFO:SAVE:message:saving bunch of data...
22:22:35:INFO:SAVE:message:saving optimizer data ...
