22:22:26:INFO:GENERAL:seed:1
22:22:26:INFO:GENERAL:rho:[0.1, 0.1, 0.01]
22:22:26:INFO:GENERAL:bounds_z:[(1e-06, 0.3), (1e-06, 0.3), (588.999411, 589.000589), (1e-06, 1800), (1e-06, 74200)]
22:22:28:INFO:OPTIMIZER:x:
[    0.05573226     0.00475522   589.00003017   899.99997041
 37100.00067997]
22:22:28:INFO:OPTIMIZER:fun:0.0044507566284533165
22:22:28:INFO:OPTIMIZER:nfev:8408
22:22:28:INFO:OPTIMIZER:nit:130
22:22:28:INFO:OPTIMIZER:message:Optimization terminated successfully.
22:22:28:INFO:OPTIMIZER:success:True
22:22:28:INFO:OPTIMIZER:constr:[array([0.])]
22:22:28:INFO:OPTIMIZER:constr_violation:0.0
22:22:28:INFO:OPTIMIZER:maxcv:0.0
22:22:28:INFO:RESULT:A:
[[-0.05573226  0.03647367  0.        ]
 [ 0.05573226 -0.04122889  0.00011536]
 [ 0.          0.00475522 -0.00011536]]
22:22:28:INFO:RESULT:m_eq:
[  589.00003017   899.99997041 37100.00067997](38589.00068054574)
22:22:28:INFO:RESULT:x_vec:
[    0.05573226     0.00475522   589.00003017   899.99997041
 37100.00067997](38589.061168030894)
22:22:28:INFO:RESULT:time_scale:
[ 10.62150263 341.54433445]
22:22:28:INFO:SAVE:message:saving bunch of data...
22:22:28:INFO:SAVE:message:saving optimizer data ...
