21:22:30:INFO:GENERAL:seed:1
21:22:30:INFO:GENERAL:rho:[0.0001, 0.1, 0.01]
21:22:30:INFO:GENERAL:bounds_z:[(1e-06, 0.3), (1e-06, 0.3), (588.999411, 589.000589), (1e-06, 1800), (1e-06, 74200)]
21:22:31:INFO:OPTIMIZER:x:
[    0.02854481     0.00102962   589.00000474   899.99999038
 37100.00068381]
21:22:31:INFO:OPTIMIZER:fun:0.001763175194279336
21:22:31:INFO:OPTIMIZER:nfev:9857
21:22:31:INFO:OPTIMIZER:nit:154
21:22:31:INFO:OPTIMIZER:message:Optimization terminated successfully.
21:22:31:INFO:OPTIMIZER:success:True
21:22:31:INFO:OPTIMIZER:constr:[array([0.])]
21:22:31:INFO:OPTIMIZER:constr_violation:0.0
21:22:31:INFO:OPTIMIZER:maxcv:0.0
21:22:31:INFO:RESULT:A:
[[-0.02854481  0.01868099  0.        ]
 [ 0.02854481 -0.01971061  0.00002498]
 [ 0.          0.00102962 -0.00002498]]
21:22:31:INFO:RESULT:m_eq:
[  589.00000474   899.99999038 37100.00068381](38589.00067893002)
21:22:31:INFO:RESULT:x_vec:
[    0.02854481     0.00102962   589.00000474   899.99999038
 37100.00068381](38589.03025335827)
21:22:31:INFO:RESULT:time_scale:
[  20.99134065 1558.35051026]
21:22:31:INFO:SAVE:message:saving bunch of data...
21:22:31:INFO:SAVE:message:saving optimizer data ...
