21:23:10:INFO:GENERAL:seed:1
21:23:10:INFO:GENERAL:rho:[0.0001, 0.001, 0.1]
21:23:10:INFO:GENERAL:bounds_z:[(1e-06, 0.3), (1e-06, 0.3), (588.999411, 589.000589), (1e-06, 1800), (1e-06, 74200)]
21:23:12:INFO:OPTIMIZER:x:
[  0.05690779   0.01624052 589.00054611 405.10349568 786.3927585 ]
21:23:12:INFO:OPTIMIZER:fun:0.0005991658277102326
21:23:12:INFO:OPTIMIZER:nfev:13173
21:23:12:INFO:OPTIMIZER:nit:205
21:23:12:INFO:OPTIMIZER:message:Optimization terminated successfully.
21:23:12:INFO:OPTIMIZER:success:True
21:23:12:INFO:OPTIMIZER:constr:[array([0.])]
21:23:12:INFO:OPTIMIZER:constr_violation:0.0
21:23:12:INFO:OPTIMIZER:maxcv:0.0
21:23:12:INFO:RESULT:A:
[[-0.05690779  0.08274112  0.        ]
 [ 0.05690779 -0.09898164  0.00836616]
 [ 0.          0.01624052 -0.00836616]]
21:23:12:INFO:RESULT:m_eq:
[589.00054611 405.10349568 786.3927585 ](1780.4968002807173)
21:23:12:INFO:RESULT:x_vec:
[  0.05690779   0.01624052 589.00054611 405.10349568 786.3927585 ](1780.5699485829396)
21:23:12:INFO:RESULT:time_scale:
[ 6.65174166 71.84414753]
21:23:12:INFO:SAVE:message:saving bunch of data...
21:23:12:INFO:SAVE:message:saving optimizer data ...
