21:13:40:INFO:GENERAL:seed:1
21:13:40:INFO:GENERAL:rho:[0.0, 0.01, 0.001]
21:13:40:INFO:GENERAL:bounds_z:[(1e-06, 0.3), (1e-06, 0.3), (588.999411, 589.000589), (1e-06, 1800), (1e-06, 74200)]
21:13:42:INFO:OPTIMIZER:x:
[    0.07115741     0.0045789    588.99997754   900.00008509
 37099.99790875]
21:13:42:INFO:OPTIMIZER:fun:0.0007951919607237004
21:13:42:INFO:OPTIMIZER:nfev:9737
21:13:42:INFO:OPTIMIZER:nit:153
21:13:42:INFO:OPTIMIZER:message:Optimization terminated successfully.
21:13:42:INFO:OPTIMIZER:success:True
21:13:42:INFO:OPTIMIZER:constr:[array([0.])]
21:13:42:INFO:OPTIMIZER:constr_violation:0.0
21:13:42:INFO:OPTIMIZER:maxcv:0.0
21:13:42:INFO:RESULT:A:
[[-0.07115741  0.04656856  0.        ]
 [ 0.07115741 -0.05114746  0.00011108]
 [ 0.          0.0045789  -0.00011108]]
21:13:42:INFO:RESULT:m_eq:
[  588.99997754   900.00008509 37099.99790875](38588.99797138496)
21:13:42:INFO:RESULT:x_vec:
[    0.07115741     0.0045789    588.99997754   900.00008509
 37099.99790875](38589.073707693984)
21:13:42:INFO:RESULT:time_scale:
[  8.36246848 352.8536132 ]
21:13:42:INFO:SAVE:message:saving bunch of data...
21:13:42:INFO:SAVE:message:saving optimizer data ...
