22:21:32:INFO:GENERAL:seed:1
22:21:32:INFO:GENERAL:rho:[0.0, 0.1, 0.0001]
22:21:32:INFO:GENERAL:bounds_z:[(1e-06, 0.3), (1e-06, 0.3), (588.999411, 589.000589), (1e-06, 1800), (1e-06, 74200)]
22:21:33:INFO:OPTIMIZER:x:
[    0.07115387     0.00457882   589.00000476   899.99999236
 37100.00017751]
22:21:33:INFO:OPTIMIZER:fun:0.0007951922108524169
22:21:33:INFO:OPTIMIZER:nfev:9368
22:21:33:INFO:OPTIMIZER:nit:146
22:21:33:INFO:OPTIMIZER:message:Optimization terminated successfully.
22:21:33:INFO:OPTIMIZER:success:True
22:21:33:INFO:OPTIMIZER:constr:[array([0.])]
22:21:33:INFO:OPTIMIZER:constr_violation:0.0
22:21:33:INFO:OPTIMIZER:maxcv:0.0
22:21:33:INFO:RESULT:A:
[[-0.07115387  0.04656626  0.        ]
 [ 0.07115387 -0.05114507  0.00011108]
 [ 0.          0.00457882 -0.00011108]]
22:21:33:INFO:RESULT:m_eq:
[  589.00000476   899.99999236 37100.00017751](38589.000174638626)
22:21:33:INFO:RESULT:x_vec:
[    0.07115387     0.00457882   589.00000476   899.99999236
 37100.00017751](38589.07590732621)
22:21:33:INFO:RESULT:time_scale:
[  8.3628796  352.86024717]
22:21:33:INFO:SAVE:message:saving bunch of data...
22:21:33:INFO:SAVE:message:saving optimizer data ...
