22:21:14:INFO:GENERAL:seed:1
22:21:14:INFO:GENERAL:rho:[0.0001, 0.01, 0.0]
22:21:14:INFO:GENERAL:bounds_z:[(1e-06, 0.3), (1e-06, 0.3), (1e-06, 0.3), (588.999411, 589.000589), (1e-06, 1800), (1e-06, 74200), (1e-06, 1100)]
22:21:17:INFO:OPTIMIZER:x:
[    0.01478153     0.00466459     0.05987254   588.9999764
   899.99996473 37100.00318319   549.99999374]
22:21:17:INFO:OPTIMIZER:fun:0.00047946697384210093
22:21:17:INFO:OPTIMIZER:nfev:16140
22:21:17:INFO:OPTIMIZER:nit:252
22:21:17:INFO:OPTIMIZER:message:Optimization terminated successfully.
22:21:17:INFO:OPTIMIZER:success:True
22:21:17:INFO:OPTIMIZER:constr:[array([0.])]
22:21:17:INFO:OPTIMIZER:constr_violation:0.0
22:21:17:INFO:OPTIMIZER:maxcv:0.0
22:21:17:INFO:RESULT:A:
[[-0.07465407  0.00967369  0.          0.06411805]
 [ 0.01478153 -0.01433828  0.00011316  0.        ]
 [ 0.          0.00466459 -0.00011316  0.        ]
 [ 0.05987254  0.          0.         -0.06411805]]
22:21:17:INFO:RESULT:m_eq:
[  588.9999764    899.99996473 37100.00318319   549.99999374](39139.00311806213)
22:21:17:INFO:RESULT:x_vec:
[    0.01478153     0.00466459     0.05987254   588.9999764
   899.99996473 37100.00318319   549.99999374](39139.08243671982)
22:21:17:INFO:RESULT:time_scale:
[  7.56261772  52.21218352 543.00950685]
22:21:17:INFO:SAVE:message:saving bunch of data...
22:21:17:INFO:SAVE:message:saving optimizer data ...
