22:24:06:INFO:GENERAL:seed:1
22:24:06:INFO:GENERAL:rho:[0.1, 0.001, 0.1]
22:24:06:INFO:GENERAL:bounds_z:[(1e-06, 0.3), (1e-06, 0.3), (588.999411, 589.000589), (1e-06, 1800), (1e-06, 74200)]
22:24:07:INFO:OPTIMIZER:x:
[    0.04929069     0.00282943   588.99945739  1128.81717226
 37212.78061427]
22:24:07:INFO:OPTIMIZER:fun:0.003973200997441199
22:24:07:INFO:OPTIMIZER:nfev:6727
22:24:07:INFO:OPTIMIZER:nit:103
22:24:07:INFO:OPTIMIZER:message:Optimization terminated successfully.
22:24:07:INFO:OPTIMIZER:success:True
22:24:07:INFO:OPTIMIZER:constr:[array([0.])]
22:24:07:INFO:OPTIMIZER:constr_violation:0.0
22:24:07:INFO:OPTIMIZER:maxcv:0.0
22:24:07:INFO:RESULT:A:
[[-0.04929069  0.02571912  0.        ]
 [ 0.04929069 -0.02854856  0.00008583]
 [ 0.          0.00282943 -0.00008583]]
22:24:07:INFO:RESULT:m_eq:
[  588.99945739  1128.81717226 37212.78061427](38930.597243925746)
22:24:07:INFO:RESULT:x_vec:
[    0.04929069     0.00282943   588.99945739  1128.81717226
 37212.78061427](38930.64936404615)
22:24:07:INFO:RESULT:time_scale:
[ 13.15695369 520.93220731]
22:24:07:INFO:SAVE:message:saving bunch of data...
22:24:07:INFO:SAVE:message:saving optimizer data ...
