21:21:36:INFO:GENERAL:seed:1
21:21:36:INFO:GENERAL:rho:[0.0, 0.001, 0.001]
21:21:36:INFO:GENERAL:bounds_z:[(1e-06, 0.3), (1e-06, 0.3), (588.999411, 589.000589), (1e-06, 1800), (1e-06, 74200)]
21:21:38:INFO:OPTIMIZER:x:
[    0.04127634     0.00383766   589.00046212   620.28287053
 36954.59860901]
21:21:38:INFO:OPTIMIZER:fun:0.0009678760274937515
21:21:38:INFO:OPTIMIZER:nfev:8376
21:21:38:INFO:OPTIMIZER:nit:130
21:21:38:INFO:OPTIMIZER:message:Optimization terminated successfully.
21:21:38:INFO:OPTIMIZER:success:True
21:21:38:INFO:OPTIMIZER:constr:[array([0.])]
21:21:38:INFO:OPTIMIZER:constr_violation:0.0
21:21:38:INFO:OPTIMIZER:maxcv:0.0
21:21:38:INFO:RESULT:A:
[[-0.04127634  0.03919468  0.        ]
 [ 0.04127634 -0.04303234  0.00006442]
 [ 0.          0.00383766 -0.00006442]]
21:21:38:INFO:RESULT:m_eq:
[  589.00046212   620.28287053 36954.59860901](38163.8819416569)
21:21:38:INFO:RESULT:x_vec:
[    0.04127634     0.00383766   589.00046212   620.28287053
 36954.59860901](38163.9270556652)
21:21:38:INFO:RESULT:time_scale:
[ 12.13776305 503.62719413]
21:21:38:INFO:SAVE:message:saving bunch of data...
21:21:38:INFO:SAVE:message:saving optimizer data ...
