22:21:54:INFO:GENERAL:seed:1
22:21:54:INFO:GENERAL:rho:[0.01, 0.1, 0.001]
22:21:54:INFO:GENERAL:bounds_z:[(1e-06, 0.3), (1e-06, 0.3), (1e-06, 0.3), (588.999411, 589.000589), (1e-06, 1800), (1e-06, 74200), (1e-06, 1100)]
22:21:56:INFO:OPTIMIZER:x:
[    0.0151278      0.00440527     0.05614481   588.99999794
   899.99999647 37100.00045977   549.9999715 ]
22:21:56:INFO:OPTIMIZER:fun:0.0014106815733804794
22:21:56:INFO:OPTIMIZER:nfev:13280
22:21:56:INFO:OPTIMIZER:nit:207
22:21:56:INFO:OPTIMIZER:message:Optimization terminated successfully.
22:21:56:INFO:OPTIMIZER:success:True
22:21:56:INFO:OPTIMIZER:constr:[array([0.])]
22:21:56:INFO:OPTIMIZER:constr_violation:0.0
22:21:56:INFO:OPTIMIZER:maxcv:0.0
22:21:56:INFO:RESULT:A:
[[-0.07127262  0.00990031  0.          0.06012599]
 [ 0.0151278  -0.01430558  0.00010687  0.        ]
 [ 0.          0.00440527 -0.00010687  0.        ]
 [ 0.05614481  0.          0.         -0.06012599]]
22:21:56:INFO:RESULT:m_eq:
[  588.99999794   899.99999647 37100.00045977   549.9999715 ](39139.00042568088)
22:21:56:INFO:RESULT:x_vec:
[    0.0151278      0.00440527     0.05614481   588.99999794
   899.99999647 37100.00045977   549.9999715 ](39139.07610356722)
22:21:56:INFO:RESULT:time_scale:
[  8.01194869  51.98337372 568.0033675 ]
22:21:56:INFO:SAVE:message:saving bunch of data...
22:21:56:INFO:SAVE:message:saving optimizer data ...
