21:23:37:INFO:GENERAL:seed:1
21:23:37:INFO:GENERAL:rho:[0.1, 0.001, 0.1]
21:23:37:INFO:GENERAL:bounds_z:[(1e-06, 0.3), (1e-06, 0.3), (1e-06, 0.3), (588.999411, 589.000589), (1e-06, 1800), (1e-06, 74200), (1e-06, 1100)]
21:23:46:INFO:OPTIMIZER:x:
[    0.01295992     0.00239638     0.01509342   588.99969177
   582.95911054 37231.73823362   317.25980168]
21:23:46:INFO:OPTIMIZER:fun:0.003455047315257294
21:23:46:INFO:OPTIMIZER:nfev:48572
21:23:46:INFO:OPTIMIZER:nit:757
21:23:46:INFO:OPTIMIZER:message:Optimization terminated successfully.
21:23:46:INFO:OPTIMIZER:success:True
21:23:46:INFO:OPTIMIZER:constr:[array([0.])]
21:23:46:INFO:OPTIMIZER:constr_violation:0.0
21:23:46:INFO:OPTIMIZER:maxcv:0.0
21:23:46:INFO:RESULT:A:
[[-0.02805333  0.01309421  0.          0.02802125]
 [ 0.01295992 -0.01549058  0.00003752  0.        ]
 [ 0.          0.00239638 -0.00003752  0.        ]
 [ 0.01509342  0.          0.         -0.02802125]]
21:23:46:INFO:RESULT:m_eq:
[  588.99969177   582.95911054 37231.73823362   317.25980168](38720.956837601916)
21:23:46:INFO:RESULT:x_vec:
[    0.01295992     0.00239638     0.01509342   588.99969177
   582.95911054 37231.73823362   317.25980168](38720.98728731012)
21:23:46:INFO:RESULT:time_scale:
[  19.56054224   51.08565287 1105.71333562]
21:23:46:INFO:SAVE:message:saving bunch of data...
21:23:46:INFO:SAVE:message:saving optimizer data ...
