22:03:45:INFO:GENERAL:seed:1
22:03:45:INFO:GENERAL:rho:[0.01, 0.001, 0.01]
22:03:45:INFO:GENERAL:bounds_z:[(1e-06, 0.3), (1e-06, 0.3), (1e-06, 0.3), (588.999411, 589.000589), (1e-06, 1800), (1e-06, 74200), (1e-06, 1100)]
22:03:51:INFO:OPTIMIZER:x:
[    0.05702909     0.01090378     0.02748584   588.99960409
   289.18263349 37129.64505566   695.80275849]
22:03:51:INFO:OPTIMIZER:fun:0.0010192478344734986
22:03:51:INFO:OPTIMIZER:nfev:32376
22:03:51:INFO:OPTIMIZER:nit:504
22:03:51:INFO:OPTIMIZER:message:Optimization terminated successfully.
22:03:51:INFO:OPTIMIZER:success:True
22:03:51:INFO:OPTIMIZER:constr:[array([0.])]
22:03:51:INFO:OPTIMIZER:constr_violation:0.0
22:03:51:INFO:OPTIMIZER:maxcv:0.0
22:03:51:INFO:RESULT:A:
[[-0.08451493  0.11615536  0.          0.02326686]
 [ 0.05702909 -0.12705914  0.00008492  0.        ]
 [ 0.          0.01090378 -0.00008492  0.        ]
 [ 0.02748584  0.          0.         -0.02326686]]
22:03:51:INFO:RESULT:m_eq:
[  588.99960409   289.18263349 37129.64505566   695.80275849](38703.63005173398)
22:03:51:INFO:RESULT:x_vec:
[    0.05702909     0.01090378     0.02748584   588.99960409
   289.18263349 37129.64505566   695.80275849](38703.725470448844)
22:03:51:INFO:RESULT:time_scale:
[  5.22589236  23.99229144 528.84126225]
22:03:51:INFO:SAVE:message:saving bunch of data...
22:03:51:INFO:SAVE:message:saving optimizer data ...
