22:04:00:INFO:GENERAL:seed:1
22:04:00:INFO:GENERAL:rho:[0.0, 0.01, 0.01]
22:04:00:INFO:GENERAL:bounds_z:[(1e-06, 0.3), (1e-06, 0.3), (1e-06, 0.3), (588.999411, 589.000589), (1e-06, 1800), (1e-06, 74200), (1e-06, 1100)]
22:04:06:INFO:OPTIMIZER:x:
[    0.0257949      0.00348161     0.05893079   589.00054529
   959.19562208 37096.48700619   329.44393282]
22:04:06:INFO:OPTIMIZER:fun:0.0012278386062567254
22:04:06:INFO:OPTIMIZER:nfev:30099
22:04:06:INFO:OPTIMIZER:nit:470
22:04:06:INFO:OPTIMIZER:message:Optimization terminated successfully.
22:04:06:INFO:OPTIMIZER:success:True
22:04:06:INFO:OPTIMIZER:constr:[array([0.])]
22:04:06:INFO:OPTIMIZER:constr_violation:0.0
22:04:06:INFO:OPTIMIZER:maxcv:0.0
22:04:06:INFO:RESULT:A:
[[-0.08472569  0.01583953  0.          0.10536017]
 [ 0.0257949  -0.01932114  0.00009002  0.        ]
 [ 0.          0.00348161 -0.00009002  0.        ]
 [ 0.05893079  0.          0.         -0.10536017]]
22:04:06:INFO:RESULT:m_eq:
[  589.00054529   959.19562208 37096.48700619   329.44393282](38974.12710637674)
22:04:06:INFO:RESULT:x_vec:
[    0.0257949      0.00348161     0.05893079   589.00054529
   959.19562208 37096.48700619   329.44393282](38974.21531367729)
22:04:06:INFO:RESULT:time_scale:
[  5.69281215  31.17947018 566.7224263 ]
22:04:06:INFO:SAVE:message:saving bunch of data...
22:04:06:INFO:SAVE:message:saving optimizer data ...
