21:21:09:INFO:GENERAL:seed:1
21:21:09:INFO:GENERAL:rho:[0.0001, 0.01, 0.0]
21:21:09:INFO:GENERAL:bounds_z:[(1e-06, 0.3), (1e-06, 0.3), (1e-06, 0.3), (588.999411, 589.000589), (1e-06, 1800), (1e-06, 74200), (1e-06, 1100)]
21:21:12:INFO:OPTIMIZER:x:
[    0.00346595     0.08940252     0.03592221   589.00005066
   899.99987806 37100.0028478    549.99988813]
21:21:12:INFO:OPTIMIZER:fun:0.0009194772406301212
21:21:12:INFO:OPTIMIZER:nfev:12849
21:21:12:INFO:OPTIMIZER:nit:201
21:21:12:INFO:OPTIMIZER:message:Optimization terminated successfully.
21:21:12:INFO:OPTIMIZER:success:True
21:21:12:INFO:OPTIMIZER:constr:[array([0.])]
21:21:12:INFO:OPTIMIZER:constr_violation:0.0
21:21:12:INFO:OPTIMIZER:maxcv:0.0
21:21:12:INFO:RESULT:A:
[[-0.03938817  0.00226828  0.          0.03846944]
 [ 0.00346595 -0.0916708   0.00216879  0.        ]
 [ 0.          0.08940252 -0.00216879  0.        ]
 [ 0.03592221  0.          0.         -0.03846944]]
21:21:12:INFO:RESULT:m_eq:
[  589.00005066   899.99987806 37100.0028478    549.99988813](39139.00266465188)
21:21:12:INFO:RESULT:x_vec:
[    0.00346595     0.08940252     0.03592221   589.00005066
   899.99987806 37100.0028478    549.99988813](39139.13145534285)
21:21:12:INFO:RESULT:time_scale:
[ 10.63319753  13.17694578 567.54076295]
21:21:12:INFO:SAVE:message:saving bunch of data...
21:21:12:INFO:SAVE:message:saving optimizer data ...
