22:21:12:INFO:GENERAL:seed:1
22:21:12:INFO:GENERAL:rho:[0.01, 0.0001, 0.0001]
22:21:12:INFO:GENERAL:bounds_z:[(1e-06, 0.3), (1e-06, 0.3), (1e-06, 0.3), (588.999411, 589.000589), (1e-06, 1800), (1e-06, 74200), (1e-06, 1100)]
22:21:17:INFO:OPTIMIZER:x:
[    0.0208185      0.00255051     0.0613289    589.00015761
  1078.12428569 37211.41043356   386.50365517]
22:21:17:INFO:OPTIMIZER:fun:0.0007038961537065749
22:21:17:INFO:OPTIMIZER:nfev:21106
22:21:17:INFO:OPTIMIZER:nit:325
22:21:17:INFO:OPTIMIZER:message:Optimization terminated successfully.
22:21:17:INFO:OPTIMIZER:success:True
22:21:17:INFO:OPTIMIZER:constr:[array([0.])]
22:21:17:INFO:OPTIMIZER:constr_violation:0.0
22:21:17:INFO:OPTIMIZER:maxcv:0.0
22:21:17:INFO:RESULT:A:
[[-0.08214741  0.01137355  0.          0.09346026]
 [ 0.0208185  -0.01392406  0.0000739   0.        ]
 [ 0.          0.00255051 -0.0000739   0.        ]
 [ 0.0613289   0.          0.         -0.09346026]]
22:21:17:INFO:RESULT:m_eq:
[  589.00015761  1078.12428569 37211.41043356   386.50365517](39265.03853202376)
22:21:17:INFO:RESULT:x_vec:
[    0.0208185      0.00255051     0.0613289    589.00015761
  1078.12428569 37211.41043356   386.50365517](39265.12322993668)
22:21:17:INFO:RESULT:time_scale:
[  6.08067065  41.9939441  747.87476645]
22:21:17:INFO:SAVE:message:saving bunch of data...
22:21:17:INFO:SAVE:message:saving optimizer data ...
