22:22:37:INFO:GENERAL:seed:1
22:22:37:INFO:GENERAL:rho:[0.0, 0.0001, 0.01]
22:22:37:INFO:GENERAL:bounds_z:[(1e-06, 0.3), (1e-06, 0.3), (588.999411, 589.000589), (1e-06, 1800), (1e-06, 74200)]
22:22:40:INFO:OPTIMIZER:x:
[   0.0807803     0.01247317  589.00021188  714.49046071 1272.61972721]
22:22:40:INFO:OPTIMIZER:fun:0.00030670575772111567
22:22:40:INFO:OPTIMIZER:nfev:11764
22:22:40:INFO:OPTIMIZER:nit:183
22:22:40:INFO:OPTIMIZER:message:Optimization terminated successfully.
22:22:40:INFO:OPTIMIZER:success:True
22:22:40:INFO:OPTIMIZER:constr:[array([0.])]
22:22:40:INFO:OPTIMIZER:constr_violation:0.0
22:22:40:INFO:OPTIMIZER:maxcv:0.0
22:22:40:INFO:RESULT:A:
[[-0.0807803   0.06659237  0.        ]
 [ 0.0807803  -0.07906555  0.00700285]
 [ 0.          0.01247317 -0.00700285]]
22:22:40:INFO:RESULT:m_eq:
[ 589.00021188  714.49046071 1272.61972721](2576.1103997941163)
22:22:40:INFO:RESULT:x_vec:
[   0.0807803     0.01247317  589.00021188  714.49046071 1272.61972721](2576.203653270682)
22:22:40:INFO:RESULT:time_scale:
[ 6.51181111 75.29218745]
22:22:40:INFO:SAVE:message:saving bunch of data...
22:22:40:INFO:SAVE:message:saving optimizer data ...
