21:21:22:INFO:GENERAL:seed:1
21:21:22:INFO:GENERAL:rho:[0.1, 0.01, 0.0001]
21:21:22:INFO:GENERAL:bounds_z:[(1e-06, 0.3), (1e-06, 0.3), (588.999411, 589.000589), (1e-06, 1800), (1e-06, 74200)]
21:21:23:INFO:OPTIMIZER:x:
[    0.02583829     0.00107997   589.00024106   900.00021021
 37100.00145841]
21:21:23:INFO:OPTIMIZER:fun:0.003292894747454354
21:21:23:INFO:OPTIMIZER:nfev:8633
21:21:23:INFO:OPTIMIZER:nit:136
21:21:23:INFO:OPTIMIZER:message:Optimization terminated successfully.
21:21:23:INFO:OPTIMIZER:success:True
21:21:23:INFO:OPTIMIZER:constr:[array([0.])]
21:21:23:INFO:OPTIMIZER:constr_violation:0.0
21:21:23:INFO:OPTIMIZER:maxcv:0.0
21:21:23:INFO:RESULT:A:
[[-0.02583829  0.01690973  0.        ]
 [ 0.02583829 -0.0179897   0.0000262 ]
 [ 0.          0.00107997 -0.0000262 ]]
21:21:23:INFO:RESULT:m_eq:
[  589.00024106   900.00021021 37100.00145841](38589.00190967767)
21:21:23:INFO:RESULT:x_vec:
[    0.02583829     0.00107997   589.00024106   900.00021021
 37100.00145841](38589.02882794373)
21:21:23:INFO:RESULT:time_scale:
[  23.15777001 1487.77463283]
21:21:23:INFO:SAVE:message:saving bunch of data...
21:21:23:INFO:SAVE:message:saving optimizer data ...
