22:02:27:INFO:GENERAL:seed:1
22:02:27:INFO:GENERAL:rho:[0.001, 0.01, 0.0]
22:02:27:INFO:GENERAL:bounds_z:[(1e-06, 0.3), (1e-06, 0.3), (1e-06, 0.3), (588.999411, 589.000589), (1e-06, 1800), (1e-06, 74200), (1e-06, 1100)]
22:02:30:INFO:OPTIMIZER:x:
[    0.01478494     0.00465866     0.059675     589.00007531
   900.00009238 37099.99866932   549.99994856]
22:02:30:INFO:OPTIMIZER:fun:0.000513893819369595
22:02:30:INFO:OPTIMIZER:nfev:15267
22:02:30:INFO:OPTIMIZER:nit:235
22:02:30:INFO:OPTIMIZER:message:Optimization terminated successfully.
22:02:30:INFO:OPTIMIZER:success:True
22:02:30:INFO:OPTIMIZER:constr:[array([0.])]
22:02:30:INFO:OPTIMIZER:constr_violation:0.0
22:02:30:INFO:OPTIMIZER:maxcv:0.0
22:02:30:INFO:RESULT:A:
[[-0.07445994  0.00967592  0.          0.06390651]
 [ 0.01478494 -0.01433458  0.00011301  0.        ]
 [ 0.          0.00465866 -0.00011301  0.        ]
 [ 0.059675    0.          0.         -0.06390651]]
22:02:30:INFO:RESULT:m_eq:
[  589.00007531   900.00009238 37099.99866932   549.99994856](39138.99878556505)
22:02:30:INFO:RESULT:x_vec:
[    0.01478494     0.00465866     0.059675     589.00007531
   900.00009238 37099.99866932   549.99994856](39139.077904160265)
22:02:30:INFO:RESULT:time_scale:
[  7.58573435  52.224781   543.58129853]
22:02:30:INFO:SAVE:message:saving bunch of data...
22:02:30:INFO:SAVE:message:saving optimizer data ...
