22:17:01:INFO:GENERAL:seed:1
22:17:01:INFO:GENERAL:rho:[0.0, 0.0, 0.1]
22:17:01:INFO:GENERAL:bounds_z:[(1e-06, 0.3), (1e-06, 0.3), (1e-06, 0.3), (588.999411, 589.000589), (1e-06, 1800), (1e-06, 74200), (1e-06, 1100)]
22:17:18:INFO:OPTIMIZER:x:
[  0.01650291   0.00555025   0.04589757 588.99965007 608.45001133
 546.08039919 193.83221323]
22:17:18:INFO:OPTIMIZER:fun:0.00012037888885659128
22:17:18:INFO:OPTIMIZER:nfev:88022
22:17:18:INFO:OPTIMIZER:nit:1361
22:17:18:INFO:OPTIMIZER:message:Optimization terminated successfully.
22:17:18:INFO:OPTIMIZER:success:True
22:17:18:INFO:OPTIMIZER:constr:[array([0.])]
22:17:18:INFO:OPTIMIZER:constr_violation:0.0
22:17:18:INFO:OPTIMIZER:maxcv:0.0
22:17:18:INFO:RESULT:A:
[[-0.06240048  0.01597536  0.          0.13946935]
 [ 0.01650291 -0.02152561  0.00618416  0.        ]
 [ 0.          0.00555025 -0.00618416  0.        ]
 [ 0.04589757  0.          0.         -0.13946935]]
22:17:18:INFO:RESULT:m_eq:
[588.99965007 608.45001133 546.08039919 193.83221323](1937.3622738158995)
22:17:18:INFO:RESULT:x_vec:
[  0.01650291   0.00555025   0.04589757 588.99965007 608.45001133
 546.08039919 193.83221323](1937.4302245426188)
22:17:18:INFO:RESULT:time_scale:
[  5.25803936  31.3167974  133.99636293]
22:17:18:INFO:SAVE:message:saving bunch of data...
22:17:18:INFO:SAVE:message:saving optimizer data ...
