21:14:08:INFO:GENERAL:seed:1
21:14:08:INFO:GENERAL:rho:[0.0001, 0.0, 0.01]
21:14:08:INFO:GENERAL:bounds_z:[(1e-06, 0.3), (1e-06, 0.3), (588.999411, 589.000589), (1e-06, 1800), (1e-06, 74200)]
21:14:11:INFO:OPTIMIZER:x:
[   0.08076126    0.01247039  588.99992331  714.57411461 1272.6162138 ]
21:14:11:INFO:OPTIMIZER:fun:0.00027935194436344514
21:14:11:INFO:OPTIMIZER:nfev:13633
21:14:11:INFO:OPTIMIZER:nit:211
21:14:11:INFO:OPTIMIZER:message:Optimization terminated successfully.
21:14:11:INFO:OPTIMIZER:success:True
21:14:11:INFO:OPTIMIZER:constr:[array([0.])]
21:14:11:INFO:OPTIMIZER:constr_violation:0.0
21:14:11:INFO:OPTIMIZER:maxcv:0.0
21:14:11:INFO:RESULT:A:
[[-0.08076126  0.06656885  0.        ]
 [ 0.08076126 -0.07903923  0.00700212]
 [ 0.          0.01247039 -0.00700212]]
21:14:11:INFO:RESULT:m_eq:
[ 588.99992331  714.57411461 1272.6162138 ](2576.190251724438)
21:14:11:INFO:RESULT:x_vec:
[   0.08076126    0.01247039  588.99992331  714.57411461 1272.6162138 ](2576.2834833689176)
21:14:11:INFO:RESULT:time_scale:
[ 6.51368851 75.30252155]
21:14:11:INFO:SAVE:message:saving bunch of data...
21:14:11:INFO:SAVE:message:saving optimizer data ...
