22:08:33:INFO:GENERAL:seed:1
22:08:33:INFO:GENERAL:rho:[0.001, 0.0001, 0.01]
22:08:33:INFO:GENERAL:bounds_z:[(1e-06, 0.3), (1e-06, 0.3), (1e-06, 0.3), (588.999411, 589.000589), (1e-06, 1800), (1e-06, 74200), (1e-06, 1100)]
22:08:40:INFO:OPTIMIZER:x:
[    0.01607384     0.00236563     0.04693784   589.00028785
   693.55944439 36758.59698944   191.7468297 ]
22:08:40:INFO:OPTIMIZER:fun:0.0002220685748479787
22:08:40:INFO:OPTIMIZER:nfev:35480
22:08:40:INFO:OPTIMIZER:nit:552
22:08:40:INFO:OPTIMIZER:message:Optimization terminated successfully.
22:08:40:INFO:OPTIMIZER:success:True
22:08:40:INFO:OPTIMIZER:constr:[array([0.])]
22:08:40:INFO:OPTIMIZER:constr_violation:0.0
22:08:40:INFO:OPTIMIZER:maxcv:0.0
22:08:40:INFO:RESULT:A:
[[-0.06301168  0.01365059  0.          0.1441818 ]
 [ 0.01607384 -0.01601622  0.00004463  0.        ]
 [ 0.          0.00236563 -0.00004463  0.        ]
 [ 0.04693784  0.          0.         -0.1441818 ]]
22:08:40:INFO:RESULT:m_eq:
[  589.00028785   693.55944439 36758.59698944   191.7468297 ](38232.90355137803)
22:08:40:INFO:RESULT:x_vec:
[    0.01607384     0.00236563     0.04693784   589.00028785
   693.55944439 36758.59698944   191.7468297 ](38232.96892868698)
22:08:40:INFO:RESULT:time_scale:
[  5.1106271   37.75977285 908.74448808]
22:08:40:INFO:SAVE:message:saving bunch of data...
22:08:40:INFO:SAVE:message:saving optimizer data ...
