22:02:37:INFO:GENERAL:seed:1
22:02:37:INFO:GENERAL:rho:[0.1, 0.1, 0.0]
22:02:37:INFO:GENERAL:bounds_z:[(1e-06, 0.3), (1e-06, 0.3), (588.999411, 589.000589), (1e-06, 1800), (1e-06, 74200)]
22:02:38:INFO:OPTIMIZER:x:
[    0.05571486     0.00475531   588.99997043   900.0000143
 37099.99922326]
22:02:38:INFO:OPTIMIZER:fun:0.004450755347416926
22:02:38:INFO:OPTIMIZER:nfev:8539
22:02:38:INFO:OPTIMIZER:nit:131
22:02:38:INFO:OPTIMIZER:message:Optimization terminated successfully.
22:02:38:INFO:OPTIMIZER:success:True
22:02:38:INFO:OPTIMIZER:constr:[array([0.])]
22:02:38:INFO:OPTIMIZER:constr_violation:0.0
22:02:38:INFO:OPTIMIZER:maxcv:0.0
22:02:38:INFO:RESULT:A:
[[-0.05571486  0.03646228  0.        ]
 [ 0.05571486 -0.04121759  0.00011536]
 [ 0.          0.00475531 -0.00011536]]
22:02:38:INFO:RESULT:m_eq:
[  588.99997043   900.0000143  37099.99922326](38588.99920799402)
22:02:38:INFO:RESULT:x_vec:
[    0.05571486     0.00475531   588.99997043   900.0000143
 37099.99922326](38589.059678160964)
22:02:38:INFO:RESULT:time_scale:
[ 10.62474709 341.54020952]
22:02:38:INFO:SAVE:message:saving bunch of data...
22:02:38:INFO:SAVE:message:saving optimizer data ...
