22:18:37:INFO:GENERAL:seed:1
22:18:37:INFO:GENERAL:rho:[0.1, 0.001, 0.1]
22:18:37:INFO:GENERAL:bounds_z:[(1e-06, 0.3), (1e-06, 0.3), (588.999411, 589.000589), (1e-06, 1800), (1e-06, 74200)]
22:18:38:INFO:OPTIMIZER:x:
[    0.02914794     0.0021411    589.00054785   779.22944763
 37130.58480033]
22:18:38:INFO:OPTIMIZER:fun:0.003222129474032972
22:18:38:INFO:OPTIMIZER:nfev:7599
22:18:38:INFO:OPTIMIZER:nit:118
22:18:38:INFO:OPTIMIZER:message:Optimization terminated successfully.
22:18:38:INFO:OPTIMIZER:success:True
22:18:38:INFO:OPTIMIZER:constr:[array([0.])]
22:18:38:INFO:OPTIMIZER:constr_violation:0.0
22:18:38:INFO:OPTIMIZER:maxcv:0.0
22:18:38:INFO:RESULT:A:
[[-0.02914794  0.02203222  0.        ]
 [ 0.02914794 -0.02417332  0.00004493]
 [ 0.          0.0021411  -0.00004493]]
22:18:38:INFO:RESULT:m_eq:
[  589.00054785   779.22944763 37130.58480033](38498.814795813036)
22:18:38:INFO:RESULT:x_vec:
[    0.02914794     0.0021411    589.00054785   779.22944763
 37130.58480033](38498.84608485108)
22:18:38:INFO:RESULT:time_scale:
[ 19.18473365 805.5350608 ]
22:18:38:INFO:SAVE:message:saving bunch of data...
22:18:38:INFO:SAVE:message:saving optimizer data ...
