22:18:38:INFO:GENERAL:seed:1
22:18:38:INFO:GENERAL:rho:[0.0, 0.01, 0.1]
22:18:38:INFO:GENERAL:bounds_z:[(1e-06, 0.3), (1e-06, 0.3), (1e-06, 0.3), (588.999411, 589.000589), (1e-06, 1800), (1e-06, 74200), (1e-06, 1100)]
22:18:48:INFO:OPTIMIZER:x:
[    0.01599864     0.00219455     0.04717015   589.00052405
   707.33935674 37095.50260973   191.26591281]
22:18:48:INFO:OPTIMIZER:fun:0.0018701828092695487
22:18:48:INFO:OPTIMIZER:nfev:47052
22:18:48:INFO:OPTIMIZER:nit:736
22:18:48:INFO:OPTIMIZER:message:Optimization terminated successfully.
22:18:48:INFO:OPTIMIZER:success:True
22:18:48:INFO:OPTIMIZER:constr:[array([0.])]
22:18:48:INFO:OPTIMIZER:constr_violation:0.0
22:18:48:INFO:OPTIMIZER:maxcv:0.0
22:18:48:INFO:RESULT:A:
[[-0.06316878  0.01332204  0.          0.14525977]
 [ 0.01599864 -0.01551659  0.00004185  0.        ]
 [ 0.          0.00219455 -0.00004185  0.        ]
 [ 0.04717015  0.          0.         -0.14525977]]
22:18:48:INFO:RESULT:m_eq:
[  589.00052405   707.33935674 37095.50260973   191.26591281](38583.10840332142)
22:18:48:INFO:RESULT:x_vec:
[    0.01599864     0.00219455     0.04717015   589.00052405
   707.33935674 37095.50260973   191.26591281](38583.17376665308)
22:18:48:INFO:RESULT:time_scale:
[  5.07778476  38.43883987 965.84246885]
22:18:48:INFO:SAVE:message:saving bunch of data...
22:18:48:INFO:SAVE:message:saving optimizer data ...
