22:03:11:INFO:GENERAL:seed:1
22:03:11:INFO:GENERAL:rho:[0.0001, 0.1, 0.0001]
22:03:11:INFO:GENERAL:bounds_z:[(1e-06, 0.3), (1e-06, 0.3), (588.999411, 589.000589), (1e-06, 1800), (1e-06, 74200)]
22:03:13:INFO:OPTIMIZER:x:
[    0.07113415     0.0045793    588.99999438   900.00000337
 37099.99998542]
22:03:13:INFO:OPTIMIZER:fun:0.0007992718728349362
22:03:13:INFO:OPTIMIZER:nfev:10098
22:03:13:INFO:OPTIMIZER:nit:158
22:03:13:INFO:OPTIMIZER:message:Optimization terminated successfully.
22:03:13:INFO:OPTIMIZER:success:True
22:03:13:INFO:OPTIMIZER:constr:[array([0.])]
22:03:13:INFO:OPTIMIZER:constr_violation:0.0
22:03:13:INFO:OPTIMIZER:maxcv:0.0
22:03:13:INFO:RESULT:A:
[[-0.07113415  0.04655335  0.        ]
 [ 0.07113415 -0.05113265  0.00011109]
 [ 0.          0.0045793  -0.00011109]]
22:03:13:INFO:RESULT:m_eq:
[  588.99999438   900.00000337 37099.99998542](38588.99998317317)
22:03:13:INFO:RESULT:x_vec:
[    0.07113415     0.0045793    588.99999438   900.00000337
 37099.99998542](38589.07569662301)
22:03:13:INFO:RESULT:time_scale:
[  8.36514708 352.8253326 ]
22:03:13:INFO:SAVE:message:saving bunch of data...
22:03:13:INFO:SAVE:message:saving optimizer data ...
