21:14:03:INFO:GENERAL:seed:1
21:14:03:INFO:GENERAL:rho:[0.0, 0.01, 0.01]
21:14:03:INFO:GENERAL:bounds_z:[(1e-06, 0.3), (1e-06, 0.3), (588.999411, 589.000589), (1e-06, 1800), (1e-06, 74200)]
21:14:05:INFO:OPTIMIZER:x:
[    0.07115414     0.00457883   588.99996811   900.00005346
 37100.00315046]
21:14:05:INFO:OPTIMIZER:fun:0.0007951919856959797
21:14:05:INFO:OPTIMIZER:nfev:10139
21:14:05:INFO:OPTIMIZER:nit:157
21:14:05:INFO:OPTIMIZER:message:Optimization terminated successfully.
21:14:05:INFO:OPTIMIZER:success:True
21:14:05:INFO:OPTIMIZER:constr:[array([0.])]
21:14:05:INFO:OPTIMIZER:constr_violation:0.0
21:14:05:INFO:OPTIMIZER:maxcv:0.0
21:14:05:INFO:RESULT:A:
[[-0.07115414  0.04656643  0.        ]
 [ 0.07115414 -0.05114526  0.00011108]
 [ 0.          0.00457883 -0.00011108]]
21:14:05:INFO:RESULT:m_eq:
[  588.99996811   900.00005346 37100.00315046](38589.00317202952)
21:14:05:INFO:RESULT:x_vec:
[    0.07115414     0.00457883   588.99996811   900.00005346
 37100.00315046](38589.07890500211)
21:14:05:INFO:RESULT:time_scale:
[  8.3628483  352.85913118]
21:14:05:INFO:SAVE:message:saving bunch of data...
21:14:05:INFO:SAVE:message:saving optimizer data ...
