21:22:59:INFO:GENERAL:seed:1
21:22:59:INFO:GENERAL:rho:[0.0001, 0.001, 0.1]
21:22:59:INFO:GENERAL:bounds_z:[(1e-06, 0.3), (1e-06, 0.3), (1e-06, 0.3), (588.999411, 589.000589), (1e-06, 1800), (1e-06, 74200), (1e-06, 1100)]
21:23:10:INFO:OPTIMIZER:x:
[    0.01606813     0.00234445     0.04731943   589.00057156
   695.35959337 37064.55196425   191.53915088]
21:23:10:INFO:OPTIMIZER:fun:0.00032699744435117346
21:23:10:INFO:OPTIMIZER:nfev:54199
21:23:10:INFO:OPTIMIZER:nit:843
21:23:10:INFO:OPTIMIZER:message:Optimization terminated successfully.
21:23:10:INFO:OPTIMIZER:success:True
21:23:10:INFO:OPTIMIZER:constr:[array([0.])]
21:23:10:INFO:OPTIMIZER:constr_violation:0.0
21:23:10:INFO:OPTIMIZER:maxcv:0.0
21:23:10:INFO:RESULT:A:
[[-0.06338756  0.01361043  0.          0.1455116 ]
 [ 0.01606813 -0.01595488  0.00004398  0.        ]
 [ 0.          0.00234445 -0.00004398  0.        ]
 [ 0.04731943  0.          0.         -0.1455116 ]]
21:23:10:INFO:RESULT:m_eq:
[  589.00057156   695.35959337 37064.55196425   191.53915088](38540.45128005692)
21:23:10:INFO:RESULT:x_vec:
[    0.01606813     0.00234445     0.04731943   589.00057156
   695.35959337 37064.55196425   191.53915088](38540.51701206769)
21:23:10:INFO:RESULT:time_scale:
[  5.06663648  37.82718584 915.40633157]
21:23:10:INFO:SAVE:message:saving bunch of data...
21:23:10:INFO:SAVE:message:saving optimizer data ...
