22:03:36:INFO:GENERAL:seed:1
22:03:36:INFO:GENERAL:rho:[0.1, 0.001, 0.001]
22:03:36:INFO:GENERAL:bounds_z:[(1e-06, 0.3), (1e-06, 0.3), (1e-06, 0.3), (588.999411, 589.000589), (1e-06, 1800), (1e-06, 74200), (1e-06, 1100)]
22:03:40:INFO:OPTIMIZER:x:
[    0.02104102     0.00298739     0.02437413   589.00025807
   858.53473615 37145.69967108   509.52527479]
22:03:40:INFO:OPTIMIZER:fun:0.003921236485613061
22:03:40:INFO:OPTIMIZER:nfev:18399
22:03:40:INFO:OPTIMIZER:nit:287
22:03:40:INFO:OPTIMIZER:message:Optimization terminated successfully.
22:03:40:INFO:OPTIMIZER:success:True
22:03:40:INFO:OPTIMIZER:constr:[array([0.])]
22:03:40:INFO:OPTIMIZER:constr_violation:0.0
22:03:40:INFO:OPTIMIZER:maxcv:0.0
22:03:40:INFO:RESULT:A:
[[-0.04541516  0.01443526  0.          0.02817598]
 [ 0.02104102 -0.01742265  0.00006905  0.        ]
 [ 0.          0.00298739 -0.00006905  0.        ]
 [ 0.02437413  0.          0.         -0.02817598]]
22:03:40:INFO:RESULT:m_eq:
[  589.00025807   858.53473615 37145.69967108   509.52527479](39102.75994008969)
22:03:40:INFO:RESULT:x_vec:
[    0.02104102     0.00298739     0.02437413   589.00025807
   858.53473615 37145.69967108   509.52527479](39102.80834264048)
22:03:40:INFO:RESULT:time_scale:
[ 14.61333877  46.7776239  784.64920418]
22:03:40:INFO:SAVE:message:saving bunch of data...
22:03:40:INFO:SAVE:message:saving optimizer data ...
