22:16:59:INFO:GENERAL:seed:1
22:16:59:INFO:GENERAL:rho:[0.1, 0.1, 0.01]
22:16:59:INFO:GENERAL:bounds_z:[(1e-06, 0.3), (1e-06, 0.3), (588.999411, 589.000589), (1e-06, 1800), (1e-06, 74200)]
22:17:01:INFO:OPTIMIZER:x:
[    0.0258411      0.00107983   588.9999955    899.99995756
 37100.00002634]
22:17:01:INFO:OPTIMIZER:fun:0.0032928947552702563
22:17:01:INFO:OPTIMIZER:nfev:9142
22:17:01:INFO:OPTIMIZER:nit:142
22:17:01:INFO:OPTIMIZER:message:Optimization terminated successfully.
22:17:01:INFO:OPTIMIZER:success:True
22:17:01:INFO:OPTIMIZER:constr:[array([0.])]
22:17:01:INFO:OPTIMIZER:constr_violation:0.0
22:17:01:INFO:OPTIMIZER:maxcv:0.0
22:17:01:INFO:RESULT:A:
[[-0.0258411   0.01691156  0.        ]
 [ 0.0258411  -0.01799139  0.0000262 ]
 [ 0.          0.00107983 -0.0000262 ]]
22:17:01:INFO:RESULT:m_eq:
[  588.9999955    899.99995756 37100.00002634](38588.99997940919)
22:17:01:INFO:RESULT:x_vec:
[    0.0258411      0.00107983   588.9999955    899.99995756
 37100.00002634](38589.0269003334)
22:17:01:INFO:RESULT:time_scale:
[  23.15531518 1487.9735233 ]
22:17:01:INFO:SAVE:message:saving bunch of data...
22:17:01:INFO:SAVE:message:saving optimizer data ...
