22:08:18:INFO:GENERAL:seed:1
22:08:18:INFO:GENERAL:rho:[0.1, 0.001, 0.01]
22:08:18:INFO:GENERAL:bounds_z:[(1e-06, 0.3), (1e-06, 0.3), (588.999411, 589.000589), (1e-06, 1800), (1e-06, 74200)]
22:08:19:INFO:OPTIMIZER:x:
[    0.02915193     0.00214177   589.00050275   779.22696844
 37134.19059387]
22:08:19:INFO:OPTIMIZER:fun:0.0032221297002502608
22:08:19:INFO:OPTIMIZER:nfev:8140
22:08:19:INFO:OPTIMIZER:nit:127
22:08:19:INFO:OPTIMIZER:message:Optimization terminated successfully.
22:08:19:INFO:OPTIMIZER:success:True
22:08:19:INFO:OPTIMIZER:constr:[array([0.])]
22:08:19:INFO:OPTIMIZER:constr_violation:0.0
22:08:19:INFO:OPTIMIZER:maxcv:0.0
22:08:19:INFO:RESULT:A:
[[-0.02915193  0.0220353   0.        ]
 [ 0.02915193 -0.02417707  0.00004494]
 [ 0.          0.00214177 -0.00004494]]
22:08:19:INFO:RESULT:m_eq:
[  589.00050275   779.22696844 37134.19059387](38502.41806506399)
22:08:19:INFO:RESULT:x_vec:
[    0.02915193     0.00214177   589.00050275   779.22696844
 37134.19059387](38502.449358763566)
22:08:19:INFO:RESULT:time_scale:
[ 19.18202193 805.28693372]
22:08:19:INFO:SAVE:message:saving bunch of data...
22:08:19:INFO:SAVE:message:saving optimizer data ...
