22:04:37:INFO:GENERAL:seed:1
22:04:37:INFO:GENERAL:rho:[0.0001, 0.0001, 0.1]
22:04:37:INFO:GENERAL:bounds_z:[(1e-06, 0.3), (1e-06, 0.3), (1e-06, 0.3), (588.999411, 589.000589), (1e-06, 1800), (1e-06, 74200), (1e-06, 1100)]
22:04:50:INFO:OPTIMIZER:x:
[    0.06489677     0.01106746     0.02730186   588.99974811
   278.17246241 35961.32625867   708.5542195 ]
22:04:50:INFO:OPTIMIZER:fun:0.00023589871737465535
22:04:50:INFO:OPTIMIZER:nfev:69989
22:04:50:INFO:OPTIMIZER:nit:1092
22:04:50:INFO:OPTIMIZER:message:Optimization terminated successfully.
22:04:50:INFO:OPTIMIZER:success:True
22:04:50:INFO:OPTIMIZER:constr:[array([0.])]
22:04:50:INFO:OPTIMIZER:constr_violation:0.0
22:04:50:INFO:OPTIMIZER:maxcv:0.0
22:04:50:INFO:RESULT:A:
[[-0.09219863  0.13741181  0.          0.02269522]
 [ 0.06489677 -0.14847926  0.00008561  0.        ]
 [ 0.          0.01106746 -0.00008561  0.        ]
 [ 0.02730186  0.          0.         -0.02269522]]
22:04:50:INFO:RESULT:m_eq:
[  588.99974811   278.17246241 35961.32625867   708.5542195 ](37537.0526886913)
22:04:50:INFO:RESULT:x_vec:
[    0.06489677     0.01106746     0.02730186   588.99974811
   278.17246241 35961.32625867   708.5542195 ](37537.15595477946)
22:04:50:INFO:RESULT:time_scale:
[  4.54521614  24.04564273 537.74874985]
22:04:50:INFO:SAVE:message:saving bunch of data...
22:04:50:INFO:SAVE:message:saving optimizer data ...
