22:17:23:INFO:GENERAL:seed:1
22:17:23:INFO:GENERAL:rho:[0.001, 0.01, 0.01]
22:17:23:INFO:GENERAL:bounds_z:[(1e-06, 0.3), (1e-06, 0.3), (1e-06, 0.3), (588.999411, 589.000589), (1e-06, 1800), (1e-06, 74200), (1e-06, 1100)]
22:17:29:INFO:OPTIMIZER:x:
[    0.04875186     0.00979701     0.01690302   589.00027391
   167.68410358 37128.19918169   502.59678949]
22:17:29:INFO:OPTIMIZER:fun:0.002352002703489733
22:17:29:INFO:OPTIMIZER:nfev:30880
22:17:29:INFO:OPTIMIZER:nit:481
22:17:29:INFO:OPTIMIZER:message:Optimization terminated successfully.
22:17:29:INFO:OPTIMIZER:success:True
22:17:29:INFO:OPTIMIZER:constr:[array([0.])]
22:17:29:INFO:OPTIMIZER:constr_violation:0.0
22:17:29:INFO:OPTIMIZER:maxcv:0.0
22:17:29:INFO:RESULT:A:
[[-0.06565488  0.17124379  0.          0.01980889]
 [ 0.04875186 -0.1810408   0.00004425  0.        ]
 [ 0.          0.00979701 -0.00004425  0.        ]
 [ 0.01690302  0.          0.         -0.01980889]]
22:17:29:INFO:RESULT:m_eq:
[  589.00027391   167.68410358 37128.19918169   502.59678949](38387.48034867308)
22:17:29:INFO:RESULT:x_vec:
[    0.04875186     0.00979701     0.01690302   589.00027391
   167.68410358 37128.19918169   502.59678949](38387.55580056716)
22:17:29:INFO:RESULT:time_scale:
[  4.31444872  29.84179921 793.99737714]
22:17:29:INFO:SAVE:message:saving bunch of data...
22:17:29:INFO:SAVE:message:saving optimizer data ...
