22:16:31:INFO:GENERAL:seed:1
22:16:31:INFO:GENERAL:rho:[0.001, 0.0, 0.01]
22:16:31:INFO:GENERAL:bounds_z:[(1e-06, 0.3), (1e-06, 0.3), (1e-06, 0.3), (588.999411, 589.000589), (1e-06, 1800), (1e-06, 74200), (1e-06, 1100)]
22:16:43:INFO:OPTIMIZER:x:
[  0.01649303   0.00547279   0.04558481 588.99949919 609.6491606
 550.6142366  193.97324328]
22:16:43:INFO:OPTIMIZER:fun:0.00017756884793135262
22:16:43:INFO:OPTIMIZER:nfev:59677
22:16:43:INFO:OPTIMIZER:nit:925
22:16:43:INFO:OPTIMIZER:message:Optimization terminated successfully.
22:16:43:INFO:OPTIMIZER:success:True
22:16:43:INFO:OPTIMIZER:constr:[array([0.])]
22:16:43:INFO:OPTIMIZER:constr_violation:0.0
22:16:43:INFO:OPTIMIZER:maxcv:0.0
22:16:43:INFO:RESULT:A:
[[-0.06207784  0.01593439  0.          0.13841822]
 [ 0.01649303 -0.02140718  0.00605957  0.        ]
 [ 0.          0.00547279 -0.00605957  0.        ]
 [ 0.04558481  0.          0.         -0.13841822]]
22:16:43:INFO:RESULT:m_eq:
[588.99949919 609.6491606  550.6142366  193.97324328](1943.236139659958)
22:16:43:INFO:RESULT:x_vec:
[  0.01649303   0.00547279   0.04558481 588.99949919 609.6491606
 550.6142366  193.97324328](1943.3036902941606)
22:16:43:INFO:RESULT:time_scale:
[  5.29589848  31.45412628 136.14503025]
22:16:43:INFO:SAVE:message:saving bunch of data...
22:16:43:INFO:SAVE:message:saving optimizer data ...
