22:22:19:INFO:GENERAL:seed:1
22:22:19:INFO:GENERAL:rho:[0.1, 0.01, 0.01]
22:22:19:INFO:GENERAL:bounds_z:[(1e-06, 0.3), (1e-06, 0.3), (1e-06, 0.3), (588.999411, 589.000589), (1e-06, 1800), (1e-06, 74200), (1e-06, 1100)]
22:22:24:INFO:OPTIMIZER:x:
[    0.02023819     0.00216672     0.02281571   589.00058294
   900.00035773 37100.01617663   549.99988333]
22:22:24:INFO:OPTIMIZER:fun:0.003937661187867965
22:22:24:INFO:OPTIMIZER:nfev:20902
22:22:24:INFO:OPTIMIZER:nit:324
22:22:24:INFO:OPTIMIZER:message:Optimization terminated successfully.
22:22:24:INFO:OPTIMIZER:success:True
22:22:24:INFO:OPTIMIZER:constr:[array([0.])]
22:22:24:INFO:OPTIMIZER:constr_violation:0.0
22:22:24:INFO:OPTIMIZER:maxcv:0.0
22:22:24:INFO:RESULT:A:
[[-0.0430539   0.01324478  0.          0.02443358]
 [ 0.02023819 -0.0154115   0.00005256  0.        ]
 [ 0.          0.00216672 -0.00005256  0.        ]
 [ 0.02281571  0.          0.         -0.02443358]]
22:22:24:INFO:RESULT:m_eq:
[  589.00058294   900.00035773 37100.01617663   549.99988333](39139.017000623644)
22:22:24:INFO:RESULT:x_vec:
[    0.02023819     0.00216672     0.02281571   589.00058294
   900.00035773 37100.01617663   549.99988333](39139.06222124408)
22:22:24:INFO:RESULT:time_scale:
[  15.84914433   52.88413221 1055.5315941 ]
22:22:24:INFO:SAVE:message:saving bunch of data...
22:22:24:INFO:SAVE:message:saving optimizer data ...
